[2023-06-17T05:50:56.371+0000] {processor.py:157} INFO - Started process (PID=44) to work on /opt/airflow/dags/d2b_demo.py
[2023-06-17T05:50:56.372+0000] {processor.py:826} INFO - Processing file /opt/airflow/dags/d2b_demo.py for tasks to queue
[2023-06-17T05:50:56.373+0000] {logging_mixin.py:149} INFO - [2023-06-17T05:50:56.373+0000] {dagbag.py:541} INFO - Filling up the DagBag from /opt/airflow/dags/d2b_demo.py
[2023-06-17T05:50:58.191+0000] {processor.py:836} INFO - DAG(s) dict_keys(['data2bots_demo']) retrieved from /opt/airflow/dags/d2b_demo.py
[2023-06-17T05:50:58.905+0000] {logging_mixin.py:149} INFO - [2023-06-17T05:50:58.905+0000] {dag.py:2726} INFO - Sync 1 DAGs
[2023-06-17T05:50:59.031+0000] {logging_mixin.py:149} INFO - [2023-06-17T05:50:59.030+0000] {dag.py:3490} INFO - Setting next_dagrun for data2bots_demo to None, run_after=None
[2023-06-17T05:50:59.175+0000] {processor.py:179} INFO - Processing /opt/airflow/dags/d2b_demo.py took 2.809 seconds
[2023-06-17T05:51:29.384+0000] {processor.py:157} INFO - Started process (PID=113) to work on /opt/airflow/dags/d2b_demo.py
[2023-06-17T05:51:29.420+0000] {processor.py:826} INFO - Processing file /opt/airflow/dags/d2b_demo.py for tasks to queue
[2023-06-17T05:51:29.422+0000] {logging_mixin.py:149} INFO - [2023-06-17T05:51:29.422+0000] {dagbag.py:541} INFO - Filling up the DagBag from /opt/airflow/dags/d2b_demo.py
[2023-06-17T05:51:29.447+0000] {processor.py:836} INFO - DAG(s) dict_keys(['data2bots_demo']) retrieved from /opt/airflow/dags/d2b_demo.py
[2023-06-17T05:51:29.496+0000] {logging_mixin.py:149} INFO - [2023-06-17T05:51:29.496+0000] {dag.py:2726} INFO - Sync 1 DAGs
[2023-06-17T05:51:29.550+0000] {logging_mixin.py:149} INFO - [2023-06-17T05:51:29.550+0000] {dag.py:3490} INFO - Setting next_dagrun for data2bots_demo to None, run_after=None
[2023-06-17T05:51:29.646+0000] {processor.py:179} INFO - Processing /opt/airflow/dags/d2b_demo.py took 0.278 seconds
[2023-06-17T05:52:00.106+0000] {processor.py:157} INFO - Started process (PID=177) to work on /opt/airflow/dags/d2b_demo.py
[2023-06-17T05:52:00.107+0000] {processor.py:826} INFO - Processing file /opt/airflow/dags/d2b_demo.py for tasks to queue
[2023-06-17T05:52:00.108+0000] {logging_mixin.py:149} INFO - [2023-06-17T05:52:00.108+0000] {dagbag.py:541} INFO - Filling up the DagBag from /opt/airflow/dags/d2b_demo.py
[2023-06-17T05:52:00.122+0000] {processor.py:836} INFO - DAG(s) dict_keys(['data2bots_demo']) retrieved from /opt/airflow/dags/d2b_demo.py
[2023-06-17T05:52:00.152+0000] {logging_mixin.py:149} INFO - [2023-06-17T05:52:00.152+0000] {dag.py:2726} INFO - Sync 1 DAGs
[2023-06-17T05:52:00.309+0000] {logging_mixin.py:149} INFO - [2023-06-17T05:52:00.308+0000] {dag.py:3490} INFO - Setting next_dagrun for data2bots_demo to None, run_after=None
[2023-06-17T05:52:00.418+0000] {processor.py:179} INFO - Processing /opt/airflow/dags/d2b_demo.py took 0.317 seconds
[2023-06-17T05:52:30.713+0000] {processor.py:157} INFO - Started process (PID=215) to work on /opt/airflow/dags/d2b_demo.py
[2023-06-17T05:52:30.726+0000] {processor.py:826} INFO - Processing file /opt/airflow/dags/d2b_demo.py for tasks to queue
[2023-06-17T05:52:30.727+0000] {logging_mixin.py:149} INFO - [2023-06-17T05:52:30.727+0000] {dagbag.py:541} INFO - Filling up the DagBag from /opt/airflow/dags/d2b_demo.py
[2023-06-17T05:52:30.741+0000] {processor.py:836} INFO - DAG(s) dict_keys(['data2bots_demo']) retrieved from /opt/airflow/dags/d2b_demo.py
[2023-06-17T05:52:30.920+0000] {logging_mixin.py:149} INFO - [2023-06-17T05:52:30.919+0000] {dag.py:2726} INFO - Sync 1 DAGs
[2023-06-17T05:52:30.952+0000] {logging_mixin.py:149} INFO - [2023-06-17T05:52:30.952+0000] {dag.py:3490} INFO - Setting next_dagrun for data2bots_demo to None, run_after=None
[2023-06-17T05:52:30.981+0000] {processor.py:179} INFO - Processing /opt/airflow/dags/d2b_demo.py took 0.272 seconds
[2023-06-17T05:53:01.585+0000] {processor.py:157} INFO - Started process (PID=280) to work on /opt/airflow/dags/d2b_demo.py
[2023-06-17T05:53:01.602+0000] {processor.py:826} INFO - Processing file /opt/airflow/dags/d2b_demo.py for tasks to queue
[2023-06-17T05:53:01.603+0000] {logging_mixin.py:149} INFO - [2023-06-17T05:53:01.602+0000] {dagbag.py:541} INFO - Filling up the DagBag from /opt/airflow/dags/d2b_demo.py
[2023-06-17T05:53:01.617+0000] {processor.py:836} INFO - DAG(s) dict_keys(['data2bots_demo']) retrieved from /opt/airflow/dags/d2b_demo.py
[2023-06-17T05:53:01.651+0000] {logging_mixin.py:149} INFO - [2023-06-17T05:53:01.651+0000] {dag.py:2726} INFO - Sync 1 DAGs
[2023-06-17T05:53:01.687+0000] {logging_mixin.py:149} INFO - [2023-06-17T05:53:01.687+0000] {dag.py:3490} INFO - Setting next_dagrun for data2bots_demo to None, run_after=None
[2023-06-17T05:53:01.724+0000] {processor.py:179} INFO - Processing /opt/airflow/dags/d2b_demo.py took 0.148 seconds
[2023-06-17T05:53:32.290+0000] {processor.py:157} INFO - Started process (PID=348) to work on /opt/airflow/dags/d2b_demo.py
[2023-06-17T05:53:32.290+0000] {processor.py:826} INFO - Processing file /opt/airflow/dags/d2b_demo.py for tasks to queue
[2023-06-17T05:53:32.291+0000] {logging_mixin.py:149} INFO - [2023-06-17T05:53:32.291+0000] {dagbag.py:541} INFO - Filling up the DagBag from /opt/airflow/dags/d2b_demo.py
[2023-06-17T05:53:32.306+0000] {processor.py:836} INFO - DAG(s) dict_keys(['data2bots_demo']) retrieved from /opt/airflow/dags/d2b_demo.py
[2023-06-17T05:53:32.338+0000] {logging_mixin.py:149} INFO - [2023-06-17T05:53:32.338+0000] {dag.py:2726} INFO - Sync 1 DAGs
[2023-06-17T05:53:32.374+0000] {logging_mixin.py:149} INFO - [2023-06-17T05:53:32.374+0000] {dag.py:3490} INFO - Setting next_dagrun for data2bots_demo to None, run_after=None
[2023-06-17T05:53:32.499+0000] {processor.py:179} INFO - Processing /opt/airflow/dags/d2b_demo.py took 0.214 seconds
[2023-06-17T05:54:02.646+0000] {processor.py:157} INFO - Started process (PID=416) to work on /opt/airflow/dags/d2b_demo.py
[2023-06-17T05:54:02.699+0000] {processor.py:826} INFO - Processing file /opt/airflow/dags/d2b_demo.py for tasks to queue
[2023-06-17T05:54:02.702+0000] {logging_mixin.py:149} INFO - [2023-06-17T05:54:02.701+0000] {dagbag.py:541} INFO - Filling up the DagBag from /opt/airflow/dags/d2b_demo.py
[2023-06-17T05:54:02.739+0000] {processor.py:836} INFO - DAG(s) dict_keys(['data2bots_demo']) retrieved from /opt/airflow/dags/d2b_demo.py
[2023-06-17T05:54:02.773+0000] {logging_mixin.py:149} INFO - [2023-06-17T05:54:02.773+0000] {dag.py:2726} INFO - Sync 1 DAGs
[2023-06-17T05:54:02.807+0000] {logging_mixin.py:149} INFO - [2023-06-17T05:54:02.807+0000] {dag.py:3490} INFO - Setting next_dagrun for data2bots_demo to None, run_after=None
[2023-06-17T05:54:02.934+0000] {processor.py:179} INFO - Processing /opt/airflow/dags/d2b_demo.py took 0.292 seconds
[2023-06-17T05:54:34.647+0000] {processor.py:157} INFO - Started process (PID=477) to work on /opt/airflow/dags/d2b_demo.py
[2023-06-17T05:54:34.729+0000] {processor.py:826} INFO - Processing file /opt/airflow/dags/d2b_demo.py for tasks to queue
[2023-06-17T05:54:34.733+0000] {logging_mixin.py:149} INFO - [2023-06-17T05:54:34.732+0000] {dagbag.py:541} INFO - Filling up the DagBag from /opt/airflow/dags/d2b_demo.py
[2023-06-17T05:54:34.784+0000] {processor.py:836} INFO - DAG(s) dict_keys(['data2bots_demo']) retrieved from /opt/airflow/dags/d2b_demo.py
[2023-06-17T05:54:34.865+0000] {logging_mixin.py:149} INFO - [2023-06-17T05:54:34.864+0000] {dag.py:2726} INFO - Sync 1 DAGs
[2023-06-17T05:54:34.908+0000] {logging_mixin.py:149} INFO - [2023-06-17T05:54:34.907+0000] {dag.py:3490} INFO - Setting next_dagrun for data2bots_demo to None, run_after=None
[2023-06-17T05:54:35.321+0000] {processor.py:179} INFO - Processing /opt/airflow/dags/d2b_demo.py took 0.679 seconds
[2023-06-17T05:55:06.417+0000] {processor.py:157} INFO - Started process (PID=540) to work on /opt/airflow/dags/d2b_demo.py
[2023-06-17T05:55:06.460+0000] {processor.py:826} INFO - Processing file /opt/airflow/dags/d2b_demo.py for tasks to queue
[2023-06-17T05:55:06.461+0000] {logging_mixin.py:149} INFO - [2023-06-17T05:55:06.461+0000] {dagbag.py:541} INFO - Filling up the DagBag from /opt/airflow/dags/d2b_demo.py
[2023-06-17T05:55:06.476+0000] {processor.py:836} INFO - DAG(s) dict_keys(['data2bots_demo']) retrieved from /opt/airflow/dags/d2b_demo.py
[2023-06-17T05:55:06.507+0000] {logging_mixin.py:149} INFO - [2023-06-17T05:55:06.507+0000] {dag.py:2726} INFO - Sync 1 DAGs
[2023-06-17T05:55:06.553+0000] {logging_mixin.py:149} INFO - [2023-06-17T05:55:06.553+0000] {dag.py:3490} INFO - Setting next_dagrun for data2bots_demo to None, run_after=None
[2023-06-17T05:55:06.653+0000] {processor.py:179} INFO - Processing /opt/airflow/dags/d2b_demo.py took 0.242 seconds
[2023-06-17T05:55:37.531+0000] {processor.py:157} INFO - Started process (PID=608) to work on /opt/airflow/dags/d2b_demo.py
[2023-06-17T05:55:37.532+0000] {processor.py:826} INFO - Processing file /opt/airflow/dags/d2b_demo.py for tasks to queue
[2023-06-17T05:55:37.533+0000] {logging_mixin.py:149} INFO - [2023-06-17T05:55:37.533+0000] {dagbag.py:541} INFO - Filling up the DagBag from /opt/airflow/dags/d2b_demo.py
[2023-06-17T05:55:37.548+0000] {processor.py:836} INFO - DAG(s) dict_keys(['data2bots_demo']) retrieved from /opt/airflow/dags/d2b_demo.py
[2023-06-17T05:55:37.579+0000] {logging_mixin.py:149} INFO - [2023-06-17T05:55:37.579+0000] {dag.py:2726} INFO - Sync 1 DAGs
[2023-06-17T05:55:37.612+0000] {logging_mixin.py:149} INFO - [2023-06-17T05:55:37.612+0000] {dag.py:3490} INFO - Setting next_dagrun for data2bots_demo to None, run_after=None
[2023-06-17T05:55:37.723+0000] {processor.py:179} INFO - Processing /opt/airflow/dags/d2b_demo.py took 0.196 seconds
[2023-06-17T05:56:08.422+0000] {processor.py:157} INFO - Started process (PID=676) to work on /opt/airflow/dags/d2b_demo.py
[2023-06-17T05:56:08.509+0000] {processor.py:826} INFO - Processing file /opt/airflow/dags/d2b_demo.py for tasks to queue
[2023-06-17T05:56:08.513+0000] {logging_mixin.py:149} INFO - [2023-06-17T05:56:08.512+0000] {dagbag.py:541} INFO - Filling up the DagBag from /opt/airflow/dags/d2b_demo.py
[2023-06-17T05:56:08.540+0000] {processor.py:836} INFO - DAG(s) dict_keys(['data2bots_demo']) retrieved from /opt/airflow/dags/d2b_demo.py
[2023-06-17T05:56:08.581+0000] {logging_mixin.py:149} INFO - [2023-06-17T05:56:08.581+0000] {dag.py:2726} INFO - Sync 1 DAGs
[2023-06-17T05:56:08.652+0000] {logging_mixin.py:149} INFO - [2023-06-17T05:56:08.651+0000] {dag.py:3490} INFO - Setting next_dagrun for data2bots_demo to None, run_after=None
[2023-06-17T05:56:09.024+0000] {processor.py:179} INFO - Processing /opt/airflow/dags/d2b_demo.py took 0.607 seconds
[2023-06-17T14:09:10.086+0000] {processor.py:157} INFO - Started process (PID=53) to work on /opt/airflow/dags/d2b_demo.py
[2023-06-17T14:09:10.211+0000] {processor.py:826} INFO - Processing file /opt/airflow/dags/d2b_demo.py for tasks to queue
[2023-06-17T14:09:10.212+0000] {logging_mixin.py:149} INFO - [2023-06-17T14:09:10.212+0000] {dagbag.py:541} INFO - Filling up the DagBag from /opt/airflow/dags/d2b_demo.py
[2023-06-17T14:09:11.563+0000] {processor.py:836} INFO - DAG(s) dict_keys(['data2bots_demo']) retrieved from /opt/airflow/dags/d2b_demo.py
[2023-06-17T14:09:12.405+0000] {logging_mixin.py:149} INFO - [2023-06-17T14:09:12.405+0000] {dag.py:2726} INFO - Sync 1 DAGs
[2023-06-17T14:09:12.771+0000] {logging_mixin.py:149} INFO - [2023-06-17T14:09:12.771+0000] {dag.py:3490} INFO - Setting next_dagrun for data2bots_demo to None, run_after=None
[2023-06-17T14:09:13.254+0000] {processor.py:179} INFO - Processing /opt/airflow/dags/d2b_demo.py took 3.174 seconds
[2023-06-17T14:09:59.128+0000] {processor.py:157} INFO - Started process (PID=120) to work on /opt/airflow/dags/d2b_demo.py
[2023-06-17T14:09:59.235+0000] {processor.py:826} INFO - Processing file /opt/airflow/dags/d2b_demo.py for tasks to queue
[2023-06-17T14:09:59.236+0000] {logging_mixin.py:149} INFO - [2023-06-17T14:09:59.236+0000] {dagbag.py:541} INFO - Filling up the DagBag from /opt/airflow/dags/d2b_demo.py
[2023-06-17T14:09:59.251+0000] {processor.py:836} INFO - DAG(s) dict_keys(['data2bots_demo']) retrieved from /opt/airflow/dags/d2b_demo.py
[2023-06-17T14:09:59.288+0000] {logging_mixin.py:149} INFO - [2023-06-17T14:09:59.287+0000] {dag.py:2726} INFO - Sync 1 DAGs
[2023-06-17T14:09:59.327+0000] {logging_mixin.py:149} INFO - [2023-06-17T14:09:59.327+0000] {dag.py:3490} INFO - Setting next_dagrun for data2bots_demo to None, run_after=None
[2023-06-17T14:09:59.592+0000] {processor.py:179} INFO - Processing /opt/airflow/dags/d2b_demo.py took 0.484 seconds
[2023-06-17T14:10:38.894+0000] {processor.py:157} INFO - Started process (PID=142) to work on /opt/airflow/dags/d2b_demo.py
[2023-06-17T14:10:38.980+0000] {processor.py:826} INFO - Processing file /opt/airflow/dags/d2b_demo.py for tasks to queue
[2023-06-17T14:10:38.984+0000] {logging_mixin.py:149} INFO - [2023-06-17T14:10:38.983+0000] {dagbag.py:541} INFO - Filling up the DagBag from /opt/airflow/dags/d2b_demo.py
[2023-06-17T14:10:41.583+0000] {processor.py:836} INFO - DAG(s) dict_keys(['data2bots_demo']) retrieved from /opt/airflow/dags/d2b_demo.py
[2023-06-17T14:10:44.363+0000] {logging_mixin.py:149} INFO - [2023-06-17T14:10:44.362+0000] {dag.py:2726} INFO - Sync 1 DAGs
[2023-06-17T14:10:48.580+0000] {logging_mixin.py:149} INFO - [2023-06-17T14:10:48.579+0000] {dag.py:3490} INFO - Setting next_dagrun for data2bots_demo to None, run_after=None
[2023-06-17T14:15:37.172+0000] {processor.py:157} INFO - Started process (PID=46) to work on /opt/airflow/dags/d2b_demo.py
[2023-06-17T14:15:37.250+0000] {processor.py:826} INFO - Processing file /opt/airflow/dags/d2b_demo.py for tasks to queue
[2023-06-17T14:15:37.251+0000] {logging_mixin.py:149} INFO - [2023-06-17T14:15:37.251+0000] {dagbag.py:541} INFO - Filling up the DagBag from /opt/airflow/dags/d2b_demo.py
[2023-06-17T14:15:38.834+0000] {processor.py:836} INFO - DAG(s) dict_keys(['data2bots_demo']) retrieved from /opt/airflow/dags/d2b_demo.py
[2023-06-17T14:15:39.274+0000] {logging_mixin.py:149} INFO - [2023-06-17T14:15:39.274+0000] {dag.py:2726} INFO - Sync 1 DAGs
[2023-06-17T14:15:39.456+0000] {logging_mixin.py:149} INFO - [2023-06-17T14:15:39.456+0000] {dag.py:3490} INFO - Setting next_dagrun for data2bots_demo to None, run_after=None
[2023-06-17T14:15:39.561+0000] {processor.py:179} INFO - Processing /opt/airflow/dags/d2b_demo.py took 2.394 seconds
[2023-06-17T14:16:23.698+0000] {processor.py:157} INFO - Started process (PID=121) to work on /opt/airflow/dags/d2b_demo.py
[2023-06-17T14:16:23.700+0000] {processor.py:826} INFO - Processing file /opt/airflow/dags/d2b_demo.py for tasks to queue
[2023-06-17T14:16:23.701+0000] {logging_mixin.py:149} INFO - [2023-06-17T14:16:23.700+0000] {dagbag.py:541} INFO - Filling up the DagBag from /opt/airflow/dags/d2b_demo.py
[2023-06-17T14:16:23.715+0000] {processor.py:836} INFO - DAG(s) dict_keys(['data2bots_demo']) retrieved from /opt/airflow/dags/d2b_demo.py
[2023-06-17T14:16:23.747+0000] {logging_mixin.py:149} INFO - [2023-06-17T14:16:23.747+0000] {dag.py:2726} INFO - Sync 1 DAGs
[2023-06-17T14:16:23.781+0000] {logging_mixin.py:149} INFO - [2023-06-17T14:16:23.780+0000] {dag.py:3490} INFO - Setting next_dagrun for data2bots_demo to None, run_after=None
[2023-06-17T14:16:23.855+0000] {processor.py:179} INFO - Processing /opt/airflow/dags/d2b_demo.py took 0.162 seconds
[2023-06-17T14:16:53.902+0000] {processor.py:157} INFO - Started process (PID=185) to work on /opt/airflow/dags/d2b_demo.py
[2023-06-17T14:16:53.907+0000] {processor.py:826} INFO - Processing file /opt/airflow/dags/d2b_demo.py for tasks to queue
[2023-06-17T14:16:53.908+0000] {logging_mixin.py:149} INFO - [2023-06-17T14:16:53.908+0000] {dagbag.py:541} INFO - Filling up the DagBag from /opt/airflow/dags/d2b_demo.py
[2023-06-17T14:16:53.928+0000] {processor.py:836} INFO - DAG(s) dict_keys(['data2bots_demo']) retrieved from /opt/airflow/dags/d2b_demo.py
[2023-06-17T14:16:53.961+0000] {logging_mixin.py:149} INFO - [2023-06-17T14:16:53.961+0000] {dag.py:2726} INFO - Sync 1 DAGs
[2023-06-17T14:16:54.120+0000] {logging_mixin.py:149} INFO - [2023-06-17T14:16:54.120+0000] {dag.py:3490} INFO - Setting next_dagrun for data2bots_demo to None, run_after=None
[2023-06-17T14:16:54.172+0000] {processor.py:179} INFO - Processing /opt/airflow/dags/d2b_demo.py took 0.275 seconds
