[2023-06-17T05:50:59.205+0000] {processor.py:157} INFO - Started process (PID=51) to work on /opt/airflow/dags/dbt_seed_dag.py
[2023-06-17T05:50:59.206+0000] {processor.py:826} INFO - Processing file /opt/airflow/dags/dbt_seed_dag.py for tasks to queue
[2023-06-17T05:50:59.208+0000] {logging_mixin.py:149} INFO - [2023-06-17T05:50:59.207+0000] {dagbag.py:541} INFO - Filling up the DagBag from /opt/airflow/dags/dbt_seed_dag.py
[2023-06-17T05:50:59.314+0000] {processor.py:836} INFO - DAG(s) dict_keys(['dbt-seed']) retrieved from /opt/airflow/dags/dbt_seed_dag.py
[2023-06-17T05:50:59.351+0000] {logging_mixin.py:149} INFO - [2023-06-17T05:50:59.351+0000] {dag.py:2726} INFO - Sync 1 DAGs
[2023-06-17T05:50:59.394+0000] {logging_mixin.py:149} INFO - [2023-06-17T05:50:59.393+0000] {dag.py:3490} INFO - Setting next_dagrun for dbt-seed to 2023-06-10T00:00:00+00:00, run_after=2023-06-11T00:00:00+00:00
[2023-06-17T05:50:59.476+0000] {processor.py:179} INFO - Processing /opt/airflow/dags/dbt_seed_dag.py took 0.275 seconds
[2023-06-17T05:51:29.672+0000] {processor.py:157} INFO - Started process (PID=114) to work on /opt/airflow/dags/dbt_seed_dag.py
[2023-06-17T05:51:29.763+0000] {processor.py:826} INFO - Processing file /opt/airflow/dags/dbt_seed_dag.py for tasks to queue
[2023-06-17T05:51:29.764+0000] {logging_mixin.py:149} INFO - [2023-06-17T05:51:29.764+0000] {dagbag.py:541} INFO - Filling up the DagBag from /opt/airflow/dags/dbt_seed_dag.py
[2023-06-17T05:51:29.773+0000] {processor.py:836} INFO - DAG(s) dict_keys(['dbt-seed']) retrieved from /opt/airflow/dags/dbt_seed_dag.py
[2023-06-17T05:51:29.811+0000] {logging_mixin.py:149} INFO - [2023-06-17T05:51:29.810+0000] {dag.py:2726} INFO - Sync 1 DAGs
[2023-06-17T05:51:29.852+0000] {logging_mixin.py:149} INFO - [2023-06-17T05:51:29.851+0000] {dag.py:3490} INFO - Setting next_dagrun for dbt-seed to 2023-06-10T00:00:00+00:00, run_after=2023-06-11T00:00:00+00:00
[2023-06-17T05:51:29.931+0000] {processor.py:179} INFO - Processing /opt/airflow/dags/dbt_seed_dag.py took 0.264 seconds
[2023-06-17T05:52:00.445+0000] {processor.py:157} INFO - Started process (PID=178) to work on /opt/airflow/dags/dbt_seed_dag.py
[2023-06-17T05:52:00.460+0000] {processor.py:826} INFO - Processing file /opt/airflow/dags/dbt_seed_dag.py for tasks to queue
[2023-06-17T05:52:00.461+0000] {logging_mixin.py:149} INFO - [2023-06-17T05:52:00.461+0000] {dagbag.py:541} INFO - Filling up the DagBag from /opt/airflow/dags/dbt_seed_dag.py
[2023-06-17T05:52:00.468+0000] {processor.py:836} INFO - DAG(s) dict_keys(['dbt-seed']) retrieved from /opt/airflow/dags/dbt_seed_dag.py
[2023-06-17T05:52:00.500+0000] {logging_mixin.py:149} INFO - [2023-06-17T05:52:00.500+0000] {dag.py:2726} INFO - Sync 1 DAGs
[2023-06-17T05:52:00.688+0000] {logging_mixin.py:149} INFO - [2023-06-17T05:52:00.687+0000] {dag.py:3490} INFO - Setting next_dagrun for dbt-seed to 2023-06-10T00:00:00+00:00, run_after=2023-06-11T00:00:00+00:00
[2023-06-17T05:52:00.774+0000] {processor.py:179} INFO - Processing /opt/airflow/dags/dbt_seed_dag.py took 0.333 seconds
[2023-06-17T05:52:34.395+0000] {processor.py:157} INFO - Started process (PID=239) to work on /opt/airflow/dags/dbt_seed_dag.py
[2023-06-17T05:52:34.413+0000] {processor.py:826} INFO - Processing file /opt/airflow/dags/dbt_seed_dag.py for tasks to queue
[2023-06-17T05:52:34.414+0000] {logging_mixin.py:149} INFO - [2023-06-17T05:52:34.414+0000] {dagbag.py:541} INFO - Filling up the DagBag from /opt/airflow/dags/dbt_seed_dag.py
[2023-06-17T05:52:34.438+0000] {processor.py:836} INFO - DAG(s) dict_keys(['dbt-seed']) retrieved from /opt/airflow/dags/dbt_seed_dag.py
[2023-06-17T05:52:34.520+0000] {logging_mixin.py:149} INFO - [2023-06-17T05:52:34.520+0000] {dag.py:2726} INFO - Sync 1 DAGs
[2023-06-17T05:52:34.557+0000] {logging_mixin.py:149} INFO - [2023-06-17T05:52:34.557+0000] {dag.py:3490} INFO - Setting next_dagrun for dbt-seed to 2023-06-10T00:00:00+00:00, run_after=2023-06-11T00:00:00+00:00
[2023-06-17T05:52:34.594+0000] {processor.py:179} INFO - Processing /opt/airflow/dags/dbt_seed_dag.py took 0.205 seconds
[2023-06-17T05:53:04.713+0000] {processor.py:157} INFO - Started process (PID=305) to work on /opt/airflow/dags/dbt_seed_dag.py
[2023-06-17T05:53:04.714+0000] {processor.py:826} INFO - Processing file /opt/airflow/dags/dbt_seed_dag.py for tasks to queue
[2023-06-17T05:53:04.714+0000] {logging_mixin.py:149} INFO - [2023-06-17T05:53:04.714+0000] {dagbag.py:541} INFO - Filling up the DagBag from /opt/airflow/dags/dbt_seed_dag.py
[2023-06-17T05:53:04.722+0000] {processor.py:836} INFO - DAG(s) dict_keys(['dbt-seed']) retrieved from /opt/airflow/dags/dbt_seed_dag.py
[2023-06-17T05:53:04.753+0000] {logging_mixin.py:149} INFO - [2023-06-17T05:53:04.753+0000] {dag.py:2726} INFO - Sync 1 DAGs
[2023-06-17T05:53:04.788+0000] {logging_mixin.py:149} INFO - [2023-06-17T05:53:04.788+0000] {dag.py:3490} INFO - Setting next_dagrun for dbt-seed to 2023-06-10T00:00:00+00:00, run_after=2023-06-11T00:00:00+00:00
[2023-06-17T05:53:04.824+0000] {processor.py:179} INFO - Processing /opt/airflow/dags/dbt_seed_dag.py took 0.116 seconds
[2023-06-17T05:53:35.656+0000] {processor.py:157} INFO - Started process (PID=373) to work on /opt/airflow/dags/dbt_seed_dag.py
[2023-06-17T05:53:35.691+0000] {processor.py:826} INFO - Processing file /opt/airflow/dags/dbt_seed_dag.py for tasks to queue
[2023-06-17T05:53:35.694+0000] {logging_mixin.py:149} INFO - [2023-06-17T05:53:35.693+0000] {dagbag.py:541} INFO - Filling up the DagBag from /opt/airflow/dags/dbt_seed_dag.py
[2023-06-17T05:53:35.711+0000] {processor.py:836} INFO - DAG(s) dict_keys(['dbt-seed']) retrieved from /opt/airflow/dags/dbt_seed_dag.py
[2023-06-17T05:53:35.746+0000] {logging_mixin.py:149} INFO - [2023-06-17T05:53:35.746+0000] {dag.py:2726} INFO - Sync 1 DAGs
[2023-06-17T05:53:35.785+0000] {logging_mixin.py:149} INFO - [2023-06-17T05:53:35.785+0000] {dag.py:3490} INFO - Setting next_dagrun for dbt-seed to 2023-06-10T00:00:00+00:00, run_after=2023-06-11T00:00:00+00:00
[2023-06-17T05:53:35.913+0000] {processor.py:179} INFO - Processing /opt/airflow/dags/dbt_seed_dag.py took 0.263 seconds
[2023-06-17T05:54:06.843+0000] {processor.py:157} INFO - Started process (PID=448) to work on /opt/airflow/dags/dbt_seed_dag.py
[2023-06-17T05:54:06.871+0000] {processor.py:826} INFO - Processing file /opt/airflow/dags/dbt_seed_dag.py for tasks to queue
[2023-06-17T05:54:06.873+0000] {logging_mixin.py:149} INFO - [2023-06-17T05:54:06.872+0000] {dagbag.py:541} INFO - Filling up the DagBag from /opt/airflow/dags/dbt_seed_dag.py
[2023-06-17T05:54:06.881+0000] {processor.py:836} INFO - DAG(s) dict_keys(['dbt-seed']) retrieved from /opt/airflow/dags/dbt_seed_dag.py
[2023-06-17T05:54:06.913+0000] {logging_mixin.py:149} INFO - [2023-06-17T05:54:06.912+0000] {dag.py:2726} INFO - Sync 1 DAGs
[2023-06-17T05:54:06.945+0000] {logging_mixin.py:149} INFO - [2023-06-17T05:54:06.945+0000] {dag.py:3490} INFO - Setting next_dagrun for dbt-seed to 2023-06-10T00:00:00+00:00, run_after=2023-06-11T00:00:00+00:00
[2023-06-17T05:54:07.012+0000] {processor.py:179} INFO - Processing /opt/airflow/dags/dbt_seed_dag.py took 0.173 seconds
[2023-06-17T05:54:50.169+0000] {processor.py:157} INFO - Started process (PID=500) to work on /opt/airflow/dags/dbt_seed_dag.py
[2023-06-17T05:54:50.373+0000] {processor.py:826} INFO - Processing file /opt/airflow/dags/dbt_seed_dag.py for tasks to queue
[2023-06-17T05:54:50.374+0000] {logging_mixin.py:149} INFO - [2023-06-17T05:54:50.374+0000] {dagbag.py:541} INFO - Filling up the DagBag from /opt/airflow/dags/dbt_seed_dag.py
[2023-06-17T05:54:50.478+0000] {processor.py:836} INFO - DAG(s) dict_keys(['dbt-seed']) retrieved from /opt/airflow/dags/dbt_seed_dag.py
[2023-06-17T05:54:50.509+0000] {logging_mixin.py:149} INFO - [2023-06-17T05:54:50.509+0000] {dag.py:2726} INFO - Sync 1 DAGs
[2023-06-17T05:54:50.552+0000] {logging_mixin.py:149} INFO - [2023-06-17T05:54:50.552+0000] {dag.py:3490} INFO - Setting next_dagrun for dbt-seed to 2023-06-10T00:00:00+00:00, run_after=2023-06-11T00:00:00+00:00
[2023-06-17T05:54:50.630+0000] {processor.py:179} INFO - Processing /opt/airflow/dags/dbt_seed_dag.py took 0.468 seconds
[2023-06-17T05:55:21.039+0000] {processor.py:157} INFO - Started process (PID=564) to work on /opt/airflow/dags/dbt_seed_dag.py
[2023-06-17T05:55:21.217+0000] {processor.py:826} INFO - Processing file /opt/airflow/dags/dbt_seed_dag.py for tasks to queue
[2023-06-17T05:55:21.220+0000] {logging_mixin.py:149} INFO - [2023-06-17T05:55:21.219+0000] {dagbag.py:541} INFO - Filling up the DagBag from /opt/airflow/dags/dbt_seed_dag.py
[2023-06-17T05:55:21.241+0000] {processor.py:836} INFO - DAG(s) dict_keys(['dbt-seed']) retrieved from /opt/airflow/dags/dbt_seed_dag.py
[2023-06-17T05:55:21.278+0000] {logging_mixin.py:149} INFO - [2023-06-17T05:55:21.278+0000] {dag.py:2726} INFO - Sync 1 DAGs
[2023-06-17T05:55:21.314+0000] {logging_mixin.py:149} INFO - [2023-06-17T05:55:21.314+0000] {dag.py:3490} INFO - Setting next_dagrun for dbt-seed to 2023-06-10T00:00:00+00:00, run_after=2023-06-11T00:00:00+00:00
[2023-06-17T05:55:21.475+0000] {processor.py:179} INFO - Processing /opt/airflow/dags/dbt_seed_dag.py took 0.440 seconds
[2023-06-17T05:55:52.086+0000] {processor.py:157} INFO - Started process (PID=631) to work on /opt/airflow/dags/dbt_seed_dag.py
[2023-06-17T05:55:52.117+0000] {processor.py:826} INFO - Processing file /opt/airflow/dags/dbt_seed_dag.py for tasks to queue
[2023-06-17T05:55:52.118+0000] {logging_mixin.py:149} INFO - [2023-06-17T05:55:52.117+0000] {dagbag.py:541} INFO - Filling up the DagBag from /opt/airflow/dags/dbt_seed_dag.py
[2023-06-17T05:55:52.124+0000] {processor.py:836} INFO - DAG(s) dict_keys(['dbt-seed']) retrieved from /opt/airflow/dags/dbt_seed_dag.py
[2023-06-17T05:55:52.155+0000] {logging_mixin.py:149} INFO - [2023-06-17T05:55:52.155+0000] {dag.py:2726} INFO - Sync 1 DAGs
[2023-06-17T05:55:52.205+0000] {logging_mixin.py:149} INFO - [2023-06-17T05:55:52.205+0000] {dag.py:3490} INFO - Setting next_dagrun for dbt-seed to 2023-06-10T00:00:00+00:00, run_after=2023-06-11T00:00:00+00:00
[2023-06-17T05:55:52.254+0000] {processor.py:179} INFO - Processing /opt/airflow/dags/dbt_seed_dag.py took 0.171 seconds
