[2023-06-16T00:39:49.147+0000] {processor.py:157} INFO - Started process (PID=92) to work on /home/airflow/.local/lib/python3.7/site-packages/airflow/example_dags/example_branch_labels.py
[2023-06-16T00:39:49.150+0000] {processor.py:826} INFO - Processing file /home/airflow/.local/lib/python3.7/site-packages/airflow/example_dags/example_branch_labels.py for tasks to queue
[2023-06-16T00:39:49.152+0000] {logging_mixin.py:149} INFO - [2023-06-16T00:39:49.152+0000] {dagbag.py:541} INFO - Filling up the DagBag from /home/airflow/.local/lib/python3.7/site-packages/airflow/example_dags/example_branch_labels.py
[2023-06-16T00:39:49.289+0000] {processor.py:836} INFO - DAG(s) dict_keys(['example_branch_labels']) retrieved from /home/airflow/.local/lib/python3.7/site-packages/airflow/example_dags/example_branch_labels.py
[2023-06-16T00:39:49.458+0000] {logging_mixin.py:149} INFO - [2023-06-16T00:39:49.457+0000] {dag.py:2726} INFO - Sync 1 DAGs
[2023-06-16T00:39:49.642+0000] {logging_mixin.py:149} INFO - [2023-06-16T00:39:49.642+0000] {dag.py:3490} INFO - Setting next_dagrun for example_branch_labels to 2023-06-15T00:00:00+00:00, run_after=2023-06-16T00:00:00+00:00
[2023-06-16T00:39:49.861+0000] {processor.py:179} INFO - Processing /home/airflow/.local/lib/python3.7/site-packages/airflow/example_dags/example_branch_labels.py took 0.726 seconds
[2023-06-16T00:40:22.911+0000] {processor.py:157} INFO - Started process (PID=160) to work on /home/airflow/.local/lib/python3.7/site-packages/airflow/example_dags/example_branch_labels.py
[2023-06-16T00:40:22.947+0000] {processor.py:826} INFO - Processing file /home/airflow/.local/lib/python3.7/site-packages/airflow/example_dags/example_branch_labels.py for tasks to queue
[2023-06-16T00:40:22.949+0000] {logging_mixin.py:149} INFO - [2023-06-16T00:40:22.949+0000] {dagbag.py:541} INFO - Filling up the DagBag from /home/airflow/.local/lib/python3.7/site-packages/airflow/example_dags/example_branch_labels.py
[2023-06-16T00:40:22.966+0000] {processor.py:836} INFO - DAG(s) dict_keys(['example_branch_labels']) retrieved from /home/airflow/.local/lib/python3.7/site-packages/airflow/example_dags/example_branch_labels.py
[2023-06-16T00:40:23.016+0000] {logging_mixin.py:149} INFO - [2023-06-16T00:40:23.016+0000] {dag.py:2726} INFO - Sync 1 DAGs
[2023-06-16T00:40:23.071+0000] {logging_mixin.py:149} INFO - [2023-06-16T00:40:23.071+0000] {dag.py:3490} INFO - Setting next_dagrun for example_branch_labels to 2023-06-15T00:00:00+00:00, run_after=2023-06-16T00:00:00+00:00
[2023-06-16T00:40:23.187+0000] {processor.py:179} INFO - Processing /home/airflow/.local/lib/python3.7/site-packages/airflow/example_dags/example_branch_labels.py took 0.282 seconds
[2023-06-16T00:42:04.397+0000] {processor.py:157} INFO - Started process (PID=218) to work on /home/airflow/.local/lib/python3.7/site-packages/airflow/example_dags/example_branch_labels.py
[2023-06-16T00:42:04.412+0000] {processor.py:826} INFO - Processing file /home/airflow/.local/lib/python3.7/site-packages/airflow/example_dags/example_branch_labels.py for tasks to queue
[2023-06-16T00:42:04.413+0000] {logging_mixin.py:149} INFO - [2023-06-16T00:42:04.412+0000] {dagbag.py:541} INFO - Filling up the DagBag from /home/airflow/.local/lib/python3.7/site-packages/airflow/example_dags/example_branch_labels.py
[2023-06-16T00:42:04.595+0000] {processor.py:836} INFO - DAG(s) dict_keys(['example_branch_labels']) retrieved from /home/airflow/.local/lib/python3.7/site-packages/airflow/example_dags/example_branch_labels.py
[2023-06-16T00:42:04.640+0000] {logging_mixin.py:149} INFO - [2023-06-16T00:42:04.639+0000] {dag.py:2726} INFO - Sync 1 DAGs
[2023-06-16T00:42:04.685+0000] {logging_mixin.py:149} INFO - [2023-06-16T00:42:04.684+0000] {dag.py:3490} INFO - Setting next_dagrun for example_branch_labels to 2023-06-15T00:00:00+00:00, run_after=2023-06-16T00:00:00+00:00
[2023-06-16T00:42:04.732+0000] {processor.py:179} INFO - Processing /home/airflow/.local/lib/python3.7/site-packages/airflow/example_dags/example_branch_labels.py took 0.342 seconds
[2023-06-16T00:42:35.203+0000] {processor.py:157} INFO - Started process (PID=287) to work on /home/airflow/.local/lib/python3.7/site-packages/airflow/example_dags/example_branch_labels.py
[2023-06-16T00:42:35.204+0000] {processor.py:826} INFO - Processing file /home/airflow/.local/lib/python3.7/site-packages/airflow/example_dags/example_branch_labels.py for tasks to queue
[2023-06-16T00:42:35.205+0000] {logging_mixin.py:149} INFO - [2023-06-16T00:42:35.205+0000] {dagbag.py:541} INFO - Filling up the DagBag from /home/airflow/.local/lib/python3.7/site-packages/airflow/example_dags/example_branch_labels.py
[2023-06-16T00:42:35.214+0000] {processor.py:836} INFO - DAG(s) dict_keys(['example_branch_labels']) retrieved from /home/airflow/.local/lib/python3.7/site-packages/airflow/example_dags/example_branch_labels.py
[2023-06-16T00:42:35.247+0000] {logging_mixin.py:149} INFO - [2023-06-16T00:42:35.247+0000] {dag.py:2726} INFO - Sync 1 DAGs
[2023-06-16T00:42:35.281+0000] {logging_mixin.py:149} INFO - [2023-06-16T00:42:35.281+0000] {dag.py:3490} INFO - Setting next_dagrun for example_branch_labels to 2023-06-15T00:00:00+00:00, run_after=2023-06-16T00:00:00+00:00
[2023-06-16T00:42:35.323+0000] {processor.py:179} INFO - Processing /home/airflow/.local/lib/python3.7/site-packages/airflow/example_dags/example_branch_labels.py took 0.123 seconds
[2023-06-16T00:43:07.581+0000] {processor.py:157} INFO - Started process (PID=354) to work on /home/airflow/.local/lib/python3.7/site-packages/airflow/example_dags/example_branch_labels.py
[2023-06-16T00:43:07.582+0000] {processor.py:826} INFO - Processing file /home/airflow/.local/lib/python3.7/site-packages/airflow/example_dags/example_branch_labels.py for tasks to queue
[2023-06-16T00:43:07.583+0000] {logging_mixin.py:149} INFO - [2023-06-16T00:43:07.583+0000] {dagbag.py:541} INFO - Filling up the DagBag from /home/airflow/.local/lib/python3.7/site-packages/airflow/example_dags/example_branch_labels.py
[2023-06-16T00:43:07.630+0000] {processor.py:836} INFO - DAG(s) dict_keys(['example_branch_labels']) retrieved from /home/airflow/.local/lib/python3.7/site-packages/airflow/example_dags/example_branch_labels.py
[2023-06-16T00:43:07.688+0000] {logging_mixin.py:149} INFO - [2023-06-16T00:43:07.688+0000] {dag.py:2726} INFO - Sync 1 DAGs
[2023-06-16T00:43:07.725+0000] {logging_mixin.py:149} INFO - [2023-06-16T00:43:07.725+0000] {dag.py:3490} INFO - Setting next_dagrun for example_branch_labels to 2023-06-15T00:00:00+00:00, run_after=2023-06-16T00:00:00+00:00
[2023-06-16T00:43:07.826+0000] {processor.py:179} INFO - Processing /home/airflow/.local/lib/python3.7/site-packages/airflow/example_dags/example_branch_labels.py took 0.249 seconds
[2023-06-16T00:43:37.967+0000] {processor.py:157} INFO - Started process (PID=418) to work on /home/airflow/.local/lib/python3.7/site-packages/airflow/example_dags/example_branch_labels.py
[2023-06-16T00:43:37.968+0000] {processor.py:826} INFO - Processing file /home/airflow/.local/lib/python3.7/site-packages/airflow/example_dags/example_branch_labels.py for tasks to queue
[2023-06-16T00:43:37.969+0000] {logging_mixin.py:149} INFO - [2023-06-16T00:43:37.969+0000] {dagbag.py:541} INFO - Filling up the DagBag from /home/airflow/.local/lib/python3.7/site-packages/airflow/example_dags/example_branch_labels.py
[2023-06-16T00:43:37.978+0000] {processor.py:836} INFO - DAG(s) dict_keys(['example_branch_labels']) retrieved from /home/airflow/.local/lib/python3.7/site-packages/airflow/example_dags/example_branch_labels.py
[2023-06-16T00:43:38.009+0000] {logging_mixin.py:149} INFO - [2023-06-16T00:43:38.009+0000] {dag.py:2726} INFO - Sync 1 DAGs
[2023-06-16T00:43:38.044+0000] {logging_mixin.py:149} INFO - [2023-06-16T00:43:38.044+0000] {dag.py:3490} INFO - Setting next_dagrun for example_branch_labels to 2023-06-15T00:00:00+00:00, run_after=2023-06-16T00:00:00+00:00
[2023-06-16T00:43:38.072+0000] {processor.py:179} INFO - Processing /home/airflow/.local/lib/python3.7/site-packages/airflow/example_dags/example_branch_labels.py took 0.109 seconds
[2023-06-16T00:44:10.313+0000] {processor.py:157} INFO - Started process (PID=486) to work on /home/airflow/.local/lib/python3.7/site-packages/airflow/example_dags/example_branch_labels.py
[2023-06-16T00:44:10.466+0000] {processor.py:826} INFO - Processing file /home/airflow/.local/lib/python3.7/site-packages/airflow/example_dags/example_branch_labels.py for tasks to queue
[2023-06-16T00:44:10.469+0000] {logging_mixin.py:149} INFO - [2023-06-16T00:44:10.468+0000] {dagbag.py:541} INFO - Filling up the DagBag from /home/airflow/.local/lib/python3.7/site-packages/airflow/example_dags/example_branch_labels.py
[2023-06-16T00:44:10.695+0000] {processor.py:836} INFO - DAG(s) dict_keys(['example_branch_labels']) retrieved from /home/airflow/.local/lib/python3.7/site-packages/airflow/example_dags/example_branch_labels.py
[2023-06-16T00:44:10.851+0000] {logging_mixin.py:149} INFO - [2023-06-16T00:44:10.851+0000] {dag.py:2726} INFO - Sync 1 DAGs
[2023-06-16T00:44:10.892+0000] {logging_mixin.py:149} INFO - [2023-06-16T00:44:10.891+0000] {dag.py:3490} INFO - Setting next_dagrun for example_branch_labels to 2023-06-15T00:00:00+00:00, run_after=2023-06-16T00:00:00+00:00
[2023-06-16T00:44:11.072+0000] {processor.py:179} INFO - Processing /home/airflow/.local/lib/python3.7/site-packages/airflow/example_dags/example_branch_labels.py took 0.800 seconds
[2023-06-16T00:44:58.556+0000] {processor.py:157} INFO - Started process (PID=554) to work on /home/airflow/.local/lib/python3.7/site-packages/airflow/example_dags/example_branch_labels.py
[2023-06-16T00:44:58.656+0000] {processor.py:826} INFO - Processing file /home/airflow/.local/lib/python3.7/site-packages/airflow/example_dags/example_branch_labels.py for tasks to queue
[2023-06-16T00:44:58.658+0000] {logging_mixin.py:149} INFO - [2023-06-16T00:44:58.658+0000] {dagbag.py:541} INFO - Filling up the DagBag from /home/airflow/.local/lib/python3.7/site-packages/airflow/example_dags/example_branch_labels.py
[2023-06-16T00:44:58.687+0000] {processor.py:836} INFO - DAG(s) dict_keys(['example_branch_labels']) retrieved from /home/airflow/.local/lib/python3.7/site-packages/airflow/example_dags/example_branch_labels.py
[2023-06-16T00:44:58.731+0000] {logging_mixin.py:149} INFO - [2023-06-16T00:44:58.731+0000] {dag.py:2726} INFO - Sync 1 DAGs
[2023-06-16T00:44:58.796+0000] {logging_mixin.py:149} INFO - [2023-06-16T00:44:58.795+0000] {dag.py:3490} INFO - Setting next_dagrun for example_branch_labels to 2023-06-15T00:00:00+00:00, run_after=2023-06-16T00:00:00+00:00
[2023-06-16T00:44:59.002+0000] {processor.py:179} INFO - Processing /home/airflow/.local/lib/python3.7/site-packages/airflow/example_dags/example_branch_labels.py took 0.450 seconds
[2023-06-16T00:45:41.906+0000] {processor.py:157} INFO - Started process (PID=625) to work on /home/airflow/.local/lib/python3.7/site-packages/airflow/example_dags/example_branch_labels.py
[2023-06-16T00:45:41.979+0000] {processor.py:826} INFO - Processing file /home/airflow/.local/lib/python3.7/site-packages/airflow/example_dags/example_branch_labels.py for tasks to queue
[2023-06-16T00:45:41.983+0000] {logging_mixin.py:149} INFO - [2023-06-16T00:45:41.982+0000] {dagbag.py:541} INFO - Filling up the DagBag from /home/airflow/.local/lib/python3.7/site-packages/airflow/example_dags/example_branch_labels.py
[2023-06-16T00:45:42.283+0000] {processor.py:836} INFO - DAG(s) dict_keys(['example_branch_labels']) retrieved from /home/airflow/.local/lib/python3.7/site-packages/airflow/example_dags/example_branch_labels.py
[2023-06-16T00:45:42.334+0000] {logging_mixin.py:149} INFO - [2023-06-16T00:45:42.334+0000] {dag.py:2726} INFO - Sync 1 DAGs
[2023-06-16T00:45:42.384+0000] {logging_mixin.py:149} INFO - [2023-06-16T00:45:42.384+0000] {dag.py:3490} INFO - Setting next_dagrun for example_branch_labels to 2023-06-15T00:00:00+00:00, run_after=2023-06-16T00:00:00+00:00
[2023-06-16T00:45:42.842+0000] {processor.py:179} INFO - Processing /home/airflow/.local/lib/python3.7/site-packages/airflow/example_dags/example_branch_labels.py took 0.940 seconds
[2023-06-16T00:46:45.063+0000] {processor.py:157} INFO - Started process (PID=706) to work on /home/airflow/.local/lib/python3.7/site-packages/airflow/example_dags/example_branch_labels.py
[2023-06-16T00:46:45.149+0000] {processor.py:826} INFO - Processing file /home/airflow/.local/lib/python3.7/site-packages/airflow/example_dags/example_branch_labels.py for tasks to queue
[2023-06-16T00:46:45.153+0000] {logging_mixin.py:149} INFO - [2023-06-16T00:46:45.153+0000] {dagbag.py:541} INFO - Filling up the DagBag from /home/airflow/.local/lib/python3.7/site-packages/airflow/example_dags/example_branch_labels.py
[2023-06-16T00:46:45.221+0000] {processor.py:836} INFO - DAG(s) dict_keys(['example_branch_labels']) retrieved from /home/airflow/.local/lib/python3.7/site-packages/airflow/example_dags/example_branch_labels.py
[2023-06-16T00:46:45.421+0000] {logging_mixin.py:149} INFO - [2023-06-16T00:46:45.421+0000] {dag.py:2726} INFO - Sync 1 DAGs
[2023-06-16T00:46:45.489+0000] {logging_mixin.py:149} INFO - [2023-06-16T00:46:45.489+0000] {dag.py:3490} INFO - Setting next_dagrun for example_branch_labels to 2023-06-15T00:00:00+00:00, run_after=2023-06-16T00:00:00+00:00
[2023-06-16T00:46:45.741+0000] {processor.py:179} INFO - Processing /home/airflow/.local/lib/python3.7/site-packages/airflow/example_dags/example_branch_labels.py took 0.693 seconds
[2023-06-16T00:47:26.166+0000] {processor.py:157} INFO - Started process (PID=768) to work on /home/airflow/.local/lib/python3.7/site-packages/airflow/example_dags/example_branch_labels.py
[2023-06-16T00:47:26.179+0000] {processor.py:826} INFO - Processing file /home/airflow/.local/lib/python3.7/site-packages/airflow/example_dags/example_branch_labels.py for tasks to queue
[2023-06-16T00:47:26.181+0000] {logging_mixin.py:149} INFO - [2023-06-16T00:47:26.181+0000] {dagbag.py:541} INFO - Filling up the DagBag from /home/airflow/.local/lib/python3.7/site-packages/airflow/example_dags/example_branch_labels.py
[2023-06-16T00:47:26.198+0000] {processor.py:836} INFO - DAG(s) dict_keys(['example_branch_labels']) retrieved from /home/airflow/.local/lib/python3.7/site-packages/airflow/example_dags/example_branch_labels.py
[2023-06-16T00:47:26.248+0000] {logging_mixin.py:149} INFO - [2023-06-16T00:47:26.248+0000] {dag.py:2726} INFO - Sync 1 DAGs
[2023-06-16T00:47:26.300+0000] {logging_mixin.py:149} INFO - [2023-06-16T00:47:26.300+0000] {dag.py:3490} INFO - Setting next_dagrun for example_branch_labels to 2023-06-15T00:00:00+00:00, run_after=2023-06-16T00:00:00+00:00
[2023-06-16T00:47:26.421+0000] {processor.py:179} INFO - Processing /home/airflow/.local/lib/python3.7/site-packages/airflow/example_dags/example_branch_labels.py took 0.263 seconds
[2023-06-16T00:49:07.917+0000] {processor.py:157} INFO - Started process (PID=852) to work on /home/airflow/.local/lib/python3.7/site-packages/airflow/example_dags/example_branch_labels.py
[2023-06-16T00:49:07.946+0000] {processor.py:826} INFO - Processing file /home/airflow/.local/lib/python3.7/site-packages/airflow/example_dags/example_branch_labels.py for tasks to queue
[2023-06-16T00:49:07.948+0000] {logging_mixin.py:149} INFO - [2023-06-16T00:49:07.947+0000] {dagbag.py:541} INFO - Filling up the DagBag from /home/airflow/.local/lib/python3.7/site-packages/airflow/example_dags/example_branch_labels.py
[2023-06-16T00:49:07.963+0000] {processor.py:836} INFO - DAG(s) dict_keys(['example_branch_labels']) retrieved from /home/airflow/.local/lib/python3.7/site-packages/airflow/example_dags/example_branch_labels.py
[2023-06-16T00:49:08.003+0000] {logging_mixin.py:149} INFO - [2023-06-16T00:49:08.002+0000] {dag.py:2726} INFO - Sync 1 DAGs
[2023-06-16T00:49:08.173+0000] {logging_mixin.py:149} INFO - [2023-06-16T00:49:08.173+0000] {dag.py:3490} INFO - Setting next_dagrun for example_branch_labels to 2023-06-15T00:00:00+00:00, run_after=2023-06-16T00:00:00+00:00
[2023-06-16T00:49:08.396+0000] {processor.py:179} INFO - Processing /home/airflow/.local/lib/python3.7/site-packages/airflow/example_dags/example_branch_labels.py took 0.486 seconds
[2023-06-16T00:49:38.650+0000] {processor.py:157} INFO - Started process (PID=920) to work on /home/airflow/.local/lib/python3.7/site-packages/airflow/example_dags/example_branch_labels.py
[2023-06-16T00:49:38.651+0000] {processor.py:826} INFO - Processing file /home/airflow/.local/lib/python3.7/site-packages/airflow/example_dags/example_branch_labels.py for tasks to queue
[2023-06-16T00:49:38.653+0000] {logging_mixin.py:149} INFO - [2023-06-16T00:49:38.652+0000] {dagbag.py:541} INFO - Filling up the DagBag from /home/airflow/.local/lib/python3.7/site-packages/airflow/example_dags/example_branch_labels.py
[2023-06-16T00:49:38.668+0000] {processor.py:836} INFO - DAG(s) dict_keys(['example_branch_labels']) retrieved from /home/airflow/.local/lib/python3.7/site-packages/airflow/example_dags/example_branch_labels.py
[2023-06-16T00:49:38.706+0000] {logging_mixin.py:149} INFO - [2023-06-16T00:49:38.706+0000] {dag.py:2726} INFO - Sync 1 DAGs
[2023-06-16T00:49:38.746+0000] {logging_mixin.py:149} INFO - [2023-06-16T00:49:38.746+0000] {dag.py:3490} INFO - Setting next_dagrun for example_branch_labels to 2023-06-15T00:00:00+00:00, run_after=2023-06-16T00:00:00+00:00
[2023-06-16T00:49:39.000+0000] {processor.py:179} INFO - Processing /home/airflow/.local/lib/python3.7/site-packages/airflow/example_dags/example_branch_labels.py took 0.355 seconds
[2023-06-16T00:50:10.481+0000] {processor.py:157} INFO - Started process (PID=988) to work on /home/airflow/.local/lib/python3.7/site-packages/airflow/example_dags/example_branch_labels.py
[2023-06-16T00:50:10.548+0000] {processor.py:826} INFO - Processing file /home/airflow/.local/lib/python3.7/site-packages/airflow/example_dags/example_branch_labels.py for tasks to queue
[2023-06-16T00:50:10.551+0000] {logging_mixin.py:149} INFO - [2023-06-16T00:50:10.551+0000] {dagbag.py:541} INFO - Filling up the DagBag from /home/airflow/.local/lib/python3.7/site-packages/airflow/example_dags/example_branch_labels.py
[2023-06-16T00:50:10.583+0000] {processor.py:836} INFO - DAG(s) dict_keys(['example_branch_labels']) retrieved from /home/airflow/.local/lib/python3.7/site-packages/airflow/example_dags/example_branch_labels.py
[2023-06-16T00:50:10.623+0000] {logging_mixin.py:149} INFO - [2023-06-16T00:50:10.623+0000] {dag.py:2726} INFO - Sync 1 DAGs
[2023-06-16T00:50:10.669+0000] {logging_mixin.py:149} INFO - [2023-06-16T00:50:10.668+0000] {dag.py:3490} INFO - Setting next_dagrun for example_branch_labels to 2023-06-15T00:00:00+00:00, run_after=2023-06-16T00:00:00+00:00
[2023-06-16T00:50:10.816+0000] {processor.py:179} INFO - Processing /home/airflow/.local/lib/python3.7/site-packages/airflow/example_dags/example_branch_labels.py took 0.341 seconds
[2023-06-16T00:50:41.696+0000] {processor.py:157} INFO - Started process (PID=1052) to work on /home/airflow/.local/lib/python3.7/site-packages/airflow/example_dags/example_branch_labels.py
[2023-06-16T00:50:41.765+0000] {processor.py:826} INFO - Processing file /home/airflow/.local/lib/python3.7/site-packages/airflow/example_dags/example_branch_labels.py for tasks to queue
[2023-06-16T00:50:41.767+0000] {logging_mixin.py:149} INFO - [2023-06-16T00:50:41.767+0000] {dagbag.py:541} INFO - Filling up the DagBag from /home/airflow/.local/lib/python3.7/site-packages/airflow/example_dags/example_branch_labels.py
[2023-06-16T00:50:41.785+0000] {processor.py:836} INFO - DAG(s) dict_keys(['example_branch_labels']) retrieved from /home/airflow/.local/lib/python3.7/site-packages/airflow/example_dags/example_branch_labels.py
[2023-06-16T00:50:42.022+0000] {logging_mixin.py:149} INFO - [2023-06-16T00:50:42.022+0000] {dag.py:2726} INFO - Sync 1 DAGs
[2023-06-16T00:50:42.063+0000] {logging_mixin.py:149} INFO - [2023-06-16T00:50:42.063+0000] {dag.py:3490} INFO - Setting next_dagrun for example_branch_labels to 2023-06-15T00:00:00+00:00, run_after=2023-06-16T00:00:00+00:00
[2023-06-16T00:50:42.252+0000] {processor.py:179} INFO - Processing /home/airflow/.local/lib/python3.7/site-packages/airflow/example_dags/example_branch_labels.py took 0.560 seconds
[2023-06-16T00:51:13.277+0000] {processor.py:157} INFO - Started process (PID=1120) to work on /home/airflow/.local/lib/python3.7/site-packages/airflow/example_dags/example_branch_labels.py
[2023-06-16T00:51:13.450+0000] {processor.py:826} INFO - Processing file /home/airflow/.local/lib/python3.7/site-packages/airflow/example_dags/example_branch_labels.py for tasks to queue
[2023-06-16T00:51:13.453+0000] {logging_mixin.py:149} INFO - [2023-06-16T00:51:13.452+0000] {dagbag.py:541} INFO - Filling up the DagBag from /home/airflow/.local/lib/python3.7/site-packages/airflow/example_dags/example_branch_labels.py
[2023-06-16T00:51:13.583+0000] {processor.py:836} INFO - DAG(s) dict_keys(['example_branch_labels']) retrieved from /home/airflow/.local/lib/python3.7/site-packages/airflow/example_dags/example_branch_labels.py
[2023-06-16T00:51:13.715+0000] {logging_mixin.py:149} INFO - [2023-06-16T00:51:13.715+0000] {dag.py:2726} INFO - Sync 1 DAGs
[2023-06-16T00:51:13.761+0000] {logging_mixin.py:149} INFO - [2023-06-16T00:51:13.761+0000] {dag.py:3490} INFO - Setting next_dagrun for example_branch_labels to 2023-06-15T00:00:00+00:00, run_after=2023-06-16T00:00:00+00:00
[2023-06-16T00:51:14.115+0000] {processor.py:179} INFO - Processing /home/airflow/.local/lib/python3.7/site-packages/airflow/example_dags/example_branch_labels.py took 0.844 seconds
[2023-06-16T00:52:25.030+0000] {processor.py:157} INFO - Started process (PID=1195) to work on /home/airflow/.local/lib/python3.7/site-packages/airflow/example_dags/example_branch_labels.py
[2023-06-16T00:52:25.125+0000] {processor.py:826} INFO - Processing file /home/airflow/.local/lib/python3.7/site-packages/airflow/example_dags/example_branch_labels.py for tasks to queue
[2023-06-16T00:52:25.127+0000] {logging_mixin.py:149} INFO - [2023-06-16T00:52:25.127+0000] {dagbag.py:541} INFO - Filling up the DagBag from /home/airflow/.local/lib/python3.7/site-packages/airflow/example_dags/example_branch_labels.py
[2023-06-16T00:52:25.355+0000] {processor.py:836} INFO - DAG(s) dict_keys(['example_branch_labels']) retrieved from /home/airflow/.local/lib/python3.7/site-packages/airflow/example_dags/example_branch_labels.py
[2023-06-16T00:52:25.452+0000] {logging_mixin.py:149} INFO - [2023-06-16T00:52:25.452+0000] {dag.py:2726} INFO - Sync 1 DAGs
[2023-06-16T00:52:25.518+0000] {logging_mixin.py:149} INFO - [2023-06-16T00:52:25.518+0000] {dag.py:3490} INFO - Setting next_dagrun for example_branch_labels to 2023-06-15T00:00:00+00:00, run_after=2023-06-16T00:00:00+00:00
[2023-06-16T00:52:25.749+0000] {processor.py:179} INFO - Processing /home/airflow/.local/lib/python3.7/site-packages/airflow/example_dags/example_branch_labels.py took 0.725 seconds
[2023-06-16T00:57:37.397+0000] {processor.py:157} INFO - Started process (PID=67) to work on /home/airflow/.local/lib/python3.7/site-packages/airflow/example_dags/example_branch_labels.py
[2023-06-16T00:57:37.468+0000] {processor.py:826} INFO - Processing file /home/airflow/.local/lib/python3.7/site-packages/airflow/example_dags/example_branch_labels.py for tasks to queue
[2023-06-16T00:57:37.470+0000] {logging_mixin.py:149} INFO - [2023-06-16T00:57:37.469+0000] {dagbag.py:541} INFO - Filling up the DagBag from /home/airflow/.local/lib/python3.7/site-packages/airflow/example_dags/example_branch_labels.py
[2023-06-16T00:57:37.487+0000] {processor.py:836} INFO - DAG(s) dict_keys(['example_branch_labels']) retrieved from /home/airflow/.local/lib/python3.7/site-packages/airflow/example_dags/example_branch_labels.py
[2023-06-16T00:57:37.543+0000] {logging_mixin.py:149} INFO - [2023-06-16T00:57:37.543+0000] {dag.py:2726} INFO - Sync 1 DAGs
[2023-06-16T00:57:37.598+0000] {logging_mixin.py:149} INFO - [2023-06-16T00:57:37.598+0000] {dag.py:3490} INFO - Setting next_dagrun for example_branch_labels to 2023-06-15T00:00:00+00:00, run_after=2023-06-16T00:00:00+00:00
[2023-06-16T00:57:37.801+0000] {processor.py:179} INFO - Processing /home/airflow/.local/lib/python3.7/site-packages/airflow/example_dags/example_branch_labels.py took 0.409 seconds
[2023-06-16T01:01:31.474+0000] {processor.py:157} INFO - Started process (PID=169) to work on /home/airflow/.local/lib/python3.7/site-packages/airflow/example_dags/example_branch_labels.py
[2023-06-16T01:01:31.625+0000] {processor.py:826} INFO - Processing file /home/airflow/.local/lib/python3.7/site-packages/airflow/example_dags/example_branch_labels.py for tasks to queue
[2023-06-16T01:01:31.628+0000] {logging_mixin.py:149} INFO - [2023-06-16T01:01:31.627+0000] {dagbag.py:541} INFO - Filling up the DagBag from /home/airflow/.local/lib/python3.7/site-packages/airflow/example_dags/example_branch_labels.py
[2023-06-16T01:01:31.902+0000] {processor.py:836} INFO - DAG(s) dict_keys(['example_branch_labels']) retrieved from /home/airflow/.local/lib/python3.7/site-packages/airflow/example_dags/example_branch_labels.py
[2023-06-16T01:01:31.954+0000] {logging_mixin.py:149} INFO - [2023-06-16T01:01:31.954+0000] {dag.py:2726} INFO - Sync 1 DAGs
[2023-06-16T01:01:32.011+0000] {logging_mixin.py:149} INFO - [2023-06-16T01:01:32.011+0000] {dag.py:3490} INFO - Setting next_dagrun for example_branch_labels to 2023-06-15T00:00:00+00:00, run_after=2023-06-16T00:00:00+00:00
[2023-06-16T01:01:32.174+0000] {processor.py:179} INFO - Processing /home/airflow/.local/lib/python3.7/site-packages/airflow/example_dags/example_branch_labels.py took 0.719 seconds
[2023-06-16T01:02:26.147+0000] {processor.py:157} INFO - Started process (PID=249) to work on /home/airflow/.local/lib/python3.7/site-packages/airflow/example_dags/example_branch_labels.py
[2023-06-16T01:02:26.176+0000] {processor.py:826} INFO - Processing file /home/airflow/.local/lib/python3.7/site-packages/airflow/example_dags/example_branch_labels.py for tasks to queue
[2023-06-16T01:02:26.178+0000] {logging_mixin.py:149} INFO - [2023-06-16T01:02:26.177+0000] {dagbag.py:541} INFO - Filling up the DagBag from /home/airflow/.local/lib/python3.7/site-packages/airflow/example_dags/example_branch_labels.py
[2023-06-16T01:02:26.192+0000] {processor.py:836} INFO - DAG(s) dict_keys(['example_branch_labels']) retrieved from /home/airflow/.local/lib/python3.7/site-packages/airflow/example_dags/example_branch_labels.py
[2023-06-16T01:02:26.238+0000] {logging_mixin.py:149} INFO - [2023-06-16T01:02:26.238+0000] {dag.py:2726} INFO - Sync 1 DAGs
[2023-06-16T01:02:26.293+0000] {logging_mixin.py:149} INFO - [2023-06-16T01:02:26.293+0000] {dag.py:3490} INFO - Setting next_dagrun for example_branch_labels to 2023-06-15T00:00:00+00:00, run_after=2023-06-16T00:00:00+00:00
[2023-06-16T01:02:26.354+0000] {processor.py:179} INFO - Processing /home/airflow/.local/lib/python3.7/site-packages/airflow/example_dags/example_branch_labels.py took 0.213 seconds
[2023-06-16T01:02:56.584+0000] {processor.py:157} INFO - Started process (PID=315) to work on /home/airflow/.local/lib/python3.7/site-packages/airflow/example_dags/example_branch_labels.py
[2023-06-16T01:02:56.585+0000] {processor.py:826} INFO - Processing file /home/airflow/.local/lib/python3.7/site-packages/airflow/example_dags/example_branch_labels.py for tasks to queue
[2023-06-16T01:02:56.586+0000] {logging_mixin.py:149} INFO - [2023-06-16T01:02:56.586+0000] {dagbag.py:541} INFO - Filling up the DagBag from /home/airflow/.local/lib/python3.7/site-packages/airflow/example_dags/example_branch_labels.py
[2023-06-16T01:02:56.600+0000] {processor.py:836} INFO - DAG(s) dict_keys(['example_branch_labels']) retrieved from /home/airflow/.local/lib/python3.7/site-packages/airflow/example_dags/example_branch_labels.py
[2023-06-16T01:02:56.632+0000] {logging_mixin.py:149} INFO - [2023-06-16T01:02:56.632+0000] {dag.py:2726} INFO - Sync 1 DAGs
[2023-06-16T01:02:56.667+0000] {logging_mixin.py:149} INFO - [2023-06-16T01:02:56.667+0000] {dag.py:3490} INFO - Setting next_dagrun for example_branch_labels to 2023-06-15T00:00:00+00:00, run_after=2023-06-16T00:00:00+00:00
[2023-06-16T01:02:56.805+0000] {processor.py:179} INFO - Processing /home/airflow/.local/lib/python3.7/site-packages/airflow/example_dags/example_branch_labels.py took 0.227 seconds
[2023-06-16T01:03:27.577+0000] {processor.py:157} INFO - Started process (PID=380) to work on /home/airflow/.local/lib/python3.7/site-packages/airflow/example_dags/example_branch_labels.py
[2023-06-16T01:03:27.597+0000] {processor.py:826} INFO - Processing file /home/airflow/.local/lib/python3.7/site-packages/airflow/example_dags/example_branch_labels.py for tasks to queue
[2023-06-16T01:03:27.598+0000] {logging_mixin.py:149} INFO - [2023-06-16T01:03:27.598+0000] {dagbag.py:541} INFO - Filling up the DagBag from /home/airflow/.local/lib/python3.7/site-packages/airflow/example_dags/example_branch_labels.py
[2023-06-16T01:03:27.615+0000] {processor.py:836} INFO - DAG(s) dict_keys(['example_branch_labels']) retrieved from /home/airflow/.local/lib/python3.7/site-packages/airflow/example_dags/example_branch_labels.py
[2023-06-16T01:03:27.661+0000] {logging_mixin.py:149} INFO - [2023-06-16T01:03:27.660+0000] {dag.py:2726} INFO - Sync 1 DAGs
[2023-06-16T01:03:27.719+0000] {logging_mixin.py:149} INFO - [2023-06-16T01:03:27.719+0000] {dag.py:3490} INFO - Setting next_dagrun for example_branch_labels to 2023-06-15T00:00:00+00:00, run_after=2023-06-16T00:00:00+00:00
[2023-06-16T01:03:27.763+0000] {processor.py:179} INFO - Processing /home/airflow/.local/lib/python3.7/site-packages/airflow/example_dags/example_branch_labels.py took 0.191 seconds
[2023-06-16T01:03:58.453+0000] {processor.py:157} INFO - Started process (PID=448) to work on /home/airflow/.local/lib/python3.7/site-packages/airflow/example_dags/example_branch_labels.py
[2023-06-16T01:03:58.454+0000] {processor.py:826} INFO - Processing file /home/airflow/.local/lib/python3.7/site-packages/airflow/example_dags/example_branch_labels.py for tasks to queue
[2023-06-16T01:03:58.456+0000] {logging_mixin.py:149} INFO - [2023-06-16T01:03:58.455+0000] {dagbag.py:541} INFO - Filling up the DagBag from /home/airflow/.local/lib/python3.7/site-packages/airflow/example_dags/example_branch_labels.py
[2023-06-16T01:03:58.471+0000] {processor.py:836} INFO - DAG(s) dict_keys(['example_branch_labels']) retrieved from /home/airflow/.local/lib/python3.7/site-packages/airflow/example_dags/example_branch_labels.py
[2023-06-16T01:03:58.522+0000] {logging_mixin.py:149} INFO - [2023-06-16T01:03:58.522+0000] {dag.py:2726} INFO - Sync 1 DAGs
[2023-06-16T01:03:58.583+0000] {logging_mixin.py:149} INFO - [2023-06-16T01:03:58.582+0000] {dag.py:3490} INFO - Setting next_dagrun for example_branch_labels to 2023-06-15T00:00:00+00:00, run_after=2023-06-16T00:00:00+00:00
[2023-06-16T01:03:58.639+0000] {processor.py:179} INFO - Processing /home/airflow/.local/lib/python3.7/site-packages/airflow/example_dags/example_branch_labels.py took 0.192 seconds
[2023-06-16T09:58:25.648+0000] {processor.py:157} INFO - Started process (PID=60) to work on /home/airflow/.local/lib/python3.7/site-packages/airflow/example_dags/example_branch_labels.py
[2023-06-16T09:58:25.761+0000] {processor.py:826} INFO - Processing file /home/airflow/.local/lib/python3.7/site-packages/airflow/example_dags/example_branch_labels.py for tasks to queue
[2023-06-16T09:58:25.766+0000] {logging_mixin.py:149} INFO - [2023-06-16T09:58:25.765+0000] {dagbag.py:541} INFO - Filling up the DagBag from /home/airflow/.local/lib/python3.7/site-packages/airflow/example_dags/example_branch_labels.py
[2023-06-16T09:58:25.856+0000] {processor.py:836} INFO - DAG(s) dict_keys(['example_branch_labels']) retrieved from /home/airflow/.local/lib/python3.7/site-packages/airflow/example_dags/example_branch_labels.py
[2023-06-16T09:58:25.915+0000] {logging_mixin.py:149} INFO - [2023-06-16T09:58:25.914+0000] {dag.py:2726} INFO - Sync 1 DAGs
[2023-06-16T09:58:25.971+0000] {logging_mixin.py:149} INFO - [2023-06-16T09:58:25.971+0000] {dag.py:3490} INFO - Setting next_dagrun for example_branch_labels to 2023-06-15T00:00:00+00:00, run_after=2023-06-16T00:00:00+00:00
[2023-06-16T09:58:26.135+0000] {processor.py:179} INFO - Processing /home/airflow/.local/lib/python3.7/site-packages/airflow/example_dags/example_branch_labels.py took 0.491 seconds
[2023-06-16T09:58:56.893+0000] {processor.py:157} INFO - Started process (PID=122) to work on /home/airflow/.local/lib/python3.7/site-packages/airflow/example_dags/example_branch_labels.py
[2023-06-16T09:58:56.929+0000] {processor.py:826} INFO - Processing file /home/airflow/.local/lib/python3.7/site-packages/airflow/example_dags/example_branch_labels.py for tasks to queue
[2023-06-16T09:58:56.930+0000] {logging_mixin.py:149} INFO - [2023-06-16T09:58:56.930+0000] {dagbag.py:541} INFO - Filling up the DagBag from /home/airflow/.local/lib/python3.7/site-packages/airflow/example_dags/example_branch_labels.py
[2023-06-16T09:58:56.940+0000] {processor.py:836} INFO - DAG(s) dict_keys(['example_branch_labels']) retrieved from /home/airflow/.local/lib/python3.7/site-packages/airflow/example_dags/example_branch_labels.py
[2023-06-16T09:58:56.973+0000] {logging_mixin.py:149} INFO - [2023-06-16T09:58:56.973+0000] {dag.py:2726} INFO - Sync 1 DAGs
[2023-06-16T09:58:57.008+0000] {logging_mixin.py:149} INFO - [2023-06-16T09:58:57.008+0000] {dag.py:3490} INFO - Setting next_dagrun for example_branch_labels to 2023-06-15T00:00:00+00:00, run_after=2023-06-16T00:00:00+00:00
[2023-06-16T09:58:57.126+0000] {processor.py:179} INFO - Processing /home/airflow/.local/lib/python3.7/site-packages/airflow/example_dags/example_branch_labels.py took 0.238 seconds
[2023-06-16T09:59:30.521+0000] {processor.py:157} INFO - Started process (PID=190) to work on /home/airflow/.local/lib/python3.7/site-packages/airflow/example_dags/example_branch_labels.py
[2023-06-16T09:59:30.529+0000] {processor.py:826} INFO - Processing file /home/airflow/.local/lib/python3.7/site-packages/airflow/example_dags/example_branch_labels.py for tasks to queue
[2023-06-16T09:59:30.530+0000] {logging_mixin.py:149} INFO - [2023-06-16T09:59:30.530+0000] {dagbag.py:541} INFO - Filling up the DagBag from /home/airflow/.local/lib/python3.7/site-packages/airflow/example_dags/example_branch_labels.py
[2023-06-16T09:59:30.543+0000] {processor.py:836} INFO - DAG(s) dict_keys(['example_branch_labels']) retrieved from /home/airflow/.local/lib/python3.7/site-packages/airflow/example_dags/example_branch_labels.py
[2023-06-16T09:59:30.581+0000] {logging_mixin.py:149} INFO - [2023-06-16T09:59:30.581+0000] {dag.py:2726} INFO - Sync 1 DAGs
[2023-06-16T09:59:34.910+0000] {logging_mixin.py:149} INFO - [2023-06-16T09:59:34.910+0000] {dag.py:3490} INFO - Setting next_dagrun for example_branch_labels to 2023-06-15T00:00:00+00:00, run_after=2023-06-16T00:00:00+00:00
[2023-06-16T09:59:34.997+0000] {processor.py:179} INFO - Processing /home/airflow/.local/lib/python3.7/site-packages/airflow/example_dags/example_branch_labels.py took 4.481 seconds
[2023-06-16T10:00:05.311+0000] {processor.py:157} INFO - Started process (PID=258) to work on /home/airflow/.local/lib/python3.7/site-packages/airflow/example_dags/example_branch_labels.py
[2023-06-16T10:00:05.413+0000] {processor.py:826} INFO - Processing file /home/airflow/.local/lib/python3.7/site-packages/airflow/example_dags/example_branch_labels.py for tasks to queue
[2023-06-16T10:00:05.416+0000] {logging_mixin.py:149} INFO - [2023-06-16T10:00:05.416+0000] {dagbag.py:541} INFO - Filling up the DagBag from /home/airflow/.local/lib/python3.7/site-packages/airflow/example_dags/example_branch_labels.py
[2023-06-16T10:00:05.446+0000] {processor.py:836} INFO - DAG(s) dict_keys(['example_branch_labels']) retrieved from /home/airflow/.local/lib/python3.7/site-packages/airflow/example_dags/example_branch_labels.py
[2023-06-16T10:00:05.482+0000] {logging_mixin.py:149} INFO - [2023-06-16T10:00:05.482+0000] {dag.py:2726} INFO - Sync 1 DAGs
[2023-06-16T10:00:05.517+0000] {logging_mixin.py:149} INFO - [2023-06-16T10:00:05.517+0000] {dag.py:3490} INFO - Setting next_dagrun for example_branch_labels to 2023-06-15T00:00:00+00:00, run_after=2023-06-16T00:00:00+00:00
[2023-06-16T10:00:05.678+0000] {processor.py:179} INFO - Processing /home/airflow/.local/lib/python3.7/site-packages/airflow/example_dags/example_branch_labels.py took 0.374 seconds
[2023-06-16T10:00:35.722+0000] {processor.py:157} INFO - Started process (PID=326) to work on /home/airflow/.local/lib/python3.7/site-packages/airflow/example_dags/example_branch_labels.py
[2023-06-16T10:00:35.723+0000] {processor.py:826} INFO - Processing file /home/airflow/.local/lib/python3.7/site-packages/airflow/example_dags/example_branch_labels.py for tasks to queue
[2023-06-16T10:00:35.723+0000] {logging_mixin.py:149} INFO - [2023-06-16T10:00:35.723+0000] {dagbag.py:541} INFO - Filling up the DagBag from /home/airflow/.local/lib/python3.7/site-packages/airflow/example_dags/example_branch_labels.py
[2023-06-16T10:00:35.733+0000] {processor.py:836} INFO - DAG(s) dict_keys(['example_branch_labels']) retrieved from /home/airflow/.local/lib/python3.7/site-packages/airflow/example_dags/example_branch_labels.py
[2023-06-16T10:00:35.767+0000] {logging_mixin.py:149} INFO - [2023-06-16T10:00:35.767+0000] {dag.py:2726} INFO - Sync 1 DAGs
[2023-06-16T10:00:35.806+0000] {logging_mixin.py:149} INFO - [2023-06-16T10:00:35.806+0000] {dag.py:3490} INFO - Setting next_dagrun for example_branch_labels to 2023-06-15T00:00:00+00:00, run_after=2023-06-16T00:00:00+00:00
[2023-06-16T10:00:35.918+0000] {processor.py:179} INFO - Processing /home/airflow/.local/lib/python3.7/site-packages/airflow/example_dags/example_branch_labels.py took 0.201 seconds
[2023-06-16T10:01:13.113+0000] {processor.py:157} INFO - Started process (PID=389) to work on /home/airflow/.local/lib/python3.7/site-packages/airflow/example_dags/example_branch_labels.py
[2023-06-16T10:01:13.169+0000] {processor.py:826} INFO - Processing file /home/airflow/.local/lib/python3.7/site-packages/airflow/example_dags/example_branch_labels.py for tasks to queue
[2023-06-16T10:01:13.172+0000] {logging_mixin.py:149} INFO - [2023-06-16T10:01:13.171+0000] {dagbag.py:541} INFO - Filling up the DagBag from /home/airflow/.local/lib/python3.7/site-packages/airflow/example_dags/example_branch_labels.py
[2023-06-16T10:01:13.289+0000] {processor.py:836} INFO - DAG(s) dict_keys(['example_branch_labels']) retrieved from /home/airflow/.local/lib/python3.7/site-packages/airflow/example_dags/example_branch_labels.py
[2023-06-16T10:01:13.334+0000] {logging_mixin.py:149} INFO - [2023-06-16T10:01:13.334+0000] {dag.py:2726} INFO - Sync 1 DAGs
[2023-06-16T10:01:13.373+0000] {logging_mixin.py:149} INFO - [2023-06-16T10:01:13.373+0000] {dag.py:3490} INFO - Setting next_dagrun for example_branch_labels to 2023-06-15T00:00:00+00:00, run_after=2023-06-16T00:00:00+00:00
[2023-06-16T10:01:13.540+0000] {processor.py:179} INFO - Processing /home/airflow/.local/lib/python3.7/site-packages/airflow/example_dags/example_branch_labels.py took 0.432 seconds
[2023-06-16T10:01:44.105+0000] {processor.py:157} INFO - Started process (PID=457) to work on /home/airflow/.local/lib/python3.7/site-packages/airflow/example_dags/example_branch_labels.py
[2023-06-16T10:01:44.172+0000] {processor.py:826} INFO - Processing file /home/airflow/.local/lib/python3.7/site-packages/airflow/example_dags/example_branch_labels.py for tasks to queue
[2023-06-16T10:01:44.174+0000] {logging_mixin.py:149} INFO - [2023-06-16T10:01:44.173+0000] {dagbag.py:541} INFO - Filling up the DagBag from /home/airflow/.local/lib/python3.7/site-packages/airflow/example_dags/example_branch_labels.py
[2023-06-16T10:01:44.189+0000] {processor.py:836} INFO - DAG(s) dict_keys(['example_branch_labels']) retrieved from /home/airflow/.local/lib/python3.7/site-packages/airflow/example_dags/example_branch_labels.py
[2023-06-16T10:01:44.241+0000] {logging_mixin.py:149} INFO - [2023-06-16T10:01:44.241+0000] {dag.py:2726} INFO - Sync 1 DAGs
[2023-06-16T10:01:44.311+0000] {logging_mixin.py:149} INFO - [2023-06-16T10:01:44.311+0000] {dag.py:3490} INFO - Setting next_dagrun for example_branch_labels to 2023-06-15T00:00:00+00:00, run_after=2023-06-16T00:00:00+00:00
[2023-06-16T10:01:44.469+0000] {processor.py:179} INFO - Processing /home/airflow/.local/lib/python3.7/site-packages/airflow/example_dags/example_branch_labels.py took 0.370 seconds
[2023-06-16T10:02:15.841+0000] {processor.py:157} INFO - Started process (PID=525) to work on /home/airflow/.local/lib/python3.7/site-packages/airflow/example_dags/example_branch_labels.py
[2023-06-16T10:02:15.914+0000] {processor.py:826} INFO - Processing file /home/airflow/.local/lib/python3.7/site-packages/airflow/example_dags/example_branch_labels.py for tasks to queue
[2023-06-16T10:02:15.970+0000] {logging_mixin.py:149} INFO - [2023-06-16T10:02:15.969+0000] {dagbag.py:541} INFO - Filling up the DagBag from /home/airflow/.local/lib/python3.7/site-packages/airflow/example_dags/example_branch_labels.py
[2023-06-16T10:02:15.998+0000] {processor.py:836} INFO - DAG(s) dict_keys(['example_branch_labels']) retrieved from /home/airflow/.local/lib/python3.7/site-packages/airflow/example_dags/example_branch_labels.py
[2023-06-16T10:02:16.040+0000] {logging_mixin.py:149} INFO - [2023-06-16T10:02:16.040+0000] {dag.py:2726} INFO - Sync 1 DAGs
[2023-06-16T10:02:16.081+0000] {logging_mixin.py:149} INFO - [2023-06-16T10:02:16.081+0000] {dag.py:3490} INFO - Setting next_dagrun for example_branch_labels to 2023-06-15T00:00:00+00:00, run_after=2023-06-16T00:00:00+00:00
[2023-06-16T10:02:16.186+0000] {processor.py:179} INFO - Processing /home/airflow/.local/lib/python3.7/site-packages/airflow/example_dags/example_branch_labels.py took 0.349 seconds
[2023-06-16T10:03:09.509+0000] {processor.py:157} INFO - Started process (PID=595) to work on /home/airflow/.local/lib/python3.7/site-packages/airflow/example_dags/example_branch_labels.py
[2023-06-16T10:03:09.621+0000] {processor.py:826} INFO - Processing file /home/airflow/.local/lib/python3.7/site-packages/airflow/example_dags/example_branch_labels.py for tasks to queue
[2023-06-16T10:03:09.628+0000] {logging_mixin.py:149} INFO - [2023-06-16T10:03:09.627+0000] {dagbag.py:541} INFO - Filling up the DagBag from /home/airflow/.local/lib/python3.7/site-packages/airflow/example_dags/example_branch_labels.py
[2023-06-16T10:03:09.668+0000] {processor.py:836} INFO - DAG(s) dict_keys(['example_branch_labels']) retrieved from /home/airflow/.local/lib/python3.7/site-packages/airflow/example_dags/example_branch_labels.py
[2023-06-16T10:03:09.758+0000] {logging_mixin.py:149} INFO - [2023-06-16T10:03:09.758+0000] {dag.py:2726} INFO - Sync 1 DAGs
[2023-06-16T10:03:10.161+0000] {logging_mixin.py:149} INFO - [2023-06-16T10:03:10.161+0000] {dag.py:3490} INFO - Setting next_dagrun for example_branch_labels to 2023-06-15T00:00:00+00:00, run_after=2023-06-16T00:00:00+00:00
[2023-06-16T10:03:10.348+0000] {processor.py:179} INFO - Processing /home/airflow/.local/lib/python3.7/site-packages/airflow/example_dags/example_branch_labels.py took 0.844 seconds
[2023-06-16T10:03:47.490+0000] {processor.py:157} INFO - Started process (PID=638) to work on /home/airflow/.local/lib/python3.7/site-packages/airflow/example_dags/example_branch_labels.py
[2023-06-16T10:03:47.525+0000] {processor.py:826} INFO - Processing file /home/airflow/.local/lib/python3.7/site-packages/airflow/example_dags/example_branch_labels.py for tasks to queue
[2023-06-16T10:03:47.529+0000] {logging_mixin.py:149} INFO - [2023-06-16T10:03:47.528+0000] {dagbag.py:541} INFO - Filling up the DagBag from /home/airflow/.local/lib/python3.7/site-packages/airflow/example_dags/example_branch_labels.py
[2023-06-16T10:03:47.686+0000] {processor.py:836} INFO - DAG(s) dict_keys(['example_branch_labels']) retrieved from /home/airflow/.local/lib/python3.7/site-packages/airflow/example_dags/example_branch_labels.py
[2023-06-16T10:03:47.804+0000] {logging_mixin.py:149} INFO - [2023-06-16T10:03:47.803+0000] {dag.py:2726} INFO - Sync 1 DAGs
[2023-06-16T10:03:51.849+0000] {logging_mixin.py:149} INFO - [2023-06-16T10:03:51.849+0000] {dag.py:3490} INFO - Setting next_dagrun for example_branch_labels to 2023-06-15T00:00:00+00:00, run_after=2023-06-16T00:00:00+00:00
[2023-06-16T10:03:52.749+0000] {processor.py:179} INFO - Processing /home/airflow/.local/lib/python3.7/site-packages/airflow/example_dags/example_branch_labels.py took 5.264 seconds
[2023-06-16T10:06:06.099+0000] {processor.py:157} INFO - Started process (PID=733) to work on /home/airflow/.local/lib/python3.7/site-packages/airflow/example_dags/example_branch_labels.py
[2023-06-16T10:06:06.262+0000] {processor.py:826} INFO - Processing file /home/airflow/.local/lib/python3.7/site-packages/airflow/example_dags/example_branch_labels.py for tasks to queue
[2023-06-16T10:06:06.264+0000] {logging_mixin.py:149} INFO - [2023-06-16T10:06:06.263+0000] {dagbag.py:541} INFO - Filling up the DagBag from /home/airflow/.local/lib/python3.7/site-packages/airflow/example_dags/example_branch_labels.py
[2023-06-16T10:06:06.339+0000] {processor.py:836} INFO - DAG(s) dict_keys(['example_branch_labels']) retrieved from /home/airflow/.local/lib/python3.7/site-packages/airflow/example_dags/example_branch_labels.py
[2023-06-16T10:06:06.407+0000] {logging_mixin.py:149} INFO - [2023-06-16T10:06:06.407+0000] {dag.py:2726} INFO - Sync 1 DAGs
[2023-06-16T10:06:06.449+0000] {logging_mixin.py:149} INFO - [2023-06-16T10:06:06.449+0000] {dag.py:3490} INFO - Setting next_dagrun for example_branch_labels to 2023-06-15T00:00:00+00:00, run_after=2023-06-16T00:00:00+00:00
[2023-06-16T10:06:06.522+0000] {processor.py:179} INFO - Processing /home/airflow/.local/lib/python3.7/site-packages/airflow/example_dags/example_branch_labels.py took 0.429 seconds
[2023-06-16T10:06:37.228+0000] {processor.py:157} INFO - Started process (PID=801) to work on /home/airflow/.local/lib/python3.7/site-packages/airflow/example_dags/example_branch_labels.py
[2023-06-16T10:06:37.228+0000] {processor.py:826} INFO - Processing file /home/airflow/.local/lib/python3.7/site-packages/airflow/example_dags/example_branch_labels.py for tasks to queue
[2023-06-16T10:06:37.229+0000] {logging_mixin.py:149} INFO - [2023-06-16T10:06:37.229+0000] {dagbag.py:541} INFO - Filling up the DagBag from /home/airflow/.local/lib/python3.7/site-packages/airflow/example_dags/example_branch_labels.py
[2023-06-16T10:06:37.239+0000] {processor.py:836} INFO - DAG(s) dict_keys(['example_branch_labels']) retrieved from /home/airflow/.local/lib/python3.7/site-packages/airflow/example_dags/example_branch_labels.py
[2023-06-16T10:06:37.274+0000] {logging_mixin.py:149} INFO - [2023-06-16T10:06:37.273+0000] {dag.py:2726} INFO - Sync 1 DAGs
[2023-06-16T10:06:37.311+0000] {logging_mixin.py:149} INFO - [2023-06-16T10:06:37.311+0000] {dag.py:3490} INFO - Setting next_dagrun for example_branch_labels to 2023-06-15T00:00:00+00:00, run_after=2023-06-16T00:00:00+00:00
[2023-06-16T10:06:37.466+0000] {processor.py:179} INFO - Processing /home/airflow/.local/lib/python3.7/site-packages/airflow/example_dags/example_branch_labels.py took 0.244 seconds
[2023-06-16T10:07:56.923+0000] {processor.py:157} INFO - Started process (PID=877) to work on /home/airflow/.local/lib/python3.7/site-packages/airflow/example_dags/example_branch_labels.py
[2023-06-16T10:07:57.197+0000] {processor.py:826} INFO - Processing file /home/airflow/.local/lib/python3.7/site-packages/airflow/example_dags/example_branch_labels.py for tasks to queue
[2023-06-16T10:07:57.201+0000] {logging_mixin.py:149} INFO - [2023-06-16T10:07:57.200+0000] {dagbag.py:541} INFO - Filling up the DagBag from /home/airflow/.local/lib/python3.7/site-packages/airflow/example_dags/example_branch_labels.py
[2023-06-16T10:07:57.289+0000] {processor.py:836} INFO - DAG(s) dict_keys(['example_branch_labels']) retrieved from /home/airflow/.local/lib/python3.7/site-packages/airflow/example_dags/example_branch_labels.py
[2023-06-16T10:07:57.985+0000] {logging_mixin.py:149} INFO - [2023-06-16T10:07:57.984+0000] {dag.py:2726} INFO - Sync 1 DAGs
[2023-06-16T10:07:58.835+0000] {logging_mixin.py:149} INFO - [2023-06-16T10:07:58.835+0000] {dag.py:3490} INFO - Setting next_dagrun for example_branch_labels to 2023-06-15T00:00:00+00:00, run_after=2023-06-16T00:00:00+00:00
[2023-06-16T10:07:59.493+0000] {processor.py:179} INFO - Processing /home/airflow/.local/lib/python3.7/site-packages/airflow/example_dags/example_branch_labels.py took 2.588 seconds
[2023-06-16T10:08:57.410+0000] {processor.py:157} INFO - Started process (PID=946) to work on /home/airflow/.local/lib/python3.7/site-packages/airflow/example_dags/example_branch_labels.py
[2023-06-16T10:08:57.523+0000] {processor.py:826} INFO - Processing file /home/airflow/.local/lib/python3.7/site-packages/airflow/example_dags/example_branch_labels.py for tasks to queue
[2023-06-16T10:08:57.526+0000] {logging_mixin.py:149} INFO - [2023-06-16T10:08:57.525+0000] {dagbag.py:541} INFO - Filling up the DagBag from /home/airflow/.local/lib/python3.7/site-packages/airflow/example_dags/example_branch_labels.py
[2023-06-16T10:08:57.565+0000] {processor.py:836} INFO - DAG(s) dict_keys(['example_branch_labels']) retrieved from /home/airflow/.local/lib/python3.7/site-packages/airflow/example_dags/example_branch_labels.py
[2023-06-16T10:08:57.612+0000] {logging_mixin.py:149} INFO - [2023-06-16T10:08:57.612+0000] {dag.py:2726} INFO - Sync 1 DAGs
[2023-06-16T10:08:57.666+0000] {logging_mixin.py:149} INFO - [2023-06-16T10:08:57.665+0000] {dag.py:3490} INFO - Setting next_dagrun for example_branch_labels to 2023-06-15T00:00:00+00:00, run_after=2023-06-16T00:00:00+00:00
[2023-06-16T10:08:57.935+0000] {processor.py:179} INFO - Processing /home/airflow/.local/lib/python3.7/site-packages/airflow/example_dags/example_branch_labels.py took 0.531 seconds
[2023-06-16T10:14:00.737+0000] {processor.py:157} INFO - Started process (PID=68) to work on /home/airflow/.local/lib/python3.7/site-packages/airflow/example_dags/example_branch_labels.py
[2023-06-16T10:14:00.925+0000] {processor.py:826} INFO - Processing file /home/airflow/.local/lib/python3.7/site-packages/airflow/example_dags/example_branch_labels.py for tasks to queue
[2023-06-16T10:14:00.928+0000] {logging_mixin.py:149} INFO - [2023-06-16T10:14:00.928+0000] {dagbag.py:541} INFO - Filling up the DagBag from /home/airflow/.local/lib/python3.7/site-packages/airflow/example_dags/example_branch_labels.py
[2023-06-16T10:14:00.972+0000] {processor.py:836} INFO - DAG(s) dict_keys(['example_branch_labels']) retrieved from /home/airflow/.local/lib/python3.7/site-packages/airflow/example_dags/example_branch_labels.py
[2023-06-16T10:14:01.010+0000] {logging_mixin.py:149} INFO - [2023-06-16T10:14:01.010+0000] {dag.py:2726} INFO - Sync 1 DAGs
[2023-06-16T10:14:01.066+0000] {logging_mixin.py:149} INFO - [2023-06-16T10:14:01.065+0000] {dag.py:3490} INFO - Setting next_dagrun for example_branch_labels to 2023-06-15T00:00:00+00:00, run_after=2023-06-16T00:00:00+00:00
[2023-06-16T10:14:01.178+0000] {processor.py:179} INFO - Processing /home/airflow/.local/lib/python3.7/site-packages/airflow/example_dags/example_branch_labels.py took 0.446 seconds
[2023-06-16T10:14:31.256+0000] {processor.py:157} INFO - Started process (PID=124) to work on /home/airflow/.local/lib/python3.7/site-packages/airflow/example_dags/example_branch_labels.py
[2023-06-16T10:14:31.294+0000] {processor.py:826} INFO - Processing file /home/airflow/.local/lib/python3.7/site-packages/airflow/example_dags/example_branch_labels.py for tasks to queue
[2023-06-16T10:14:31.296+0000] {logging_mixin.py:149} INFO - [2023-06-16T10:14:31.295+0000] {dagbag.py:541} INFO - Filling up the DagBag from /home/airflow/.local/lib/python3.7/site-packages/airflow/example_dags/example_branch_labels.py
[2023-06-16T10:14:31.317+0000] {processor.py:836} INFO - DAG(s) dict_keys(['example_branch_labels']) retrieved from /home/airflow/.local/lib/python3.7/site-packages/airflow/example_dags/example_branch_labels.py
[2023-06-16T10:14:31.387+0000] {logging_mixin.py:149} INFO - [2023-06-16T10:14:31.386+0000] {dag.py:2726} INFO - Sync 1 DAGs
[2023-06-16T10:14:31.446+0000] {logging_mixin.py:149} INFO - [2023-06-16T10:14:31.445+0000] {dag.py:3490} INFO - Setting next_dagrun for example_branch_labels to 2023-06-15T00:00:00+00:00, run_after=2023-06-16T00:00:00+00:00
[2023-06-16T10:14:31.552+0000] {processor.py:179} INFO - Processing /home/airflow/.local/lib/python3.7/site-packages/airflow/example_dags/example_branch_labels.py took 0.308 seconds
[2023-06-16T10:15:01.853+0000] {processor.py:157} INFO - Started process (PID=193) to work on /home/airflow/.local/lib/python3.7/site-packages/airflow/example_dags/example_branch_labels.py
[2023-06-16T10:15:01.973+0000] {processor.py:826} INFO - Processing file /home/airflow/.local/lib/python3.7/site-packages/airflow/example_dags/example_branch_labels.py for tasks to queue
[2023-06-16T10:15:01.976+0000] {logging_mixin.py:149} INFO - [2023-06-16T10:15:01.976+0000] {dagbag.py:541} INFO - Filling up the DagBag from /home/airflow/.local/lib/python3.7/site-packages/airflow/example_dags/example_branch_labels.py
[2023-06-16T10:15:02.008+0000] {processor.py:836} INFO - DAG(s) dict_keys(['example_branch_labels']) retrieved from /home/airflow/.local/lib/python3.7/site-packages/airflow/example_dags/example_branch_labels.py
[2023-06-16T10:15:02.241+0000] {logging_mixin.py:149} INFO - [2023-06-16T10:15:02.241+0000] {dag.py:2726} INFO - Sync 1 DAGs
[2023-06-16T10:15:02.277+0000] {logging_mixin.py:149} INFO - [2023-06-16T10:15:02.277+0000] {dag.py:3490} INFO - Setting next_dagrun for example_branch_labels to 2023-06-15T00:00:00+00:00, run_after=2023-06-16T00:00:00+00:00
[2023-06-16T10:15:02.313+0000] {processor.py:179} INFO - Processing /home/airflow/.local/lib/python3.7/site-packages/airflow/example_dags/example_branch_labels.py took 0.463 seconds
[2023-06-16T10:15:32.765+0000] {processor.py:157} INFO - Started process (PID=261) to work on /home/airflow/.local/lib/python3.7/site-packages/airflow/example_dags/example_branch_labels.py
[2023-06-16T10:15:32.768+0000] {processor.py:826} INFO - Processing file /home/airflow/.local/lib/python3.7/site-packages/airflow/example_dags/example_branch_labels.py for tasks to queue
[2023-06-16T10:15:32.770+0000] {logging_mixin.py:149} INFO - [2023-06-16T10:15:32.769+0000] {dagbag.py:541} INFO - Filling up the DagBag from /home/airflow/.local/lib/python3.7/site-packages/airflow/example_dags/example_branch_labels.py
[2023-06-16T10:15:32.802+0000] {processor.py:836} INFO - DAG(s) dict_keys(['example_branch_labels']) retrieved from /home/airflow/.local/lib/python3.7/site-packages/airflow/example_dags/example_branch_labels.py
[2023-06-16T10:15:32.858+0000] {logging_mixin.py:149} INFO - [2023-06-16T10:15:32.858+0000] {dag.py:2726} INFO - Sync 1 DAGs
[2023-06-16T10:15:32.898+0000] {logging_mixin.py:149} INFO - [2023-06-16T10:15:32.898+0000] {dag.py:3490} INFO - Setting next_dagrun for example_branch_labels to 2023-06-15T00:00:00+00:00, run_after=2023-06-16T00:00:00+00:00
[2023-06-16T10:15:32.935+0000] {processor.py:179} INFO - Processing /home/airflow/.local/lib/python3.7/site-packages/airflow/example_dags/example_branch_labels.py took 0.182 seconds
[2023-06-16T10:16:03.441+0000] {processor.py:157} INFO - Started process (PID=329) to work on /home/airflow/.local/lib/python3.7/site-packages/airflow/example_dags/example_branch_labels.py
[2023-06-16T10:16:03.442+0000] {processor.py:826} INFO - Processing file /home/airflow/.local/lib/python3.7/site-packages/airflow/example_dags/example_branch_labels.py for tasks to queue
[2023-06-16T10:16:03.443+0000] {logging_mixin.py:149} INFO - [2023-06-16T10:16:03.442+0000] {dagbag.py:541} INFO - Filling up the DagBag from /home/airflow/.local/lib/python3.7/site-packages/airflow/example_dags/example_branch_labels.py
[2023-06-16T10:16:03.453+0000] {processor.py:836} INFO - DAG(s) dict_keys(['example_branch_labels']) retrieved from /home/airflow/.local/lib/python3.7/site-packages/airflow/example_dags/example_branch_labels.py
[2023-06-16T10:16:03.497+0000] {logging_mixin.py:149} INFO - [2023-06-16T10:16:03.496+0000] {dag.py:2726} INFO - Sync 1 DAGs
[2023-06-16T10:16:03.550+0000] {logging_mixin.py:149} INFO - [2023-06-16T10:16:03.550+0000] {dag.py:3490} INFO - Setting next_dagrun for example_branch_labels to 2023-06-15T00:00:00+00:00, run_after=2023-06-16T00:00:00+00:00
[2023-06-16T10:16:03.583+0000] {processor.py:179} INFO - Processing /home/airflow/.local/lib/python3.7/site-packages/airflow/example_dags/example_branch_labels.py took 0.149 seconds
[2023-06-16T10:16:34.099+0000] {processor.py:157} INFO - Started process (PID=397) to work on /home/airflow/.local/lib/python3.7/site-packages/airflow/example_dags/example_branch_labels.py
[2023-06-16T10:16:34.133+0000] {processor.py:826} INFO - Processing file /home/airflow/.local/lib/python3.7/site-packages/airflow/example_dags/example_branch_labels.py for tasks to queue
[2023-06-16T10:16:34.134+0000] {logging_mixin.py:149} INFO - [2023-06-16T10:16:34.134+0000] {dagbag.py:541} INFO - Filling up the DagBag from /home/airflow/.local/lib/python3.7/site-packages/airflow/example_dags/example_branch_labels.py
[2023-06-16T10:16:34.144+0000] {processor.py:836} INFO - DAG(s) dict_keys(['example_branch_labels']) retrieved from /home/airflow/.local/lib/python3.7/site-packages/airflow/example_dags/example_branch_labels.py
[2023-06-16T10:16:34.184+0000] {logging_mixin.py:149} INFO - [2023-06-16T10:16:34.184+0000] {dag.py:2726} INFO - Sync 1 DAGs
[2023-06-16T10:16:34.222+0000] {logging_mixin.py:149} INFO - [2023-06-16T10:16:34.222+0000] {dag.py:3490} INFO - Setting next_dagrun for example_branch_labels to 2023-06-15T00:00:00+00:00, run_after=2023-06-16T00:00:00+00:00
[2023-06-16T10:16:34.270+0000] {processor.py:179} INFO - Processing /home/airflow/.local/lib/python3.7/site-packages/airflow/example_dags/example_branch_labels.py took 0.179 seconds
[2023-06-16T10:17:06.258+0000] {processor.py:157} INFO - Started process (PID=465) to work on /home/airflow/.local/lib/python3.7/site-packages/airflow/example_dags/example_branch_labels.py
[2023-06-16T10:17:06.336+0000] {processor.py:826} INFO - Processing file /home/airflow/.local/lib/python3.7/site-packages/airflow/example_dags/example_branch_labels.py for tasks to queue
[2023-06-16T10:17:06.338+0000] {logging_mixin.py:149} INFO - [2023-06-16T10:17:06.338+0000] {dagbag.py:541} INFO - Filling up the DagBag from /home/airflow/.local/lib/python3.7/site-packages/airflow/example_dags/example_branch_labels.py
[2023-06-16T10:17:06.367+0000] {processor.py:836} INFO - DAG(s) dict_keys(['example_branch_labels']) retrieved from /home/airflow/.local/lib/python3.7/site-packages/airflow/example_dags/example_branch_labels.py
[2023-06-16T10:17:06.408+0000] {logging_mixin.py:149} INFO - [2023-06-16T10:17:06.408+0000] {dag.py:2726} INFO - Sync 1 DAGs
[2023-06-16T10:17:06.478+0000] {logging_mixin.py:149} INFO - [2023-06-16T10:17:06.477+0000] {dag.py:3490} INFO - Setting next_dagrun for example_branch_labels to 2023-06-15T00:00:00+00:00, run_after=2023-06-16T00:00:00+00:00
[2023-06-16T10:17:06.902+0000] {processor.py:179} INFO - Processing /home/airflow/.local/lib/python3.7/site-packages/airflow/example_dags/example_branch_labels.py took 0.648 seconds
[2023-06-16T10:17:38.916+0000] {processor.py:157} INFO - Started process (PID=527) to work on /home/airflow/.local/lib/python3.7/site-packages/airflow/example_dags/example_branch_labels.py
[2023-06-16T10:17:39.126+0000] {processor.py:826} INFO - Processing file /home/airflow/.local/lib/python3.7/site-packages/airflow/example_dags/example_branch_labels.py for tasks to queue
[2023-06-16T10:17:39.129+0000] {logging_mixin.py:149} INFO - [2023-06-16T10:17:39.129+0000] {dagbag.py:541} INFO - Filling up the DagBag from /home/airflow/.local/lib/python3.7/site-packages/airflow/example_dags/example_branch_labels.py
[2023-06-16T10:17:39.255+0000] {processor.py:836} INFO - DAG(s) dict_keys(['example_branch_labels']) retrieved from /home/airflow/.local/lib/python3.7/site-packages/airflow/example_dags/example_branch_labels.py
[2023-06-16T10:17:39.327+0000] {logging_mixin.py:149} INFO - [2023-06-16T10:17:39.327+0000] {dag.py:2726} INFO - Sync 1 DAGs
[2023-06-16T10:17:39.365+0000] {logging_mixin.py:149} INFO - [2023-06-16T10:17:39.365+0000] {dag.py:3490} INFO - Setting next_dagrun for example_branch_labels to 2023-06-15T00:00:00+00:00, run_after=2023-06-16T00:00:00+00:00
[2023-06-16T10:17:39.522+0000] {processor.py:179} INFO - Processing /home/airflow/.local/lib/python3.7/site-packages/airflow/example_dags/example_branch_labels.py took 0.611 seconds
[2023-06-16T10:18:17.461+0000] {processor.py:157} INFO - Started process (PID=582) to work on /home/airflow/.local/lib/python3.7/site-packages/airflow/example_dags/example_branch_labels.py
[2023-06-16T10:18:17.533+0000] {processor.py:826} INFO - Processing file /home/airflow/.local/lib/python3.7/site-packages/airflow/example_dags/example_branch_labels.py for tasks to queue
[2023-06-16T10:18:17.537+0000] {logging_mixin.py:149} INFO - [2023-06-16T10:18:17.536+0000] {dagbag.py:541} INFO - Filling up the DagBag from /home/airflow/.local/lib/python3.7/site-packages/airflow/example_dags/example_branch_labels.py
[2023-06-16T10:18:17.571+0000] {processor.py:836} INFO - DAG(s) dict_keys(['example_branch_labels']) retrieved from /home/airflow/.local/lib/python3.7/site-packages/airflow/example_dags/example_branch_labels.py
[2023-06-16T10:18:17.657+0000] {logging_mixin.py:149} INFO - [2023-06-16T10:18:17.656+0000] {dag.py:2726} INFO - Sync 1 DAGs
[2023-06-16T10:18:17.698+0000] {logging_mixin.py:149} INFO - [2023-06-16T10:18:17.698+0000] {dag.py:3490} INFO - Setting next_dagrun for example_branch_labels to 2023-06-15T00:00:00+00:00, run_after=2023-06-16T00:00:00+00:00
[2023-06-16T10:18:17.745+0000] {processor.py:179} INFO - Processing /home/airflow/.local/lib/python3.7/site-packages/airflow/example_dags/example_branch_labels.py took 0.288 seconds
[2023-06-16T10:18:48.450+0000] {processor.py:157} INFO - Started process (PID=650) to work on /home/airflow/.local/lib/python3.7/site-packages/airflow/example_dags/example_branch_labels.py
[2023-06-16T10:18:48.451+0000] {processor.py:826} INFO - Processing file /home/airflow/.local/lib/python3.7/site-packages/airflow/example_dags/example_branch_labels.py for tasks to queue
[2023-06-16T10:18:48.452+0000] {logging_mixin.py:149} INFO - [2023-06-16T10:18:48.452+0000] {dagbag.py:541} INFO - Filling up the DagBag from /home/airflow/.local/lib/python3.7/site-packages/airflow/example_dags/example_branch_labels.py
[2023-06-16T10:18:48.462+0000] {processor.py:836} INFO - DAG(s) dict_keys(['example_branch_labels']) retrieved from /home/airflow/.local/lib/python3.7/site-packages/airflow/example_dags/example_branch_labels.py
[2023-06-16T10:18:48.504+0000] {logging_mixin.py:149} INFO - [2023-06-16T10:18:48.504+0000] {dag.py:2726} INFO - Sync 1 DAGs
[2023-06-16T10:18:48.540+0000] {logging_mixin.py:149} INFO - [2023-06-16T10:18:48.540+0000] {dag.py:3490} INFO - Setting next_dagrun for example_branch_labels to 2023-06-15T00:00:00+00:00, run_after=2023-06-16T00:00:00+00:00
[2023-06-16T10:18:48.577+0000] {processor.py:179} INFO - Processing /home/airflow/.local/lib/python3.7/site-packages/airflow/example_dags/example_branch_labels.py took 0.131 seconds
[2023-06-16T10:19:18.936+0000] {processor.py:157} INFO - Started process (PID=718) to work on /home/airflow/.local/lib/python3.7/site-packages/airflow/example_dags/example_branch_labels.py
[2023-06-16T10:19:18.937+0000] {processor.py:826} INFO - Processing file /home/airflow/.local/lib/python3.7/site-packages/airflow/example_dags/example_branch_labels.py for tasks to queue
[2023-06-16T10:19:18.938+0000] {logging_mixin.py:149} INFO - [2023-06-16T10:19:18.937+0000] {dagbag.py:541} INFO - Filling up the DagBag from /home/airflow/.local/lib/python3.7/site-packages/airflow/example_dags/example_branch_labels.py
[2023-06-16T10:19:18.948+0000] {processor.py:836} INFO - DAG(s) dict_keys(['example_branch_labels']) retrieved from /home/airflow/.local/lib/python3.7/site-packages/airflow/example_dags/example_branch_labels.py
[2023-06-16T10:19:18.990+0000] {logging_mixin.py:149} INFO - [2023-06-16T10:19:18.990+0000] {dag.py:2726} INFO - Sync 1 DAGs
[2023-06-16T10:19:19.042+0000] {logging_mixin.py:149} INFO - [2023-06-16T10:19:19.042+0000] {dag.py:3490} INFO - Setting next_dagrun for example_branch_labels to 2023-06-15T00:00:00+00:00, run_after=2023-06-16T00:00:00+00:00
[2023-06-16T10:19:19.096+0000] {processor.py:179} INFO - Processing /home/airflow/.local/lib/python3.7/site-packages/airflow/example_dags/example_branch_labels.py took 0.164 seconds
