[2023-06-16T00:39:50.684+0000] {processor.py:157} INFO - Started process (PID=96) to work on /home/airflow/.local/lib/python3.7/site-packages/airflow/example_dags/example_task_group.py
[2023-06-16T00:39:50.685+0000] {processor.py:826} INFO - Processing file /home/airflow/.local/lib/python3.7/site-packages/airflow/example_dags/example_task_group.py for tasks to queue
[2023-06-16T00:39:50.686+0000] {logging_mixin.py:149} INFO - [2023-06-16T00:39:50.686+0000] {dagbag.py:541} INFO - Filling up the DagBag from /home/airflow/.local/lib/python3.7/site-packages/airflow/example_dags/example_task_group.py
[2023-06-16T00:39:50.766+0000] {processor.py:836} INFO - DAG(s) dict_keys(['example_task_group']) retrieved from /home/airflow/.local/lib/python3.7/site-packages/airflow/example_dags/example_task_group.py
[2023-06-16T00:39:50.893+0000] {logging_mixin.py:149} INFO - [2023-06-16T00:39:50.893+0000] {dag.py:2726} INFO - Sync 1 DAGs
[2023-06-16T00:39:50.938+0000] {logging_mixin.py:149} INFO - [2023-06-16T00:39:50.938+0000] {dag.py:3490} INFO - Setting next_dagrun for example_task_group to 2023-06-15T00:39:50.938142+00:00, run_after=2023-06-16T00:39:50.938142+00:00
[2023-06-16T00:39:51.068+0000] {processor.py:179} INFO - Processing /home/airflow/.local/lib/python3.7/site-packages/airflow/example_dags/example_task_group.py took 0.388 seconds
[2023-06-16T00:40:23.356+0000] {processor.py:157} INFO - Started process (PID=163) to work on /home/airflow/.local/lib/python3.7/site-packages/airflow/example_dags/example_task_group.py
[2023-06-16T00:40:23.456+0000] {processor.py:826} INFO - Processing file /home/airflow/.local/lib/python3.7/site-packages/airflow/example_dags/example_task_group.py for tasks to queue
[2023-06-16T00:40:23.457+0000] {logging_mixin.py:149} INFO - [2023-06-16T00:40:23.457+0000] {dagbag.py:541} INFO - Filling up the DagBag from /home/airflow/.local/lib/python3.7/site-packages/airflow/example_dags/example_task_group.py
[2023-06-16T00:40:23.473+0000] {processor.py:836} INFO - DAG(s) dict_keys(['example_task_group']) retrieved from /home/airflow/.local/lib/python3.7/site-packages/airflow/example_dags/example_task_group.py
[2023-06-16T00:40:23.526+0000] {logging_mixin.py:149} INFO - [2023-06-16T00:40:23.526+0000] {dag.py:2726} INFO - Sync 1 DAGs
[2023-06-16T00:40:23.589+0000] {logging_mixin.py:149} INFO - [2023-06-16T00:40:23.588+0000] {dag.py:3490} INFO - Setting next_dagrun for example_task_group to 2023-06-15T00:40:23.588473+00:00, run_after=2023-06-16T00:40:23.588473+00:00
[2023-06-16T00:40:23.863+0000] {processor.py:179} INFO - Processing /home/airflow/.local/lib/python3.7/site-packages/airflow/example_dags/example_task_group.py took 0.514 seconds
[2023-06-16T00:42:05.481+0000] {processor.py:157} INFO - Started process (PID=222) to work on /home/airflow/.local/lib/python3.7/site-packages/airflow/example_dags/example_task_group.py
[2023-06-16T00:42:05.507+0000] {processor.py:826} INFO - Processing file /home/airflow/.local/lib/python3.7/site-packages/airflow/example_dags/example_task_group.py for tasks to queue
[2023-06-16T00:42:05.508+0000] {logging_mixin.py:149} INFO - [2023-06-16T00:42:05.508+0000] {dagbag.py:541} INFO - Filling up the DagBag from /home/airflow/.local/lib/python3.7/site-packages/airflow/example_dags/example_task_group.py
[2023-06-16T00:42:05.518+0000] {processor.py:836} INFO - DAG(s) dict_keys(['example_task_group']) retrieved from /home/airflow/.local/lib/python3.7/site-packages/airflow/example_dags/example_task_group.py
[2023-06-16T00:42:05.563+0000] {logging_mixin.py:149} INFO - [2023-06-16T00:42:05.563+0000] {dag.py:2726} INFO - Sync 1 DAGs
[2023-06-16T00:42:05.613+0000] {logging_mixin.py:149} INFO - [2023-06-16T00:42:05.613+0000] {dag.py:3490} INFO - Setting next_dagrun for example_task_group to 2023-06-15T00:42:05.612977+00:00, run_after=2023-06-16T00:42:05.612977+00:00
[2023-06-16T00:42:05.679+0000] {processor.py:179} INFO - Processing /home/airflow/.local/lib/python3.7/site-packages/airflow/example_dags/example_task_group.py took 0.204 seconds
[2023-06-16T00:42:35.745+0000] {processor.py:157} INFO - Started process (PID=292) to work on /home/airflow/.local/lib/python3.7/site-packages/airflow/example_dags/example_task_group.py
[2023-06-16T00:42:35.745+0000] {processor.py:826} INFO - Processing file /home/airflow/.local/lib/python3.7/site-packages/airflow/example_dags/example_task_group.py for tasks to queue
[2023-06-16T00:42:35.746+0000] {logging_mixin.py:149} INFO - [2023-06-16T00:42:35.746+0000] {dagbag.py:541} INFO - Filling up the DagBag from /home/airflow/.local/lib/python3.7/site-packages/airflow/example_dags/example_task_group.py
[2023-06-16T00:42:35.756+0000] {processor.py:836} INFO - DAG(s) dict_keys(['example_task_group']) retrieved from /home/airflow/.local/lib/python3.7/site-packages/airflow/example_dags/example_task_group.py
[2023-06-16T00:42:35.788+0000] {logging_mixin.py:149} INFO - [2023-06-16T00:42:35.788+0000] {dag.py:2726} INFO - Sync 1 DAGs
[2023-06-16T00:42:35.822+0000] {logging_mixin.py:149} INFO - [2023-06-16T00:42:35.821+0000] {dag.py:3490} INFO - Setting next_dagrun for example_task_group to 2023-06-15T00:42:35.821668+00:00, run_after=2023-06-16T00:42:35.821668+00:00
[2023-06-16T00:42:35.877+0000] {processor.py:179} INFO - Processing /home/airflow/.local/lib/python3.7/site-packages/airflow/example_dags/example_task_group.py took 0.137 seconds
[2023-06-16T00:43:10.006+0000] {processor.py:157} INFO - Started process (PID=358) to work on /home/airflow/.local/lib/python3.7/site-packages/airflow/example_dags/example_task_group.py
[2023-06-16T00:43:10.125+0000] {processor.py:826} INFO - Processing file /home/airflow/.local/lib/python3.7/site-packages/airflow/example_dags/example_task_group.py for tasks to queue
[2023-06-16T00:43:10.127+0000] {logging_mixin.py:149} INFO - [2023-06-16T00:43:10.127+0000] {dagbag.py:541} INFO - Filling up the DagBag from /home/airflow/.local/lib/python3.7/site-packages/airflow/example_dags/example_task_group.py
[2023-06-16T00:43:10.156+0000] {processor.py:836} INFO - DAG(s) dict_keys(['example_task_group']) retrieved from /home/airflow/.local/lib/python3.7/site-packages/airflow/example_dags/example_task_group.py
[2023-06-16T00:43:10.404+0000] {logging_mixin.py:149} INFO - [2023-06-16T00:43:10.404+0000] {dag.py:2726} INFO - Sync 1 DAGs
[2023-06-16T00:43:10.444+0000] {logging_mixin.py:149} INFO - [2023-06-16T00:43:10.444+0000] {dag.py:3490} INFO - Setting next_dagrun for example_task_group to 2023-06-15T00:43:10.444428+00:00, run_after=2023-06-16T00:43:10.444428+00:00
[2023-06-16T00:43:11.302+0000] {processor.py:179} INFO - Processing /home/airflow/.local/lib/python3.7/site-packages/airflow/example_dags/example_task_group.py took 1.300 seconds
[2023-06-16T00:43:41.371+0000] {processor.py:157} INFO - Started process (PID=422) to work on /home/airflow/.local/lib/python3.7/site-packages/airflow/example_dags/example_task_group.py
[2023-06-16T00:43:41.438+0000] {processor.py:826} INFO - Processing file /home/airflow/.local/lib/python3.7/site-packages/airflow/example_dags/example_task_group.py for tasks to queue
[2023-06-16T00:43:41.440+0000] {logging_mixin.py:149} INFO - [2023-06-16T00:43:41.440+0000] {dagbag.py:541} INFO - Filling up the DagBag from /home/airflow/.local/lib/python3.7/site-packages/airflow/example_dags/example_task_group.py
[2023-06-16T00:43:41.470+0000] {processor.py:836} INFO - DAG(s) dict_keys(['example_task_group']) retrieved from /home/airflow/.local/lib/python3.7/site-packages/airflow/example_dags/example_task_group.py
[2023-06-16T00:43:41.511+0000] {logging_mixin.py:149} INFO - [2023-06-16T00:43:41.511+0000] {dag.py:2726} INFO - Sync 1 DAGs
[2023-06-16T00:43:41.563+0000] {logging_mixin.py:149} INFO - [2023-06-16T00:43:41.563+0000] {dag.py:3490} INFO - Setting next_dagrun for example_task_group to 2023-06-15T00:43:41.563131+00:00, run_after=2023-06-16T00:43:41.563131+00:00
[2023-06-16T00:43:41.654+0000] {processor.py:179} INFO - Processing /home/airflow/.local/lib/python3.7/site-packages/airflow/example_dags/example_task_group.py took 0.288 seconds
[2023-06-16T00:44:12.693+0000] {processor.py:157} INFO - Started process (PID=490) to work on /home/airflow/.local/lib/python3.7/site-packages/airflow/example_dags/example_task_group.py
[2023-06-16T00:44:12.795+0000] {processor.py:826} INFO - Processing file /home/airflow/.local/lib/python3.7/site-packages/airflow/example_dags/example_task_group.py for tasks to queue
[2023-06-16T00:44:12.796+0000] {logging_mixin.py:149} INFO - [2023-06-16T00:44:12.796+0000] {dagbag.py:541} INFO - Filling up the DagBag from /home/airflow/.local/lib/python3.7/site-packages/airflow/example_dags/example_task_group.py
[2023-06-16T00:44:12.806+0000] {processor.py:836} INFO - DAG(s) dict_keys(['example_task_group']) retrieved from /home/airflow/.local/lib/python3.7/site-packages/airflow/example_dags/example_task_group.py
[2023-06-16T00:44:12.848+0000] {logging_mixin.py:149} INFO - [2023-06-16T00:44:12.847+0000] {dag.py:2726} INFO - Sync 1 DAGs
[2023-06-16T00:44:12.883+0000] {logging_mixin.py:149} INFO - [2023-06-16T00:44:12.883+0000] {dag.py:3490} INFO - Setting next_dagrun for example_task_group to 2023-06-15T00:44:12.883371+00:00, run_after=2023-06-16T00:44:12.883371+00:00
[2023-06-16T00:44:12.982+0000] {processor.py:179} INFO - Processing /home/airflow/.local/lib/python3.7/site-packages/airflow/example_dags/example_task_group.py took 0.294 seconds
[2023-06-16T00:45:00.843+0000] {processor.py:157} INFO - Started process (PID=565) to work on /home/airflow/.local/lib/python3.7/site-packages/airflow/example_dags/example_task_group.py
[2023-06-16T00:45:00.991+0000] {processor.py:826} INFO - Processing file /home/airflow/.local/lib/python3.7/site-packages/airflow/example_dags/example_task_group.py for tasks to queue
[2023-06-16T00:45:00.996+0000] {logging_mixin.py:149} INFO - [2023-06-16T00:45:00.995+0000] {dagbag.py:541} INFO - Filling up the DagBag from /home/airflow/.local/lib/python3.7/site-packages/airflow/example_dags/example_task_group.py
[2023-06-16T00:45:01.037+0000] {processor.py:836} INFO - DAG(s) dict_keys(['example_task_group']) retrieved from /home/airflow/.local/lib/python3.7/site-packages/airflow/example_dags/example_task_group.py
[2023-06-16T00:45:01.087+0000] {logging_mixin.py:149} INFO - [2023-06-16T00:45:01.086+0000] {dag.py:2726} INFO - Sync 1 DAGs
[2023-06-16T00:45:01.136+0000] {logging_mixin.py:149} INFO - [2023-06-16T00:45:01.136+0000] {dag.py:3490} INFO - Setting next_dagrun for example_task_group to 2023-06-15T00:45:01.135604+00:00, run_after=2023-06-16T00:45:01.135604+00:00
[2023-06-16T00:45:01.695+0000] {processor.py:179} INFO - Processing /home/airflow/.local/lib/python3.7/site-packages/airflow/example_dags/example_task_group.py took 0.857 seconds
[2023-06-16T00:45:43.652+0000] {processor.py:157} INFO - Started process (PID=629) to work on /home/airflow/.local/lib/python3.7/site-packages/airflow/example_dags/example_task_group.py
[2023-06-16T00:45:43.860+0000] {processor.py:826} INFO - Processing file /home/airflow/.local/lib/python3.7/site-packages/airflow/example_dags/example_task_group.py for tasks to queue
[2023-06-16T00:45:43.862+0000] {logging_mixin.py:149} INFO - [2023-06-16T00:45:43.862+0000] {dagbag.py:541} INFO - Filling up the DagBag from /home/airflow/.local/lib/python3.7/site-packages/airflow/example_dags/example_task_group.py
[2023-06-16T00:45:44.343+0000] {processor.py:836} INFO - DAG(s) dict_keys(['example_task_group']) retrieved from /home/airflow/.local/lib/python3.7/site-packages/airflow/example_dags/example_task_group.py
[2023-06-16T00:45:44.386+0000] {logging_mixin.py:149} INFO - [2023-06-16T00:45:44.386+0000] {dag.py:2726} INFO - Sync 1 DAGs
[2023-06-16T00:45:44.422+0000] {logging_mixin.py:149} INFO - [2023-06-16T00:45:44.422+0000] {dag.py:3490} INFO - Setting next_dagrun for example_task_group to 2023-06-15T00:45:44.421977+00:00, run_after=2023-06-16T00:45:44.421977+00:00
[2023-06-16T00:45:44.710+0000] {processor.py:179} INFO - Processing /home/airflow/.local/lib/python3.7/site-packages/airflow/example_dags/example_task_group.py took 1.071 seconds
[2023-06-16T00:46:46.368+0000] {processor.py:157} INFO - Started process (PID=710) to work on /home/airflow/.local/lib/python3.7/site-packages/airflow/example_dags/example_task_group.py
[2023-06-16T00:46:46.399+0000] {processor.py:826} INFO - Processing file /home/airflow/.local/lib/python3.7/site-packages/airflow/example_dags/example_task_group.py for tasks to queue
[2023-06-16T00:46:46.403+0000] {logging_mixin.py:149} INFO - [2023-06-16T00:46:46.402+0000] {dagbag.py:541} INFO - Filling up the DagBag from /home/airflow/.local/lib/python3.7/site-packages/airflow/example_dags/example_task_group.py
[2023-06-16T00:46:46.437+0000] {processor.py:836} INFO - DAG(s) dict_keys(['example_task_group']) retrieved from /home/airflow/.local/lib/python3.7/site-packages/airflow/example_dags/example_task_group.py
[2023-06-16T00:46:46.486+0000] {logging_mixin.py:149} INFO - [2023-06-16T00:46:46.486+0000] {dag.py:2726} INFO - Sync 1 DAGs
[2023-06-16T00:46:46.525+0000] {logging_mixin.py:149} INFO - [2023-06-16T00:46:46.525+0000] {dag.py:3490} INFO - Setting next_dagrun for example_task_group to 2023-06-15T00:46:46.525042+00:00, run_after=2023-06-16T00:46:46.525042+00:00
[2023-06-16T00:46:46.760+0000] {processor.py:179} INFO - Processing /home/airflow/.local/lib/python3.7/site-packages/airflow/example_dags/example_task_group.py took 0.397 seconds
[2023-06-16T00:47:27.070+0000] {processor.py:157} INFO - Started process (PID=772) to work on /home/airflow/.local/lib/python3.7/site-packages/airflow/example_dags/example_task_group.py
[2023-06-16T00:47:27.166+0000] {processor.py:826} INFO - Processing file /home/airflow/.local/lib/python3.7/site-packages/airflow/example_dags/example_task_group.py for tasks to queue
[2023-06-16T00:47:27.167+0000] {logging_mixin.py:149} INFO - [2023-06-16T00:47:27.167+0000] {dagbag.py:541} INFO - Filling up the DagBag from /home/airflow/.local/lib/python3.7/site-packages/airflow/example_dags/example_task_group.py
[2023-06-16T00:47:27.188+0000] {processor.py:836} INFO - DAG(s) dict_keys(['example_task_group']) retrieved from /home/airflow/.local/lib/python3.7/site-packages/airflow/example_dags/example_task_group.py
[2023-06-16T00:47:27.254+0000] {logging_mixin.py:149} INFO - [2023-06-16T00:47:27.253+0000] {dag.py:2726} INFO - Sync 1 DAGs
[2023-06-16T00:47:27.305+0000] {logging_mixin.py:149} INFO - [2023-06-16T00:47:27.305+0000] {dag.py:3490} INFO - Setting next_dagrun for example_task_group to 2023-06-15T00:47:27.304997+00:00, run_after=2023-06-16T00:47:27.304997+00:00
[2023-06-16T00:47:27.526+0000] {processor.py:179} INFO - Processing /home/airflow/.local/lib/python3.7/site-packages/airflow/example_dags/example_task_group.py took 0.463 seconds
[2023-06-16T00:49:09.466+0000] {processor.py:157} INFO - Started process (PID=856) to work on /home/airflow/.local/lib/python3.7/site-packages/airflow/example_dags/example_task_group.py
[2023-06-16T00:49:09.552+0000] {processor.py:826} INFO - Processing file /home/airflow/.local/lib/python3.7/site-packages/airflow/example_dags/example_task_group.py for tasks to queue
[2023-06-16T00:49:09.554+0000] {logging_mixin.py:149} INFO - [2023-06-16T00:49:09.554+0000] {dagbag.py:541} INFO - Filling up the DagBag from /home/airflow/.local/lib/python3.7/site-packages/airflow/example_dags/example_task_group.py
[2023-06-16T00:49:09.594+0000] {processor.py:836} INFO - DAG(s) dict_keys(['example_task_group']) retrieved from /home/airflow/.local/lib/python3.7/site-packages/airflow/example_dags/example_task_group.py
[2023-06-16T00:49:09.697+0000] {logging_mixin.py:149} INFO - [2023-06-16T00:49:09.697+0000] {dag.py:2726} INFO - Sync 1 DAGs
[2023-06-16T00:49:09.750+0000] {logging_mixin.py:149} INFO - [2023-06-16T00:49:09.750+0000] {dag.py:3490} INFO - Setting next_dagrun for example_task_group to 2023-06-15T00:49:09.750182+00:00, run_after=2023-06-16T00:49:09.750182+00:00
[2023-06-16T00:49:10.126+0000] {processor.py:179} INFO - Processing /home/airflow/.local/lib/python3.7/site-packages/airflow/example_dags/example_task_group.py took 0.667 seconds
[2023-06-16T00:49:40.355+0000] {processor.py:157} INFO - Started process (PID=924) to work on /home/airflow/.local/lib/python3.7/site-packages/airflow/example_dags/example_task_group.py
[2023-06-16T00:49:40.356+0000] {processor.py:826} INFO - Processing file /home/airflow/.local/lib/python3.7/site-packages/airflow/example_dags/example_task_group.py for tasks to queue
[2023-06-16T00:49:40.358+0000] {logging_mixin.py:149} INFO - [2023-06-16T00:49:40.357+0000] {dagbag.py:541} INFO - Filling up the DagBag from /home/airflow/.local/lib/python3.7/site-packages/airflow/example_dags/example_task_group.py
[2023-06-16T00:49:40.371+0000] {processor.py:836} INFO - DAG(s) dict_keys(['example_task_group']) retrieved from /home/airflow/.local/lib/python3.7/site-packages/airflow/example_dags/example_task_group.py
[2023-06-16T00:49:40.407+0000] {logging_mixin.py:149} INFO - [2023-06-16T00:49:40.407+0000] {dag.py:2726} INFO - Sync 1 DAGs
[2023-06-16T00:49:40.450+0000] {logging_mixin.py:149} INFO - [2023-06-16T00:49:40.450+0000] {dag.py:3490} INFO - Setting next_dagrun for example_task_group to 2023-06-15T00:49:40.450184+00:00, run_after=2023-06-16T00:49:40.450184+00:00
[2023-06-16T00:49:40.611+0000] {processor.py:179} INFO - Processing /home/airflow/.local/lib/python3.7/site-packages/airflow/example_dags/example_task_group.py took 0.262 seconds
[2023-06-16T00:50:11.687+0000] {processor.py:157} INFO - Started process (PID=992) to work on /home/airflow/.local/lib/python3.7/site-packages/airflow/example_dags/example_task_group.py
[2023-06-16T00:50:11.712+0000] {processor.py:826} INFO - Processing file /home/airflow/.local/lib/python3.7/site-packages/airflow/example_dags/example_task_group.py for tasks to queue
[2023-06-16T00:50:11.716+0000] {logging_mixin.py:149} INFO - [2023-06-16T00:50:11.715+0000] {dagbag.py:541} INFO - Filling up the DagBag from /home/airflow/.local/lib/python3.7/site-packages/airflow/example_dags/example_task_group.py
[2023-06-16T00:50:11.742+0000] {processor.py:836} INFO - DAG(s) dict_keys(['example_task_group']) retrieved from /home/airflow/.local/lib/python3.7/site-packages/airflow/example_dags/example_task_group.py
[2023-06-16T00:50:11.778+0000] {logging_mixin.py:149} INFO - [2023-06-16T00:50:11.778+0000] {dag.py:2726} INFO - Sync 1 DAGs
[2023-06-16T00:50:11.818+0000] {logging_mixin.py:149} INFO - [2023-06-16T00:50:11.818+0000] {dag.py:3490} INFO - Setting next_dagrun for example_task_group to 2023-06-15T00:50:11.817766+00:00, run_after=2023-06-16T00:50:11.817766+00:00
[2023-06-16T00:50:11.968+0000] {processor.py:179} INFO - Processing /home/airflow/.local/lib/python3.7/site-packages/airflow/example_dags/example_task_group.py took 0.286 seconds
[2023-06-16T00:50:43.369+0000] {processor.py:157} INFO - Started process (PID=1056) to work on /home/airflow/.local/lib/python3.7/site-packages/airflow/example_dags/example_task_group.py
[2023-06-16T00:50:43.372+0000] {processor.py:826} INFO - Processing file /home/airflow/.local/lib/python3.7/site-packages/airflow/example_dags/example_task_group.py for tasks to queue
[2023-06-16T00:50:43.376+0000] {logging_mixin.py:149} INFO - [2023-06-16T00:50:43.375+0000] {dagbag.py:541} INFO - Filling up the DagBag from /home/airflow/.local/lib/python3.7/site-packages/airflow/example_dags/example_task_group.py
[2023-06-16T00:50:43.400+0000] {processor.py:836} INFO - DAG(s) dict_keys(['example_task_group']) retrieved from /home/airflow/.local/lib/python3.7/site-packages/airflow/example_dags/example_task_group.py
[2023-06-16T00:50:43.441+0000] {logging_mixin.py:149} INFO - [2023-06-16T00:50:43.441+0000] {dag.py:2726} INFO - Sync 1 DAGs
[2023-06-16T00:50:43.491+0000] {logging_mixin.py:149} INFO - [2023-06-16T00:50:43.491+0000] {dag.py:3490} INFO - Setting next_dagrun for example_task_group to 2023-06-15T00:50:43.491367+00:00, run_after=2023-06-16T00:50:43.491367+00:00
[2023-06-16T00:50:43.704+0000] {processor.py:179} INFO - Processing /home/airflow/.local/lib/python3.7/site-packages/airflow/example_dags/example_task_group.py took 0.352 seconds
[2023-06-16T00:51:17.082+0000] {processor.py:157} INFO - Started process (PID=1124) to work on /home/airflow/.local/lib/python3.7/site-packages/airflow/example_dags/example_task_group.py
[2023-06-16T00:51:17.226+0000] {processor.py:826} INFO - Processing file /home/airflow/.local/lib/python3.7/site-packages/airflow/example_dags/example_task_group.py for tasks to queue
[2023-06-16T00:51:17.229+0000] {logging_mixin.py:149} INFO - [2023-06-16T00:51:17.228+0000] {dagbag.py:541} INFO - Filling up the DagBag from /home/airflow/.local/lib/python3.7/site-packages/airflow/example_dags/example_task_group.py
[2023-06-16T00:51:17.256+0000] {processor.py:836} INFO - DAG(s) dict_keys(['example_task_group']) retrieved from /home/airflow/.local/lib/python3.7/site-packages/airflow/example_dags/example_task_group.py
[2023-06-16T00:51:17.307+0000] {logging_mixin.py:149} INFO - [2023-06-16T00:51:17.307+0000] {dag.py:2726} INFO - Sync 1 DAGs
[2023-06-16T00:51:17.366+0000] {logging_mixin.py:149} INFO - [2023-06-16T00:51:17.366+0000] {dag.py:3490} INFO - Setting next_dagrun for example_task_group to 2023-06-15T00:51:17.366106+00:00, run_after=2023-06-16T00:51:17.366106+00:00
[2023-06-16T00:51:17.518+0000] {processor.py:179} INFO - Processing /home/airflow/.local/lib/python3.7/site-packages/airflow/example_dags/example_task_group.py took 0.442 seconds
[2023-06-16T00:52:28.861+0000] {processor.py:157} INFO - Started process (PID=1199) to work on /home/airflow/.local/lib/python3.7/site-packages/airflow/example_dags/example_task_group.py
[2023-06-16T00:52:29.158+0000] {processor.py:826} INFO - Processing file /home/airflow/.local/lib/python3.7/site-packages/airflow/example_dags/example_task_group.py for tasks to queue
[2023-06-16T00:52:29.162+0000] {logging_mixin.py:149} INFO - [2023-06-16T00:52:29.161+0000] {dagbag.py:541} INFO - Filling up the DagBag from /home/airflow/.local/lib/python3.7/site-packages/airflow/example_dags/example_task_group.py
[2023-06-16T00:52:29.206+0000] {processor.py:836} INFO - DAG(s) dict_keys(['example_task_group']) retrieved from /home/airflow/.local/lib/python3.7/site-packages/airflow/example_dags/example_task_group.py
[2023-06-16T00:52:29.254+0000] {logging_mixin.py:149} INFO - [2023-06-16T00:52:29.254+0000] {dag.py:2726} INFO - Sync 1 DAGs
[2023-06-16T00:52:29.323+0000] {logging_mixin.py:149} INFO - [2023-06-16T00:52:29.322+0000] {dag.py:3490} INFO - Setting next_dagrun for example_task_group to 2023-06-15T00:52:29.322225+00:00, run_after=2023-06-16T00:52:29.322225+00:00
[2023-06-16T00:52:29.654+0000] {processor.py:179} INFO - Processing /home/airflow/.local/lib/python3.7/site-packages/airflow/example_dags/example_task_group.py took 0.801 seconds
[2023-06-16T00:57:59.632+0000] {processor.py:157} INFO - Started process (PID=77) to work on /home/airflow/.local/lib/python3.7/site-packages/airflow/example_dags/example_task_group.py
[2023-06-16T00:58:00.292+0000] {processor.py:826} INFO - Processing file /home/airflow/.local/lib/python3.7/site-packages/airflow/example_dags/example_task_group.py for tasks to queue
[2023-06-16T00:58:00.620+0000] {logging_mixin.py:149} INFO - [2023-06-16T00:58:00.620+0000] {dagbag.py:541} INFO - Filling up the DagBag from /home/airflow/.local/lib/python3.7/site-packages/airflow/example_dags/example_task_group.py
[2023-06-16T00:58:03.456+0000] {processor.py:836} INFO - DAG(s) dict_keys(['example_task_group']) retrieved from /home/airflow/.local/lib/python3.7/site-packages/airflow/example_dags/example_task_group.py
[2023-06-16T00:58:07.561+0000] {logging_mixin.py:149} INFO - [2023-06-16T00:58:07.560+0000] {dag.py:2726} INFO - Sync 1 DAGs
[2023-06-16T00:58:07.905+0000] {logging_mixin.py:149} INFO - [2023-06-16T00:58:07.905+0000] {dag.py:3490} INFO - Setting next_dagrun for example_task_group to 2023-06-15T00:58:07.613094+00:00, run_after=2023-06-16T00:58:07.613094+00:00
[2023-06-16T00:58:08.297+0000] {processor.py:179} INFO - Processing /home/airflow/.local/lib/python3.7/site-packages/airflow/example_dags/example_task_group.py took 9.058 seconds
[2023-06-16T01:01:34.153+0000] {processor.py:157} INFO - Started process (PID=173) to work on /home/airflow/.local/lib/python3.7/site-packages/airflow/example_dags/example_task_group.py
[2023-06-16T01:01:34.197+0000] {processor.py:826} INFO - Processing file /home/airflow/.local/lib/python3.7/site-packages/airflow/example_dags/example_task_group.py for tasks to queue
[2023-06-16T01:01:34.198+0000] {logging_mixin.py:149} INFO - [2023-06-16T01:01:34.198+0000] {dagbag.py:541} INFO - Filling up the DagBag from /home/airflow/.local/lib/python3.7/site-packages/airflow/example_dags/example_task_group.py
[2023-06-16T01:01:34.226+0000] {processor.py:836} INFO - DAG(s) dict_keys(['example_task_group']) retrieved from /home/airflow/.local/lib/python3.7/site-packages/airflow/example_dags/example_task_group.py
[2023-06-16T01:01:34.291+0000] {logging_mixin.py:149} INFO - [2023-06-16T01:01:34.291+0000] {dag.py:2726} INFO - Sync 1 DAGs
[2023-06-16T01:01:34.353+0000] {logging_mixin.py:149} INFO - [2023-06-16T01:01:34.353+0000] {dag.py:3490} INFO - Setting next_dagrun for example_task_group to 2023-06-15T01:01:34.353027+00:00, run_after=2023-06-16T01:01:34.353027+00:00
[2023-06-16T01:01:34.711+0000] {processor.py:179} INFO - Processing /home/airflow/.local/lib/python3.7/site-packages/airflow/example_dags/example_task_group.py took 0.564 seconds
[2023-06-16T01:02:26.792+0000] {processor.py:157} INFO - Started process (PID=253) to work on /home/airflow/.local/lib/python3.7/site-packages/airflow/example_dags/example_task_group.py
[2023-06-16T01:02:26.793+0000] {processor.py:826} INFO - Processing file /home/airflow/.local/lib/python3.7/site-packages/airflow/example_dags/example_task_group.py for tasks to queue
[2023-06-16T01:02:26.794+0000] {logging_mixin.py:149} INFO - [2023-06-16T01:02:26.794+0000] {dagbag.py:541} INFO - Filling up the DagBag from /home/airflow/.local/lib/python3.7/site-packages/airflow/example_dags/example_task_group.py
[2023-06-16T01:02:26.809+0000] {processor.py:836} INFO - DAG(s) dict_keys(['example_task_group']) retrieved from /home/airflow/.local/lib/python3.7/site-packages/airflow/example_dags/example_task_group.py
[2023-06-16T01:02:26.866+0000] {logging_mixin.py:149} INFO - [2023-06-16T01:02:26.865+0000] {dag.py:2726} INFO - Sync 1 DAGs
[2023-06-16T01:02:26.914+0000] {logging_mixin.py:149} INFO - [2023-06-16T01:02:26.914+0000] {dag.py:3490} INFO - Setting next_dagrun for example_task_group to 2023-06-15T01:02:26.914177+00:00, run_after=2023-06-16T01:02:26.914177+00:00
[2023-06-16T01:02:27.020+0000] {processor.py:179} INFO - Processing /home/airflow/.local/lib/python3.7/site-packages/airflow/example_dags/example_task_group.py took 0.234 seconds
[2023-06-16T01:02:57.406+0000] {processor.py:157} INFO - Started process (PID=320) to work on /home/airflow/.local/lib/python3.7/site-packages/airflow/example_dags/example_task_group.py
[2023-06-16T01:02:57.407+0000] {processor.py:826} INFO - Processing file /home/airflow/.local/lib/python3.7/site-packages/airflow/example_dags/example_task_group.py for tasks to queue
[2023-06-16T01:02:57.408+0000] {logging_mixin.py:149} INFO - [2023-06-16T01:02:57.408+0000] {dagbag.py:541} INFO - Filling up the DagBag from /home/airflow/.local/lib/python3.7/site-packages/airflow/example_dags/example_task_group.py
[2023-06-16T01:02:57.421+0000] {processor.py:836} INFO - DAG(s) dict_keys(['example_task_group']) retrieved from /home/airflow/.local/lib/python3.7/site-packages/airflow/example_dags/example_task_group.py
[2023-06-16T01:02:57.458+0000] {logging_mixin.py:149} INFO - [2023-06-16T01:02:57.458+0000] {dag.py:2726} INFO - Sync 1 DAGs
[2023-06-16T01:02:57.491+0000] {logging_mixin.py:149} INFO - [2023-06-16T01:02:57.491+0000] {dag.py:3490} INFO - Setting next_dagrun for example_task_group to 2023-06-15T01:02:57.491178+00:00, run_after=2023-06-16T01:02:57.491178+00:00
[2023-06-16T01:02:57.559+0000] {processor.py:179} INFO - Processing /home/airflow/.local/lib/python3.7/site-packages/airflow/example_dags/example_task_group.py took 0.159 seconds
[2023-06-16T01:03:28.553+0000] {processor.py:157} INFO - Started process (PID=390) to work on /home/airflow/.local/lib/python3.7/site-packages/airflow/example_dags/example_task_group.py
[2023-06-16T01:03:28.554+0000] {processor.py:826} INFO - Processing file /home/airflow/.local/lib/python3.7/site-packages/airflow/example_dags/example_task_group.py for tasks to queue
[2023-06-16T01:03:28.554+0000] {logging_mixin.py:149} INFO - [2023-06-16T01:03:28.554+0000] {dagbag.py:541} INFO - Filling up the DagBag from /home/airflow/.local/lib/python3.7/site-packages/airflow/example_dags/example_task_group.py
[2023-06-16T01:03:28.564+0000] {processor.py:836} INFO - DAG(s) dict_keys(['example_task_group']) retrieved from /home/airflow/.local/lib/python3.7/site-packages/airflow/example_dags/example_task_group.py
[2023-06-16T01:03:28.599+0000] {logging_mixin.py:149} INFO - [2023-06-16T01:03:28.599+0000] {dag.py:2726} INFO - Sync 1 DAGs
[2023-06-16T01:03:28.635+0000] {logging_mixin.py:149} INFO - [2023-06-16T01:03:28.635+0000] {dag.py:3490} INFO - Setting next_dagrun for example_task_group to 2023-06-15T01:03:28.635093+00:00, run_after=2023-06-16T01:03:28.635093+00:00
[2023-06-16T01:03:28.669+0000] {processor.py:179} INFO - Processing /home/airflow/.local/lib/python3.7/site-packages/airflow/example_dags/example_task_group.py took 0.121 seconds
[2023-06-16T01:03:59.595+0000] {processor.py:157} INFO - Started process (PID=458) to work on /home/airflow/.local/lib/python3.7/site-packages/airflow/example_dags/example_task_group.py
[2023-06-16T01:03:59.596+0000] {processor.py:826} INFO - Processing file /home/airflow/.local/lib/python3.7/site-packages/airflow/example_dags/example_task_group.py for tasks to queue
[2023-06-16T01:03:59.597+0000] {logging_mixin.py:149} INFO - [2023-06-16T01:03:59.597+0000] {dagbag.py:541} INFO - Filling up the DagBag from /home/airflow/.local/lib/python3.7/site-packages/airflow/example_dags/example_task_group.py
[2023-06-16T01:03:59.611+0000] {processor.py:836} INFO - DAG(s) dict_keys(['example_task_group']) retrieved from /home/airflow/.local/lib/python3.7/site-packages/airflow/example_dags/example_task_group.py
[2023-06-16T01:03:59.658+0000] {logging_mixin.py:149} INFO - [2023-06-16T01:03:59.658+0000] {dag.py:2726} INFO - Sync 1 DAGs
[2023-06-16T01:03:59.708+0000] {logging_mixin.py:149} INFO - [2023-06-16T01:03:59.708+0000] {dag.py:3490} INFO - Setting next_dagrun for example_task_group to 2023-06-15T01:03:59.707979+00:00, run_after=2023-06-16T01:03:59.707979+00:00
[2023-06-16T01:03:59.757+0000] {processor.py:179} INFO - Processing /home/airflow/.local/lib/python3.7/site-packages/airflow/example_dags/example_task_group.py took 0.168 seconds
[2023-06-16T09:58:27.500+0000] {processor.py:157} INFO - Started process (PID=69) to work on /home/airflow/.local/lib/python3.7/site-packages/airflow/example_dags/example_task_group.py
[2023-06-16T09:58:27.635+0000] {processor.py:826} INFO - Processing file /home/airflow/.local/lib/python3.7/site-packages/airflow/example_dags/example_task_group.py for tasks to queue
[2023-06-16T09:58:27.638+0000] {logging_mixin.py:149} INFO - [2023-06-16T09:58:27.637+0000] {dagbag.py:541} INFO - Filling up the DagBag from /home/airflow/.local/lib/python3.7/site-packages/airflow/example_dags/example_task_group.py
[2023-06-16T09:58:27.689+0000] {processor.py:836} INFO - DAG(s) dict_keys(['example_task_group']) retrieved from /home/airflow/.local/lib/python3.7/site-packages/airflow/example_dags/example_task_group.py
[2023-06-16T09:58:27.730+0000] {logging_mixin.py:149} INFO - [2023-06-16T09:58:27.730+0000] {dag.py:2726} INFO - Sync 1 DAGs
[2023-06-16T09:58:27.764+0000] {logging_mixin.py:149} INFO - [2023-06-16T09:58:27.764+0000] {dag.py:3490} INFO - Setting next_dagrun for example_task_group to 2023-06-15T09:58:27.764187+00:00, run_after=2023-06-16T09:58:27.764187+00:00
[2023-06-16T09:58:27.879+0000] {processor.py:179} INFO - Processing /home/airflow/.local/lib/python3.7/site-packages/airflow/example_dags/example_task_group.py took 0.383 seconds
[2023-06-16T09:58:57.953+0000] {processor.py:157} INFO - Started process (PID=126) to work on /home/airflow/.local/lib/python3.7/site-packages/airflow/example_dags/example_task_group.py
[2023-06-16T09:58:58.052+0000] {processor.py:826} INFO - Processing file /home/airflow/.local/lib/python3.7/site-packages/airflow/example_dags/example_task_group.py for tasks to queue
[2023-06-16T09:58:58.055+0000] {logging_mixin.py:149} INFO - [2023-06-16T09:58:58.054+0000] {dagbag.py:541} INFO - Filling up the DagBag from /home/airflow/.local/lib/python3.7/site-packages/airflow/example_dags/example_task_group.py
[2023-06-16T09:58:58.086+0000] {processor.py:836} INFO - DAG(s) dict_keys(['example_task_group']) retrieved from /home/airflow/.local/lib/python3.7/site-packages/airflow/example_dags/example_task_group.py
[2023-06-16T09:58:58.130+0000] {logging_mixin.py:149} INFO - [2023-06-16T09:58:58.130+0000] {dag.py:2726} INFO - Sync 1 DAGs
[2023-06-16T09:58:58.170+0000] {logging_mixin.py:149} INFO - [2023-06-16T09:58:58.170+0000] {dag.py:3490} INFO - Setting next_dagrun for example_task_group to 2023-06-15T09:58:58.169832+00:00, run_after=2023-06-16T09:58:58.169832+00:00
[2023-06-16T09:58:58.305+0000] {processor.py:179} INFO - Processing /home/airflow/.local/lib/python3.7/site-packages/airflow/example_dags/example_task_group.py took 0.356 seconds
[2023-06-16T09:59:35.838+0000] {processor.py:157} INFO - Started process (PID=199) to work on /home/airflow/.local/lib/python3.7/site-packages/airflow/example_dags/example_task_group.py
[2023-06-16T09:59:35.874+0000] {processor.py:826} INFO - Processing file /home/airflow/.local/lib/python3.7/site-packages/airflow/example_dags/example_task_group.py for tasks to queue
[2023-06-16T09:59:35.876+0000] {logging_mixin.py:149} INFO - [2023-06-16T09:59:35.875+0000] {dagbag.py:541} INFO - Filling up the DagBag from /home/airflow/.local/lib/python3.7/site-packages/airflow/example_dags/example_task_group.py
[2023-06-16T09:59:35.890+0000] {processor.py:836} INFO - DAG(s) dict_keys(['example_task_group']) retrieved from /home/airflow/.local/lib/python3.7/site-packages/airflow/example_dags/example_task_group.py
[2023-06-16T09:59:36.053+0000] {logging_mixin.py:149} INFO - [2023-06-16T09:59:36.053+0000] {dag.py:2726} INFO - Sync 1 DAGs
[2023-06-16T09:59:36.088+0000] {logging_mixin.py:149} INFO - [2023-06-16T09:59:36.088+0000] {dag.py:3490} INFO - Setting next_dagrun for example_task_group to 2023-06-15T09:59:36.088246+00:00, run_after=2023-06-16T09:59:36.088246+00:00
[2023-06-16T09:59:36.126+0000] {processor.py:179} INFO - Processing /home/airflow/.local/lib/python3.7/site-packages/airflow/example_dags/example_task_group.py took 0.292 seconds
[2023-06-16T10:00:06.186+0000] {processor.py:157} INFO - Started process (PID=262) to work on /home/airflow/.local/lib/python3.7/site-packages/airflow/example_dags/example_task_group.py
[2023-06-16T10:00:06.221+0000] {processor.py:826} INFO - Processing file /home/airflow/.local/lib/python3.7/site-packages/airflow/example_dags/example_task_group.py for tasks to queue
[2023-06-16T10:00:06.222+0000] {logging_mixin.py:149} INFO - [2023-06-16T10:00:06.221+0000] {dagbag.py:541} INFO - Filling up the DagBag from /home/airflow/.local/lib/python3.7/site-packages/airflow/example_dags/example_task_group.py
[2023-06-16T10:00:06.233+0000] {processor.py:836} INFO - DAG(s) dict_keys(['example_task_group']) retrieved from /home/airflow/.local/lib/python3.7/site-packages/airflow/example_dags/example_task_group.py
[2023-06-16T10:00:06.275+0000] {logging_mixin.py:149} INFO - [2023-06-16T10:00:06.274+0000] {dag.py:2726} INFO - Sync 1 DAGs
[2023-06-16T10:00:06.308+0000] {logging_mixin.py:149} INFO - [2023-06-16T10:00:06.308+0000] {dag.py:3490} INFO - Setting next_dagrun for example_task_group to 2023-06-15T10:00:06.307885+00:00, run_after=2023-06-16T10:00:06.307885+00:00
[2023-06-16T10:00:06.434+0000] {processor.py:179} INFO - Processing /home/airflow/.local/lib/python3.7/site-packages/airflow/example_dags/example_task_group.py took 0.253 seconds
[2023-06-16T10:00:36.774+0000] {processor.py:157} INFO - Started process (PID=330) to work on /home/airflow/.local/lib/python3.7/site-packages/airflow/example_dags/example_task_group.py
[2023-06-16T10:00:36.879+0000] {processor.py:826} INFO - Processing file /home/airflow/.local/lib/python3.7/site-packages/airflow/example_dags/example_task_group.py for tasks to queue
[2023-06-16T10:00:36.879+0000] {logging_mixin.py:149} INFO - [2023-06-16T10:00:36.879+0000] {dagbag.py:541} INFO - Filling up the DagBag from /home/airflow/.local/lib/python3.7/site-packages/airflow/example_dags/example_task_group.py
[2023-06-16T10:00:36.890+0000] {processor.py:836} INFO - DAG(s) dict_keys(['example_task_group']) retrieved from /home/airflow/.local/lib/python3.7/site-packages/airflow/example_dags/example_task_group.py
[2023-06-16T10:00:36.925+0000] {logging_mixin.py:149} INFO - [2023-06-16T10:00:36.925+0000] {dag.py:2726} INFO - Sync 1 DAGs
[2023-06-16T10:00:36.959+0000] {logging_mixin.py:149} INFO - [2023-06-16T10:00:36.959+0000] {dag.py:3490} INFO - Setting next_dagrun for example_task_group to 2023-06-15T10:00:36.958921+00:00, run_after=2023-06-16T10:00:36.958921+00:00
[2023-06-16T10:00:37.251+0000] {processor.py:179} INFO - Processing /home/airflow/.local/lib/python3.7/site-packages/airflow/example_dags/example_task_group.py took 0.480 seconds
[2023-06-16T10:01:14.031+0000] {processor.py:157} INFO - Started process (PID=393) to work on /home/airflow/.local/lib/python3.7/site-packages/airflow/example_dags/example_task_group.py
[2023-06-16T10:01:14.066+0000] {processor.py:826} INFO - Processing file /home/airflow/.local/lib/python3.7/site-packages/airflow/example_dags/example_task_group.py for tasks to queue
[2023-06-16T10:01:14.068+0000] {logging_mixin.py:149} INFO - [2023-06-16T10:01:14.067+0000] {dagbag.py:541} INFO - Filling up the DagBag from /home/airflow/.local/lib/python3.7/site-packages/airflow/example_dags/example_task_group.py
[2023-06-16T10:01:14.099+0000] {processor.py:836} INFO - DAG(s) dict_keys(['example_task_group']) retrieved from /home/airflow/.local/lib/python3.7/site-packages/airflow/example_dags/example_task_group.py
[2023-06-16T10:01:14.137+0000] {logging_mixin.py:149} INFO - [2023-06-16T10:01:14.137+0000] {dag.py:2726} INFO - Sync 1 DAGs
[2023-06-16T10:01:14.180+0000] {logging_mixin.py:149} INFO - [2023-06-16T10:01:14.180+0000] {dag.py:3490} INFO - Setting next_dagrun for example_task_group to 2023-06-15T10:01:14.180217+00:00, run_after=2023-06-16T10:01:14.180217+00:00
[2023-06-16T10:01:14.340+0000] {processor.py:179} INFO - Processing /home/airflow/.local/lib/python3.7/site-packages/airflow/example_dags/example_task_group.py took 0.333 seconds
[2023-06-16T10:01:45.231+0000] {processor.py:157} INFO - Started process (PID=461) to work on /home/airflow/.local/lib/python3.7/site-packages/airflow/example_dags/example_task_group.py
[2023-06-16T10:01:45.280+0000] {processor.py:826} INFO - Processing file /home/airflow/.local/lib/python3.7/site-packages/airflow/example_dags/example_task_group.py for tasks to queue
[2023-06-16T10:01:45.282+0000] {logging_mixin.py:149} INFO - [2023-06-16T10:01:45.282+0000] {dagbag.py:541} INFO - Filling up the DagBag from /home/airflow/.local/lib/python3.7/site-packages/airflow/example_dags/example_task_group.py
[2023-06-16T10:01:45.302+0000] {processor.py:836} INFO - DAG(s) dict_keys(['example_task_group']) retrieved from /home/airflow/.local/lib/python3.7/site-packages/airflow/example_dags/example_task_group.py
[2023-06-16T10:01:45.380+0000] {logging_mixin.py:149} INFO - [2023-06-16T10:01:45.380+0000] {dag.py:2726} INFO - Sync 1 DAGs
[2023-06-16T10:01:45.436+0000] {logging_mixin.py:149} INFO - [2023-06-16T10:01:45.436+0000] {dag.py:3490} INFO - Setting next_dagrun for example_task_group to 2023-06-15T10:01:45.435868+00:00, run_after=2023-06-16T10:01:45.435868+00:00
[2023-06-16T10:01:45.597+0000] {processor.py:179} INFO - Processing /home/airflow/.local/lib/python3.7/site-packages/airflow/example_dags/example_task_group.py took 0.371 seconds
[2023-06-16T10:02:16.427+0000] {processor.py:157} INFO - Started process (PID=529) to work on /home/airflow/.local/lib/python3.7/site-packages/airflow/example_dags/example_task_group.py
[2023-06-16T10:02:16.779+0000] {processor.py:826} INFO - Processing file /home/airflow/.local/lib/python3.7/site-packages/airflow/example_dags/example_task_group.py for tasks to queue
[2023-06-16T10:02:16.781+0000] {logging_mixin.py:149} INFO - [2023-06-16T10:02:16.781+0000] {dagbag.py:541} INFO - Filling up the DagBag from /home/airflow/.local/lib/python3.7/site-packages/airflow/example_dags/example_task_group.py
[2023-06-16T10:02:16.812+0000] {processor.py:836} INFO - DAG(s) dict_keys(['example_task_group']) retrieved from /home/airflow/.local/lib/python3.7/site-packages/airflow/example_dags/example_task_group.py
[2023-06-16T10:02:16.938+0000] {logging_mixin.py:149} INFO - [2023-06-16T10:02:16.938+0000] {dag.py:2726} INFO - Sync 1 DAGs
[2023-06-16T10:02:16.989+0000] {logging_mixin.py:149} INFO - [2023-06-16T10:02:16.989+0000] {dag.py:3490} INFO - Setting next_dagrun for example_task_group to 2023-06-15T10:02:16.988692+00:00, run_after=2023-06-16T10:02:16.988692+00:00
[2023-06-16T10:02:17.097+0000] {processor.py:179} INFO - Processing /home/airflow/.local/lib/python3.7/site-packages/airflow/example_dags/example_task_group.py took 0.674 seconds
[2023-06-16T10:03:14.146+0000] {processor.py:157} INFO - Started process (PID=600) to work on /home/airflow/.local/lib/python3.7/site-packages/airflow/example_dags/example_task_group.py
[2023-06-16T10:03:14.258+0000] {processor.py:826} INFO - Processing file /home/airflow/.local/lib/python3.7/site-packages/airflow/example_dags/example_task_group.py for tasks to queue
[2023-06-16T10:03:14.260+0000] {logging_mixin.py:149} INFO - [2023-06-16T10:03:14.260+0000] {dagbag.py:541} INFO - Filling up the DagBag from /home/airflow/.local/lib/python3.7/site-packages/airflow/example_dags/example_task_group.py
[2023-06-16T10:03:14.285+0000] {processor.py:836} INFO - DAG(s) dict_keys(['example_task_group']) retrieved from /home/airflow/.local/lib/python3.7/site-packages/airflow/example_dags/example_task_group.py
[2023-06-16T10:03:16.067+0000] {logging_mixin.py:149} INFO - [2023-06-16T10:03:16.067+0000] {dag.py:2726} INFO - Sync 1 DAGs
[2023-06-16T10:03:16.625+0000] {logging_mixin.py:149} INFO - [2023-06-16T10:03:16.625+0000] {dag.py:3490} INFO - Setting next_dagrun for example_task_group to 2023-06-15T10:03:16.625102+00:00, run_after=2023-06-16T10:03:16.625102+00:00
[2023-06-16T10:03:16.751+0000] {processor.py:179} INFO - Processing /home/airflow/.local/lib/python3.7/site-packages/airflow/example_dags/example_task_group.py took 2.613 seconds
[2023-06-16T10:05:04.965+0000] {processor.py:157} INFO - Started process (PID=687) to work on /home/airflow/.local/lib/python3.7/site-packages/airflow/example_dags/example_task_group.py
[2023-06-16T10:05:05.149+0000] {processor.py:826} INFO - Processing file /home/airflow/.local/lib/python3.7/site-packages/airflow/example_dags/example_task_group.py for tasks to queue
[2023-06-16T10:05:06.323+0000] {logging_mixin.py:149} INFO - [2023-06-16T10:05:06.323+0000] {dagbag.py:541} INFO - Filling up the DagBag from /home/airflow/.local/lib/python3.7/site-packages/airflow/example_dags/example_task_group.py
[2023-06-16T10:05:11.015+0000] {processor.py:836} INFO - DAG(s) dict_keys(['example_task_group']) retrieved from /home/airflow/.local/lib/python3.7/site-packages/airflow/example_dags/example_task_group.py
[2023-06-16T10:05:15.077+0000] {logging_mixin.py:149} INFO - [2023-06-16T10:05:15.077+0000] {dag.py:2726} INFO - Sync 1 DAGs
[2023-06-16T10:05:19.204+0000] {logging_mixin.py:149} INFO - [2023-06-16T10:05:19.204+0000] {dag.py:3490} INFO - Setting next_dagrun for example_task_group to 2023-06-15T10:05:19.087805+00:00, run_after=2023-06-16T10:05:19.087805+00:00
[2023-06-16T10:05:22.026+0000] {processor.py:179} INFO - Processing /home/airflow/.local/lib/python3.7/site-packages/airflow/example_dags/example_task_group.py took 18.294 seconds
[2023-06-16T10:06:15.610+0000] {processor.py:157} INFO - Started process (PID=763) to work on /home/airflow/.local/lib/python3.7/site-packages/airflow/example_dags/example_task_group.py
[2023-06-16T10:06:15.665+0000] {processor.py:826} INFO - Processing file /home/airflow/.local/lib/python3.7/site-packages/airflow/example_dags/example_task_group.py for tasks to queue
[2023-06-16T10:06:15.666+0000] {logging_mixin.py:149} INFO - [2023-06-16T10:06:15.666+0000] {dagbag.py:541} INFO - Filling up the DagBag from /home/airflow/.local/lib/python3.7/site-packages/airflow/example_dags/example_task_group.py
[2023-06-16T10:06:15.678+0000] {processor.py:836} INFO - DAG(s) dict_keys(['example_task_group']) retrieved from /home/airflow/.local/lib/python3.7/site-packages/airflow/example_dags/example_task_group.py
[2023-06-16T10:06:15.711+0000] {logging_mixin.py:149} INFO - [2023-06-16T10:06:15.710+0000] {dag.py:2726} INFO - Sync 1 DAGs
[2023-06-16T10:06:15.746+0000] {logging_mixin.py:149} INFO - [2023-06-16T10:06:15.746+0000] {dag.py:3490} INFO - Setting next_dagrun for example_task_group to 2023-06-15T10:06:15.746138+00:00, run_after=2023-06-16T10:06:15.746138+00:00
[2023-06-16T10:06:15.821+0000] {processor.py:179} INFO - Processing /home/airflow/.local/lib/python3.7/site-packages/airflow/example_dags/example_task_group.py took 0.219 seconds
[2023-06-16T10:06:46.031+0000] {processor.py:157} INFO - Started process (PID=830) to work on /home/airflow/.local/lib/python3.7/site-packages/airflow/example_dags/example_task_group.py
[2023-06-16T10:06:46.032+0000] {processor.py:826} INFO - Processing file /home/airflow/.local/lib/python3.7/site-packages/airflow/example_dags/example_task_group.py for tasks to queue
[2023-06-16T10:06:46.033+0000] {logging_mixin.py:149} INFO - [2023-06-16T10:06:46.033+0000] {dagbag.py:541} INFO - Filling up the DagBag from /home/airflow/.local/lib/python3.7/site-packages/airflow/example_dags/example_task_group.py
[2023-06-16T10:06:46.045+0000] {processor.py:836} INFO - DAG(s) dict_keys(['example_task_group']) retrieved from /home/airflow/.local/lib/python3.7/site-packages/airflow/example_dags/example_task_group.py
[2023-06-16T10:06:46.089+0000] {logging_mixin.py:149} INFO - [2023-06-16T10:06:46.088+0000] {dag.py:2726} INFO - Sync 1 DAGs
[2023-06-16T10:06:46.140+0000] {logging_mixin.py:149} INFO - [2023-06-16T10:06:46.140+0000] {dag.py:3490} INFO - Setting next_dagrun for example_task_group to 2023-06-15T10:06:46.139789+00:00, run_after=2023-06-16T10:06:46.139789+00:00
[2023-06-16T10:06:46.300+0000] {processor.py:179} INFO - Processing /home/airflow/.local/lib/python3.7/site-packages/airflow/example_dags/example_task_group.py took 0.274 seconds
[2023-06-16T10:08:25.042+0000] {processor.py:157} INFO - Started process (PID=895) to work on /home/airflow/.local/lib/python3.7/site-packages/airflow/example_dags/example_task_group.py
[2023-06-16T10:08:25.894+0000] {processor.py:826} INFO - Processing file /home/airflow/.local/lib/python3.7/site-packages/airflow/example_dags/example_task_group.py for tasks to queue
[2023-06-16T10:08:25.899+0000] {logging_mixin.py:149} INFO - [2023-06-16T10:08:25.898+0000] {dagbag.py:541} INFO - Filling up the DagBag from /home/airflow/.local/lib/python3.7/site-packages/airflow/example_dags/example_task_group.py
[2023-06-16T10:08:26.729+0000] {processor.py:836} INFO - DAG(s) dict_keys(['example_task_group']) retrieved from /home/airflow/.local/lib/python3.7/site-packages/airflow/example_dags/example_task_group.py
[2023-06-16T10:08:26.775+0000] {logging_mixin.py:149} INFO - [2023-06-16T10:08:26.774+0000] {dag.py:2726} INFO - Sync 1 DAGs
[2023-06-16T10:08:26.828+0000] {logging_mixin.py:149} INFO - [2023-06-16T10:08:26.828+0000] {dag.py:3490} INFO - Setting next_dagrun for example_task_group to 2023-06-15T10:08:26.828193+00:00, run_after=2023-06-16T10:08:26.828193+00:00
[2023-06-16T10:08:27.216+0000] {processor.py:179} INFO - Processing /home/airflow/.local/lib/python3.7/site-packages/airflow/example_dags/example_task_group.py took 2.180 seconds
[2023-06-16T10:14:02.000+0000] {processor.py:157} INFO - Started process (PID=72) to work on /home/airflow/.local/lib/python3.7/site-packages/airflow/example_dags/example_task_group.py
[2023-06-16T10:14:02.151+0000] {processor.py:826} INFO - Processing file /home/airflow/.local/lib/python3.7/site-packages/airflow/example_dags/example_task_group.py for tasks to queue
[2023-06-16T10:14:02.152+0000] {logging_mixin.py:149} INFO - [2023-06-16T10:14:02.152+0000] {dagbag.py:541} INFO - Filling up the DagBag from /home/airflow/.local/lib/python3.7/site-packages/airflow/example_dags/example_task_group.py
[2023-06-16T10:14:02.215+0000] {processor.py:836} INFO - DAG(s) dict_keys(['example_task_group']) retrieved from /home/airflow/.local/lib/python3.7/site-packages/airflow/example_dags/example_task_group.py
[2023-06-16T10:14:02.253+0000] {logging_mixin.py:149} INFO - [2023-06-16T10:14:02.252+0000] {dag.py:2726} INFO - Sync 1 DAGs
[2023-06-16T10:14:02.288+0000] {logging_mixin.py:149} INFO - [2023-06-16T10:14:02.288+0000] {dag.py:3490} INFO - Setting next_dagrun for example_task_group to 2023-06-15T10:14:02.287797+00:00, run_after=2023-06-16T10:14:02.287797+00:00
[2023-06-16T10:14:02.352+0000] {processor.py:179} INFO - Processing /home/airflow/.local/lib/python3.7/site-packages/airflow/example_dags/example_task_group.py took 0.356 seconds
[2023-06-16T10:14:33.995+0000] {processor.py:157} INFO - Started process (PID=133) to work on /home/airflow/.local/lib/python3.7/site-packages/airflow/example_dags/example_task_group.py
[2023-06-16T10:14:34.024+0000] {processor.py:826} INFO - Processing file /home/airflow/.local/lib/python3.7/site-packages/airflow/example_dags/example_task_group.py for tasks to queue
[2023-06-16T10:14:34.025+0000] {logging_mixin.py:149} INFO - [2023-06-16T10:14:34.025+0000] {dagbag.py:541} INFO - Filling up the DagBag from /home/airflow/.local/lib/python3.7/site-packages/airflow/example_dags/example_task_group.py
[2023-06-16T10:14:34.034+0000] {processor.py:836} INFO - DAG(s) dict_keys(['example_task_group']) retrieved from /home/airflow/.local/lib/python3.7/site-packages/airflow/example_dags/example_task_group.py
[2023-06-16T10:14:34.066+0000] {logging_mixin.py:149} INFO - [2023-06-16T10:14:34.066+0000] {dag.py:2726} INFO - Sync 1 DAGs
[2023-06-16T10:14:34.101+0000] {logging_mixin.py:149} INFO - [2023-06-16T10:14:34.101+0000] {dag.py:3490} INFO - Setting next_dagrun for example_task_group to 2023-06-15T10:14:34.100735+00:00, run_after=2023-06-16T10:14:34.100735+00:00
[2023-06-16T10:14:34.315+0000] {processor.py:179} INFO - Processing /home/airflow/.local/lib/python3.7/site-packages/airflow/example_dags/example_task_group.py took 0.327 seconds
[2023-06-16T10:15:04.548+0000] {processor.py:157} INFO - Started process (PID=202) to work on /home/airflow/.local/lib/python3.7/site-packages/airflow/example_dags/example_task_group.py
[2023-06-16T10:15:04.558+0000] {processor.py:826} INFO - Processing file /home/airflow/.local/lib/python3.7/site-packages/airflow/example_dags/example_task_group.py for tasks to queue
[2023-06-16T10:15:04.559+0000] {logging_mixin.py:149} INFO - [2023-06-16T10:15:04.559+0000] {dagbag.py:541} INFO - Filling up the DagBag from /home/airflow/.local/lib/python3.7/site-packages/airflow/example_dags/example_task_group.py
[2023-06-16T10:15:04.569+0000] {processor.py:836} INFO - DAG(s) dict_keys(['example_task_group']) retrieved from /home/airflow/.local/lib/python3.7/site-packages/airflow/example_dags/example_task_group.py
[2023-06-16T10:15:04.729+0000] {logging_mixin.py:149} INFO - [2023-06-16T10:15:04.728+0000] {dag.py:2726} INFO - Sync 1 DAGs
[2023-06-16T10:15:04.761+0000] {logging_mixin.py:149} INFO - [2023-06-16T10:15:04.760+0000] {dag.py:3490} INFO - Setting next_dagrun for example_task_group to 2023-06-15T10:15:04.760565+00:00, run_after=2023-06-16T10:15:04.760565+00:00
[2023-06-16T10:15:04.804+0000] {processor.py:179} INFO - Processing /home/airflow/.local/lib/python3.7/site-packages/airflow/example_dags/example_task_group.py took 0.259 seconds
[2023-06-16T10:15:35.329+0000] {processor.py:157} INFO - Started process (PID=270) to work on /home/airflow/.local/lib/python3.7/site-packages/airflow/example_dags/example_task_group.py
[2023-06-16T10:15:35.330+0000] {processor.py:826} INFO - Processing file /home/airflow/.local/lib/python3.7/site-packages/airflow/example_dags/example_task_group.py for tasks to queue
[2023-06-16T10:15:35.331+0000] {logging_mixin.py:149} INFO - [2023-06-16T10:15:35.331+0000] {dagbag.py:541} INFO - Filling up the DagBag from /home/airflow/.local/lib/python3.7/site-packages/airflow/example_dags/example_task_group.py
[2023-06-16T10:15:35.340+0000] {processor.py:836} INFO - DAG(s) dict_keys(['example_task_group']) retrieved from /home/airflow/.local/lib/python3.7/site-packages/airflow/example_dags/example_task_group.py
[2023-06-16T10:15:35.372+0000] {logging_mixin.py:149} INFO - [2023-06-16T10:15:35.372+0000] {dag.py:2726} INFO - Sync 1 DAGs
[2023-06-16T10:15:35.408+0000] {logging_mixin.py:149} INFO - [2023-06-16T10:15:35.408+0000] {dag.py:3490} INFO - Setting next_dagrun for example_task_group to 2023-06-15T10:15:35.407754+00:00, run_after=2023-06-16T10:15:35.407754+00:00
[2023-06-16T10:15:35.448+0000] {processor.py:179} INFO - Processing /home/airflow/.local/lib/python3.7/site-packages/airflow/example_dags/example_task_group.py took 0.124 seconds
[2023-06-16T10:16:05.799+0000] {processor.py:157} INFO - Started process (PID=333) to work on /home/airflow/.local/lib/python3.7/site-packages/airflow/example_dags/example_task_group.py
[2023-06-16T10:16:05.815+0000] {processor.py:826} INFO - Processing file /home/airflow/.local/lib/python3.7/site-packages/airflow/example_dags/example_task_group.py for tasks to queue
[2023-06-16T10:16:05.817+0000] {logging_mixin.py:149} INFO - [2023-06-16T10:16:05.817+0000] {dagbag.py:541} INFO - Filling up the DagBag from /home/airflow/.local/lib/python3.7/site-packages/airflow/example_dags/example_task_group.py
[2023-06-16T10:16:05.830+0000] {processor.py:836} INFO - DAG(s) dict_keys(['example_task_group']) retrieved from /home/airflow/.local/lib/python3.7/site-packages/airflow/example_dags/example_task_group.py
[2023-06-16T10:16:05.870+0000] {logging_mixin.py:149} INFO - [2023-06-16T10:16:05.870+0000] {dag.py:2726} INFO - Sync 1 DAGs
[2023-06-16T10:16:05.925+0000] {logging_mixin.py:149} INFO - [2023-06-16T10:16:05.924+0000] {dag.py:3490} INFO - Setting next_dagrun for example_task_group to 2023-06-15T10:16:05.924416+00:00, run_after=2023-06-16T10:16:05.924416+00:00
[2023-06-16T10:16:05.982+0000] {processor.py:179} INFO - Processing /home/airflow/.local/lib/python3.7/site-packages/airflow/example_dags/example_task_group.py took 0.187 seconds
[2023-06-16T10:16:36.627+0000] {processor.py:157} INFO - Started process (PID=401) to work on /home/airflow/.local/lib/python3.7/site-packages/airflow/example_dags/example_task_group.py
[2023-06-16T10:16:36.643+0000] {processor.py:826} INFO - Processing file /home/airflow/.local/lib/python3.7/site-packages/airflow/example_dags/example_task_group.py for tasks to queue
[2023-06-16T10:16:36.645+0000] {logging_mixin.py:149} INFO - [2023-06-16T10:16:36.644+0000] {dagbag.py:541} INFO - Filling up the DagBag from /home/airflow/.local/lib/python3.7/site-packages/airflow/example_dags/example_task_group.py
[2023-06-16T10:16:36.663+0000] {processor.py:836} INFO - DAG(s) dict_keys(['example_task_group']) retrieved from /home/airflow/.local/lib/python3.7/site-packages/airflow/example_dags/example_task_group.py
[2023-06-16T10:16:36.718+0000] {logging_mixin.py:149} INFO - [2023-06-16T10:16:36.717+0000] {dag.py:2726} INFO - Sync 1 DAGs
[2023-06-16T10:16:36.781+0000] {logging_mixin.py:149} INFO - [2023-06-16T10:16:36.780+0000] {dag.py:3490} INFO - Setting next_dagrun for example_task_group to 2023-06-15T10:16:36.780188+00:00, run_after=2023-06-16T10:16:36.780188+00:00
[2023-06-16T10:16:36.917+0000] {processor.py:179} INFO - Processing /home/airflow/.local/lib/python3.7/site-packages/airflow/example_dags/example_task_group.py took 0.295 seconds
[2023-06-16T10:17:08.150+0000] {processor.py:157} INFO - Started process (PID=469) to work on /home/airflow/.local/lib/python3.7/site-packages/airflow/example_dags/example_task_group.py
[2023-06-16T10:17:08.193+0000] {processor.py:826} INFO - Processing file /home/airflow/.local/lib/python3.7/site-packages/airflow/example_dags/example_task_group.py for tasks to queue
[2023-06-16T10:17:08.194+0000] {logging_mixin.py:149} INFO - [2023-06-16T10:17:08.194+0000] {dagbag.py:541} INFO - Filling up the DagBag from /home/airflow/.local/lib/python3.7/site-packages/airflow/example_dags/example_task_group.py
[2023-06-16T10:17:08.212+0000] {processor.py:836} INFO - DAG(s) dict_keys(['example_task_group']) retrieved from /home/airflow/.local/lib/python3.7/site-packages/airflow/example_dags/example_task_group.py
[2023-06-16T10:17:08.261+0000] {logging_mixin.py:149} INFO - [2023-06-16T10:17:08.261+0000] {dag.py:2726} INFO - Sync 1 DAGs
[2023-06-16T10:17:08.301+0000] {logging_mixin.py:149} INFO - [2023-06-16T10:17:08.301+0000] {dag.py:3490} INFO - Setting next_dagrun for example_task_group to 2023-06-15T10:17:08.300565+00:00, run_after=2023-06-16T10:17:08.300565+00:00
[2023-06-16T10:17:08.475+0000] {processor.py:179} INFO - Processing /home/airflow/.local/lib/python3.7/site-packages/airflow/example_dags/example_task_group.py took 0.330 seconds
[2023-06-16T10:17:41.353+0000] {processor.py:157} INFO - Started process (PID=531) to work on /home/airflow/.local/lib/python3.7/site-packages/airflow/example_dags/example_task_group.py
[2023-06-16T10:17:41.417+0000] {processor.py:826} INFO - Processing file /home/airflow/.local/lib/python3.7/site-packages/airflow/example_dags/example_task_group.py for tasks to queue
[2023-06-16T10:17:41.419+0000] {logging_mixin.py:149} INFO - [2023-06-16T10:17:41.419+0000] {dagbag.py:541} INFO - Filling up the DagBag from /home/airflow/.local/lib/python3.7/site-packages/airflow/example_dags/example_task_group.py
[2023-06-16T10:17:41.452+0000] {processor.py:836} INFO - DAG(s) dict_keys(['example_task_group']) retrieved from /home/airflow/.local/lib/python3.7/site-packages/airflow/example_dags/example_task_group.py
[2023-06-16T10:17:41.529+0000] {logging_mixin.py:149} INFO - [2023-06-16T10:17:41.529+0000] {dag.py:2726} INFO - Sync 1 DAGs
[2023-06-16T10:17:41.576+0000] {logging_mixin.py:149} INFO - [2023-06-16T10:17:41.576+0000] {dag.py:3490} INFO - Setting next_dagrun for example_task_group to 2023-06-15T10:17:41.576012+00:00, run_after=2023-06-16T10:17:41.576012+00:00
[2023-06-16T10:17:41.780+0000] {processor.py:179} INFO - Processing /home/airflow/.local/lib/python3.7/site-packages/airflow/example_dags/example_task_group.py took 0.433 seconds
[2023-06-16T10:18:18.016+0000] {processor.py:157} INFO - Started process (PID=586) to work on /home/airflow/.local/lib/python3.7/site-packages/airflow/example_dags/example_task_group.py
[2023-06-16T10:18:18.052+0000] {processor.py:826} INFO - Processing file /home/airflow/.local/lib/python3.7/site-packages/airflow/example_dags/example_task_group.py for tasks to queue
[2023-06-16T10:18:18.053+0000] {logging_mixin.py:149} INFO - [2023-06-16T10:18:18.053+0000] {dagbag.py:541} INFO - Filling up the DagBag from /home/airflow/.local/lib/python3.7/site-packages/airflow/example_dags/example_task_group.py
[2023-06-16T10:18:18.064+0000] {processor.py:836} INFO - DAG(s) dict_keys(['example_task_group']) retrieved from /home/airflow/.local/lib/python3.7/site-packages/airflow/example_dags/example_task_group.py
[2023-06-16T10:18:18.101+0000] {logging_mixin.py:149} INFO - [2023-06-16T10:18:18.101+0000] {dag.py:2726} INFO - Sync 1 DAGs
[2023-06-16T10:18:18.136+0000] {logging_mixin.py:149} INFO - [2023-06-16T10:18:18.136+0000] {dag.py:3490} INFO - Setting next_dagrun for example_task_group to 2023-06-15T10:18:18.136407+00:00, run_after=2023-06-16T10:18:18.136407+00:00
[2023-06-16T10:18:18.204+0000] {processor.py:179} INFO - Processing /home/airflow/.local/lib/python3.7/site-packages/airflow/example_dags/example_task_group.py took 0.193 seconds
[2023-06-16T10:18:48.762+0000] {processor.py:157} INFO - Started process (PID=654) to work on /home/airflow/.local/lib/python3.7/site-packages/airflow/example_dags/example_task_group.py
[2023-06-16T10:18:48.763+0000] {processor.py:826} INFO - Processing file /home/airflow/.local/lib/python3.7/site-packages/airflow/example_dags/example_task_group.py for tasks to queue
[2023-06-16T10:18:48.764+0000] {logging_mixin.py:149} INFO - [2023-06-16T10:18:48.764+0000] {dagbag.py:541} INFO - Filling up the DagBag from /home/airflow/.local/lib/python3.7/site-packages/airflow/example_dags/example_task_group.py
[2023-06-16T10:18:48.776+0000] {processor.py:836} INFO - DAG(s) dict_keys(['example_task_group']) retrieved from /home/airflow/.local/lib/python3.7/site-packages/airflow/example_dags/example_task_group.py
[2023-06-16T10:18:48.813+0000] {logging_mixin.py:149} INFO - [2023-06-16T10:18:48.813+0000] {dag.py:2726} INFO - Sync 1 DAGs
[2023-06-16T10:18:48.851+0000] {logging_mixin.py:149} INFO - [2023-06-16T10:18:48.851+0000] {dag.py:3490} INFO - Setting next_dagrun for example_task_group to 2023-06-15T10:18:48.851173+00:00, run_after=2023-06-16T10:18:48.851173+00:00
[2023-06-16T10:18:48.899+0000] {processor.py:179} INFO - Processing /home/airflow/.local/lib/python3.7/site-packages/airflow/example_dags/example_task_group.py took 0.141 seconds
[2023-06-16T10:19:19.437+0000] {processor.py:157} INFO - Started process (PID=722) to work on /home/airflow/.local/lib/python3.7/site-packages/airflow/example_dags/example_task_group.py
[2023-06-16T10:19:19.458+0000] {processor.py:826} INFO - Processing file /home/airflow/.local/lib/python3.7/site-packages/airflow/example_dags/example_task_group.py for tasks to queue
[2023-06-16T10:19:19.459+0000] {logging_mixin.py:149} INFO - [2023-06-16T10:19:19.459+0000] {dagbag.py:541} INFO - Filling up the DagBag from /home/airflow/.local/lib/python3.7/site-packages/airflow/example_dags/example_task_group.py
[2023-06-16T10:19:19.469+0000] {processor.py:836} INFO - DAG(s) dict_keys(['example_task_group']) retrieved from /home/airflow/.local/lib/python3.7/site-packages/airflow/example_dags/example_task_group.py
[2023-06-16T10:19:19.501+0000] {logging_mixin.py:149} INFO - [2023-06-16T10:19:19.501+0000] {dag.py:2726} INFO - Sync 1 DAGs
[2023-06-16T10:19:19.534+0000] {logging_mixin.py:149} INFO - [2023-06-16T10:19:19.533+0000] {dag.py:3490} INFO - Setting next_dagrun for example_task_group to 2023-06-15T10:19:19.533712+00:00, run_after=2023-06-16T10:19:19.533712+00:00
[2023-06-16T10:19:19.580+0000] {processor.py:179} INFO - Processing /home/airflow/.local/lib/python3.7/site-packages/airflow/example_dags/example_task_group.py took 0.147 seconds
