[2023-06-16T00:39:49.844+0000] {processor.py:157} INFO - Started process (PID=93) to work on /home/airflow/.local/lib/python3.7/site-packages/airflow/example_dags/example_branch_python_dop_operator_3.py
[2023-06-16T00:39:49.846+0000] {processor.py:826} INFO - Processing file /home/airflow/.local/lib/python3.7/site-packages/airflow/example_dags/example_branch_python_dop_operator_3.py for tasks to queue
[2023-06-16T00:39:49.848+0000] {logging_mixin.py:149} INFO - [2023-06-16T00:39:49.847+0000] {dagbag.py:541} INFO - Filling up the DagBag from /home/airflow/.local/lib/python3.7/site-packages/airflow/example_dags/example_branch_python_dop_operator_3.py
[2023-06-16T00:39:50.019+0000] {processor.py:836} INFO - DAG(s) dict_keys(['example_branch_dop_operator_v3']) retrieved from /home/airflow/.local/lib/python3.7/site-packages/airflow/example_dags/example_branch_python_dop_operator_3.py
[2023-06-16T00:39:50.066+0000] {logging_mixin.py:149} INFO - [2023-06-16T00:39:50.066+0000] {dag.py:2726} INFO - Sync 1 DAGs
[2023-06-16T00:39:50.119+0000] {logging_mixin.py:149} INFO - [2023-06-16T00:39:50.119+0000] {dag.py:3490} INFO - Setting next_dagrun for example_branch_dop_operator_v3 to 2023-06-16T00:38:00+00:00, run_after=2023-06-16T00:39:00+00:00
[2023-06-16T00:39:50.642+0000] {processor.py:179} INFO - Processing /home/airflow/.local/lib/python3.7/site-packages/airflow/example_dags/example_branch_python_dop_operator_3.py took 0.816 seconds
[2023-06-16T00:40:23.016+0000] {processor.py:157} INFO - Started process (PID=161) to work on /home/airflow/.local/lib/python3.7/site-packages/airflow/example_dags/example_branch_python_dop_operator_3.py
[2023-06-16T00:40:23.017+0000] {processor.py:826} INFO - Processing file /home/airflow/.local/lib/python3.7/site-packages/airflow/example_dags/example_branch_python_dop_operator_3.py for tasks to queue
[2023-06-16T00:40:23.018+0000] {logging_mixin.py:149} INFO - [2023-06-16T00:40:23.017+0000] {dagbag.py:541} INFO - Filling up the DagBag from /home/airflow/.local/lib/python3.7/site-packages/airflow/example_dags/example_branch_python_dop_operator_3.py
[2023-06-16T00:40:23.027+0000] {processor.py:836} INFO - DAG(s) dict_keys(['example_branch_dop_operator_v3']) retrieved from /home/airflow/.local/lib/python3.7/site-packages/airflow/example_dags/example_branch_python_dop_operator_3.py
[2023-06-16T00:40:23.068+0000] {logging_mixin.py:149} INFO - [2023-06-16T00:40:23.067+0000] {dag.py:2726} INFO - Sync 1 DAGs
[2023-06-16T00:40:23.121+0000] {logging_mixin.py:149} INFO - [2023-06-16T00:40:23.121+0000] {dag.py:3490} INFO - Setting next_dagrun for example_branch_dop_operator_v3 to 2023-06-16T00:39:00+00:00, run_after=2023-06-16T00:40:00+00:00
[2023-06-16T00:40:23.291+0000] {processor.py:179} INFO - Processing /home/airflow/.local/lib/python3.7/site-packages/airflow/example_dags/example_branch_python_dop_operator_3.py took 0.279 seconds
[2023-06-16T00:42:04.623+0000] {processor.py:157} INFO - Started process (PID=219) to work on /home/airflow/.local/lib/python3.7/site-packages/airflow/example_dags/example_branch_python_dop_operator_3.py
[2023-06-16T00:42:04.661+0000] {processor.py:826} INFO - Processing file /home/airflow/.local/lib/python3.7/site-packages/airflow/example_dags/example_branch_python_dop_operator_3.py for tasks to queue
[2023-06-16T00:42:04.665+0000] {logging_mixin.py:149} INFO - [2023-06-16T00:42:04.664+0000] {dagbag.py:541} INFO - Filling up the DagBag from /home/airflow/.local/lib/python3.7/site-packages/airflow/example_dags/example_branch_python_dop_operator_3.py
[2023-06-16T00:42:04.863+0000] {processor.py:836} INFO - DAG(s) dict_keys(['example_branch_dop_operator_v3']) retrieved from /home/airflow/.local/lib/python3.7/site-packages/airflow/example_dags/example_branch_python_dop_operator_3.py
[2023-06-16T00:42:04.903+0000] {logging_mixin.py:149} INFO - [2023-06-16T00:42:04.902+0000] {dag.py:2726} INFO - Sync 1 DAGs
[2023-06-16T00:42:04.967+0000] {logging_mixin.py:149} INFO - [2023-06-16T00:42:04.967+0000] {dag.py:3490} INFO - Setting next_dagrun for example_branch_dop_operator_v3 to 2023-06-16T00:41:00+00:00, run_after=2023-06-16T00:42:00+00:00
[2023-06-16T00:42:05.055+0000] {processor.py:179} INFO - Processing /home/airflow/.local/lib/python3.7/site-packages/airflow/example_dags/example_branch_python_dop_operator_3.py took 0.438 seconds
[2023-06-16T00:42:35.348+0000] {processor.py:157} INFO - Started process (PID=288) to work on /home/airflow/.local/lib/python3.7/site-packages/airflow/example_dags/example_branch_python_dop_operator_3.py
[2023-06-16T00:42:35.349+0000] {processor.py:826} INFO - Processing file /home/airflow/.local/lib/python3.7/site-packages/airflow/example_dags/example_branch_python_dop_operator_3.py for tasks to queue
[2023-06-16T00:42:35.350+0000] {logging_mixin.py:149} INFO - [2023-06-16T00:42:35.350+0000] {dagbag.py:541} INFO - Filling up the DagBag from /home/airflow/.local/lib/python3.7/site-packages/airflow/example_dags/example_branch_python_dop_operator_3.py
[2023-06-16T00:42:35.360+0000] {processor.py:836} INFO - DAG(s) dict_keys(['example_branch_dop_operator_v3']) retrieved from /home/airflow/.local/lib/python3.7/site-packages/airflow/example_dags/example_branch_python_dop_operator_3.py
[2023-06-16T00:42:35.392+0000] {logging_mixin.py:149} INFO - [2023-06-16T00:42:35.392+0000] {dag.py:2726} INFO - Sync 1 DAGs
[2023-06-16T00:42:35.432+0000] {logging_mixin.py:149} INFO - [2023-06-16T00:42:35.432+0000] {dag.py:3490} INFO - Setting next_dagrun for example_branch_dop_operator_v3 to 2023-06-16T00:41:00+00:00, run_after=2023-06-16T00:42:00+00:00
[2023-06-16T00:42:35.477+0000] {processor.py:179} INFO - Processing /home/airflow/.local/lib/python3.7/site-packages/airflow/example_dags/example_branch_python_dop_operator_3.py took 0.133 seconds
[2023-06-16T00:43:07.859+0000] {processor.py:157} INFO - Started process (PID=355) to work on /home/airflow/.local/lib/python3.7/site-packages/airflow/example_dags/example_branch_python_dop_operator_3.py
[2023-06-16T00:43:07.911+0000] {processor.py:826} INFO - Processing file /home/airflow/.local/lib/python3.7/site-packages/airflow/example_dags/example_branch_python_dop_operator_3.py for tasks to queue
[2023-06-16T00:43:07.913+0000] {logging_mixin.py:149} INFO - [2023-06-16T00:43:07.913+0000] {dagbag.py:541} INFO - Filling up the DagBag from /home/airflow/.local/lib/python3.7/site-packages/airflow/example_dags/example_branch_python_dop_operator_3.py
[2023-06-16T00:43:07.939+0000] {processor.py:836} INFO - DAG(s) dict_keys(['example_branch_dop_operator_v3']) retrieved from /home/airflow/.local/lib/python3.7/site-packages/airflow/example_dags/example_branch_python_dop_operator_3.py
[2023-06-16T00:43:07.971+0000] {logging_mixin.py:149} INFO - [2023-06-16T00:43:07.971+0000] {dag.py:2726} INFO - Sync 1 DAGs
[2023-06-16T00:43:08.017+0000] {logging_mixin.py:149} INFO - [2023-06-16T00:43:08.016+0000] {dag.py:3490} INFO - Setting next_dagrun for example_branch_dop_operator_v3 to 2023-06-16T00:42:00+00:00, run_after=2023-06-16T00:43:00+00:00
[2023-06-16T00:43:08.175+0000] {processor.py:179} INFO - Processing /home/airflow/.local/lib/python3.7/site-packages/airflow/example_dags/example_branch_python_dop_operator_3.py took 0.320 seconds
[2023-06-16T00:43:38.990+0000] {processor.py:157} INFO - Started process (PID=419) to work on /home/airflow/.local/lib/python3.7/site-packages/airflow/example_dags/example_branch_python_dop_operator_3.py
[2023-06-16T00:43:38.991+0000] {processor.py:826} INFO - Processing file /home/airflow/.local/lib/python3.7/site-packages/airflow/example_dags/example_branch_python_dop_operator_3.py for tasks to queue
[2023-06-16T00:43:38.992+0000] {logging_mixin.py:149} INFO - [2023-06-16T00:43:38.992+0000] {dagbag.py:541} INFO - Filling up the DagBag from /home/airflow/.local/lib/python3.7/site-packages/airflow/example_dags/example_branch_python_dop_operator_3.py
[2023-06-16T00:43:39.002+0000] {processor.py:836} INFO - DAG(s) dict_keys(['example_branch_dop_operator_v3']) retrieved from /home/airflow/.local/lib/python3.7/site-packages/airflow/example_dags/example_branch_python_dop_operator_3.py
[2023-06-16T00:43:39.038+0000] {logging_mixin.py:149} INFO - [2023-06-16T00:43:39.038+0000] {dag.py:2726} INFO - Sync 1 DAGs
[2023-06-16T00:43:39.082+0000] {logging_mixin.py:149} INFO - [2023-06-16T00:43:39.082+0000] {dag.py:3490} INFO - Setting next_dagrun for example_branch_dop_operator_v3 to 2023-06-16T00:42:00+00:00, run_after=2023-06-16T00:43:00+00:00
[2023-06-16T00:43:39.313+0000] {processor.py:179} INFO - Processing /home/airflow/.local/lib/python3.7/site-packages/airflow/example_dags/example_branch_python_dop_operator_3.py took 0.327 seconds
[2023-06-16T00:44:11.098+0000] {processor.py:157} INFO - Started process (PID=487) to work on /home/airflow/.local/lib/python3.7/site-packages/airflow/example_dags/example_branch_python_dop_operator_3.py
[2023-06-16T00:44:11.203+0000] {processor.py:826} INFO - Processing file /home/airflow/.local/lib/python3.7/site-packages/airflow/example_dags/example_branch_python_dop_operator_3.py for tasks to queue
[2023-06-16T00:44:11.204+0000] {logging_mixin.py:149} INFO - [2023-06-16T00:44:11.204+0000] {dagbag.py:541} INFO - Filling up the DagBag from /home/airflow/.local/lib/python3.7/site-packages/airflow/example_dags/example_branch_python_dop_operator_3.py
[2023-06-16T00:44:11.214+0000] {processor.py:836} INFO - DAG(s) dict_keys(['example_branch_dop_operator_v3']) retrieved from /home/airflow/.local/lib/python3.7/site-packages/airflow/example_dags/example_branch_python_dop_operator_3.py
[2023-06-16T00:44:11.245+0000] {logging_mixin.py:149} INFO - [2023-06-16T00:44:11.245+0000] {dag.py:2726} INFO - Sync 1 DAGs
[2023-06-16T00:44:11.286+0000] {logging_mixin.py:149} INFO - [2023-06-16T00:44:11.285+0000] {dag.py:3490} INFO - Setting next_dagrun for example_branch_dop_operator_v3 to 2023-06-16T00:43:00+00:00, run_after=2023-06-16T00:44:00+00:00
[2023-06-16T00:44:11.445+0000] {processor.py:179} INFO - Processing /home/airflow/.local/lib/python3.7/site-packages/airflow/example_dags/example_branch_python_dop_operator_3.py took 0.351 seconds
[2023-06-16T00:44:59.041+0000] {processor.py:157} INFO - Started process (PID=555) to work on /home/airflow/.local/lib/python3.7/site-packages/airflow/example_dags/example_branch_python_dop_operator_3.py
[2023-06-16T00:44:59.153+0000] {processor.py:826} INFO - Processing file /home/airflow/.local/lib/python3.7/site-packages/airflow/example_dags/example_branch_python_dop_operator_3.py for tasks to queue
[2023-06-16T00:44:59.156+0000] {logging_mixin.py:149} INFO - [2023-06-16T00:44:59.155+0000] {dagbag.py:541} INFO - Filling up the DagBag from /home/airflow/.local/lib/python3.7/site-packages/airflow/example_dags/example_branch_python_dop_operator_3.py
[2023-06-16T00:44:59.185+0000] {processor.py:836} INFO - DAG(s) dict_keys(['example_branch_dop_operator_v3']) retrieved from /home/airflow/.local/lib/python3.7/site-packages/airflow/example_dags/example_branch_python_dop_operator_3.py
[2023-06-16T00:44:59.249+0000] {logging_mixin.py:149} INFO - [2023-06-16T00:44:59.249+0000] {dag.py:2726} INFO - Sync 1 DAGs
[2023-06-16T00:44:59.295+0000] {logging_mixin.py:149} INFO - [2023-06-16T00:44:59.295+0000] {dag.py:3490} INFO - Setting next_dagrun for example_branch_dop_operator_v3 to 2023-06-16T00:43:00+00:00, run_after=2023-06-16T00:44:00+00:00
[2023-06-16T00:44:59.490+0000] {processor.py:179} INFO - Processing /home/airflow/.local/lib/python3.7/site-packages/airflow/example_dags/example_branch_python_dop_operator_3.py took 0.454 seconds
[2023-06-16T00:45:42.324+0000] {processor.py:157} INFO - Started process (PID=626) to work on /home/airflow/.local/lib/python3.7/site-packages/airflow/example_dags/example_branch_python_dop_operator_3.py
[2023-06-16T00:45:42.488+0000] {processor.py:826} INFO - Processing file /home/airflow/.local/lib/python3.7/site-packages/airflow/example_dags/example_branch_python_dop_operator_3.py for tasks to queue
[2023-06-16T00:45:42.490+0000] {logging_mixin.py:149} INFO - [2023-06-16T00:45:42.490+0000] {dagbag.py:541} INFO - Filling up the DagBag from /home/airflow/.local/lib/python3.7/site-packages/airflow/example_dags/example_branch_python_dop_operator_3.py
[2023-06-16T00:45:42.559+0000] {processor.py:836} INFO - DAG(s) dict_keys(['example_branch_dop_operator_v3']) retrieved from /home/airflow/.local/lib/python3.7/site-packages/airflow/example_dags/example_branch_python_dop_operator_3.py
[2023-06-16T00:45:42.600+0000] {logging_mixin.py:149} INFO - [2023-06-16T00:45:42.600+0000] {dag.py:2726} INFO - Sync 1 DAGs
[2023-06-16T00:45:42.651+0000] {logging_mixin.py:149} INFO - [2023-06-16T00:45:42.651+0000] {dag.py:3490} INFO - Setting next_dagrun for example_branch_dop_operator_v3 to 2023-06-16T00:44:00+00:00, run_after=2023-06-16T00:45:00+00:00
[2023-06-16T00:45:42.966+0000] {processor.py:179} INFO - Processing /home/airflow/.local/lib/python3.7/site-packages/airflow/example_dags/example_branch_python_dop_operator_3.py took 0.647 seconds
[2023-06-16T00:46:45.186+0000] {processor.py:157} INFO - Started process (PID=707) to work on /home/airflow/.local/lib/python3.7/site-packages/airflow/example_dags/example_branch_python_dop_operator_3.py
[2023-06-16T00:46:45.229+0000] {processor.py:826} INFO - Processing file /home/airflow/.local/lib/python3.7/site-packages/airflow/example_dags/example_branch_python_dop_operator_3.py for tasks to queue
[2023-06-16T00:46:45.231+0000] {logging_mixin.py:149} INFO - [2023-06-16T00:46:45.230+0000] {dagbag.py:541} INFO - Filling up the DagBag from /home/airflow/.local/lib/python3.7/site-packages/airflow/example_dags/example_branch_python_dop_operator_3.py
[2023-06-16T00:46:45.252+0000] {processor.py:836} INFO - DAG(s) dict_keys(['example_branch_dop_operator_v3']) retrieved from /home/airflow/.local/lib/python3.7/site-packages/airflow/example_dags/example_branch_python_dop_operator_3.py
[2023-06-16T00:46:45.410+0000] {logging_mixin.py:149} INFO - [2023-06-16T00:46:45.409+0000] {dag.py:2726} INFO - Sync 1 DAGs
[2023-06-16T00:46:45.483+0000] {logging_mixin.py:149} INFO - [2023-06-16T00:46:45.483+0000] {dag.py:3490} INFO - Setting next_dagrun for example_branch_dop_operator_v3 to 2023-06-16T00:45:00+00:00, run_after=2023-06-16T00:46:00+00:00
[2023-06-16T00:46:45.669+0000] {processor.py:179} INFO - Processing /home/airflow/.local/lib/python3.7/site-packages/airflow/example_dags/example_branch_python_dop_operator_3.py took 0.500 seconds
[2023-06-16T00:47:26.191+0000] {processor.py:157} INFO - Started process (PID=769) to work on /home/airflow/.local/lib/python3.7/site-packages/airflow/example_dags/example_branch_python_dop_operator_3.py
[2023-06-16T00:47:26.215+0000] {processor.py:826} INFO - Processing file /home/airflow/.local/lib/python3.7/site-packages/airflow/example_dags/example_branch_python_dop_operator_3.py for tasks to queue
[2023-06-16T00:47:26.217+0000] {logging_mixin.py:149} INFO - [2023-06-16T00:47:26.217+0000] {dagbag.py:541} INFO - Filling up the DagBag from /home/airflow/.local/lib/python3.7/site-packages/airflow/example_dags/example_branch_python_dop_operator_3.py
[2023-06-16T00:47:26.236+0000] {processor.py:836} INFO - DAG(s) dict_keys(['example_branch_dop_operator_v3']) retrieved from /home/airflow/.local/lib/python3.7/site-packages/airflow/example_dags/example_branch_python_dop_operator_3.py
[2023-06-16T00:47:26.280+0000] {logging_mixin.py:149} INFO - [2023-06-16T00:47:26.280+0000] {dag.py:2726} INFO - Sync 1 DAGs
[2023-06-16T00:47:26.341+0000] {logging_mixin.py:149} INFO - [2023-06-16T00:47:26.341+0000] {dag.py:3490} INFO - Setting next_dagrun for example_branch_dop_operator_v3 to 2023-06-16T00:46:00+00:00, run_after=2023-06-16T00:47:00+00:00
[2023-06-16T00:47:26.481+0000] {processor.py:179} INFO - Processing /home/airflow/.local/lib/python3.7/site-packages/airflow/example_dags/example_branch_python_dop_operator_3.py took 0.296 seconds
[2023-06-16T00:49:08.371+0000] {processor.py:157} INFO - Started process (PID=853) to work on /home/airflow/.local/lib/python3.7/site-packages/airflow/example_dags/example_branch_python_dop_operator_3.py
[2023-06-16T00:49:08.376+0000] {processor.py:826} INFO - Processing file /home/airflow/.local/lib/python3.7/site-packages/airflow/example_dags/example_branch_python_dop_operator_3.py for tasks to queue
[2023-06-16T00:49:08.378+0000] {logging_mixin.py:149} INFO - [2023-06-16T00:49:08.378+0000] {dagbag.py:541} INFO - Filling up the DagBag from /home/airflow/.local/lib/python3.7/site-packages/airflow/example_dags/example_branch_python_dop_operator_3.py
[2023-06-16T00:49:08.547+0000] {processor.py:836} INFO - DAG(s) dict_keys(['example_branch_dop_operator_v3']) retrieved from /home/airflow/.local/lib/python3.7/site-packages/airflow/example_dags/example_branch_python_dop_operator_3.py
[2023-06-16T00:49:08.607+0000] {logging_mixin.py:149} INFO - [2023-06-16T00:49:08.607+0000] {dag.py:2726} INFO - Sync 1 DAGs
[2023-06-16T00:49:08.693+0000] {logging_mixin.py:149} INFO - [2023-06-16T00:49:08.693+0000] {dag.py:3490} INFO - Setting next_dagrun for example_branch_dop_operator_v3 to 2023-06-16T00:48:00+00:00, run_after=2023-06-16T00:49:00+00:00
[2023-06-16T00:49:08.873+0000] {processor.py:179} INFO - Processing /home/airflow/.local/lib/python3.7/site-packages/airflow/example_dags/example_branch_python_dop_operator_3.py took 0.510 seconds
[2023-06-16T00:49:38.961+0000] {processor.py:157} INFO - Started process (PID=921) to work on /home/airflow/.local/lib/python3.7/site-packages/airflow/example_dags/example_branch_python_dop_operator_3.py
[2023-06-16T00:49:38.962+0000] {processor.py:826} INFO - Processing file /home/airflow/.local/lib/python3.7/site-packages/airflow/example_dags/example_branch_python_dop_operator_3.py for tasks to queue
[2023-06-16T00:49:38.963+0000] {logging_mixin.py:149} INFO - [2023-06-16T00:49:38.963+0000] {dagbag.py:541} INFO - Filling up the DagBag from /home/airflow/.local/lib/python3.7/site-packages/airflow/example_dags/example_branch_python_dop_operator_3.py
[2023-06-16T00:49:38.980+0000] {processor.py:836} INFO - DAG(s) dict_keys(['example_branch_dop_operator_v3']) retrieved from /home/airflow/.local/lib/python3.7/site-packages/airflow/example_dags/example_branch_python_dop_operator_3.py
[2023-06-16T00:49:39.027+0000] {logging_mixin.py:149} INFO - [2023-06-16T00:49:39.027+0000] {dag.py:2726} INFO - Sync 1 DAGs
[2023-06-16T00:49:39.082+0000] {logging_mixin.py:149} INFO - [2023-06-16T00:49:39.082+0000] {dag.py:3490} INFO - Setting next_dagrun for example_branch_dop_operator_v3 to 2023-06-16T00:48:00+00:00, run_after=2023-06-16T00:49:00+00:00
[2023-06-16T00:49:39.256+0000] {processor.py:179} INFO - Processing /home/airflow/.local/lib/python3.7/site-packages/airflow/example_dags/example_branch_python_dop_operator_3.py took 0.300 seconds
[2023-06-16T00:50:10.847+0000] {processor.py:157} INFO - Started process (PID=989) to work on /home/airflow/.local/lib/python3.7/site-packages/airflow/example_dags/example_branch_python_dop_operator_3.py
[2023-06-16T00:50:10.848+0000] {processor.py:826} INFO - Processing file /home/airflow/.local/lib/python3.7/site-packages/airflow/example_dags/example_branch_python_dop_operator_3.py for tasks to queue
[2023-06-16T00:50:10.849+0000] {logging_mixin.py:149} INFO - [2023-06-16T00:50:10.849+0000] {dagbag.py:541} INFO - Filling up the DagBag from /home/airflow/.local/lib/python3.7/site-packages/airflow/example_dags/example_branch_python_dop_operator_3.py
[2023-06-16T00:50:10.862+0000] {processor.py:836} INFO - DAG(s) dict_keys(['example_branch_dop_operator_v3']) retrieved from /home/airflow/.local/lib/python3.7/site-packages/airflow/example_dags/example_branch_python_dop_operator_3.py
[2023-06-16T00:50:10.896+0000] {logging_mixin.py:149} INFO - [2023-06-16T00:50:10.896+0000] {dag.py:2726} INFO - Sync 1 DAGs
[2023-06-16T00:50:10.942+0000] {logging_mixin.py:149} INFO - [2023-06-16T00:50:10.942+0000] {dag.py:3490} INFO - Setting next_dagrun for example_branch_dop_operator_v3 to 2023-06-16T00:49:00+00:00, run_after=2023-06-16T00:50:00+00:00
[2023-06-16T00:50:11.073+0000] {processor.py:179} INFO - Processing /home/airflow/.local/lib/python3.7/site-packages/airflow/example_dags/example_branch_python_dop_operator_3.py took 0.231 seconds
[2023-06-16T00:50:41.744+0000] {processor.py:157} INFO - Started process (PID=1053) to work on /home/airflow/.local/lib/python3.7/site-packages/airflow/example_dags/example_branch_python_dop_operator_3.py
[2023-06-16T00:50:41.898+0000] {processor.py:826} INFO - Processing file /home/airflow/.local/lib/python3.7/site-packages/airflow/example_dags/example_branch_python_dop_operator_3.py for tasks to queue
[2023-06-16T00:50:41.902+0000] {logging_mixin.py:149} INFO - [2023-06-16T00:50:41.901+0000] {dagbag.py:541} INFO - Filling up the DagBag from /home/airflow/.local/lib/python3.7/site-packages/airflow/example_dags/example_branch_python_dop_operator_3.py
[2023-06-16T00:50:41.927+0000] {processor.py:836} INFO - DAG(s) dict_keys(['example_branch_dop_operator_v3']) retrieved from /home/airflow/.local/lib/python3.7/site-packages/airflow/example_dags/example_branch_python_dop_operator_3.py
[2023-06-16T00:50:42.021+0000] {logging_mixin.py:149} INFO - [2023-06-16T00:50:42.020+0000] {dag.py:2726} INFO - Sync 1 DAGs
[2023-06-16T00:50:42.086+0000] {logging_mixin.py:149} INFO - [2023-06-16T00:50:42.085+0000] {dag.py:3490} INFO - Setting next_dagrun for example_branch_dop_operator_v3 to 2023-06-16T00:49:00+00:00, run_after=2023-06-16T00:50:00+00:00
[2023-06-16T00:50:42.376+0000] {processor.py:179} INFO - Processing /home/airflow/.local/lib/python3.7/site-packages/airflow/example_dags/example_branch_python_dop_operator_3.py took 0.636 seconds
[2023-06-16T00:51:14.358+0000] {processor.py:157} INFO - Started process (PID=1121) to work on /home/airflow/.local/lib/python3.7/site-packages/airflow/example_dags/example_branch_python_dop_operator_3.py
[2023-06-16T00:51:14.691+0000] {processor.py:826} INFO - Processing file /home/airflow/.local/lib/python3.7/site-packages/airflow/example_dags/example_branch_python_dop_operator_3.py for tasks to queue
[2023-06-16T00:51:14.694+0000] {logging_mixin.py:149} INFO - [2023-06-16T00:51:14.693+0000] {dagbag.py:541} INFO - Filling up the DagBag from /home/airflow/.local/lib/python3.7/site-packages/airflow/example_dags/example_branch_python_dop_operator_3.py
[2023-06-16T00:51:14.892+0000] {processor.py:836} INFO - DAG(s) dict_keys(['example_branch_dop_operator_v3']) retrieved from /home/airflow/.local/lib/python3.7/site-packages/airflow/example_dags/example_branch_python_dop_operator_3.py
[2023-06-16T00:51:14.941+0000] {logging_mixin.py:149} INFO - [2023-06-16T00:51:14.940+0000] {dag.py:2726} INFO - Sync 1 DAGs
[2023-06-16T00:51:15.021+0000] {logging_mixin.py:149} INFO - [2023-06-16T00:51:15.020+0000] {dag.py:3490} INFO - Setting next_dagrun for example_branch_dop_operator_v3 to 2023-06-16T00:50:00+00:00, run_after=2023-06-16T00:51:00+00:00
[2023-06-16T00:51:15.312+0000] {processor.py:179} INFO - Processing /home/airflow/.local/lib/python3.7/site-packages/airflow/example_dags/example_branch_python_dop_operator_3.py took 0.961 seconds
[2023-06-16T00:52:25.836+0000] {processor.py:157} INFO - Started process (PID=1196) to work on /home/airflow/.local/lib/python3.7/site-packages/airflow/example_dags/example_branch_python_dop_operator_3.py
[2023-06-16T00:52:26.363+0000] {processor.py:826} INFO - Processing file /home/airflow/.local/lib/python3.7/site-packages/airflow/example_dags/example_branch_python_dop_operator_3.py for tasks to queue
[2023-06-16T00:52:26.366+0000] {logging_mixin.py:149} INFO - [2023-06-16T00:52:26.366+0000] {dagbag.py:541} INFO - Filling up the DagBag from /home/airflow/.local/lib/python3.7/site-packages/airflow/example_dags/example_branch_python_dop_operator_3.py
[2023-06-16T00:52:26.441+0000] {processor.py:836} INFO - DAG(s) dict_keys(['example_branch_dop_operator_v3']) retrieved from /home/airflow/.local/lib/python3.7/site-packages/airflow/example_dags/example_branch_python_dop_operator_3.py
[2023-06-16T00:52:26.500+0000] {logging_mixin.py:149} INFO - [2023-06-16T00:52:26.499+0000] {dag.py:2726} INFO - Sync 1 DAGs
[2023-06-16T00:52:26.580+0000] {logging_mixin.py:149} INFO - [2023-06-16T00:52:26.580+0000] {dag.py:3490} INFO - Setting next_dagrun for example_branch_dop_operator_v3 to 2023-06-16T00:51:00+00:00, run_after=2023-06-16T00:52:00+00:00
[2023-06-16T00:52:26.817+0000] {processor.py:179} INFO - Processing /home/airflow/.local/lib/python3.7/site-packages/airflow/example_dags/example_branch_python_dop_operator_3.py took 0.997 seconds
[2023-06-16T00:57:37.832+0000] {processor.py:157} INFO - Started process (PID=68) to work on /home/airflow/.local/lib/python3.7/site-packages/airflow/example_dags/example_branch_python_dop_operator_3.py
[2023-06-16T00:57:38.348+0000] {processor.py:826} INFO - Processing file /home/airflow/.local/lib/python3.7/site-packages/airflow/example_dags/example_branch_python_dop_operator_3.py for tasks to queue
[2023-06-16T00:57:38.350+0000] {logging_mixin.py:149} INFO - [2023-06-16T00:57:38.349+0000] {dagbag.py:541} INFO - Filling up the DagBag from /home/airflow/.local/lib/python3.7/site-packages/airflow/example_dags/example_branch_python_dop_operator_3.py
[2023-06-16T00:57:38.371+0000] {processor.py:836} INFO - DAG(s) dict_keys(['example_branch_dop_operator_v3']) retrieved from /home/airflow/.local/lib/python3.7/site-packages/airflow/example_dags/example_branch_python_dop_operator_3.py
[2023-06-16T00:57:38.418+0000] {logging_mixin.py:149} INFO - [2023-06-16T00:57:38.417+0000] {dag.py:2726} INFO - Sync 1 DAGs
[2023-06-16T00:57:38.501+0000] {logging_mixin.py:149} INFO - [2023-06-16T00:57:38.500+0000] {dag.py:3490} INFO - Setting next_dagrun for example_branch_dop_operator_v3 to 2023-06-16T00:56:00+00:00, run_after=2023-06-16T00:57:00+00:00
[2023-06-16T00:57:38.645+0000] {processor.py:179} INFO - Processing /home/airflow/.local/lib/python3.7/site-packages/airflow/example_dags/example_branch_python_dop_operator_3.py took 0.818 seconds
[2023-06-16T01:01:32.038+0000] {processor.py:157} INFO - Started process (PID=170) to work on /home/airflow/.local/lib/python3.7/site-packages/airflow/example_dags/example_branch_python_dop_operator_3.py
[2023-06-16T01:01:32.317+0000] {processor.py:826} INFO - Processing file /home/airflow/.local/lib/python3.7/site-packages/airflow/example_dags/example_branch_python_dop_operator_3.py for tasks to queue
[2023-06-16T01:01:32.319+0000] {logging_mixin.py:149} INFO - [2023-06-16T01:01:32.319+0000] {dagbag.py:541} INFO - Filling up the DagBag from /home/airflow/.local/lib/python3.7/site-packages/airflow/example_dags/example_branch_python_dop_operator_3.py
[2023-06-16T01:01:32.773+0000] {processor.py:836} INFO - DAG(s) dict_keys(['example_branch_dop_operator_v3']) retrieved from /home/airflow/.local/lib/python3.7/site-packages/airflow/example_dags/example_branch_python_dop_operator_3.py
[2023-06-16T01:01:32.836+0000] {logging_mixin.py:149} INFO - [2023-06-16T01:01:32.836+0000] {dag.py:2726} INFO - Sync 1 DAGs
[2023-06-16T01:01:32.877+0000] {logging_mixin.py:149} INFO - [2023-06-16T01:01:32.876+0000] {dag.py:3490} INFO - Setting next_dagrun for example_branch_dop_operator_v3 to 2023-06-16T01:00:00+00:00, run_after=2023-06-16T01:01:00+00:00
[2023-06-16T01:01:33.160+0000] {processor.py:179} INFO - Processing /home/airflow/.local/lib/python3.7/site-packages/airflow/example_dags/example_branch_python_dop_operator_3.py took 1.127 seconds
[2023-06-16T01:02:26.385+0000] {processor.py:157} INFO - Started process (PID=250) to work on /home/airflow/.local/lib/python3.7/site-packages/airflow/example_dags/example_branch_python_dop_operator_3.py
[2023-06-16T01:02:26.412+0000] {processor.py:826} INFO - Processing file /home/airflow/.local/lib/python3.7/site-packages/airflow/example_dags/example_branch_python_dop_operator_3.py for tasks to queue
[2023-06-16T01:02:26.414+0000] {logging_mixin.py:149} INFO - [2023-06-16T01:02:26.413+0000] {dagbag.py:541} INFO - Filling up the DagBag from /home/airflow/.local/lib/python3.7/site-packages/airflow/example_dags/example_branch_python_dop_operator_3.py
[2023-06-16T01:02:26.427+0000] {processor.py:836} INFO - DAG(s) dict_keys(['example_branch_dop_operator_v3']) retrieved from /home/airflow/.local/lib/python3.7/site-packages/airflow/example_dags/example_branch_python_dop_operator_3.py
[2023-06-16T01:02:26.471+0000] {logging_mixin.py:149} INFO - [2023-06-16T01:02:26.471+0000] {dag.py:2726} INFO - Sync 1 DAGs
[2023-06-16T01:02:26.532+0000] {logging_mixin.py:149} INFO - [2023-06-16T01:02:26.532+0000] {dag.py:3490} INFO - Setting next_dagrun for example_branch_dop_operator_v3 to 2023-06-16T01:01:00+00:00, run_after=2023-06-16T01:02:00+00:00
[2023-06-16T01:02:26.599+0000] {processor.py:179} INFO - Processing /home/airflow/.local/lib/python3.7/site-packages/airflow/example_dags/example_branch_python_dop_operator_3.py took 0.220 seconds
[2023-06-16T01:02:56.844+0000] {processor.py:157} INFO - Started process (PID=317) to work on /home/airflow/.local/lib/python3.7/site-packages/airflow/example_dags/example_branch_python_dop_operator_3.py
[2023-06-16T01:02:56.845+0000] {processor.py:826} INFO - Processing file /home/airflow/.local/lib/python3.7/site-packages/airflow/example_dags/example_branch_python_dop_operator_3.py for tasks to queue
[2023-06-16T01:02:56.846+0000] {logging_mixin.py:149} INFO - [2023-06-16T01:02:56.846+0000] {dagbag.py:541} INFO - Filling up the DagBag from /home/airflow/.local/lib/python3.7/site-packages/airflow/example_dags/example_branch_python_dop_operator_3.py
[2023-06-16T01:02:56.857+0000] {processor.py:836} INFO - DAG(s) dict_keys(['example_branch_dop_operator_v3']) retrieved from /home/airflow/.local/lib/python3.7/site-packages/airflow/example_dags/example_branch_python_dop_operator_3.py
[2023-06-16T01:02:56.894+0000] {logging_mixin.py:149} INFO - [2023-06-16T01:02:56.894+0000] {dag.py:2726} INFO - Sync 1 DAGs
[2023-06-16T01:02:56.939+0000] {logging_mixin.py:149} INFO - [2023-06-16T01:02:56.939+0000] {dag.py:3490} INFO - Setting next_dagrun for example_branch_dop_operator_v3 to 2023-06-16T01:01:00+00:00, run_after=2023-06-16T01:02:00+00:00
[2023-06-16T01:02:57.031+0000] {processor.py:179} INFO - Processing /home/airflow/.local/lib/python3.7/site-packages/airflow/example_dags/example_branch_python_dop_operator_3.py took 0.193 seconds
[2023-06-16T01:03:27.768+0000] {processor.py:157} INFO - Started process (PID=381) to work on /home/airflow/.local/lib/python3.7/site-packages/airflow/example_dags/example_branch_python_dop_operator_3.py
[2023-06-16T01:03:27.786+0000] {processor.py:826} INFO - Processing file /home/airflow/.local/lib/python3.7/site-packages/airflow/example_dags/example_branch_python_dop_operator_3.py for tasks to queue
[2023-06-16T01:03:27.787+0000] {logging_mixin.py:149} INFO - [2023-06-16T01:03:27.787+0000] {dagbag.py:541} INFO - Filling up the DagBag from /home/airflow/.local/lib/python3.7/site-packages/airflow/example_dags/example_branch_python_dop_operator_3.py
[2023-06-16T01:03:27.799+0000] {processor.py:836} INFO - DAG(s) dict_keys(['example_branch_dop_operator_v3']) retrieved from /home/airflow/.local/lib/python3.7/site-packages/airflow/example_dags/example_branch_python_dop_operator_3.py
[2023-06-16T01:03:27.831+0000] {logging_mixin.py:149} INFO - [2023-06-16T01:03:27.831+0000] {dag.py:2726} INFO - Sync 1 DAGs
[2023-06-16T01:03:27.874+0000] {logging_mixin.py:149} INFO - [2023-06-16T01:03:27.874+0000] {dag.py:3490} INFO - Setting next_dagrun for example_branch_dop_operator_v3 to 2023-06-16T01:02:00+00:00, run_after=2023-06-16T01:03:00+00:00
[2023-06-16T01:03:27.919+0000] {processor.py:179} INFO - Processing /home/airflow/.local/lib/python3.7/site-packages/airflow/example_dags/example_branch_python_dop_operator_3.py took 0.157 seconds
[2023-06-16T01:03:58.480+0000] {processor.py:157} INFO - Started process (PID=449) to work on /home/airflow/.local/lib/python3.7/site-packages/airflow/example_dags/example_branch_python_dop_operator_3.py
[2023-06-16T01:03:58.482+0000] {processor.py:826} INFO - Processing file /home/airflow/.local/lib/python3.7/site-packages/airflow/example_dags/example_branch_python_dop_operator_3.py for tasks to queue
[2023-06-16T01:03:58.484+0000] {logging_mixin.py:149} INFO - [2023-06-16T01:03:58.483+0000] {dagbag.py:541} INFO - Filling up the DagBag from /home/airflow/.local/lib/python3.7/site-packages/airflow/example_dags/example_branch_python_dop_operator_3.py
[2023-06-16T01:03:58.503+0000] {processor.py:836} INFO - DAG(s) dict_keys(['example_branch_dop_operator_v3']) retrieved from /home/airflow/.local/lib/python3.7/site-packages/airflow/example_dags/example_branch_python_dop_operator_3.py
[2023-06-16T01:03:58.555+0000] {logging_mixin.py:149} INFO - [2023-06-16T01:03:58.555+0000] {dag.py:2726} INFO - Sync 1 DAGs
[2023-06-16T01:03:58.609+0000] {logging_mixin.py:149} INFO - [2023-06-16T01:03:58.609+0000] {dag.py:3490} INFO - Setting next_dagrun for example_branch_dop_operator_v3 to 2023-06-16T01:02:00+00:00, run_after=2023-06-16T01:03:00+00:00
[2023-06-16T01:03:58.655+0000] {processor.py:179} INFO - Processing /home/airflow/.local/lib/python3.7/site-packages/airflow/example_dags/example_branch_python_dop_operator_3.py took 0.182 seconds
[2023-06-16T09:58:26.159+0000] {processor.py:157} INFO - Started process (PID=61) to work on /home/airflow/.local/lib/python3.7/site-packages/airflow/example_dags/example_branch_python_dop_operator_3.py
[2023-06-16T09:58:26.238+0000] {processor.py:826} INFO - Processing file /home/airflow/.local/lib/python3.7/site-packages/airflow/example_dags/example_branch_python_dop_operator_3.py for tasks to queue
[2023-06-16T09:58:26.240+0000] {logging_mixin.py:149} INFO - [2023-06-16T09:58:26.240+0000] {dagbag.py:541} INFO - Filling up the DagBag from /home/airflow/.local/lib/python3.7/site-packages/airflow/example_dags/example_branch_python_dop_operator_3.py
[2023-06-16T09:58:26.526+0000] {processor.py:836} INFO - DAG(s) dict_keys(['example_branch_dop_operator_v3']) retrieved from /home/airflow/.local/lib/python3.7/site-packages/airflow/example_dags/example_branch_python_dop_operator_3.py
[2023-06-16T09:58:26.622+0000] {logging_mixin.py:149} INFO - [2023-06-16T09:58:26.621+0000] {dag.py:2726} INFO - Sync 1 DAGs
[2023-06-16T09:58:26.662+0000] {logging_mixin.py:149} INFO - [2023-06-16T09:58:26.662+0000] {dag.py:3490} INFO - Setting next_dagrun for example_branch_dop_operator_v3 to 2023-06-16T09:57:00+00:00, run_after=2023-06-16T09:58:00+00:00
[2023-06-16T09:58:26.731+0000] {processor.py:179} INFO - Processing /home/airflow/.local/lib/python3.7/site-packages/airflow/example_dags/example_branch_python_dop_operator_3.py took 0.575 seconds
[2023-06-16T09:58:57.153+0000] {processor.py:157} INFO - Started process (PID=123) to work on /home/airflow/.local/lib/python3.7/site-packages/airflow/example_dags/example_branch_python_dop_operator_3.py
[2023-06-16T09:58:57.198+0000] {processor.py:826} INFO - Processing file /home/airflow/.local/lib/python3.7/site-packages/airflow/example_dags/example_branch_python_dop_operator_3.py for tasks to queue
[2023-06-16T09:58:57.201+0000] {logging_mixin.py:149} INFO - [2023-06-16T09:58:57.200+0000] {dagbag.py:541} INFO - Filling up the DagBag from /home/airflow/.local/lib/python3.7/site-packages/airflow/example_dags/example_branch_python_dop_operator_3.py
[2023-06-16T09:58:57.228+0000] {processor.py:836} INFO - DAG(s) dict_keys(['example_branch_dop_operator_v3']) retrieved from /home/airflow/.local/lib/python3.7/site-packages/airflow/example_dags/example_branch_python_dop_operator_3.py
[2023-06-16T09:58:57.261+0000] {logging_mixin.py:149} INFO - [2023-06-16T09:58:57.261+0000] {dag.py:2726} INFO - Sync 1 DAGs
[2023-06-16T09:58:57.314+0000] {logging_mixin.py:149} INFO - [2023-06-16T09:58:57.314+0000] {dag.py:3490} INFO - Setting next_dagrun for example_branch_dop_operator_v3 to 2023-06-16T09:57:00+00:00, run_after=2023-06-16T09:58:00+00:00
[2023-06-16T09:58:57.395+0000] {processor.py:179} INFO - Processing /home/airflow/.local/lib/python3.7/site-packages/airflow/example_dags/example_branch_python_dop_operator_3.py took 0.246 seconds
[2023-06-16T09:59:30.571+0000] {processor.py:157} INFO - Started process (PID=191) to work on /home/airflow/.local/lib/python3.7/site-packages/airflow/example_dags/example_branch_python_dop_operator_3.py
[2023-06-16T09:59:30.621+0000] {processor.py:826} INFO - Processing file /home/airflow/.local/lib/python3.7/site-packages/airflow/example_dags/example_branch_python_dop_operator_3.py for tasks to queue
[2023-06-16T09:59:30.622+0000] {logging_mixin.py:149} INFO - [2023-06-16T09:59:30.621+0000] {dagbag.py:541} INFO - Filling up the DagBag from /home/airflow/.local/lib/python3.7/site-packages/airflow/example_dags/example_branch_python_dop_operator_3.py
[2023-06-16T09:59:30.632+0000] {processor.py:836} INFO - DAG(s) dict_keys(['example_branch_dop_operator_v3']) retrieved from /home/airflow/.local/lib/python3.7/site-packages/airflow/example_dags/example_branch_python_dop_operator_3.py
[2023-06-16T09:59:30.662+0000] {logging_mixin.py:149} INFO - [2023-06-16T09:59:30.662+0000] {dag.py:2726} INFO - Sync 1 DAGs
[2023-06-16T09:59:34.918+0000] {logging_mixin.py:149} INFO - [2023-06-16T09:59:34.918+0000] {dag.py:3490} INFO - Setting next_dagrun for example_branch_dop_operator_v3 to 2023-06-16T09:58:00+00:00, run_after=2023-06-16T09:59:00+00:00
[2023-06-16T09:59:35.032+0000] {processor.py:179} INFO - Processing /home/airflow/.local/lib/python3.7/site-packages/airflow/example_dags/example_branch_python_dop_operator_3.py took 4.465 seconds
[2023-06-16T10:00:05.322+0000] {processor.py:157} INFO - Started process (PID=259) to work on /home/airflow/.local/lib/python3.7/site-packages/airflow/example_dags/example_branch_python_dop_operator_3.py
[2023-06-16T10:00:05.616+0000] {processor.py:826} INFO - Processing file /home/airflow/.local/lib/python3.7/site-packages/airflow/example_dags/example_branch_python_dop_operator_3.py for tasks to queue
[2023-06-16T10:00:05.617+0000] {logging_mixin.py:149} INFO - [2023-06-16T10:00:05.617+0000] {dagbag.py:541} INFO - Filling up the DagBag from /home/airflow/.local/lib/python3.7/site-packages/airflow/example_dags/example_branch_python_dop_operator_3.py
[2023-06-16T10:00:05.626+0000] {processor.py:836} INFO - DAG(s) dict_keys(['example_branch_dop_operator_v3']) retrieved from /home/airflow/.local/lib/python3.7/site-packages/airflow/example_dags/example_branch_python_dop_operator_3.py
[2023-06-16T10:00:05.656+0000] {logging_mixin.py:149} INFO - [2023-06-16T10:00:05.656+0000] {dag.py:2726} INFO - Sync 1 DAGs
[2023-06-16T10:00:05.703+0000] {logging_mixin.py:149} INFO - [2023-06-16T10:00:05.703+0000] {dag.py:3490} INFO - Setting next_dagrun for example_branch_dop_operator_v3 to 2023-06-16T09:59:00+00:00, run_after=2023-06-16T10:00:00+00:00
[2023-06-16T10:00:05.835+0000] {processor.py:179} INFO - Processing /home/airflow/.local/lib/python3.7/site-packages/airflow/example_dags/example_branch_python_dop_operator_3.py took 0.518 seconds
[2023-06-16T10:00:35.960+0000] {processor.py:157} INFO - Started process (PID=327) to work on /home/airflow/.local/lib/python3.7/site-packages/airflow/example_dags/example_branch_python_dop_operator_3.py
[2023-06-16T10:00:35.961+0000] {processor.py:826} INFO - Processing file /home/airflow/.local/lib/python3.7/site-packages/airflow/example_dags/example_branch_python_dop_operator_3.py for tasks to queue
[2023-06-16T10:00:35.963+0000] {logging_mixin.py:149} INFO - [2023-06-16T10:00:35.962+0000] {dagbag.py:541} INFO - Filling up the DagBag from /home/airflow/.local/lib/python3.7/site-packages/airflow/example_dags/example_branch_python_dop_operator_3.py
[2023-06-16T10:00:35.974+0000] {processor.py:836} INFO - DAG(s) dict_keys(['example_branch_dop_operator_v3']) retrieved from /home/airflow/.local/lib/python3.7/site-packages/airflow/example_dags/example_branch_python_dop_operator_3.py
[2023-06-16T10:00:36.016+0000] {logging_mixin.py:149} INFO - [2023-06-16T10:00:36.016+0000] {dag.py:2726} INFO - Sync 1 DAGs
[2023-06-16T10:00:36.073+0000] {logging_mixin.py:149} INFO - [2023-06-16T10:00:36.073+0000] {dag.py:3490} INFO - Setting next_dagrun for example_branch_dop_operator_v3 to 2023-06-16T09:59:00+00:00, run_after=2023-06-16T10:00:00+00:00
[2023-06-16T10:00:36.183+0000] {processor.py:179} INFO - Processing /home/airflow/.local/lib/python3.7/site-packages/airflow/example_dags/example_branch_python_dop_operator_3.py took 0.231 seconds
[2023-06-16T10:01:13.482+0000] {processor.py:157} INFO - Started process (PID=390) to work on /home/airflow/.local/lib/python3.7/site-packages/airflow/example_dags/example_branch_python_dop_operator_3.py
[2023-06-16T10:01:13.543+0000] {processor.py:826} INFO - Processing file /home/airflow/.local/lib/python3.7/site-packages/airflow/example_dags/example_branch_python_dop_operator_3.py for tasks to queue
[2023-06-16T10:01:13.547+0000] {logging_mixin.py:149} INFO - [2023-06-16T10:01:13.546+0000] {dagbag.py:541} INFO - Filling up the DagBag from /home/airflow/.local/lib/python3.7/site-packages/airflow/example_dags/example_branch_python_dop_operator_3.py
[2023-06-16T10:01:13.600+0000] {processor.py:836} INFO - DAG(s) dict_keys(['example_branch_dop_operator_v3']) retrieved from /home/airflow/.local/lib/python3.7/site-packages/airflow/example_dags/example_branch_python_dop_operator_3.py
[2023-06-16T10:01:13.637+0000] {logging_mixin.py:149} INFO - [2023-06-16T10:01:13.636+0000] {dag.py:2726} INFO - Sync 1 DAGs
[2023-06-16T10:01:13.677+0000] {logging_mixin.py:149} INFO - [2023-06-16T10:01:13.677+0000] {dag.py:3490} INFO - Setting next_dagrun for example_branch_dop_operator_v3 to 2023-06-16T10:00:00+00:00, run_after=2023-06-16T10:01:00+00:00
[2023-06-16T10:01:13.738+0000] {processor.py:179} INFO - Processing /home/airflow/.local/lib/python3.7/site-packages/airflow/example_dags/example_branch_python_dop_operator_3.py took 0.259 seconds
[2023-06-16T10:01:44.469+0000] {processor.py:157} INFO - Started process (PID=458) to work on /home/airflow/.local/lib/python3.7/site-packages/airflow/example_dags/example_branch_python_dop_operator_3.py
[2023-06-16T10:01:44.552+0000] {processor.py:826} INFO - Processing file /home/airflow/.local/lib/python3.7/site-packages/airflow/example_dags/example_branch_python_dop_operator_3.py for tasks to queue
[2023-06-16T10:01:44.553+0000] {logging_mixin.py:149} INFO - [2023-06-16T10:01:44.553+0000] {dagbag.py:541} INFO - Filling up the DagBag from /home/airflow/.local/lib/python3.7/site-packages/airflow/example_dags/example_branch_python_dop_operator_3.py
[2023-06-16T10:01:44.567+0000] {processor.py:836} INFO - DAG(s) dict_keys(['example_branch_dop_operator_v3']) retrieved from /home/airflow/.local/lib/python3.7/site-packages/airflow/example_dags/example_branch_python_dop_operator_3.py
[2023-06-16T10:01:44.611+0000] {logging_mixin.py:149} INFO - [2023-06-16T10:01:44.611+0000] {dag.py:2726} INFO - Sync 1 DAGs
[2023-06-16T10:01:44.673+0000] {logging_mixin.py:149} INFO - [2023-06-16T10:01:44.673+0000] {dag.py:3490} INFO - Setting next_dagrun for example_branch_dop_operator_v3 to 2023-06-16T10:00:00+00:00, run_after=2023-06-16T10:01:00+00:00
[2023-06-16T10:01:44.808+0000] {processor.py:179} INFO - Processing /home/airflow/.local/lib/python3.7/site-packages/airflow/example_dags/example_branch_python_dop_operator_3.py took 0.345 seconds
[2023-06-16T10:02:16.015+0000] {processor.py:157} INFO - Started process (PID=526) to work on /home/airflow/.local/lib/python3.7/site-packages/airflow/example_dags/example_branch_python_dop_operator_3.py
[2023-06-16T10:02:16.139+0000] {processor.py:826} INFO - Processing file /home/airflow/.local/lib/python3.7/site-packages/airflow/example_dags/example_branch_python_dop_operator_3.py for tasks to queue
[2023-06-16T10:02:16.143+0000] {logging_mixin.py:149} INFO - [2023-06-16T10:02:16.142+0000] {dagbag.py:541} INFO - Filling up the DagBag from /home/airflow/.local/lib/python3.7/site-packages/airflow/example_dags/example_branch_python_dop_operator_3.py
[2023-06-16T10:02:16.179+0000] {processor.py:836} INFO - DAG(s) dict_keys(['example_branch_dop_operator_v3']) retrieved from /home/airflow/.local/lib/python3.7/site-packages/airflow/example_dags/example_branch_python_dop_operator_3.py
[2023-06-16T10:02:16.224+0000] {logging_mixin.py:149} INFO - [2023-06-16T10:02:16.224+0000] {dag.py:2726} INFO - Sync 1 DAGs
[2023-06-16T10:02:16.291+0000] {logging_mixin.py:149} INFO - [2023-06-16T10:02:16.291+0000] {dag.py:3490} INFO - Setting next_dagrun for example_branch_dop_operator_v3 to 2023-06-16T10:01:00+00:00, run_after=2023-06-16T10:02:00+00:00
[2023-06-16T10:02:16.359+0000] {processor.py:179} INFO - Processing /home/airflow/.local/lib/python3.7/site-packages/airflow/example_dags/example_branch_python_dop_operator_3.py took 0.349 seconds
[2023-06-16T10:03:10.553+0000] {processor.py:157} INFO - Started process (PID=597) to work on /home/airflow/.local/lib/python3.7/site-packages/airflow/example_dags/example_branch_python_dop_operator_3.py
[2023-06-16T10:03:10.625+0000] {processor.py:826} INFO - Processing file /home/airflow/.local/lib/python3.7/site-packages/airflow/example_dags/example_branch_python_dop_operator_3.py for tasks to queue
[2023-06-16T10:03:10.626+0000] {logging_mixin.py:149} INFO - [2023-06-16T10:03:10.626+0000] {dagbag.py:541} INFO - Filling up the DagBag from /home/airflow/.local/lib/python3.7/site-packages/airflow/example_dags/example_branch_python_dop_operator_3.py
[2023-06-16T10:03:10.644+0000] {processor.py:836} INFO - DAG(s) dict_keys(['example_branch_dop_operator_v3']) retrieved from /home/airflow/.local/lib/python3.7/site-packages/airflow/example_dags/example_branch_python_dop_operator_3.py
[2023-06-16T10:03:10.693+0000] {logging_mixin.py:149} INFO - [2023-06-16T10:03:10.692+0000] {dag.py:2726} INFO - Sync 1 DAGs
[2023-06-16T10:03:10.766+0000] {logging_mixin.py:149} INFO - [2023-06-16T10:03:10.766+0000] {dag.py:3490} INFO - Setting next_dagrun for example_branch_dop_operator_v3 to 2023-06-16T10:02:00+00:00, run_after=2023-06-16T10:03:00+00:00
[2023-06-16T10:03:11.151+0000] {processor.py:179} INFO - Processing /home/airflow/.local/lib/python3.7/site-packages/airflow/example_dags/example_branch_python_dop_operator_3.py took 0.615 seconds
[2023-06-16T10:03:53.115+0000] {processor.py:157} INFO - Started process (PID=639) to work on /home/airflow/.local/lib/python3.7/site-packages/airflow/example_dags/example_branch_python_dop_operator_3.py
[2023-06-16T10:03:53.440+0000] {processor.py:826} INFO - Processing file /home/airflow/.local/lib/python3.7/site-packages/airflow/example_dags/example_branch_python_dop_operator_3.py for tasks to queue
[2023-06-16T10:03:53.441+0000] {logging_mixin.py:149} INFO - [2023-06-16T10:03:53.441+0000] {dagbag.py:541} INFO - Filling up the DagBag from /home/airflow/.local/lib/python3.7/site-packages/airflow/example_dags/example_branch_python_dop_operator_3.py
[2023-06-16T10:03:53.708+0000] {processor.py:836} INFO - DAG(s) dict_keys(['example_branch_dop_operator_v3']) retrieved from /home/airflow/.local/lib/python3.7/site-packages/airflow/example_dags/example_branch_python_dop_operator_3.py
[2023-06-16T10:03:54.122+0000] {logging_mixin.py:149} INFO - [2023-06-16T10:03:54.122+0000] {dag.py:2726} INFO - Sync 1 DAGs
[2023-06-16T10:03:54.282+0000] {logging_mixin.py:149} INFO - [2023-06-16T10:03:54.282+0000] {dag.py:3490} INFO - Setting next_dagrun for example_branch_dop_operator_v3 to 2023-06-16T10:02:00+00:00, run_after=2023-06-16T10:03:00+00:00
[2023-06-16T10:03:54.536+0000] {processor.py:179} INFO - Processing /home/airflow/.local/lib/python3.7/site-packages/airflow/example_dags/example_branch_python_dop_operator_3.py took 1.545 seconds
[2023-06-16T10:06:06.604+0000] {processor.py:157} INFO - Started process (PID=734) to work on /home/airflow/.local/lib/python3.7/site-packages/airflow/example_dags/example_branch_python_dop_operator_3.py
[2023-06-16T10:06:06.723+0000] {processor.py:826} INFO - Processing file /home/airflow/.local/lib/python3.7/site-packages/airflow/example_dags/example_branch_python_dop_operator_3.py for tasks to queue
[2023-06-16T10:06:06.728+0000] {logging_mixin.py:149} INFO - [2023-06-16T10:06:06.727+0000] {dagbag.py:541} INFO - Filling up the DagBag from /home/airflow/.local/lib/python3.7/site-packages/airflow/example_dags/example_branch_python_dop_operator_3.py
[2023-06-16T10:06:06.762+0000] {processor.py:836} INFO - DAG(s) dict_keys(['example_branch_dop_operator_v3']) retrieved from /home/airflow/.local/lib/python3.7/site-packages/airflow/example_dags/example_branch_python_dop_operator_3.py
[2023-06-16T10:06:06.809+0000] {logging_mixin.py:149} INFO - [2023-06-16T10:06:06.809+0000] {dag.py:2726} INFO - Sync 1 DAGs
[2023-06-16T10:06:06.855+0000] {logging_mixin.py:149} INFO - [2023-06-16T10:06:06.854+0000] {dag.py:3490} INFO - Setting next_dagrun for example_branch_dop_operator_v3 to 2023-06-16T10:05:00+00:00, run_after=2023-06-16T10:06:00+00:00
[2023-06-16T10:06:06.965+0000] {processor.py:179} INFO - Processing /home/airflow/.local/lib/python3.7/site-packages/airflow/example_dags/example_branch_python_dop_operator_3.py took 0.376 seconds
[2023-06-16T10:06:37.498+0000] {processor.py:157} INFO - Started process (PID=802) to work on /home/airflow/.local/lib/python3.7/site-packages/airflow/example_dags/example_branch_python_dop_operator_3.py
[2023-06-16T10:06:37.499+0000] {processor.py:826} INFO - Processing file /home/airflow/.local/lib/python3.7/site-packages/airflow/example_dags/example_branch_python_dop_operator_3.py for tasks to queue
[2023-06-16T10:06:37.500+0000] {logging_mixin.py:149} INFO - [2023-06-16T10:06:37.500+0000] {dagbag.py:541} INFO - Filling up the DagBag from /home/airflow/.local/lib/python3.7/site-packages/airflow/example_dags/example_branch_python_dop_operator_3.py
[2023-06-16T10:06:37.516+0000] {processor.py:836} INFO - DAG(s) dict_keys(['example_branch_dop_operator_v3']) retrieved from /home/airflow/.local/lib/python3.7/site-packages/airflow/example_dags/example_branch_python_dop_operator_3.py
[2023-06-16T10:06:37.563+0000] {logging_mixin.py:149} INFO - [2023-06-16T10:06:37.562+0000] {dag.py:2726} INFO - Sync 1 DAGs
[2023-06-16T10:06:37.641+0000] {logging_mixin.py:149} INFO - [2023-06-16T10:06:37.641+0000] {dag.py:3490} INFO - Setting next_dagrun for example_branch_dop_operator_v3 to 2023-06-16T10:05:00+00:00, run_after=2023-06-16T10:06:00+00:00
[2023-06-16T10:06:37.708+0000] {processor.py:179} INFO - Processing /home/airflow/.local/lib/python3.7/site-packages/airflow/example_dags/example_branch_python_dop_operator_3.py took 0.216 seconds
[2023-06-16T10:07:59.685+0000] {processor.py:157} INFO - Started process (PID=878) to work on /home/airflow/.local/lib/python3.7/site-packages/airflow/example_dags/example_branch_python_dop_operator_3.py
[2023-06-16T10:08:00.158+0000] {processor.py:826} INFO - Processing file /home/airflow/.local/lib/python3.7/site-packages/airflow/example_dags/example_branch_python_dop_operator_3.py for tasks to queue
[2023-06-16T10:08:00.162+0000] {logging_mixin.py:149} INFO - [2023-06-16T10:08:00.161+0000] {dagbag.py:541} INFO - Filling up the DagBag from /home/airflow/.local/lib/python3.7/site-packages/airflow/example_dags/example_branch_python_dop_operator_3.py
[2023-06-16T10:08:00.234+0000] {processor.py:836} INFO - DAG(s) dict_keys(['example_branch_dop_operator_v3']) retrieved from /home/airflow/.local/lib/python3.7/site-packages/airflow/example_dags/example_branch_python_dop_operator_3.py
[2023-06-16T10:08:00.997+0000] {logging_mixin.py:149} INFO - [2023-06-16T10:08:00.997+0000] {dag.py:2726} INFO - Sync 1 DAGs
[2023-06-16T10:08:01.346+0000] {logging_mixin.py:149} INFO - [2023-06-16T10:08:01.346+0000] {dag.py:3490} INFO - Setting next_dagrun for example_branch_dop_operator_v3 to 2023-06-16T10:07:00+00:00, run_after=2023-06-16T10:08:00+00:00
[2023-06-16T10:08:01.858+0000] {processor.py:179} INFO - Processing /home/airflow/.local/lib/python3.7/site-packages/airflow/example_dags/example_branch_python_dop_operator_3.py took 2.214 seconds
[2023-06-16T10:08:57.965+0000] {processor.py:157} INFO - Started process (PID=947) to work on /home/airflow/.local/lib/python3.7/site-packages/airflow/example_dags/example_branch_python_dop_operator_3.py
[2023-06-16T10:08:58.237+0000] {processor.py:826} INFO - Processing file /home/airflow/.local/lib/python3.7/site-packages/airflow/example_dags/example_branch_python_dop_operator_3.py for tasks to queue
[2023-06-16T10:08:58.337+0000] {logging_mixin.py:149} INFO - [2023-06-16T10:08:58.336+0000] {dagbag.py:541} INFO - Filling up the DagBag from /home/airflow/.local/lib/python3.7/site-packages/airflow/example_dags/example_branch_python_dop_operator_3.py
[2023-06-16T10:08:58.372+0000] {processor.py:836} INFO - DAG(s) dict_keys(['example_branch_dop_operator_v3']) retrieved from /home/airflow/.local/lib/python3.7/site-packages/airflow/example_dags/example_branch_python_dop_operator_3.py
[2023-06-16T10:08:58.411+0000] {logging_mixin.py:149} INFO - [2023-06-16T10:08:58.410+0000] {dag.py:2726} INFO - Sync 1 DAGs
[2023-06-16T10:08:58.460+0000] {logging_mixin.py:149} INFO - [2023-06-16T10:08:58.460+0000] {dag.py:3490} INFO - Setting next_dagrun for example_branch_dop_operator_v3 to 2023-06-16T10:07:00+00:00, run_after=2023-06-16T10:08:00+00:00
[2023-06-16T10:08:58.837+0000] {processor.py:179} INFO - Processing /home/airflow/.local/lib/python3.7/site-packages/airflow/example_dags/example_branch_python_dop_operator_3.py took 0.877 seconds
[2023-06-16T10:14:01.212+0000] {processor.py:157} INFO - Started process (PID=69) to work on /home/airflow/.local/lib/python3.7/site-packages/airflow/example_dags/example_branch_python_dop_operator_3.py
[2023-06-16T10:14:01.290+0000] {processor.py:826} INFO - Processing file /home/airflow/.local/lib/python3.7/site-packages/airflow/example_dags/example_branch_python_dop_operator_3.py for tasks to queue
[2023-06-16T10:14:01.292+0000] {logging_mixin.py:149} INFO - [2023-06-16T10:14:01.292+0000] {dagbag.py:541} INFO - Filling up the DagBag from /home/airflow/.local/lib/python3.7/site-packages/airflow/example_dags/example_branch_python_dop_operator_3.py
[2023-06-16T10:14:01.380+0000] {processor.py:836} INFO - DAG(s) dict_keys(['example_branch_dop_operator_v3']) retrieved from /home/airflow/.local/lib/python3.7/site-packages/airflow/example_dags/example_branch_python_dop_operator_3.py
[2023-06-16T10:14:01.427+0000] {logging_mixin.py:149} INFO - [2023-06-16T10:14:01.427+0000] {dag.py:2726} INFO - Sync 1 DAGs
[2023-06-16T10:14:01.472+0000] {logging_mixin.py:149} INFO - [2023-06-16T10:14:01.472+0000] {dag.py:3490} INFO - Setting next_dagrun for example_branch_dop_operator_v3 to 2023-06-16T10:13:00+00:00, run_after=2023-06-16T10:14:00+00:00
[2023-06-16T10:14:01.600+0000] {processor.py:179} INFO - Processing /home/airflow/.local/lib/python3.7/site-packages/airflow/example_dags/example_branch_python_dop_operator_3.py took 0.392 seconds
[2023-06-16T10:14:31.670+0000] {processor.py:157} INFO - Started process (PID=125) to work on /home/airflow/.local/lib/python3.7/site-packages/airflow/example_dags/example_branch_python_dop_operator_3.py
[2023-06-16T10:14:31.671+0000] {processor.py:826} INFO - Processing file /home/airflow/.local/lib/python3.7/site-packages/airflow/example_dags/example_branch_python_dop_operator_3.py for tasks to queue
[2023-06-16T10:14:31.671+0000] {logging_mixin.py:149} INFO - [2023-06-16T10:14:31.671+0000] {dagbag.py:541} INFO - Filling up the DagBag from /home/airflow/.local/lib/python3.7/site-packages/airflow/example_dags/example_branch_python_dop_operator_3.py
[2023-06-16T10:14:31.682+0000] {processor.py:836} INFO - DAG(s) dict_keys(['example_branch_dop_operator_v3']) retrieved from /home/airflow/.local/lib/python3.7/site-packages/airflow/example_dags/example_branch_python_dop_operator_3.py
[2023-06-16T10:14:31.711+0000] {logging_mixin.py:149} INFO - [2023-06-16T10:14:31.711+0000] {dag.py:2726} INFO - Sync 1 DAGs
[2023-06-16T10:14:31.751+0000] {logging_mixin.py:149} INFO - [2023-06-16T10:14:31.751+0000] {dag.py:3490} INFO - Setting next_dagrun for example_branch_dop_operator_v3 to 2023-06-16T10:13:00+00:00, run_after=2023-06-16T10:14:00+00:00
[2023-06-16T10:14:31.858+0000] {processor.py:179} INFO - Processing /home/airflow/.local/lib/python3.7/site-packages/airflow/example_dags/example_branch_python_dop_operator_3.py took 0.192 seconds
[2023-06-16T10:15:02.346+0000] {processor.py:157} INFO - Started process (PID=194) to work on /home/airflow/.local/lib/python3.7/site-packages/airflow/example_dags/example_branch_python_dop_operator_3.py
[2023-06-16T10:15:02.359+0000] {processor.py:826} INFO - Processing file /home/airflow/.local/lib/python3.7/site-packages/airflow/example_dags/example_branch_python_dop_operator_3.py for tasks to queue
[2023-06-16T10:15:02.360+0000] {logging_mixin.py:149} INFO - [2023-06-16T10:15:02.360+0000] {dagbag.py:541} INFO - Filling up the DagBag from /home/airflow/.local/lib/python3.7/site-packages/airflow/example_dags/example_branch_python_dop_operator_3.py
[2023-06-16T10:15:02.370+0000] {processor.py:836} INFO - DAG(s) dict_keys(['example_branch_dop_operator_v3']) retrieved from /home/airflow/.local/lib/python3.7/site-packages/airflow/example_dags/example_branch_python_dop_operator_3.py
[2023-06-16T10:15:02.599+0000] {logging_mixin.py:149} INFO - [2023-06-16T10:15:02.599+0000] {dag.py:2726} INFO - Sync 1 DAGs
[2023-06-16T10:15:02.641+0000] {logging_mixin.py:149} INFO - [2023-06-16T10:15:02.641+0000] {dag.py:3490} INFO - Setting next_dagrun for example_branch_dop_operator_v3 to 2023-06-16T10:14:00+00:00, run_after=2023-06-16T10:15:00+00:00
[2023-06-16T10:15:02.677+0000] {processor.py:179} INFO - Processing /home/airflow/.local/lib/python3.7/site-packages/airflow/example_dags/example_branch_python_dop_operator_3.py took 0.337 seconds
[2023-06-16T10:15:32.843+0000] {processor.py:157} INFO - Started process (PID=262) to work on /home/airflow/.local/lib/python3.7/site-packages/airflow/example_dags/example_branch_python_dop_operator_3.py
[2023-06-16T10:15:32.844+0000] {processor.py:826} INFO - Processing file /home/airflow/.local/lib/python3.7/site-packages/airflow/example_dags/example_branch_python_dop_operator_3.py for tasks to queue
[2023-06-16T10:15:32.845+0000] {logging_mixin.py:149} INFO - [2023-06-16T10:15:32.845+0000] {dagbag.py:541} INFO - Filling up the DagBag from /home/airflow/.local/lib/python3.7/site-packages/airflow/example_dags/example_branch_python_dop_operator_3.py
[2023-06-16T10:15:32.858+0000] {processor.py:836} INFO - DAG(s) dict_keys(['example_branch_dop_operator_v3']) retrieved from /home/airflow/.local/lib/python3.7/site-packages/airflow/example_dags/example_branch_python_dop_operator_3.py
[2023-06-16T10:15:32.890+0000] {logging_mixin.py:149} INFO - [2023-06-16T10:15:32.889+0000] {dag.py:2726} INFO - Sync 1 DAGs
[2023-06-16T10:15:32.932+0000] {logging_mixin.py:149} INFO - [2023-06-16T10:15:32.931+0000] {dag.py:3490} INFO - Setting next_dagrun for example_branch_dop_operator_v3 to 2023-06-16T10:14:00+00:00, run_after=2023-06-16T10:15:00+00:00
[2023-06-16T10:15:32.969+0000] {processor.py:179} INFO - Processing /home/airflow/.local/lib/python3.7/site-packages/airflow/example_dags/example_branch_python_dop_operator_3.py took 0.133 seconds
[2023-06-16T10:16:03.456+0000] {processor.py:157} INFO - Started process (PID=330) to work on /home/airflow/.local/lib/python3.7/site-packages/airflow/example_dags/example_branch_python_dop_operator_3.py
[2023-06-16T10:16:03.457+0000] {processor.py:826} INFO - Processing file /home/airflow/.local/lib/python3.7/site-packages/airflow/example_dags/example_branch_python_dop_operator_3.py for tasks to queue
[2023-06-16T10:16:03.458+0000] {logging_mixin.py:149} INFO - [2023-06-16T10:16:03.458+0000] {dagbag.py:541} INFO - Filling up the DagBag from /home/airflow/.local/lib/python3.7/site-packages/airflow/example_dags/example_branch_python_dop_operator_3.py
[2023-06-16T10:16:03.474+0000] {processor.py:836} INFO - DAG(s) dict_keys(['example_branch_dop_operator_v3']) retrieved from /home/airflow/.local/lib/python3.7/site-packages/airflow/example_dags/example_branch_python_dop_operator_3.py
[2023-06-16T10:16:03.514+0000] {logging_mixin.py:149} INFO - [2023-06-16T10:16:03.514+0000] {dag.py:2726} INFO - Sync 1 DAGs
[2023-06-16T10:16:03.572+0000] {logging_mixin.py:149} INFO - [2023-06-16T10:16:03.572+0000] {dag.py:3490} INFO - Setting next_dagrun for example_branch_dop_operator_v3 to 2023-06-16T10:15:00+00:00, run_after=2023-06-16T10:16:00+00:00
[2023-06-16T10:16:03.613+0000] {processor.py:179} INFO - Processing /home/airflow/.local/lib/python3.7/site-packages/airflow/example_dags/example_branch_python_dop_operator_3.py took 0.162 seconds
[2023-06-16T10:16:34.128+0000] {processor.py:157} INFO - Started process (PID=398) to work on /home/airflow/.local/lib/python3.7/site-packages/airflow/example_dags/example_branch_python_dop_operator_3.py
[2023-06-16T10:16:34.129+0000] {processor.py:826} INFO - Processing file /home/airflow/.local/lib/python3.7/site-packages/airflow/example_dags/example_branch_python_dop_operator_3.py for tasks to queue
[2023-06-16T10:16:34.131+0000] {logging_mixin.py:149} INFO - [2023-06-16T10:16:34.130+0000] {dagbag.py:541} INFO - Filling up the DagBag from /home/airflow/.local/lib/python3.7/site-packages/airflow/example_dags/example_branch_python_dop_operator_3.py
[2023-06-16T10:16:34.144+0000] {processor.py:836} INFO - DAG(s) dict_keys(['example_branch_dop_operator_v3']) retrieved from /home/airflow/.local/lib/python3.7/site-packages/airflow/example_dags/example_branch_python_dop_operator_3.py
[2023-06-16T10:16:34.185+0000] {logging_mixin.py:149} INFO - [2023-06-16T10:16:34.185+0000] {dag.py:2726} INFO - Sync 1 DAGs
[2023-06-16T10:16:34.235+0000] {logging_mixin.py:149} INFO - [2023-06-16T10:16:34.235+0000] {dag.py:3490} INFO - Setting next_dagrun for example_branch_dop_operator_v3 to 2023-06-16T10:15:00+00:00, run_after=2023-06-16T10:16:00+00:00
[2023-06-16T10:16:34.313+0000] {processor.py:179} INFO - Processing /home/airflow/.local/lib/python3.7/site-packages/airflow/example_dags/example_branch_python_dop_operator_3.py took 0.190 seconds
[2023-06-16T10:17:06.930+0000] {processor.py:157} INFO - Started process (PID=466) to work on /home/airflow/.local/lib/python3.7/site-packages/airflow/example_dags/example_branch_python_dop_operator_3.py
[2023-06-16T10:17:06.955+0000] {processor.py:826} INFO - Processing file /home/airflow/.local/lib/python3.7/site-packages/airflow/example_dags/example_branch_python_dop_operator_3.py for tasks to queue
[2023-06-16T10:17:06.956+0000] {logging_mixin.py:149} INFO - [2023-06-16T10:17:06.956+0000] {dagbag.py:541} INFO - Filling up the DagBag from /home/airflow/.local/lib/python3.7/site-packages/airflow/example_dags/example_branch_python_dop_operator_3.py
[2023-06-16T10:17:06.966+0000] {processor.py:836} INFO - DAG(s) dict_keys(['example_branch_dop_operator_v3']) retrieved from /home/airflow/.local/lib/python3.7/site-packages/airflow/example_dags/example_branch_python_dop_operator_3.py
[2023-06-16T10:17:06.998+0000] {logging_mixin.py:149} INFO - [2023-06-16T10:17:06.998+0000] {dag.py:2726} INFO - Sync 1 DAGs
[2023-06-16T10:17:07.228+0000] {logging_mixin.py:149} INFO - [2023-06-16T10:17:07.227+0000] {dag.py:3490} INFO - Setting next_dagrun for example_branch_dop_operator_v3 to 2023-06-16T10:16:00+00:00, run_after=2023-06-16T10:17:00+00:00
[2023-06-16T10:17:07.533+0000] {processor.py:179} INFO - Processing /home/airflow/.local/lib/python3.7/site-packages/airflow/example_dags/example_branch_python_dop_operator_3.py took 0.608 seconds
[2023-06-16T10:17:39.548+0000] {processor.py:157} INFO - Started process (PID=528) to work on /home/airflow/.local/lib/python3.7/site-packages/airflow/example_dags/example_branch_python_dop_operator_3.py
[2023-06-16T10:17:39.712+0000] {processor.py:826} INFO - Processing file /home/airflow/.local/lib/python3.7/site-packages/airflow/example_dags/example_branch_python_dop_operator_3.py for tasks to queue
[2023-06-16T10:17:39.716+0000] {logging_mixin.py:149} INFO - [2023-06-16T10:17:39.715+0000] {dagbag.py:541} INFO - Filling up the DagBag from /home/airflow/.local/lib/python3.7/site-packages/airflow/example_dags/example_branch_python_dop_operator_3.py
[2023-06-16T10:17:39.754+0000] {processor.py:836} INFO - DAG(s) dict_keys(['example_branch_dop_operator_v3']) retrieved from /home/airflow/.local/lib/python3.7/site-packages/airflow/example_dags/example_branch_python_dop_operator_3.py
[2023-06-16T10:17:39.792+0000] {logging_mixin.py:149} INFO - [2023-06-16T10:17:39.791+0000] {dag.py:2726} INFO - Sync 1 DAGs
[2023-06-16T10:17:39.834+0000] {logging_mixin.py:149} INFO - [2023-06-16T10:17:39.833+0000] {dag.py:3490} INFO - Setting next_dagrun for example_branch_dop_operator_v3 to 2023-06-16T10:16:00+00:00, run_after=2023-06-16T10:17:00+00:00
[2023-06-16T10:17:39.954+0000] {processor.py:179} INFO - Processing /home/airflow/.local/lib/python3.7/site-packages/airflow/example_dags/example_branch_python_dop_operator_3.py took 0.409 seconds
[2023-06-16T10:18:17.644+0000] {processor.py:157} INFO - Started process (PID=583) to work on /home/airflow/.local/lib/python3.7/site-packages/airflow/example_dags/example_branch_python_dop_operator_3.py
[2023-06-16T10:18:17.646+0000] {processor.py:826} INFO - Processing file /home/airflow/.local/lib/python3.7/site-packages/airflow/example_dags/example_branch_python_dop_operator_3.py for tasks to queue
[2023-06-16T10:18:17.647+0000] {logging_mixin.py:149} INFO - [2023-06-16T10:18:17.647+0000] {dagbag.py:541} INFO - Filling up the DagBag from /home/airflow/.local/lib/python3.7/site-packages/airflow/example_dags/example_branch_python_dop_operator_3.py
[2023-06-16T10:18:17.663+0000] {processor.py:836} INFO - DAG(s) dict_keys(['example_branch_dop_operator_v3']) retrieved from /home/airflow/.local/lib/python3.7/site-packages/airflow/example_dags/example_branch_python_dop_operator_3.py
[2023-06-16T10:18:17.696+0000] {logging_mixin.py:149} INFO - [2023-06-16T10:18:17.696+0000] {dag.py:2726} INFO - Sync 1 DAGs
[2023-06-16T10:18:17.737+0000] {logging_mixin.py:149} INFO - [2023-06-16T10:18:17.737+0000] {dag.py:3490} INFO - Setting next_dagrun for example_branch_dop_operator_v3 to 2023-06-16T10:17:00+00:00, run_after=2023-06-16T10:18:00+00:00
[2023-06-16T10:18:17.778+0000] {processor.py:179} INFO - Processing /home/airflow/.local/lib/python3.7/site-packages/airflow/example_dags/example_branch_python_dop_operator_3.py took 0.142 seconds
[2023-06-16T10:18:48.590+0000] {processor.py:157} INFO - Started process (PID=651) to work on /home/airflow/.local/lib/python3.7/site-packages/airflow/example_dags/example_branch_python_dop_operator_3.py
[2023-06-16T10:18:48.591+0000] {processor.py:826} INFO - Processing file /home/airflow/.local/lib/python3.7/site-packages/airflow/example_dags/example_branch_python_dop_operator_3.py for tasks to queue
[2023-06-16T10:18:48.592+0000] {logging_mixin.py:149} INFO - [2023-06-16T10:18:48.591+0000] {dagbag.py:541} INFO - Filling up the DagBag from /home/airflow/.local/lib/python3.7/site-packages/airflow/example_dags/example_branch_python_dop_operator_3.py
[2023-06-16T10:18:48.601+0000] {processor.py:836} INFO - DAG(s) dict_keys(['example_branch_dop_operator_v3']) retrieved from /home/airflow/.local/lib/python3.7/site-packages/airflow/example_dags/example_branch_python_dop_operator_3.py
[2023-06-16T10:18:48.635+0000] {logging_mixin.py:149} INFO - [2023-06-16T10:18:48.635+0000] {dag.py:2726} INFO - Sync 1 DAGs
[2023-06-16T10:18:48.686+0000] {logging_mixin.py:149} INFO - [2023-06-16T10:18:48.686+0000] {dag.py:3490} INFO - Setting next_dagrun for example_branch_dop_operator_v3 to 2023-06-16T10:17:00+00:00, run_after=2023-06-16T10:18:00+00:00
[2023-06-16T10:18:48.717+0000] {processor.py:179} INFO - Processing /home/airflow/.local/lib/python3.7/site-packages/airflow/example_dags/example_branch_python_dop_operator_3.py took 0.131 seconds
[2023-06-16T10:19:19.127+0000] {processor.py:157} INFO - Started process (PID=719) to work on /home/airflow/.local/lib/python3.7/site-packages/airflow/example_dags/example_branch_python_dop_operator_3.py
[2023-06-16T10:19:19.128+0000] {processor.py:826} INFO - Processing file /home/airflow/.local/lib/python3.7/site-packages/airflow/example_dags/example_branch_python_dop_operator_3.py for tasks to queue
[2023-06-16T10:19:19.129+0000] {logging_mixin.py:149} INFO - [2023-06-16T10:19:19.129+0000] {dagbag.py:541} INFO - Filling up the DagBag from /home/airflow/.local/lib/python3.7/site-packages/airflow/example_dags/example_branch_python_dop_operator_3.py
[2023-06-16T10:19:19.142+0000] {processor.py:836} INFO - DAG(s) dict_keys(['example_branch_dop_operator_v3']) retrieved from /home/airflow/.local/lib/python3.7/site-packages/airflow/example_dags/example_branch_python_dop_operator_3.py
[2023-06-16T10:19:19.176+0000] {logging_mixin.py:149} INFO - [2023-06-16T10:19:19.176+0000] {dag.py:2726} INFO - Sync 1 DAGs
[2023-06-16T10:19:19.219+0000] {logging_mixin.py:149} INFO - [2023-06-16T10:19:19.219+0000] {dag.py:3490} INFO - Setting next_dagrun for example_branch_dop_operator_v3 to 2023-06-16T10:18:00+00:00, run_after=2023-06-16T10:19:00+00:00
[2023-06-16T10:19:19.260+0000] {processor.py:179} INFO - Processing /home/airflow/.local/lib/python3.7/site-packages/airflow/example_dags/example_branch_python_dop_operator_3.py took 0.139 seconds
