[2023-06-16T00:39:37.512+0000] {processor.py:157} INFO - Started process (PID=90) to work on /home/airflow/.local/lib/python3.7/site-packages/airflow/example_dags/example_dynamic_task_mapping.py
[2023-06-16T00:39:37.513+0000] {processor.py:826} INFO - Processing file /home/airflow/.local/lib/python3.7/site-packages/airflow/example_dags/example_dynamic_task_mapping.py for tasks to queue
[2023-06-16T00:39:37.515+0000] {logging_mixin.py:149} INFO - [2023-06-16T00:39:37.514+0000] {dagbag.py:541} INFO - Filling up the DagBag from /home/airflow/.local/lib/python3.7/site-packages/airflow/example_dags/example_dynamic_task_mapping.py
[2023-06-16T00:39:37.573+0000] {processor.py:836} INFO - DAG(s) dict_keys(['example_dynamic_task_mapping']) retrieved from /home/airflow/.local/lib/python3.7/site-packages/airflow/example_dags/example_dynamic_task_mapping.py
[2023-06-16T00:39:38.004+0000] {logging_mixin.py:149} INFO - [2023-06-16T00:39:38.004+0000] {dag.py:2726} INFO - Sync 1 DAGs
[2023-06-16T00:39:47.152+0000] {logging_mixin.py:149} INFO - [2023-06-16T00:39:47.151+0000] {dag.py:3490} INFO - Setting next_dagrun for example_dynamic_task_mapping to 2022-03-04T00:00:00+00:00, run_after=2022-03-05T00:00:00+00:00
[2023-06-16T00:39:48.996+0000] {processor.py:179} INFO - Processing /home/airflow/.local/lib/python3.7/site-packages/airflow/example_dags/example_dynamic_task_mapping.py took 11.491 seconds
[2023-06-16T00:40:22.415+0000] {processor.py:157} INFO - Started process (PID=159) to work on /home/airflow/.local/lib/python3.7/site-packages/airflow/example_dags/example_dynamic_task_mapping.py
[2023-06-16T00:40:22.516+0000] {processor.py:826} INFO - Processing file /home/airflow/.local/lib/python3.7/site-packages/airflow/example_dags/example_dynamic_task_mapping.py for tasks to queue
[2023-06-16T00:40:22.518+0000] {logging_mixin.py:149} INFO - [2023-06-16T00:40:22.518+0000] {dagbag.py:541} INFO - Filling up the DagBag from /home/airflow/.local/lib/python3.7/site-packages/airflow/example_dags/example_dynamic_task_mapping.py
[2023-06-16T00:40:22.546+0000] {processor.py:836} INFO - DAG(s) dict_keys(['example_dynamic_task_mapping']) retrieved from /home/airflow/.local/lib/python3.7/site-packages/airflow/example_dags/example_dynamic_task_mapping.py
[2023-06-16T00:40:22.642+0000] {logging_mixin.py:149} INFO - [2023-06-16T00:40:22.641+0000] {dag.py:2726} INFO - Sync 1 DAGs
[2023-06-16T00:40:22.685+0000] {logging_mixin.py:149} INFO - [2023-06-16T00:40:22.685+0000] {dag.py:3490} INFO - Setting next_dagrun for example_dynamic_task_mapping to 2022-03-04T00:00:00+00:00, run_after=2022-03-05T00:00:00+00:00
[2023-06-16T00:40:22.983+0000] {processor.py:179} INFO - Processing /home/airflow/.local/lib/python3.7/site-packages/airflow/example_dags/example_dynamic_task_mapping.py took 0.574 seconds
[2023-06-16T00:42:04.180+0000] {processor.py:157} INFO - Started process (PID=217) to work on /home/airflow/.local/lib/python3.7/site-packages/airflow/example_dags/example_dynamic_task_mapping.py
[2023-06-16T00:42:04.201+0000] {processor.py:826} INFO - Processing file /home/airflow/.local/lib/python3.7/site-packages/airflow/example_dags/example_dynamic_task_mapping.py for tasks to queue
[2023-06-16T00:42:04.202+0000] {logging_mixin.py:149} INFO - [2023-06-16T00:42:04.202+0000] {dagbag.py:541} INFO - Filling up the DagBag from /home/airflow/.local/lib/python3.7/site-packages/airflow/example_dags/example_dynamic_task_mapping.py
[2023-06-16T00:42:04.377+0000] {processor.py:836} INFO - DAG(s) dict_keys(['example_dynamic_task_mapping']) retrieved from /home/airflow/.local/lib/python3.7/site-packages/airflow/example_dags/example_dynamic_task_mapping.py
[2023-06-16T00:42:04.418+0000] {logging_mixin.py:149} INFO - [2023-06-16T00:42:04.418+0000] {dag.py:2726} INFO - Sync 1 DAGs
[2023-06-16T00:42:04.474+0000] {logging_mixin.py:149} INFO - [2023-06-16T00:42:04.474+0000] {dag.py:3490} INFO - Setting next_dagrun for example_dynamic_task_mapping to 2022-03-04T00:00:00+00:00, run_after=2022-03-05T00:00:00+00:00
[2023-06-16T00:42:04.547+0000] {processor.py:179} INFO - Processing /home/airflow/.local/lib/python3.7/site-packages/airflow/example_dags/example_dynamic_task_mapping.py took 0.372 seconds
[2023-06-16T00:42:35.068+0000] {processor.py:157} INFO - Started process (PID=286) to work on /home/airflow/.local/lib/python3.7/site-packages/airflow/example_dags/example_dynamic_task_mapping.py
[2023-06-16T00:42:35.068+0000] {processor.py:826} INFO - Processing file /home/airflow/.local/lib/python3.7/site-packages/airflow/example_dags/example_dynamic_task_mapping.py for tasks to queue
[2023-06-16T00:42:35.069+0000] {logging_mixin.py:149} INFO - [2023-06-16T00:42:35.069+0000] {dagbag.py:541} INFO - Filling up the DagBag from /home/airflow/.local/lib/python3.7/site-packages/airflow/example_dags/example_dynamic_task_mapping.py
[2023-06-16T00:42:35.077+0000] {processor.py:836} INFO - DAG(s) dict_keys(['example_dynamic_task_mapping']) retrieved from /home/airflow/.local/lib/python3.7/site-packages/airflow/example_dags/example_dynamic_task_mapping.py
[2023-06-16T00:42:35.108+0000] {logging_mixin.py:149} INFO - [2023-06-16T00:42:35.108+0000] {dag.py:2726} INFO - Sync 1 DAGs
[2023-06-16T00:42:35.142+0000] {logging_mixin.py:149} INFO - [2023-06-16T00:42:35.141+0000] {dag.py:3490} INFO - Setting next_dagrun for example_dynamic_task_mapping to 2022-03-04T00:00:00+00:00, run_after=2022-03-05T00:00:00+00:00
[2023-06-16T00:42:35.178+0000] {processor.py:179} INFO - Processing /home/airflow/.local/lib/python3.7/site-packages/airflow/example_dags/example_dynamic_task_mapping.py took 0.115 seconds
[2023-06-16T00:43:07.020+0000] {processor.py:157} INFO - Started process (PID=353) to work on /home/airflow/.local/lib/python3.7/site-packages/airflow/example_dags/example_dynamic_task_mapping.py
[2023-06-16T00:43:07.352+0000] {processor.py:826} INFO - Processing file /home/airflow/.local/lib/python3.7/site-packages/airflow/example_dags/example_dynamic_task_mapping.py for tasks to queue
[2023-06-16T00:43:07.355+0000] {logging_mixin.py:149} INFO - [2023-06-16T00:43:07.354+0000] {dagbag.py:541} INFO - Filling up the DagBag from /home/airflow/.local/lib/python3.7/site-packages/airflow/example_dags/example_dynamic_task_mapping.py
[2023-06-16T00:43:07.380+0000] {processor.py:836} INFO - DAG(s) dict_keys(['example_dynamic_task_mapping']) retrieved from /home/airflow/.local/lib/python3.7/site-packages/airflow/example_dags/example_dynamic_task_mapping.py
[2023-06-16T00:43:07.417+0000] {logging_mixin.py:149} INFO - [2023-06-16T00:43:07.416+0000] {dag.py:2726} INFO - Sync 1 DAGs
[2023-06-16T00:43:07.455+0000] {logging_mixin.py:149} INFO - [2023-06-16T00:43:07.455+0000] {dag.py:3490} INFO - Setting next_dagrun for example_dynamic_task_mapping to 2022-03-04T00:00:00+00:00, run_after=2022-03-05T00:00:00+00:00
[2023-06-16T00:43:07.556+0000] {processor.py:179} INFO - Processing /home/airflow/.local/lib/python3.7/site-packages/airflow/example_dags/example_dynamic_task_mapping.py took 0.540 seconds
[2023-06-16T00:43:37.578+0000] {processor.py:157} INFO - Started process (PID=417) to work on /home/airflow/.local/lib/python3.7/site-packages/airflow/example_dags/example_dynamic_task_mapping.py
[2023-06-16T00:43:37.591+0000] {processor.py:826} INFO - Processing file /home/airflow/.local/lib/python3.7/site-packages/airflow/example_dags/example_dynamic_task_mapping.py for tasks to queue
[2023-06-16T00:43:37.592+0000] {logging_mixin.py:149} INFO - [2023-06-16T00:43:37.592+0000] {dagbag.py:541} INFO - Filling up the DagBag from /home/airflow/.local/lib/python3.7/site-packages/airflow/example_dags/example_dynamic_task_mapping.py
[2023-06-16T00:43:37.600+0000] {processor.py:836} INFO - DAG(s) dict_keys(['example_dynamic_task_mapping']) retrieved from /home/airflow/.local/lib/python3.7/site-packages/airflow/example_dags/example_dynamic_task_mapping.py
[2023-06-16T00:43:37.638+0000] {logging_mixin.py:149} INFO - [2023-06-16T00:43:37.638+0000] {dag.py:2726} INFO - Sync 1 DAGs
[2023-06-16T00:43:37.691+0000] {logging_mixin.py:149} INFO - [2023-06-16T00:43:37.690+0000] {dag.py:3490} INFO - Setting next_dagrun for example_dynamic_task_mapping to 2022-03-04T00:00:00+00:00, run_after=2022-03-05T00:00:00+00:00
[2023-06-16T00:43:37.741+0000] {processor.py:179} INFO - Processing /home/airflow/.local/lib/python3.7/site-packages/airflow/example_dags/example_dynamic_task_mapping.py took 0.168 seconds
[2023-06-16T00:44:08.574+0000] {processor.py:157} INFO - Started process (PID=485) to work on /home/airflow/.local/lib/python3.7/site-packages/airflow/example_dags/example_dynamic_task_mapping.py
[2023-06-16T00:44:08.602+0000] {processor.py:826} INFO - Processing file /home/airflow/.local/lib/python3.7/site-packages/airflow/example_dags/example_dynamic_task_mapping.py for tasks to queue
[2023-06-16T00:44:08.603+0000] {logging_mixin.py:149} INFO - [2023-06-16T00:44:08.602+0000] {dagbag.py:541} INFO - Filling up the DagBag from /home/airflow/.local/lib/python3.7/site-packages/airflow/example_dags/example_dynamic_task_mapping.py
[2023-06-16T00:44:08.611+0000] {processor.py:836} INFO - DAG(s) dict_keys(['example_dynamic_task_mapping']) retrieved from /home/airflow/.local/lib/python3.7/site-packages/airflow/example_dags/example_dynamic_task_mapping.py
[2023-06-16T00:44:08.649+0000] {logging_mixin.py:149} INFO - [2023-06-16T00:44:08.649+0000] {dag.py:2726} INFO - Sync 1 DAGs
[2023-06-16T00:44:08.703+0000] {logging_mixin.py:149} INFO - [2023-06-16T00:44:08.703+0000] {dag.py:3490} INFO - Setting next_dagrun for example_dynamic_task_mapping to 2022-03-04T00:00:00+00:00, run_after=2022-03-05T00:00:00+00:00
[2023-06-16T00:44:09.376+0000] {processor.py:179} INFO - Processing /home/airflow/.local/lib/python3.7/site-packages/airflow/example_dags/example_dynamic_task_mapping.py took 0.808 seconds
[2023-06-16T00:44:58.021+0000] {processor.py:157} INFO - Started process (PID=553) to work on /home/airflow/.local/lib/python3.7/site-packages/airflow/example_dags/example_dynamic_task_mapping.py
[2023-06-16T00:44:58.023+0000] {processor.py:826} INFO - Processing file /home/airflow/.local/lib/python3.7/site-packages/airflow/example_dags/example_dynamic_task_mapping.py for tasks to queue
[2023-06-16T00:44:58.024+0000] {logging_mixin.py:149} INFO - [2023-06-16T00:44:58.024+0000] {dagbag.py:541} INFO - Filling up the DagBag from /home/airflow/.local/lib/python3.7/site-packages/airflow/example_dags/example_dynamic_task_mapping.py
[2023-06-16T00:44:58.135+0000] {processor.py:836} INFO - DAG(s) dict_keys(['example_dynamic_task_mapping']) retrieved from /home/airflow/.local/lib/python3.7/site-packages/airflow/example_dags/example_dynamic_task_mapping.py
[2023-06-16T00:44:58.181+0000] {logging_mixin.py:149} INFO - [2023-06-16T00:44:58.181+0000] {dag.py:2726} INFO - Sync 1 DAGs
[2023-06-16T00:44:58.223+0000] {logging_mixin.py:149} INFO - [2023-06-16T00:44:58.223+0000] {dag.py:3490} INFO - Setting next_dagrun for example_dynamic_task_mapping to 2022-03-04T00:00:00+00:00, run_after=2022-03-05T00:00:00+00:00
[2023-06-16T00:44:58.530+0000] {processor.py:179} INFO - Processing /home/airflow/.local/lib/python3.7/site-packages/airflow/example_dags/example_dynamic_task_mapping.py took 0.524 seconds
[2023-06-16T00:45:37.937+0000] {processor.py:157} INFO - Started process (PID=624) to work on /home/airflow/.local/lib/python3.7/site-packages/airflow/example_dags/example_dynamic_task_mapping.py
[2023-06-16T00:45:38.390+0000] {processor.py:826} INFO - Processing file /home/airflow/.local/lib/python3.7/site-packages/airflow/example_dags/example_dynamic_task_mapping.py for tasks to queue
[2023-06-16T00:45:38.392+0000] {logging_mixin.py:149} INFO - [2023-06-16T00:45:38.392+0000] {dagbag.py:541} INFO - Filling up the DagBag from /home/airflow/.local/lib/python3.7/site-packages/airflow/example_dags/example_dynamic_task_mapping.py
[2023-06-16T00:45:40.680+0000] {processor.py:836} INFO - DAG(s) dict_keys(['example_dynamic_task_mapping']) retrieved from /home/airflow/.local/lib/python3.7/site-packages/airflow/example_dags/example_dynamic_task_mapping.py
[2023-06-16T00:45:41.990+0000] {logging_mixin.py:149} INFO - [2023-06-16T00:45:41.989+0000] {dag.py:2726} INFO - Sync 1 DAGs
[2023-06-16T00:45:42.038+0000] {logging_mixin.py:149} INFO - [2023-06-16T00:45:42.038+0000] {dag.py:3490} INFO - Setting next_dagrun for example_dynamic_task_mapping to 2022-03-04T00:00:00+00:00, run_after=2022-03-05T00:00:00+00:00
[2023-06-16T00:45:42.294+0000] {processor.py:179} INFO - Processing /home/airflow/.local/lib/python3.7/site-packages/airflow/example_dags/example_dynamic_task_mapping.py took 4.361 seconds
[2023-06-16T00:46:44.409+0000] {processor.py:157} INFO - Started process (PID=705) to work on /home/airflow/.local/lib/python3.7/site-packages/airflow/example_dags/example_dynamic_task_mapping.py
[2023-06-16T00:46:44.498+0000] {processor.py:826} INFO - Processing file /home/airflow/.local/lib/python3.7/site-packages/airflow/example_dags/example_dynamic_task_mapping.py for tasks to queue
[2023-06-16T00:46:44.500+0000] {logging_mixin.py:149} INFO - [2023-06-16T00:46:44.499+0000] {dagbag.py:541} INFO - Filling up the DagBag from /home/airflow/.local/lib/python3.7/site-packages/airflow/example_dags/example_dynamic_task_mapping.py
[2023-06-16T00:46:44.542+0000] {processor.py:836} INFO - DAG(s) dict_keys(['example_dynamic_task_mapping']) retrieved from /home/airflow/.local/lib/python3.7/site-packages/airflow/example_dags/example_dynamic_task_mapping.py
[2023-06-16T00:46:44.580+0000] {logging_mixin.py:149} INFO - [2023-06-16T00:46:44.580+0000] {dag.py:2726} INFO - Sync 1 DAGs
[2023-06-16T00:46:44.625+0000] {logging_mixin.py:149} INFO - [2023-06-16T00:46:44.625+0000] {dag.py:3490} INFO - Setting next_dagrun for example_dynamic_task_mapping to 2022-03-04T00:00:00+00:00, run_after=2022-03-05T00:00:00+00:00
[2023-06-16T00:46:44.912+0000] {processor.py:179} INFO - Processing /home/airflow/.local/lib/python3.7/site-packages/airflow/example_dags/example_dynamic_task_mapping.py took 0.510 seconds
[2023-06-16T00:47:25.744+0000] {processor.py:157} INFO - Started process (PID=767) to work on /home/airflow/.local/lib/python3.7/site-packages/airflow/example_dags/example_dynamic_task_mapping.py
[2023-06-16T00:47:25.796+0000] {processor.py:826} INFO - Processing file /home/airflow/.local/lib/python3.7/site-packages/airflow/example_dags/example_dynamic_task_mapping.py for tasks to queue
[2023-06-16T00:47:25.799+0000] {logging_mixin.py:149} INFO - [2023-06-16T00:47:25.798+0000] {dagbag.py:541} INFO - Filling up the DagBag from /home/airflow/.local/lib/python3.7/site-packages/airflow/example_dags/example_dynamic_task_mapping.py
[2023-06-16T00:47:25.813+0000] {processor.py:836} INFO - DAG(s) dict_keys(['example_dynamic_task_mapping']) retrieved from /home/airflow/.local/lib/python3.7/site-packages/airflow/example_dags/example_dynamic_task_mapping.py
[2023-06-16T00:47:25.870+0000] {logging_mixin.py:149} INFO - [2023-06-16T00:47:25.869+0000] {dag.py:2726} INFO - Sync 1 DAGs
[2023-06-16T00:47:25.924+0000] {logging_mixin.py:149} INFO - [2023-06-16T00:47:25.924+0000] {dag.py:3490} INFO - Setting next_dagrun for example_dynamic_task_mapping to 2022-03-04T00:00:00+00:00, run_after=2022-03-05T00:00:00+00:00
[2023-06-16T00:47:26.083+0000] {processor.py:179} INFO - Processing /home/airflow/.local/lib/python3.7/site-packages/airflow/example_dags/example_dynamic_task_mapping.py took 0.345 seconds
[2023-06-16T00:49:07.818+0000] {processor.py:157} INFO - Started process (PID=851) to work on /home/airflow/.local/lib/python3.7/site-packages/airflow/example_dags/example_dynamic_task_mapping.py
[2023-06-16T00:49:07.861+0000] {processor.py:826} INFO - Processing file /home/airflow/.local/lib/python3.7/site-packages/airflow/example_dags/example_dynamic_task_mapping.py for tasks to queue
[2023-06-16T00:49:07.865+0000] {logging_mixin.py:149} INFO - [2023-06-16T00:49:07.865+0000] {dagbag.py:541} INFO - Filling up the DagBag from /home/airflow/.local/lib/python3.7/site-packages/airflow/example_dags/example_dynamic_task_mapping.py
[2023-06-16T00:49:07.885+0000] {processor.py:836} INFO - DAG(s) dict_keys(['example_dynamic_task_mapping']) retrieved from /home/airflow/.local/lib/python3.7/site-packages/airflow/example_dags/example_dynamic_task_mapping.py
[2023-06-16T00:49:07.932+0000] {logging_mixin.py:149} INFO - [2023-06-16T00:49:07.932+0000] {dag.py:2726} INFO - Sync 1 DAGs
[2023-06-16T00:49:07.993+0000] {logging_mixin.py:149} INFO - [2023-06-16T00:49:07.993+0000] {dag.py:3490} INFO - Setting next_dagrun for example_dynamic_task_mapping to 2022-03-04T00:00:00+00:00, run_after=2022-03-05T00:00:00+00:00
[2023-06-16T00:49:08.305+0000] {processor.py:179} INFO - Processing /home/airflow/.local/lib/python3.7/site-packages/airflow/example_dags/example_dynamic_task_mapping.py took 0.491 seconds
[2023-06-16T00:49:38.641+0000] {processor.py:157} INFO - Started process (PID=919) to work on /home/airflow/.local/lib/python3.7/site-packages/airflow/example_dags/example_dynamic_task_mapping.py
[2023-06-16T00:49:38.641+0000] {processor.py:826} INFO - Processing file /home/airflow/.local/lib/python3.7/site-packages/airflow/example_dags/example_dynamic_task_mapping.py for tasks to queue
[2023-06-16T00:49:38.642+0000] {logging_mixin.py:149} INFO - [2023-06-16T00:49:38.642+0000] {dagbag.py:541} INFO - Filling up the DagBag from /home/airflow/.local/lib/python3.7/site-packages/airflow/example_dags/example_dynamic_task_mapping.py
[2023-06-16T00:49:38.652+0000] {processor.py:836} INFO - DAG(s) dict_keys(['example_dynamic_task_mapping']) retrieved from /home/airflow/.local/lib/python3.7/site-packages/airflow/example_dags/example_dynamic_task_mapping.py
[2023-06-16T00:49:38.691+0000] {logging_mixin.py:149} INFO - [2023-06-16T00:49:38.691+0000] {dag.py:2726} INFO - Sync 1 DAGs
[2023-06-16T00:49:38.732+0000] {logging_mixin.py:149} INFO - [2023-06-16T00:49:38.732+0000] {dag.py:3490} INFO - Setting next_dagrun for example_dynamic_task_mapping to 2022-03-04T00:00:00+00:00, run_after=2022-03-05T00:00:00+00:00
[2023-06-16T00:49:38.927+0000] {processor.py:179} INFO - Processing /home/airflow/.local/lib/python3.7/site-packages/airflow/example_dags/example_dynamic_task_mapping.py took 0.290 seconds
[2023-06-16T00:50:10.115+0000] {processor.py:157} INFO - Started process (PID=987) to work on /home/airflow/.local/lib/python3.7/site-packages/airflow/example_dags/example_dynamic_task_mapping.py
[2023-06-16T00:50:10.170+0000] {processor.py:826} INFO - Processing file /home/airflow/.local/lib/python3.7/site-packages/airflow/example_dags/example_dynamic_task_mapping.py for tasks to queue
[2023-06-16T00:50:10.171+0000] {logging_mixin.py:149} INFO - [2023-06-16T00:50:10.171+0000] {dagbag.py:541} INFO - Filling up the DagBag from /home/airflow/.local/lib/python3.7/site-packages/airflow/example_dags/example_dynamic_task_mapping.py
[2023-06-16T00:50:10.184+0000] {processor.py:836} INFO - DAG(s) dict_keys(['example_dynamic_task_mapping']) retrieved from /home/airflow/.local/lib/python3.7/site-packages/airflow/example_dags/example_dynamic_task_mapping.py
[2023-06-16T00:50:10.216+0000] {logging_mixin.py:149} INFO - [2023-06-16T00:50:10.216+0000] {dag.py:2726} INFO - Sync 1 DAGs
[2023-06-16T00:50:10.265+0000] {logging_mixin.py:149} INFO - [2023-06-16T00:50:10.264+0000] {dag.py:3490} INFO - Setting next_dagrun for example_dynamic_task_mapping to 2022-03-04T00:00:00+00:00, run_after=2022-03-05T00:00:00+00:00
[2023-06-16T00:50:10.443+0000] {processor.py:179} INFO - Processing /home/airflow/.local/lib/python3.7/site-packages/airflow/example_dags/example_dynamic_task_mapping.py took 0.343 seconds
[2023-06-16T00:50:40.668+0000] {processor.py:157} INFO - Started process (PID=1051) to work on /home/airflow/.local/lib/python3.7/site-packages/airflow/example_dags/example_dynamic_task_mapping.py
[2023-06-16T00:50:40.669+0000] {processor.py:826} INFO - Processing file /home/airflow/.local/lib/python3.7/site-packages/airflow/example_dags/example_dynamic_task_mapping.py for tasks to queue
[2023-06-16T00:50:40.670+0000] {logging_mixin.py:149} INFO - [2023-06-16T00:50:40.670+0000] {dagbag.py:541} INFO - Filling up the DagBag from /home/airflow/.local/lib/python3.7/site-packages/airflow/example_dags/example_dynamic_task_mapping.py
[2023-06-16T00:50:40.683+0000] {processor.py:836} INFO - DAG(s) dict_keys(['example_dynamic_task_mapping']) retrieved from /home/airflow/.local/lib/python3.7/site-packages/airflow/example_dags/example_dynamic_task_mapping.py
[2023-06-16T00:50:41.081+0000] {logging_mixin.py:149} INFO - [2023-06-16T00:50:41.081+0000] {dag.py:2726} INFO - Sync 1 DAGs
[2023-06-16T00:50:41.358+0000] {logging_mixin.py:149} INFO - [2023-06-16T00:50:41.358+0000] {dag.py:3490} INFO - Setting next_dagrun for example_dynamic_task_mapping to 2022-03-04T00:00:00+00:00, run_after=2022-03-05T00:00:00+00:00
[2023-06-16T00:50:41.670+0000] {processor.py:179} INFO - Processing /home/airflow/.local/lib/python3.7/site-packages/airflow/example_dags/example_dynamic_task_mapping.py took 1.009 seconds
[2023-06-16T00:51:12.397+0000] {processor.py:157} INFO - Started process (PID=1118) to work on /home/airflow/.local/lib/python3.7/site-packages/airflow/example_dags/example_dynamic_task_mapping.py
[2023-06-16T00:51:12.571+0000] {processor.py:826} INFO - Processing file /home/airflow/.local/lib/python3.7/site-packages/airflow/example_dags/example_dynamic_task_mapping.py for tasks to queue
[2023-06-16T00:51:12.575+0000] {logging_mixin.py:149} INFO - [2023-06-16T00:51:12.574+0000] {dagbag.py:541} INFO - Filling up the DagBag from /home/airflow/.local/lib/python3.7/site-packages/airflow/example_dags/example_dynamic_task_mapping.py
[2023-06-16T00:51:12.604+0000] {processor.py:836} INFO - DAG(s) dict_keys(['example_dynamic_task_mapping']) retrieved from /home/airflow/.local/lib/python3.7/site-packages/airflow/example_dags/example_dynamic_task_mapping.py
[2023-06-16T00:51:12.651+0000] {logging_mixin.py:149} INFO - [2023-06-16T00:51:12.650+0000] {dag.py:2726} INFO - Sync 1 DAGs
[2023-06-16T00:51:12.715+0000] {logging_mixin.py:149} INFO - [2023-06-16T00:51:12.715+0000] {dag.py:3490} INFO - Setting next_dagrun for example_dynamic_task_mapping to 2022-03-04T00:00:00+00:00, run_after=2022-03-05T00:00:00+00:00
[2023-06-16T00:51:13.250+0000] {processor.py:179} INFO - Processing /home/airflow/.local/lib/python3.7/site-packages/airflow/example_dags/example_dynamic_task_mapping.py took 0.862 seconds
[2023-06-16T00:52:24.276+0000] {processor.py:157} INFO - Started process (PID=1194) to work on /home/airflow/.local/lib/python3.7/site-packages/airflow/example_dags/example_dynamic_task_mapping.py
[2023-06-16T00:52:24.332+0000] {processor.py:826} INFO - Processing file /home/airflow/.local/lib/python3.7/site-packages/airflow/example_dags/example_dynamic_task_mapping.py for tasks to queue
[2023-06-16T00:52:24.335+0000] {logging_mixin.py:149} INFO - [2023-06-16T00:52:24.334+0000] {dagbag.py:541} INFO - Filling up the DagBag from /home/airflow/.local/lib/python3.7/site-packages/airflow/example_dags/example_dynamic_task_mapping.py
[2023-06-16T00:52:24.385+0000] {processor.py:836} INFO - DAG(s) dict_keys(['example_dynamic_task_mapping']) retrieved from /home/airflow/.local/lib/python3.7/site-packages/airflow/example_dags/example_dynamic_task_mapping.py
[2023-06-16T00:52:24.431+0000] {logging_mixin.py:149} INFO - [2023-06-16T00:52:24.431+0000] {dag.py:2726} INFO - Sync 1 DAGs
[2023-06-16T00:52:24.476+0000] {logging_mixin.py:149} INFO - [2023-06-16T00:52:24.476+0000] {dag.py:3490} INFO - Setting next_dagrun for example_dynamic_task_mapping to 2022-03-04T00:00:00+00:00, run_after=2022-03-05T00:00:00+00:00
[2023-06-16T00:52:24.656+0000] {processor.py:179} INFO - Processing /home/airflow/.local/lib/python3.7/site-packages/airflow/example_dags/example_dynamic_task_mapping.py took 0.385 seconds
[2023-06-16T00:57:36.933+0000] {processor.py:157} INFO - Started process (PID=66) to work on /home/airflow/.local/lib/python3.7/site-packages/airflow/example_dags/example_dynamic_task_mapping.py
[2023-06-16T00:57:37.151+0000] {processor.py:826} INFO - Processing file /home/airflow/.local/lib/python3.7/site-packages/airflow/example_dags/example_dynamic_task_mapping.py for tasks to queue
[2023-06-16T00:57:37.151+0000] {logging_mixin.py:149} INFO - [2023-06-16T00:57:37.151+0000] {dagbag.py:541} INFO - Filling up the DagBag from /home/airflow/.local/lib/python3.7/site-packages/airflow/example_dags/example_dynamic_task_mapping.py
[2023-06-16T00:57:37.165+0000] {processor.py:836} INFO - DAG(s) dict_keys(['example_dynamic_task_mapping']) retrieved from /home/airflow/.local/lib/python3.7/site-packages/airflow/example_dags/example_dynamic_task_mapping.py
[2023-06-16T00:57:37.217+0000] {logging_mixin.py:149} INFO - [2023-06-16T00:57:37.216+0000] {dag.py:2726} INFO - Sync 1 DAGs
[2023-06-16T00:57:37.274+0000] {logging_mixin.py:149} INFO - [2023-06-16T00:57:37.274+0000] {dag.py:3490} INFO - Setting next_dagrun for example_dynamic_task_mapping to 2022-03-04T00:00:00+00:00, run_after=2022-03-05T00:00:00+00:00
[2023-06-16T00:57:37.370+0000] {processor.py:179} INFO - Processing /home/airflow/.local/lib/python3.7/site-packages/airflow/example_dags/example_dynamic_task_mapping.py took 0.445 seconds
[2023-06-16T01:01:27.811+0000] {processor.py:157} INFO - Started process (PID=168) to work on /home/airflow/.local/lib/python3.7/site-packages/airflow/example_dags/example_dynamic_task_mapping.py
[2023-06-16T01:01:28.438+0000] {processor.py:826} INFO - Processing file /home/airflow/.local/lib/python3.7/site-packages/airflow/example_dags/example_dynamic_task_mapping.py for tasks to queue
[2023-06-16T01:01:28.844+0000] {logging_mixin.py:149} INFO - [2023-06-16T01:01:28.843+0000] {dagbag.py:541} INFO - Filling up the DagBag from /home/airflow/.local/lib/python3.7/site-packages/airflow/example_dags/example_dynamic_task_mapping.py
[2023-06-16T01:01:30.131+0000] {processor.py:836} INFO - DAG(s) dict_keys(['example_dynamic_task_mapping']) retrieved from /home/airflow/.local/lib/python3.7/site-packages/airflow/example_dags/example_dynamic_task_mapping.py
[2023-06-16T01:01:30.536+0000] {logging_mixin.py:149} INFO - [2023-06-16T01:01:30.536+0000] {dag.py:2726} INFO - Sync 1 DAGs
[2023-06-16T01:01:30.831+0000] {logging_mixin.py:149} INFO - [2023-06-16T01:01:30.831+0000] {dag.py:3490} INFO - Setting next_dagrun for example_dynamic_task_mapping to 2022-03-04T00:00:00+00:00, run_after=2022-03-05T00:00:00+00:00
[2023-06-16T01:01:31.314+0000] {processor.py:179} INFO - Processing /home/airflow/.local/lib/python3.7/site-packages/airflow/example_dags/example_dynamic_task_mapping.py took 5.164 seconds
[2023-06-16T01:02:25.913+0000] {processor.py:157} INFO - Started process (PID=248) to work on /home/airflow/.local/lib/python3.7/site-packages/airflow/example_dags/example_dynamic_task_mapping.py
[2023-06-16T01:02:25.914+0000] {processor.py:826} INFO - Processing file /home/airflow/.local/lib/python3.7/site-packages/airflow/example_dags/example_dynamic_task_mapping.py for tasks to queue
[2023-06-16T01:02:25.915+0000] {logging_mixin.py:149} INFO - [2023-06-16T01:02:25.915+0000] {dagbag.py:541} INFO - Filling up the DagBag from /home/airflow/.local/lib/python3.7/site-packages/airflow/example_dags/example_dynamic_task_mapping.py
[2023-06-16T01:02:25.936+0000] {processor.py:836} INFO - DAG(s) dict_keys(['example_dynamic_task_mapping']) retrieved from /home/airflow/.local/lib/python3.7/site-packages/airflow/example_dags/example_dynamic_task_mapping.py
[2023-06-16T01:02:25.997+0000] {logging_mixin.py:149} INFO - [2023-06-16T01:02:25.997+0000] {dag.py:2726} INFO - Sync 1 DAGs
[2023-06-16T01:02:26.054+0000] {logging_mixin.py:149} INFO - [2023-06-16T01:02:26.054+0000] {dag.py:3490} INFO - Setting next_dagrun for example_dynamic_task_mapping to 2022-03-04T00:00:00+00:00, run_after=2022-03-05T00:00:00+00:00
[2023-06-16T01:02:26.115+0000] {processor.py:179} INFO - Processing /home/airflow/.local/lib/python3.7/site-packages/airflow/example_dags/example_dynamic_task_mapping.py took 0.213 seconds
[2023-06-16T01:02:56.485+0000] {processor.py:157} INFO - Started process (PID=314) to work on /home/airflow/.local/lib/python3.7/site-packages/airflow/example_dags/example_dynamic_task_mapping.py
[2023-06-16T01:02:56.486+0000] {processor.py:826} INFO - Processing file /home/airflow/.local/lib/python3.7/site-packages/airflow/example_dags/example_dynamic_task_mapping.py for tasks to queue
[2023-06-16T01:02:56.487+0000] {logging_mixin.py:149} INFO - [2023-06-16T01:02:56.487+0000] {dagbag.py:541} INFO - Filling up the DagBag from /home/airflow/.local/lib/python3.7/site-packages/airflow/example_dags/example_dynamic_task_mapping.py
[2023-06-16T01:02:56.497+0000] {processor.py:836} INFO - DAG(s) dict_keys(['example_dynamic_task_mapping']) retrieved from /home/airflow/.local/lib/python3.7/site-packages/airflow/example_dags/example_dynamic_task_mapping.py
[2023-06-16T01:02:56.529+0000] {logging_mixin.py:149} INFO - [2023-06-16T01:02:56.529+0000] {dag.py:2726} INFO - Sync 1 DAGs
[2023-06-16T01:02:56.583+0000] {logging_mixin.py:149} INFO - [2023-06-16T01:02:56.583+0000] {dag.py:3490} INFO - Setting next_dagrun for example_dynamic_task_mapping to 2022-03-04T00:00:00+00:00, run_after=2022-03-05T00:00:00+00:00
[2023-06-16T01:02:56.741+0000] {processor.py:179} INFO - Processing /home/airflow/.local/lib/python3.7/site-packages/airflow/example_dags/example_dynamic_task_mapping.py took 0.262 seconds
[2023-06-16T01:03:27.567+0000] {processor.py:157} INFO - Started process (PID=379) to work on /home/airflow/.local/lib/python3.7/site-packages/airflow/example_dags/example_dynamic_task_mapping.py
[2023-06-16T01:03:27.568+0000] {processor.py:826} INFO - Processing file /home/airflow/.local/lib/python3.7/site-packages/airflow/example_dags/example_dynamic_task_mapping.py for tasks to queue
[2023-06-16T01:03:27.569+0000] {logging_mixin.py:149} INFO - [2023-06-16T01:03:27.569+0000] {dagbag.py:541} INFO - Filling up the DagBag from /home/airflow/.local/lib/python3.7/site-packages/airflow/example_dags/example_dynamic_task_mapping.py
[2023-06-16T01:03:27.578+0000] {processor.py:836} INFO - DAG(s) dict_keys(['example_dynamic_task_mapping']) retrieved from /home/airflow/.local/lib/python3.7/site-packages/airflow/example_dags/example_dynamic_task_mapping.py
[2023-06-16T01:03:27.618+0000] {logging_mixin.py:149} INFO - [2023-06-16T01:03:27.617+0000] {dag.py:2726} INFO - Sync 1 DAGs
[2023-06-16T01:03:27.681+0000] {logging_mixin.py:149} INFO - [2023-06-16T01:03:27.681+0000] {dag.py:3490} INFO - Setting next_dagrun for example_dynamic_task_mapping to 2022-03-04T00:00:00+00:00, run_after=2022-03-05T00:00:00+00:00
[2023-06-16T01:03:27.734+0000] {processor.py:179} INFO - Processing /home/airflow/.local/lib/python3.7/site-packages/airflow/example_dags/example_dynamic_task_mapping.py took 0.170 seconds
[2023-06-16T01:03:58.247+0000] {processor.py:157} INFO - Started process (PID=447) to work on /home/airflow/.local/lib/python3.7/site-packages/airflow/example_dags/example_dynamic_task_mapping.py
[2023-06-16T01:03:58.248+0000] {processor.py:826} INFO - Processing file /home/airflow/.local/lib/python3.7/site-packages/airflow/example_dags/example_dynamic_task_mapping.py for tasks to queue
[2023-06-16T01:03:58.249+0000] {logging_mixin.py:149} INFO - [2023-06-16T01:03:58.249+0000] {dagbag.py:541} INFO - Filling up the DagBag from /home/airflow/.local/lib/python3.7/site-packages/airflow/example_dags/example_dynamic_task_mapping.py
[2023-06-16T01:03:58.262+0000] {processor.py:836} INFO - DAG(s) dict_keys(['example_dynamic_task_mapping']) retrieved from /home/airflow/.local/lib/python3.7/site-packages/airflow/example_dags/example_dynamic_task_mapping.py
[2023-06-16T01:03:58.306+0000] {logging_mixin.py:149} INFO - [2023-06-16T01:03:58.306+0000] {dag.py:2726} INFO - Sync 1 DAGs
[2023-06-16T01:03:58.362+0000] {logging_mixin.py:149} INFO - [2023-06-16T01:03:58.361+0000] {dag.py:3490} INFO - Setting next_dagrun for example_dynamic_task_mapping to 2022-03-04T00:00:00+00:00, run_after=2022-03-05T00:00:00+00:00
[2023-06-16T01:03:58.419+0000] {processor.py:179} INFO - Processing /home/airflow/.local/lib/python3.7/site-packages/airflow/example_dags/example_dynamic_task_mapping.py took 0.179 seconds
[2023-06-16T09:58:25.133+0000] {processor.py:157} INFO - Started process (PID=59) to work on /home/airflow/.local/lib/python3.7/site-packages/airflow/example_dags/example_dynamic_task_mapping.py
[2023-06-16T09:58:25.277+0000] {processor.py:826} INFO - Processing file /home/airflow/.local/lib/python3.7/site-packages/airflow/example_dags/example_dynamic_task_mapping.py for tasks to queue
[2023-06-16T09:58:25.280+0000] {logging_mixin.py:149} INFO - [2023-06-16T09:58:25.279+0000] {dagbag.py:541} INFO - Filling up the DagBag from /home/airflow/.local/lib/python3.7/site-packages/airflow/example_dags/example_dynamic_task_mapping.py
[2023-06-16T09:58:25.396+0000] {processor.py:836} INFO - DAG(s) dict_keys(['example_dynamic_task_mapping']) retrieved from /home/airflow/.local/lib/python3.7/site-packages/airflow/example_dags/example_dynamic_task_mapping.py
[2023-06-16T09:58:25.436+0000] {logging_mixin.py:149} INFO - [2023-06-16T09:58:25.436+0000] {dag.py:2726} INFO - Sync 1 DAGs
[2023-06-16T09:58:25.470+0000] {logging_mixin.py:149} INFO - [2023-06-16T09:58:25.469+0000] {dag.py:3490} INFO - Setting next_dagrun for example_dynamic_task_mapping to 2022-03-04T00:00:00+00:00, run_after=2022-03-05T00:00:00+00:00
[2023-06-16T09:58:25.620+0000] {processor.py:179} INFO - Processing /home/airflow/.local/lib/python3.7/site-packages/airflow/example_dags/example_dynamic_task_mapping.py took 0.491 seconds
[2023-06-16T09:58:56.129+0000] {processor.py:157} INFO - Started process (PID=121) to work on /home/airflow/.local/lib/python3.7/site-packages/airflow/example_dags/example_dynamic_task_mapping.py
[2023-06-16T09:58:56.217+0000] {processor.py:826} INFO - Processing file /home/airflow/.local/lib/python3.7/site-packages/airflow/example_dags/example_dynamic_task_mapping.py for tasks to queue
[2023-06-16T09:58:56.221+0000] {logging_mixin.py:149} INFO - [2023-06-16T09:58:56.220+0000] {dagbag.py:541} INFO - Filling up the DagBag from /home/airflow/.local/lib/python3.7/site-packages/airflow/example_dags/example_dynamic_task_mapping.py
[2023-06-16T09:58:56.252+0000] {processor.py:836} INFO - DAG(s) dict_keys(['example_dynamic_task_mapping']) retrieved from /home/airflow/.local/lib/python3.7/site-packages/airflow/example_dags/example_dynamic_task_mapping.py
[2023-06-16T09:58:56.332+0000] {logging_mixin.py:149} INFO - [2023-06-16T09:58:56.332+0000] {dag.py:2726} INFO - Sync 1 DAGs
[2023-06-16T09:58:56.617+0000] {logging_mixin.py:149} INFO - [2023-06-16T09:58:56.617+0000] {dag.py:3490} INFO - Setting next_dagrun for example_dynamic_task_mapping to 2022-03-04T00:00:00+00:00, run_after=2022-03-05T00:00:00+00:00
[2023-06-16T09:58:56.834+0000] {processor.py:179} INFO - Processing /home/airflow/.local/lib/python3.7/site-packages/airflow/example_dags/example_dynamic_task_mapping.py took 0.709 seconds
[2023-06-16T09:59:27.815+0000] {processor.py:157} INFO - Started process (PID=189) to work on /home/airflow/.local/lib/python3.7/site-packages/airflow/example_dags/example_dynamic_task_mapping.py
[2023-06-16T09:59:27.847+0000] {processor.py:826} INFO - Processing file /home/airflow/.local/lib/python3.7/site-packages/airflow/example_dags/example_dynamic_task_mapping.py for tasks to queue
[2023-06-16T09:59:27.848+0000] {logging_mixin.py:149} INFO - [2023-06-16T09:59:27.848+0000] {dagbag.py:541} INFO - Filling up the DagBag from /home/airflow/.local/lib/python3.7/site-packages/airflow/example_dags/example_dynamic_task_mapping.py
[2023-06-16T09:59:27.857+0000] {processor.py:836} INFO - DAG(s) dict_keys(['example_dynamic_task_mapping']) retrieved from /home/airflow/.local/lib/python3.7/site-packages/airflow/example_dags/example_dynamic_task_mapping.py
[2023-06-16T09:59:28.089+0000] {logging_mixin.py:149} INFO - [2023-06-16T09:59:28.088+0000] {dag.py:2726} INFO - Sync 1 DAGs
[2023-06-16T09:59:30.430+0000] {logging_mixin.py:149} INFO - [2023-06-16T09:59:30.430+0000] {dag.py:3490} INFO - Setting next_dagrun for example_dynamic_task_mapping to 2022-03-04T00:00:00+00:00, run_after=2022-03-05T00:00:00+00:00
[2023-06-16T09:59:30.496+0000] {processor.py:179} INFO - Processing /home/airflow/.local/lib/python3.7/site-packages/airflow/example_dags/example_dynamic_task_mapping.py took 2.686 seconds
[2023-06-16T10:00:00.810+0000] {processor.py:157} INFO - Started process (PID=257) to work on /home/airflow/.local/lib/python3.7/site-packages/airflow/example_dags/example_dynamic_task_mapping.py
[2023-06-16T10:00:00.871+0000] {processor.py:826} INFO - Processing file /home/airflow/.local/lib/python3.7/site-packages/airflow/example_dags/example_dynamic_task_mapping.py for tasks to queue
[2023-06-16T10:00:00.872+0000] {logging_mixin.py:149} INFO - [2023-06-16T10:00:00.872+0000] {dagbag.py:541} INFO - Filling up the DagBag from /home/airflow/.local/lib/python3.7/site-packages/airflow/example_dags/example_dynamic_task_mapping.py
[2023-06-16T10:00:00.887+0000] {processor.py:836} INFO - DAG(s) dict_keys(['example_dynamic_task_mapping']) retrieved from /home/airflow/.local/lib/python3.7/site-packages/airflow/example_dags/example_dynamic_task_mapping.py
[2023-06-16T10:00:00.918+0000] {logging_mixin.py:149} INFO - [2023-06-16T10:00:00.918+0000] {dag.py:2726} INFO - Sync 1 DAGs
[2023-06-16T10:00:00.956+0000] {logging_mixin.py:149} INFO - [2023-06-16T10:00:00.956+0000] {dag.py:3490} INFO - Setting next_dagrun for example_dynamic_task_mapping to 2022-03-04T00:00:00+00:00, run_after=2022-03-05T00:00:00+00:00
[2023-06-16T10:00:01.130+0000] {processor.py:179} INFO - Processing /home/airflow/.local/lib/python3.7/site-packages/airflow/example_dags/example_dynamic_task_mapping.py took 0.325 seconds
[2023-06-16T10:00:31.280+0000] {processor.py:157} INFO - Started process (PID=324) to work on /home/airflow/.local/lib/python3.7/site-packages/airflow/example_dags/example_dynamic_task_mapping.py
[2023-06-16T10:00:31.281+0000] {processor.py:826} INFO - Processing file /home/airflow/.local/lib/python3.7/site-packages/airflow/example_dags/example_dynamic_task_mapping.py for tasks to queue
[2023-06-16T10:00:31.282+0000] {logging_mixin.py:149} INFO - [2023-06-16T10:00:31.282+0000] {dagbag.py:541} INFO - Filling up the DagBag from /home/airflow/.local/lib/python3.7/site-packages/airflow/example_dags/example_dynamic_task_mapping.py
[2023-06-16T10:00:31.290+0000] {processor.py:836} INFO - DAG(s) dict_keys(['example_dynamic_task_mapping']) retrieved from /home/airflow/.local/lib/python3.7/site-packages/airflow/example_dags/example_dynamic_task_mapping.py
[2023-06-16T10:00:31.328+0000] {logging_mixin.py:149} INFO - [2023-06-16T10:00:31.327+0000] {dag.py:2726} INFO - Sync 1 DAGs
[2023-06-16T10:00:31.596+0000] {logging_mixin.py:149} INFO - [2023-06-16T10:00:31.595+0000] {dag.py:3490} INFO - Setting next_dagrun for example_dynamic_task_mapping to 2022-03-04T00:00:00+00:00, run_after=2022-03-05T00:00:00+00:00
[2023-06-16T10:00:31.648+0000] {processor.py:179} INFO - Processing /home/airflow/.local/lib/python3.7/site-packages/airflow/example_dags/example_dynamic_task_mapping.py took 0.372 seconds
[2023-06-16T10:01:13.104+0000] {processor.py:157} INFO - Started process (PID=388) to work on /home/airflow/.local/lib/python3.7/site-packages/airflow/example_dags/example_dynamic_task_mapping.py
[2023-06-16T10:01:13.172+0000] {processor.py:826} INFO - Processing file /home/airflow/.local/lib/python3.7/site-packages/airflow/example_dags/example_dynamic_task_mapping.py for tasks to queue
[2023-06-16T10:01:13.176+0000] {logging_mixin.py:149} INFO - [2023-06-16T10:01:13.175+0000] {dagbag.py:541} INFO - Filling up the DagBag from /home/airflow/.local/lib/python3.7/site-packages/airflow/example_dags/example_dynamic_task_mapping.py
[2023-06-16T10:01:13.285+0000] {processor.py:836} INFO - DAG(s) dict_keys(['example_dynamic_task_mapping']) retrieved from /home/airflow/.local/lib/python3.7/site-packages/airflow/example_dags/example_dynamic_task_mapping.py
[2023-06-16T10:01:13.330+0000] {logging_mixin.py:149} INFO - [2023-06-16T10:01:13.330+0000] {dag.py:2726} INFO - Sync 1 DAGs
[2023-06-16T10:01:13.369+0000] {logging_mixin.py:149} INFO - [2023-06-16T10:01:13.368+0000] {dag.py:3490} INFO - Setting next_dagrun for example_dynamic_task_mapping to 2022-03-04T00:00:00+00:00, run_after=2022-03-05T00:00:00+00:00
[2023-06-16T10:01:13.457+0000] {processor.py:179} INFO - Processing /home/airflow/.local/lib/python3.7/site-packages/airflow/example_dags/example_dynamic_task_mapping.py took 0.359 seconds
[2023-06-16T10:01:44.052+0000] {processor.py:157} INFO - Started process (PID=456) to work on /home/airflow/.local/lib/python3.7/site-packages/airflow/example_dags/example_dynamic_task_mapping.py
[2023-06-16T10:01:44.098+0000] {processor.py:826} INFO - Processing file /home/airflow/.local/lib/python3.7/site-packages/airflow/example_dags/example_dynamic_task_mapping.py for tasks to queue
[2023-06-16T10:01:44.099+0000] {logging_mixin.py:149} INFO - [2023-06-16T10:01:44.099+0000] {dagbag.py:541} INFO - Filling up the DagBag from /home/airflow/.local/lib/python3.7/site-packages/airflow/example_dags/example_dynamic_task_mapping.py
[2023-06-16T10:01:44.124+0000] {processor.py:836} INFO - DAG(s) dict_keys(['example_dynamic_task_mapping']) retrieved from /home/airflow/.local/lib/python3.7/site-packages/airflow/example_dags/example_dynamic_task_mapping.py
[2023-06-16T10:01:44.189+0000] {logging_mixin.py:149} INFO - [2023-06-16T10:01:44.189+0000] {dag.py:2726} INFO - Sync 1 DAGs
[2023-06-16T10:01:44.265+0000] {logging_mixin.py:149} INFO - [2023-06-16T10:01:44.265+0000] {dag.py:3490} INFO - Setting next_dagrun for example_dynamic_task_mapping to 2022-03-04T00:00:00+00:00, run_after=2022-03-05T00:00:00+00:00
[2023-06-16T10:01:44.436+0000] {processor.py:179} INFO - Processing /home/airflow/.local/lib/python3.7/site-packages/airflow/example_dags/example_dynamic_task_mapping.py took 0.388 seconds
[2023-06-16T10:02:15.547+0000] {processor.py:157} INFO - Started process (PID=524) to work on /home/airflow/.local/lib/python3.7/site-packages/airflow/example_dags/example_dynamic_task_mapping.py
[2023-06-16T10:02:15.697+0000] {processor.py:826} INFO - Processing file /home/airflow/.local/lib/python3.7/site-packages/airflow/example_dags/example_dynamic_task_mapping.py for tasks to queue
[2023-06-16T10:02:15.698+0000] {logging_mixin.py:149} INFO - [2023-06-16T10:02:15.698+0000] {dagbag.py:541} INFO - Filling up the DagBag from /home/airflow/.local/lib/python3.7/site-packages/airflow/example_dags/example_dynamic_task_mapping.py
[2023-06-16T10:02:15.716+0000] {processor.py:836} INFO - DAG(s) dict_keys(['example_dynamic_task_mapping']) retrieved from /home/airflow/.local/lib/python3.7/site-packages/airflow/example_dags/example_dynamic_task_mapping.py
[2023-06-16T10:02:15.767+0000] {logging_mixin.py:149} INFO - [2023-06-16T10:02:15.766+0000] {dag.py:2726} INFO - Sync 1 DAGs
[2023-06-16T10:02:15.829+0000] {logging_mixin.py:149} INFO - [2023-06-16T10:02:15.829+0000] {dag.py:3490} INFO - Setting next_dagrun for example_dynamic_task_mapping to 2022-03-04T00:00:00+00:00, run_after=2022-03-05T00:00:00+00:00
[2023-06-16T10:02:15.973+0000] {processor.py:179} INFO - Processing /home/airflow/.local/lib/python3.7/site-packages/airflow/example_dags/example_dynamic_task_mapping.py took 0.431 seconds
[2023-06-16T10:03:08.820+0000] {processor.py:157} INFO - Started process (PID=588) to work on /home/airflow/.local/lib/python3.7/site-packages/airflow/example_dags/example_dynamic_task_mapping.py
[2023-06-16T10:03:08.909+0000] {processor.py:826} INFO - Processing file /home/airflow/.local/lib/python3.7/site-packages/airflow/example_dags/example_dynamic_task_mapping.py for tasks to queue
[2023-06-16T10:03:08.913+0000] {logging_mixin.py:149} INFO - [2023-06-16T10:03:08.912+0000] {dagbag.py:541} INFO - Filling up the DagBag from /home/airflow/.local/lib/python3.7/site-packages/airflow/example_dags/example_dynamic_task_mapping.py
[2023-06-16T10:03:08.934+0000] {processor.py:836} INFO - DAG(s) dict_keys(['example_dynamic_task_mapping']) retrieved from /home/airflow/.local/lib/python3.7/site-packages/airflow/example_dags/example_dynamic_task_mapping.py
[2023-06-16T10:03:08.987+0000] {logging_mixin.py:149} INFO - [2023-06-16T10:03:08.987+0000] {dag.py:2726} INFO - Sync 1 DAGs
[2023-06-16T10:03:09.055+0000] {logging_mixin.py:149} INFO - [2023-06-16T10:03:09.055+0000] {dag.py:3490} INFO - Setting next_dagrun for example_dynamic_task_mapping to 2022-03-04T00:00:00+00:00, run_after=2022-03-05T00:00:00+00:00
[2023-06-16T10:03:09.473+0000] {processor.py:179} INFO - Processing /home/airflow/.local/lib/python3.7/site-packages/airflow/example_dags/example_dynamic_task_mapping.py took 0.667 seconds
[2023-06-16T10:03:47.353+0000] {processor.py:157} INFO - Started process (PID=637) to work on /home/airflow/.local/lib/python3.7/site-packages/airflow/example_dags/example_dynamic_task_mapping.py
[2023-06-16T10:03:47.458+0000] {processor.py:826} INFO - Processing file /home/airflow/.local/lib/python3.7/site-packages/airflow/example_dags/example_dynamic_task_mapping.py for tasks to queue
[2023-06-16T10:03:47.459+0000] {logging_mixin.py:149} INFO - [2023-06-16T10:03:47.459+0000] {dagbag.py:541} INFO - Filling up the DagBag from /home/airflow/.local/lib/python3.7/site-packages/airflow/example_dags/example_dynamic_task_mapping.py
[2023-06-16T10:03:47.678+0000] {processor.py:836} INFO - DAG(s) dict_keys(['example_dynamic_task_mapping']) retrieved from /home/airflow/.local/lib/python3.7/site-packages/airflow/example_dags/example_dynamic_task_mapping.py
[2023-06-16T10:03:47.792+0000] {logging_mixin.py:149} INFO - [2023-06-16T10:03:47.792+0000] {dag.py:2726} INFO - Sync 1 DAGs
[2023-06-16T10:03:51.795+0000] {logging_mixin.py:149} INFO - [2023-06-16T10:03:51.794+0000] {dag.py:3490} INFO - Setting next_dagrun for example_dynamic_task_mapping to 2022-03-04T00:00:00+00:00, run_after=2022-03-05T00:00:00+00:00
[2023-06-16T10:03:52.743+0000] {processor.py:179} INFO - Processing /home/airflow/.local/lib/python3.7/site-packages/airflow/example_dags/example_dynamic_task_mapping.py took 5.396 seconds
[2023-06-16T10:06:05.464+0000] {processor.py:157} INFO - Started process (PID=732) to work on /home/airflow/.local/lib/python3.7/site-packages/airflow/example_dags/example_dynamic_task_mapping.py
[2023-06-16T10:06:05.583+0000] {processor.py:826} INFO - Processing file /home/airflow/.local/lib/python3.7/site-packages/airflow/example_dags/example_dynamic_task_mapping.py for tasks to queue
[2023-06-16T10:06:05.586+0000] {logging_mixin.py:149} INFO - [2023-06-16T10:06:05.585+0000] {dagbag.py:541} INFO - Filling up the DagBag from /home/airflow/.local/lib/python3.7/site-packages/airflow/example_dags/example_dynamic_task_mapping.py
[2023-06-16T10:06:05.727+0000] {processor.py:836} INFO - DAG(s) dict_keys(['example_dynamic_task_mapping']) retrieved from /home/airflow/.local/lib/python3.7/site-packages/airflow/example_dags/example_dynamic_task_mapping.py
[2023-06-16T10:06:05.767+0000] {logging_mixin.py:149} INFO - [2023-06-16T10:06:05.767+0000] {dag.py:2726} INFO - Sync 1 DAGs
[2023-06-16T10:06:05.812+0000] {logging_mixin.py:149} INFO - [2023-06-16T10:06:05.812+0000] {dag.py:3490} INFO - Setting next_dagrun for example_dynamic_task_mapping to 2022-03-04T00:00:00+00:00, run_after=2022-03-05T00:00:00+00:00
[2023-06-16T10:06:06.014+0000] {processor.py:179} INFO - Processing /home/airflow/.local/lib/python3.7/site-packages/airflow/example_dags/example_dynamic_task_mapping.py took 0.556 seconds
[2023-06-16T10:06:36.188+0000] {processor.py:157} INFO - Started process (PID=799) to work on /home/airflow/.local/lib/python3.7/site-packages/airflow/example_dags/example_dynamic_task_mapping.py
[2023-06-16T10:06:36.189+0000] {processor.py:826} INFO - Processing file /home/airflow/.local/lib/python3.7/site-packages/airflow/example_dags/example_dynamic_task_mapping.py for tasks to queue
[2023-06-16T10:06:36.190+0000] {logging_mixin.py:149} INFO - [2023-06-16T10:06:36.190+0000] {dagbag.py:541} INFO - Filling up the DagBag from /home/airflow/.local/lib/python3.7/site-packages/airflow/example_dags/example_dynamic_task_mapping.py
[2023-06-16T10:06:36.203+0000] {processor.py:836} INFO - DAG(s) dict_keys(['example_dynamic_task_mapping']) retrieved from /home/airflow/.local/lib/python3.7/site-packages/airflow/example_dags/example_dynamic_task_mapping.py
[2023-06-16T10:06:36.232+0000] {logging_mixin.py:149} INFO - [2023-06-16T10:06:36.232+0000] {dag.py:2726} INFO - Sync 1 DAGs
[2023-06-16T10:06:36.265+0000] {logging_mixin.py:149} INFO - [2023-06-16T10:06:36.265+0000] {dag.py:3490} INFO - Setting next_dagrun for example_dynamic_task_mapping to 2022-03-04T00:00:00+00:00, run_after=2022-03-05T00:00:00+00:00
[2023-06-16T10:06:36.405+0000] {processor.py:179} INFO - Processing /home/airflow/.local/lib/python3.7/site-packages/airflow/example_dags/example_dynamic_task_mapping.py took 0.223 seconds
[2023-06-16T10:07:55.493+0000] {processor.py:157} INFO - Started process (PID=876) to work on /home/airflow/.local/lib/python3.7/site-packages/airflow/example_dags/example_dynamic_task_mapping.py
[2023-06-16T10:07:55.747+0000] {processor.py:826} INFO - Processing file /home/airflow/.local/lib/python3.7/site-packages/airflow/example_dags/example_dynamic_task_mapping.py for tasks to queue
[2023-06-16T10:07:55.751+0000] {logging_mixin.py:149} INFO - [2023-06-16T10:07:55.750+0000] {dagbag.py:541} INFO - Filling up the DagBag from /home/airflow/.local/lib/python3.7/site-packages/airflow/example_dags/example_dynamic_task_mapping.py
[2023-06-16T10:07:56.051+0000] {processor.py:836} INFO - DAG(s) dict_keys(['example_dynamic_task_mapping']) retrieved from /home/airflow/.local/lib/python3.7/site-packages/airflow/example_dags/example_dynamic_task_mapping.py
[2023-06-16T10:07:56.096+0000] {logging_mixin.py:149} INFO - [2023-06-16T10:07:56.096+0000] {dag.py:2726} INFO - Sync 1 DAGs
[2023-06-16T10:07:56.255+0000] {logging_mixin.py:149} INFO - [2023-06-16T10:07:56.255+0000] {dag.py:3490} INFO - Setting next_dagrun for example_dynamic_task_mapping to 2022-03-04T00:00:00+00:00, run_after=2022-03-05T00:00:00+00:00
[2023-06-16T10:07:56.569+0000] {processor.py:179} INFO - Processing /home/airflow/.local/lib/python3.7/site-packages/airflow/example_dags/example_dynamic_task_mapping.py took 1.094 seconds
[2023-06-16T10:08:56.832+0000] {processor.py:157} INFO - Started process (PID=945) to work on /home/airflow/.local/lib/python3.7/site-packages/airflow/example_dags/example_dynamic_task_mapping.py
[2023-06-16T10:08:57.004+0000] {processor.py:826} INFO - Processing file /home/airflow/.local/lib/python3.7/site-packages/airflow/example_dags/example_dynamic_task_mapping.py for tasks to queue
[2023-06-16T10:08:57.006+0000] {logging_mixin.py:149} INFO - [2023-06-16T10:08:57.006+0000] {dagbag.py:541} INFO - Filling up the DagBag from /home/airflow/.local/lib/python3.7/site-packages/airflow/example_dags/example_dynamic_task_mapping.py
[2023-06-16T10:08:57.037+0000] {processor.py:836} INFO - DAG(s) dict_keys(['example_dynamic_task_mapping']) retrieved from /home/airflow/.local/lib/python3.7/site-packages/airflow/example_dags/example_dynamic_task_mapping.py
[2023-06-16T10:08:57.080+0000] {logging_mixin.py:149} INFO - [2023-06-16T10:08:57.079+0000] {dag.py:2726} INFO - Sync 1 DAGs
[2023-06-16T10:08:57.116+0000] {logging_mixin.py:149} INFO - [2023-06-16T10:08:57.116+0000] {dag.py:3490} INFO - Setting next_dagrun for example_dynamic_task_mapping to 2022-03-04T00:00:00+00:00, run_after=2022-03-05T00:00:00+00:00
[2023-06-16T10:08:57.379+0000] {processor.py:179} INFO - Processing /home/airflow/.local/lib/python3.7/site-packages/airflow/example_dags/example_dynamic_task_mapping.py took 0.555 seconds
[2023-06-16T10:14:00.363+0000] {processor.py:157} INFO - Started process (PID=67) to work on /home/airflow/.local/lib/python3.7/site-packages/airflow/example_dags/example_dynamic_task_mapping.py
[2023-06-16T10:14:00.479+0000] {processor.py:826} INFO - Processing file /home/airflow/.local/lib/python3.7/site-packages/airflow/example_dags/example_dynamic_task_mapping.py for tasks to queue
[2023-06-16T10:14:00.480+0000] {logging_mixin.py:149} INFO - [2023-06-16T10:14:00.479+0000] {dagbag.py:541} INFO - Filling up the DagBag from /home/airflow/.local/lib/python3.7/site-packages/airflow/example_dags/example_dynamic_task_mapping.py
[2023-06-16T10:14:00.531+0000] {processor.py:836} INFO - DAG(s) dict_keys(['example_dynamic_task_mapping']) retrieved from /home/airflow/.local/lib/python3.7/site-packages/airflow/example_dags/example_dynamic_task_mapping.py
[2023-06-16T10:14:00.583+0000] {logging_mixin.py:149} INFO - [2023-06-16T10:14:00.583+0000] {dag.py:2726} INFO - Sync 1 DAGs
[2023-06-16T10:14:00.631+0000] {logging_mixin.py:149} INFO - [2023-06-16T10:14:00.630+0000] {dag.py:3490} INFO - Setting next_dagrun for example_dynamic_task_mapping to 2022-03-04T00:00:00+00:00, run_after=2022-03-05T00:00:00+00:00
[2023-06-16T10:14:00.704+0000] {processor.py:179} INFO - Processing /home/airflow/.local/lib/python3.7/site-packages/airflow/example_dags/example_dynamic_task_mapping.py took 0.345 seconds
[2023-06-16T10:14:30.794+0000] {processor.py:157} INFO - Started process (PID=123) to work on /home/airflow/.local/lib/python3.7/site-packages/airflow/example_dags/example_dynamic_task_mapping.py
[2023-06-16T10:14:30.858+0000] {processor.py:826} INFO - Processing file /home/airflow/.local/lib/python3.7/site-packages/airflow/example_dags/example_dynamic_task_mapping.py for tasks to queue
[2023-06-16T10:14:30.860+0000] {logging_mixin.py:149} INFO - [2023-06-16T10:14:30.860+0000] {dagbag.py:541} INFO - Filling up the DagBag from /home/airflow/.local/lib/python3.7/site-packages/airflow/example_dags/example_dynamic_task_mapping.py
[2023-06-16T10:14:30.872+0000] {processor.py:836} INFO - DAG(s) dict_keys(['example_dynamic_task_mapping']) retrieved from /home/airflow/.local/lib/python3.7/site-packages/airflow/example_dags/example_dynamic_task_mapping.py
[2023-06-16T10:14:30.983+0000] {logging_mixin.py:149} INFO - [2023-06-16T10:14:30.983+0000] {dag.py:2726} INFO - Sync 1 DAGs
[2023-06-16T10:14:31.039+0000] {logging_mixin.py:149} INFO - [2023-06-16T10:14:31.039+0000] {dag.py:3490} INFO - Setting next_dagrun for example_dynamic_task_mapping to 2022-03-04T00:00:00+00:00, run_after=2022-03-05T00:00:00+00:00
[2023-06-16T10:14:31.185+0000] {processor.py:179} INFO - Processing /home/airflow/.local/lib/python3.7/site-packages/airflow/example_dags/example_dynamic_task_mapping.py took 0.395 seconds
[2023-06-16T10:15:01.536+0000] {processor.py:157} INFO - Started process (PID=191) to work on /home/airflow/.local/lib/python3.7/site-packages/airflow/example_dags/example_dynamic_task_mapping.py
[2023-06-16T10:15:01.547+0000] {processor.py:826} INFO - Processing file /home/airflow/.local/lib/python3.7/site-packages/airflow/example_dags/example_dynamic_task_mapping.py for tasks to queue
[2023-06-16T10:15:01.548+0000] {logging_mixin.py:149} INFO - [2023-06-16T10:15:01.548+0000] {dagbag.py:541} INFO - Filling up the DagBag from /home/airflow/.local/lib/python3.7/site-packages/airflow/example_dags/example_dynamic_task_mapping.py
[2023-06-16T10:15:01.556+0000] {processor.py:836} INFO - DAG(s) dict_keys(['example_dynamic_task_mapping']) retrieved from /home/airflow/.local/lib/python3.7/site-packages/airflow/example_dags/example_dynamic_task_mapping.py
[2023-06-16T10:15:01.720+0000] {logging_mixin.py:149} INFO - [2023-06-16T10:15:01.720+0000] {dag.py:2726} INFO - Sync 1 DAGs
[2023-06-16T10:15:01.757+0000] {logging_mixin.py:149} INFO - [2023-06-16T10:15:01.757+0000] {dag.py:3490} INFO - Setting next_dagrun for example_dynamic_task_mapping to 2022-03-04T00:00:00+00:00, run_after=2022-03-05T00:00:00+00:00
[2023-06-16T10:15:01.824+0000] {processor.py:179} INFO - Processing /home/airflow/.local/lib/python3.7/site-packages/airflow/example_dags/example_dynamic_task_mapping.py took 0.294 seconds
[2023-06-16T10:15:32.467+0000] {processor.py:157} INFO - Started process (PID=260) to work on /home/airflow/.local/lib/python3.7/site-packages/airflow/example_dags/example_dynamic_task_mapping.py
[2023-06-16T10:15:32.468+0000] {processor.py:826} INFO - Processing file /home/airflow/.local/lib/python3.7/site-packages/airflow/example_dags/example_dynamic_task_mapping.py for tasks to queue
[2023-06-16T10:15:32.468+0000] {logging_mixin.py:149} INFO - [2023-06-16T10:15:32.468+0000] {dagbag.py:541} INFO - Filling up the DagBag from /home/airflow/.local/lib/python3.7/site-packages/airflow/example_dags/example_dynamic_task_mapping.py
[2023-06-16T10:15:32.477+0000] {processor.py:836} INFO - DAG(s) dict_keys(['example_dynamic_task_mapping']) retrieved from /home/airflow/.local/lib/python3.7/site-packages/airflow/example_dags/example_dynamic_task_mapping.py
[2023-06-16T10:15:32.508+0000] {logging_mixin.py:149} INFO - [2023-06-16T10:15:32.508+0000] {dag.py:2726} INFO - Sync 1 DAGs
[2023-06-16T10:15:32.544+0000] {logging_mixin.py:149} INFO - [2023-06-16T10:15:32.543+0000] {dag.py:3490} INFO - Setting next_dagrun for example_dynamic_task_mapping to 2022-03-04T00:00:00+00:00, run_after=2022-03-05T00:00:00+00:00
[2023-06-16T10:15:32.689+0000] {processor.py:179} INFO - Processing /home/airflow/.local/lib/python3.7/site-packages/airflow/example_dags/example_dynamic_task_mapping.py took 0.226 seconds
[2023-06-16T10:16:03.273+0000] {processor.py:157} INFO - Started process (PID=328) to work on /home/airflow/.local/lib/python3.7/site-packages/airflow/example_dags/example_dynamic_task_mapping.py
[2023-06-16T10:16:03.299+0000] {processor.py:826} INFO - Processing file /home/airflow/.local/lib/python3.7/site-packages/airflow/example_dags/example_dynamic_task_mapping.py for tasks to queue
[2023-06-16T10:16:03.300+0000] {logging_mixin.py:149} INFO - [2023-06-16T10:16:03.300+0000] {dagbag.py:541} INFO - Filling up the DagBag from /home/airflow/.local/lib/python3.7/site-packages/airflow/example_dags/example_dynamic_task_mapping.py
[2023-06-16T10:16:03.311+0000] {processor.py:836} INFO - DAG(s) dict_keys(['example_dynamic_task_mapping']) retrieved from /home/airflow/.local/lib/python3.7/site-packages/airflow/example_dags/example_dynamic_task_mapping.py
[2023-06-16T10:16:03.342+0000] {logging_mixin.py:149} INFO - [2023-06-16T10:16:03.341+0000] {dag.py:2726} INFO - Sync 1 DAGs
[2023-06-16T10:16:03.377+0000] {logging_mixin.py:149} INFO - [2023-06-16T10:16:03.377+0000] {dag.py:3490} INFO - Setting next_dagrun for example_dynamic_task_mapping to 2022-03-04T00:00:00+00:00, run_after=2022-03-05T00:00:00+00:00
[2023-06-16T10:16:03.415+0000] {processor.py:179} INFO - Processing /home/airflow/.local/lib/python3.7/site-packages/airflow/example_dags/example_dynamic_task_mapping.py took 0.146 seconds
[2023-06-16T10:16:33.842+0000] {processor.py:157} INFO - Started process (PID=396) to work on /home/airflow/.local/lib/python3.7/site-packages/airflow/example_dags/example_dynamic_task_mapping.py
[2023-06-16T10:16:33.865+0000] {processor.py:826} INFO - Processing file /home/airflow/.local/lib/python3.7/site-packages/airflow/example_dags/example_dynamic_task_mapping.py for tasks to queue
[2023-06-16T10:16:33.866+0000] {logging_mixin.py:149} INFO - [2023-06-16T10:16:33.866+0000] {dagbag.py:541} INFO - Filling up the DagBag from /home/airflow/.local/lib/python3.7/site-packages/airflow/example_dags/example_dynamic_task_mapping.py
[2023-06-16T10:16:33.879+0000] {processor.py:836} INFO - DAG(s) dict_keys(['example_dynamic_task_mapping']) retrieved from /home/airflow/.local/lib/python3.7/site-packages/airflow/example_dags/example_dynamic_task_mapping.py
[2023-06-16T10:16:33.930+0000] {logging_mixin.py:149} INFO - [2023-06-16T10:16:33.930+0000] {dag.py:2726} INFO - Sync 1 DAGs
[2023-06-16T10:16:33.988+0000] {logging_mixin.py:149} INFO - [2023-06-16T10:16:33.987+0000] {dag.py:3490} INFO - Setting next_dagrun for example_dynamic_task_mapping to 2022-03-04T00:00:00+00:00, run_after=2022-03-05T00:00:00+00:00
[2023-06-16T10:16:34.054+0000] {processor.py:179} INFO - Processing /home/airflow/.local/lib/python3.7/site-packages/airflow/example_dags/example_dynamic_task_mapping.py took 0.218 seconds
[2023-06-16T10:17:05.792+0000] {processor.py:157} INFO - Started process (PID=464) to work on /home/airflow/.local/lib/python3.7/site-packages/airflow/example_dags/example_dynamic_task_mapping.py
[2023-06-16T10:17:05.944+0000] {processor.py:826} INFO - Processing file /home/airflow/.local/lib/python3.7/site-packages/airflow/example_dags/example_dynamic_task_mapping.py for tasks to queue
[2023-06-16T10:17:05.947+0000] {logging_mixin.py:149} INFO - [2023-06-16T10:17:05.947+0000] {dagbag.py:541} INFO - Filling up the DagBag from /home/airflow/.local/lib/python3.7/site-packages/airflow/example_dags/example_dynamic_task_mapping.py
[2023-06-16T10:17:05.977+0000] {processor.py:836} INFO - DAG(s) dict_keys(['example_dynamic_task_mapping']) retrieved from /home/airflow/.local/lib/python3.7/site-packages/airflow/example_dags/example_dynamic_task_mapping.py
[2023-06-16T10:17:06.020+0000] {logging_mixin.py:149} INFO - [2023-06-16T10:17:06.019+0000] {dag.py:2726} INFO - Sync 1 DAGs
[2023-06-16T10:17:06.072+0000] {logging_mixin.py:149} INFO - [2023-06-16T10:17:06.071+0000] {dag.py:3490} INFO - Setting next_dagrun for example_dynamic_task_mapping to 2022-03-04T00:00:00+00:00, run_after=2022-03-05T00:00:00+00:00
[2023-06-16T10:17:06.234+0000] {processor.py:179} INFO - Processing /home/airflow/.local/lib/python3.7/site-packages/airflow/example_dags/example_dynamic_task_mapping.py took 0.447 seconds
[2023-06-16T10:17:38.298+0000] {processor.py:157} INFO - Started process (PID=526) to work on /home/airflow/.local/lib/python3.7/site-packages/airflow/example_dags/example_dynamic_task_mapping.py
[2023-06-16T10:17:38.549+0000] {processor.py:826} INFO - Processing file /home/airflow/.local/lib/python3.7/site-packages/airflow/example_dags/example_dynamic_task_mapping.py for tasks to queue
[2023-06-16T10:17:38.551+0000] {logging_mixin.py:149} INFO - [2023-06-16T10:17:38.551+0000] {dagbag.py:541} INFO - Filling up the DagBag from /home/airflow/.local/lib/python3.7/site-packages/airflow/example_dags/example_dynamic_task_mapping.py
[2023-06-16T10:17:38.563+0000] {processor.py:836} INFO - DAG(s) dict_keys(['example_dynamic_task_mapping']) retrieved from /home/airflow/.local/lib/python3.7/site-packages/airflow/example_dags/example_dynamic_task_mapping.py
[2023-06-16T10:17:38.597+0000] {logging_mixin.py:149} INFO - [2023-06-16T10:17:38.597+0000] {dag.py:2726} INFO - Sync 1 DAGs
[2023-06-16T10:17:38.631+0000] {logging_mixin.py:149} INFO - [2023-06-16T10:17:38.630+0000] {dag.py:3490} INFO - Setting next_dagrun for example_dynamic_task_mapping to 2022-03-04T00:00:00+00:00, run_after=2022-03-05T00:00:00+00:00
[2023-06-16T10:17:38.886+0000] {processor.py:179} INFO - Processing /home/airflow/.local/lib/python3.7/site-packages/airflow/example_dags/example_dynamic_task_mapping.py took 0.592 seconds
[2023-06-16T10:18:17.244+0000] {processor.py:157} INFO - Started process (PID=581) to work on /home/airflow/.local/lib/python3.7/site-packages/airflow/example_dags/example_dynamic_task_mapping.py
[2023-06-16T10:18:17.333+0000] {processor.py:826} INFO - Processing file /home/airflow/.local/lib/python3.7/site-packages/airflow/example_dags/example_dynamic_task_mapping.py for tasks to queue
[2023-06-16T10:18:17.334+0000] {logging_mixin.py:149} INFO - [2023-06-16T10:18:17.334+0000] {dagbag.py:541} INFO - Filling up the DagBag from /home/airflow/.local/lib/python3.7/site-packages/airflow/example_dags/example_dynamic_task_mapping.py
[2023-06-16T10:18:17.378+0000] {processor.py:836} INFO - DAG(s) dict_keys(['example_dynamic_task_mapping']) retrieved from /home/airflow/.local/lib/python3.7/site-packages/airflow/example_dags/example_dynamic_task_mapping.py
[2023-06-16T10:18:17.407+0000] {logging_mixin.py:149} INFO - [2023-06-16T10:18:17.407+0000] {dag.py:2726} INFO - Sync 1 DAGs
[2023-06-16T10:18:17.447+0000] {logging_mixin.py:149} INFO - [2023-06-16T10:18:17.447+0000] {dag.py:3490} INFO - Setting next_dagrun for example_dynamic_task_mapping to 2022-03-04T00:00:00+00:00, run_after=2022-03-05T00:00:00+00:00
[2023-06-16T10:18:17.585+0000] {processor.py:179} INFO - Processing /home/airflow/.local/lib/python3.7/site-packages/airflow/example_dags/example_dynamic_task_mapping.py took 0.346 seconds
[2023-06-16T10:18:48.442+0000] {processor.py:157} INFO - Started process (PID=649) to work on /home/airflow/.local/lib/python3.7/site-packages/airflow/example_dags/example_dynamic_task_mapping.py
[2023-06-16T10:18:48.444+0000] {processor.py:826} INFO - Processing file /home/airflow/.local/lib/python3.7/site-packages/airflow/example_dags/example_dynamic_task_mapping.py for tasks to queue
[2023-06-16T10:18:48.444+0000] {logging_mixin.py:149} INFO - [2023-06-16T10:18:48.444+0000] {dagbag.py:541} INFO - Filling up the DagBag from /home/airflow/.local/lib/python3.7/site-packages/airflow/example_dags/example_dynamic_task_mapping.py
[2023-06-16T10:18:48.453+0000] {processor.py:836} INFO - DAG(s) dict_keys(['example_dynamic_task_mapping']) retrieved from /home/airflow/.local/lib/python3.7/site-packages/airflow/example_dags/example_dynamic_task_mapping.py
[2023-06-16T10:18:48.491+0000] {logging_mixin.py:149} INFO - [2023-06-16T10:18:48.490+0000] {dag.py:2726} INFO - Sync 1 DAGs
[2023-06-16T10:18:48.527+0000] {logging_mixin.py:149} INFO - [2023-06-16T10:18:48.527+0000] {dag.py:3490} INFO - Setting next_dagrun for example_dynamic_task_mapping to 2022-03-04T00:00:00+00:00, run_after=2022-03-05T00:00:00+00:00
[2023-06-16T10:18:48.561+0000] {processor.py:179} INFO - Processing /home/airflow/.local/lib/python3.7/site-packages/airflow/example_dags/example_dynamic_task_mapping.py took 0.123 seconds
[2023-06-16T10:19:18.793+0000] {processor.py:157} INFO - Started process (PID=717) to work on /home/airflow/.local/lib/python3.7/site-packages/airflow/example_dags/example_dynamic_task_mapping.py
[2023-06-16T10:19:18.794+0000] {processor.py:826} INFO - Processing file /home/airflow/.local/lib/python3.7/site-packages/airflow/example_dags/example_dynamic_task_mapping.py for tasks to queue
[2023-06-16T10:19:18.795+0000] {logging_mixin.py:149} INFO - [2023-06-16T10:19:18.795+0000] {dagbag.py:541} INFO - Filling up the DagBag from /home/airflow/.local/lib/python3.7/site-packages/airflow/example_dags/example_dynamic_task_mapping.py
[2023-06-16T10:19:18.804+0000] {processor.py:836} INFO - DAG(s) dict_keys(['example_dynamic_task_mapping']) retrieved from /home/airflow/.local/lib/python3.7/site-packages/airflow/example_dags/example_dynamic_task_mapping.py
[2023-06-16T10:19:18.839+0000] {logging_mixin.py:149} INFO - [2023-06-16T10:19:18.838+0000] {dag.py:2726} INFO - Sync 1 DAGs
[2023-06-16T10:19:18.875+0000] {logging_mixin.py:149} INFO - [2023-06-16T10:19:18.875+0000] {dag.py:3490} INFO - Setting next_dagrun for example_dynamic_task_mapping to 2022-03-04T00:00:00+00:00, run_after=2022-03-05T00:00:00+00:00
[2023-06-16T10:19:18.905+0000] {processor.py:179} INFO - Processing /home/airflow/.local/lib/python3.7/site-packages/airflow/example_dags/example_dynamic_task_mapping.py took 0.117 seconds
