[2023-06-16T00:39:52.164+0000] {processor.py:157} INFO - Started process (PID=101) to work on /home/airflow/.local/lib/python3.7/site-packages/airflow/example_dags/example_dag_decorator.py
[2023-06-16T00:39:52.166+0000] {processor.py:826} INFO - Processing file /home/airflow/.local/lib/python3.7/site-packages/airflow/example_dags/example_dag_decorator.py for tasks to queue
[2023-06-16T00:39:52.168+0000] {logging_mixin.py:149} INFO - [2023-06-16T00:39:52.168+0000] {dagbag.py:541} INFO - Filling up the DagBag from /home/airflow/.local/lib/python3.7/site-packages/airflow/example_dags/example_dag_decorator.py
[2023-06-16T00:39:52.180+0000] {logging_mixin.py:149} INFO - [2023-06-16T00:39:52.180+0000] {taskmixin.py:211} WARNING - Dependency <Task(_PythonDecoratedOperator): prepare_email>, send_email already registered for DAG: example_dag_decorator
[2023-06-16T00:39:52.181+0000] {logging_mixin.py:149} INFO - [2023-06-16T00:39:52.180+0000] {taskmixin.py:211} WARNING - Dependency <Task(EmailOperator): send_email>, prepare_email already registered for DAG: example_dag_decorator
[2023-06-16T00:39:52.239+0000] {processor.py:836} INFO - DAG(s) dict_keys(['example_dag_decorator']) retrieved from /home/airflow/.local/lib/python3.7/site-packages/airflow/example_dags/example_dag_decorator.py
[2023-06-16T00:39:52.336+0000] {logging_mixin.py:149} INFO - [2023-06-16T00:39:52.336+0000] {dag.py:2726} INFO - Sync 1 DAGs
[2023-06-16T00:39:52.373+0000] {logging_mixin.py:149} INFO - [2023-06-16T00:39:52.373+0000] {dag.py:3490} INFO - Setting next_dagrun for example_dag_decorator to None, run_after=None
[2023-06-16T00:39:52.778+0000] {processor.py:179} INFO - Processing /home/airflow/.local/lib/python3.7/site-packages/airflow/example_dags/example_dag_decorator.py took 0.627 seconds
[2023-06-16T00:40:24.545+0000] {processor.py:157} INFO - Started process (PID=169) to work on /home/airflow/.local/lib/python3.7/site-packages/airflow/example_dags/example_dag_decorator.py
[2023-06-16T00:40:24.546+0000] {processor.py:826} INFO - Processing file /home/airflow/.local/lib/python3.7/site-packages/airflow/example_dags/example_dag_decorator.py for tasks to queue
[2023-06-16T00:40:24.546+0000] {logging_mixin.py:149} INFO - [2023-06-16T00:40:24.546+0000] {dagbag.py:541} INFO - Filling up the DagBag from /home/airflow/.local/lib/python3.7/site-packages/airflow/example_dags/example_dag_decorator.py
[2023-06-16T00:40:24.554+0000] {logging_mixin.py:149} INFO - [2023-06-16T00:40:24.554+0000] {taskmixin.py:211} WARNING - Dependency <Task(_PythonDecoratedOperator): prepare_email>, send_email already registered for DAG: example_dag_decorator
[2023-06-16T00:40:24.554+0000] {logging_mixin.py:149} INFO - [2023-06-16T00:40:24.554+0000] {taskmixin.py:211} WARNING - Dependency <Task(EmailOperator): send_email>, prepare_email already registered for DAG: example_dag_decorator
[2023-06-16T00:40:24.564+0000] {processor.py:836} INFO - DAG(s) dict_keys(['example_dag_decorator']) retrieved from /home/airflow/.local/lib/python3.7/site-packages/airflow/example_dags/example_dag_decorator.py
[2023-06-16T00:40:24.863+0000] {logging_mixin.py:149} INFO - [2023-06-16T00:40:24.862+0000] {dag.py:2726} INFO - Sync 1 DAGs
[2023-06-16T00:40:24.916+0000] {logging_mixin.py:149} INFO - [2023-06-16T00:40:24.916+0000] {dag.py:3490} INFO - Setting next_dagrun for example_dag_decorator to None, run_after=None
[2023-06-16T00:40:25.061+0000] {processor.py:179} INFO - Processing /home/airflow/.local/lib/python3.7/site-packages/airflow/example_dags/example_dag_decorator.py took 0.522 seconds
[2023-06-16T00:42:05.791+0000] {processor.py:157} INFO - Started process (PID=227) to work on /home/airflow/.local/lib/python3.7/site-packages/airflow/example_dags/example_dag_decorator.py
[2023-06-16T00:42:05.792+0000] {processor.py:826} INFO - Processing file /home/airflow/.local/lib/python3.7/site-packages/airflow/example_dags/example_dag_decorator.py for tasks to queue
[2023-06-16T00:42:05.793+0000] {logging_mixin.py:149} INFO - [2023-06-16T00:42:05.793+0000] {dagbag.py:541} INFO - Filling up the DagBag from /home/airflow/.local/lib/python3.7/site-packages/airflow/example_dags/example_dag_decorator.py
[2023-06-16T00:42:05.804+0000] {logging_mixin.py:149} INFO - [2023-06-16T00:42:05.803+0000] {taskmixin.py:211} WARNING - Dependency <Task(_PythonDecoratedOperator): prepare_email>, send_email already registered for DAG: example_dag_decorator
[2023-06-16T00:42:05.804+0000] {logging_mixin.py:149} INFO - [2023-06-16T00:42:05.804+0000] {taskmixin.py:211} WARNING - Dependency <Task(EmailOperator): send_email>, prepare_email already registered for DAG: example_dag_decorator
[2023-06-16T00:42:05.821+0000] {processor.py:836} INFO - DAG(s) dict_keys(['example_dag_decorator']) retrieved from /home/airflow/.local/lib/python3.7/site-packages/airflow/example_dags/example_dag_decorator.py
[2023-06-16T00:42:05.961+0000] {logging_mixin.py:149} INFO - [2023-06-16T00:42:05.961+0000] {dag.py:2726} INFO - Sync 1 DAGs
[2023-06-16T00:42:06.015+0000] {logging_mixin.py:149} INFO - [2023-06-16T00:42:06.015+0000] {dag.py:3490} INFO - Setting next_dagrun for example_dag_decorator to None, run_after=None
[2023-06-16T00:42:06.084+0000] {processor.py:179} INFO - Processing /home/airflow/.local/lib/python3.7/site-packages/airflow/example_dags/example_dag_decorator.py took 0.297 seconds
[2023-06-16T00:42:36.246+0000] {processor.py:157} INFO - Started process (PID=296) to work on /home/airflow/.local/lib/python3.7/site-packages/airflow/example_dags/example_dag_decorator.py
[2023-06-16T00:42:36.247+0000] {processor.py:826} INFO - Processing file /home/airflow/.local/lib/python3.7/site-packages/airflow/example_dags/example_dag_decorator.py for tasks to queue
[2023-06-16T00:42:36.248+0000] {logging_mixin.py:149} INFO - [2023-06-16T00:42:36.248+0000] {dagbag.py:541} INFO - Filling up the DagBag from /home/airflow/.local/lib/python3.7/site-packages/airflow/example_dags/example_dag_decorator.py
[2023-06-16T00:42:36.256+0000] {logging_mixin.py:149} INFO - [2023-06-16T00:42:36.255+0000] {taskmixin.py:211} WARNING - Dependency <Task(_PythonDecoratedOperator): prepare_email>, send_email already registered for DAG: example_dag_decorator
[2023-06-16T00:42:36.256+0000] {logging_mixin.py:149} INFO - [2023-06-16T00:42:36.256+0000] {taskmixin.py:211} WARNING - Dependency <Task(EmailOperator): send_email>, prepare_email already registered for DAG: example_dag_decorator
[2023-06-16T00:42:36.266+0000] {processor.py:836} INFO - DAG(s) dict_keys(['example_dag_decorator']) retrieved from /home/airflow/.local/lib/python3.7/site-packages/airflow/example_dags/example_dag_decorator.py
[2023-06-16T00:42:36.380+0000] {logging_mixin.py:149} INFO - [2023-06-16T00:42:36.380+0000] {dag.py:2726} INFO - Sync 1 DAGs
[2023-06-16T00:42:36.416+0000] {logging_mixin.py:149} INFO - [2023-06-16T00:42:36.416+0000] {dag.py:3490} INFO - Setting next_dagrun for example_dag_decorator to None, run_after=None
[2023-06-16T00:42:36.467+0000] {processor.py:179} INFO - Processing /home/airflow/.local/lib/python3.7/site-packages/airflow/example_dags/example_dag_decorator.py took 0.225 seconds
[2023-06-16T00:43:15.103+0000] {processor.py:157} INFO - Started process (PID=364) to work on /home/airflow/.local/lib/python3.7/site-packages/airflow/example_dags/example_dag_decorator.py
[2023-06-16T00:43:15.159+0000] {processor.py:826} INFO - Processing file /home/airflow/.local/lib/python3.7/site-packages/airflow/example_dags/example_dag_decorator.py for tasks to queue
[2023-06-16T00:43:15.160+0000] {logging_mixin.py:149} INFO - [2023-06-16T00:43:15.160+0000] {dagbag.py:541} INFO - Filling up the DagBag from /home/airflow/.local/lib/python3.7/site-packages/airflow/example_dags/example_dag_decorator.py
[2023-06-16T00:43:15.229+0000] {logging_mixin.py:149} INFO - [2023-06-16T00:43:15.228+0000] {taskmixin.py:211} WARNING - Dependency <Task(_PythonDecoratedOperator): prepare_email>, send_email already registered for DAG: example_dag_decorator
[2023-06-16T00:43:15.230+0000] {logging_mixin.py:149} INFO - [2023-06-16T00:43:15.229+0000] {taskmixin.py:211} WARNING - Dependency <Task(EmailOperator): send_email>, prepare_email already registered for DAG: example_dag_decorator
[2023-06-16T00:43:15.264+0000] {processor.py:836} INFO - DAG(s) dict_keys(['example_dag_decorator']) retrieved from /home/airflow/.local/lib/python3.7/site-packages/airflow/example_dags/example_dag_decorator.py
[2023-06-16T00:43:15.591+0000] {logging_mixin.py:149} INFO - [2023-06-16T00:43:15.591+0000] {dag.py:2726} INFO - Sync 1 DAGs
[2023-06-16T00:43:15.624+0000] {logging_mixin.py:149} INFO - [2023-06-16T00:43:15.624+0000] {dag.py:3490} INFO - Setting next_dagrun for example_dag_decorator to None, run_after=None
[2023-06-16T00:43:15.938+0000] {processor.py:179} INFO - Processing /home/airflow/.local/lib/python3.7/site-packages/airflow/example_dags/example_dag_decorator.py took 0.840 seconds
[2023-06-16T00:43:46.082+0000] {processor.py:157} INFO - Started process (PID=427) to work on /home/airflow/.local/lib/python3.7/site-packages/airflow/example_dags/example_dag_decorator.py
[2023-06-16T00:43:46.101+0000] {processor.py:826} INFO - Processing file /home/airflow/.local/lib/python3.7/site-packages/airflow/example_dags/example_dag_decorator.py for tasks to queue
[2023-06-16T00:43:46.102+0000] {logging_mixin.py:149} INFO - [2023-06-16T00:43:46.102+0000] {dagbag.py:541} INFO - Filling up the DagBag from /home/airflow/.local/lib/python3.7/site-packages/airflow/example_dags/example_dag_decorator.py
[2023-06-16T00:43:46.114+0000] {logging_mixin.py:149} INFO - [2023-06-16T00:43:46.114+0000] {taskmixin.py:211} WARNING - Dependency <Task(_PythonDecoratedOperator): prepare_email>, send_email already registered for DAG: example_dag_decorator
[2023-06-16T00:43:46.115+0000] {logging_mixin.py:149} INFO - [2023-06-16T00:43:46.115+0000] {taskmixin.py:211} WARNING - Dependency <Task(EmailOperator): send_email>, prepare_email already registered for DAG: example_dag_decorator
[2023-06-16T00:43:46.129+0000] {processor.py:836} INFO - DAG(s) dict_keys(['example_dag_decorator']) retrieved from /home/airflow/.local/lib/python3.7/site-packages/airflow/example_dags/example_dag_decorator.py
[2023-06-16T00:43:46.233+0000] {logging_mixin.py:149} INFO - [2023-06-16T00:43:46.233+0000] {dag.py:2726} INFO - Sync 1 DAGs
[2023-06-16T00:43:46.265+0000] {logging_mixin.py:149} INFO - [2023-06-16T00:43:46.265+0000] {dag.py:3490} INFO - Setting next_dagrun for example_dag_decorator to None, run_after=None
[2023-06-16T00:43:46.448+0000] {processor.py:179} INFO - Processing /home/airflow/.local/lib/python3.7/site-packages/airflow/example_dags/example_dag_decorator.py took 0.387 seconds
[2023-06-16T00:44:16.493+0000] {processor.py:157} INFO - Started process (PID=495) to work on /home/airflow/.local/lib/python3.7/site-packages/airflow/example_dags/example_dag_decorator.py
[2023-06-16T00:44:16.529+0000] {processor.py:826} INFO - Processing file /home/airflow/.local/lib/python3.7/site-packages/airflow/example_dags/example_dag_decorator.py for tasks to queue
[2023-06-16T00:44:16.530+0000] {logging_mixin.py:149} INFO - [2023-06-16T00:44:16.530+0000] {dagbag.py:541} INFO - Filling up the DagBag from /home/airflow/.local/lib/python3.7/site-packages/airflow/example_dags/example_dag_decorator.py
[2023-06-16T00:44:16.539+0000] {logging_mixin.py:149} INFO - [2023-06-16T00:44:16.539+0000] {taskmixin.py:211} WARNING - Dependency <Task(_PythonDecoratedOperator): prepare_email>, send_email already registered for DAG: example_dag_decorator
[2023-06-16T00:44:16.540+0000] {logging_mixin.py:149} INFO - [2023-06-16T00:44:16.539+0000] {taskmixin.py:211} WARNING - Dependency <Task(EmailOperator): send_email>, prepare_email already registered for DAG: example_dag_decorator
[2023-06-16T00:44:16.552+0000] {processor.py:836} INFO - DAG(s) dict_keys(['example_dag_decorator']) retrieved from /home/airflow/.local/lib/python3.7/site-packages/airflow/example_dags/example_dag_decorator.py
[2023-06-16T00:44:16.668+0000] {logging_mixin.py:149} INFO - [2023-06-16T00:44:16.668+0000] {dag.py:2726} INFO - Sync 1 DAGs
[2023-06-16T00:44:16.703+0000] {logging_mixin.py:149} INFO - [2023-06-16T00:44:16.703+0000] {dag.py:3490} INFO - Setting next_dagrun for example_dag_decorator to None, run_after=None
[2023-06-16T00:44:16.897+0000] {processor.py:179} INFO - Processing /home/airflow/.local/lib/python3.7/site-packages/airflow/example_dags/example_dag_decorator.py took 0.409 seconds
[2023-06-16T00:45:05.905+0000] {processor.py:157} INFO - Started process (PID=570) to work on /home/airflow/.local/lib/python3.7/site-packages/airflow/example_dags/example_dag_decorator.py
[2023-06-16T00:45:06.105+0000] {processor.py:826} INFO - Processing file /home/airflow/.local/lib/python3.7/site-packages/airflow/example_dags/example_dag_decorator.py for tasks to queue
[2023-06-16T00:45:06.108+0000] {logging_mixin.py:149} INFO - [2023-06-16T00:45:06.107+0000] {dagbag.py:541} INFO - Filling up the DagBag from /home/airflow/.local/lib/python3.7/site-packages/airflow/example_dags/example_dag_decorator.py
[2023-06-16T00:45:06.277+0000] {logging_mixin.py:149} INFO - [2023-06-16T00:45:06.277+0000] {taskmixin.py:211} WARNING - Dependency <Task(_PythonDecoratedOperator): prepare_email>, send_email already registered for DAG: example_dag_decorator
[2023-06-16T00:45:06.279+0000] {logging_mixin.py:149} INFO - [2023-06-16T00:45:06.278+0000] {taskmixin.py:211} WARNING - Dependency <Task(EmailOperator): send_email>, prepare_email already registered for DAG: example_dag_decorator
[2023-06-16T00:45:06.297+0000] {processor.py:836} INFO - DAG(s) dict_keys(['example_dag_decorator']) retrieved from /home/airflow/.local/lib/python3.7/site-packages/airflow/example_dags/example_dag_decorator.py
[2023-06-16T00:45:06.739+0000] {logging_mixin.py:149} INFO - [2023-06-16T00:45:06.739+0000] {dag.py:2726} INFO - Sync 1 DAGs
[2023-06-16T00:45:06.794+0000] {logging_mixin.py:149} INFO - [2023-06-16T00:45:06.793+0000] {dag.py:3490} INFO - Setting next_dagrun for example_dag_decorator to None, run_after=None
[2023-06-16T00:45:07.138+0000] {processor.py:179} INFO - Processing /home/airflow/.local/lib/python3.7/site-packages/airflow/example_dags/example_dag_decorator.py took 1.242 seconds
[2023-06-16T00:45:52.281+0000] {processor.py:157} INFO - Started process (PID=638) to work on /home/airflow/.local/lib/python3.7/site-packages/airflow/example_dags/example_dag_decorator.py
[2023-06-16T00:45:52.483+0000] {processor.py:826} INFO - Processing file /home/airflow/.local/lib/python3.7/site-packages/airflow/example_dags/example_dag_decorator.py for tasks to queue
[2023-06-16T00:45:52.484+0000] {logging_mixin.py:149} INFO - [2023-06-16T00:45:52.484+0000] {dagbag.py:541} INFO - Filling up the DagBag from /home/airflow/.local/lib/python3.7/site-packages/airflow/example_dags/example_dag_decorator.py
[2023-06-16T00:45:52.682+0000] {logging_mixin.py:149} INFO - [2023-06-16T00:45:52.682+0000] {taskmixin.py:211} WARNING - Dependency <Task(_PythonDecoratedOperator): prepare_email>, send_email already registered for DAG: example_dag_decorator
[2023-06-16T00:45:52.682+0000] {logging_mixin.py:149} INFO - [2023-06-16T00:45:52.682+0000] {taskmixin.py:211} WARNING - Dependency <Task(EmailOperator): send_email>, prepare_email already registered for DAG: example_dag_decorator
[2023-06-16T00:45:52.855+0000] {processor.py:836} INFO - DAG(s) dict_keys(['example_dag_decorator']) retrieved from /home/airflow/.local/lib/python3.7/site-packages/airflow/example_dags/example_dag_decorator.py
[2023-06-16T00:45:54.301+0000] {logging_mixin.py:149} INFO - [2023-06-16T00:45:54.300+0000] {dag.py:2726} INFO - Sync 1 DAGs
[2023-06-16T00:45:54.357+0000] {logging_mixin.py:149} INFO - [2023-06-16T00:45:54.356+0000] {dag.py:3490} INFO - Setting next_dagrun for example_dag_decorator to None, run_after=None
[2023-06-16T00:45:55.044+0000] {processor.py:179} INFO - Processing /home/airflow/.local/lib/python3.7/site-packages/airflow/example_dags/example_dag_decorator.py took 2.769 seconds
[2023-06-16T00:46:47.732+0000] {processor.py:157} INFO - Started process (PID=715) to work on /home/airflow/.local/lib/python3.7/site-packages/airflow/example_dags/example_dag_decorator.py
[2023-06-16T00:46:47.827+0000] {processor.py:826} INFO - Processing file /home/airflow/.local/lib/python3.7/site-packages/airflow/example_dags/example_dag_decorator.py for tasks to queue
[2023-06-16T00:46:47.830+0000] {logging_mixin.py:149} INFO - [2023-06-16T00:46:47.829+0000] {dagbag.py:541} INFO - Filling up the DagBag from /home/airflow/.local/lib/python3.7/site-packages/airflow/example_dags/example_dag_decorator.py
[2023-06-16T00:46:47.852+0000] {logging_mixin.py:149} INFO - [2023-06-16T00:46:47.852+0000] {taskmixin.py:211} WARNING - Dependency <Task(_PythonDecoratedOperator): prepare_email>, send_email already registered for DAG: example_dag_decorator
[2023-06-16T00:46:47.852+0000] {logging_mixin.py:149} INFO - [2023-06-16T00:46:47.852+0000] {taskmixin.py:211} WARNING - Dependency <Task(EmailOperator): send_email>, prepare_email already registered for DAG: example_dag_decorator
[2023-06-16T00:46:47.869+0000] {processor.py:836} INFO - DAG(s) dict_keys(['example_dag_decorator']) retrieved from /home/airflow/.local/lib/python3.7/site-packages/airflow/example_dags/example_dag_decorator.py
[2023-06-16T00:46:48.010+0000] {logging_mixin.py:149} INFO - [2023-06-16T00:46:48.010+0000] {dag.py:2726} INFO - Sync 1 DAGs
[2023-06-16T00:46:48.069+0000] {logging_mixin.py:149} INFO - [2023-06-16T00:46:48.069+0000] {dag.py:3490} INFO - Setting next_dagrun for example_dag_decorator to None, run_after=None
[2023-06-16T00:46:48.304+0000] {processor.py:179} INFO - Processing /home/airflow/.local/lib/python3.7/site-packages/airflow/example_dags/example_dag_decorator.py took 0.578 seconds
[2023-06-16T00:47:28.009+0000] {processor.py:157} INFO - Started process (PID=777) to work on /home/airflow/.local/lib/python3.7/site-packages/airflow/example_dags/example_dag_decorator.py
[2023-06-16T00:47:28.142+0000] {processor.py:826} INFO - Processing file /home/airflow/.local/lib/python3.7/site-packages/airflow/example_dags/example_dag_decorator.py for tasks to queue
[2023-06-16T00:47:28.147+0000] {logging_mixin.py:149} INFO - [2023-06-16T00:47:28.146+0000] {dagbag.py:541} INFO - Filling up the DagBag from /home/airflow/.local/lib/python3.7/site-packages/airflow/example_dags/example_dag_decorator.py
[2023-06-16T00:47:28.182+0000] {logging_mixin.py:149} INFO - [2023-06-16T00:47:28.181+0000] {taskmixin.py:211} WARNING - Dependency <Task(_PythonDecoratedOperator): prepare_email>, send_email already registered for DAG: example_dag_decorator
[2023-06-16T00:47:28.183+0000] {logging_mixin.py:149} INFO - [2023-06-16T00:47:28.183+0000] {taskmixin.py:211} WARNING - Dependency <Task(EmailOperator): send_email>, prepare_email already registered for DAG: example_dag_decorator
[2023-06-16T00:47:28.224+0000] {processor.py:836} INFO - DAG(s) dict_keys(['example_dag_decorator']) retrieved from /home/airflow/.local/lib/python3.7/site-packages/airflow/example_dags/example_dag_decorator.py
[2023-06-16T00:47:28.405+0000] {logging_mixin.py:149} INFO - [2023-06-16T00:47:28.404+0000] {dag.py:2726} INFO - Sync 1 DAGs
[2023-06-16T00:47:28.466+0000] {logging_mixin.py:149} INFO - [2023-06-16T00:47:28.465+0000] {dag.py:3490} INFO - Setting next_dagrun for example_dag_decorator to None, run_after=None
[2023-06-16T00:47:28.697+0000] {processor.py:179} INFO - Processing /home/airflow/.local/lib/python3.7/site-packages/airflow/example_dags/example_dag_decorator.py took 0.693 seconds
[2023-06-16T00:49:11.105+0000] {processor.py:157} INFO - Started process (PID=861) to work on /home/airflow/.local/lib/python3.7/site-packages/airflow/example_dags/example_dag_decorator.py
[2023-06-16T00:49:11.165+0000] {processor.py:826} INFO - Processing file /home/airflow/.local/lib/python3.7/site-packages/airflow/example_dags/example_dag_decorator.py for tasks to queue
[2023-06-16T00:49:11.168+0000] {logging_mixin.py:149} INFO - [2023-06-16T00:49:11.168+0000] {dagbag.py:541} INFO - Filling up the DagBag from /home/airflow/.local/lib/python3.7/site-packages/airflow/example_dags/example_dag_decorator.py
[2023-06-16T00:49:11.288+0000] {logging_mixin.py:149} INFO - [2023-06-16T00:49:11.287+0000] {taskmixin.py:211} WARNING - Dependency <Task(_PythonDecoratedOperator): prepare_email>, send_email already registered for DAG: example_dag_decorator
[2023-06-16T00:49:11.289+0000] {logging_mixin.py:149} INFO - [2023-06-16T00:49:11.289+0000] {taskmixin.py:211} WARNING - Dependency <Task(EmailOperator): send_email>, prepare_email already registered for DAG: example_dag_decorator
[2023-06-16T00:49:11.322+0000] {processor.py:836} INFO - DAG(s) dict_keys(['example_dag_decorator']) retrieved from /home/airflow/.local/lib/python3.7/site-packages/airflow/example_dags/example_dag_decorator.py
[2023-06-16T00:49:13.310+0000] {logging_mixin.py:149} INFO - [2023-06-16T00:49:13.310+0000] {dag.py:2726} INFO - Sync 1 DAGs
[2023-06-16T00:49:13.361+0000] {logging_mixin.py:149} INFO - [2023-06-16T00:49:13.361+0000] {dag.py:3490} INFO - Setting next_dagrun for example_dag_decorator to None, run_after=None
[2023-06-16T00:49:13.702+0000] {processor.py:179} INFO - Processing /home/airflow/.local/lib/python3.7/site-packages/airflow/example_dags/example_dag_decorator.py took 2.601 seconds
[2023-06-16T00:49:44.004+0000] {processor.py:157} INFO - Started process (PID=934) to work on /home/airflow/.local/lib/python3.7/site-packages/airflow/example_dags/example_dag_decorator.py
[2023-06-16T00:49:44.022+0000] {processor.py:826} INFO - Processing file /home/airflow/.local/lib/python3.7/site-packages/airflow/example_dags/example_dag_decorator.py for tasks to queue
[2023-06-16T00:49:44.023+0000] {logging_mixin.py:149} INFO - [2023-06-16T00:49:44.023+0000] {dagbag.py:541} INFO - Filling up the DagBag from /home/airflow/.local/lib/python3.7/site-packages/airflow/example_dags/example_dag_decorator.py
[2023-06-16T00:49:44.032+0000] {logging_mixin.py:149} INFO - [2023-06-16T00:49:44.032+0000] {taskmixin.py:211} WARNING - Dependency <Task(_PythonDecoratedOperator): prepare_email>, send_email already registered for DAG: example_dag_decorator
[2023-06-16T00:49:44.032+0000] {logging_mixin.py:149} INFO - [2023-06-16T00:49:44.032+0000] {taskmixin.py:211} WARNING - Dependency <Task(EmailOperator): send_email>, prepare_email already registered for DAG: example_dag_decorator
[2023-06-16T00:49:44.044+0000] {processor.py:836} INFO - DAG(s) dict_keys(['example_dag_decorator']) retrieved from /home/airflow/.local/lib/python3.7/site-packages/airflow/example_dags/example_dag_decorator.py
[2023-06-16T00:49:44.166+0000] {logging_mixin.py:149} INFO - [2023-06-16T00:49:44.165+0000] {dag.py:2726} INFO - Sync 1 DAGs
[2023-06-16T00:49:44.215+0000] {logging_mixin.py:149} INFO - [2023-06-16T00:49:44.215+0000] {dag.py:3490} INFO - Setting next_dagrun for example_dag_decorator to None, run_after=None
[2023-06-16T00:49:44.325+0000] {processor.py:179} INFO - Processing /home/airflow/.local/lib/python3.7/site-packages/airflow/example_dags/example_dag_decorator.py took 0.325 seconds
[2023-06-16T00:50:15.289+0000] {processor.py:157} INFO - Started process (PID=1001) to work on /home/airflow/.local/lib/python3.7/site-packages/airflow/example_dags/example_dag_decorator.py
[2023-06-16T00:50:15.413+0000] {processor.py:826} INFO - Processing file /home/airflow/.local/lib/python3.7/site-packages/airflow/example_dags/example_dag_decorator.py for tasks to queue
[2023-06-16T00:50:15.417+0000] {logging_mixin.py:149} INFO - [2023-06-16T00:50:15.416+0000] {dagbag.py:541} INFO - Filling up the DagBag from /home/airflow/.local/lib/python3.7/site-packages/airflow/example_dags/example_dag_decorator.py
[2023-06-16T00:50:15.448+0000] {logging_mixin.py:149} INFO - [2023-06-16T00:50:15.447+0000] {taskmixin.py:211} WARNING - Dependency <Task(_PythonDecoratedOperator): prepare_email>, send_email already registered for DAG: example_dag_decorator
[2023-06-16T00:50:15.449+0000] {logging_mixin.py:149} INFO - [2023-06-16T00:50:15.448+0000] {taskmixin.py:211} WARNING - Dependency <Task(EmailOperator): send_email>, prepare_email already registered for DAG: example_dag_decorator
[2023-06-16T00:50:15.467+0000] {processor.py:836} INFO - DAG(s) dict_keys(['example_dag_decorator']) retrieved from /home/airflow/.local/lib/python3.7/site-packages/airflow/example_dags/example_dag_decorator.py
[2023-06-16T00:50:15.613+0000] {logging_mixin.py:149} INFO - [2023-06-16T00:50:15.612+0000] {dag.py:2726} INFO - Sync 1 DAGs
[2023-06-16T00:50:15.673+0000] {logging_mixin.py:149} INFO - [2023-06-16T00:50:15.672+0000] {dag.py:3490} INFO - Setting next_dagrun for example_dag_decorator to None, run_after=None
[2023-06-16T00:50:16.060+0000] {processor.py:179} INFO - Processing /home/airflow/.local/lib/python3.7/site-packages/airflow/example_dags/example_dag_decorator.py took 0.776 seconds
[2023-06-16T00:50:46.500+0000] {processor.py:157} INFO - Started process (PID=1065) to work on /home/airflow/.local/lib/python3.7/site-packages/airflow/example_dags/example_dag_decorator.py
[2023-06-16T00:50:46.614+0000] {processor.py:826} INFO - Processing file /home/airflow/.local/lib/python3.7/site-packages/airflow/example_dags/example_dag_decorator.py for tasks to queue
[2023-06-16T00:50:46.617+0000] {logging_mixin.py:149} INFO - [2023-06-16T00:50:46.617+0000] {dagbag.py:541} INFO - Filling up the DagBag from /home/airflow/.local/lib/python3.7/site-packages/airflow/example_dags/example_dag_decorator.py
[2023-06-16T00:50:46.648+0000] {logging_mixin.py:149} INFO - [2023-06-16T00:50:46.647+0000] {taskmixin.py:211} WARNING - Dependency <Task(_PythonDecoratedOperator): prepare_email>, send_email already registered for DAG: example_dag_decorator
[2023-06-16T00:50:46.649+0000] {logging_mixin.py:149} INFO - [2023-06-16T00:50:46.648+0000] {taskmixin.py:211} WARNING - Dependency <Task(EmailOperator): send_email>, prepare_email already registered for DAG: example_dag_decorator
[2023-06-16T00:50:46.665+0000] {processor.py:836} INFO - DAG(s) dict_keys(['example_dag_decorator']) retrieved from /home/airflow/.local/lib/python3.7/site-packages/airflow/example_dags/example_dag_decorator.py
[2023-06-16T00:50:46.988+0000] {logging_mixin.py:149} INFO - [2023-06-16T00:50:46.988+0000] {dag.py:2726} INFO - Sync 1 DAGs
[2023-06-16T00:50:47.037+0000] {logging_mixin.py:149} INFO - [2023-06-16T00:50:47.036+0000] {dag.py:3490} INFO - Setting next_dagrun for example_dag_decorator to None, run_after=None
[2023-06-16T00:50:47.238+0000] {processor.py:179} INFO - Processing /home/airflow/.local/lib/python3.7/site-packages/airflow/example_dags/example_dag_decorator.py took 0.745 seconds
[2023-06-16T00:51:20.670+0000] {processor.py:157} INFO - Started process (PID=1133) to work on /home/airflow/.local/lib/python3.7/site-packages/airflow/example_dags/example_dag_decorator.py
[2023-06-16T00:51:21.003+0000] {processor.py:826} INFO - Processing file /home/airflow/.local/lib/python3.7/site-packages/airflow/example_dags/example_dag_decorator.py for tasks to queue
[2023-06-16T00:51:21.004+0000] {logging_mixin.py:149} INFO - [2023-06-16T00:51:21.003+0000] {dagbag.py:541} INFO - Filling up the DagBag from /home/airflow/.local/lib/python3.7/site-packages/airflow/example_dags/example_dag_decorator.py
[2023-06-16T00:51:21.013+0000] {logging_mixin.py:149} INFO - [2023-06-16T00:51:21.012+0000] {taskmixin.py:211} WARNING - Dependency <Task(_PythonDecoratedOperator): prepare_email>, send_email already registered for DAG: example_dag_decorator
[2023-06-16T00:51:21.013+0000] {logging_mixin.py:149} INFO - [2023-06-16T00:51:21.013+0000] {taskmixin.py:211} WARNING - Dependency <Task(EmailOperator): send_email>, prepare_email already registered for DAG: example_dag_decorator
[2023-06-16T00:51:21.024+0000] {processor.py:836} INFO - DAG(s) dict_keys(['example_dag_decorator']) retrieved from /home/airflow/.local/lib/python3.7/site-packages/airflow/example_dags/example_dag_decorator.py
[2023-06-16T00:51:21.430+0000] {logging_mixin.py:149} INFO - [2023-06-16T00:51:21.430+0000] {dag.py:2726} INFO - Sync 1 DAGs
[2023-06-16T00:51:21.492+0000] {logging_mixin.py:149} INFO - [2023-06-16T00:51:21.492+0000] {dag.py:3490} INFO - Setting next_dagrun for example_dag_decorator to None, run_after=None
[2023-06-16T00:51:21.727+0000] {processor.py:179} INFO - Processing /home/airflow/.local/lib/python3.7/site-packages/airflow/example_dags/example_dag_decorator.py took 1.063 seconds
[2023-06-16T00:52:33.124+0000] {processor.py:157} INFO - Started process (PID=1210) to work on /home/airflow/.local/lib/python3.7/site-packages/airflow/example_dags/example_dag_decorator.py
[2023-06-16T00:52:33.291+0000] {processor.py:826} INFO - Processing file /home/airflow/.local/lib/python3.7/site-packages/airflow/example_dags/example_dag_decorator.py for tasks to queue
[2023-06-16T00:52:33.295+0000] {logging_mixin.py:149} INFO - [2023-06-16T00:52:33.294+0000] {dagbag.py:541} INFO - Filling up the DagBag from /home/airflow/.local/lib/python3.7/site-packages/airflow/example_dags/example_dag_decorator.py
[2023-06-16T00:52:33.421+0000] {logging_mixin.py:149} INFO - [2023-06-16T00:52:33.420+0000] {taskmixin.py:211} WARNING - Dependency <Task(_PythonDecoratedOperator): prepare_email>, send_email already registered for DAG: example_dag_decorator
[2023-06-16T00:52:33.422+0000] {logging_mixin.py:149} INFO - [2023-06-16T00:52:33.422+0000] {taskmixin.py:211} WARNING - Dependency <Task(EmailOperator): send_email>, prepare_email already registered for DAG: example_dag_decorator
[2023-06-16T00:52:33.439+0000] {processor.py:836} INFO - DAG(s) dict_keys(['example_dag_decorator']) retrieved from /home/airflow/.local/lib/python3.7/site-packages/airflow/example_dags/example_dag_decorator.py
[2023-06-16T00:52:34.502+0000] {logging_mixin.py:149} INFO - [2023-06-16T00:52:34.501+0000] {dag.py:2726} INFO - Sync 1 DAGs
[2023-06-16T00:52:35.598+0000] {logging_mixin.py:149} INFO - [2023-06-16T00:52:35.597+0000] {dag.py:3490} INFO - Setting next_dagrun for example_dag_decorator to None, run_after=None
[2023-06-16T00:52:35.785+0000] {processor.py:179} INFO - Processing /home/airflow/.local/lib/python3.7/site-packages/airflow/example_dags/example_dag_decorator.py took 2.676 seconds
[2023-06-16T00:58:08.880+0000] {processor.py:157} INFO - Started process (PID=82) to work on /home/airflow/.local/lib/python3.7/site-packages/airflow/example_dags/example_dag_decorator.py
[2023-06-16T00:58:09.831+0000] {processor.py:826} INFO - Processing file /home/airflow/.local/lib/python3.7/site-packages/airflow/example_dags/example_dag_decorator.py for tasks to queue
[2023-06-16T00:58:09.832+0000] {logging_mixin.py:149} INFO - [2023-06-16T00:58:09.832+0000] {dagbag.py:541} INFO - Filling up the DagBag from /home/airflow/.local/lib/python3.7/site-packages/airflow/example_dags/example_dag_decorator.py
[2023-06-16T00:58:09.974+0000] {logging_mixin.py:149} INFO - [2023-06-16T00:58:09.974+0000] {taskmixin.py:211} WARNING - Dependency <Task(_PythonDecoratedOperator): prepare_email>, send_email already registered for DAG: example_dag_decorator
[2023-06-16T00:58:09.974+0000] {logging_mixin.py:149} INFO - [2023-06-16T00:58:09.974+0000] {taskmixin.py:211} WARNING - Dependency <Task(EmailOperator): send_email>, prepare_email already registered for DAG: example_dag_decorator
[2023-06-16T00:58:10.512+0000] {processor.py:836} INFO - DAG(s) dict_keys(['example_dag_decorator']) retrieved from /home/airflow/.local/lib/python3.7/site-packages/airflow/example_dags/example_dag_decorator.py
[2023-06-16T00:58:10.814+0000] {logging_mixin.py:149} INFO - [2023-06-16T00:58:10.814+0000] {dag.py:2726} INFO - Sync 1 DAGs
[2023-06-16T00:58:10.949+0000] {logging_mixin.py:149} INFO - [2023-06-16T00:58:10.949+0000] {dag.py:3490} INFO - Setting next_dagrun for example_dag_decorator to None, run_after=None
[2023-06-16T00:58:11.278+0000] {processor.py:179} INFO - Processing /home/airflow/.local/lib/python3.7/site-packages/airflow/example_dags/example_dag_decorator.py took 2.403 seconds
[2023-06-16T01:01:36.820+0000] {processor.py:157} INFO - Started process (PID=178) to work on /home/airflow/.local/lib/python3.7/site-packages/airflow/example_dags/example_dag_decorator.py
[2023-06-16T01:01:37.052+0000] {processor.py:826} INFO - Processing file /home/airflow/.local/lib/python3.7/site-packages/airflow/example_dags/example_dag_decorator.py for tasks to queue
[2023-06-16T01:01:37.055+0000] {logging_mixin.py:149} INFO - [2023-06-16T01:01:37.055+0000] {dagbag.py:541} INFO - Filling up the DagBag from /home/airflow/.local/lib/python3.7/site-packages/airflow/example_dags/example_dag_decorator.py
[2023-06-16T01:01:37.334+0000] {logging_mixin.py:149} INFO - [2023-06-16T01:01:37.333+0000] {taskmixin.py:211} WARNING - Dependency <Task(_PythonDecoratedOperator): prepare_email>, send_email already registered for DAG: example_dag_decorator
[2023-06-16T01:01:37.336+0000] {logging_mixin.py:149} INFO - [2023-06-16T01:01:37.335+0000] {taskmixin.py:211} WARNING - Dependency <Task(EmailOperator): send_email>, prepare_email already registered for DAG: example_dag_decorator
[2023-06-16T01:01:37.575+0000] {processor.py:836} INFO - DAG(s) dict_keys(['example_dag_decorator']) retrieved from /home/airflow/.local/lib/python3.7/site-packages/airflow/example_dags/example_dag_decorator.py
[2023-06-16T01:01:38.509+0000] {logging_mixin.py:149} INFO - [2023-06-16T01:01:38.509+0000] {dag.py:2726} INFO - Sync 1 DAGs
[2023-06-16T01:01:38.572+0000] {logging_mixin.py:149} INFO - [2023-06-16T01:01:38.571+0000] {dag.py:3490} INFO - Setting next_dagrun for example_dag_decorator to None, run_after=None
[2023-06-16T01:01:39.411+0000] {processor.py:179} INFO - Processing /home/airflow/.local/lib/python3.7/site-packages/airflow/example_dags/example_dag_decorator.py took 2.602 seconds
[2023-06-16T01:02:27.582+0000] {processor.py:157} INFO - Started process (PID=258) to work on /home/airflow/.local/lib/python3.7/site-packages/airflow/example_dags/example_dag_decorator.py
[2023-06-16T01:02:27.595+0000] {processor.py:826} INFO - Processing file /home/airflow/.local/lib/python3.7/site-packages/airflow/example_dags/example_dag_decorator.py for tasks to queue
[2023-06-16T01:02:27.596+0000] {logging_mixin.py:149} INFO - [2023-06-16T01:02:27.596+0000] {dagbag.py:541} INFO - Filling up the DagBag from /home/airflow/.local/lib/python3.7/site-packages/airflow/example_dags/example_dag_decorator.py
[2023-06-16T01:02:27.604+0000] {logging_mixin.py:149} INFO - [2023-06-16T01:02:27.604+0000] {taskmixin.py:211} WARNING - Dependency <Task(_PythonDecoratedOperator): prepare_email>, send_email already registered for DAG: example_dag_decorator
[2023-06-16T01:02:27.604+0000] {logging_mixin.py:149} INFO - [2023-06-16T01:02:27.604+0000] {taskmixin.py:211} WARNING - Dependency <Task(EmailOperator): send_email>, prepare_email already registered for DAG: example_dag_decorator
[2023-06-16T01:02:27.614+0000] {processor.py:836} INFO - DAG(s) dict_keys(['example_dag_decorator']) retrieved from /home/airflow/.local/lib/python3.7/site-packages/airflow/example_dags/example_dag_decorator.py
[2023-06-16T01:02:27.707+0000] {logging_mixin.py:149} INFO - [2023-06-16T01:02:27.707+0000] {dag.py:2726} INFO - Sync 1 DAGs
[2023-06-16T01:02:27.743+0000] {logging_mixin.py:149} INFO - [2023-06-16T01:02:27.743+0000] {dag.py:3490} INFO - Setting next_dagrun for example_dag_decorator to None, run_after=None
[2023-06-16T01:02:27.888+0000] {processor.py:179} INFO - Processing /home/airflow/.local/lib/python3.7/site-packages/airflow/example_dags/example_dag_decorator.py took 0.312 seconds
[2023-06-16T01:02:58.922+0000] {processor.py:157} INFO - Started process (PID=325) to work on /home/airflow/.local/lib/python3.7/site-packages/airflow/example_dags/example_dag_decorator.py
[2023-06-16T01:02:58.924+0000] {processor.py:826} INFO - Processing file /home/airflow/.local/lib/python3.7/site-packages/airflow/example_dags/example_dag_decorator.py for tasks to queue
[2023-06-16T01:02:58.925+0000] {logging_mixin.py:149} INFO - [2023-06-16T01:02:58.925+0000] {dagbag.py:541} INFO - Filling up the DagBag from /home/airflow/.local/lib/python3.7/site-packages/airflow/example_dags/example_dag_decorator.py
[2023-06-16T01:02:58.935+0000] {logging_mixin.py:149} INFO - [2023-06-16T01:02:58.935+0000] {taskmixin.py:211} WARNING - Dependency <Task(_PythonDecoratedOperator): prepare_email>, send_email already registered for DAG: example_dag_decorator
[2023-06-16T01:02:58.935+0000] {logging_mixin.py:149} INFO - [2023-06-16T01:02:58.935+0000] {taskmixin.py:211} WARNING - Dependency <Task(EmailOperator): send_email>, prepare_email already registered for DAG: example_dag_decorator
[2023-06-16T01:02:58.945+0000] {processor.py:836} INFO - DAG(s) dict_keys(['example_dag_decorator']) retrieved from /home/airflow/.local/lib/python3.7/site-packages/airflow/example_dags/example_dag_decorator.py
[2023-06-16T01:02:59.059+0000] {logging_mixin.py:149} INFO - [2023-06-16T01:02:59.059+0000] {dag.py:2726} INFO - Sync 1 DAGs
[2023-06-16T01:02:59.094+0000] {logging_mixin.py:149} INFO - [2023-06-16T01:02:59.094+0000] {dag.py:3490} INFO - Setting next_dagrun for example_dag_decorator to None, run_after=None
[2023-06-16T01:02:59.299+0000] {processor.py:179} INFO - Processing /home/airflow/.local/lib/python3.7/site-packages/airflow/example_dags/example_dag_decorator.py took 0.385 seconds
[2023-06-16T01:03:29.914+0000] {processor.py:157} INFO - Started process (PID=395) to work on /home/airflow/.local/lib/python3.7/site-packages/airflow/example_dags/example_dag_decorator.py
[2023-06-16T01:03:29.916+0000] {processor.py:826} INFO - Processing file /home/airflow/.local/lib/python3.7/site-packages/airflow/example_dags/example_dag_decorator.py for tasks to queue
[2023-06-16T01:03:29.917+0000] {logging_mixin.py:149} INFO - [2023-06-16T01:03:29.916+0000] {dagbag.py:541} INFO - Filling up the DagBag from /home/airflow/.local/lib/python3.7/site-packages/airflow/example_dags/example_dag_decorator.py
[2023-06-16T01:03:29.925+0000] {logging_mixin.py:149} INFO - [2023-06-16T01:03:29.925+0000] {taskmixin.py:211} WARNING - Dependency <Task(_PythonDecoratedOperator): prepare_email>, send_email already registered for DAG: example_dag_decorator
[2023-06-16T01:03:29.925+0000] {logging_mixin.py:149} INFO - [2023-06-16T01:03:29.925+0000] {taskmixin.py:211} WARNING - Dependency <Task(EmailOperator): send_email>, prepare_email already registered for DAG: example_dag_decorator
[2023-06-16T01:03:29.936+0000] {processor.py:836} INFO - DAG(s) dict_keys(['example_dag_decorator']) retrieved from /home/airflow/.local/lib/python3.7/site-packages/airflow/example_dags/example_dag_decorator.py
[2023-06-16T01:03:30.031+0000] {logging_mixin.py:149} INFO - [2023-06-16T01:03:30.031+0000] {dag.py:2726} INFO - Sync 1 DAGs
[2023-06-16T01:03:30.062+0000] {logging_mixin.py:149} INFO - [2023-06-16T01:03:30.062+0000] {dag.py:3490} INFO - Setting next_dagrun for example_dag_decorator to None, run_after=None
[2023-06-16T01:03:30.102+0000] {processor.py:179} INFO - Processing /home/airflow/.local/lib/python3.7/site-packages/airflow/example_dags/example_dag_decorator.py took 0.194 seconds
[2023-06-16T01:04:00.138+0000] {processor.py:157} INFO - Started process (PID=463) to work on /home/airflow/.local/lib/python3.7/site-packages/airflow/example_dags/example_dag_decorator.py
[2023-06-16T01:04:00.139+0000] {processor.py:826} INFO - Processing file /home/airflow/.local/lib/python3.7/site-packages/airflow/example_dags/example_dag_decorator.py for tasks to queue
[2023-06-16T01:04:00.140+0000] {logging_mixin.py:149} INFO - [2023-06-16T01:04:00.140+0000] {dagbag.py:541} INFO - Filling up the DagBag from /home/airflow/.local/lib/python3.7/site-packages/airflow/example_dags/example_dag_decorator.py
[2023-06-16T01:04:00.148+0000] {logging_mixin.py:149} INFO - [2023-06-16T01:04:00.148+0000] {taskmixin.py:211} WARNING - Dependency <Task(_PythonDecoratedOperator): prepare_email>, send_email already registered for DAG: example_dag_decorator
[2023-06-16T01:04:00.148+0000] {logging_mixin.py:149} INFO - [2023-06-16T01:04:00.148+0000] {taskmixin.py:211} WARNING - Dependency <Task(EmailOperator): send_email>, prepare_email already registered for DAG: example_dag_decorator
[2023-06-16T01:04:00.158+0000] {processor.py:836} INFO - DAG(s) dict_keys(['example_dag_decorator']) retrieved from /home/airflow/.local/lib/python3.7/site-packages/airflow/example_dags/example_dag_decorator.py
[2023-06-16T01:04:00.278+0000] {logging_mixin.py:149} INFO - [2023-06-16T01:04:00.277+0000] {dag.py:2726} INFO - Sync 1 DAGs
[2023-06-16T01:04:00.325+0000] {logging_mixin.py:149} INFO - [2023-06-16T01:04:00.324+0000] {dag.py:3490} INFO - Setting next_dagrun for example_dag_decorator to None, run_after=None
[2023-06-16T01:04:00.373+0000] {processor.py:179} INFO - Processing /home/airflow/.local/lib/python3.7/site-packages/airflow/example_dags/example_dag_decorator.py took 0.242 seconds
[2023-06-16T09:58:29.091+0000] {processor.py:157} INFO - Started process (PID=75) to work on /home/airflow/.local/lib/python3.7/site-packages/airflow/example_dags/example_dag_decorator.py
[2023-06-16T09:58:29.248+0000] {processor.py:826} INFO - Processing file /home/airflow/.local/lib/python3.7/site-packages/airflow/example_dags/example_dag_decorator.py for tasks to queue
[2023-06-16T09:58:29.251+0000] {logging_mixin.py:149} INFO - [2023-06-16T09:58:29.251+0000] {dagbag.py:541} INFO - Filling up the DagBag from /home/airflow/.local/lib/python3.7/site-packages/airflow/example_dags/example_dag_decorator.py
[2023-06-16T09:58:29.273+0000] {logging_mixin.py:149} INFO - [2023-06-16T09:58:29.272+0000] {taskmixin.py:211} WARNING - Dependency <Task(_PythonDecoratedOperator): prepare_email>, send_email already registered for DAG: example_dag_decorator
[2023-06-16T09:58:29.273+0000] {logging_mixin.py:149} INFO - [2023-06-16T09:58:29.273+0000] {taskmixin.py:211} WARNING - Dependency <Task(EmailOperator): send_email>, prepare_email already registered for DAG: example_dag_decorator
[2023-06-16T09:58:29.290+0000] {processor.py:836} INFO - DAG(s) dict_keys(['example_dag_decorator']) retrieved from /home/airflow/.local/lib/python3.7/site-packages/airflow/example_dags/example_dag_decorator.py
[2023-06-16T09:58:29.680+0000] {logging_mixin.py:149} INFO - [2023-06-16T09:58:29.680+0000] {dag.py:2726} INFO - Sync 1 DAGs
[2023-06-16T09:58:29.710+0000] {logging_mixin.py:149} INFO - [2023-06-16T09:58:29.710+0000] {dag.py:3490} INFO - Setting next_dagrun for example_dag_decorator to None, run_after=None
[2023-06-16T09:58:29.808+0000] {processor.py:179} INFO - Processing /home/airflow/.local/lib/python3.7/site-packages/airflow/example_dags/example_dag_decorator.py took 0.727 seconds
[2023-06-16T09:59:00.180+0000] {processor.py:157} INFO - Started process (PID=131) to work on /home/airflow/.local/lib/python3.7/site-packages/airflow/example_dags/example_dag_decorator.py
[2023-06-16T09:59:00.238+0000] {processor.py:826} INFO - Processing file /home/airflow/.local/lib/python3.7/site-packages/airflow/example_dags/example_dag_decorator.py for tasks to queue
[2023-06-16T09:59:00.240+0000] {logging_mixin.py:149} INFO - [2023-06-16T09:59:00.240+0000] {dagbag.py:541} INFO - Filling up the DagBag from /home/airflow/.local/lib/python3.7/site-packages/airflow/example_dags/example_dag_decorator.py
[2023-06-16T09:59:00.259+0000] {logging_mixin.py:149} INFO - [2023-06-16T09:59:00.259+0000] {taskmixin.py:211} WARNING - Dependency <Task(_PythonDecoratedOperator): prepare_email>, send_email already registered for DAG: example_dag_decorator
[2023-06-16T09:59:00.260+0000] {logging_mixin.py:149} INFO - [2023-06-16T09:59:00.260+0000] {taskmixin.py:211} WARNING - Dependency <Task(EmailOperator): send_email>, prepare_email already registered for DAG: example_dag_decorator
[2023-06-16T09:59:00.271+0000] {processor.py:836} INFO - DAG(s) dict_keys(['example_dag_decorator']) retrieved from /home/airflow/.local/lib/python3.7/site-packages/airflow/example_dags/example_dag_decorator.py
[2023-06-16T09:59:00.621+0000] {logging_mixin.py:149} INFO - [2023-06-16T09:59:00.621+0000] {dag.py:2726} INFO - Sync 1 DAGs
[2023-06-16T09:59:01.111+0000] {logging_mixin.py:149} INFO - [2023-06-16T09:59:01.111+0000] {dag.py:3490} INFO - Setting next_dagrun for example_dag_decorator to None, run_after=None
[2023-06-16T09:59:01.188+0000] {processor.py:179} INFO - Processing /home/airflow/.local/lib/python3.7/site-packages/airflow/example_dags/example_dag_decorator.py took 1.015 seconds
[2023-06-16T09:59:37.215+0000] {processor.py:157} INFO - Started process (PID=204) to work on /home/airflow/.local/lib/python3.7/site-packages/airflow/example_dags/example_dag_decorator.py
[2023-06-16T09:59:37.248+0000] {processor.py:826} INFO - Processing file /home/airflow/.local/lib/python3.7/site-packages/airflow/example_dags/example_dag_decorator.py for tasks to queue
[2023-06-16T09:59:37.249+0000] {logging_mixin.py:149} INFO - [2023-06-16T09:59:37.249+0000] {dagbag.py:541} INFO - Filling up the DagBag from /home/airflow/.local/lib/python3.7/site-packages/airflow/example_dags/example_dag_decorator.py
[2023-06-16T09:59:37.256+0000] {logging_mixin.py:149} INFO - [2023-06-16T09:59:37.256+0000] {taskmixin.py:211} WARNING - Dependency <Task(_PythonDecoratedOperator): prepare_email>, send_email already registered for DAG: example_dag_decorator
[2023-06-16T09:59:37.257+0000] {logging_mixin.py:149} INFO - [2023-06-16T09:59:37.257+0000] {taskmixin.py:211} WARNING - Dependency <Task(EmailOperator): send_email>, prepare_email already registered for DAG: example_dag_decorator
[2023-06-16T09:59:37.417+0000] {processor.py:836} INFO - DAG(s) dict_keys(['example_dag_decorator']) retrieved from /home/airflow/.local/lib/python3.7/site-packages/airflow/example_dags/example_dag_decorator.py
[2023-06-16T09:59:39.857+0000] {logging_mixin.py:149} INFO - [2023-06-16T09:59:39.857+0000] {dag.py:2726} INFO - Sync 1 DAGs
[2023-06-16T09:59:39.888+0000] {logging_mixin.py:149} INFO - [2023-06-16T09:59:39.888+0000] {dag.py:3490} INFO - Setting next_dagrun for example_dag_decorator to None, run_after=None
[2023-06-16T09:59:40.083+0000] {processor.py:179} INFO - Processing /home/airflow/.local/lib/python3.7/site-packages/airflow/example_dags/example_dag_decorator.py took 2.873 seconds
[2023-06-16T10:00:10.247+0000] {processor.py:157} INFO - Started process (PID=272) to work on /home/airflow/.local/lib/python3.7/site-packages/airflow/example_dags/example_dag_decorator.py
[2023-06-16T10:00:10.337+0000] {processor.py:826} INFO - Processing file /home/airflow/.local/lib/python3.7/site-packages/airflow/example_dags/example_dag_decorator.py for tasks to queue
[2023-06-16T10:00:10.339+0000] {logging_mixin.py:149} INFO - [2023-06-16T10:00:10.339+0000] {dagbag.py:541} INFO - Filling up the DagBag from /home/airflow/.local/lib/python3.7/site-packages/airflow/example_dags/example_dag_decorator.py
[2023-06-16T10:00:10.363+0000] {logging_mixin.py:149} INFO - [2023-06-16T10:00:10.362+0000] {taskmixin.py:211} WARNING - Dependency <Task(_PythonDecoratedOperator): prepare_email>, send_email already registered for DAG: example_dag_decorator
[2023-06-16T10:00:10.364+0000] {logging_mixin.py:149} INFO - [2023-06-16T10:00:10.363+0000] {taskmixin.py:211} WARNING - Dependency <Task(EmailOperator): send_email>, prepare_email already registered for DAG: example_dag_decorator
[2023-06-16T10:00:10.380+0000] {processor.py:836} INFO - DAG(s) dict_keys(['example_dag_decorator']) retrieved from /home/airflow/.local/lib/python3.7/site-packages/airflow/example_dags/example_dag_decorator.py
[2023-06-16T10:00:10.488+0000] {logging_mixin.py:149} INFO - [2023-06-16T10:00:10.488+0000] {dag.py:2726} INFO - Sync 1 DAGs
[2023-06-16T10:00:10.523+0000] {logging_mixin.py:149} INFO - [2023-06-16T10:00:10.523+0000] {dag.py:3490} INFO - Setting next_dagrun for example_dag_decorator to None, run_after=None
[2023-06-16T10:00:10.671+0000] {processor.py:179} INFO - Processing /home/airflow/.local/lib/python3.7/site-packages/airflow/example_dags/example_dag_decorator.py took 0.430 seconds
[2023-06-16T10:00:40.734+0000] {processor.py:157} INFO - Started process (PID=340) to work on /home/airflow/.local/lib/python3.7/site-packages/airflow/example_dags/example_dag_decorator.py
[2023-06-16T10:00:40.818+0000] {processor.py:826} INFO - Processing file /home/airflow/.local/lib/python3.7/site-packages/airflow/example_dags/example_dag_decorator.py for tasks to queue
[2023-06-16T10:00:40.821+0000] {logging_mixin.py:149} INFO - [2023-06-16T10:00:40.820+0000] {dagbag.py:541} INFO - Filling up the DagBag from /home/airflow/.local/lib/python3.7/site-packages/airflow/example_dags/example_dag_decorator.py
[2023-06-16T10:00:40.847+0000] {logging_mixin.py:149} INFO - [2023-06-16T10:00:40.846+0000] {taskmixin.py:211} WARNING - Dependency <Task(_PythonDecoratedOperator): prepare_email>, send_email already registered for DAG: example_dag_decorator
[2023-06-16T10:00:40.847+0000] {logging_mixin.py:149} INFO - [2023-06-16T10:00:40.847+0000] {taskmixin.py:211} WARNING - Dependency <Task(EmailOperator): send_email>, prepare_email already registered for DAG: example_dag_decorator
[2023-06-16T10:00:40.865+0000] {processor.py:836} INFO - DAG(s) dict_keys(['example_dag_decorator']) retrieved from /home/airflow/.local/lib/python3.7/site-packages/airflow/example_dags/example_dag_decorator.py
[2023-06-16T10:00:40.977+0000] {logging_mixin.py:149} INFO - [2023-06-16T10:00:40.977+0000] {dag.py:2726} INFO - Sync 1 DAGs
[2023-06-16T10:00:41.008+0000] {logging_mixin.py:149} INFO - [2023-06-16T10:00:41.008+0000] {dag.py:3490} INFO - Setting next_dagrun for example_dag_decorator to None, run_after=None
[2023-06-16T10:00:41.358+0000] {processor.py:179} INFO - Processing /home/airflow/.local/lib/python3.7/site-packages/airflow/example_dags/example_dag_decorator.py took 0.633 seconds
[2023-06-16T10:01:26.619+0000] {processor.py:157} INFO - Started process (PID=408) to work on /home/airflow/.local/lib/python3.7/site-packages/airflow/example_dags/example_dag_decorator.py
[2023-06-16T10:01:26.708+0000] {processor.py:826} INFO - Processing file /home/airflow/.local/lib/python3.7/site-packages/airflow/example_dags/example_dag_decorator.py for tasks to queue
[2023-06-16T10:01:26.710+0000] {logging_mixin.py:149} INFO - [2023-06-16T10:01:26.709+0000] {dagbag.py:541} INFO - Filling up the DagBag from /home/airflow/.local/lib/python3.7/site-packages/airflow/example_dags/example_dag_decorator.py
[2023-06-16T10:01:26.719+0000] {logging_mixin.py:149} INFO - [2023-06-16T10:01:26.719+0000] {taskmixin.py:211} WARNING - Dependency <Task(_PythonDecoratedOperator): prepare_email>, send_email already registered for DAG: example_dag_decorator
[2023-06-16T10:01:26.720+0000] {logging_mixin.py:149} INFO - [2023-06-16T10:01:26.720+0000] {taskmixin.py:211} WARNING - Dependency <Task(EmailOperator): send_email>, prepare_email already registered for DAG: example_dag_decorator
[2023-06-16T10:01:26.782+0000] {processor.py:836} INFO - DAG(s) dict_keys(['example_dag_decorator']) retrieved from /home/airflow/.local/lib/python3.7/site-packages/airflow/example_dags/example_dag_decorator.py
[2023-06-16T10:01:26.979+0000] {logging_mixin.py:149} INFO - [2023-06-16T10:01:26.979+0000] {dag.py:2726} INFO - Sync 1 DAGs
[2023-06-16T10:01:27.032+0000] {logging_mixin.py:149} INFO - [2023-06-16T10:01:27.032+0000] {dag.py:3490} INFO - Setting next_dagrun for example_dag_decorator to None, run_after=None
[2023-06-16T10:01:27.094+0000] {processor.py:179} INFO - Processing /home/airflow/.local/lib/python3.7/site-packages/airflow/example_dags/example_dag_decorator.py took 0.480 seconds
[2023-06-16T10:01:59.421+0000] {processor.py:157} INFO - Started process (PID=480) to work on /home/airflow/.local/lib/python3.7/site-packages/airflow/example_dags/example_dag_decorator.py
[2023-06-16T10:01:59.422+0000] {processor.py:826} INFO - Processing file /home/airflow/.local/lib/python3.7/site-packages/airflow/example_dags/example_dag_decorator.py for tasks to queue
[2023-06-16T10:01:59.423+0000] {logging_mixin.py:149} INFO - [2023-06-16T10:01:59.423+0000] {dagbag.py:541} INFO - Filling up the DagBag from /home/airflow/.local/lib/python3.7/site-packages/airflow/example_dags/example_dag_decorator.py
[2023-06-16T10:01:59.431+0000] {logging_mixin.py:149} INFO - [2023-06-16T10:01:59.431+0000] {taskmixin.py:211} WARNING - Dependency <Task(_PythonDecoratedOperator): prepare_email>, send_email already registered for DAG: example_dag_decorator
[2023-06-16T10:01:59.431+0000] {logging_mixin.py:149} INFO - [2023-06-16T10:01:59.431+0000] {taskmixin.py:211} WARNING - Dependency <Task(EmailOperator): send_email>, prepare_email already registered for DAG: example_dag_decorator
[2023-06-16T10:01:59.442+0000] {processor.py:836} INFO - DAG(s) dict_keys(['example_dag_decorator']) retrieved from /home/airflow/.local/lib/python3.7/site-packages/airflow/example_dags/example_dag_decorator.py
[2023-06-16T10:01:59.538+0000] {logging_mixin.py:149} INFO - [2023-06-16T10:01:59.538+0000] {dag.py:2726} INFO - Sync 1 DAGs
[2023-06-16T10:01:59.568+0000] {logging_mixin.py:149} INFO - [2023-06-16T10:01:59.568+0000] {dag.py:3490} INFO - Setting next_dagrun for example_dag_decorator to None, run_after=None
[2023-06-16T10:01:59.802+0000] {processor.py:179} INFO - Processing /home/airflow/.local/lib/python3.7/site-packages/airflow/example_dags/example_dag_decorator.py took 0.386 seconds
[2023-06-16T10:03:00.454+0000] {processor.py:157} INFO - Started process (PID=558) to work on /home/airflow/.local/lib/python3.7/site-packages/airflow/example_dags/example_dag_decorator.py
[2023-06-16T10:03:00.483+0000] {processor.py:826} INFO - Processing file /home/airflow/.local/lib/python3.7/site-packages/airflow/example_dags/example_dag_decorator.py for tasks to queue
[2023-06-16T10:03:00.485+0000] {logging_mixin.py:149} INFO - [2023-06-16T10:03:00.484+0000] {dagbag.py:541} INFO - Filling up the DagBag from /home/airflow/.local/lib/python3.7/site-packages/airflow/example_dags/example_dag_decorator.py
[2023-06-16T10:03:00.497+0000] {logging_mixin.py:149} INFO - [2023-06-16T10:03:00.497+0000] {taskmixin.py:211} WARNING - Dependency <Task(_PythonDecoratedOperator): prepare_email>, send_email already registered for DAG: example_dag_decorator
[2023-06-16T10:03:00.497+0000] {logging_mixin.py:149} INFO - [2023-06-16T10:03:00.497+0000] {taskmixin.py:211} WARNING - Dependency <Task(EmailOperator): send_email>, prepare_email already registered for DAG: example_dag_decorator
[2023-06-16T10:03:00.512+0000] {processor.py:836} INFO - DAG(s) dict_keys(['example_dag_decorator']) retrieved from /home/airflow/.local/lib/python3.7/site-packages/airflow/example_dags/example_dag_decorator.py
[2023-06-16T10:03:00.644+0000] {logging_mixin.py:149} INFO - [2023-06-16T10:03:00.644+0000] {dag.py:2726} INFO - Sync 1 DAGs
[2023-06-16T10:03:00.706+0000] {logging_mixin.py:149} INFO - [2023-06-16T10:03:00.706+0000] {dag.py:3490} INFO - Setting next_dagrun for example_dag_decorator to None, run_after=None
[2023-06-16T10:03:00.996+0000] {processor.py:179} INFO - Processing /home/airflow/.local/lib/python3.7/site-packages/airflow/example_dags/example_dag_decorator.py took 0.548 seconds
[2023-06-16T10:03:54.588+0000] {processor.py:157} INFO - Started process (PID=642) to work on /home/airflow/.local/lib/python3.7/site-packages/airflow/example_dags/example_dag_decorator.py
[2023-06-16T10:03:54.654+0000] {processor.py:826} INFO - Processing file /home/airflow/.local/lib/python3.7/site-packages/airflow/example_dags/example_dag_decorator.py for tasks to queue
[2023-06-16T10:03:54.655+0000] {logging_mixin.py:149} INFO - [2023-06-16T10:03:54.655+0000] {dagbag.py:541} INFO - Filling up the DagBag from /home/airflow/.local/lib/python3.7/site-packages/airflow/example_dags/example_dag_decorator.py
[2023-06-16T10:03:54.803+0000] {logging_mixin.py:149} INFO - [2023-06-16T10:03:54.786+0000] {taskmixin.py:211} WARNING - Dependency <Task(_PythonDecoratedOperator): prepare_email>, send_email already registered for DAG: example_dag_decorator
[2023-06-16T10:03:54.804+0000] {logging_mixin.py:149} INFO - [2023-06-16T10:03:54.804+0000] {taskmixin.py:211} WARNING - Dependency <Task(EmailOperator): send_email>, prepare_email already registered for DAG: example_dag_decorator
[2023-06-16T10:03:56.232+0000] {processor.py:836} INFO - DAG(s) dict_keys(['example_dag_decorator']) retrieved from /home/airflow/.local/lib/python3.7/site-packages/airflow/example_dags/example_dag_decorator.py
[2023-06-16T10:04:01.480+0000] {logging_mixin.py:149} INFO - [2023-06-16T10:04:01.479+0000] {dag.py:2726} INFO - Sync 1 DAGs
[2023-06-16T10:04:01.860+0000] {logging_mixin.py:149} INFO - [2023-06-16T10:04:01.859+0000] {dag.py:3490} INFO - Setting next_dagrun for example_dag_decorator to None, run_after=None
[2023-06-16T10:04:02.810+0000] {processor.py:179} INFO - Processing /home/airflow/.local/lib/python3.7/site-packages/airflow/example_dags/example_dag_decorator.py took 8.229 seconds
[2023-06-16T10:06:07.418+0000] {processor.py:157} INFO - Started process (PID=738) to work on /home/airflow/.local/lib/python3.7/site-packages/airflow/example_dags/example_dag_decorator.py
[2023-06-16T10:06:07.570+0000] {processor.py:826} INFO - Processing file /home/airflow/.local/lib/python3.7/site-packages/airflow/example_dags/example_dag_decorator.py for tasks to queue
[2023-06-16T10:06:07.574+0000] {logging_mixin.py:149} INFO - [2023-06-16T10:06:07.573+0000] {dagbag.py:541} INFO - Filling up the DagBag from /home/airflow/.local/lib/python3.7/site-packages/airflow/example_dags/example_dag_decorator.py
[2023-06-16T10:06:07.771+0000] {logging_mixin.py:149} INFO - [2023-06-16T10:06:07.771+0000] {taskmixin.py:211} WARNING - Dependency <Task(_PythonDecoratedOperator): prepare_email>, send_email already registered for DAG: example_dag_decorator
[2023-06-16T10:06:07.772+0000] {logging_mixin.py:149} INFO - [2023-06-16T10:06:07.772+0000] {taskmixin.py:211} WARNING - Dependency <Task(EmailOperator): send_email>, prepare_email already registered for DAG: example_dag_decorator
[2023-06-16T10:06:07.798+0000] {processor.py:836} INFO - DAG(s) dict_keys(['example_dag_decorator']) retrieved from /home/airflow/.local/lib/python3.7/site-packages/airflow/example_dags/example_dag_decorator.py
[2023-06-16T10:06:07.891+0000] {logging_mixin.py:149} INFO - [2023-06-16T10:06:07.891+0000] {dag.py:2726} INFO - Sync 1 DAGs
[2023-06-16T10:06:07.928+0000] {logging_mixin.py:149} INFO - [2023-06-16T10:06:07.928+0000] {dag.py:3490} INFO - Setting next_dagrun for example_dag_decorator to None, run_after=None
[2023-06-16T10:06:08.015+0000] {processor.py:179} INFO - Processing /home/airflow/.local/lib/python3.7/site-packages/airflow/example_dags/example_dag_decorator.py took 0.611 seconds
[2023-06-16T10:06:38.915+0000] {processor.py:157} INFO - Started process (PID=806) to work on /home/airflow/.local/lib/python3.7/site-packages/airflow/example_dags/example_dag_decorator.py
[2023-06-16T10:06:38.916+0000] {processor.py:826} INFO - Processing file /home/airflow/.local/lib/python3.7/site-packages/airflow/example_dags/example_dag_decorator.py for tasks to queue
[2023-06-16T10:06:38.917+0000] {logging_mixin.py:149} INFO - [2023-06-16T10:06:38.916+0000] {dagbag.py:541} INFO - Filling up the DagBag from /home/airflow/.local/lib/python3.7/site-packages/airflow/example_dags/example_dag_decorator.py
[2023-06-16T10:06:38.924+0000] {logging_mixin.py:149} INFO - [2023-06-16T10:06:38.924+0000] {taskmixin.py:211} WARNING - Dependency <Task(_PythonDecoratedOperator): prepare_email>, send_email already registered for DAG: example_dag_decorator
[2023-06-16T10:06:38.925+0000] {logging_mixin.py:149} INFO - [2023-06-16T10:06:38.925+0000] {taskmixin.py:211} WARNING - Dependency <Task(EmailOperator): send_email>, prepare_email already registered for DAG: example_dag_decorator
[2023-06-16T10:06:38.938+0000] {processor.py:836} INFO - DAG(s) dict_keys(['example_dag_decorator']) retrieved from /home/airflow/.local/lib/python3.7/site-packages/airflow/example_dags/example_dag_decorator.py
[2023-06-16T10:06:39.060+0000] {logging_mixin.py:149} INFO - [2023-06-16T10:06:39.060+0000] {dag.py:2726} INFO - Sync 1 DAGs
[2023-06-16T10:06:39.100+0000] {logging_mixin.py:149} INFO - [2023-06-16T10:06:39.100+0000] {dag.py:3490} INFO - Setting next_dagrun for example_dag_decorator to None, run_after=None
[2023-06-16T10:06:39.263+0000] {processor.py:179} INFO - Processing /home/airflow/.local/lib/python3.7/site-packages/airflow/example_dags/example_dag_decorator.py took 0.354 seconds
[2023-06-16T10:08:28.173+0000] {processor.py:157} INFO - Started process (PID=899) to work on /home/airflow/.local/lib/python3.7/site-packages/airflow/example_dags/example_dag_decorator.py
[2023-06-16T10:08:28.498+0000] {processor.py:826} INFO - Processing file /home/airflow/.local/lib/python3.7/site-packages/airflow/example_dags/example_dag_decorator.py for tasks to queue
[2023-06-16T10:08:28.502+0000] {logging_mixin.py:149} INFO - [2023-06-16T10:08:28.501+0000] {dagbag.py:541} INFO - Filling up the DagBag from /home/airflow/.local/lib/python3.7/site-packages/airflow/example_dags/example_dag_decorator.py
[2023-06-16T10:08:28.532+0000] {logging_mixin.py:149} INFO - [2023-06-16T10:08:28.531+0000] {taskmixin.py:211} WARNING - Dependency <Task(_PythonDecoratedOperator): prepare_email>, send_email already registered for DAG: example_dag_decorator
[2023-06-16T10:08:28.533+0000] {logging_mixin.py:149} INFO - [2023-06-16T10:08:28.532+0000] {taskmixin.py:211} WARNING - Dependency <Task(EmailOperator): send_email>, prepare_email already registered for DAG: example_dag_decorator
[2023-06-16T10:08:28.553+0000] {processor.py:836} INFO - DAG(s) dict_keys(['example_dag_decorator']) retrieved from /home/airflow/.local/lib/python3.7/site-packages/airflow/example_dags/example_dag_decorator.py
[2023-06-16T10:08:30.449+0000] {logging_mixin.py:149} INFO - [2023-06-16T10:08:30.448+0000] {dag.py:2726} INFO - Sync 1 DAGs
[2023-06-16T10:08:30.515+0000] {logging_mixin.py:149} INFO - [2023-06-16T10:08:30.515+0000] {dag.py:3490} INFO - Setting next_dagrun for example_dag_decorator to None, run_after=None
[2023-06-16T10:08:30.969+0000] {processor.py:179} INFO - Processing /home/airflow/.local/lib/python3.7/site-packages/airflow/example_dags/example_dag_decorator.py took 2.800 seconds
[2023-06-16T10:14:03.217+0000] {processor.py:157} INFO - Started process (PID=77) to work on /home/airflow/.local/lib/python3.7/site-packages/airflow/example_dags/example_dag_decorator.py
[2023-06-16T10:14:03.295+0000] {processor.py:826} INFO - Processing file /home/airflow/.local/lib/python3.7/site-packages/airflow/example_dags/example_dag_decorator.py for tasks to queue
[2023-06-16T10:14:03.298+0000] {logging_mixin.py:149} INFO - [2023-06-16T10:14:03.298+0000] {dagbag.py:541} INFO - Filling up the DagBag from /home/airflow/.local/lib/python3.7/site-packages/airflow/example_dags/example_dag_decorator.py
[2023-06-16T10:14:03.322+0000] {logging_mixin.py:149} INFO - [2023-06-16T10:14:03.321+0000] {taskmixin.py:211} WARNING - Dependency <Task(_PythonDecoratedOperator): prepare_email>, send_email already registered for DAG: example_dag_decorator
[2023-06-16T10:14:03.323+0000] {logging_mixin.py:149} INFO - [2023-06-16T10:14:03.322+0000] {taskmixin.py:211} WARNING - Dependency <Task(EmailOperator): send_email>, prepare_email already registered for DAG: example_dag_decorator
[2023-06-16T10:14:03.342+0000] {processor.py:836} INFO - DAG(s) dict_keys(['example_dag_decorator']) retrieved from /home/airflow/.local/lib/python3.7/site-packages/airflow/example_dags/example_dag_decorator.py
[2023-06-16T10:14:03.466+0000] {logging_mixin.py:149} INFO - [2023-06-16T10:14:03.466+0000] {dag.py:2726} INFO - Sync 1 DAGs
[2023-06-16T10:14:03.508+0000] {logging_mixin.py:149} INFO - [2023-06-16T10:14:03.508+0000] {dag.py:3490} INFO - Setting next_dagrun for example_dag_decorator to None, run_after=None
[2023-06-16T10:14:03.591+0000] {processor.py:179} INFO - Processing /home/airflow/.local/lib/python3.7/site-packages/airflow/example_dags/example_dag_decorator.py took 0.383 seconds
[2023-06-16T10:14:34.858+0000] {processor.py:157} INFO - Started process (PID=138) to work on /home/airflow/.local/lib/python3.7/site-packages/airflow/example_dags/example_dag_decorator.py
[2023-06-16T10:14:34.860+0000] {processor.py:826} INFO - Processing file /home/airflow/.local/lib/python3.7/site-packages/airflow/example_dags/example_dag_decorator.py for tasks to queue
[2023-06-16T10:14:34.861+0000] {logging_mixin.py:149} INFO - [2023-06-16T10:14:34.861+0000] {dagbag.py:541} INFO - Filling up the DagBag from /home/airflow/.local/lib/python3.7/site-packages/airflow/example_dags/example_dag_decorator.py
[2023-06-16T10:14:34.871+0000] {logging_mixin.py:149} INFO - [2023-06-16T10:14:34.871+0000] {taskmixin.py:211} WARNING - Dependency <Task(_PythonDecoratedOperator): prepare_email>, send_email already registered for DAG: example_dag_decorator
[2023-06-16T10:14:34.871+0000] {logging_mixin.py:149} INFO - [2023-06-16T10:14:34.871+0000] {taskmixin.py:211} WARNING - Dependency <Task(EmailOperator): send_email>, prepare_email already registered for DAG: example_dag_decorator
[2023-06-16T10:14:34.881+0000] {processor.py:836} INFO - DAG(s) dict_keys(['example_dag_decorator']) retrieved from /home/airflow/.local/lib/python3.7/site-packages/airflow/example_dags/example_dag_decorator.py
[2023-06-16T10:14:35.107+0000] {logging_mixin.py:149} INFO - [2023-06-16T10:14:35.107+0000] {dag.py:2726} INFO - Sync 1 DAGs
[2023-06-16T10:14:35.167+0000] {logging_mixin.py:149} INFO - [2023-06-16T10:14:35.166+0000] {dag.py:3490} INFO - Setting next_dagrun for example_dag_decorator to None, run_after=None
[2023-06-16T10:14:35.238+0000] {processor.py:179} INFO - Processing /home/airflow/.local/lib/python3.7/site-packages/airflow/example_dags/example_dag_decorator.py took 0.386 seconds
[2023-06-16T10:15:05.304+0000] {processor.py:157} INFO - Started process (PID=207) to work on /home/airflow/.local/lib/python3.7/site-packages/airflow/example_dags/example_dag_decorator.py
[2023-06-16T10:15:05.315+0000] {processor.py:826} INFO - Processing file /home/airflow/.local/lib/python3.7/site-packages/airflow/example_dags/example_dag_decorator.py for tasks to queue
[2023-06-16T10:15:05.316+0000] {logging_mixin.py:149} INFO - [2023-06-16T10:15:05.316+0000] {dagbag.py:541} INFO - Filling up the DagBag from /home/airflow/.local/lib/python3.7/site-packages/airflow/example_dags/example_dag_decorator.py
[2023-06-16T10:15:05.329+0000] {logging_mixin.py:149} INFO - [2023-06-16T10:15:05.329+0000] {taskmixin.py:211} WARNING - Dependency <Task(_PythonDecoratedOperator): prepare_email>, send_email already registered for DAG: example_dag_decorator
[2023-06-16T10:15:05.330+0000] {logging_mixin.py:149} INFO - [2023-06-16T10:15:05.330+0000] {taskmixin.py:211} WARNING - Dependency <Task(EmailOperator): send_email>, prepare_email already registered for DAG: example_dag_decorator
[2023-06-16T10:15:05.364+0000] {processor.py:836} INFO - DAG(s) dict_keys(['example_dag_decorator']) retrieved from /home/airflow/.local/lib/python3.7/site-packages/airflow/example_dags/example_dag_decorator.py
[2023-06-16T10:15:05.657+0000] {logging_mixin.py:149} INFO - [2023-06-16T10:15:05.657+0000] {dag.py:2726} INFO - Sync 1 DAGs
[2023-06-16T10:15:05.687+0000] {logging_mixin.py:149} INFO - [2023-06-16T10:15:05.687+0000] {dag.py:3490} INFO - Setting next_dagrun for example_dag_decorator to None, run_after=None
[2023-06-16T10:15:05.734+0000] {processor.py:179} INFO - Processing /home/airflow/.local/lib/python3.7/site-packages/airflow/example_dags/example_dag_decorator.py took 0.437 seconds
[2023-06-16T10:15:35.792+0000] {processor.py:157} INFO - Started process (PID=275) to work on /home/airflow/.local/lib/python3.7/site-packages/airflow/example_dags/example_dag_decorator.py
[2023-06-16T10:15:35.793+0000] {processor.py:826} INFO - Processing file /home/airflow/.local/lib/python3.7/site-packages/airflow/example_dags/example_dag_decorator.py for tasks to queue
[2023-06-16T10:15:35.793+0000] {logging_mixin.py:149} INFO - [2023-06-16T10:15:35.793+0000] {dagbag.py:541} INFO - Filling up the DagBag from /home/airflow/.local/lib/python3.7/site-packages/airflow/example_dags/example_dag_decorator.py
[2023-06-16T10:15:35.801+0000] {logging_mixin.py:149} INFO - [2023-06-16T10:15:35.801+0000] {taskmixin.py:211} WARNING - Dependency <Task(_PythonDecoratedOperator): prepare_email>, send_email already registered for DAG: example_dag_decorator
[2023-06-16T10:15:35.801+0000] {logging_mixin.py:149} INFO - [2023-06-16T10:15:35.801+0000] {taskmixin.py:211} WARNING - Dependency <Task(EmailOperator): send_email>, prepare_email already registered for DAG: example_dag_decorator
[2023-06-16T10:15:35.812+0000] {processor.py:836} INFO - DAG(s) dict_keys(['example_dag_decorator']) retrieved from /home/airflow/.local/lib/python3.7/site-packages/airflow/example_dags/example_dag_decorator.py
[2023-06-16T10:15:35.901+0000] {logging_mixin.py:149} INFO - [2023-06-16T10:15:35.901+0000] {dag.py:2726} INFO - Sync 1 DAGs
[2023-06-16T10:15:35.930+0000] {logging_mixin.py:149} INFO - [2023-06-16T10:15:35.930+0000] {dag.py:3490} INFO - Setting next_dagrun for example_dag_decorator to None, run_after=None
[2023-06-16T10:15:35.968+0000] {processor.py:179} INFO - Processing /home/airflow/.local/lib/python3.7/site-packages/airflow/example_dags/example_dag_decorator.py took 0.180 seconds
[2023-06-16T10:16:06.353+0000] {processor.py:157} INFO - Started process (PID=343) to work on /home/airflow/.local/lib/python3.7/site-packages/airflow/example_dags/example_dag_decorator.py
[2023-06-16T10:16:06.360+0000] {processor.py:826} INFO - Processing file /home/airflow/.local/lib/python3.7/site-packages/airflow/example_dags/example_dag_decorator.py for tasks to queue
[2023-06-16T10:16:06.361+0000] {logging_mixin.py:149} INFO - [2023-06-16T10:16:06.360+0000] {dagbag.py:541} INFO - Filling up the DagBag from /home/airflow/.local/lib/python3.7/site-packages/airflow/example_dags/example_dag_decorator.py
[2023-06-16T10:16:06.369+0000] {logging_mixin.py:149} INFO - [2023-06-16T10:16:06.368+0000] {taskmixin.py:211} WARNING - Dependency <Task(_PythonDecoratedOperator): prepare_email>, send_email already registered for DAG: example_dag_decorator
[2023-06-16T10:16:06.369+0000] {logging_mixin.py:149} INFO - [2023-06-16T10:16:06.369+0000] {taskmixin.py:211} WARNING - Dependency <Task(EmailOperator): send_email>, prepare_email already registered for DAG: example_dag_decorator
[2023-06-16T10:16:06.380+0000] {processor.py:836} INFO - DAG(s) dict_keys(['example_dag_decorator']) retrieved from /home/airflow/.local/lib/python3.7/site-packages/airflow/example_dags/example_dag_decorator.py
[2023-06-16T10:16:06.472+0000] {logging_mixin.py:149} INFO - [2023-06-16T10:16:06.471+0000] {dag.py:2726} INFO - Sync 1 DAGs
[2023-06-16T10:16:06.507+0000] {logging_mixin.py:149} INFO - [2023-06-16T10:16:06.507+0000] {dag.py:3490} INFO - Setting next_dagrun for example_dag_decorator to None, run_after=None
[2023-06-16T10:16:06.536+0000] {processor.py:179} INFO - Processing /home/airflow/.local/lib/python3.7/site-packages/airflow/example_dags/example_dag_decorator.py took 0.187 seconds
[2023-06-16T10:16:37.450+0000] {processor.py:157} INFO - Started process (PID=411) to work on /home/airflow/.local/lib/python3.7/site-packages/airflow/example_dags/example_dag_decorator.py
[2023-06-16T10:16:37.563+0000] {processor.py:826} INFO - Processing file /home/airflow/.local/lib/python3.7/site-packages/airflow/example_dags/example_dag_decorator.py for tasks to queue
[2023-06-16T10:16:37.564+0000] {logging_mixin.py:149} INFO - [2023-06-16T10:16:37.564+0000] {dagbag.py:541} INFO - Filling up the DagBag from /home/airflow/.local/lib/python3.7/site-packages/airflow/example_dags/example_dag_decorator.py
[2023-06-16T10:16:37.575+0000] {logging_mixin.py:149} INFO - [2023-06-16T10:16:37.574+0000] {taskmixin.py:211} WARNING - Dependency <Task(_PythonDecoratedOperator): prepare_email>, send_email already registered for DAG: example_dag_decorator
[2023-06-16T10:16:37.575+0000] {logging_mixin.py:149} INFO - [2023-06-16T10:16:37.575+0000] {taskmixin.py:211} WARNING - Dependency <Task(EmailOperator): send_email>, prepare_email already registered for DAG: example_dag_decorator
[2023-06-16T10:16:37.590+0000] {processor.py:836} INFO - DAG(s) dict_keys(['example_dag_decorator']) retrieved from /home/airflow/.local/lib/python3.7/site-packages/airflow/example_dags/example_dag_decorator.py
[2023-06-16T10:16:37.716+0000] {logging_mixin.py:149} INFO - [2023-06-16T10:16:37.716+0000] {dag.py:2726} INFO - Sync 1 DAGs
[2023-06-16T10:16:37.775+0000] {logging_mixin.py:149} INFO - [2023-06-16T10:16:37.775+0000] {dag.py:3490} INFO - Setting next_dagrun for example_dag_decorator to None, run_after=None
[2023-06-16T10:16:38.003+0000] {processor.py:179} INFO - Processing /home/airflow/.local/lib/python3.7/site-packages/airflow/example_dags/example_dag_decorator.py took 0.558 seconds
[2023-06-16T10:17:08.847+0000] {processor.py:157} INFO - Started process (PID=478) to work on /home/airflow/.local/lib/python3.7/site-packages/airflow/example_dags/example_dag_decorator.py
[2023-06-16T10:17:08.925+0000] {processor.py:826} INFO - Processing file /home/airflow/.local/lib/python3.7/site-packages/airflow/example_dags/example_dag_decorator.py for tasks to queue
[2023-06-16T10:17:08.927+0000] {logging_mixin.py:149} INFO - [2023-06-16T10:17:08.926+0000] {dagbag.py:541} INFO - Filling up the DagBag from /home/airflow/.local/lib/python3.7/site-packages/airflow/example_dags/example_dag_decorator.py
[2023-06-16T10:17:08.938+0000] {logging_mixin.py:149} INFO - [2023-06-16T10:17:08.937+0000] {taskmixin.py:211} WARNING - Dependency <Task(_PythonDecoratedOperator): prepare_email>, send_email already registered for DAG: example_dag_decorator
[2023-06-16T10:17:08.938+0000] {logging_mixin.py:149} INFO - [2023-06-16T10:17:08.938+0000] {taskmixin.py:211} WARNING - Dependency <Task(EmailOperator): send_email>, prepare_email already registered for DAG: example_dag_decorator
[2023-06-16T10:17:08.953+0000] {processor.py:836} INFO - DAG(s) dict_keys(['example_dag_decorator']) retrieved from /home/airflow/.local/lib/python3.7/site-packages/airflow/example_dags/example_dag_decorator.py
[2023-06-16T10:17:09.084+0000] {logging_mixin.py:149} INFO - [2023-06-16T10:17:09.083+0000] {dag.py:2726} INFO - Sync 1 DAGs
[2023-06-16T10:17:09.132+0000] {logging_mixin.py:149} INFO - [2023-06-16T10:17:09.132+0000] {dag.py:3490} INFO - Setting next_dagrun for example_dag_decorator to None, run_after=None
[2023-06-16T10:17:09.321+0000] {processor.py:179} INFO - Processing /home/airflow/.local/lib/python3.7/site-packages/airflow/example_dags/example_dag_decorator.py took 0.479 seconds
[2023-06-16T10:18:11.589+0000] {processor.py:157} INFO - Started process (PID=553) to work on /home/airflow/.local/lib/python3.7/site-packages/airflow/example_dags/example_dag_decorator.py
[2023-06-16T10:18:11.757+0000] {processor.py:826} INFO - Processing file /home/airflow/.local/lib/python3.7/site-packages/airflow/example_dags/example_dag_decorator.py for tasks to queue
[2023-06-16T10:18:11.762+0000] {logging_mixin.py:149} INFO - [2023-06-16T10:18:11.761+0000] {dagbag.py:541} INFO - Filling up the DagBag from /home/airflow/.local/lib/python3.7/site-packages/airflow/example_dags/example_dag_decorator.py
[2023-06-16T10:18:11.782+0000] {logging_mixin.py:149} INFO - [2023-06-16T10:18:11.782+0000] {taskmixin.py:211} WARNING - Dependency <Task(_PythonDecoratedOperator): prepare_email>, send_email already registered for DAG: example_dag_decorator
[2023-06-16T10:18:11.783+0000] {logging_mixin.py:149} INFO - [2023-06-16T10:18:11.782+0000] {taskmixin.py:211} WARNING - Dependency <Task(EmailOperator): send_email>, prepare_email already registered for DAG: example_dag_decorator
[2023-06-16T10:18:11.855+0000] {processor.py:836} INFO - DAG(s) dict_keys(['example_dag_decorator']) retrieved from /home/airflow/.local/lib/python3.7/site-packages/airflow/example_dags/example_dag_decorator.py
[2023-06-16T10:18:12.214+0000] {logging_mixin.py:149} INFO - [2023-06-16T10:18:12.213+0000] {dag.py:2726} INFO - Sync 1 DAGs
[2023-06-16T10:18:12.308+0000] {logging_mixin.py:149} INFO - [2023-06-16T10:18:12.308+0000] {dag.py:3490} INFO - Setting next_dagrun for example_dag_decorator to None, run_after=None
[2023-06-16T10:18:12.430+0000] {processor.py:179} INFO - Processing /home/airflow/.local/lib/python3.7/site-packages/airflow/example_dags/example_dag_decorator.py took 0.845 seconds
[2023-06-16T10:18:42.579+0000] {processor.py:157} INFO - Started process (PID=621) to work on /home/airflow/.local/lib/python3.7/site-packages/airflow/example_dags/example_dag_decorator.py
[2023-06-16T10:18:42.580+0000] {processor.py:826} INFO - Processing file /home/airflow/.local/lib/python3.7/site-packages/airflow/example_dags/example_dag_decorator.py for tasks to queue
[2023-06-16T10:18:42.581+0000] {logging_mixin.py:149} INFO - [2023-06-16T10:18:42.581+0000] {dagbag.py:541} INFO - Filling up the DagBag from /home/airflow/.local/lib/python3.7/site-packages/airflow/example_dags/example_dag_decorator.py
[2023-06-16T10:18:42.589+0000] {logging_mixin.py:149} INFO - [2023-06-16T10:18:42.589+0000] {taskmixin.py:211} WARNING - Dependency <Task(_PythonDecoratedOperator): prepare_email>, send_email already registered for DAG: example_dag_decorator
[2023-06-16T10:18:42.589+0000] {logging_mixin.py:149} INFO - [2023-06-16T10:18:42.589+0000] {taskmixin.py:211} WARNING - Dependency <Task(EmailOperator): send_email>, prepare_email already registered for DAG: example_dag_decorator
[2023-06-16T10:18:42.599+0000] {processor.py:836} INFO - DAG(s) dict_keys(['example_dag_decorator']) retrieved from /home/airflow/.local/lib/python3.7/site-packages/airflow/example_dags/example_dag_decorator.py
[2023-06-16T10:18:42.701+0000] {logging_mixin.py:149} INFO - [2023-06-16T10:18:42.701+0000] {dag.py:2726} INFO - Sync 1 DAGs
[2023-06-16T10:18:42.731+0000] {logging_mixin.py:149} INFO - [2023-06-16T10:18:42.731+0000] {dag.py:3490} INFO - Setting next_dagrun for example_dag_decorator to None, run_after=None
[2023-06-16T10:18:42.763+0000] {processor.py:179} INFO - Processing /home/airflow/.local/lib/python3.7/site-packages/airflow/example_dags/example_dag_decorator.py took 0.187 seconds
[2023-06-16T10:19:13.312+0000] {processor.py:157} INFO - Started process (PID=689) to work on /home/airflow/.local/lib/python3.7/site-packages/airflow/example_dags/example_dag_decorator.py
[2023-06-16T10:19:13.313+0000] {processor.py:826} INFO - Processing file /home/airflow/.local/lib/python3.7/site-packages/airflow/example_dags/example_dag_decorator.py for tasks to queue
[2023-06-16T10:19:13.314+0000] {logging_mixin.py:149} INFO - [2023-06-16T10:19:13.314+0000] {dagbag.py:541} INFO - Filling up the DagBag from /home/airflow/.local/lib/python3.7/site-packages/airflow/example_dags/example_dag_decorator.py
[2023-06-16T10:19:13.322+0000] {logging_mixin.py:149} INFO - [2023-06-16T10:19:13.322+0000] {taskmixin.py:211} WARNING - Dependency <Task(_PythonDecoratedOperator): prepare_email>, send_email already registered for DAG: example_dag_decorator
[2023-06-16T10:19:13.322+0000] {logging_mixin.py:149} INFO - [2023-06-16T10:19:13.322+0000] {taskmixin.py:211} WARNING - Dependency <Task(EmailOperator): send_email>, prepare_email already registered for DAG: example_dag_decorator
[2023-06-16T10:19:13.332+0000] {processor.py:836} INFO - DAG(s) dict_keys(['example_dag_decorator']) retrieved from /home/airflow/.local/lib/python3.7/site-packages/airflow/example_dags/example_dag_decorator.py
[2023-06-16T10:19:13.468+0000] {logging_mixin.py:149} INFO - [2023-06-16T10:19:13.468+0000] {dag.py:2726} INFO - Sync 1 DAGs
[2023-06-16T10:19:13.506+0000] {logging_mixin.py:149} INFO - [2023-06-16T10:19:13.506+0000] {dag.py:3490} INFO - Setting next_dagrun for example_dag_decorator to None, run_after=None
[2023-06-16T10:19:13.558+0000] {processor.py:179} INFO - Processing /home/airflow/.local/lib/python3.7/site-packages/airflow/example_dags/example_dag_decorator.py took 0.250 seconds
[2023-06-16T10:19:44.166+0000] {processor.py:157} INFO - Started process (PID=748) to work on /home/airflow/.local/lib/python3.7/site-packages/airflow/example_dags/example_dag_decorator.py
[2023-06-16T10:19:44.184+0000] {processor.py:826} INFO - Processing file /home/airflow/.local/lib/python3.7/site-packages/airflow/example_dags/example_dag_decorator.py for tasks to queue
[2023-06-16T10:19:44.185+0000] {logging_mixin.py:149} INFO - [2023-06-16T10:19:44.185+0000] {dagbag.py:541} INFO - Filling up the DagBag from /home/airflow/.local/lib/python3.7/site-packages/airflow/example_dags/example_dag_decorator.py
[2023-06-16T10:19:44.195+0000] {logging_mixin.py:149} INFO - [2023-06-16T10:19:44.195+0000] {taskmixin.py:211} WARNING - Dependency <Task(_PythonDecoratedOperator): prepare_email>, send_email already registered for DAG: example_dag_decorator
[2023-06-16T10:19:44.195+0000] {logging_mixin.py:149} INFO - [2023-06-16T10:19:44.195+0000] {taskmixin.py:211} WARNING - Dependency <Task(EmailOperator): send_email>, prepare_email already registered for DAG: example_dag_decorator
[2023-06-16T10:19:44.215+0000] {processor.py:836} INFO - DAG(s) dict_keys(['example_dag_decorator']) retrieved from /home/airflow/.local/lib/python3.7/site-packages/airflow/example_dags/example_dag_decorator.py
