[2023-06-16T00:40:12.878+0000] {processor.py:157} INFO - Started process (PID=135) to work on /home/airflow/.local/lib/python3.7/site-packages/airflow/example_dags/example_latest_only_with_trigger.py
[2023-06-16T00:40:12.879+0000] {processor.py:826} INFO - Processing file /home/airflow/.local/lib/python3.7/site-packages/airflow/example_dags/example_latest_only_with_trigger.py for tasks to queue
[2023-06-16T00:40:12.880+0000] {logging_mixin.py:149} INFO - [2023-06-16T00:40:12.880+0000] {dagbag.py:541} INFO - Filling up the DagBag from /home/airflow/.local/lib/python3.7/site-packages/airflow/example_dags/example_latest_only_with_trigger.py
[2023-06-16T00:40:13.022+0000] {processor.py:836} INFO - DAG(s) dict_keys(['latest_only_with_trigger']) retrieved from /home/airflow/.local/lib/python3.7/site-packages/airflow/example_dags/example_latest_only_with_trigger.py
[2023-06-16T00:40:13.080+0000] {logging_mixin.py:149} INFO - [2023-06-16T00:40:13.080+0000] {dag.py:2726} INFO - Sync 1 DAGs
[2023-06-16T00:40:13.142+0000] {logging_mixin.py:149} INFO - [2023-06-16T00:40:13.142+0000] {dag.py:3490} INFO - Setting next_dagrun for latest_only_with_trigger to 2023-06-15T20:40:13.141849+00:00, run_after=2023-06-16T00:40:13.141849+00:00
[2023-06-16T00:40:13.291+0000] {processor.py:179} INFO - Processing /home/airflow/.local/lib/python3.7/site-packages/airflow/example_dags/example_latest_only_with_trigger.py took 0.417 seconds
[2023-06-16T00:42:09.737+0000] {processor.py:157} INFO - Started process (PID=246) to work on /home/airflow/.local/lib/python3.7/site-packages/airflow/example_dags/example_latest_only_with_trigger.py
[2023-06-16T00:42:09.829+0000] {processor.py:826} INFO - Processing file /home/airflow/.local/lib/python3.7/site-packages/airflow/example_dags/example_latest_only_with_trigger.py for tasks to queue
[2023-06-16T00:42:09.890+0000] {logging_mixin.py:149} INFO - [2023-06-16T00:42:09.889+0000] {dagbag.py:541} INFO - Filling up the DagBag from /home/airflow/.local/lib/python3.7/site-packages/airflow/example_dags/example_latest_only_with_trigger.py
[2023-06-16T00:42:09.912+0000] {processor.py:836} INFO - DAG(s) dict_keys(['latest_only_with_trigger']) retrieved from /home/airflow/.local/lib/python3.7/site-packages/airflow/example_dags/example_latest_only_with_trigger.py
[2023-06-16T00:42:10.008+0000] {logging_mixin.py:149} INFO - [2023-06-16T00:42:10.008+0000] {dag.py:2726} INFO - Sync 1 DAGs
[2023-06-16T00:42:10.082+0000] {logging_mixin.py:149} INFO - [2023-06-16T00:42:10.082+0000] {dag.py:3490} INFO - Setting next_dagrun for latest_only_with_trigger to 2023-06-15T20:42:10.081486+00:00, run_after=2023-06-16T00:42:10.081486+00:00
[2023-06-16T00:42:10.167+0000] {processor.py:179} INFO - Processing /home/airflow/.local/lib/python3.7/site-packages/airflow/example_dags/example_latest_only_with_trigger.py took 0.435 seconds
[2023-06-16T00:42:40.457+0000] {processor.py:157} INFO - Started process (PID=315) to work on /home/airflow/.local/lib/python3.7/site-packages/airflow/example_dags/example_latest_only_with_trigger.py
[2023-06-16T00:42:40.458+0000] {processor.py:826} INFO - Processing file /home/airflow/.local/lib/python3.7/site-packages/airflow/example_dags/example_latest_only_with_trigger.py for tasks to queue
[2023-06-16T00:42:40.459+0000] {logging_mixin.py:149} INFO - [2023-06-16T00:42:40.459+0000] {dagbag.py:541} INFO - Filling up the DagBag from /home/airflow/.local/lib/python3.7/site-packages/airflow/example_dags/example_latest_only_with_trigger.py
[2023-06-16T00:42:40.472+0000] {processor.py:836} INFO - DAG(s) dict_keys(['latest_only_with_trigger']) retrieved from /home/airflow/.local/lib/python3.7/site-packages/airflow/example_dags/example_latest_only_with_trigger.py
[2023-06-16T00:42:40.519+0000] {logging_mixin.py:149} INFO - [2023-06-16T00:42:40.519+0000] {dag.py:2726} INFO - Sync 1 DAGs
[2023-06-16T00:42:40.574+0000] {logging_mixin.py:149} INFO - [2023-06-16T00:42:40.574+0000] {dag.py:3490} INFO - Setting next_dagrun for latest_only_with_trigger to 2023-06-15T20:42:40.574194+00:00, run_after=2023-06-16T00:42:40.574194+00:00
[2023-06-16T00:42:40.691+0000] {processor.py:179} INFO - Processing /home/airflow/.local/lib/python3.7/site-packages/airflow/example_dags/example_latest_only_with_trigger.py took 0.239 seconds
[2023-06-16T00:43:21.548+0000] {processor.py:157} INFO - Started process (PID=389) to work on /home/airflow/.local/lib/python3.7/site-packages/airflow/example_dags/example_latest_only_with_trigger.py
[2023-06-16T00:43:21.608+0000] {processor.py:826} INFO - Processing file /home/airflow/.local/lib/python3.7/site-packages/airflow/example_dags/example_latest_only_with_trigger.py for tasks to queue
[2023-06-16T00:43:21.609+0000] {logging_mixin.py:149} INFO - [2023-06-16T00:43:21.609+0000] {dagbag.py:541} INFO - Filling up the DagBag from /home/airflow/.local/lib/python3.7/site-packages/airflow/example_dags/example_latest_only_with_trigger.py
[2023-06-16T00:43:21.617+0000] {processor.py:836} INFO - DAG(s) dict_keys(['latest_only_with_trigger']) retrieved from /home/airflow/.local/lib/python3.7/site-packages/airflow/example_dags/example_latest_only_with_trigger.py
[2023-06-16T00:43:21.659+0000] {logging_mixin.py:149} INFO - [2023-06-16T00:43:21.659+0000] {dag.py:2726} INFO - Sync 1 DAGs
[2023-06-16T00:43:21.696+0000] {logging_mixin.py:149} INFO - [2023-06-16T00:43:21.696+0000] {dag.py:3490} INFO - Setting next_dagrun for latest_only_with_trigger to 2023-06-15T20:43:21.696487+00:00, run_after=2023-06-16T00:43:21.696487+00:00
[2023-06-16T00:43:21.861+0000] {processor.py:179} INFO - Processing /home/airflow/.local/lib/python3.7/site-packages/airflow/example_dags/example_latest_only_with_trigger.py took 0.318 seconds
[2023-06-16T00:43:52.828+0000] {processor.py:157} INFO - Started process (PID=451) to work on /home/airflow/.local/lib/python3.7/site-packages/airflow/example_dags/example_latest_only_with_trigger.py
[2023-06-16T00:43:52.829+0000] {processor.py:826} INFO - Processing file /home/airflow/.local/lib/python3.7/site-packages/airflow/example_dags/example_latest_only_with_trigger.py for tasks to queue
[2023-06-16T00:43:52.830+0000] {logging_mixin.py:149} INFO - [2023-06-16T00:43:52.830+0000] {dagbag.py:541} INFO - Filling up the DagBag from /home/airflow/.local/lib/python3.7/site-packages/airflow/example_dags/example_latest_only_with_trigger.py
[2023-06-16T00:43:52.839+0000] {processor.py:836} INFO - DAG(s) dict_keys(['latest_only_with_trigger']) retrieved from /home/airflow/.local/lib/python3.7/site-packages/airflow/example_dags/example_latest_only_with_trigger.py
[2023-06-16T00:43:52.876+0000] {logging_mixin.py:149} INFO - [2023-06-16T00:43:52.876+0000] {dag.py:2726} INFO - Sync 1 DAGs
[2023-06-16T00:43:52.937+0000] {logging_mixin.py:149} INFO - [2023-06-16T00:43:52.937+0000] {dag.py:3490} INFO - Setting next_dagrun for latest_only_with_trigger to 2023-06-15T20:43:52.937098+00:00, run_after=2023-06-16T00:43:52.937098+00:00
[2023-06-16T00:43:53.263+0000] {processor.py:179} INFO - Processing /home/airflow/.local/lib/python3.7/site-packages/airflow/example_dags/example_latest_only_with_trigger.py took 0.440 seconds
[2023-06-16T00:44:45.069+0000] {processor.py:157} INFO - Started process (PID=539) to work on /home/airflow/.local/lib/python3.7/site-packages/airflow/example_dags/example_latest_only_with_trigger.py
[2023-06-16T00:44:45.211+0000] {processor.py:826} INFO - Processing file /home/airflow/.local/lib/python3.7/site-packages/airflow/example_dags/example_latest_only_with_trigger.py for tasks to queue
[2023-06-16T00:44:45.215+0000] {logging_mixin.py:149} INFO - [2023-06-16T00:44:45.214+0000] {dagbag.py:541} INFO - Filling up the DagBag from /home/airflow/.local/lib/python3.7/site-packages/airflow/example_dags/example_latest_only_with_trigger.py
[2023-06-16T00:44:45.239+0000] {processor.py:836} INFO - DAG(s) dict_keys(['latest_only_with_trigger']) retrieved from /home/airflow/.local/lib/python3.7/site-packages/airflow/example_dags/example_latest_only_with_trigger.py
[2023-06-16T00:44:45.283+0000] {logging_mixin.py:149} INFO - [2023-06-16T00:44:45.283+0000] {dag.py:2726} INFO - Sync 1 DAGs
[2023-06-16T00:44:45.333+0000] {logging_mixin.py:149} INFO - [2023-06-16T00:44:45.332+0000] {dag.py:3490} INFO - Setting next_dagrun for latest_only_with_trigger to 2023-06-15T20:44:45.332457+00:00, run_after=2023-06-16T00:44:45.332457+00:00
[2023-06-16T00:44:45.504+0000] {processor.py:179} INFO - Processing /home/airflow/.local/lib/python3.7/site-packages/airflow/example_dags/example_latest_only_with_trigger.py took 0.441 seconds
[2023-06-16T00:45:25.345+0000] {processor.py:157} INFO - Started process (PID=603) to work on /home/airflow/.local/lib/python3.7/site-packages/airflow/example_dags/example_latest_only_with_trigger.py
[2023-06-16T00:45:25.370+0000] {processor.py:826} INFO - Processing file /home/airflow/.local/lib/python3.7/site-packages/airflow/example_dags/example_latest_only_with_trigger.py for tasks to queue
[2023-06-16T00:45:25.373+0000] {logging_mixin.py:149} INFO - [2023-06-16T00:45:25.372+0000] {dagbag.py:541} INFO - Filling up the DagBag from /home/airflow/.local/lib/python3.7/site-packages/airflow/example_dags/example_latest_only_with_trigger.py
[2023-06-16T00:45:25.391+0000] {processor.py:836} INFO - DAG(s) dict_keys(['latest_only_with_trigger']) retrieved from /home/airflow/.local/lib/python3.7/site-packages/airflow/example_dags/example_latest_only_with_trigger.py
[2023-06-16T00:45:25.436+0000] {logging_mixin.py:149} INFO - [2023-06-16T00:45:25.436+0000] {dag.py:2726} INFO - Sync 1 DAGs
[2023-06-16T00:45:25.496+0000] {logging_mixin.py:149} INFO - [2023-06-16T00:45:25.495+0000] {dag.py:3490} INFO - Setting next_dagrun for latest_only_with_trigger to 2023-06-15T20:45:25.495437+00:00, run_after=2023-06-16T00:45:25.495437+00:00
[2023-06-16T00:45:25.623+0000] {processor.py:179} INFO - Processing /home/airflow/.local/lib/python3.7/site-packages/airflow/example_dags/example_latest_only_with_trigger.py took 0.284 seconds
[2023-06-16T00:46:39.056+0000] {processor.py:157} INFO - Started process (PID=686) to work on /home/airflow/.local/lib/python3.7/site-packages/airflow/example_dags/example_latest_only_with_trigger.py
[2023-06-16T00:46:39.188+0000] {processor.py:826} INFO - Processing file /home/airflow/.local/lib/python3.7/site-packages/airflow/example_dags/example_latest_only_with_trigger.py for tasks to queue
[2023-06-16T00:46:39.192+0000] {logging_mixin.py:149} INFO - [2023-06-16T00:46:39.191+0000] {dagbag.py:541} INFO - Filling up the DagBag from /home/airflow/.local/lib/python3.7/site-packages/airflow/example_dags/example_latest_only_with_trigger.py
[2023-06-16T00:46:39.405+0000] {processor.py:836} INFO - DAG(s) dict_keys(['latest_only_with_trigger']) retrieved from /home/airflow/.local/lib/python3.7/site-packages/airflow/example_dags/example_latest_only_with_trigger.py
[2023-06-16T00:46:39.446+0000] {logging_mixin.py:149} INFO - [2023-06-16T00:46:39.446+0000] {dag.py:2726} INFO - Sync 1 DAGs
[2023-06-16T00:46:39.517+0000] {logging_mixin.py:149} INFO - [2023-06-16T00:46:39.517+0000] {dag.py:3490} INFO - Setting next_dagrun for latest_only_with_trigger to 2023-06-15T20:46:39.516864+00:00, run_after=2023-06-16T00:46:39.516864+00:00
[2023-06-16T00:46:39.793+0000] {processor.py:179} INFO - Processing /home/airflow/.local/lib/python3.7/site-packages/airflow/example_dags/example_latest_only_with_trigger.py took 0.742 seconds
[2023-06-16T00:47:31.561+0000] {processor.py:157} INFO - Started process (PID=792) to work on /home/airflow/.local/lib/python3.7/site-packages/airflow/example_dags/example_latest_only_with_trigger.py
[2023-06-16T00:47:31.642+0000] {processor.py:826} INFO - Processing file /home/airflow/.local/lib/python3.7/site-packages/airflow/example_dags/example_latest_only_with_trigger.py for tasks to queue
[2023-06-16T00:47:31.644+0000] {logging_mixin.py:149} INFO - [2023-06-16T00:47:31.643+0000] {dagbag.py:541} INFO - Filling up the DagBag from /home/airflow/.local/lib/python3.7/site-packages/airflow/example_dags/example_latest_only_with_trigger.py
[2023-06-16T00:47:31.655+0000] {processor.py:836} INFO - DAG(s) dict_keys(['latest_only_with_trigger']) retrieved from /home/airflow/.local/lib/python3.7/site-packages/airflow/example_dags/example_latest_only_with_trigger.py
[2023-06-16T00:47:31.703+0000] {logging_mixin.py:149} INFO - [2023-06-16T00:47:31.702+0000] {dag.py:2726} INFO - Sync 1 DAGs
[2023-06-16T00:47:31.755+0000] {logging_mixin.py:149} INFO - [2023-06-16T00:47:31.755+0000] {dag.py:3490} INFO - Setting next_dagrun for latest_only_with_trigger to 2023-06-15T20:47:31.754772+00:00, run_after=2023-06-16T00:47:31.754772+00:00
[2023-06-16T00:47:32.016+0000] {processor.py:179} INFO - Processing /home/airflow/.local/lib/python3.7/site-packages/airflow/example_dags/example_latest_only_with_trigger.py took 0.460 seconds
[2023-06-16T00:49:18.431+0000] {processor.py:157} INFO - Started process (PID=888) to work on /home/airflow/.local/lib/python3.7/site-packages/airflow/example_dags/example_latest_only_with_trigger.py
[2023-06-16T00:49:18.466+0000] {processor.py:826} INFO - Processing file /home/airflow/.local/lib/python3.7/site-packages/airflow/example_dags/example_latest_only_with_trigger.py for tasks to queue
[2023-06-16T00:49:18.468+0000] {logging_mixin.py:149} INFO - [2023-06-16T00:49:18.468+0000] {dagbag.py:541} INFO - Filling up the DagBag from /home/airflow/.local/lib/python3.7/site-packages/airflow/example_dags/example_latest_only_with_trigger.py
[2023-06-16T00:49:18.491+0000] {processor.py:836} INFO - DAG(s) dict_keys(['latest_only_with_trigger']) retrieved from /home/airflow/.local/lib/python3.7/site-packages/airflow/example_dags/example_latest_only_with_trigger.py
[2023-06-16T00:49:18.535+0000] {logging_mixin.py:149} INFO - [2023-06-16T00:49:18.535+0000] {dag.py:2726} INFO - Sync 1 DAGs
[2023-06-16T00:49:18.611+0000] {logging_mixin.py:149} INFO - [2023-06-16T00:49:18.611+0000] {dag.py:3490} INFO - Setting next_dagrun for latest_only_with_trigger to 2023-06-15T20:49:18.610892+00:00, run_after=2023-06-16T00:49:18.610892+00:00
[2023-06-16T00:49:18.724+0000] {processor.py:179} INFO - Processing /home/airflow/.local/lib/python3.7/site-packages/airflow/example_dags/example_latest_only_with_trigger.py took 0.298 seconds
[2023-06-16T00:49:48.852+0000] {processor.py:157} INFO - Started process (PID=955) to work on /home/airflow/.local/lib/python3.7/site-packages/airflow/example_dags/example_latest_only_with_trigger.py
[2023-06-16T00:49:48.854+0000] {processor.py:826} INFO - Processing file /home/airflow/.local/lib/python3.7/site-packages/airflow/example_dags/example_latest_only_with_trigger.py for tasks to queue
[2023-06-16T00:49:48.855+0000] {logging_mixin.py:149} INFO - [2023-06-16T00:49:48.855+0000] {dagbag.py:541} INFO - Filling up the DagBag from /home/airflow/.local/lib/python3.7/site-packages/airflow/example_dags/example_latest_only_with_trigger.py
[2023-06-16T00:49:48.872+0000] {processor.py:836} INFO - DAG(s) dict_keys(['latest_only_with_trigger']) retrieved from /home/airflow/.local/lib/python3.7/site-packages/airflow/example_dags/example_latest_only_with_trigger.py
[2023-06-16T00:49:48.922+0000] {logging_mixin.py:149} INFO - [2023-06-16T00:49:48.922+0000] {dag.py:2726} INFO - Sync 1 DAGs
[2023-06-16T00:49:48.994+0000] {logging_mixin.py:149} INFO - [2023-06-16T00:49:48.993+0000] {dag.py:3490} INFO - Setting next_dagrun for latest_only_with_trigger to 2023-06-15T20:49:48.993388+00:00, run_after=2023-06-16T00:49:48.993388+00:00
[2023-06-16T00:49:49.102+0000] {processor.py:179} INFO - Processing /home/airflow/.local/lib/python3.7/site-packages/airflow/example_dags/example_latest_only_with_trigger.py took 0.256 seconds
[2023-06-16T00:50:26.625+0000] {processor.py:157} INFO - Started process (PID=1034) to work on /home/airflow/.local/lib/python3.7/site-packages/airflow/example_dags/example_latest_only_with_trigger.py
[2023-06-16T00:50:26.688+0000] {processor.py:826} INFO - Processing file /home/airflow/.local/lib/python3.7/site-packages/airflow/example_dags/example_latest_only_with_trigger.py for tasks to queue
[2023-06-16T00:50:26.691+0000] {logging_mixin.py:149} INFO - [2023-06-16T00:50:26.690+0000] {dagbag.py:541} INFO - Filling up the DagBag from /home/airflow/.local/lib/python3.7/site-packages/airflow/example_dags/example_latest_only_with_trigger.py
[2023-06-16T00:50:26.716+0000] {processor.py:836} INFO - DAG(s) dict_keys(['latest_only_with_trigger']) retrieved from /home/airflow/.local/lib/python3.7/site-packages/airflow/example_dags/example_latest_only_with_trigger.py
[2023-06-16T00:50:26.779+0000] {logging_mixin.py:149} INFO - [2023-06-16T00:50:26.779+0000] {dag.py:2726} INFO - Sync 1 DAGs
[2023-06-16T00:50:26.815+0000] {logging_mixin.py:149} INFO - [2023-06-16T00:50:26.815+0000] {dag.py:3490} INFO - Setting next_dagrun for latest_only_with_trigger to 2023-06-15T20:50:26.815200+00:00, run_after=2023-06-16T00:50:26.815200+00:00
[2023-06-16T00:50:26.958+0000] {processor.py:179} INFO - Processing /home/airflow/.local/lib/python3.7/site-packages/airflow/example_dags/example_latest_only_with_trigger.py took 0.351 seconds
[2023-06-16T00:51:02.378+0000] {processor.py:157} INFO - Started process (PID=1100) to work on /home/airflow/.local/lib/python3.7/site-packages/airflow/example_dags/example_latest_only_with_trigger.py
[2023-06-16T00:51:02.423+0000] {processor.py:826} INFO - Processing file /home/airflow/.local/lib/python3.7/site-packages/airflow/example_dags/example_latest_only_with_trigger.py for tasks to queue
[2023-06-16T00:51:02.424+0000] {logging_mixin.py:149} INFO - [2023-06-16T00:51:02.424+0000] {dagbag.py:541} INFO - Filling up the DagBag from /home/airflow/.local/lib/python3.7/site-packages/airflow/example_dags/example_latest_only_with_trigger.py
[2023-06-16T00:51:02.437+0000] {processor.py:836} INFO - DAG(s) dict_keys(['latest_only_with_trigger']) retrieved from /home/airflow/.local/lib/python3.7/site-packages/airflow/example_dags/example_latest_only_with_trigger.py
[2023-06-16T00:51:02.486+0000] {logging_mixin.py:149} INFO - [2023-06-16T00:51:02.486+0000] {dag.py:2726} INFO - Sync 1 DAGs
[2023-06-16T00:51:02.550+0000] {logging_mixin.py:149} INFO - [2023-06-16T00:51:02.550+0000] {dag.py:3490} INFO - Setting next_dagrun for latest_only_with_trigger to 2023-06-15T20:51:02.550328+00:00, run_after=2023-06-16T00:51:02.550328+00:00
[2023-06-16T00:51:02.758+0000] {processor.py:179} INFO - Processing /home/airflow/.local/lib/python3.7/site-packages/airflow/example_dags/example_latest_only_with_trigger.py took 0.386 seconds
[2023-06-16T00:52:18.674+0000] {processor.py:157} INFO - Started process (PID=1181) to work on /home/airflow/.local/lib/python3.7/site-packages/airflow/example_dags/example_latest_only_with_trigger.py
[2023-06-16T00:52:18.918+0000] {processor.py:826} INFO - Processing file /home/airflow/.local/lib/python3.7/site-packages/airflow/example_dags/example_latest_only_with_trigger.py for tasks to queue
[2023-06-16T00:52:18.921+0000] {logging_mixin.py:149} INFO - [2023-06-16T00:52:18.920+0000] {dagbag.py:541} INFO - Filling up the DagBag from /home/airflow/.local/lib/python3.7/site-packages/airflow/example_dags/example_latest_only_with_trigger.py
[2023-06-16T00:52:19.012+0000] {processor.py:836} INFO - DAG(s) dict_keys(['latest_only_with_trigger']) retrieved from /home/airflow/.local/lib/python3.7/site-packages/airflow/example_dags/example_latest_only_with_trigger.py
[2023-06-16T00:52:19.057+0000] {logging_mixin.py:149} INFO - [2023-06-16T00:52:19.056+0000] {dag.py:2726} INFO - Sync 1 DAGs
[2023-06-16T00:52:19.110+0000] {logging_mixin.py:149} INFO - [2023-06-16T00:52:19.110+0000] {dag.py:3490} INFO - Setting next_dagrun for latest_only_with_trigger to 2023-06-15T20:52:19.110148+00:00, run_after=2023-06-16T00:52:19.110148+00:00
[2023-06-16T00:52:19.385+0000] {processor.py:179} INFO - Processing /home/airflow/.local/lib/python3.7/site-packages/airflow/example_dags/example_latest_only_with_trigger.py took 0.724 seconds
[2023-06-16T00:58:45.704+0000] {processor.py:157} INFO - Started process (PID=115) to work on /home/airflow/.local/lib/python3.7/site-packages/airflow/example_dags/example_latest_only_with_trigger.py
[2023-06-16T00:58:45.831+0000] {processor.py:826} INFO - Processing file /home/airflow/.local/lib/python3.7/site-packages/airflow/example_dags/example_latest_only_with_trigger.py for tasks to queue
[2023-06-16T00:58:45.834+0000] {logging_mixin.py:149} INFO - [2023-06-16T00:58:45.833+0000] {dagbag.py:541} INFO - Filling up the DagBag from /home/airflow/.local/lib/python3.7/site-packages/airflow/example_dags/example_latest_only_with_trigger.py
[2023-06-16T00:58:46.127+0000] {processor.py:836} INFO - DAG(s) dict_keys(['latest_only_with_trigger']) retrieved from /home/airflow/.local/lib/python3.7/site-packages/airflow/example_dags/example_latest_only_with_trigger.py
[2023-06-16T00:58:47.684+0000] {logging_mixin.py:149} INFO - [2023-06-16T00:58:47.684+0000] {dag.py:2726} INFO - Sync 1 DAGs
[2023-06-16T00:58:48.037+0000] {logging_mixin.py:149} INFO - [2023-06-16T00:58:48.037+0000] {dag.py:3490} INFO - Setting next_dagrun for latest_only_with_trigger to 2023-06-15T20:58:48.036499+00:00, run_after=2023-06-16T00:58:48.036499+00:00
[2023-06-16T00:58:48.444+0000] {processor.py:179} INFO - Processing /home/airflow/.local/lib/python3.7/site-packages/airflow/example_dags/example_latest_only_with_trigger.py took 2.746 seconds
[2023-06-16T01:02:18.742+0000] {processor.py:157} INFO - Started process (PID=231) to work on /home/airflow/.local/lib/python3.7/site-packages/airflow/example_dags/example_latest_only_with_trigger.py
[2023-06-16T01:02:18.876+0000] {processor.py:826} INFO - Processing file /home/airflow/.local/lib/python3.7/site-packages/airflow/example_dags/example_latest_only_with_trigger.py for tasks to queue
[2023-06-16T01:02:18.878+0000] {logging_mixin.py:149} INFO - [2023-06-16T01:02:18.877+0000] {dagbag.py:541} INFO - Filling up the DagBag from /home/airflow/.local/lib/python3.7/site-packages/airflow/example_dags/example_latest_only_with_trigger.py
[2023-06-16T01:02:18.901+0000] {processor.py:836} INFO - DAG(s) dict_keys(['latest_only_with_trigger']) retrieved from /home/airflow/.local/lib/python3.7/site-packages/airflow/example_dags/example_latest_only_with_trigger.py
[2023-06-16T01:02:19.005+0000] {logging_mixin.py:149} INFO - [2023-06-16T01:02:19.004+0000] {dag.py:2726} INFO - Sync 1 DAGs
[2023-06-16T01:02:19.168+0000] {logging_mixin.py:149} INFO - [2023-06-16T01:02:19.168+0000] {dag.py:3490} INFO - Setting next_dagrun for latest_only_with_trigger to 2023-06-15T21:02:19.167055+00:00, run_after=2023-06-16T01:02:19.167055+00:00
[2023-06-16T01:02:19.288+0000] {processor.py:179} INFO - Processing /home/airflow/.local/lib/python3.7/site-packages/airflow/example_dags/example_latest_only_with_trigger.py took 0.552 seconds
[2023-06-16T01:02:49.450+0000] {processor.py:157} INFO - Started process (PID=288) to work on /home/airflow/.local/lib/python3.7/site-packages/airflow/example_dags/example_latest_only_with_trigger.py
[2023-06-16T01:02:49.451+0000] {processor.py:826} INFO - Processing file /home/airflow/.local/lib/python3.7/site-packages/airflow/example_dags/example_latest_only_with_trigger.py for tasks to queue
[2023-06-16T01:02:49.452+0000] {logging_mixin.py:149} INFO - [2023-06-16T01:02:49.451+0000] {dagbag.py:541} INFO - Filling up the DagBag from /home/airflow/.local/lib/python3.7/site-packages/airflow/example_dags/example_latest_only_with_trigger.py
[2023-06-16T01:02:49.460+0000] {processor.py:836} INFO - DAG(s) dict_keys(['latest_only_with_trigger']) retrieved from /home/airflow/.local/lib/python3.7/site-packages/airflow/example_dags/example_latest_only_with_trigger.py
[2023-06-16T01:02:49.497+0000] {logging_mixin.py:149} INFO - [2023-06-16T01:02:49.497+0000] {dag.py:2726} INFO - Sync 1 DAGs
[2023-06-16T01:02:49.542+0000] {logging_mixin.py:149} INFO - [2023-06-16T01:02:49.542+0000] {dag.py:3490} INFO - Setting next_dagrun for latest_only_with_trigger to 2023-06-15T21:02:49.542115+00:00, run_after=2023-06-16T01:02:49.542115+00:00
[2023-06-16T01:02:49.660+0000] {processor.py:179} INFO - Processing /home/airflow/.local/lib/python3.7/site-packages/airflow/example_dags/example_latest_only_with_trigger.py took 0.214 seconds
[2023-06-16T01:03:19.833+0000] {processor.py:157} INFO - Started process (PID=355) to work on /home/airflow/.local/lib/python3.7/site-packages/airflow/example_dags/example_latest_only_with_trigger.py
[2023-06-16T01:03:19.862+0000] {processor.py:826} INFO - Processing file /home/airflow/.local/lib/python3.7/site-packages/airflow/example_dags/example_latest_only_with_trigger.py for tasks to queue
[2023-06-16T01:03:19.863+0000] {logging_mixin.py:149} INFO - [2023-06-16T01:03:19.863+0000] {dagbag.py:541} INFO - Filling up the DagBag from /home/airflow/.local/lib/python3.7/site-packages/airflow/example_dags/example_latest_only_with_trigger.py
[2023-06-16T01:03:19.870+0000] {processor.py:836} INFO - DAG(s) dict_keys(['latest_only_with_trigger']) retrieved from /home/airflow/.local/lib/python3.7/site-packages/airflow/example_dags/example_latest_only_with_trigger.py
[2023-06-16T01:03:19.904+0000] {logging_mixin.py:149} INFO - [2023-06-16T01:03:19.904+0000] {dag.py:2726} INFO - Sync 1 DAGs
[2023-06-16T01:03:19.939+0000] {logging_mixin.py:149} INFO - [2023-06-16T01:03:19.938+0000] {dag.py:3490} INFO - Setting next_dagrun for latest_only_with_trigger to 2023-06-15T21:03:19.938613+00:00, run_after=2023-06-16T01:03:19.938613+00:00
[2023-06-16T01:03:19.993+0000] {processor.py:179} INFO - Processing /home/airflow/.local/lib/python3.7/site-packages/airflow/example_dags/example_latest_only_with_trigger.py took 0.165 seconds
[2023-06-16T01:03:50.140+0000] {processor.py:157} INFO - Started process (PID=425) to work on /home/airflow/.local/lib/python3.7/site-packages/airflow/example_dags/example_latest_only_with_trigger.py
[2023-06-16T01:03:50.141+0000] {processor.py:826} INFO - Processing file /home/airflow/.local/lib/python3.7/site-packages/airflow/example_dags/example_latest_only_with_trigger.py for tasks to queue
[2023-06-16T01:03:50.142+0000] {logging_mixin.py:149} INFO - [2023-06-16T01:03:50.142+0000] {dagbag.py:541} INFO - Filling up the DagBag from /home/airflow/.local/lib/python3.7/site-packages/airflow/example_dags/example_latest_only_with_trigger.py
[2023-06-16T01:03:50.150+0000] {processor.py:836} INFO - DAG(s) dict_keys(['latest_only_with_trigger']) retrieved from /home/airflow/.local/lib/python3.7/site-packages/airflow/example_dags/example_latest_only_with_trigger.py
[2023-06-16T01:03:50.181+0000] {logging_mixin.py:149} INFO - [2023-06-16T01:03:50.181+0000] {dag.py:2726} INFO - Sync 1 DAGs
[2023-06-16T01:03:50.219+0000] {logging_mixin.py:149} INFO - [2023-06-16T01:03:50.219+0000] {dag.py:3490} INFO - Setting next_dagrun for latest_only_with_trigger to 2023-06-15T21:03:50.219380+00:00, run_after=2023-06-16T01:03:50.219380+00:00
[2023-06-16T01:03:50.268+0000] {processor.py:179} INFO - Processing /home/airflow/.local/lib/python3.7/site-packages/airflow/example_dags/example_latest_only_with_trigger.py took 0.132 seconds
[2023-06-16T09:58:41.364+0000] {processor.py:157} INFO - Started process (PID=102) to work on /home/airflow/.local/lib/python3.7/site-packages/airflow/example_dags/example_latest_only_with_trigger.py
[2023-06-16T09:58:41.504+0000] {processor.py:826} INFO - Processing file /home/airflow/.local/lib/python3.7/site-packages/airflow/example_dags/example_latest_only_with_trigger.py for tasks to queue
[2023-06-16T09:58:41.505+0000] {logging_mixin.py:149} INFO - [2023-06-16T09:58:41.505+0000] {dagbag.py:541} INFO - Filling up the DagBag from /home/airflow/.local/lib/python3.7/site-packages/airflow/example_dags/example_latest_only_with_trigger.py
[2023-06-16T09:58:41.645+0000] {processor.py:836} INFO - DAG(s) dict_keys(['latest_only_with_trigger']) retrieved from /home/airflow/.local/lib/python3.7/site-packages/airflow/example_dags/example_latest_only_with_trigger.py
[2023-06-16T09:58:41.697+0000] {logging_mixin.py:149} INFO - [2023-06-16T09:58:41.697+0000] {dag.py:2726} INFO - Sync 1 DAGs
[2023-06-16T09:58:41.789+0000] {logging_mixin.py:149} INFO - [2023-06-16T09:58:41.788+0000] {dag.py:3490} INFO - Setting next_dagrun for latest_only_with_trigger to 2023-06-16T05:58:41.788437+00:00, run_after=2023-06-16T09:58:41.788437+00:00
[2023-06-16T09:58:41.925+0000] {processor.py:179} INFO - Processing /home/airflow/.local/lib/python3.7/site-packages/airflow/example_dags/example_latest_only_with_trigger.py took 0.565 seconds
[2023-06-16T09:59:12.339+0000] {processor.py:157} INFO - Started process (PID=170) to work on /home/airflow/.local/lib/python3.7/site-packages/airflow/example_dags/example_latest_only_with_trigger.py
[2023-06-16T09:59:12.377+0000] {processor.py:826} INFO - Processing file /home/airflow/.local/lib/python3.7/site-packages/airflow/example_dags/example_latest_only_with_trigger.py for tasks to queue
[2023-06-16T09:59:12.378+0000] {logging_mixin.py:149} INFO - [2023-06-16T09:59:12.378+0000] {dagbag.py:541} INFO - Filling up the DagBag from /home/airflow/.local/lib/python3.7/site-packages/airflow/example_dags/example_latest_only_with_trigger.py
[2023-06-16T09:59:12.389+0000] {processor.py:836} INFO - DAG(s) dict_keys(['latest_only_with_trigger']) retrieved from /home/airflow/.local/lib/python3.7/site-packages/airflow/example_dags/example_latest_only_with_trigger.py
[2023-06-16T09:59:12.424+0000] {logging_mixin.py:149} INFO - [2023-06-16T09:59:12.424+0000] {dag.py:2726} INFO - Sync 1 DAGs
[2023-06-16T09:59:12.615+0000] {logging_mixin.py:149} INFO - [2023-06-16T09:59:12.615+0000] {dag.py:3490} INFO - Setting next_dagrun for latest_only_with_trigger to 2023-06-16T05:59:12.615275+00:00, run_after=2023-06-16T09:59:12.615275+00:00
[2023-06-16T09:59:12.765+0000] {processor.py:179} INFO - Processing /home/airflow/.local/lib/python3.7/site-packages/airflow/example_dags/example_latest_only_with_trigger.py took 0.430 seconds
[2023-06-16T09:59:49.390+0000] {processor.py:157} INFO - Started process (PID=241) to work on /home/airflow/.local/lib/python3.7/site-packages/airflow/example_dags/example_latest_only_with_trigger.py
[2023-06-16T09:59:49.391+0000] {processor.py:826} INFO - Processing file /home/airflow/.local/lib/python3.7/site-packages/airflow/example_dags/example_latest_only_with_trigger.py for tasks to queue
[2023-06-16T09:59:49.392+0000] {logging_mixin.py:149} INFO - [2023-06-16T09:59:49.392+0000] {dagbag.py:541} INFO - Filling up the DagBag from /home/airflow/.local/lib/python3.7/site-packages/airflow/example_dags/example_latest_only_with_trigger.py
[2023-06-16T09:59:49.399+0000] {processor.py:836} INFO - DAG(s) dict_keys(['latest_only_with_trigger']) retrieved from /home/airflow/.local/lib/python3.7/site-packages/airflow/example_dags/example_latest_only_with_trigger.py
[2023-06-16T09:59:49.432+0000] {logging_mixin.py:149} INFO - [2023-06-16T09:59:49.432+0000] {dag.py:2726} INFO - Sync 1 DAGs
[2023-06-16T09:59:49.472+0000] {logging_mixin.py:149} INFO - [2023-06-16T09:59:49.472+0000] {dag.py:3490} INFO - Setting next_dagrun for latest_only_with_trigger to 2023-06-16T05:59:49.472127+00:00, run_after=2023-06-16T09:59:49.472127+00:00
[2023-06-16T09:59:49.512+0000] {processor.py:179} INFO - Processing /home/airflow/.local/lib/python3.7/site-packages/airflow/example_dags/example_latest_only_with_trigger.py took 0.126 seconds
[2023-06-16T10:00:20.246+0000] {processor.py:157} INFO - Started process (PID=309) to work on /home/airflow/.local/lib/python3.7/site-packages/airflow/example_dags/example_latest_only_with_trigger.py
[2023-06-16T10:00:20.247+0000] {processor.py:826} INFO - Processing file /home/airflow/.local/lib/python3.7/site-packages/airflow/example_dags/example_latest_only_with_trigger.py for tasks to queue
[2023-06-16T10:00:20.249+0000] {logging_mixin.py:149} INFO - [2023-06-16T10:00:20.248+0000] {dagbag.py:541} INFO - Filling up the DagBag from /home/airflow/.local/lib/python3.7/site-packages/airflow/example_dags/example_latest_only_with_trigger.py
[2023-06-16T10:00:20.257+0000] {processor.py:836} INFO - DAG(s) dict_keys(['latest_only_with_trigger']) retrieved from /home/airflow/.local/lib/python3.7/site-packages/airflow/example_dags/example_latest_only_with_trigger.py
[2023-06-16T10:00:20.295+0000] {logging_mixin.py:149} INFO - [2023-06-16T10:00:20.295+0000] {dag.py:2726} INFO - Sync 1 DAGs
[2023-06-16T10:00:20.333+0000] {logging_mixin.py:149} INFO - [2023-06-16T10:00:20.333+0000] {dag.py:3490} INFO - Setting next_dagrun for latest_only_with_trigger to 2023-06-16T06:00:20.333070+00:00, run_after=2023-06-16T10:00:20.333070+00:00
[2023-06-16T10:00:20.512+0000] {processor.py:179} INFO - Processing /home/airflow/.local/lib/python3.7/site-packages/airflow/example_dags/example_latest_only_with_trigger.py took 0.271 seconds
[2023-06-16T10:01:06.353+0000] {processor.py:157} INFO - Started process (PID=381) to work on /home/airflow/.local/lib/python3.7/site-packages/airflow/example_dags/example_latest_only_with_trigger.py
[2023-06-16T10:01:06.460+0000] {processor.py:826} INFO - Processing file /home/airflow/.local/lib/python3.7/site-packages/airflow/example_dags/example_latest_only_with_trigger.py for tasks to queue
[2023-06-16T10:01:06.461+0000] {logging_mixin.py:149} INFO - [2023-06-16T10:01:06.461+0000] {dagbag.py:541} INFO - Filling up the DagBag from /home/airflow/.local/lib/python3.7/site-packages/airflow/example_dags/example_latest_only_with_trigger.py
[2023-06-16T10:01:06.469+0000] {processor.py:836} INFO - DAG(s) dict_keys(['latest_only_with_trigger']) retrieved from /home/airflow/.local/lib/python3.7/site-packages/airflow/example_dags/example_latest_only_with_trigger.py
[2023-06-16T10:01:06.510+0000] {logging_mixin.py:149} INFO - [2023-06-16T10:01:06.510+0000] {dag.py:2726} INFO - Sync 1 DAGs
[2023-06-16T10:01:06.573+0000] {logging_mixin.py:149} INFO - [2023-06-16T10:01:06.573+0000] {dag.py:3490} INFO - Setting next_dagrun for latest_only_with_trigger to 2023-06-16T06:01:06.572989+00:00, run_after=2023-06-16T10:01:06.572989+00:00
[2023-06-16T10:01:07.451+0000] {processor.py:179} INFO - Processing /home/airflow/.local/lib/python3.7/site-packages/airflow/example_dags/example_latest_only_with_trigger.py took 1.106 seconds
[2023-06-16T10:01:37.881+0000] {processor.py:157} INFO - Started process (PID=448) to work on /home/airflow/.local/lib/python3.7/site-packages/airflow/example_dags/example_latest_only_with_trigger.py
[2023-06-16T10:01:37.906+0000] {processor.py:826} INFO - Processing file /home/airflow/.local/lib/python3.7/site-packages/airflow/example_dags/example_latest_only_with_trigger.py for tasks to queue
[2023-06-16T10:01:37.907+0000] {logging_mixin.py:149} INFO - [2023-06-16T10:01:37.907+0000] {dagbag.py:541} INFO - Filling up the DagBag from /home/airflow/.local/lib/python3.7/site-packages/airflow/example_dags/example_latest_only_with_trigger.py
[2023-06-16T10:01:37.917+0000] {processor.py:836} INFO - DAG(s) dict_keys(['latest_only_with_trigger']) retrieved from /home/airflow/.local/lib/python3.7/site-packages/airflow/example_dags/example_latest_only_with_trigger.py
[2023-06-16T10:01:37.955+0000] {logging_mixin.py:149} INFO - [2023-06-16T10:01:37.955+0000] {dag.py:2726} INFO - Sync 1 DAGs
[2023-06-16T10:01:37.998+0000] {logging_mixin.py:149} INFO - [2023-06-16T10:01:37.998+0000] {dag.py:3490} INFO - Setting next_dagrun for latest_only_with_trigger to 2023-06-16T06:01:37.997933+00:00, run_after=2023-06-16T10:01:37.997933+00:00
[2023-06-16T10:01:38.060+0000] {processor.py:179} INFO - Processing /home/airflow/.local/lib/python3.7/site-packages/airflow/example_dags/example_latest_only_with_trigger.py took 0.186 seconds
[2023-06-16T10:02:08.483+0000] {processor.py:157} INFO - Started process (PID=516) to work on /home/airflow/.local/lib/python3.7/site-packages/airflow/example_dags/example_latest_only_with_trigger.py
[2023-06-16T10:02:08.611+0000] {processor.py:826} INFO - Processing file /home/airflow/.local/lib/python3.7/site-packages/airflow/example_dags/example_latest_only_with_trigger.py for tasks to queue
[2023-06-16T10:02:08.614+0000] {logging_mixin.py:149} INFO - [2023-06-16T10:02:08.613+0000] {dagbag.py:541} INFO - Filling up the DagBag from /home/airflow/.local/lib/python3.7/site-packages/airflow/example_dags/example_latest_only_with_trigger.py
[2023-06-16T10:02:08.636+0000] {processor.py:836} INFO - DAG(s) dict_keys(['latest_only_with_trigger']) retrieved from /home/airflow/.local/lib/python3.7/site-packages/airflow/example_dags/example_latest_only_with_trigger.py
[2023-06-16T10:02:08.675+0000] {logging_mixin.py:149} INFO - [2023-06-16T10:02:08.674+0000] {dag.py:2726} INFO - Sync 1 DAGs
[2023-06-16T10:02:08.708+0000] {logging_mixin.py:149} INFO - [2023-06-16T10:02:08.708+0000] {dag.py:3490} INFO - Setting next_dagrun for latest_only_with_trigger to 2023-06-16T06:02:08.707877+00:00, run_after=2023-06-16T10:02:08.707877+00:00
[2023-06-16T10:02:08.785+0000] {processor.py:179} INFO - Processing /home/airflow/.local/lib/python3.7/site-packages/airflow/example_dags/example_latest_only_with_trigger.py took 0.311 seconds
[2023-06-16T10:03:19.039+0000] {processor.py:157} INFO - Started process (PID=607) to work on /home/airflow/.local/lib/python3.7/site-packages/airflow/example_dags/example_latest_only_with_trigger.py
[2023-06-16T10:03:19.084+0000] {processor.py:826} INFO - Processing file /home/airflow/.local/lib/python3.7/site-packages/airflow/example_dags/example_latest_only_with_trigger.py for tasks to queue
[2023-06-16T10:03:19.088+0000] {logging_mixin.py:149} INFO - [2023-06-16T10:03:19.087+0000] {dagbag.py:541} INFO - Filling up the DagBag from /home/airflow/.local/lib/python3.7/site-packages/airflow/example_dags/example_latest_only_with_trigger.py
[2023-06-16T10:03:19.287+0000] {processor.py:836} INFO - DAG(s) dict_keys(['latest_only_with_trigger']) retrieved from /home/airflow/.local/lib/python3.7/site-packages/airflow/example_dags/example_latest_only_with_trigger.py
[2023-06-16T10:03:19.587+0000] {logging_mixin.py:149} INFO - [2023-06-16T10:03:19.587+0000] {dag.py:2726} INFO - Sync 1 DAGs
[2023-06-16T10:03:19.643+0000] {logging_mixin.py:149} INFO - [2023-06-16T10:03:19.643+0000] {dag.py:3490} INFO - Setting next_dagrun for latest_only_with_trigger to 2023-06-16T06:03:19.643277+00:00, run_after=2023-06-16T10:03:19.643277+00:00
[2023-06-16T10:03:19.759+0000] {processor.py:179} INFO - Processing /home/airflow/.local/lib/python3.7/site-packages/airflow/example_dags/example_latest_only_with_trigger.py took 0.726 seconds
[2023-06-16T10:05:26.142+0000] {processor.py:157} INFO - Started process (PID=701) to work on /home/airflow/.local/lib/python3.7/site-packages/airflow/example_dags/example_latest_only_with_trigger.py
[2023-06-16T10:05:26.315+0000] {processor.py:826} INFO - Processing file /home/airflow/.local/lib/python3.7/site-packages/airflow/example_dags/example_latest_only_with_trigger.py for tasks to queue
[2023-06-16T10:05:26.318+0000] {logging_mixin.py:149} INFO - [2023-06-16T10:05:26.317+0000] {dagbag.py:541} INFO - Filling up the DagBag from /home/airflow/.local/lib/python3.7/site-packages/airflow/example_dags/example_latest_only_with_trigger.py
[2023-06-16T10:05:26.418+0000] {processor.py:836} INFO - DAG(s) dict_keys(['latest_only_with_trigger']) retrieved from /home/airflow/.local/lib/python3.7/site-packages/airflow/example_dags/example_latest_only_with_trigger.py
[2023-06-16T10:05:26.459+0000] {logging_mixin.py:149} INFO - [2023-06-16T10:05:26.459+0000] {dag.py:2726} INFO - Sync 1 DAGs
[2023-06-16T10:05:26.494+0000] {logging_mixin.py:149} INFO - [2023-06-16T10:05:26.493+0000] {dag.py:3490} INFO - Setting next_dagrun for latest_only_with_trigger to 2023-06-16T06:05:26.493409+00:00, run_after=2023-06-16T10:05:26.493409+00:00
[2023-06-16T10:05:26.741+0000] {processor.py:179} INFO - Processing /home/airflow/.local/lib/python3.7/site-packages/airflow/example_dags/example_latest_only_with_trigger.py took 0.606 seconds
[2023-06-16T10:06:17.039+0000] {processor.py:157} INFO - Started process (PID=769) to work on /home/airflow/.local/lib/python3.7/site-packages/airflow/example_dags/example_latest_only_with_trigger.py
[2023-06-16T10:06:17.171+0000] {processor.py:826} INFO - Processing file /home/airflow/.local/lib/python3.7/site-packages/airflow/example_dags/example_latest_only_with_trigger.py for tasks to queue
[2023-06-16T10:06:17.175+0000] {logging_mixin.py:149} INFO - [2023-06-16T10:06:17.174+0000] {dagbag.py:541} INFO - Filling up the DagBag from /home/airflow/.local/lib/python3.7/site-packages/airflow/example_dags/example_latest_only_with_trigger.py
[2023-06-16T10:06:17.264+0000] {processor.py:836} INFO - DAG(s) dict_keys(['latest_only_with_trigger']) retrieved from /home/airflow/.local/lib/python3.7/site-packages/airflow/example_dags/example_latest_only_with_trigger.py
[2023-06-16T10:06:17.317+0000] {logging_mixin.py:149} INFO - [2023-06-16T10:06:17.317+0000] {dag.py:2726} INFO - Sync 1 DAGs
[2023-06-16T10:06:17.381+0000] {logging_mixin.py:149} INFO - [2023-06-16T10:06:17.381+0000] {dag.py:3490} INFO - Setting next_dagrun for latest_only_with_trigger to 2023-06-16T06:06:17.381265+00:00, run_after=2023-06-16T10:06:17.381265+00:00
[2023-06-16T10:06:17.477+0000] {processor.py:179} INFO - Processing /home/airflow/.local/lib/python3.7/site-packages/airflow/example_dags/example_latest_only_with_trigger.py took 0.442 seconds
[2023-06-16T10:06:47.656+0000] {processor.py:157} INFO - Started process (PID=837) to work on /home/airflow/.local/lib/python3.7/site-packages/airflow/example_dags/example_latest_only_with_trigger.py
[2023-06-16T10:06:47.657+0000] {processor.py:826} INFO - Processing file /home/airflow/.local/lib/python3.7/site-packages/airflow/example_dags/example_latest_only_with_trigger.py for tasks to queue
[2023-06-16T10:06:47.657+0000] {logging_mixin.py:149} INFO - [2023-06-16T10:06:47.657+0000] {dagbag.py:541} INFO - Filling up the DagBag from /home/airflow/.local/lib/python3.7/site-packages/airflow/example_dags/example_latest_only_with_trigger.py
[2023-06-16T10:06:47.665+0000] {processor.py:836} INFO - DAG(s) dict_keys(['latest_only_with_trigger']) retrieved from /home/airflow/.local/lib/python3.7/site-packages/airflow/example_dags/example_latest_only_with_trigger.py
[2023-06-16T10:06:47.701+0000] {logging_mixin.py:149} INFO - [2023-06-16T10:06:47.701+0000] {dag.py:2726} INFO - Sync 1 DAGs
[2023-06-16T10:06:47.739+0000] {logging_mixin.py:149} INFO - [2023-06-16T10:06:47.739+0000] {dag.py:3490} INFO - Setting next_dagrun for latest_only_with_trigger to 2023-06-16T06:06:47.739014+00:00, run_after=2023-06-16T10:06:47.739014+00:00
[2023-06-16T10:06:47.889+0000] {processor.py:179} INFO - Processing /home/airflow/.local/lib/python3.7/site-packages/airflow/example_dags/example_latest_only_with_trigger.py took 0.237 seconds
[2023-06-16T10:08:49.680+0000] {processor.py:157} INFO - Started process (PID=932) to work on /home/airflow/.local/lib/python3.7/site-packages/airflow/example_dags/example_latest_only_with_trigger.py
[2023-06-16T10:08:49.864+0000] {processor.py:826} INFO - Processing file /home/airflow/.local/lib/python3.7/site-packages/airflow/example_dags/example_latest_only_with_trigger.py for tasks to queue
[2023-06-16T10:08:49.867+0000] {logging_mixin.py:149} INFO - [2023-06-16T10:08:49.866+0000] {dagbag.py:541} INFO - Filling up the DagBag from /home/airflow/.local/lib/python3.7/site-packages/airflow/example_dags/example_latest_only_with_trigger.py
[2023-06-16T10:08:49.895+0000] {processor.py:836} INFO - DAG(s) dict_keys(['latest_only_with_trigger']) retrieved from /home/airflow/.local/lib/python3.7/site-packages/airflow/example_dags/example_latest_only_with_trigger.py
[2023-06-16T10:08:49.951+0000] {logging_mixin.py:149} INFO - [2023-06-16T10:08:49.951+0000] {dag.py:2726} INFO - Sync 1 DAGs
[2023-06-16T10:08:50.006+0000] {logging_mixin.py:149} INFO - [2023-06-16T10:08:50.006+0000] {dag.py:3490} INFO - Setting next_dagrun for latest_only_with_trigger to 2023-06-16T06:08:50.006307+00:00, run_after=2023-06-16T10:08:50.006307+00:00
[2023-06-16T10:08:50.308+0000] {processor.py:179} INFO - Processing /home/airflow/.local/lib/python3.7/site-packages/airflow/example_dags/example_latest_only_with_trigger.py took 0.637 seconds
[2023-06-16T10:14:12.720+0000] {processor.py:157} INFO - Started process (PID=104) to work on /home/airflow/.local/lib/python3.7/site-packages/airflow/example_dags/example_latest_only_with_trigger.py
[2023-06-16T10:14:12.825+0000] {processor.py:826} INFO - Processing file /home/airflow/.local/lib/python3.7/site-packages/airflow/example_dags/example_latest_only_with_trigger.py for tasks to queue
[2023-06-16T10:14:12.826+0000] {logging_mixin.py:149} INFO - [2023-06-16T10:14:12.825+0000] {dagbag.py:541} INFO - Filling up the DagBag from /home/airflow/.local/lib/python3.7/site-packages/airflow/example_dags/example_latest_only_with_trigger.py
[2023-06-16T10:14:12.832+0000] {processor.py:836} INFO - DAG(s) dict_keys(['latest_only_with_trigger']) retrieved from /home/airflow/.local/lib/python3.7/site-packages/airflow/example_dags/example_latest_only_with_trigger.py
[2023-06-16T10:14:12.864+0000] {logging_mixin.py:149} INFO - [2023-06-16T10:14:12.864+0000] {dag.py:2726} INFO - Sync 1 DAGs
[2023-06-16T10:14:12.897+0000] {logging_mixin.py:149} INFO - [2023-06-16T10:14:12.897+0000] {dag.py:3490} INFO - Setting next_dagrun for latest_only_with_trigger to 2023-06-16T06:14:12.897086+00:00, run_after=2023-06-16T10:14:12.897086+00:00
[2023-06-16T10:14:13.024+0000] {processor.py:179} INFO - Processing /home/airflow/.local/lib/python3.7/site-packages/airflow/example_dags/example_latest_only_with_trigger.py took 0.308 seconds
[2023-06-16T10:14:43.873+0000] {processor.py:157} INFO - Started process (PID=173) to work on /home/airflow/.local/lib/python3.7/site-packages/airflow/example_dags/example_latest_only_with_trigger.py
[2023-06-16T10:14:43.951+0000] {processor.py:826} INFO - Processing file /home/airflow/.local/lib/python3.7/site-packages/airflow/example_dags/example_latest_only_with_trigger.py for tasks to queue
[2023-06-16T10:14:43.952+0000] {logging_mixin.py:149} INFO - [2023-06-16T10:14:43.952+0000] {dagbag.py:541} INFO - Filling up the DagBag from /home/airflow/.local/lib/python3.7/site-packages/airflow/example_dags/example_latest_only_with_trigger.py
[2023-06-16T10:14:43.961+0000] {processor.py:836} INFO - DAG(s) dict_keys(['latest_only_with_trigger']) retrieved from /home/airflow/.local/lib/python3.7/site-packages/airflow/example_dags/example_latest_only_with_trigger.py
[2023-06-16T10:14:44.028+0000] {logging_mixin.py:149} INFO - [2023-06-16T10:14:44.028+0000] {dag.py:2726} INFO - Sync 1 DAGs
[2023-06-16T10:14:44.222+0000] {logging_mixin.py:149} INFO - [2023-06-16T10:14:44.222+0000] {dag.py:3490} INFO - Setting next_dagrun for latest_only_with_trigger to 2023-06-16T06:14:44.221626+00:00, run_after=2023-06-16T10:14:44.221626+00:00
[2023-06-16T10:14:44.395+0000] {processor.py:179} INFO - Processing /home/airflow/.local/lib/python3.7/site-packages/airflow/example_dags/example_latest_only_with_trigger.py took 0.526 seconds
[2023-06-16T10:15:14.840+0000] {processor.py:157} INFO - Started process (PID=234) to work on /home/airflow/.local/lib/python3.7/site-packages/airflow/example_dags/example_latest_only_with_trigger.py
[2023-06-16T10:15:14.842+0000] {processor.py:826} INFO - Processing file /home/airflow/.local/lib/python3.7/site-packages/airflow/example_dags/example_latest_only_with_trigger.py for tasks to queue
[2023-06-16T10:15:14.842+0000] {logging_mixin.py:149} INFO - [2023-06-16T10:15:14.842+0000] {dagbag.py:541} INFO - Filling up the DagBag from /home/airflow/.local/lib/python3.7/site-packages/airflow/example_dags/example_latest_only_with_trigger.py
[2023-06-16T10:15:14.998+0000] {processor.py:836} INFO - DAG(s) dict_keys(['latest_only_with_trigger']) retrieved from /home/airflow/.local/lib/python3.7/site-packages/airflow/example_dags/example_latest_only_with_trigger.py
[2023-06-16T10:15:15.029+0000] {logging_mixin.py:149} INFO - [2023-06-16T10:15:15.029+0000] {dag.py:2726} INFO - Sync 1 DAGs
[2023-06-16T10:15:15.064+0000] {logging_mixin.py:149} INFO - [2023-06-16T10:15:15.063+0000] {dag.py:3490} INFO - Setting next_dagrun for latest_only_with_trigger to 2023-06-16T06:15:15.063546+00:00, run_after=2023-06-16T10:15:15.063546+00:00
[2023-06-16T10:15:15.115+0000] {processor.py:179} INFO - Processing /home/airflow/.local/lib/python3.7/site-packages/airflow/example_dags/example_latest_only_with_trigger.py took 0.279 seconds
[2023-06-16T10:15:45.971+0000] {processor.py:157} INFO - Started process (PID=304) to work on /home/airflow/.local/lib/python3.7/site-packages/airflow/example_dags/example_latest_only_with_trigger.py
[2023-06-16T10:15:45.972+0000] {processor.py:826} INFO - Processing file /home/airflow/.local/lib/python3.7/site-packages/airflow/example_dags/example_latest_only_with_trigger.py for tasks to queue
[2023-06-16T10:15:45.973+0000] {logging_mixin.py:149} INFO - [2023-06-16T10:15:45.973+0000] {dagbag.py:541} INFO - Filling up the DagBag from /home/airflow/.local/lib/python3.7/site-packages/airflow/example_dags/example_latest_only_with_trigger.py
[2023-06-16T10:15:45.981+0000] {processor.py:836} INFO - DAG(s) dict_keys(['latest_only_with_trigger']) retrieved from /home/airflow/.local/lib/python3.7/site-packages/airflow/example_dags/example_latest_only_with_trigger.py
[2023-06-16T10:15:46.015+0000] {logging_mixin.py:149} INFO - [2023-06-16T10:15:46.014+0000] {dag.py:2726} INFO - Sync 1 DAGs
[2023-06-16T10:15:46.051+0000] {logging_mixin.py:149} INFO - [2023-06-16T10:15:46.051+0000] {dag.py:3490} INFO - Setting next_dagrun for latest_only_with_trigger to 2023-06-16T06:15:46.051137+00:00, run_after=2023-06-16T10:15:46.051137+00:00
[2023-06-16T10:15:46.090+0000] {processor.py:179} INFO - Processing /home/airflow/.local/lib/python3.7/site-packages/airflow/example_dags/example_latest_only_with_trigger.py took 0.123 seconds
[2023-06-16T10:16:16.164+0000] {processor.py:157} INFO - Started process (PID=372) to work on /home/airflow/.local/lib/python3.7/site-packages/airflow/example_dags/example_latest_only_with_trigger.py
[2023-06-16T10:16:16.165+0000] {processor.py:826} INFO - Processing file /home/airflow/.local/lib/python3.7/site-packages/airflow/example_dags/example_latest_only_with_trigger.py for tasks to queue
[2023-06-16T10:16:16.166+0000] {logging_mixin.py:149} INFO - [2023-06-16T10:16:16.166+0000] {dagbag.py:541} INFO - Filling up the DagBag from /home/airflow/.local/lib/python3.7/site-packages/airflow/example_dags/example_latest_only_with_trigger.py
[2023-06-16T10:16:16.173+0000] {processor.py:836} INFO - DAG(s) dict_keys(['latest_only_with_trigger']) retrieved from /home/airflow/.local/lib/python3.7/site-packages/airflow/example_dags/example_latest_only_with_trigger.py
[2023-06-16T10:16:16.205+0000] {logging_mixin.py:149} INFO - [2023-06-16T10:16:16.205+0000] {dag.py:2726} INFO - Sync 1 DAGs
[2023-06-16T10:16:16.241+0000] {logging_mixin.py:149} INFO - [2023-06-16T10:16:16.241+0000] {dag.py:3490} INFO - Setting next_dagrun for latest_only_with_trigger to 2023-06-16T06:16:16.240828+00:00, run_after=2023-06-16T10:16:16.240828+00:00
[2023-06-16T10:16:16.279+0000] {processor.py:179} INFO - Processing /home/airflow/.local/lib/python3.7/site-packages/airflow/example_dags/example_latest_only_with_trigger.py took 0.119 seconds
[2023-06-16T10:16:47.187+0000] {processor.py:157} INFO - Started process (PID=440) to work on /home/airflow/.local/lib/python3.7/site-packages/airflow/example_dags/example_latest_only_with_trigger.py
[2023-06-16T10:16:47.188+0000] {processor.py:826} INFO - Processing file /home/airflow/.local/lib/python3.7/site-packages/airflow/example_dags/example_latest_only_with_trigger.py for tasks to queue
[2023-06-16T10:16:47.190+0000] {logging_mixin.py:149} INFO - [2023-06-16T10:16:47.189+0000] {dagbag.py:541} INFO - Filling up the DagBag from /home/airflow/.local/lib/python3.7/site-packages/airflow/example_dags/example_latest_only_with_trigger.py
[2023-06-16T10:16:47.198+0000] {processor.py:836} INFO - DAG(s) dict_keys(['latest_only_with_trigger']) retrieved from /home/airflow/.local/lib/python3.7/site-packages/airflow/example_dags/example_latest_only_with_trigger.py
[2023-06-16T10:16:47.242+0000] {logging_mixin.py:149} INFO - [2023-06-16T10:16:47.242+0000] {dag.py:2726} INFO - Sync 1 DAGs
[2023-06-16T10:16:47.289+0000] {logging_mixin.py:149} INFO - [2023-06-16T10:16:47.289+0000] {dag.py:3490} INFO - Setting next_dagrun for latest_only_with_trigger to 2023-06-16T06:16:47.288837+00:00, run_after=2023-06-16T10:16:47.288837+00:00
[2023-06-16T10:16:47.645+0000] {processor.py:179} INFO - Processing /home/airflow/.local/lib/python3.7/site-packages/airflow/example_dags/example_latest_only_with_trigger.py took 0.463 seconds
[2023-06-16T10:17:18.360+0000] {processor.py:157} INFO - Started process (PID=508) to work on /home/airflow/.local/lib/python3.7/site-packages/airflow/example_dags/example_latest_only_with_trigger.py
[2023-06-16T10:17:18.420+0000] {processor.py:826} INFO - Processing file /home/airflow/.local/lib/python3.7/site-packages/airflow/example_dags/example_latest_only_with_trigger.py for tasks to queue
[2023-06-16T10:17:18.421+0000] {logging_mixin.py:149} INFO - [2023-06-16T10:17:18.421+0000] {dagbag.py:541} INFO - Filling up the DagBag from /home/airflow/.local/lib/python3.7/site-packages/airflow/example_dags/example_latest_only_with_trigger.py
[2023-06-16T10:17:18.432+0000] {processor.py:836} INFO - DAG(s) dict_keys(['latest_only_with_trigger']) retrieved from /home/airflow/.local/lib/python3.7/site-packages/airflow/example_dags/example_latest_only_with_trigger.py
[2023-06-16T10:17:18.475+0000] {logging_mixin.py:149} INFO - [2023-06-16T10:17:18.474+0000] {dag.py:2726} INFO - Sync 1 DAGs
[2023-06-16T10:17:18.526+0000] {logging_mixin.py:149} INFO - [2023-06-16T10:17:18.526+0000] {dag.py:3490} INFO - Setting next_dagrun for latest_only_with_trigger to 2023-06-16T06:17:18.525632+00:00, run_after=2023-06-16T10:17:18.525632+00:00
[2023-06-16T10:17:18.679+0000] {processor.py:179} INFO - Processing /home/airflow/.local/lib/python3.7/site-packages/airflow/example_dags/example_latest_only_with_trigger.py took 0.323 seconds
[2023-06-16T10:18:19.809+0000] {processor.py:157} INFO - Started process (PID=598) to work on /home/airflow/.local/lib/python3.7/site-packages/airflow/example_dags/example_latest_only_with_trigger.py
[2023-06-16T10:18:19.811+0000] {processor.py:826} INFO - Processing file /home/airflow/.local/lib/python3.7/site-packages/airflow/example_dags/example_latest_only_with_trigger.py for tasks to queue
[2023-06-16T10:18:19.812+0000] {logging_mixin.py:149} INFO - [2023-06-16T10:18:19.811+0000] {dagbag.py:541} INFO - Filling up the DagBag from /home/airflow/.local/lib/python3.7/site-packages/airflow/example_dags/example_latest_only_with_trigger.py
[2023-06-16T10:18:19.823+0000] {processor.py:836} INFO - DAG(s) dict_keys(['latest_only_with_trigger']) retrieved from /home/airflow/.local/lib/python3.7/site-packages/airflow/example_dags/example_latest_only_with_trigger.py
[2023-06-16T10:18:19.858+0000] {logging_mixin.py:149} INFO - [2023-06-16T10:18:19.858+0000] {dag.py:2726} INFO - Sync 1 DAGs
[2023-06-16T10:18:19.895+0000] {logging_mixin.py:149} INFO - [2023-06-16T10:18:19.895+0000] {dag.py:3490} INFO - Setting next_dagrun for latest_only_with_trigger to 2023-06-16T06:18:19.894898+00:00, run_after=2023-06-16T10:18:19.894898+00:00
[2023-06-16T10:18:19.947+0000] {processor.py:179} INFO - Processing /home/airflow/.local/lib/python3.7/site-packages/airflow/example_dags/example_latest_only_with_trigger.py took 0.141 seconds
[2023-06-16T10:18:50.056+0000] {processor.py:157} INFO - Started process (PID=666) to work on /home/airflow/.local/lib/python3.7/site-packages/airflow/example_dags/example_latest_only_with_trigger.py
[2023-06-16T10:18:50.057+0000] {processor.py:826} INFO - Processing file /home/airflow/.local/lib/python3.7/site-packages/airflow/example_dags/example_latest_only_with_trigger.py for tasks to queue
[2023-06-16T10:18:50.058+0000] {logging_mixin.py:149} INFO - [2023-06-16T10:18:50.058+0000] {dagbag.py:541} INFO - Filling up the DagBag from /home/airflow/.local/lib/python3.7/site-packages/airflow/example_dags/example_latest_only_with_trigger.py
[2023-06-16T10:18:50.066+0000] {processor.py:836} INFO - DAG(s) dict_keys(['latest_only_with_trigger']) retrieved from /home/airflow/.local/lib/python3.7/site-packages/airflow/example_dags/example_latest_only_with_trigger.py
[2023-06-16T10:18:50.107+0000] {logging_mixin.py:149} INFO - [2023-06-16T10:18:50.107+0000] {dag.py:2726} INFO - Sync 1 DAGs
[2023-06-16T10:18:50.149+0000] {logging_mixin.py:149} INFO - [2023-06-16T10:18:50.149+0000] {dag.py:3490} INFO - Setting next_dagrun for latest_only_with_trigger to 2023-06-16T06:18:50.148865+00:00, run_after=2023-06-16T10:18:50.148865+00:00
[2023-06-16T10:18:50.191+0000] {processor.py:179} INFO - Processing /home/airflow/.local/lib/python3.7/site-packages/airflow/example_dags/example_latest_only_with_trigger.py took 0.138 seconds
[2023-06-16T10:19:20.714+0000] {processor.py:157} INFO - Started process (PID=734) to work on /home/airflow/.local/lib/python3.7/site-packages/airflow/example_dags/example_latest_only_with_trigger.py
[2023-06-16T10:19:20.720+0000] {processor.py:826} INFO - Processing file /home/airflow/.local/lib/python3.7/site-packages/airflow/example_dags/example_latest_only_with_trigger.py for tasks to queue
[2023-06-16T10:19:20.721+0000] {logging_mixin.py:149} INFO - [2023-06-16T10:19:20.721+0000] {dagbag.py:541} INFO - Filling up the DagBag from /home/airflow/.local/lib/python3.7/site-packages/airflow/example_dags/example_latest_only_with_trigger.py
[2023-06-16T10:19:20.729+0000] {processor.py:836} INFO - DAG(s) dict_keys(['latest_only_with_trigger']) retrieved from /home/airflow/.local/lib/python3.7/site-packages/airflow/example_dags/example_latest_only_with_trigger.py
[2023-06-16T10:19:20.763+0000] {logging_mixin.py:149} INFO - [2023-06-16T10:19:20.763+0000] {dag.py:2726} INFO - Sync 1 DAGs
[2023-06-16T10:19:20.811+0000] {logging_mixin.py:149} INFO - [2023-06-16T10:19:20.811+0000] {dag.py:3490} INFO - Setting next_dagrun for latest_only_with_trigger to 2023-06-16T06:19:20.811141+00:00, run_after=2023-06-16T10:19:20.811141+00:00
[2023-06-16T10:19:20.845+0000] {processor.py:179} INFO - Processing /home/airflow/.local/lib/python3.7/site-packages/airflow/example_dags/example_latest_only_with_trigger.py took 0.135 seconds
