[2023-06-16T00:39:51.191+0000] {processor.py:157} INFO - Started process (PID=98) to work on /home/airflow/.local/lib/python3.7/site-packages/airflow/example_dags/example_branch_operator.py
[2023-06-16T00:39:51.192+0000] {processor.py:826} INFO - Processing file /home/airflow/.local/lib/python3.7/site-packages/airflow/example_dags/example_branch_operator.py for tasks to queue
[2023-06-16T00:39:51.192+0000] {logging_mixin.py:149} INFO - [2023-06-16T00:39:51.192+0000] {dagbag.py:541} INFO - Filling up the DagBag from /home/airflow/.local/lib/python3.7/site-packages/airflow/example_dags/example_branch_operator.py
[2023-06-16T00:39:51.207+0000] {processor.py:836} INFO - DAG(s) dict_keys(['example_branch_operator']) retrieved from /home/airflow/.local/lib/python3.7/site-packages/airflow/example_dags/example_branch_operator.py
[2023-06-16T00:39:51.340+0000] {logging_mixin.py:149} INFO - [2023-06-16T00:39:51.339+0000] {dag.py:2726} INFO - Sync 1 DAGs
[2023-06-16T00:39:51.377+0000] {logging_mixin.py:149} INFO - [2023-06-16T00:39:51.377+0000] {dag.py:3490} INFO - Setting next_dagrun for example_branch_operator to 2023-06-15T00:00:00+00:00, run_after=2023-06-16T00:00:00+00:00
[2023-06-16T00:39:51.517+0000] {processor.py:179} INFO - Processing /home/airflow/.local/lib/python3.7/site-packages/airflow/example_dags/example_branch_operator.py took 0.330 seconds
[2023-06-16T00:40:23.746+0000] {processor.py:157} INFO - Started process (PID=165) to work on /home/airflow/.local/lib/python3.7/site-packages/airflow/example_dags/example_branch_operator.py
[2023-06-16T00:40:23.750+0000] {processor.py:826} INFO - Processing file /home/airflow/.local/lib/python3.7/site-packages/airflow/example_dags/example_branch_operator.py for tasks to queue
[2023-06-16T00:40:23.751+0000] {logging_mixin.py:149} INFO - [2023-06-16T00:40:23.751+0000] {dagbag.py:541} INFO - Filling up the DagBag from /home/airflow/.local/lib/python3.7/site-packages/airflow/example_dags/example_branch_operator.py
[2023-06-16T00:40:23.763+0000] {processor.py:836} INFO - DAG(s) dict_keys(['example_branch_operator']) retrieved from /home/airflow/.local/lib/python3.7/site-packages/airflow/example_dags/example_branch_operator.py
[2023-06-16T00:40:23.809+0000] {logging_mixin.py:149} INFO - [2023-06-16T00:40:23.809+0000] {dag.py:2726} INFO - Sync 1 DAGs
[2023-06-16T00:40:23.851+0000] {logging_mixin.py:149} INFO - [2023-06-16T00:40:23.851+0000] {dag.py:3490} INFO - Setting next_dagrun for example_branch_operator to 2023-06-15T00:00:00+00:00, run_after=2023-06-16T00:00:00+00:00
[2023-06-16T00:40:24.153+0000] {processor.py:179} INFO - Processing /home/airflow/.local/lib/python3.7/site-packages/airflow/example_dags/example_branch_operator.py took 0.412 seconds
[2023-06-16T00:42:05.569+0000] {processor.py:157} INFO - Started process (PID=224) to work on /home/airflow/.local/lib/python3.7/site-packages/airflow/example_dags/example_branch_operator.py
[2023-06-16T00:42:05.573+0000] {processor.py:826} INFO - Processing file /home/airflow/.local/lib/python3.7/site-packages/airflow/example_dags/example_branch_operator.py for tasks to queue
[2023-06-16T00:42:05.575+0000] {logging_mixin.py:149} INFO - [2023-06-16T00:42:05.574+0000] {dagbag.py:541} INFO - Filling up the DagBag from /home/airflow/.local/lib/python3.7/site-packages/airflow/example_dags/example_branch_operator.py
[2023-06-16T00:42:05.593+0000] {processor.py:836} INFO - DAG(s) dict_keys(['example_branch_operator']) retrieved from /home/airflow/.local/lib/python3.7/site-packages/airflow/example_dags/example_branch_operator.py
[2023-06-16T00:42:05.642+0000] {logging_mixin.py:149} INFO - [2023-06-16T00:42:05.642+0000] {dag.py:2726} INFO - Sync 1 DAGs
[2023-06-16T00:42:05.700+0000] {logging_mixin.py:149} INFO - [2023-06-16T00:42:05.700+0000] {dag.py:3490} INFO - Setting next_dagrun for example_branch_operator to 2023-06-15T00:00:00+00:00, run_after=2023-06-16T00:00:00+00:00
[2023-06-16T00:42:05.762+0000] {processor.py:179} INFO - Processing /home/airflow/.local/lib/python3.7/site-packages/airflow/example_dags/example_branch_operator.py took 0.198 seconds
[2023-06-16T00:42:35.902+0000] {processor.py:157} INFO - Started process (PID=293) to work on /home/airflow/.local/lib/python3.7/site-packages/airflow/example_dags/example_branch_operator.py
[2023-06-16T00:42:35.903+0000] {processor.py:826} INFO - Processing file /home/airflow/.local/lib/python3.7/site-packages/airflow/example_dags/example_branch_operator.py for tasks to queue
[2023-06-16T00:42:35.904+0000] {logging_mixin.py:149} INFO - [2023-06-16T00:42:35.904+0000] {dagbag.py:541} INFO - Filling up the DagBag from /home/airflow/.local/lib/python3.7/site-packages/airflow/example_dags/example_branch_operator.py
[2023-06-16T00:42:35.916+0000] {processor.py:836} INFO - DAG(s) dict_keys(['example_branch_operator']) retrieved from /home/airflow/.local/lib/python3.7/site-packages/airflow/example_dags/example_branch_operator.py
[2023-06-16T00:42:35.955+0000] {logging_mixin.py:149} INFO - [2023-06-16T00:42:35.955+0000] {dag.py:2726} INFO - Sync 1 DAGs
[2023-06-16T00:42:35.989+0000] {logging_mixin.py:149} INFO - [2023-06-16T00:42:35.989+0000] {dag.py:3490} INFO - Setting next_dagrun for example_branch_operator to 2023-06-15T00:00:00+00:00, run_after=2023-06-16T00:00:00+00:00
[2023-06-16T00:42:36.047+0000] {processor.py:179} INFO - Processing /home/airflow/.local/lib/python3.7/site-packages/airflow/example_dags/example_branch_operator.py took 0.148 seconds
[2023-06-16T00:43:12.012+0000] {processor.py:157} INFO - Started process (PID=360) to work on /home/airflow/.local/lib/python3.7/site-packages/airflow/example_dags/example_branch_operator.py
[2023-06-16T00:43:12.360+0000] {processor.py:826} INFO - Processing file /home/airflow/.local/lib/python3.7/site-packages/airflow/example_dags/example_branch_operator.py for tasks to queue
[2023-06-16T00:43:12.361+0000] {logging_mixin.py:149} INFO - [2023-06-16T00:43:12.361+0000] {dagbag.py:541} INFO - Filling up the DagBag from /home/airflow/.local/lib/python3.7/site-packages/airflow/example_dags/example_branch_operator.py
[2023-06-16T00:43:12.506+0000] {processor.py:836} INFO - DAG(s) dict_keys(['example_branch_operator']) retrieved from /home/airflow/.local/lib/python3.7/site-packages/airflow/example_dags/example_branch_operator.py
[2023-06-16T00:43:13.464+0000] {logging_mixin.py:149} INFO - [2023-06-16T00:43:13.464+0000] {dag.py:2726} INFO - Sync 1 DAGs
[2023-06-16T00:43:13.712+0000] {logging_mixin.py:149} INFO - [2023-06-16T00:43:13.712+0000] {dag.py:3490} INFO - Setting next_dagrun for example_branch_operator to 2023-06-15T00:00:00+00:00, run_after=2023-06-16T00:00:00+00:00
[2023-06-16T00:43:13.815+0000] {processor.py:179} INFO - Processing /home/airflow/.local/lib/python3.7/site-packages/airflow/example_dags/example_branch_operator.py took 1.814 seconds
[2023-06-16T00:43:44.750+0000] {processor.py:157} INFO - Started process (PID=424) to work on /home/airflow/.local/lib/python3.7/site-packages/airflow/example_dags/example_branch_operator.py
[2023-06-16T00:43:44.813+0000] {processor.py:826} INFO - Processing file /home/airflow/.local/lib/python3.7/site-packages/airflow/example_dags/example_branch_operator.py for tasks to queue
[2023-06-16T00:43:44.814+0000] {logging_mixin.py:149} INFO - [2023-06-16T00:43:44.814+0000] {dagbag.py:541} INFO - Filling up the DagBag from /home/airflow/.local/lib/python3.7/site-packages/airflow/example_dags/example_branch_operator.py
[2023-06-16T00:43:44.829+0000] {processor.py:836} INFO - DAG(s) dict_keys(['example_branch_operator']) retrieved from /home/airflow/.local/lib/python3.7/site-packages/airflow/example_dags/example_branch_operator.py
[2023-06-16T00:43:44.865+0000] {logging_mixin.py:149} INFO - [2023-06-16T00:43:44.865+0000] {dag.py:2726} INFO - Sync 1 DAGs
[2023-06-16T00:43:44.905+0000] {logging_mixin.py:149} INFO - [2023-06-16T00:43:44.905+0000] {dag.py:3490} INFO - Setting next_dagrun for example_branch_operator to 2023-06-15T00:00:00+00:00, run_after=2023-06-16T00:00:00+00:00
[2023-06-16T00:43:45.013+0000] {processor.py:179} INFO - Processing /home/airflow/.local/lib/python3.7/site-packages/airflow/example_dags/example_branch_operator.py took 0.272 seconds
[2023-06-16T00:44:15.058+0000] {processor.py:157} INFO - Started process (PID=493) to work on /home/airflow/.local/lib/python3.7/site-packages/airflow/example_dags/example_branch_operator.py
[2023-06-16T00:44:15.188+0000] {processor.py:826} INFO - Processing file /home/airflow/.local/lib/python3.7/site-packages/airflow/example_dags/example_branch_operator.py for tasks to queue
[2023-06-16T00:44:15.189+0000] {logging_mixin.py:149} INFO - [2023-06-16T00:44:15.189+0000] {dagbag.py:541} INFO - Filling up the DagBag from /home/airflow/.local/lib/python3.7/site-packages/airflow/example_dags/example_branch_operator.py
[2023-06-16T00:44:15.205+0000] {processor.py:836} INFO - DAG(s) dict_keys(['example_branch_operator']) retrieved from /home/airflow/.local/lib/python3.7/site-packages/airflow/example_dags/example_branch_operator.py
[2023-06-16T00:44:15.529+0000] {logging_mixin.py:149} INFO - [2023-06-16T00:44:15.421+0000] {dag.py:2726} INFO - Sync 1 DAGs
[2023-06-16T00:44:15.660+0000] {logging_mixin.py:149} INFO - [2023-06-16T00:44:15.659+0000] {dag.py:3490} INFO - Setting next_dagrun for example_branch_operator to 2023-06-15T00:00:00+00:00, run_after=2023-06-16T00:00:00+00:00
[2023-06-16T00:44:15.872+0000] {processor.py:179} INFO - Processing /home/airflow/.local/lib/python3.7/site-packages/airflow/example_dags/example_branch_operator.py took 0.818 seconds
[2023-06-16T00:45:02.323+0000] {processor.py:157} INFO - Started process (PID=567) to work on /home/airflow/.local/lib/python3.7/site-packages/airflow/example_dags/example_branch_operator.py
[2023-06-16T00:45:02.540+0000] {processor.py:826} INFO - Processing file /home/airflow/.local/lib/python3.7/site-packages/airflow/example_dags/example_branch_operator.py for tasks to queue
[2023-06-16T00:45:02.541+0000] {logging_mixin.py:149} INFO - [2023-06-16T00:45:02.540+0000] {dagbag.py:541} INFO - Filling up the DagBag from /home/airflow/.local/lib/python3.7/site-packages/airflow/example_dags/example_branch_operator.py
[2023-06-16T00:45:02.664+0000] {processor.py:836} INFO - DAG(s) dict_keys(['example_branch_operator']) retrieved from /home/airflow/.local/lib/python3.7/site-packages/airflow/example_dags/example_branch_operator.py
[2023-06-16T00:45:02.716+0000] {logging_mixin.py:149} INFO - [2023-06-16T00:45:02.716+0000] {dag.py:2726} INFO - Sync 1 DAGs
[2023-06-16T00:45:02.781+0000] {logging_mixin.py:149} INFO - [2023-06-16T00:45:02.781+0000] {dag.py:3490} INFO - Setting next_dagrun for example_branch_operator to 2023-06-15T00:00:00+00:00, run_after=2023-06-16T00:00:00+00:00
[2023-06-16T00:45:03.022+0000] {processor.py:179} INFO - Processing /home/airflow/.local/lib/python3.7/site-packages/airflow/example_dags/example_branch_operator.py took 0.704 seconds
[2023-06-16T00:45:45.258+0000] {processor.py:157} INFO - Started process (PID=631) to work on /home/airflow/.local/lib/python3.7/site-packages/airflow/example_dags/example_branch_operator.py
[2023-06-16T00:45:45.420+0000] {processor.py:826} INFO - Processing file /home/airflow/.local/lib/python3.7/site-packages/airflow/example_dags/example_branch_operator.py for tasks to queue
[2023-06-16T00:45:45.423+0000] {logging_mixin.py:149} INFO - [2023-06-16T00:45:45.422+0000] {dagbag.py:541} INFO - Filling up the DagBag from /home/airflow/.local/lib/python3.7/site-packages/airflow/example_dags/example_branch_operator.py
[2023-06-16T00:45:45.444+0000] {processor.py:836} INFO - DAG(s) dict_keys(['example_branch_operator']) retrieved from /home/airflow/.local/lib/python3.7/site-packages/airflow/example_dags/example_branch_operator.py
[2023-06-16T00:45:45.618+0000] {logging_mixin.py:149} INFO - [2023-06-16T00:45:45.618+0000] {dag.py:2726} INFO - Sync 1 DAGs
[2023-06-16T00:45:45.686+0000] {logging_mixin.py:149} INFO - [2023-06-16T00:45:45.686+0000] {dag.py:3490} INFO - Setting next_dagrun for example_branch_operator to 2023-06-15T00:00:00+00:00, run_after=2023-06-16T00:00:00+00:00
[2023-06-16T00:45:46.023+0000] {processor.py:179} INFO - Processing /home/airflow/.local/lib/python3.7/site-packages/airflow/example_dags/example_branch_operator.py took 0.770 seconds
[2023-06-16T00:46:47.178+0000] {processor.py:157} INFO - Started process (PID=712) to work on /home/airflow/.local/lib/python3.7/site-packages/airflow/example_dags/example_branch_operator.py
[2023-06-16T00:46:47.247+0000] {processor.py:826} INFO - Processing file /home/airflow/.local/lib/python3.7/site-packages/airflow/example_dags/example_branch_operator.py for tasks to queue
[2023-06-16T00:46:47.250+0000] {logging_mixin.py:149} INFO - [2023-06-16T00:46:47.250+0000] {dagbag.py:541} INFO - Filling up the DagBag from /home/airflow/.local/lib/python3.7/site-packages/airflow/example_dags/example_branch_operator.py
[2023-06-16T00:46:47.285+0000] {processor.py:836} INFO - DAG(s) dict_keys(['example_branch_operator']) retrieved from /home/airflow/.local/lib/python3.7/site-packages/airflow/example_dags/example_branch_operator.py
[2023-06-16T00:46:47.496+0000] {logging_mixin.py:149} INFO - [2023-06-16T00:46:47.496+0000] {dag.py:2726} INFO - Sync 1 DAGs
[2023-06-16T00:46:47.551+0000] {logging_mixin.py:149} INFO - [2023-06-16T00:46:47.551+0000] {dag.py:3490} INFO - Setting next_dagrun for example_branch_operator to 2023-06-15T00:00:00+00:00, run_after=2023-06-16T00:00:00+00:00
[2023-06-16T00:46:47.703+0000] {processor.py:179} INFO - Processing /home/airflow/.local/lib/python3.7/site-packages/airflow/example_dags/example_branch_operator.py took 0.534 seconds
[2023-06-16T00:47:27.534+0000] {processor.py:157} INFO - Started process (PID=774) to work on /home/airflow/.local/lib/python3.7/site-packages/airflow/example_dags/example_branch_operator.py
[2023-06-16T00:47:27.626+0000] {processor.py:826} INFO - Processing file /home/airflow/.local/lib/python3.7/site-packages/airflow/example_dags/example_branch_operator.py for tasks to queue
[2023-06-16T00:47:27.630+0000] {logging_mixin.py:149} INFO - [2023-06-16T00:47:27.629+0000] {dagbag.py:541} INFO - Filling up the DagBag from /home/airflow/.local/lib/python3.7/site-packages/airflow/example_dags/example_branch_operator.py
[2023-06-16T00:47:27.689+0000] {processor.py:836} INFO - DAG(s) dict_keys(['example_branch_operator']) retrieved from /home/airflow/.local/lib/python3.7/site-packages/airflow/example_dags/example_branch_operator.py
[2023-06-16T00:47:27.753+0000] {logging_mixin.py:149} INFO - [2023-06-16T00:47:27.753+0000] {dag.py:2726} INFO - Sync 1 DAGs
[2023-06-16T00:47:27.810+0000] {logging_mixin.py:149} INFO - [2023-06-16T00:47:27.810+0000] {dag.py:3490} INFO - Setting next_dagrun for example_branch_operator to 2023-06-15T00:00:00+00:00, run_after=2023-06-16T00:00:00+00:00
[2023-06-16T00:47:27.947+0000] {processor.py:179} INFO - Processing /home/airflow/.local/lib/python3.7/site-packages/airflow/example_dags/example_branch_operator.py took 0.419 seconds
[2023-06-16T00:49:10.501+0000] {processor.py:157} INFO - Started process (PID=858) to work on /home/airflow/.local/lib/python3.7/site-packages/airflow/example_dags/example_branch_operator.py
[2023-06-16T00:49:10.599+0000] {processor.py:826} INFO - Processing file /home/airflow/.local/lib/python3.7/site-packages/airflow/example_dags/example_branch_operator.py for tasks to queue
[2023-06-16T00:49:10.603+0000] {logging_mixin.py:149} INFO - [2023-06-16T00:49:10.602+0000] {dagbag.py:541} INFO - Filling up the DagBag from /home/airflow/.local/lib/python3.7/site-packages/airflow/example_dags/example_branch_operator.py
[2023-06-16T00:49:10.671+0000] {processor.py:836} INFO - DAG(s) dict_keys(['example_branch_operator']) retrieved from /home/airflow/.local/lib/python3.7/site-packages/airflow/example_dags/example_branch_operator.py
[2023-06-16T00:49:10.748+0000] {logging_mixin.py:149} INFO - [2023-06-16T00:49:10.748+0000] {dag.py:2726} INFO - Sync 1 DAGs
[2023-06-16T00:49:10.811+0000] {logging_mixin.py:149} INFO - [2023-06-16T00:49:10.811+0000] {dag.py:3490} INFO - Setting next_dagrun for example_branch_operator to 2023-06-15T00:00:00+00:00, run_after=2023-06-16T00:00:00+00:00
[2023-06-16T00:49:11.078+0000] {processor.py:179} INFO - Processing /home/airflow/.local/lib/python3.7/site-packages/airflow/example_dags/example_branch_operator.py took 0.581 seconds
[2023-06-16T00:49:41.751+0000] {processor.py:157} INFO - Started process (PID=927) to work on /home/airflow/.local/lib/python3.7/site-packages/airflow/example_dags/example_branch_operator.py
[2023-06-16T00:49:41.756+0000] {processor.py:826} INFO - Processing file /home/airflow/.local/lib/python3.7/site-packages/airflow/example_dags/example_branch_operator.py for tasks to queue
[2023-06-16T00:49:41.760+0000] {logging_mixin.py:149} INFO - [2023-06-16T00:49:41.759+0000] {dagbag.py:541} INFO - Filling up the DagBag from /home/airflow/.local/lib/python3.7/site-packages/airflow/example_dags/example_branch_operator.py
[2023-06-16T00:49:41.818+0000] {processor.py:836} INFO - DAG(s) dict_keys(['example_branch_operator']) retrieved from /home/airflow/.local/lib/python3.7/site-packages/airflow/example_dags/example_branch_operator.py
[2023-06-16T00:49:41.864+0000] {logging_mixin.py:149} INFO - [2023-06-16T00:49:41.864+0000] {dag.py:2726} INFO - Sync 1 DAGs
[2023-06-16T00:49:41.902+0000] {logging_mixin.py:149} INFO - [2023-06-16T00:49:41.902+0000] {dag.py:3490} INFO - Setting next_dagrun for example_branch_operator to 2023-06-15T00:00:00+00:00, run_after=2023-06-16T00:00:00+00:00
[2023-06-16T00:49:42.227+0000] {processor.py:179} INFO - Processing /home/airflow/.local/lib/python3.7/site-packages/airflow/example_dags/example_branch_operator.py took 0.493 seconds
[2023-06-16T00:50:12.436+0000] {processor.py:157} INFO - Started process (PID=996) to work on /home/airflow/.local/lib/python3.7/site-packages/airflow/example_dags/example_branch_operator.py
[2023-06-16T00:50:12.553+0000] {processor.py:826} INFO - Processing file /home/airflow/.local/lib/python3.7/site-packages/airflow/example_dags/example_branch_operator.py for tasks to queue
[2023-06-16T00:50:12.554+0000] {logging_mixin.py:149} INFO - [2023-06-16T00:50:12.554+0000] {dagbag.py:541} INFO - Filling up the DagBag from /home/airflow/.local/lib/python3.7/site-packages/airflow/example_dags/example_branch_operator.py
[2023-06-16T00:50:12.574+0000] {processor.py:836} INFO - DAG(s) dict_keys(['example_branch_operator']) retrieved from /home/airflow/.local/lib/python3.7/site-packages/airflow/example_dags/example_branch_operator.py
[2023-06-16T00:50:12.614+0000] {logging_mixin.py:149} INFO - [2023-06-16T00:50:12.614+0000] {dag.py:2726} INFO - Sync 1 DAGs
[2023-06-16T00:50:12.657+0000] {logging_mixin.py:149} INFO - [2023-06-16T00:50:12.656+0000] {dag.py:3490} INFO - Setting next_dagrun for example_branch_operator to 2023-06-15T00:00:00+00:00, run_after=2023-06-16T00:00:00+00:00
[2023-06-16T00:50:12.788+0000] {processor.py:179} INFO - Processing /home/airflow/.local/lib/python3.7/site-packages/airflow/example_dags/example_branch_operator.py took 0.355 seconds
[2023-06-16T00:50:43.832+0000] {processor.py:157} INFO - Started process (PID=1059) to work on /home/airflow/.local/lib/python3.7/site-packages/airflow/example_dags/example_branch_operator.py
[2023-06-16T00:50:43.833+0000] {processor.py:826} INFO - Processing file /home/airflow/.local/lib/python3.7/site-packages/airflow/example_dags/example_branch_operator.py for tasks to queue
[2023-06-16T00:50:43.835+0000] {logging_mixin.py:149} INFO - [2023-06-16T00:50:43.834+0000] {dagbag.py:541} INFO - Filling up the DagBag from /home/airflow/.local/lib/python3.7/site-packages/airflow/example_dags/example_branch_operator.py
[2023-06-16T00:50:43.855+0000] {processor.py:836} INFO - DAG(s) dict_keys(['example_branch_operator']) retrieved from /home/airflow/.local/lib/python3.7/site-packages/airflow/example_dags/example_branch_operator.py
[2023-06-16T00:50:43.901+0000] {logging_mixin.py:149} INFO - [2023-06-16T00:50:43.900+0000] {dag.py:2726} INFO - Sync 1 DAGs
[2023-06-16T00:50:43.940+0000] {logging_mixin.py:149} INFO - [2023-06-16T00:50:43.939+0000] {dag.py:3490} INFO - Setting next_dagrun for example_branch_operator to 2023-06-15T00:00:00+00:00, run_after=2023-06-16T00:00:00+00:00
[2023-06-16T00:50:44.144+0000] {processor.py:179} INFO - Processing /home/airflow/.local/lib/python3.7/site-packages/airflow/example_dags/example_branch_operator.py took 0.317 seconds
[2023-06-16T00:51:17.913+0000] {processor.py:157} INFO - Started process (PID=1126) to work on /home/airflow/.local/lib/python3.7/site-packages/airflow/example_dags/example_branch_operator.py
[2023-06-16T00:51:18.168+0000] {processor.py:826} INFO - Processing file /home/airflow/.local/lib/python3.7/site-packages/airflow/example_dags/example_branch_operator.py for tasks to queue
[2023-06-16T00:51:18.171+0000] {logging_mixin.py:149} INFO - [2023-06-16T00:51:18.170+0000] {dagbag.py:541} INFO - Filling up the DagBag from /home/airflow/.local/lib/python3.7/site-packages/airflow/example_dags/example_branch_operator.py
[2023-06-16T00:51:18.203+0000] {processor.py:836} INFO - DAG(s) dict_keys(['example_branch_operator']) retrieved from /home/airflow/.local/lib/python3.7/site-packages/airflow/example_dags/example_branch_operator.py
[2023-06-16T00:51:18.248+0000] {logging_mixin.py:149} INFO - [2023-06-16T00:51:18.248+0000] {dag.py:2726} INFO - Sync 1 DAGs
[2023-06-16T00:51:18.324+0000] {logging_mixin.py:149} INFO - [2023-06-16T00:51:18.324+0000] {dag.py:3490} INFO - Setting next_dagrun for example_branch_operator to 2023-06-15T00:00:00+00:00, run_after=2023-06-16T00:00:00+00:00
[2023-06-16T00:51:18.719+0000] {processor.py:179} INFO - Processing /home/airflow/.local/lib/python3.7/site-packages/airflow/example_dags/example_branch_operator.py took 0.810 seconds
[2023-06-16T00:52:30.486+0000] {processor.py:157} INFO - Started process (PID=1206) to work on /home/airflow/.local/lib/python3.7/site-packages/airflow/example_dags/example_branch_operator.py
[2023-06-16T00:52:30.656+0000] {processor.py:826} INFO - Processing file /home/airflow/.local/lib/python3.7/site-packages/airflow/example_dags/example_branch_operator.py for tasks to queue
[2023-06-16T00:52:30.657+0000] {logging_mixin.py:149} INFO - [2023-06-16T00:52:30.657+0000] {dagbag.py:541} INFO - Filling up the DagBag from /home/airflow/.local/lib/python3.7/site-packages/airflow/example_dags/example_branch_operator.py
[2023-06-16T00:52:30.767+0000] {processor.py:836} INFO - DAG(s) dict_keys(['example_branch_operator']) retrieved from /home/airflow/.local/lib/python3.7/site-packages/airflow/example_dags/example_branch_operator.py
[2023-06-16T00:52:30.817+0000] {logging_mixin.py:149} INFO - [2023-06-16T00:52:30.816+0000] {dag.py:2726} INFO - Sync 1 DAGs
[2023-06-16T00:52:30.877+0000] {logging_mixin.py:149} INFO - [2023-06-16T00:52:30.876+0000] {dag.py:3490} INFO - Setting next_dagrun for example_branch_operator to 2023-06-15T00:00:00+00:00, run_after=2023-06-16T00:00:00+00:00
[2023-06-16T00:52:31.116+0000] {processor.py:179} INFO - Processing /home/airflow/.local/lib/python3.7/site-packages/airflow/example_dags/example_branch_operator.py took 0.647 seconds
[2023-06-16T00:58:01.888+0000] {processor.py:157} INFO - Started process (PID=79) to work on /home/airflow/.local/lib/python3.7/site-packages/airflow/example_dags/example_branch_operator.py
[2023-06-16T00:58:02.392+0000] {processor.py:826} INFO - Processing file /home/airflow/.local/lib/python3.7/site-packages/airflow/example_dags/example_branch_operator.py for tasks to queue
[2023-06-16T00:58:02.394+0000] {logging_mixin.py:149} INFO - [2023-06-16T00:58:02.394+0000] {dagbag.py:541} INFO - Filling up the DagBag from /home/airflow/.local/lib/python3.7/site-packages/airflow/example_dags/example_branch_operator.py
[2023-06-16T00:58:03.456+0000] {processor.py:836} INFO - DAG(s) dict_keys(['example_branch_operator']) retrieved from /home/airflow/.local/lib/python3.7/site-packages/airflow/example_dags/example_branch_operator.py
[2023-06-16T00:58:07.499+0000] {logging_mixin.py:149} INFO - [2023-06-16T00:58:07.498+0000] {dag.py:2726} INFO - Sync 1 DAGs
[2023-06-16T00:58:07.571+0000] {logging_mixin.py:149} INFO - [2023-06-16T00:58:07.571+0000] {dag.py:3490} INFO - Setting next_dagrun for example_branch_operator to 2023-06-15T00:00:00+00:00, run_after=2023-06-16T00:00:00+00:00
[2023-06-16T00:58:08.297+0000] {processor.py:179} INFO - Processing /home/airflow/.local/lib/python3.7/site-packages/airflow/example_dags/example_branch_operator.py took 6.421 seconds
[2023-06-16T01:01:35.442+0000] {processor.py:157} INFO - Started process (PID=175) to work on /home/airflow/.local/lib/python3.7/site-packages/airflow/example_dags/example_branch_operator.py
[2023-06-16T01:01:35.725+0000] {processor.py:826} INFO - Processing file /home/airflow/.local/lib/python3.7/site-packages/airflow/example_dags/example_branch_operator.py for tasks to queue
[2023-06-16T01:01:35.729+0000] {logging_mixin.py:149} INFO - [2023-06-16T01:01:35.728+0000] {dagbag.py:541} INFO - Filling up the DagBag from /home/airflow/.local/lib/python3.7/site-packages/airflow/example_dags/example_branch_operator.py
[2023-06-16T01:01:35.837+0000] {processor.py:836} INFO - DAG(s) dict_keys(['example_branch_operator']) retrieved from /home/airflow/.local/lib/python3.7/site-packages/airflow/example_dags/example_branch_operator.py
[2023-06-16T01:01:35.883+0000] {logging_mixin.py:149} INFO - [2023-06-16T01:01:35.883+0000] {dag.py:2726} INFO - Sync 1 DAGs
[2023-06-16T01:01:35.992+0000] {logging_mixin.py:149} INFO - [2023-06-16T01:01:35.991+0000] {dag.py:3490} INFO - Setting next_dagrun for example_branch_operator to 2023-06-15T00:00:00+00:00, run_after=2023-06-16T00:00:00+00:00
[2023-06-16T01:01:36.393+0000] {processor.py:179} INFO - Processing /home/airflow/.local/lib/python3.7/site-packages/airflow/example_dags/example_branch_operator.py took 0.959 seconds
[2023-06-16T01:02:27.056+0000] {processor.py:157} INFO - Started process (PID=255) to work on /home/airflow/.local/lib/python3.7/site-packages/airflow/example_dags/example_branch_operator.py
[2023-06-16T01:02:27.063+0000] {processor.py:826} INFO - Processing file /home/airflow/.local/lib/python3.7/site-packages/airflow/example_dags/example_branch_operator.py for tasks to queue
[2023-06-16T01:02:27.065+0000] {logging_mixin.py:149} INFO - [2023-06-16T01:02:27.065+0000] {dagbag.py:541} INFO - Filling up the DagBag from /home/airflow/.local/lib/python3.7/site-packages/airflow/example_dags/example_branch_operator.py
[2023-06-16T01:02:27.087+0000] {processor.py:836} INFO - DAG(s) dict_keys(['example_branch_operator']) retrieved from /home/airflow/.local/lib/python3.7/site-packages/airflow/example_dags/example_branch_operator.py
[2023-06-16T01:02:27.155+0000] {logging_mixin.py:149} INFO - [2023-06-16T01:02:27.155+0000] {dag.py:2726} INFO - Sync 1 DAGs
[2023-06-16T01:02:27.250+0000] {logging_mixin.py:149} INFO - [2023-06-16T01:02:27.249+0000] {dag.py:3490} INFO - Setting next_dagrun for example_branch_operator to 2023-06-15T00:00:00+00:00, run_after=2023-06-16T00:00:00+00:00
[2023-06-16T01:02:27.526+0000] {processor.py:179} INFO - Processing /home/airflow/.local/lib/python3.7/site-packages/airflow/example_dags/example_branch_operator.py took 0.476 seconds
[2023-06-16T01:02:57.639+0000] {processor.py:157} INFO - Started process (PID=323) to work on /home/airflow/.local/lib/python3.7/site-packages/airflow/example_dags/example_branch_operator.py
[2023-06-16T01:02:57.640+0000] {processor.py:826} INFO - Processing file /home/airflow/.local/lib/python3.7/site-packages/airflow/example_dags/example_branch_operator.py for tasks to queue
[2023-06-16T01:02:57.641+0000] {logging_mixin.py:149} INFO - [2023-06-16T01:02:57.640+0000] {dagbag.py:541} INFO - Filling up the DagBag from /home/airflow/.local/lib/python3.7/site-packages/airflow/example_dags/example_branch_operator.py
[2023-06-16T01:02:57.660+0000] {processor.py:836} INFO - DAG(s) dict_keys(['example_branch_operator']) retrieved from /home/airflow/.local/lib/python3.7/site-packages/airflow/example_dags/example_branch_operator.py
[2023-06-16T01:02:57.707+0000] {logging_mixin.py:149} INFO - [2023-06-16T01:02:57.706+0000] {dag.py:2726} INFO - Sync 1 DAGs
[2023-06-16T01:02:57.759+0000] {logging_mixin.py:149} INFO - [2023-06-16T01:02:57.759+0000] {dag.py:3490} INFO - Setting next_dagrun for example_branch_operator to 2023-06-15T00:00:00+00:00, run_after=2023-06-16T00:00:00+00:00
[2023-06-16T01:02:57.884+0000] {processor.py:179} INFO - Processing /home/airflow/.local/lib/python3.7/site-packages/airflow/example_dags/example_branch_operator.py took 0.252 seconds
[2023-06-16T01:03:28.718+0000] {processor.py:157} INFO - Started process (PID=392) to work on /home/airflow/.local/lib/python3.7/site-packages/airflow/example_dags/example_branch_operator.py
[2023-06-16T01:03:28.720+0000] {processor.py:826} INFO - Processing file /home/airflow/.local/lib/python3.7/site-packages/airflow/example_dags/example_branch_operator.py for tasks to queue
[2023-06-16T01:03:28.721+0000] {logging_mixin.py:149} INFO - [2023-06-16T01:03:28.721+0000] {dagbag.py:541} INFO - Filling up the DagBag from /home/airflow/.local/lib/python3.7/site-packages/airflow/example_dags/example_branch_operator.py
[2023-06-16T01:03:28.739+0000] {processor.py:836} INFO - DAG(s) dict_keys(['example_branch_operator']) retrieved from /home/airflow/.local/lib/python3.7/site-packages/airflow/example_dags/example_branch_operator.py
[2023-06-16T01:03:28.773+0000] {logging_mixin.py:149} INFO - [2023-06-16T01:03:28.773+0000] {dag.py:2726} INFO - Sync 1 DAGs
[2023-06-16T01:03:28.828+0000] {logging_mixin.py:149} INFO - [2023-06-16T01:03:28.828+0000] {dag.py:3490} INFO - Setting next_dagrun for example_branch_operator to 2023-06-15T00:00:00+00:00, run_after=2023-06-16T00:00:00+00:00
[2023-06-16T01:03:28.862+0000] {processor.py:179} INFO - Processing /home/airflow/.local/lib/python3.7/site-packages/airflow/example_dags/example_branch_operator.py took 0.149 seconds
[2023-06-16T01:03:59.784+0000] {processor.py:157} INFO - Started process (PID=460) to work on /home/airflow/.local/lib/python3.7/site-packages/airflow/example_dags/example_branch_operator.py
[2023-06-16T01:03:59.785+0000] {processor.py:826} INFO - Processing file /home/airflow/.local/lib/python3.7/site-packages/airflow/example_dags/example_branch_operator.py for tasks to queue
[2023-06-16T01:03:59.786+0000] {logging_mixin.py:149} INFO - [2023-06-16T01:03:59.786+0000] {dagbag.py:541} INFO - Filling up the DagBag from /home/airflow/.local/lib/python3.7/site-packages/airflow/example_dags/example_branch_operator.py
[2023-06-16T01:03:59.798+0000] {processor.py:836} INFO - DAG(s) dict_keys(['example_branch_operator']) retrieved from /home/airflow/.local/lib/python3.7/site-packages/airflow/example_dags/example_branch_operator.py
[2023-06-16T01:03:59.834+0000] {logging_mixin.py:149} INFO - [2023-06-16T01:03:59.834+0000] {dag.py:2726} INFO - Sync 1 DAGs
[2023-06-16T01:03:59.870+0000] {logging_mixin.py:149} INFO - [2023-06-16T01:03:59.870+0000] {dag.py:3490} INFO - Setting next_dagrun for example_branch_operator to 2023-06-15T00:00:00+00:00, run_after=2023-06-16T00:00:00+00:00
[2023-06-16T01:03:59.921+0000] {processor.py:179} INFO - Processing /home/airflow/.local/lib/python3.7/site-packages/airflow/example_dags/example_branch_operator.py took 0.141 seconds
[2023-06-16T09:58:28.056+0000] {processor.py:157} INFO - Started process (PID=71) to work on /home/airflow/.local/lib/python3.7/site-packages/airflow/example_dags/example_branch_operator.py
[2023-06-16T09:58:28.092+0000] {processor.py:826} INFO - Processing file /home/airflow/.local/lib/python3.7/site-packages/airflow/example_dags/example_branch_operator.py for tasks to queue
[2023-06-16T09:58:28.094+0000] {logging_mixin.py:149} INFO - [2023-06-16T09:58:28.094+0000] {dagbag.py:541} INFO - Filling up the DagBag from /home/airflow/.local/lib/python3.7/site-packages/airflow/example_dags/example_branch_operator.py
[2023-06-16T09:58:28.128+0000] {processor.py:836} INFO - DAG(s) dict_keys(['example_branch_operator']) retrieved from /home/airflow/.local/lib/python3.7/site-packages/airflow/example_dags/example_branch_operator.py
[2023-06-16T09:58:28.168+0000] {logging_mixin.py:149} INFO - [2023-06-16T09:58:28.168+0000] {dag.py:2726} INFO - Sync 1 DAGs
[2023-06-16T09:58:28.205+0000] {logging_mixin.py:149} INFO - [2023-06-16T09:58:28.205+0000] {dag.py:3490} INFO - Setting next_dagrun for example_branch_operator to 2023-06-15T00:00:00+00:00, run_after=2023-06-16T00:00:00+00:00
[2023-06-16T09:58:28.310+0000] {processor.py:179} INFO - Processing /home/airflow/.local/lib/python3.7/site-packages/airflow/example_dags/example_branch_operator.py took 0.257 seconds
[2023-06-16T09:58:58.429+0000] {processor.py:157} INFO - Started process (PID=128) to work on /home/airflow/.local/lib/python3.7/site-packages/airflow/example_dags/example_branch_operator.py
[2023-06-16T09:58:58.543+0000] {processor.py:826} INFO - Processing file /home/airflow/.local/lib/python3.7/site-packages/airflow/example_dags/example_branch_operator.py for tasks to queue
[2023-06-16T09:58:58.544+0000] {logging_mixin.py:149} INFO - [2023-06-16T09:58:58.544+0000] {dagbag.py:541} INFO - Filling up the DagBag from /home/airflow/.local/lib/python3.7/site-packages/airflow/example_dags/example_branch_operator.py
[2023-06-16T09:58:58.557+0000] {processor.py:836} INFO - DAG(s) dict_keys(['example_branch_operator']) retrieved from /home/airflow/.local/lib/python3.7/site-packages/airflow/example_dags/example_branch_operator.py
[2023-06-16T09:58:58.590+0000] {logging_mixin.py:149} INFO - [2023-06-16T09:58:58.590+0000] {dag.py:2726} INFO - Sync 1 DAGs
[2023-06-16T09:58:58.625+0000] {logging_mixin.py:149} INFO - [2023-06-16T09:58:58.625+0000] {dag.py:3490} INFO - Setting next_dagrun for example_branch_operator to 2023-06-15T00:00:00+00:00, run_after=2023-06-16T00:00:00+00:00
[2023-06-16T09:58:58.765+0000] {processor.py:179} INFO - Processing /home/airflow/.local/lib/python3.7/site-packages/airflow/example_dags/example_branch_operator.py took 0.341 seconds
[2023-06-16T09:59:36.223+0000] {processor.py:157} INFO - Started process (PID=201) to work on /home/airflow/.local/lib/python3.7/site-packages/airflow/example_dags/example_branch_operator.py
[2023-06-16T09:59:36.224+0000] {processor.py:826} INFO - Processing file /home/airflow/.local/lib/python3.7/site-packages/airflow/example_dags/example_branch_operator.py for tasks to queue
[2023-06-16T09:59:36.224+0000] {logging_mixin.py:149} INFO - [2023-06-16T09:59:36.224+0000] {dagbag.py:541} INFO - Filling up the DagBag from /home/airflow/.local/lib/python3.7/site-packages/airflow/example_dags/example_branch_operator.py
[2023-06-16T09:59:36.236+0000] {processor.py:836} INFO - DAG(s) dict_keys(['example_branch_operator']) retrieved from /home/airflow/.local/lib/python3.7/site-packages/airflow/example_dags/example_branch_operator.py
[2023-06-16T09:59:36.396+0000] {logging_mixin.py:149} INFO - [2023-06-16T09:59:36.396+0000] {dag.py:2726} INFO - Sync 1 DAGs
[2023-06-16T09:59:36.433+0000] {logging_mixin.py:149} INFO - [2023-06-16T09:59:36.432+0000] {dag.py:3490} INFO - Setting next_dagrun for example_branch_operator to 2023-06-15T00:00:00+00:00, run_after=2023-06-16T00:00:00+00:00
[2023-06-16T09:59:36.544+0000] {processor.py:179} INFO - Processing /home/airflow/.local/lib/python3.7/site-packages/airflow/example_dags/example_branch_operator.py took 0.325 seconds
[2023-06-16T10:00:06.631+0000] {processor.py:157} INFO - Started process (PID=264) to work on /home/airflow/.local/lib/python3.7/site-packages/airflow/example_dags/example_branch_operator.py
[2023-06-16T10:00:06.741+0000] {processor.py:826} INFO - Processing file /home/airflow/.local/lib/python3.7/site-packages/airflow/example_dags/example_branch_operator.py for tasks to queue
[2023-06-16T10:00:06.745+0000] {logging_mixin.py:149} INFO - [2023-06-16T10:00:06.744+0000] {dagbag.py:541} INFO - Filling up the DagBag from /home/airflow/.local/lib/python3.7/site-packages/airflow/example_dags/example_branch_operator.py
[2023-06-16T10:00:06.787+0000] {processor.py:836} INFO - DAG(s) dict_keys(['example_branch_operator']) retrieved from /home/airflow/.local/lib/python3.7/site-packages/airflow/example_dags/example_branch_operator.py
[2023-06-16T10:00:06.833+0000] {logging_mixin.py:149} INFO - [2023-06-16T10:00:06.833+0000] {dag.py:2726} INFO - Sync 1 DAGs
[2023-06-16T10:00:06.871+0000] {logging_mixin.py:149} INFO - [2023-06-16T10:00:06.871+0000] {dag.py:3490} INFO - Setting next_dagrun for example_branch_operator to 2023-06-15T00:00:00+00:00, run_after=2023-06-16T00:00:00+00:00
[2023-06-16T10:00:07.023+0000] {processor.py:179} INFO - Processing /home/airflow/.local/lib/python3.7/site-packages/airflow/example_dags/example_branch_operator.py took 0.396 seconds
[2023-06-16T10:00:37.284+0000] {processor.py:157} INFO - Started process (PID=332) to work on /home/airflow/.local/lib/python3.7/site-packages/airflow/example_dags/example_branch_operator.py
[2023-06-16T10:00:37.319+0000] {processor.py:826} INFO - Processing file /home/airflow/.local/lib/python3.7/site-packages/airflow/example_dags/example_branch_operator.py for tasks to queue
[2023-06-16T10:00:37.321+0000] {logging_mixin.py:149} INFO - [2023-06-16T10:00:37.320+0000] {dagbag.py:541} INFO - Filling up the DagBag from /home/airflow/.local/lib/python3.7/site-packages/airflow/example_dags/example_branch_operator.py
[2023-06-16T10:00:37.333+0000] {processor.py:836} INFO - DAG(s) dict_keys(['example_branch_operator']) retrieved from /home/airflow/.local/lib/python3.7/site-packages/airflow/example_dags/example_branch_operator.py
[2023-06-16T10:00:37.367+0000] {logging_mixin.py:149} INFO - [2023-06-16T10:00:37.366+0000] {dag.py:2726} INFO - Sync 1 DAGs
[2023-06-16T10:00:37.403+0000] {logging_mixin.py:149} INFO - [2023-06-16T10:00:37.403+0000] {dag.py:3490} INFO - Setting next_dagrun for example_branch_operator to 2023-06-15T00:00:00+00:00, run_after=2023-06-16T00:00:00+00:00
[2023-06-16T10:00:37.560+0000] {processor.py:179} INFO - Processing /home/airflow/.local/lib/python3.7/site-packages/airflow/example_dags/example_branch_operator.py took 0.280 seconds
[2023-06-16T10:01:14.442+0000] {processor.py:157} INFO - Started process (PID=395) to work on /home/airflow/.local/lib/python3.7/site-packages/airflow/example_dags/example_branch_operator.py
[2023-06-16T10:01:14.598+0000] {processor.py:826} INFO - Processing file /home/airflow/.local/lib/python3.7/site-packages/airflow/example_dags/example_branch_operator.py for tasks to queue
[2023-06-16T10:01:14.599+0000] {logging_mixin.py:149} INFO - [2023-06-16T10:01:14.598+0000] {dagbag.py:541} INFO - Filling up the DagBag from /home/airflow/.local/lib/python3.7/site-packages/airflow/example_dags/example_branch_operator.py
[2023-06-16T10:01:14.691+0000] {processor.py:836} INFO - DAG(s) dict_keys(['example_branch_operator']) retrieved from /home/airflow/.local/lib/python3.7/site-packages/airflow/example_dags/example_branch_operator.py
[2023-06-16T10:01:14.770+0000] {logging_mixin.py:149} INFO - [2023-06-16T10:01:14.770+0000] {dag.py:2726} INFO - Sync 1 DAGs
[2023-06-16T10:01:14.805+0000] {logging_mixin.py:149} INFO - [2023-06-16T10:01:14.805+0000] {dag.py:3490} INFO - Setting next_dagrun for example_branch_operator to 2023-06-15T00:00:00+00:00, run_after=2023-06-16T00:00:00+00:00
[2023-06-16T10:01:15.113+0000] {processor.py:179} INFO - Processing /home/airflow/.local/lib/python3.7/site-packages/airflow/example_dags/example_branch_operator.py took 0.691 seconds
[2023-06-16T10:01:45.376+0000] {processor.py:157} INFO - Started process (PID=463) to work on /home/airflow/.local/lib/python3.7/site-packages/airflow/example_dags/example_branch_operator.py
[2023-06-16T10:01:45.533+0000] {processor.py:826} INFO - Processing file /home/airflow/.local/lib/python3.7/site-packages/airflow/example_dags/example_branch_operator.py for tasks to queue
[2023-06-16T10:01:45.534+0000] {logging_mixin.py:149} INFO - [2023-06-16T10:01:45.534+0000] {dagbag.py:541} INFO - Filling up the DagBag from /home/airflow/.local/lib/python3.7/site-packages/airflow/example_dags/example_branch_operator.py
[2023-06-16T10:01:45.551+0000] {processor.py:836} INFO - DAG(s) dict_keys(['example_branch_operator']) retrieved from /home/airflow/.local/lib/python3.7/site-packages/airflow/example_dags/example_branch_operator.py
[2023-06-16T10:01:45.614+0000] {logging_mixin.py:149} INFO - [2023-06-16T10:01:45.614+0000] {dag.py:2726} INFO - Sync 1 DAGs
[2023-06-16T10:01:45.676+0000] {logging_mixin.py:149} INFO - [2023-06-16T10:01:45.676+0000] {dag.py:3490} INFO - Setting next_dagrun for example_branch_operator to 2023-06-15T00:00:00+00:00, run_after=2023-06-16T00:00:00+00:00
[2023-06-16T10:01:45.768+0000] {processor.py:179} INFO - Processing /home/airflow/.local/lib/python3.7/site-packages/airflow/example_dags/example_branch_operator.py took 0.398 seconds
[2023-06-16T10:02:17.178+0000] {processor.py:157} INFO - Started process (PID=531) to work on /home/airflow/.local/lib/python3.7/site-packages/airflow/example_dags/example_branch_operator.py
[2023-06-16T10:02:17.204+0000] {processor.py:826} INFO - Processing file /home/airflow/.local/lib/python3.7/site-packages/airflow/example_dags/example_branch_operator.py for tasks to queue
[2023-06-16T10:02:17.206+0000] {logging_mixin.py:149} INFO - [2023-06-16T10:02:17.206+0000] {dagbag.py:541} INFO - Filling up the DagBag from /home/airflow/.local/lib/python3.7/site-packages/airflow/example_dags/example_branch_operator.py
[2023-06-16T10:02:17.245+0000] {processor.py:836} INFO - DAG(s) dict_keys(['example_branch_operator']) retrieved from /home/airflow/.local/lib/python3.7/site-packages/airflow/example_dags/example_branch_operator.py
[2023-06-16T10:02:17.297+0000] {logging_mixin.py:149} INFO - [2023-06-16T10:02:17.297+0000] {dag.py:2726} INFO - Sync 1 DAGs
[2023-06-16T10:02:17.362+0000] {logging_mixin.py:149} INFO - [2023-06-16T10:02:17.361+0000] {dag.py:3490} INFO - Setting next_dagrun for example_branch_operator to 2023-06-15T00:00:00+00:00, run_after=2023-06-16T00:00:00+00:00
[2023-06-16T10:02:17.439+0000] {processor.py:179} INFO - Processing /home/airflow/.local/lib/python3.7/site-packages/airflow/example_dags/example_branch_operator.py took 0.266 seconds
[2023-06-16T10:03:17.197+0000] {processor.py:157} INFO - Started process (PID=602) to work on /home/airflow/.local/lib/python3.7/site-packages/airflow/example_dags/example_branch_operator.py
[2023-06-16T10:03:17.269+0000] {processor.py:826} INFO - Processing file /home/airflow/.local/lib/python3.7/site-packages/airflow/example_dags/example_branch_operator.py for tasks to queue
[2023-06-16T10:03:17.523+0000] {logging_mixin.py:149} INFO - [2023-06-16T10:03:17.426+0000] {dagbag.py:541} INFO - Filling up the DagBag from /home/airflow/.local/lib/python3.7/site-packages/airflow/example_dags/example_branch_operator.py
[2023-06-16T10:03:17.661+0000] {processor.py:836} INFO - DAG(s) dict_keys(['example_branch_operator']) retrieved from /home/airflow/.local/lib/python3.7/site-packages/airflow/example_dags/example_branch_operator.py
[2023-06-16T10:03:17.978+0000] {logging_mixin.py:149} INFO - [2023-06-16T10:03:17.977+0000] {dag.py:2726} INFO - Sync 1 DAGs
[2023-06-16T10:03:18.021+0000] {logging_mixin.py:149} INFO - [2023-06-16T10:03:18.021+0000] {dag.py:3490} INFO - Setting next_dagrun for example_branch_operator to 2023-06-15T00:00:00+00:00, run_after=2023-06-16T00:00:00+00:00
[2023-06-16T10:03:18.160+0000] {processor.py:179} INFO - Processing /home/airflow/.local/lib/python3.7/site-packages/airflow/example_dags/example_branch_operator.py took 1.150 seconds
[2023-06-16T10:05:09.894+0000] {processor.py:157} INFO - Started process (PID=689) to work on /home/airflow/.local/lib/python3.7/site-packages/airflow/example_dags/example_branch_operator.py
[2023-06-16T10:05:09.997+0000] {processor.py:826} INFO - Processing file /home/airflow/.local/lib/python3.7/site-packages/airflow/example_dags/example_branch_operator.py for tasks to queue
[2023-06-16T10:05:09.998+0000] {logging_mixin.py:149} INFO - [2023-06-16T10:05:09.998+0000] {dagbag.py:541} INFO - Filling up the DagBag from /home/airflow/.local/lib/python3.7/site-packages/airflow/example_dags/example_branch_operator.py
[2023-06-16T10:05:12.157+0000] {processor.py:836} INFO - DAG(s) dict_keys(['example_branch_operator']) retrieved from /home/airflow/.local/lib/python3.7/site-packages/airflow/example_dags/example_branch_operator.py
[2023-06-16T10:05:15.077+0000] {logging_mixin.py:149} INFO - [2023-06-16T10:05:15.077+0000] {dag.py:2726} INFO - Sync 1 DAGs
[2023-06-16T10:05:19.396+0000] {logging_mixin.py:149} INFO - [2023-06-16T10:05:19.395+0000] {dag.py:3490} INFO - Setting next_dagrun for example_branch_operator to 2023-06-15T00:00:00+00:00, run_after=2023-06-16T00:00:00+00:00
[2023-06-16T10:05:22.026+0000] {processor.py:179} INFO - Processing /home/airflow/.local/lib/python3.7/site-packages/airflow/example_dags/example_branch_operator.py took 12.150 seconds
[2023-06-16T10:06:15.847+0000] {processor.py:157} INFO - Started process (PID=764) to work on /home/airflow/.local/lib/python3.7/site-packages/airflow/example_dags/example_branch_operator.py
[2023-06-16T10:06:15.915+0000] {processor.py:826} INFO - Processing file /home/airflow/.local/lib/python3.7/site-packages/airflow/example_dags/example_branch_operator.py for tasks to queue
[2023-06-16T10:06:15.918+0000] {logging_mixin.py:149} INFO - [2023-06-16T10:06:15.918+0000] {dagbag.py:541} INFO - Filling up the DagBag from /home/airflow/.local/lib/python3.7/site-packages/airflow/example_dags/example_branch_operator.py
[2023-06-16T10:06:16.050+0000] {processor.py:836} INFO - DAG(s) dict_keys(['example_branch_operator']) retrieved from /home/airflow/.local/lib/python3.7/site-packages/airflow/example_dags/example_branch_operator.py
[2023-06-16T10:06:16.089+0000] {logging_mixin.py:149} INFO - [2023-06-16T10:06:16.088+0000] {dag.py:2726} INFO - Sync 1 DAGs
[2023-06-16T10:06:16.126+0000] {logging_mixin.py:149} INFO - [2023-06-16T10:06:16.126+0000] {dag.py:3490} INFO - Setting next_dagrun for example_branch_operator to 2023-06-15T00:00:00+00:00, run_after=2023-06-16T00:00:00+00:00
[2023-06-16T10:06:16.268+0000] {processor.py:179} INFO - Processing /home/airflow/.local/lib/python3.7/site-packages/airflow/example_dags/example_branch_operator.py took 0.425 seconds
[2023-06-16T10:06:46.333+0000] {processor.py:157} INFO - Started process (PID=831) to work on /home/airflow/.local/lib/python3.7/site-packages/airflow/example_dags/example_branch_operator.py
[2023-06-16T10:06:46.334+0000] {processor.py:826} INFO - Processing file /home/airflow/.local/lib/python3.7/site-packages/airflow/example_dags/example_branch_operator.py for tasks to queue
[2023-06-16T10:06:46.334+0000] {logging_mixin.py:149} INFO - [2023-06-16T10:06:46.334+0000] {dagbag.py:541} INFO - Filling up the DagBag from /home/airflow/.local/lib/python3.7/site-packages/airflow/example_dags/example_branch_operator.py
[2023-06-16T10:06:46.347+0000] {processor.py:836} INFO - DAG(s) dict_keys(['example_branch_operator']) retrieved from /home/airflow/.local/lib/python3.7/site-packages/airflow/example_dags/example_branch_operator.py
[2023-06-16T10:06:46.391+0000] {logging_mixin.py:149} INFO - [2023-06-16T10:06:46.391+0000] {dag.py:2726} INFO - Sync 1 DAGs
[2023-06-16T10:06:46.462+0000] {logging_mixin.py:149} INFO - [2023-06-16T10:06:46.462+0000] {dag.py:3490} INFO - Setting next_dagrun for example_branch_operator to 2023-06-15T00:00:00+00:00, run_after=2023-06-16T00:00:00+00:00
[2023-06-16T10:06:46.610+0000] {processor.py:179} INFO - Processing /home/airflow/.local/lib/python3.7/site-packages/airflow/example_dags/example_branch_operator.py took 0.282 seconds
[2023-06-16T10:08:27.244+0000] {processor.py:157} INFO - Started process (PID=896) to work on /home/airflow/.local/lib/python3.7/site-packages/airflow/example_dags/example_branch_operator.py
[2023-06-16T10:08:27.664+0000] {processor.py:826} INFO - Processing file /home/airflow/.local/lib/python3.7/site-packages/airflow/example_dags/example_branch_operator.py for tasks to queue
[2023-06-16T10:08:27.668+0000] {logging_mixin.py:149} INFO - [2023-06-16T10:08:27.667+0000] {dagbag.py:541} INFO - Filling up the DagBag from /home/airflow/.local/lib/python3.7/site-packages/airflow/example_dags/example_branch_operator.py
[2023-06-16T10:08:27.714+0000] {processor.py:836} INFO - DAG(s) dict_keys(['example_branch_operator']) retrieved from /home/airflow/.local/lib/python3.7/site-packages/airflow/example_dags/example_branch_operator.py
[2023-06-16T10:08:27.762+0000] {logging_mixin.py:149} INFO - [2023-06-16T10:08:27.762+0000] {dag.py:2726} INFO - Sync 1 DAGs
[2023-06-16T10:08:27.822+0000] {logging_mixin.py:149} INFO - [2023-06-16T10:08:27.822+0000] {dag.py:3490} INFO - Setting next_dagrun for example_branch_operator to 2023-06-15T00:00:00+00:00, run_after=2023-06-16T00:00:00+00:00
[2023-06-16T10:08:28.142+0000] {processor.py:179} INFO - Processing /home/airflow/.local/lib/python3.7/site-packages/airflow/example_dags/example_branch_operator.py took 0.903 seconds
[2023-06-16T10:14:02.377+0000] {processor.py:157} INFO - Started process (PID=74) to work on /home/airflow/.local/lib/python3.7/site-packages/airflow/example_dags/example_branch_operator.py
[2023-06-16T10:14:02.476+0000] {processor.py:826} INFO - Processing file /home/airflow/.local/lib/python3.7/site-packages/airflow/example_dags/example_branch_operator.py for tasks to queue
[2023-06-16T10:14:02.478+0000] {logging_mixin.py:149} INFO - [2023-06-16T10:14:02.478+0000] {dagbag.py:541} INFO - Filling up the DagBag from /home/airflow/.local/lib/python3.7/site-packages/airflow/example_dags/example_branch_operator.py
[2023-06-16T10:14:02.551+0000] {processor.py:836} INFO - DAG(s) dict_keys(['example_branch_operator']) retrieved from /home/airflow/.local/lib/python3.7/site-packages/airflow/example_dags/example_branch_operator.py
[2023-06-16T10:14:02.597+0000] {logging_mixin.py:149} INFO - [2023-06-16T10:14:02.597+0000] {dag.py:2726} INFO - Sync 1 DAGs
[2023-06-16T10:14:02.633+0000] {logging_mixin.py:149} INFO - [2023-06-16T10:14:02.633+0000] {dag.py:3490} INFO - Setting next_dagrun for example_branch_operator to 2023-06-15T00:00:00+00:00, run_after=2023-06-16T00:00:00+00:00
[2023-06-16T10:14:02.787+0000] {processor.py:179} INFO - Processing /home/airflow/.local/lib/python3.7/site-packages/airflow/example_dags/example_branch_operator.py took 0.413 seconds
[2023-06-16T10:14:34.432+0000] {processor.py:157} INFO - Started process (PID=135) to work on /home/airflow/.local/lib/python3.7/site-packages/airflow/example_dags/example_branch_operator.py
[2023-06-16T10:14:34.483+0000] {processor.py:826} INFO - Processing file /home/airflow/.local/lib/python3.7/site-packages/airflow/example_dags/example_branch_operator.py for tasks to queue
[2023-06-16T10:14:34.484+0000] {logging_mixin.py:149} INFO - [2023-06-16T10:14:34.484+0000] {dagbag.py:541} INFO - Filling up the DagBag from /home/airflow/.local/lib/python3.7/site-packages/airflow/example_dags/example_branch_operator.py
[2023-06-16T10:14:34.503+0000] {processor.py:836} INFO - DAG(s) dict_keys(['example_branch_operator']) retrieved from /home/airflow/.local/lib/python3.7/site-packages/airflow/example_dags/example_branch_operator.py
[2023-06-16T10:14:34.558+0000] {logging_mixin.py:149} INFO - [2023-06-16T10:14:34.558+0000] {dag.py:2726} INFO - Sync 1 DAGs
[2023-06-16T10:14:34.599+0000] {logging_mixin.py:149} INFO - [2023-06-16T10:14:34.599+0000] {dag.py:3490} INFO - Setting next_dagrun for example_branch_operator to 2023-06-15T00:00:00+00:00, run_after=2023-06-16T00:00:00+00:00
[2023-06-16T10:14:34.815+0000] {processor.py:179} INFO - Processing /home/airflow/.local/lib/python3.7/site-packages/airflow/example_dags/example_branch_operator.py took 0.388 seconds
[2023-06-16T10:15:04.897+0000] {processor.py:157} INFO - Started process (PID=204) to work on /home/airflow/.local/lib/python3.7/site-packages/airflow/example_dags/example_branch_operator.py
[2023-06-16T10:15:04.906+0000] {processor.py:826} INFO - Processing file /home/airflow/.local/lib/python3.7/site-packages/airflow/example_dags/example_branch_operator.py for tasks to queue
[2023-06-16T10:15:04.907+0000] {logging_mixin.py:149} INFO - [2023-06-16T10:15:04.907+0000] {dagbag.py:541} INFO - Filling up the DagBag from /home/airflow/.local/lib/python3.7/site-packages/airflow/example_dags/example_branch_operator.py
[2023-06-16T10:15:04.922+0000] {processor.py:836} INFO - DAG(s) dict_keys(['example_branch_operator']) retrieved from /home/airflow/.local/lib/python3.7/site-packages/airflow/example_dags/example_branch_operator.py
[2023-06-16T10:15:05.109+0000] {logging_mixin.py:149} INFO - [2023-06-16T10:15:05.109+0000] {dag.py:2726} INFO - Sync 1 DAGs
[2023-06-16T10:15:05.153+0000] {logging_mixin.py:149} INFO - [2023-06-16T10:15:05.152+0000] {dag.py:3490} INFO - Setting next_dagrun for example_branch_operator to 2023-06-15T00:00:00+00:00, run_after=2023-06-16T00:00:00+00:00
[2023-06-16T10:15:05.252+0000] {processor.py:179} INFO - Processing /home/airflow/.local/lib/python3.7/site-packages/airflow/example_dags/example_branch_operator.py took 0.359 seconds
[2023-06-16T10:15:35.566+0000] {processor.py:157} INFO - Started process (PID=273) to work on /home/airflow/.local/lib/python3.7/site-packages/airflow/example_dags/example_branch_operator.py
[2023-06-16T10:15:35.567+0000] {processor.py:826} INFO - Processing file /home/airflow/.local/lib/python3.7/site-packages/airflow/example_dags/example_branch_operator.py for tasks to queue
[2023-06-16T10:15:35.568+0000] {logging_mixin.py:149} INFO - [2023-06-16T10:15:35.568+0000] {dagbag.py:541} INFO - Filling up the DagBag from /home/airflow/.local/lib/python3.7/site-packages/airflow/example_dags/example_branch_operator.py
[2023-06-16T10:15:35.580+0000] {processor.py:836} INFO - DAG(s) dict_keys(['example_branch_operator']) retrieved from /home/airflow/.local/lib/python3.7/site-packages/airflow/example_dags/example_branch_operator.py
[2023-06-16T10:15:35.614+0000] {logging_mixin.py:149} INFO - [2023-06-16T10:15:35.614+0000] {dag.py:2726} INFO - Sync 1 DAGs
[2023-06-16T10:15:35.665+0000] {logging_mixin.py:149} INFO - [2023-06-16T10:15:35.664+0000] {dag.py:3490} INFO - Setting next_dagrun for example_branch_operator to 2023-06-15T00:00:00+00:00, run_after=2023-06-16T00:00:00+00:00
[2023-06-16T10:15:35.704+0000] {processor.py:179} INFO - Processing /home/airflow/.local/lib/python3.7/site-packages/airflow/example_dags/example_branch_operator.py took 0.142 seconds
[2023-06-16T10:16:06.033+0000] {processor.py:157} INFO - Started process (PID=340) to work on /home/airflow/.local/lib/python3.7/site-packages/airflow/example_dags/example_branch_operator.py
[2023-06-16T10:16:06.048+0000] {processor.py:826} INFO - Processing file /home/airflow/.local/lib/python3.7/site-packages/airflow/example_dags/example_branch_operator.py for tasks to queue
[2023-06-16T10:16:06.050+0000] {logging_mixin.py:149} INFO - [2023-06-16T10:16:06.049+0000] {dagbag.py:541} INFO - Filling up the DagBag from /home/airflow/.local/lib/python3.7/site-packages/airflow/example_dags/example_branch_operator.py
[2023-06-16T10:16:06.078+0000] {processor.py:836} INFO - DAG(s) dict_keys(['example_branch_operator']) retrieved from /home/airflow/.local/lib/python3.7/site-packages/airflow/example_dags/example_branch_operator.py
[2023-06-16T10:16:06.121+0000] {logging_mixin.py:149} INFO - [2023-06-16T10:16:06.121+0000] {dag.py:2726} INFO - Sync 1 DAGs
[2023-06-16T10:16:06.159+0000] {logging_mixin.py:149} INFO - [2023-06-16T10:16:06.159+0000] {dag.py:3490} INFO - Setting next_dagrun for example_branch_operator to 2023-06-15T00:00:00+00:00, run_after=2023-06-16T00:00:00+00:00
[2023-06-16T10:16:06.194+0000] {processor.py:179} INFO - Processing /home/airflow/.local/lib/python3.7/site-packages/airflow/example_dags/example_branch_operator.py took 0.169 seconds
[2023-06-16T10:16:36.815+0000] {processor.py:157} INFO - Started process (PID=403) to work on /home/airflow/.local/lib/python3.7/site-packages/airflow/example_dags/example_branch_operator.py
[2023-06-16T10:16:36.853+0000] {processor.py:826} INFO - Processing file /home/airflow/.local/lib/python3.7/site-packages/airflow/example_dags/example_branch_operator.py for tasks to queue
[2023-06-16T10:16:36.855+0000] {logging_mixin.py:149} INFO - [2023-06-16T10:16:36.855+0000] {dagbag.py:541} INFO - Filling up the DagBag from /home/airflow/.local/lib/python3.7/site-packages/airflow/example_dags/example_branch_operator.py
[2023-06-16T10:16:36.875+0000] {processor.py:836} INFO - DAG(s) dict_keys(['example_branch_operator']) retrieved from /home/airflow/.local/lib/python3.7/site-packages/airflow/example_dags/example_branch_operator.py
[2023-06-16T10:16:36.932+0000] {logging_mixin.py:149} INFO - [2023-06-16T10:16:36.931+0000] {dag.py:2726} INFO - Sync 1 DAGs
[2023-06-16T10:16:36.998+0000] {logging_mixin.py:149} INFO - [2023-06-16T10:16:36.998+0000] {dag.py:3490} INFO - Setting next_dagrun for example_branch_operator to 2023-06-15T00:00:00+00:00, run_after=2023-06-16T00:00:00+00:00
[2023-06-16T10:16:37.104+0000] {processor.py:179} INFO - Processing /home/airflow/.local/lib/python3.7/site-packages/airflow/example_dags/example_branch_operator.py took 0.295 seconds
[2023-06-16T10:17:08.340+0000] {processor.py:157} INFO - Started process (PID=471) to work on /home/airflow/.local/lib/python3.7/site-packages/airflow/example_dags/example_branch_operator.py
[2023-06-16T10:17:08.392+0000] {processor.py:826} INFO - Processing file /home/airflow/.local/lib/python3.7/site-packages/airflow/example_dags/example_branch_operator.py for tasks to queue
[2023-06-16T10:17:08.394+0000] {logging_mixin.py:149} INFO - [2023-06-16T10:17:08.393+0000] {dagbag.py:541} INFO - Filling up the DagBag from /home/airflow/.local/lib/python3.7/site-packages/airflow/example_dags/example_branch_operator.py
[2023-06-16T10:17:08.412+0000] {processor.py:836} INFO - DAG(s) dict_keys(['example_branch_operator']) retrieved from /home/airflow/.local/lib/python3.7/site-packages/airflow/example_dags/example_branch_operator.py
[2023-06-16T10:17:08.456+0000] {logging_mixin.py:149} INFO - [2023-06-16T10:17:08.456+0000] {dag.py:2726} INFO - Sync 1 DAGs
[2023-06-16T10:17:08.516+0000] {logging_mixin.py:149} INFO - [2023-06-16T10:17:08.515+0000] {dag.py:3490} INFO - Setting next_dagrun for example_branch_operator to 2023-06-15T00:00:00+00:00, run_after=2023-06-16T00:00:00+00:00
[2023-06-16T10:17:08.605+0000] {processor.py:179} INFO - Processing /home/airflow/.local/lib/python3.7/site-packages/airflow/example_dags/example_branch_operator.py took 0.269 seconds
[2023-06-16T10:17:42.034+0000] {processor.py:157} INFO - Started process (PID=533) to work on /home/airflow/.local/lib/python3.7/site-packages/airflow/example_dags/example_branch_operator.py
[2023-06-16T10:17:42.390+0000] {processor.py:826} INFO - Processing file /home/airflow/.local/lib/python3.7/site-packages/airflow/example_dags/example_branch_operator.py for tasks to queue
[2023-06-16T10:17:42.394+0000] {logging_mixin.py:149} INFO - [2023-06-16T10:17:42.393+0000] {dagbag.py:541} INFO - Filling up the DagBag from /home/airflow/.local/lib/python3.7/site-packages/airflow/example_dags/example_branch_operator.py
[2023-06-16T10:17:42.429+0000] {processor.py:836} INFO - DAG(s) dict_keys(['example_branch_operator']) retrieved from /home/airflow/.local/lib/python3.7/site-packages/airflow/example_dags/example_branch_operator.py
[2023-06-16T10:17:42.497+0000] {logging_mixin.py:149} INFO - [2023-06-16T10:17:42.497+0000] {dag.py:2726} INFO - Sync 1 DAGs
[2023-06-16T10:17:42.561+0000] {logging_mixin.py:149} INFO - [2023-06-16T10:17:42.560+0000] {dag.py:3490} INFO - Setting next_dagrun for example_branch_operator to 2023-06-15T00:00:00+00:00, run_after=2023-06-16T00:00:00+00:00
[2023-06-16T10:17:42.931+0000] {processor.py:179} INFO - Processing /home/airflow/.local/lib/python3.7/site-packages/airflow/example_dags/example_branch_operator.py took 0.902 seconds
[2023-06-16T10:18:18.105+0000] {processor.py:157} INFO - Started process (PID=588) to work on /home/airflow/.local/lib/python3.7/site-packages/airflow/example_dags/example_branch_operator.py
[2023-06-16T10:18:18.140+0000] {processor.py:826} INFO - Processing file /home/airflow/.local/lib/python3.7/site-packages/airflow/example_dags/example_branch_operator.py for tasks to queue
[2023-06-16T10:18:18.141+0000] {logging_mixin.py:149} INFO - [2023-06-16T10:18:18.141+0000] {dagbag.py:541} INFO - Filling up the DagBag from /home/airflow/.local/lib/python3.7/site-packages/airflow/example_dags/example_branch_operator.py
[2023-06-16T10:18:18.155+0000] {processor.py:836} INFO - DAG(s) dict_keys(['example_branch_operator']) retrieved from /home/airflow/.local/lib/python3.7/site-packages/airflow/example_dags/example_branch_operator.py
[2023-06-16T10:18:18.203+0000] {logging_mixin.py:149} INFO - [2023-06-16T10:18:18.203+0000] {dag.py:2726} INFO - Sync 1 DAGs
[2023-06-16T10:18:18.254+0000] {logging_mixin.py:149} INFO - [2023-06-16T10:18:18.254+0000] {dag.py:3490} INFO - Setting next_dagrun for example_branch_operator to 2023-06-15T00:00:00+00:00, run_after=2023-06-16T00:00:00+00:00
[2023-06-16T10:18:18.312+0000] {processor.py:179} INFO - Processing /home/airflow/.local/lib/python3.7/site-packages/airflow/example_dags/example_branch_operator.py took 0.211 seconds
[2023-06-16T10:18:48.930+0000] {processor.py:157} INFO - Started process (PID=656) to work on /home/airflow/.local/lib/python3.7/site-packages/airflow/example_dags/example_branch_operator.py
[2023-06-16T10:18:48.931+0000] {processor.py:826} INFO - Processing file /home/airflow/.local/lib/python3.7/site-packages/airflow/example_dags/example_branch_operator.py for tasks to queue
[2023-06-16T10:18:48.932+0000] {logging_mixin.py:149} INFO - [2023-06-16T10:18:48.932+0000] {dagbag.py:541} INFO - Filling up the DagBag from /home/airflow/.local/lib/python3.7/site-packages/airflow/example_dags/example_branch_operator.py
[2023-06-16T10:18:48.950+0000] {processor.py:836} INFO - DAG(s) dict_keys(['example_branch_operator']) retrieved from /home/airflow/.local/lib/python3.7/site-packages/airflow/example_dags/example_branch_operator.py
[2023-06-16T10:18:48.996+0000] {logging_mixin.py:149} INFO - [2023-06-16T10:18:48.996+0000] {dag.py:2726} INFO - Sync 1 DAGs
[2023-06-16T10:18:49.036+0000] {logging_mixin.py:149} INFO - [2023-06-16T10:18:49.035+0000] {dag.py:3490} INFO - Setting next_dagrun for example_branch_operator to 2023-06-15T00:00:00+00:00, run_after=2023-06-16T00:00:00+00:00
[2023-06-16T10:18:49.073+0000] {processor.py:179} INFO - Processing /home/airflow/.local/lib/python3.7/site-packages/airflow/example_dags/example_branch_operator.py took 0.146 seconds
[2023-06-16T10:19:19.612+0000] {processor.py:157} INFO - Started process (PID=724) to work on /home/airflow/.local/lib/python3.7/site-packages/airflow/example_dags/example_branch_operator.py
[2023-06-16T10:19:19.623+0000] {processor.py:826} INFO - Processing file /home/airflow/.local/lib/python3.7/site-packages/airflow/example_dags/example_branch_operator.py for tasks to queue
[2023-06-16T10:19:19.624+0000] {logging_mixin.py:149} INFO - [2023-06-16T10:19:19.624+0000] {dagbag.py:541} INFO - Filling up the DagBag from /home/airflow/.local/lib/python3.7/site-packages/airflow/example_dags/example_branch_operator.py
[2023-06-16T10:19:19.641+0000] {processor.py:836} INFO - DAG(s) dict_keys(['example_branch_operator']) retrieved from /home/airflow/.local/lib/python3.7/site-packages/airflow/example_dags/example_branch_operator.py
[2023-06-16T10:19:19.679+0000] {logging_mixin.py:149} INFO - [2023-06-16T10:19:19.679+0000] {dag.py:2726} INFO - Sync 1 DAGs
[2023-06-16T10:19:19.728+0000] {logging_mixin.py:149} INFO - [2023-06-16T10:19:19.728+0000] {dag.py:3490} INFO - Setting next_dagrun for example_branch_operator to 2023-06-15T00:00:00+00:00, run_after=2023-06-16T00:00:00+00:00
[2023-06-16T10:19:19.769+0000] {processor.py:179} INFO - Processing /home/airflow/.local/lib/python3.7/site-packages/airflow/example_dags/example_branch_operator.py took 0.161 seconds
