[2023-06-19T04:16:16.984+0000] {processor.py:157} INFO - Started process (PID=93) to work on /home/airflow/.local/lib/python3.7/site-packages/airflow/example_dags/example_sensor_decorator.py
[2023-06-19T04:16:16.985+0000] {processor.py:826} INFO - Processing file /home/airflow/.local/lib/python3.7/site-packages/airflow/example_dags/example_sensor_decorator.py for tasks to queue
[2023-06-19T04:16:16.986+0000] {logging_mixin.py:149} INFO - [2023-06-19T04:16:16.985+0000] {dagbag.py:541} INFO - Filling up the DagBag from /home/airflow/.local/lib/python3.7/site-packages/airflow/example_dags/example_sensor_decorator.py
[2023-06-19T04:16:17.041+0000] {processor.py:836} INFO - DAG(s) dict_keys(['example_sensor_decorator']) retrieved from /home/airflow/.local/lib/python3.7/site-packages/airflow/example_dags/example_sensor_decorator.py
[2023-06-19T04:16:17.087+0000] {logging_mixin.py:149} INFO - [2023-06-19T04:16:17.087+0000] {dag.py:2726} INFO - Sync 1 DAGs
[2023-06-19T04:16:17.128+0000] {logging_mixin.py:149} INFO - [2023-06-19T04:16:17.128+0000] {dag.py:3490} INFO - Setting next_dagrun for example_sensor_decorator to None, run_after=None
[2023-06-19T04:16:17.249+0000] {processor.py:179} INFO - Processing /home/airflow/.local/lib/python3.7/site-packages/airflow/example_dags/example_sensor_decorator.py took 0.270 seconds
[2023-06-19T04:18:07.880+0000] {processor.py:157} INFO - Started process (PID=184) to work on /home/airflow/.local/lib/python3.7/site-packages/airflow/example_dags/example_sensor_decorator.py
[2023-06-19T04:18:07.882+0000] {processor.py:826} INFO - Processing file /home/airflow/.local/lib/python3.7/site-packages/airflow/example_dags/example_sensor_decorator.py for tasks to queue
[2023-06-19T04:18:07.883+0000] {logging_mixin.py:149} INFO - [2023-06-19T04:18:07.883+0000] {dagbag.py:541} INFO - Filling up the DagBag from /home/airflow/.local/lib/python3.7/site-packages/airflow/example_dags/example_sensor_decorator.py
[2023-06-19T04:18:07.998+0000] {processor.py:836} INFO - DAG(s) dict_keys(['example_sensor_decorator']) retrieved from /home/airflow/.local/lib/python3.7/site-packages/airflow/example_dags/example_sensor_decorator.py
[2023-06-19T04:18:08.308+0000] {logging_mixin.py:149} INFO - [2023-06-19T04:18:08.307+0000] {dag.py:2726} INFO - Sync 1 DAGs
[2023-06-19T04:18:08.364+0000] {logging_mixin.py:149} INFO - [2023-06-19T04:18:08.364+0000] {dag.py:3490} INFO - Setting next_dagrun for example_sensor_decorator to None, run_after=None
[2023-06-19T04:18:08.508+0000] {processor.py:179} INFO - Processing /home/airflow/.local/lib/python3.7/site-packages/airflow/example_dags/example_sensor_decorator.py took 0.637 seconds
[2023-06-19T04:18:38.767+0000] {processor.py:157} INFO - Started process (PID=252) to work on /home/airflow/.local/lib/python3.7/site-packages/airflow/example_dags/example_sensor_decorator.py
[2023-06-19T04:18:38.769+0000] {processor.py:826} INFO - Processing file /home/airflow/.local/lib/python3.7/site-packages/airflow/example_dags/example_sensor_decorator.py for tasks to queue
[2023-06-19T04:18:38.770+0000] {logging_mixin.py:149} INFO - [2023-06-19T04:18:38.770+0000] {dagbag.py:541} INFO - Filling up the DagBag from /home/airflow/.local/lib/python3.7/site-packages/airflow/example_dags/example_sensor_decorator.py
[2023-06-19T04:18:38.780+0000] {processor.py:836} INFO - DAG(s) dict_keys(['example_sensor_decorator']) retrieved from /home/airflow/.local/lib/python3.7/site-packages/airflow/example_dags/example_sensor_decorator.py
[2023-06-19T04:18:38.822+0000] {logging_mixin.py:149} INFO - [2023-06-19T04:18:38.822+0000] {dag.py:2726} INFO - Sync 1 DAGs
[2023-06-19T04:18:38.871+0000] {logging_mixin.py:149} INFO - [2023-06-19T04:18:38.871+0000] {dag.py:3490} INFO - Setting next_dagrun for example_sensor_decorator to None, run_after=None
[2023-06-19T04:18:38.950+0000] {processor.py:179} INFO - Processing /home/airflow/.local/lib/python3.7/site-packages/airflow/example_dags/example_sensor_decorator.py took 0.189 seconds
[2023-06-19T18:43:43.134+0000] {processor.py:157} INFO - Started process (PID=91) to work on /home/airflow/.local/lib/python3.7/site-packages/airflow/example_dags/example_sensor_decorator.py
[2023-06-19T18:43:43.438+0000] {processor.py:826} INFO - Processing file /home/airflow/.local/lib/python3.7/site-packages/airflow/example_dags/example_sensor_decorator.py for tasks to queue
[2023-06-19T18:43:43.442+0000] {logging_mixin.py:149} INFO - [2023-06-19T18:43:43.441+0000] {dagbag.py:541} INFO - Filling up the DagBag from /home/airflow/.local/lib/python3.7/site-packages/airflow/example_dags/example_sensor_decorator.py
[2023-06-19T18:43:43.677+0000] {processor.py:836} INFO - DAG(s) dict_keys(['example_sensor_decorator']) retrieved from /home/airflow/.local/lib/python3.7/site-packages/airflow/example_dags/example_sensor_decorator.py
[2023-06-19T18:43:43.997+0000] {logging_mixin.py:149} INFO - [2023-06-19T18:43:43.996+0000] {dag.py:2726} INFO - Sync 1 DAGs
[2023-06-19T18:43:44.052+0000] {logging_mixin.py:149} INFO - [2023-06-19T18:43:44.051+0000] {dag.py:3490} INFO - Setting next_dagrun for example_sensor_decorator to None, run_after=None
[2023-06-19T18:43:44.163+0000] {processor.py:179} INFO - Processing /home/airflow/.local/lib/python3.7/site-packages/airflow/example_dags/example_sensor_decorator.py took 1.032 seconds
[2023-06-19T18:45:23.118+0000] {processor.py:157} INFO - Started process (PID=183) to work on /home/airflow/.local/lib/python3.7/site-packages/airflow/example_dags/example_sensor_decorator.py
[2023-06-19T18:45:23.194+0000] {processor.py:826} INFO - Processing file /home/airflow/.local/lib/python3.7/site-packages/airflow/example_dags/example_sensor_decorator.py for tasks to queue
[2023-06-19T18:45:23.196+0000] {logging_mixin.py:149} INFO - [2023-06-19T18:45:23.196+0000] {dagbag.py:541} INFO - Filling up the DagBag from /home/airflow/.local/lib/python3.7/site-packages/airflow/example_dags/example_sensor_decorator.py
[2023-06-19T18:45:23.253+0000] {processor.py:836} INFO - DAG(s) dict_keys(['example_sensor_decorator']) retrieved from /home/airflow/.local/lib/python3.7/site-packages/airflow/example_dags/example_sensor_decorator.py
[2023-06-19T18:45:23.356+0000] {logging_mixin.py:149} INFO - [2023-06-19T18:45:23.355+0000] {dag.py:2726} INFO - Sync 1 DAGs
[2023-06-19T18:45:23.598+0000] {logging_mixin.py:149} INFO - [2023-06-19T18:45:23.598+0000] {dag.py:3490} INFO - Setting next_dagrun for example_sensor_decorator to None, run_after=None
[2023-06-19T18:45:23.678+0000] {processor.py:179} INFO - Processing /home/airflow/.local/lib/python3.7/site-packages/airflow/example_dags/example_sensor_decorator.py took 0.563 seconds
[2023-06-19T18:45:54.262+0000] {processor.py:157} INFO - Started process (PID=251) to work on /home/airflow/.local/lib/python3.7/site-packages/airflow/example_dags/example_sensor_decorator.py
[2023-06-19T18:45:54.271+0000] {processor.py:826} INFO - Processing file /home/airflow/.local/lib/python3.7/site-packages/airflow/example_dags/example_sensor_decorator.py for tasks to queue
[2023-06-19T18:45:54.272+0000] {logging_mixin.py:149} INFO - [2023-06-19T18:45:54.272+0000] {dagbag.py:541} INFO - Filling up the DagBag from /home/airflow/.local/lib/python3.7/site-packages/airflow/example_dags/example_sensor_decorator.py
[2023-06-19T18:45:54.282+0000] {processor.py:836} INFO - DAG(s) dict_keys(['example_sensor_decorator']) retrieved from /home/airflow/.local/lib/python3.7/site-packages/airflow/example_dags/example_sensor_decorator.py
[2023-06-19T18:45:54.324+0000] {logging_mixin.py:149} INFO - [2023-06-19T18:45:54.324+0000] {dag.py:2726} INFO - Sync 1 DAGs
[2023-06-19T18:45:54.377+0000] {logging_mixin.py:149} INFO - [2023-06-19T18:45:54.377+0000] {dag.py:3490} INFO - Setting next_dagrun for example_sensor_decorator to None, run_after=None
[2023-06-19T18:45:54.439+0000] {processor.py:179} INFO - Processing /home/airflow/.local/lib/python3.7/site-packages/airflow/example_dags/example_sensor_decorator.py took 0.182 seconds
[2023-06-19T18:46:24.549+0000] {processor.py:157} INFO - Started process (PID=319) to work on /home/airflow/.local/lib/python3.7/site-packages/airflow/example_dags/example_sensor_decorator.py
[2023-06-19T18:46:24.550+0000] {processor.py:826} INFO - Processing file /home/airflow/.local/lib/python3.7/site-packages/airflow/example_dags/example_sensor_decorator.py for tasks to queue
[2023-06-19T18:46:24.551+0000] {logging_mixin.py:149} INFO - [2023-06-19T18:46:24.551+0000] {dagbag.py:541} INFO - Filling up the DagBag from /home/airflow/.local/lib/python3.7/site-packages/airflow/example_dags/example_sensor_decorator.py
[2023-06-19T18:46:24.565+0000] {processor.py:836} INFO - DAG(s) dict_keys(['example_sensor_decorator']) retrieved from /home/airflow/.local/lib/python3.7/site-packages/airflow/example_dags/example_sensor_decorator.py
[2023-06-19T18:46:24.614+0000] {logging_mixin.py:149} INFO - [2023-06-19T18:46:24.613+0000] {dag.py:2726} INFO - Sync 1 DAGs
[2023-06-19T18:46:24.676+0000] {logging_mixin.py:149} INFO - [2023-06-19T18:46:24.676+0000] {dag.py:3490} INFO - Setting next_dagrun for example_sensor_decorator to None, run_after=None
[2023-06-19T18:46:24.806+0000] {processor.py:179} INFO - Processing /home/airflow/.local/lib/python3.7/site-packages/airflow/example_dags/example_sensor_decorator.py took 0.263 seconds
[2023-06-19T18:46:54.886+0000] {processor.py:157} INFO - Started process (PID=387) to work on /home/airflow/.local/lib/python3.7/site-packages/airflow/example_dags/example_sensor_decorator.py
[2023-06-19T18:46:54.888+0000] {processor.py:826} INFO - Processing file /home/airflow/.local/lib/python3.7/site-packages/airflow/example_dags/example_sensor_decorator.py for tasks to queue
[2023-06-19T18:46:54.889+0000] {logging_mixin.py:149} INFO - [2023-06-19T18:46:54.889+0000] {dagbag.py:541} INFO - Filling up the DagBag from /home/airflow/.local/lib/python3.7/site-packages/airflow/example_dags/example_sensor_decorator.py
[2023-06-19T18:46:54.898+0000] {processor.py:836} INFO - DAG(s) dict_keys(['example_sensor_decorator']) retrieved from /home/airflow/.local/lib/python3.7/site-packages/airflow/example_dags/example_sensor_decorator.py
[2023-06-19T18:46:54.929+0000] {logging_mixin.py:149} INFO - [2023-06-19T18:46:54.929+0000] {dag.py:2726} INFO - Sync 1 DAGs
[2023-06-19T18:46:54.963+0000] {logging_mixin.py:149} INFO - [2023-06-19T18:46:54.963+0000] {dag.py:3490} INFO - Setting next_dagrun for example_sensor_decorator to None, run_after=None
[2023-06-19T18:46:55.002+0000] {processor.py:179} INFO - Processing /home/airflow/.local/lib/python3.7/site-packages/airflow/example_dags/example_sensor_decorator.py took 0.122 seconds
[2023-06-19T18:47:25.420+0000] {processor.py:157} INFO - Started process (PID=455) to work on /home/airflow/.local/lib/python3.7/site-packages/airflow/example_dags/example_sensor_decorator.py
[2023-06-19T18:47:25.421+0000] {processor.py:826} INFO - Processing file /home/airflow/.local/lib/python3.7/site-packages/airflow/example_dags/example_sensor_decorator.py for tasks to queue
[2023-06-19T18:47:25.422+0000] {logging_mixin.py:149} INFO - [2023-06-19T18:47:25.421+0000] {dagbag.py:541} INFO - Filling up the DagBag from /home/airflow/.local/lib/python3.7/site-packages/airflow/example_dags/example_sensor_decorator.py
[2023-06-19T18:47:25.430+0000] {processor.py:836} INFO - DAG(s) dict_keys(['example_sensor_decorator']) retrieved from /home/airflow/.local/lib/python3.7/site-packages/airflow/example_dags/example_sensor_decorator.py
[2023-06-19T18:47:25.461+0000] {logging_mixin.py:149} INFO - [2023-06-19T18:47:25.461+0000] {dag.py:2726} INFO - Sync 1 DAGs
[2023-06-19T18:47:25.498+0000] {logging_mixin.py:149} INFO - [2023-06-19T18:47:25.498+0000] {dag.py:3490} INFO - Setting next_dagrun for example_sensor_decorator to None, run_after=None
[2023-06-19T18:47:25.550+0000] {processor.py:179} INFO - Processing /home/airflow/.local/lib/python3.7/site-packages/airflow/example_dags/example_sensor_decorator.py took 0.135 seconds
[2023-06-19T18:47:56.069+0000] {processor.py:157} INFO - Started process (PID=523) to work on /home/airflow/.local/lib/python3.7/site-packages/airflow/example_dags/example_sensor_decorator.py
[2023-06-19T18:47:56.071+0000] {processor.py:826} INFO - Processing file /home/airflow/.local/lib/python3.7/site-packages/airflow/example_dags/example_sensor_decorator.py for tasks to queue
[2023-06-19T18:47:56.072+0000] {logging_mixin.py:149} INFO - [2023-06-19T18:47:56.072+0000] {dagbag.py:541} INFO - Filling up the DagBag from /home/airflow/.local/lib/python3.7/site-packages/airflow/example_dags/example_sensor_decorator.py
[2023-06-19T18:47:56.081+0000] {processor.py:836} INFO - DAG(s) dict_keys(['example_sensor_decorator']) retrieved from /home/airflow/.local/lib/python3.7/site-packages/airflow/example_dags/example_sensor_decorator.py
[2023-06-19T18:47:56.121+0000] {logging_mixin.py:149} INFO - [2023-06-19T18:47:56.121+0000] {dag.py:2726} INFO - Sync 1 DAGs
[2023-06-19T18:47:56.169+0000] {logging_mixin.py:149} INFO - [2023-06-19T18:47:56.169+0000] {dag.py:3490} INFO - Setting next_dagrun for example_sensor_decorator to None, run_after=None
[2023-06-19T18:47:56.205+0000] {processor.py:179} INFO - Processing /home/airflow/.local/lib/python3.7/site-packages/airflow/example_dags/example_sensor_decorator.py took 0.141 seconds
