[2023-06-19T04:16:21.739+0000] {processor.py:157} INFO - Started process (PID=104) to work on /home/airflow/.local/lib/python3.7/site-packages/airflow/example_dags/example_datasets.py
[2023-06-19T04:16:21.740+0000] {processor.py:826} INFO - Processing file /home/airflow/.local/lib/python3.7/site-packages/airflow/example_dags/example_datasets.py for tasks to queue
[2023-06-19T04:16:21.740+0000] {logging_mixin.py:149} INFO - [2023-06-19T04:16:21.740+0000] {dagbag.py:541} INFO - Filling up the DagBag from /home/airflow/.local/lib/python3.7/site-packages/airflow/example_dags/example_datasets.py
[2023-06-19T04:16:21.751+0000] {processor.py:836} INFO - DAG(s) dict_keys(['dataset_consumes_1_never_scheduled', 'dataset_consumes_1_and_2', 'dataset_consumes_unknown_never_scheduled', 'dataset_produces_2', 'dataset_consumes_1', 'dataset_produces_1']) retrieved from /home/airflow/.local/lib/python3.7/site-packages/airflow/example_dags/example_datasets.py
[2023-06-19T04:16:21.901+0000] {logging_mixin.py:149} INFO - [2023-06-19T04:16:21.901+0000] {dag.py:2726} INFO - Sync 6 DAGs
[2023-06-19T04:16:21.934+0000] {logging_mixin.py:149} INFO - [2023-06-19T04:16:21.934+0000] {dag.py:3490} INFO - Setting next_dagrun for dataset_consumes_1 to None, run_after=None
[2023-06-19T04:16:25.079+0000] {logging_mixin.py:149} INFO - [2023-06-19T04:16:25.078+0000] {dag.py:3490} INFO - Setting next_dagrun for dataset_consumes_1_and_2 to None, run_after=None
[2023-06-19T04:16:25.083+0000] {logging_mixin.py:149} INFO - [2023-06-19T04:16:25.082+0000] {dag.py:3490} INFO - Setting next_dagrun for dataset_consumes_1_never_scheduled to None, run_after=None
[2023-06-19T04:16:25.086+0000] {logging_mixin.py:149} INFO - [2023-06-19T04:16:25.086+0000] {dag.py:3490} INFO - Setting next_dagrun for dataset_consumes_unknown_never_scheduled to None, run_after=None
[2023-06-19T04:16:25.096+0000] {logging_mixin.py:149} INFO - [2023-06-19T04:16:25.095+0000] {dag.py:3490} INFO - Setting next_dagrun for dataset_produces_1 to 2023-06-18T00:00:00+00:00, run_after=2023-06-19T00:00:00+00:00
[2023-06-19T04:16:25.099+0000] {logging_mixin.py:149} INFO - [2023-06-19T04:16:25.098+0000] {dag.py:3490} INFO - Setting next_dagrun for dataset_produces_2 to None, run_after=None
[2023-06-19T04:16:25.267+0000] {processor.py:179} INFO - Processing /home/airflow/.local/lib/python3.7/site-packages/airflow/example_dags/example_datasets.py took 3.532 seconds
[2023-06-19T04:18:11.829+0000] {processor.py:157} INFO - Started process (PID=195) to work on /home/airflow/.local/lib/python3.7/site-packages/airflow/example_dags/example_datasets.py
[2023-06-19T04:18:11.864+0000] {processor.py:826} INFO - Processing file /home/airflow/.local/lib/python3.7/site-packages/airflow/example_dags/example_datasets.py for tasks to queue
[2023-06-19T04:18:11.866+0000] {logging_mixin.py:149} INFO - [2023-06-19T04:18:11.866+0000] {dagbag.py:541} INFO - Filling up the DagBag from /home/airflow/.local/lib/python3.7/site-packages/airflow/example_dags/example_datasets.py
[2023-06-19T04:18:12.051+0000] {processor.py:836} INFO - DAG(s) dict_keys(['dataset_produces_2', 'dataset_produces_1', 'dataset_consumes_unknown_never_scheduled', 'dataset_consumes_1_and_2', 'dataset_consumes_1_never_scheduled', 'dataset_consumes_1']) retrieved from /home/airflow/.local/lib/python3.7/site-packages/airflow/example_dags/example_datasets.py
[2023-06-19T04:18:12.202+0000] {logging_mixin.py:149} INFO - [2023-06-19T04:18:12.202+0000] {dag.py:2726} INFO - Sync 6 DAGs
[2023-06-19T04:18:12.267+0000] {logging_mixin.py:149} INFO - [2023-06-19T04:18:12.267+0000] {dag.py:3490} INFO - Setting next_dagrun for dataset_consumes_1 to None, run_after=None
[2023-06-19T04:18:12.285+0000] {logging_mixin.py:149} INFO - [2023-06-19T04:18:12.285+0000] {dag.py:3490} INFO - Setting next_dagrun for dataset_consumes_1_and_2 to None, run_after=None
[2023-06-19T04:18:12.290+0000] {logging_mixin.py:149} INFO - [2023-06-19T04:18:12.289+0000] {dag.py:3490} INFO - Setting next_dagrun for dataset_consumes_1_never_scheduled to None, run_after=None
[2023-06-19T04:18:12.293+0000] {logging_mixin.py:149} INFO - [2023-06-19T04:18:12.293+0000] {dag.py:3490} INFO - Setting next_dagrun for dataset_consumes_unknown_never_scheduled to None, run_after=None
[2023-06-19T04:18:12.315+0000] {logging_mixin.py:149} INFO - [2023-06-19T04:18:12.315+0000] {dag.py:3490} INFO - Setting next_dagrun for dataset_produces_1 to 2023-06-18T00:00:00+00:00, run_after=2023-06-19T00:00:00+00:00
[2023-06-19T04:18:12.323+0000] {logging_mixin.py:149} INFO - [2023-06-19T04:18:12.323+0000] {dag.py:3490} INFO - Setting next_dagrun for dataset_produces_2 to None, run_after=None
[2023-06-19T04:18:12.587+0000] {processor.py:179} INFO - Processing /home/airflow/.local/lib/python3.7/site-packages/airflow/example_dags/example_datasets.py took 0.767 seconds
[2023-06-19T04:18:43.207+0000] {processor.py:157} INFO - Started process (PID=269) to work on /home/airflow/.local/lib/python3.7/site-packages/airflow/example_dags/example_datasets.py
[2023-06-19T04:18:43.263+0000] {processor.py:826} INFO - Processing file /home/airflow/.local/lib/python3.7/site-packages/airflow/example_dags/example_datasets.py for tasks to queue
[2023-06-19T04:18:43.265+0000] {logging_mixin.py:149} INFO - [2023-06-19T04:18:43.265+0000] {dagbag.py:541} INFO - Filling up the DagBag from /home/airflow/.local/lib/python3.7/site-packages/airflow/example_dags/example_datasets.py
[2023-06-19T04:18:43.302+0000] {processor.py:836} INFO - DAG(s) dict_keys(['dataset_produces_2', 'dataset_consumes_1_and_2', 'dataset_consumes_1', 'dataset_consumes_unknown_never_scheduled', 'dataset_produces_1', 'dataset_consumes_1_never_scheduled']) retrieved from /home/airflow/.local/lib/python3.7/site-packages/airflow/example_dags/example_datasets.py
[2023-06-19T04:18:43.368+0000] {logging_mixin.py:149} INFO - [2023-06-19T04:18:43.368+0000] {dag.py:2726} INFO - Sync 6 DAGs
[2023-06-19T04:18:43.402+0000] {logging_mixin.py:149} INFO - [2023-06-19T04:18:43.401+0000] {dag.py:3490} INFO - Setting next_dagrun for dataset_consumes_1 to None, run_after=None
[2023-06-19T04:18:43.406+0000] {logging_mixin.py:149} INFO - [2023-06-19T04:18:43.406+0000] {dag.py:3490} INFO - Setting next_dagrun for dataset_consumes_1_and_2 to None, run_after=None
[2023-06-19T04:18:43.408+0000] {logging_mixin.py:149} INFO - [2023-06-19T04:18:43.408+0000] {dag.py:3490} INFO - Setting next_dagrun for dataset_consumes_1_never_scheduled to None, run_after=None
[2023-06-19T04:18:43.409+0000] {logging_mixin.py:149} INFO - [2023-06-19T04:18:43.409+0000] {dag.py:3490} INFO - Setting next_dagrun for dataset_consumes_unknown_never_scheduled to None, run_after=None
[2023-06-19T04:18:43.413+0000] {logging_mixin.py:149} INFO - [2023-06-19T04:18:43.413+0000] {dag.py:3490} INFO - Setting next_dagrun for dataset_produces_1 to 2023-06-18T00:00:00+00:00, run_after=2023-06-19T00:00:00+00:00
[2023-06-19T04:18:43.415+0000] {logging_mixin.py:149} INFO - [2023-06-19T04:18:43.414+0000] {dag.py:3490} INFO - Setting next_dagrun for dataset_produces_2 to None, run_after=None
[2023-06-19T04:18:43.567+0000] {processor.py:179} INFO - Processing /home/airflow/.local/lib/python3.7/site-packages/airflow/example_dags/example_datasets.py took 0.371 seconds
[2023-06-19T18:43:48.969+0000] {processor.py:157} INFO - Started process (PID=102) to work on /home/airflow/.local/lib/python3.7/site-packages/airflow/example_dags/example_datasets.py
[2023-06-19T18:43:49.080+0000] {processor.py:826} INFO - Processing file /home/airflow/.local/lib/python3.7/site-packages/airflow/example_dags/example_datasets.py for tasks to queue
[2023-06-19T18:43:49.082+0000] {logging_mixin.py:149} INFO - [2023-06-19T18:43:49.081+0000] {dagbag.py:541} INFO - Filling up the DagBag from /home/airflow/.local/lib/python3.7/site-packages/airflow/example_dags/example_datasets.py
[2023-06-19T18:43:49.199+0000] {processor.py:836} INFO - DAG(s) dict_keys(['dataset_produces_2', 'dataset_consumes_1_and_2', 'dataset_consumes_unknown_never_scheduled', 'dataset_consumes_1', 'dataset_produces_1', 'dataset_consumes_1_never_scheduled']) retrieved from /home/airflow/.local/lib/python3.7/site-packages/airflow/example_dags/example_datasets.py
[2023-06-19T18:43:49.367+0000] {logging_mixin.py:149} INFO - [2023-06-19T18:43:49.367+0000] {dag.py:2726} INFO - Sync 6 DAGs
[2023-06-19T18:43:49.399+0000] {logging_mixin.py:149} INFO - [2023-06-19T18:43:49.399+0000] {dag.py:3490} INFO - Setting next_dagrun for dataset_consumes_1 to None, run_after=None
[2023-06-19T18:43:52.879+0000] {logging_mixin.py:149} INFO - [2023-06-19T18:43:52.879+0000] {dag.py:3490} INFO - Setting next_dagrun for dataset_consumes_1_and_2 to None, run_after=None
[2023-06-19T18:43:52.882+0000] {logging_mixin.py:149} INFO - [2023-06-19T18:43:52.882+0000] {dag.py:3490} INFO - Setting next_dagrun for dataset_consumes_1_never_scheduled to None, run_after=None
[2023-06-19T18:43:52.886+0000] {logging_mixin.py:149} INFO - [2023-06-19T18:43:52.885+0000] {dag.py:3490} INFO - Setting next_dagrun for dataset_consumes_unknown_never_scheduled to None, run_after=None
[2023-06-19T18:43:52.896+0000] {logging_mixin.py:149} INFO - [2023-06-19T18:43:52.896+0000] {dag.py:3490} INFO - Setting next_dagrun for dataset_produces_1 to 2023-06-18T00:00:00+00:00, run_after=2023-06-19T00:00:00+00:00
[2023-06-19T18:43:52.900+0000] {logging_mixin.py:149} INFO - [2023-06-19T18:43:52.900+0000] {dag.py:3490} INFO - Setting next_dagrun for dataset_produces_2 to None, run_after=None
[2023-06-19T18:43:53.351+0000] {processor.py:179} INFO - Processing /home/airflow/.local/lib/python3.7/site-packages/airflow/example_dags/example_datasets.py took 4.387 seconds
[2023-06-19T18:45:26.346+0000] {processor.py:157} INFO - Started process (PID=194) to work on /home/airflow/.local/lib/python3.7/site-packages/airflow/example_dags/example_datasets.py
[2023-06-19T18:45:26.348+0000] {processor.py:826} INFO - Processing file /home/airflow/.local/lib/python3.7/site-packages/airflow/example_dags/example_datasets.py for tasks to queue
[2023-06-19T18:45:26.349+0000] {logging_mixin.py:149} INFO - [2023-06-19T18:45:26.349+0000] {dagbag.py:541} INFO - Filling up the DagBag from /home/airflow/.local/lib/python3.7/site-packages/airflow/example_dags/example_datasets.py
[2023-06-19T18:45:26.368+0000] {processor.py:836} INFO - DAG(s) dict_keys(['dataset_consumes_1_and_2', 'dataset_consumes_unknown_never_scheduled', 'dataset_produces_1', 'dataset_consumes_1_never_scheduled', 'dataset_consumes_1', 'dataset_produces_2']) retrieved from /home/airflow/.local/lib/python3.7/site-packages/airflow/example_dags/example_datasets.py
[2023-06-19T18:45:26.625+0000] {logging_mixin.py:149} INFO - [2023-06-19T18:45:26.625+0000] {dag.py:2726} INFO - Sync 6 DAGs
[2023-06-19T18:45:26.673+0000] {logging_mixin.py:149} INFO - [2023-06-19T18:45:26.673+0000] {dag.py:3490} INFO - Setting next_dagrun for dataset_consumes_1 to None, run_after=None
[2023-06-19T18:45:26.681+0000] {logging_mixin.py:149} INFO - [2023-06-19T18:45:26.681+0000] {dag.py:3490} INFO - Setting next_dagrun for dataset_consumes_1_and_2 to None, run_after=None
[2023-06-19T18:45:26.684+0000] {logging_mixin.py:149} INFO - [2023-06-19T18:45:26.683+0000] {dag.py:3490} INFO - Setting next_dagrun for dataset_consumes_1_never_scheduled to None, run_after=None
[2023-06-19T18:45:26.686+0000] {logging_mixin.py:149} INFO - [2023-06-19T18:45:26.686+0000] {dag.py:3490} INFO - Setting next_dagrun for dataset_consumes_unknown_never_scheduled to None, run_after=None
[2023-06-19T18:45:26.692+0000] {logging_mixin.py:149} INFO - [2023-06-19T18:45:26.692+0000] {dag.py:3490} INFO - Setting next_dagrun for dataset_produces_1 to 2023-06-18T00:00:00+00:00, run_after=2023-06-19T00:00:00+00:00
[2023-06-19T18:45:26.696+0000] {logging_mixin.py:149} INFO - [2023-06-19T18:45:26.696+0000] {dag.py:3490} INFO - Setting next_dagrun for dataset_produces_2 to None, run_after=None
[2023-06-19T18:45:26.795+0000] {processor.py:179} INFO - Processing /home/airflow/.local/lib/python3.7/site-packages/airflow/example_dags/example_datasets.py took 0.455 seconds
[2023-06-19T18:45:57.589+0000] {processor.py:157} INFO - Started process (PID=262) to work on /home/airflow/.local/lib/python3.7/site-packages/airflow/example_dags/example_datasets.py
[2023-06-19T18:45:57.603+0000] {processor.py:826} INFO - Processing file /home/airflow/.local/lib/python3.7/site-packages/airflow/example_dags/example_datasets.py for tasks to queue
[2023-06-19T18:45:57.604+0000] {logging_mixin.py:149} INFO - [2023-06-19T18:45:57.604+0000] {dagbag.py:541} INFO - Filling up the DagBag from /home/airflow/.local/lib/python3.7/site-packages/airflow/example_dags/example_datasets.py
[2023-06-19T18:45:57.622+0000] {processor.py:836} INFO - DAG(s) dict_keys(['dataset_produces_1', 'dataset_consumes_1_never_scheduled', 'dataset_consumes_1_and_2', 'dataset_consumes_unknown_never_scheduled', 'dataset_produces_2', 'dataset_consumes_1']) retrieved from /home/airflow/.local/lib/python3.7/site-packages/airflow/example_dags/example_datasets.py
[2023-06-19T18:45:57.731+0000] {logging_mixin.py:149} INFO - [2023-06-19T18:45:57.731+0000] {dag.py:2726} INFO - Sync 6 DAGs
[2023-06-19T18:45:57.782+0000] {logging_mixin.py:149} INFO - [2023-06-19T18:45:57.782+0000] {dag.py:3490} INFO - Setting next_dagrun for dataset_consumes_1 to None, run_after=None
[2023-06-19T18:45:57.789+0000] {logging_mixin.py:149} INFO - [2023-06-19T18:45:57.789+0000] {dag.py:3490} INFO - Setting next_dagrun for dataset_consumes_1_and_2 to None, run_after=None
[2023-06-19T18:45:57.792+0000] {logging_mixin.py:149} INFO - [2023-06-19T18:45:57.792+0000] {dag.py:3490} INFO - Setting next_dagrun for dataset_consumes_1_never_scheduled to None, run_after=None
[2023-06-19T18:45:57.795+0000] {logging_mixin.py:149} INFO - [2023-06-19T18:45:57.795+0000] {dag.py:3490} INFO - Setting next_dagrun for dataset_consumes_unknown_never_scheduled to None, run_after=None
[2023-06-19T18:45:57.802+0000] {logging_mixin.py:149} INFO - [2023-06-19T18:45:57.802+0000] {dag.py:3490} INFO - Setting next_dagrun for dataset_produces_1 to 2023-06-18T00:00:00+00:00, run_after=2023-06-19T00:00:00+00:00
[2023-06-19T18:45:57.804+0000] {logging_mixin.py:149} INFO - [2023-06-19T18:45:57.804+0000] {dag.py:3490} INFO - Setting next_dagrun for dataset_produces_2 to None, run_after=None
[2023-06-19T18:45:57.923+0000] {processor.py:179} INFO - Processing /home/airflow/.local/lib/python3.7/site-packages/airflow/example_dags/example_datasets.py took 0.339 seconds
[2023-06-19T18:46:28.011+0000] {processor.py:157} INFO - Started process (PID=330) to work on /home/airflow/.local/lib/python3.7/site-packages/airflow/example_dags/example_datasets.py
[2023-06-19T18:46:28.012+0000] {processor.py:826} INFO - Processing file /home/airflow/.local/lib/python3.7/site-packages/airflow/example_dags/example_datasets.py for tasks to queue
[2023-06-19T18:46:28.013+0000] {logging_mixin.py:149} INFO - [2023-06-19T18:46:28.013+0000] {dagbag.py:541} INFO - Filling up the DagBag from /home/airflow/.local/lib/python3.7/site-packages/airflow/example_dags/example_datasets.py
[2023-06-19T18:46:28.027+0000] {processor.py:836} INFO - DAG(s) dict_keys(['dataset_consumes_1_and_2', 'dataset_produces_2', 'dataset_consumes_1', 'dataset_consumes_1_never_scheduled', 'dataset_consumes_unknown_never_scheduled', 'dataset_produces_1']) retrieved from /home/airflow/.local/lib/python3.7/site-packages/airflow/example_dags/example_datasets.py
[2023-06-19T18:46:28.084+0000] {logging_mixin.py:149} INFO - [2023-06-19T18:46:28.084+0000] {dag.py:2726} INFO - Sync 6 DAGs
[2023-06-19T18:46:28.122+0000] {logging_mixin.py:149} INFO - [2023-06-19T18:46:28.122+0000] {dag.py:3490} INFO - Setting next_dagrun for dataset_consumes_1 to None, run_after=None
[2023-06-19T18:46:28.127+0000] {logging_mixin.py:149} INFO - [2023-06-19T18:46:28.127+0000] {dag.py:3490} INFO - Setting next_dagrun for dataset_consumes_1_and_2 to None, run_after=None
[2023-06-19T18:46:28.128+0000] {logging_mixin.py:149} INFO - [2023-06-19T18:46:28.128+0000] {dag.py:3490} INFO - Setting next_dagrun for dataset_consumes_1_never_scheduled to None, run_after=None
[2023-06-19T18:46:28.130+0000] {logging_mixin.py:149} INFO - [2023-06-19T18:46:28.130+0000] {dag.py:3490} INFO - Setting next_dagrun for dataset_consumes_unknown_never_scheduled to None, run_after=None
[2023-06-19T18:46:28.134+0000] {logging_mixin.py:149} INFO - [2023-06-19T18:46:28.134+0000] {dag.py:3490} INFO - Setting next_dagrun for dataset_produces_1 to 2023-06-18T00:00:00+00:00, run_after=2023-06-19T00:00:00+00:00
[2023-06-19T18:46:28.136+0000] {logging_mixin.py:149} INFO - [2023-06-19T18:46:28.136+0000] {dag.py:3490} INFO - Setting next_dagrun for dataset_produces_2 to None, run_after=None
[2023-06-19T18:46:28.224+0000] {processor.py:179} INFO - Processing /home/airflow/.local/lib/python3.7/site-packages/airflow/example_dags/example_datasets.py took 0.222 seconds
[2023-06-19T18:46:58.383+0000] {processor.py:157} INFO - Started process (PID=399) to work on /home/airflow/.local/lib/python3.7/site-packages/airflow/example_dags/example_datasets.py
[2023-06-19T18:46:58.385+0000] {processor.py:826} INFO - Processing file /home/airflow/.local/lib/python3.7/site-packages/airflow/example_dags/example_datasets.py for tasks to queue
[2023-06-19T18:46:58.385+0000] {logging_mixin.py:149} INFO - [2023-06-19T18:46:58.385+0000] {dagbag.py:541} INFO - Filling up the DagBag from /home/airflow/.local/lib/python3.7/site-packages/airflow/example_dags/example_datasets.py
[2023-06-19T18:46:58.397+0000] {processor.py:836} INFO - DAG(s) dict_keys(['dataset_consumes_1', 'dataset_consumes_1_never_scheduled', 'dataset_produces_1', 'dataset_produces_2', 'dataset_consumes_unknown_never_scheduled', 'dataset_consumes_1_and_2']) retrieved from /home/airflow/.local/lib/python3.7/site-packages/airflow/example_dags/example_datasets.py
[2023-06-19T18:46:58.455+0000] {logging_mixin.py:149} INFO - [2023-06-19T18:46:58.455+0000] {dag.py:2726} INFO - Sync 6 DAGs
[2023-06-19T18:46:58.493+0000] {logging_mixin.py:149} INFO - [2023-06-19T18:46:58.493+0000] {dag.py:3490} INFO - Setting next_dagrun for dataset_consumes_1 to None, run_after=None
[2023-06-19T18:46:58.498+0000] {logging_mixin.py:149} INFO - [2023-06-19T18:46:58.498+0000] {dag.py:3490} INFO - Setting next_dagrun for dataset_consumes_1_and_2 to None, run_after=None
[2023-06-19T18:46:58.500+0000] {logging_mixin.py:149} INFO - [2023-06-19T18:46:58.500+0000] {dag.py:3490} INFO - Setting next_dagrun for dataset_consumes_1_never_scheduled to None, run_after=None
[2023-06-19T18:46:58.502+0000] {logging_mixin.py:149} INFO - [2023-06-19T18:46:58.502+0000] {dag.py:3490} INFO - Setting next_dagrun for dataset_consumes_unknown_never_scheduled to None, run_after=None
[2023-06-19T18:46:58.508+0000] {logging_mixin.py:149} INFO - [2023-06-19T18:46:58.508+0000] {dag.py:3490} INFO - Setting next_dagrun for dataset_produces_1 to 2023-06-18T00:00:00+00:00, run_after=2023-06-19T00:00:00+00:00
[2023-06-19T18:46:58.510+0000] {logging_mixin.py:149} INFO - [2023-06-19T18:46:58.510+0000] {dag.py:3490} INFO - Setting next_dagrun for dataset_produces_2 to None, run_after=None
[2023-06-19T18:46:58.572+0000] {processor.py:179} INFO - Processing /home/airflow/.local/lib/python3.7/site-packages/airflow/example_dags/example_datasets.py took 0.193 seconds
[2023-06-19T18:47:28.685+0000] {processor.py:157} INFO - Started process (PID=467) to work on /home/airflow/.local/lib/python3.7/site-packages/airflow/example_dags/example_datasets.py
[2023-06-19T18:47:28.686+0000] {processor.py:826} INFO - Processing file /home/airflow/.local/lib/python3.7/site-packages/airflow/example_dags/example_datasets.py for tasks to queue
[2023-06-19T18:47:28.687+0000] {logging_mixin.py:149} INFO - [2023-06-19T18:47:28.687+0000] {dagbag.py:541} INFO - Filling up the DagBag from /home/airflow/.local/lib/python3.7/site-packages/airflow/example_dags/example_datasets.py
[2023-06-19T18:47:28.704+0000] {processor.py:836} INFO - DAG(s) dict_keys(['dataset_produces_1', 'dataset_produces_2', 'dataset_consumes_unknown_never_scheduled', 'dataset_consumes_1_and_2', 'dataset_consumes_1_never_scheduled', 'dataset_consumes_1']) retrieved from /home/airflow/.local/lib/python3.7/site-packages/airflow/example_dags/example_datasets.py
[2023-06-19T18:47:28.785+0000] {logging_mixin.py:149} INFO - [2023-06-19T18:47:28.784+0000] {dag.py:2726} INFO - Sync 6 DAGs
[2023-06-19T18:47:28.843+0000] {logging_mixin.py:149} INFO - [2023-06-19T18:47:28.843+0000] {dag.py:3490} INFO - Setting next_dagrun for dataset_consumes_1 to None, run_after=None
[2023-06-19T18:47:28.851+0000] {logging_mixin.py:149} INFO - [2023-06-19T18:47:28.851+0000] {dag.py:3490} INFO - Setting next_dagrun for dataset_consumes_1_and_2 to None, run_after=None
[2023-06-19T18:47:28.854+0000] {logging_mixin.py:149} INFO - [2023-06-19T18:47:28.853+0000] {dag.py:3490} INFO - Setting next_dagrun for dataset_consumes_1_never_scheduled to None, run_after=None
[2023-06-19T18:47:28.856+0000] {logging_mixin.py:149} INFO - [2023-06-19T18:47:28.856+0000] {dag.py:3490} INFO - Setting next_dagrun for dataset_consumes_unknown_never_scheduled to None, run_after=None
[2023-06-19T18:47:28.872+0000] {logging_mixin.py:149} INFO - [2023-06-19T18:47:28.871+0000] {dag.py:3490} INFO - Setting next_dagrun for dataset_produces_1 to 2023-06-18T00:00:00+00:00, run_after=2023-06-19T00:00:00+00:00
[2023-06-19T18:47:28.875+0000] {logging_mixin.py:149} INFO - [2023-06-19T18:47:28.875+0000] {dag.py:3490} INFO - Setting next_dagrun for dataset_produces_2 to None, run_after=None
[2023-06-19T18:47:28.960+0000] {processor.py:179} INFO - Processing /home/airflow/.local/lib/python3.7/site-packages/airflow/example_dags/example_datasets.py took 0.281 seconds
[2023-06-19T18:47:59.157+0000] {processor.py:157} INFO - Started process (PID=533) to work on /home/airflow/.local/lib/python3.7/site-packages/airflow/example_dags/example_datasets.py
[2023-06-19T18:47:59.159+0000] {processor.py:826} INFO - Processing file /home/airflow/.local/lib/python3.7/site-packages/airflow/example_dags/example_datasets.py for tasks to queue
[2023-06-19T18:47:59.160+0000] {logging_mixin.py:149} INFO - [2023-06-19T18:47:59.160+0000] {dagbag.py:541} INFO - Filling up the DagBag from /home/airflow/.local/lib/python3.7/site-packages/airflow/example_dags/example_datasets.py
[2023-06-19T18:47:59.174+0000] {processor.py:836} INFO - DAG(s) dict_keys(['dataset_consumes_unknown_never_scheduled', 'dataset_produces_2', 'dataset_consumes_1_and_2', 'dataset_consumes_1_never_scheduled', 'dataset_consumes_1', 'dataset_produces_1']) retrieved from /home/airflow/.local/lib/python3.7/site-packages/airflow/example_dags/example_datasets.py
[2023-06-19T18:47:59.248+0000] {logging_mixin.py:149} INFO - [2023-06-19T18:47:59.247+0000] {dag.py:2726} INFO - Sync 6 DAGs
[2023-06-19T18:47:59.295+0000] {logging_mixin.py:149} INFO - [2023-06-19T18:47:59.295+0000] {dag.py:3490} INFO - Setting next_dagrun for dataset_consumes_1 to None, run_after=None
[2023-06-19T18:47:59.302+0000] {logging_mixin.py:149} INFO - [2023-06-19T18:47:59.301+0000] {dag.py:3490} INFO - Setting next_dagrun for dataset_consumes_1_and_2 to None, run_after=None
[2023-06-19T18:47:59.304+0000] {logging_mixin.py:149} INFO - [2023-06-19T18:47:59.304+0000] {dag.py:3490} INFO - Setting next_dagrun for dataset_consumes_1_never_scheduled to None, run_after=None
[2023-06-19T18:47:59.306+0000] {logging_mixin.py:149} INFO - [2023-06-19T18:47:59.306+0000] {dag.py:3490} INFO - Setting next_dagrun for dataset_consumes_unknown_never_scheduled to None, run_after=None
[2023-06-19T18:47:59.314+0000] {logging_mixin.py:149} INFO - [2023-06-19T18:47:59.314+0000] {dag.py:3490} INFO - Setting next_dagrun for dataset_produces_1 to 2023-06-18T00:00:00+00:00, run_after=2023-06-19T00:00:00+00:00
[2023-06-19T18:47:59.317+0000] {logging_mixin.py:149} INFO - [2023-06-19T18:47:59.316+0000] {dag.py:3490} INFO - Setting next_dagrun for dataset_produces_2 to None, run_after=None
[2023-06-19T18:47:59.441+0000] {processor.py:179} INFO - Processing /home/airflow/.local/lib/python3.7/site-packages/airflow/example_dags/example_datasets.py took 0.289 seconds
