[2023-06-19T04:15:32.681+0000] {processor.py:157} INFO - Started process (PID=64) to work on /home/airflow/.local/lib/python3.7/site-packages/airflow/example_dags/example_kubernetes_executor.py
[2023-06-19T04:15:32.682+0000] {processor.py:826} INFO - Processing file /home/airflow/.local/lib/python3.7/site-packages/airflow/example_dags/example_kubernetes_executor.py for tasks to queue
[2023-06-19T04:15:32.683+0000] {logging_mixin.py:149} INFO - [2023-06-19T04:15:32.683+0000] {dagbag.py:541} INFO - Filling up the DagBag from /home/airflow/.local/lib/python3.7/site-packages/airflow/example_dags/example_kubernetes_executor.py
[2023-06-19T04:15:45.654+0000] {processor.py:836} INFO - DAG(s) dict_keys(['example_kubernetes_executor']) retrieved from /home/airflow/.local/lib/python3.7/site-packages/airflow/example_dags/example_kubernetes_executor.py
[2023-06-19T04:15:50.537+0000] {logging_mixin.py:149} INFO - [2023-06-19T04:15:50.536+0000] {dag.py:2726} INFO - Sync 1 DAGs
[2023-06-19T04:15:50.861+0000] {logging_mixin.py:149} INFO - [2023-06-19T04:15:50.861+0000] {dag.py:3490} INFO - Setting next_dagrun for example_kubernetes_executor to None, run_after=None
[2023-06-19T04:15:51.056+0000] {processor.py:179} INFO - Processing /home/airflow/.local/lib/python3.7/site-packages/airflow/example_dags/example_kubernetes_executor.py took 18.381 seconds
[2023-06-19T04:17:46.490+0000] {processor.py:157} INFO - Started process (PID=155) to work on /home/airflow/.local/lib/python3.7/site-packages/airflow/example_dags/example_kubernetes_executor.py
[2023-06-19T04:17:46.530+0000] {processor.py:826} INFO - Processing file /home/airflow/.local/lib/python3.7/site-packages/airflow/example_dags/example_kubernetes_executor.py for tasks to queue
[2023-06-19T04:17:46.532+0000] {logging_mixin.py:149} INFO - [2023-06-19T04:17:46.532+0000] {dagbag.py:541} INFO - Filling up the DagBag from /home/airflow/.local/lib/python3.7/site-packages/airflow/example_dags/example_kubernetes_executor.py
[2023-06-19T04:17:57.183+0000] {processor.py:836} INFO - DAG(s) dict_keys(['example_kubernetes_executor']) retrieved from /home/airflow/.local/lib/python3.7/site-packages/airflow/example_dags/example_kubernetes_executor.py
[2023-06-19T04:17:57.490+0000] {logging_mixin.py:149} INFO - [2023-06-19T04:17:57.489+0000] {dag.py:2726} INFO - Sync 1 DAGs
[2023-06-19T04:17:57.525+0000] {logging_mixin.py:149} INFO - [2023-06-19T04:17:57.524+0000] {dag.py:3490} INFO - Setting next_dagrun for example_kubernetes_executor to None, run_after=None
[2023-06-19T04:17:57.640+0000] {processor.py:179} INFO - Processing /home/airflow/.local/lib/python3.7/site-packages/airflow/example_dags/example_kubernetes_executor.py took 11.155 seconds
[2023-06-19T04:18:27.828+0000] {processor.py:157} INFO - Started process (PID=226) to work on /home/airflow/.local/lib/python3.7/site-packages/airflow/example_dags/example_kubernetes_executor.py
[2023-06-19T04:18:27.942+0000] {processor.py:826} INFO - Processing file /home/airflow/.local/lib/python3.7/site-packages/airflow/example_dags/example_kubernetes_executor.py for tasks to queue
[2023-06-19T04:18:27.945+0000] {logging_mixin.py:149} INFO - [2023-06-19T04:18:27.944+0000] {dagbag.py:541} INFO - Filling up the DagBag from /home/airflow/.local/lib/python3.7/site-packages/airflow/example_dags/example_kubernetes_executor.py
[2023-06-19T04:18:28.288+0000] {processor.py:836} INFO - DAG(s) dict_keys(['example_kubernetes_executor']) retrieved from /home/airflow/.local/lib/python3.7/site-packages/airflow/example_dags/example_kubernetes_executor.py
[2023-06-19T04:18:28.335+0000] {logging_mixin.py:149} INFO - [2023-06-19T04:18:28.335+0000] {dag.py:2726} INFO - Sync 1 DAGs
[2023-06-19T04:18:28.372+0000] {logging_mixin.py:149} INFO - [2023-06-19T04:18:28.372+0000] {dag.py:3490} INFO - Setting next_dagrun for example_kubernetes_executor to None, run_after=None
[2023-06-19T04:18:28.571+0000] {processor.py:179} INFO - Processing /home/airflow/.local/lib/python3.7/site-packages/airflow/example_dags/example_kubernetes_executor.py took 0.756 seconds
[2023-06-19T04:18:58.829+0000] {processor.py:157} INFO - Started process (PID=293) to work on /home/airflow/.local/lib/python3.7/site-packages/airflow/example_dags/example_kubernetes_executor.py
[2023-06-19T04:18:58.847+0000] {processor.py:826} INFO - Processing file /home/airflow/.local/lib/python3.7/site-packages/airflow/example_dags/example_kubernetes_executor.py for tasks to queue
[2023-06-19T04:18:58.848+0000] {logging_mixin.py:149} INFO - [2023-06-19T04:18:58.848+0000] {dagbag.py:541} INFO - Filling up the DagBag from /home/airflow/.local/lib/python3.7/site-packages/airflow/example_dags/example_kubernetes_executor.py
[2023-06-19T04:18:59.135+0000] {processor.py:836} INFO - DAG(s) dict_keys(['example_kubernetes_executor']) retrieved from /home/airflow/.local/lib/python3.7/site-packages/airflow/example_dags/example_kubernetes_executor.py
[2023-06-19T04:18:59.188+0000] {logging_mixin.py:149} INFO - [2023-06-19T04:18:59.188+0000] {dag.py:2726} INFO - Sync 1 DAGs
[2023-06-19T04:18:59.222+0000] {logging_mixin.py:149} INFO - [2023-06-19T04:18:59.222+0000] {dag.py:3490} INFO - Setting next_dagrun for example_kubernetes_executor to None, run_after=None
[2023-06-19T04:18:59.290+0000] {processor.py:179} INFO - Processing /home/airflow/.local/lib/python3.7/site-packages/airflow/example_dags/example_kubernetes_executor.py took 0.465 seconds
[2023-06-19T18:43:00.749+0000] {processor.py:157} INFO - Started process (PID=55) to work on /home/airflow/.local/lib/python3.7/site-packages/airflow/example_dags/example_kubernetes_executor.py
[2023-06-19T18:43:00.823+0000] {processor.py:826} INFO - Processing file /home/airflow/.local/lib/python3.7/site-packages/airflow/example_dags/example_kubernetes_executor.py for tasks to queue
[2023-06-19T18:43:00.826+0000] {logging_mixin.py:149} INFO - [2023-06-19T18:43:00.825+0000] {dagbag.py:541} INFO - Filling up the DagBag from /home/airflow/.local/lib/python3.7/site-packages/airflow/example_dags/example_kubernetes_executor.py
[2023-06-19T18:43:17.198+0000] {processor.py:836} INFO - DAG(s) dict_keys(['example_kubernetes_executor']) retrieved from /home/airflow/.local/lib/python3.7/site-packages/airflow/example_dags/example_kubernetes_executor.py
[2023-06-19T18:43:18.937+0000] {logging_mixin.py:149} INFO - [2023-06-19T18:43:18.937+0000] {dag.py:2726} INFO - Sync 1 DAGs
[2023-06-19T18:43:19.573+0000] {logging_mixin.py:149} INFO - [2023-06-19T18:43:19.573+0000] {dag.py:3490} INFO - Setting next_dagrun for example_kubernetes_executor to None, run_after=None
[2023-06-19T18:43:19.797+0000] {processor.py:179} INFO - Processing /home/airflow/.local/lib/python3.7/site-packages/airflow/example_dags/example_kubernetes_executor.py took 19.053 seconds
[2023-06-19T18:45:10.574+0000] {processor.py:157} INFO - Started process (PID=147) to work on /home/airflow/.local/lib/python3.7/site-packages/airflow/example_dags/example_kubernetes_executor.py
[2023-06-19T18:45:10.576+0000] {processor.py:826} INFO - Processing file /home/airflow/.local/lib/python3.7/site-packages/airflow/example_dags/example_kubernetes_executor.py for tasks to queue
[2023-06-19T18:45:10.578+0000] {logging_mixin.py:149} INFO - [2023-06-19T18:45:10.578+0000] {dagbag.py:541} INFO - Filling up the DagBag from /home/airflow/.local/lib/python3.7/site-packages/airflow/example_dags/example_kubernetes_executor.py
[2023-06-19T18:45:18.073+0000] {processor.py:836} INFO - DAG(s) dict_keys(['example_kubernetes_executor']) retrieved from /home/airflow/.local/lib/python3.7/site-packages/airflow/example_dags/example_kubernetes_executor.py
[2023-06-19T18:45:18.429+0000] {logging_mixin.py:149} INFO - [2023-06-19T18:45:18.429+0000] {dag.py:2726} INFO - Sync 1 DAGs
[2023-06-19T18:45:18.480+0000] {logging_mixin.py:149} INFO - [2023-06-19T18:45:18.480+0000] {dag.py:3490} INFO - Setting next_dagrun for example_kubernetes_executor to None, run_after=None
[2023-06-19T18:45:18.560+0000] {processor.py:179} INFO - Processing /home/airflow/.local/lib/python3.7/site-packages/airflow/example_dags/example_kubernetes_executor.py took 7.999 seconds
[2023-06-19T18:45:49.022+0000] {processor.py:157} INFO - Started process (PID=233) to work on /home/airflow/.local/lib/python3.7/site-packages/airflow/example_dags/example_kubernetes_executor.py
[2023-06-19T18:45:49.023+0000] {processor.py:826} INFO - Processing file /home/airflow/.local/lib/python3.7/site-packages/airflow/example_dags/example_kubernetes_executor.py for tasks to queue
[2023-06-19T18:45:49.024+0000] {logging_mixin.py:149} INFO - [2023-06-19T18:45:49.024+0000] {dagbag.py:541} INFO - Filling up the DagBag from /home/airflow/.local/lib/python3.7/site-packages/airflow/example_dags/example_kubernetes_executor.py
[2023-06-19T18:45:49.419+0000] {processor.py:836} INFO - DAG(s) dict_keys(['example_kubernetes_executor']) retrieved from /home/airflow/.local/lib/python3.7/site-packages/airflow/example_dags/example_kubernetes_executor.py
[2023-06-19T18:45:49.482+0000] {logging_mixin.py:149} INFO - [2023-06-19T18:45:49.482+0000] {dag.py:2726} INFO - Sync 1 DAGs
[2023-06-19T18:45:49.523+0000] {logging_mixin.py:149} INFO - [2023-06-19T18:45:49.522+0000] {dag.py:3490} INFO - Setting next_dagrun for example_kubernetes_executor to None, run_after=None
[2023-06-19T18:45:49.575+0000] {processor.py:179} INFO - Processing /home/airflow/.local/lib/python3.7/site-packages/airflow/example_dags/example_kubernetes_executor.py took 0.560 seconds
[2023-06-19T18:46:19.648+0000] {processor.py:157} INFO - Started process (PID=297) to work on /home/airflow/.local/lib/python3.7/site-packages/airflow/example_dags/example_kubernetes_executor.py
[2023-06-19T18:46:19.649+0000] {processor.py:826} INFO - Processing file /home/airflow/.local/lib/python3.7/site-packages/airflow/example_dags/example_kubernetes_executor.py for tasks to queue
[2023-06-19T18:46:19.650+0000] {logging_mixin.py:149} INFO - [2023-06-19T18:46:19.650+0000] {dagbag.py:541} INFO - Filling up the DagBag from /home/airflow/.local/lib/python3.7/site-packages/airflow/example_dags/example_kubernetes_executor.py
[2023-06-19T18:46:20.082+0000] {processor.py:836} INFO - DAG(s) dict_keys(['example_kubernetes_executor']) retrieved from /home/airflow/.local/lib/python3.7/site-packages/airflow/example_dags/example_kubernetes_executor.py
[2023-06-19T18:46:20.440+0000] {logging_mixin.py:149} INFO - [2023-06-19T18:46:20.440+0000] {dag.py:2726} INFO - Sync 1 DAGs
[2023-06-19T18:46:20.475+0000] {logging_mixin.py:149} INFO - [2023-06-19T18:46:20.474+0000] {dag.py:3490} INFO - Setting next_dagrun for example_kubernetes_executor to None, run_after=None
[2023-06-19T18:46:20.618+0000] {processor.py:179} INFO - Processing /home/airflow/.local/lib/python3.7/site-packages/airflow/example_dags/example_kubernetes_executor.py took 0.976 seconds
[2023-06-19T18:46:51.076+0000] {processor.py:157} INFO - Started process (PID=365) to work on /home/airflow/.local/lib/python3.7/site-packages/airflow/example_dags/example_kubernetes_executor.py
[2023-06-19T18:46:51.077+0000] {processor.py:826} INFO - Processing file /home/airflow/.local/lib/python3.7/site-packages/airflow/example_dags/example_kubernetes_executor.py for tasks to queue
[2023-06-19T18:46:51.078+0000] {logging_mixin.py:149} INFO - [2023-06-19T18:46:51.078+0000] {dagbag.py:541} INFO - Filling up the DagBag from /home/airflow/.local/lib/python3.7/site-packages/airflow/example_dags/example_kubernetes_executor.py
[2023-06-19T18:46:51.454+0000] {processor.py:836} INFO - DAG(s) dict_keys(['example_kubernetes_executor']) retrieved from /home/airflow/.local/lib/python3.7/site-packages/airflow/example_dags/example_kubernetes_executor.py
[2023-06-19T18:46:51.505+0000] {logging_mixin.py:149} INFO - [2023-06-19T18:46:51.505+0000] {dag.py:2726} INFO - Sync 1 DAGs
[2023-06-19T18:46:51.539+0000] {logging_mixin.py:149} INFO - [2023-06-19T18:46:51.538+0000] {dag.py:3490} INFO - Setting next_dagrun for example_kubernetes_executor to None, run_after=None
[2023-06-19T18:46:51.588+0000] {processor.py:179} INFO - Processing /home/airflow/.local/lib/python3.7/site-packages/airflow/example_dags/example_kubernetes_executor.py took 0.517 seconds
[2023-06-19T18:47:21.752+0000] {processor.py:157} INFO - Started process (PID=433) to work on /home/airflow/.local/lib/python3.7/site-packages/airflow/example_dags/example_kubernetes_executor.py
[2023-06-19T18:47:21.753+0000] {processor.py:826} INFO - Processing file /home/airflow/.local/lib/python3.7/site-packages/airflow/example_dags/example_kubernetes_executor.py for tasks to queue
[2023-06-19T18:47:21.754+0000] {logging_mixin.py:149} INFO - [2023-06-19T18:47:21.754+0000] {dagbag.py:541} INFO - Filling up the DagBag from /home/airflow/.local/lib/python3.7/site-packages/airflow/example_dags/example_kubernetes_executor.py
[2023-06-19T18:47:22.273+0000] {processor.py:836} INFO - DAG(s) dict_keys(['example_kubernetes_executor']) retrieved from /home/airflow/.local/lib/python3.7/site-packages/airflow/example_dags/example_kubernetes_executor.py
[2023-06-19T18:47:22.338+0000] {logging_mixin.py:149} INFO - [2023-06-19T18:47:22.338+0000] {dag.py:2726} INFO - Sync 1 DAGs
[2023-06-19T18:47:22.372+0000] {logging_mixin.py:149} INFO - [2023-06-19T18:47:22.372+0000] {dag.py:3490} INFO - Setting next_dagrun for example_kubernetes_executor to None, run_after=None
[2023-06-19T18:47:22.495+0000] {processor.py:179} INFO - Processing /home/airflow/.local/lib/python3.7/site-packages/airflow/example_dags/example_kubernetes_executor.py took 0.747 seconds
[2023-06-19T18:47:52.985+0000] {processor.py:157} INFO - Started process (PID=501) to work on /home/airflow/.local/lib/python3.7/site-packages/airflow/example_dags/example_kubernetes_executor.py
[2023-06-19T18:47:52.986+0000] {processor.py:826} INFO - Processing file /home/airflow/.local/lib/python3.7/site-packages/airflow/example_dags/example_kubernetes_executor.py for tasks to queue
[2023-06-19T18:47:52.987+0000] {logging_mixin.py:149} INFO - [2023-06-19T18:47:52.987+0000] {dagbag.py:541} INFO - Filling up the DagBag from /home/airflow/.local/lib/python3.7/site-packages/airflow/example_dags/example_kubernetes_executor.py
[2023-06-19T18:47:53.365+0000] {processor.py:836} INFO - DAG(s) dict_keys(['example_kubernetes_executor']) retrieved from /home/airflow/.local/lib/python3.7/site-packages/airflow/example_dags/example_kubernetes_executor.py
[2023-06-19T18:47:53.416+0000] {logging_mixin.py:149} INFO - [2023-06-19T18:47:53.416+0000] {dag.py:2726} INFO - Sync 1 DAGs
[2023-06-19T18:47:53.454+0000] {logging_mixin.py:149} INFO - [2023-06-19T18:47:53.453+0000] {dag.py:3490} INFO - Setting next_dagrun for example_kubernetes_executor to None, run_after=None
[2023-06-19T18:47:53.504+0000] {processor.py:179} INFO - Processing /home/airflow/.local/lib/python3.7/site-packages/airflow/example_dags/example_kubernetes_executor.py took 0.523 seconds
