[2023-06-19T04:16:13.309+0000] {processor.py:157} INFO - Started process (PID=81) to work on /home/airflow/.local/lib/python3.7/site-packages/airflow/example_dags/example_branch_operator.py
[2023-06-19T04:16:13.310+0000] {processor.py:826} INFO - Processing file /home/airflow/.local/lib/python3.7/site-packages/airflow/example_dags/example_branch_operator.py for tasks to queue
[2023-06-19T04:16:13.311+0000] {logging_mixin.py:149} INFO - [2023-06-19T04:16:13.311+0000] {dagbag.py:541} INFO - Filling up the DagBag from /home/airflow/.local/lib/python3.7/site-packages/airflow/example_dags/example_branch_operator.py
[2023-06-19T04:16:13.326+0000] {processor.py:836} INFO - DAG(s) dict_keys(['example_branch_operator']) retrieved from /home/airflow/.local/lib/python3.7/site-packages/airflow/example_dags/example_branch_operator.py
[2023-06-19T04:16:13.369+0000] {logging_mixin.py:149} INFO - [2023-06-19T04:16:13.369+0000] {dag.py:2726} INFO - Sync 1 DAGs
[2023-06-19T04:16:13.524+0000] {logging_mixin.py:149} INFO - [2023-06-19T04:16:13.524+0000] {dag.py:3490} INFO - Setting next_dagrun for example_branch_operator to 2023-06-18T00:00:00+00:00, run_after=2023-06-19T00:00:00+00:00
[2023-06-19T04:16:13.725+0000] {processor.py:179} INFO - Processing /home/airflow/.local/lib/python3.7/site-packages/airflow/example_dags/example_branch_operator.py took 0.419 seconds
[2023-06-19T04:18:04.113+0000] {processor.py:157} INFO - Started process (PID=172) to work on /home/airflow/.local/lib/python3.7/site-packages/airflow/example_dags/example_branch_operator.py
[2023-06-19T04:18:04.116+0000] {processor.py:826} INFO - Processing file /home/airflow/.local/lib/python3.7/site-packages/airflow/example_dags/example_branch_operator.py for tasks to queue
[2023-06-19T04:18:04.119+0000] {logging_mixin.py:149} INFO - [2023-06-19T04:18:04.118+0000] {dagbag.py:541} INFO - Filling up the DagBag from /home/airflow/.local/lib/python3.7/site-packages/airflow/example_dags/example_branch_operator.py
[2023-06-19T04:18:04.350+0000] {processor.py:836} INFO - DAG(s) dict_keys(['example_branch_operator']) retrieved from /home/airflow/.local/lib/python3.7/site-packages/airflow/example_dags/example_branch_operator.py
[2023-06-19T04:18:04.554+0000] {logging_mixin.py:149} INFO - [2023-06-19T04:18:04.553+0000] {dag.py:2726} INFO - Sync 1 DAGs
[2023-06-19T04:18:04.620+0000] {logging_mixin.py:149} INFO - [2023-06-19T04:18:04.619+0000] {dag.py:3490} INFO - Setting next_dagrun for example_branch_operator to 2023-06-18T00:00:00+00:00, run_after=2023-06-19T00:00:00+00:00
[2023-06-19T04:18:04.778+0000] {processor.py:179} INFO - Processing /home/airflow/.local/lib/python3.7/site-packages/airflow/example_dags/example_branch_operator.py took 0.679 seconds
[2023-06-19T04:18:35.657+0000] {processor.py:157} INFO - Started process (PID=241) to work on /home/airflow/.local/lib/python3.7/site-packages/airflow/example_dags/example_branch_operator.py
[2023-06-19T04:18:35.696+0000] {processor.py:826} INFO - Processing file /home/airflow/.local/lib/python3.7/site-packages/airflow/example_dags/example_branch_operator.py for tasks to queue
[2023-06-19T04:18:35.697+0000] {logging_mixin.py:149} INFO - [2023-06-19T04:18:35.697+0000] {dagbag.py:541} INFO - Filling up the DagBag from /home/airflow/.local/lib/python3.7/site-packages/airflow/example_dags/example_branch_operator.py
[2023-06-19T04:18:35.713+0000] {processor.py:836} INFO - DAG(s) dict_keys(['example_branch_operator']) retrieved from /home/airflow/.local/lib/python3.7/site-packages/airflow/example_dags/example_branch_operator.py
[2023-06-19T04:18:35.748+0000] {logging_mixin.py:149} INFO - [2023-06-19T04:18:35.748+0000] {dag.py:2726} INFO - Sync 1 DAGs
[2023-06-19T04:18:35.789+0000] {logging_mixin.py:149} INFO - [2023-06-19T04:18:35.789+0000] {dag.py:3490} INFO - Setting next_dagrun for example_branch_operator to 2023-06-18T00:00:00+00:00, run_after=2023-06-19T00:00:00+00:00
[2023-06-19T04:18:35.840+0000] {processor.py:179} INFO - Processing /home/airflow/.local/lib/python3.7/site-packages/airflow/example_dags/example_branch_operator.py took 0.190 seconds
[2023-06-19T04:19:06.376+0000] {processor.py:157} INFO - Started process (PID=308) to work on /home/airflow/.local/lib/python3.7/site-packages/airflow/example_dags/example_branch_operator.py
[2023-06-19T04:19:06.503+0000] {processor.py:826} INFO - Processing file /home/airflow/.local/lib/python3.7/site-packages/airflow/example_dags/example_branch_operator.py for tasks to queue
[2023-06-19T04:19:06.505+0000] {logging_mixin.py:149} INFO - [2023-06-19T04:19:06.504+0000] {dagbag.py:541} INFO - Filling up the DagBag from /home/airflow/.local/lib/python3.7/site-packages/airflow/example_dags/example_branch_operator.py
[2023-06-19T04:19:06.525+0000] {processor.py:836} INFO - DAG(s) dict_keys(['example_branch_operator']) retrieved from /home/airflow/.local/lib/python3.7/site-packages/airflow/example_dags/example_branch_operator.py
[2023-06-19T04:19:06.574+0000] {logging_mixin.py:149} INFO - [2023-06-19T04:19:06.574+0000] {dag.py:2726} INFO - Sync 1 DAGs
[2023-06-19T04:19:06.632+0000] {logging_mixin.py:149} INFO - [2023-06-19T04:19:06.632+0000] {dag.py:3490} INFO - Setting next_dagrun for example_branch_operator to 2023-06-18T00:00:00+00:00, run_after=2023-06-19T00:00:00+00:00
[2023-06-19T04:19:06.729+0000] {processor.py:179} INFO - Processing /home/airflow/.local/lib/python3.7/site-packages/airflow/example_dags/example_branch_operator.py took 0.360 seconds
[2023-06-19T18:43:39.119+0000] {processor.py:157} INFO - Started process (PID=79) to work on /home/airflow/.local/lib/python3.7/site-packages/airflow/example_dags/example_branch_operator.py
[2023-06-19T18:43:39.170+0000] {processor.py:826} INFO - Processing file /home/airflow/.local/lib/python3.7/site-packages/airflow/example_dags/example_branch_operator.py for tasks to queue
[2023-06-19T18:43:39.173+0000] {logging_mixin.py:149} INFO - [2023-06-19T18:43:39.172+0000] {dagbag.py:541} INFO - Filling up the DagBag from /home/airflow/.local/lib/python3.7/site-packages/airflow/example_dags/example_branch_operator.py
[2023-06-19T18:43:39.316+0000] {processor.py:836} INFO - DAG(s) dict_keys(['example_branch_operator']) retrieved from /home/airflow/.local/lib/python3.7/site-packages/airflow/example_dags/example_branch_operator.py
[2023-06-19T18:43:39.358+0000] {logging_mixin.py:149} INFO - [2023-06-19T18:43:39.358+0000] {dag.py:2726} INFO - Sync 1 DAGs
[2023-06-19T18:43:39.574+0000] {logging_mixin.py:149} INFO - [2023-06-19T18:43:39.574+0000] {dag.py:3490} INFO - Setting next_dagrun for example_branch_operator to 2023-06-18T00:00:00+00:00, run_after=2023-06-19T00:00:00+00:00
[2023-06-19T18:43:39.897+0000] {processor.py:179} INFO - Processing /home/airflow/.local/lib/python3.7/site-packages/airflow/example_dags/example_branch_operator.py took 0.783 seconds
[2023-06-19T18:45:19.677+0000] {processor.py:157} INFO - Started process (PID=171) to work on /home/airflow/.local/lib/python3.7/site-packages/airflow/example_dags/example_branch_operator.py
[2023-06-19T18:45:19.678+0000] {processor.py:826} INFO - Processing file /home/airflow/.local/lib/python3.7/site-packages/airflow/example_dags/example_branch_operator.py for tasks to queue
[2023-06-19T18:45:19.679+0000] {logging_mixin.py:149} INFO - [2023-06-19T18:45:19.679+0000] {dagbag.py:541} INFO - Filling up the DagBag from /home/airflow/.local/lib/python3.7/site-packages/airflow/example_dags/example_branch_operator.py
[2023-06-19T18:45:19.755+0000] {processor.py:836} INFO - DAG(s) dict_keys(['example_branch_operator']) retrieved from /home/airflow/.local/lib/python3.7/site-packages/airflow/example_dags/example_branch_operator.py
[2023-06-19T18:45:19.809+0000] {logging_mixin.py:149} INFO - [2023-06-19T18:45:19.809+0000] {dag.py:2726} INFO - Sync 1 DAGs
[2023-06-19T18:45:20.030+0000] {logging_mixin.py:149} INFO - [2023-06-19T18:45:20.030+0000] {dag.py:3490} INFO - Setting next_dagrun for example_branch_operator to 2023-06-18T00:00:00+00:00, run_after=2023-06-19T00:00:00+00:00
[2023-06-19T18:45:20.113+0000] {processor.py:179} INFO - Processing /home/airflow/.local/lib/python3.7/site-packages/airflow/example_dags/example_branch_operator.py took 0.440 seconds
[2023-06-19T18:45:50.737+0000] {processor.py:157} INFO - Started process (PID=239) to work on /home/airflow/.local/lib/python3.7/site-packages/airflow/example_dags/example_branch_operator.py
[2023-06-19T18:45:50.754+0000] {processor.py:826} INFO - Processing file /home/airflow/.local/lib/python3.7/site-packages/airflow/example_dags/example_branch_operator.py for tasks to queue
[2023-06-19T18:45:50.755+0000] {logging_mixin.py:149} INFO - [2023-06-19T18:45:50.755+0000] {dagbag.py:541} INFO - Filling up the DagBag from /home/airflow/.local/lib/python3.7/site-packages/airflow/example_dags/example_branch_operator.py
[2023-06-19T18:45:50.777+0000] {processor.py:836} INFO - DAG(s) dict_keys(['example_branch_operator']) retrieved from /home/airflow/.local/lib/python3.7/site-packages/airflow/example_dags/example_branch_operator.py
[2023-06-19T18:45:50.825+0000] {logging_mixin.py:149} INFO - [2023-06-19T18:45:50.825+0000] {dag.py:2726} INFO - Sync 1 DAGs
[2023-06-19T18:45:50.879+0000] {logging_mixin.py:149} INFO - [2023-06-19T18:45:50.879+0000] {dag.py:3490} INFO - Setting next_dagrun for example_branch_operator to 2023-06-18T00:00:00+00:00, run_after=2023-06-19T00:00:00+00:00
[2023-06-19T18:45:50.944+0000] {processor.py:179} INFO - Processing /home/airflow/.local/lib/python3.7/site-packages/airflow/example_dags/example_branch_operator.py took 0.212 seconds
[2023-06-19T18:46:21.405+0000] {processor.py:157} INFO - Started process (PID=308) to work on /home/airflow/.local/lib/python3.7/site-packages/airflow/example_dags/example_branch_operator.py
[2023-06-19T18:46:21.406+0000] {processor.py:826} INFO - Processing file /home/airflow/.local/lib/python3.7/site-packages/airflow/example_dags/example_branch_operator.py for tasks to queue
[2023-06-19T18:46:21.407+0000] {logging_mixin.py:149} INFO - [2023-06-19T18:46:21.407+0000] {dagbag.py:541} INFO - Filling up the DagBag from /home/airflow/.local/lib/python3.7/site-packages/airflow/example_dags/example_branch_operator.py
[2023-06-19T18:46:21.419+0000] {processor.py:836} INFO - DAG(s) dict_keys(['example_branch_operator']) retrieved from /home/airflow/.local/lib/python3.7/site-packages/airflow/example_dags/example_branch_operator.py
[2023-06-19T18:46:21.459+0000] {logging_mixin.py:149} INFO - [2023-06-19T18:46:21.459+0000] {dag.py:2726} INFO - Sync 1 DAGs
[2023-06-19T18:46:21.497+0000] {logging_mixin.py:149} INFO - [2023-06-19T18:46:21.497+0000] {dag.py:3490} INFO - Setting next_dagrun for example_branch_operator to 2023-06-18T00:00:00+00:00, run_after=2023-06-19T00:00:00+00:00
[2023-06-19T18:46:21.536+0000] {processor.py:179} INFO - Processing /home/airflow/.local/lib/python3.7/site-packages/airflow/example_dags/example_branch_operator.py took 0.135 seconds
[2023-06-19T18:46:52.018+0000] {processor.py:157} INFO - Started process (PID=375) to work on /home/airflow/.local/lib/python3.7/site-packages/airflow/example_dags/example_branch_operator.py
[2023-06-19T18:46:52.038+0000] {processor.py:826} INFO - Processing file /home/airflow/.local/lib/python3.7/site-packages/airflow/example_dags/example_branch_operator.py for tasks to queue
[2023-06-19T18:46:52.039+0000] {logging_mixin.py:149} INFO - [2023-06-19T18:46:52.039+0000] {dagbag.py:541} INFO - Filling up the DagBag from /home/airflow/.local/lib/python3.7/site-packages/airflow/example_dags/example_branch_operator.py
[2023-06-19T18:46:52.051+0000] {processor.py:836} INFO - DAG(s) dict_keys(['example_branch_operator']) retrieved from /home/airflow/.local/lib/python3.7/site-packages/airflow/example_dags/example_branch_operator.py
[2023-06-19T18:46:52.094+0000] {logging_mixin.py:149} INFO - [2023-06-19T18:46:52.094+0000] {dag.py:2726} INFO - Sync 1 DAGs
[2023-06-19T18:46:52.135+0000] {logging_mixin.py:149} INFO - [2023-06-19T18:46:52.135+0000] {dag.py:3490} INFO - Setting next_dagrun for example_branch_operator to 2023-06-18T00:00:00+00:00, run_after=2023-06-19T00:00:00+00:00
[2023-06-19T18:46:52.188+0000] {processor.py:179} INFO - Processing /home/airflow/.local/lib/python3.7/site-packages/airflow/example_dags/example_branch_operator.py took 0.173 seconds
[2023-06-19T18:47:23.244+0000] {processor.py:157} INFO - Started process (PID=443) to work on /home/airflow/.local/lib/python3.7/site-packages/airflow/example_dags/example_branch_operator.py
[2023-06-19T18:47:23.245+0000] {processor.py:826} INFO - Processing file /home/airflow/.local/lib/python3.7/site-packages/airflow/example_dags/example_branch_operator.py for tasks to queue
[2023-06-19T18:47:23.246+0000] {logging_mixin.py:149} INFO - [2023-06-19T18:47:23.246+0000] {dagbag.py:541} INFO - Filling up the DagBag from /home/airflow/.local/lib/python3.7/site-packages/airflow/example_dags/example_branch_operator.py
[2023-06-19T18:47:23.258+0000] {processor.py:836} INFO - DAG(s) dict_keys(['example_branch_operator']) retrieved from /home/airflow/.local/lib/python3.7/site-packages/airflow/example_dags/example_branch_operator.py
[2023-06-19T18:47:23.338+0000] {logging_mixin.py:149} INFO - [2023-06-19T18:47:23.338+0000] {dag.py:2726} INFO - Sync 1 DAGs
[2023-06-19T18:47:23.376+0000] {logging_mixin.py:149} INFO - [2023-06-19T18:47:23.376+0000] {dag.py:3490} INFO - Setting next_dagrun for example_branch_operator to 2023-06-18T00:00:00+00:00, run_after=2023-06-19T00:00:00+00:00
[2023-06-19T18:47:23.483+0000] {processor.py:179} INFO - Processing /home/airflow/.local/lib/python3.7/site-packages/airflow/example_dags/example_branch_operator.py took 0.245 seconds
[2023-06-19T18:47:53.975+0000] {processor.py:157} INFO - Started process (PID=511) to work on /home/airflow/.local/lib/python3.7/site-packages/airflow/example_dags/example_branch_operator.py
[2023-06-19T18:47:53.981+0000] {processor.py:826} INFO - Processing file /home/airflow/.local/lib/python3.7/site-packages/airflow/example_dags/example_branch_operator.py for tasks to queue
[2023-06-19T18:47:53.983+0000] {logging_mixin.py:149} INFO - [2023-06-19T18:47:53.983+0000] {dagbag.py:541} INFO - Filling up the DagBag from /home/airflow/.local/lib/python3.7/site-packages/airflow/example_dags/example_branch_operator.py
[2023-06-19T18:47:54.009+0000] {processor.py:836} INFO - DAG(s) dict_keys(['example_branch_operator']) retrieved from /home/airflow/.local/lib/python3.7/site-packages/airflow/example_dags/example_branch_operator.py
[2023-06-19T18:47:54.046+0000] {logging_mixin.py:149} INFO - [2023-06-19T18:47:54.046+0000] {dag.py:2726} INFO - Sync 1 DAGs
[2023-06-19T18:47:54.081+0000] {logging_mixin.py:149} INFO - [2023-06-19T18:47:54.081+0000] {dag.py:3490} INFO - Setting next_dagrun for example_branch_operator to 2023-06-18T00:00:00+00:00, run_after=2023-06-19T00:00:00+00:00
[2023-06-19T18:47:54.125+0000] {processor.py:179} INFO - Processing /home/airflow/.local/lib/python3.7/site-packages/airflow/example_dags/example_branch_operator.py took 0.154 seconds
