[2023-06-19T04:16:17.766+0000] {processor.py:157} INFO - Started process (PID=96) to work on /home/airflow/.local/lib/python3.7/site-packages/airflow/example_dags/example_task_group_decorator.py
[2023-06-19T04:16:17.767+0000] {processor.py:826} INFO - Processing file /home/airflow/.local/lib/python3.7/site-packages/airflow/example_dags/example_task_group_decorator.py for tasks to queue
[2023-06-19T04:16:17.768+0000] {logging_mixin.py:149} INFO - [2023-06-19T04:16:17.768+0000] {dagbag.py:541} INFO - Filling up the DagBag from /home/airflow/.local/lib/python3.7/site-packages/airflow/example_dags/example_task_group_decorator.py
[2023-06-19T04:16:17.844+0000] {processor.py:836} INFO - DAG(s) dict_keys(['example_task_group_decorator']) retrieved from /home/airflow/.local/lib/python3.7/site-packages/airflow/example_dags/example_task_group_decorator.py
[2023-06-19T04:16:17.886+0000] {logging_mixin.py:149} INFO - [2023-06-19T04:16:17.886+0000] {dag.py:2726} INFO - Sync 1 DAGs
[2023-06-19T04:16:17.921+0000] {logging_mixin.py:149} INFO - [2023-06-19T04:16:17.921+0000] {dag.py:3490} INFO - Setting next_dagrun for example_task_group_decorator to 2023-06-18T04:16:17.921291+00:00, run_after=2023-06-19T04:16:17.921291+00:00
[2023-06-19T04:16:18.011+0000] {processor.py:179} INFO - Processing /home/airflow/.local/lib/python3.7/site-packages/airflow/example_dags/example_task_group_decorator.py took 0.253 seconds
[2023-06-19T04:18:08.946+0000] {processor.py:157} INFO - Started process (PID=187) to work on /home/airflow/.local/lib/python3.7/site-packages/airflow/example_dags/example_task_group_decorator.py
[2023-06-19T04:18:09.006+0000] {processor.py:826} INFO - Processing file /home/airflow/.local/lib/python3.7/site-packages/airflow/example_dags/example_task_group_decorator.py for tasks to queue
[2023-06-19T04:18:09.010+0000] {logging_mixin.py:149} INFO - [2023-06-19T04:18:09.009+0000] {dagbag.py:541} INFO - Filling up the DagBag from /home/airflow/.local/lib/python3.7/site-packages/airflow/example_dags/example_task_group_decorator.py
[2023-06-19T04:18:09.313+0000] {processor.py:836} INFO - DAG(s) dict_keys(['example_task_group_decorator']) retrieved from /home/airflow/.local/lib/python3.7/site-packages/airflow/example_dags/example_task_group_decorator.py
[2023-06-19T04:18:09.354+0000] {logging_mixin.py:149} INFO - [2023-06-19T04:18:09.354+0000] {dag.py:2726} INFO - Sync 1 DAGs
[2023-06-19T04:18:09.405+0000] {logging_mixin.py:149} INFO - [2023-06-19T04:18:09.404+0000] {dag.py:3490} INFO - Setting next_dagrun for example_task_group_decorator to 2023-06-18T04:18:09.404630+00:00, run_after=2023-06-19T04:18:09.404630+00:00
[2023-06-19T04:18:09.495+0000] {processor.py:179} INFO - Processing /home/airflow/.local/lib/python3.7/site-packages/airflow/example_dags/example_task_group_decorator.py took 0.555 seconds
[2023-06-19T04:18:40.177+0000] {processor.py:157} INFO - Started process (PID=255) to work on /home/airflow/.local/lib/python3.7/site-packages/airflow/example_dags/example_task_group_decorator.py
[2023-06-19T04:18:40.222+0000] {processor.py:826} INFO - Processing file /home/airflow/.local/lib/python3.7/site-packages/airflow/example_dags/example_task_group_decorator.py for tasks to queue
[2023-06-19T04:18:40.225+0000] {logging_mixin.py:149} INFO - [2023-06-19T04:18:40.224+0000] {dagbag.py:541} INFO - Filling up the DagBag from /home/airflow/.local/lib/python3.7/site-packages/airflow/example_dags/example_task_group_decorator.py
[2023-06-19T04:18:40.268+0000] {processor.py:836} INFO - DAG(s) dict_keys(['example_task_group_decorator']) retrieved from /home/airflow/.local/lib/python3.7/site-packages/airflow/example_dags/example_task_group_decorator.py
[2023-06-19T04:18:40.327+0000] {logging_mixin.py:149} INFO - [2023-06-19T04:18:40.326+0000] {dag.py:2726} INFO - Sync 1 DAGs
[2023-06-19T04:18:40.367+0000] {logging_mixin.py:149} INFO - [2023-06-19T04:18:40.367+0000] {dag.py:3490} INFO - Setting next_dagrun for example_task_group_decorator to 2023-06-18T04:18:40.367170+00:00, run_after=2023-06-19T04:18:40.367170+00:00
[2023-06-19T04:18:40.535+0000] {processor.py:179} INFO - Processing /home/airflow/.local/lib/python3.7/site-packages/airflow/example_dags/example_task_group_decorator.py took 0.362 seconds
[2023-06-19T18:43:44.278+0000] {processor.py:157} INFO - Started process (PID=94) to work on /home/airflow/.local/lib/python3.7/site-packages/airflow/example_dags/example_task_group_decorator.py
[2023-06-19T18:43:44.280+0000] {processor.py:826} INFO - Processing file /home/airflow/.local/lib/python3.7/site-packages/airflow/example_dags/example_task_group_decorator.py for tasks to queue
[2023-06-19T18:43:44.281+0000] {logging_mixin.py:149} INFO - [2023-06-19T18:43:44.281+0000] {dagbag.py:541} INFO - Filling up the DagBag from /home/airflow/.local/lib/python3.7/site-packages/airflow/example_dags/example_task_group_decorator.py
[2023-06-19T18:43:44.313+0000] {processor.py:836} INFO - DAG(s) dict_keys(['example_task_group_decorator']) retrieved from /home/airflow/.local/lib/python3.7/site-packages/airflow/example_dags/example_task_group_decorator.py
[2023-06-19T18:43:44.368+0000] {logging_mixin.py:149} INFO - [2023-06-19T18:43:44.368+0000] {dag.py:2726} INFO - Sync 1 DAGs
[2023-06-19T18:43:44.409+0000] {logging_mixin.py:149} INFO - [2023-06-19T18:43:44.409+0000] {dag.py:3490} INFO - Setting next_dagrun for example_task_group_decorator to 2023-06-18T18:43:44.408762+00:00, run_after=2023-06-19T18:43:44.408762+00:00
[2023-06-19T18:43:44.546+0000] {processor.py:179} INFO - Processing /home/airflow/.local/lib/python3.7/site-packages/airflow/example_dags/example_task_group_decorator.py took 0.272 seconds
[2023-06-19T18:45:24.107+0000] {processor.py:157} INFO - Started process (PID=186) to work on /home/airflow/.local/lib/python3.7/site-packages/airflow/example_dags/example_task_group_decorator.py
[2023-06-19T18:45:24.146+0000] {processor.py:826} INFO - Processing file /home/airflow/.local/lib/python3.7/site-packages/airflow/example_dags/example_task_group_decorator.py for tasks to queue
[2023-06-19T18:45:24.147+0000] {logging_mixin.py:149} INFO - [2023-06-19T18:45:24.147+0000] {dagbag.py:541} INFO - Filling up the DagBag from /home/airflow/.local/lib/python3.7/site-packages/airflow/example_dags/example_task_group_decorator.py
[2023-06-19T18:45:24.198+0000] {processor.py:836} INFO - DAG(s) dict_keys(['example_task_group_decorator']) retrieved from /home/airflow/.local/lib/python3.7/site-packages/airflow/example_dags/example_task_group_decorator.py
[2023-06-19T18:45:24.432+0000] {logging_mixin.py:149} INFO - [2023-06-19T18:45:24.431+0000] {dag.py:2726} INFO - Sync 1 DAGs
[2023-06-19T18:45:24.491+0000] {logging_mixin.py:149} INFO - [2023-06-19T18:45:24.490+0000] {dag.py:3490} INFO - Setting next_dagrun for example_task_group_decorator to 2023-06-18T18:45:24.490330+00:00, run_after=2023-06-19T18:45:24.490330+00:00
[2023-06-19T18:45:24.587+0000] {processor.py:179} INFO - Processing /home/airflow/.local/lib/python3.7/site-packages/airflow/example_dags/example_task_group_decorator.py took 0.484 seconds
[2023-06-19T18:45:54.658+0000] {processor.py:157} INFO - Started process (PID=254) to work on /home/airflow/.local/lib/python3.7/site-packages/airflow/example_dags/example_task_group_decorator.py
[2023-06-19T18:45:54.660+0000] {processor.py:826} INFO - Processing file /home/airflow/.local/lib/python3.7/site-packages/airflow/example_dags/example_task_group_decorator.py for tasks to queue
[2023-06-19T18:45:54.661+0000] {logging_mixin.py:149} INFO - [2023-06-19T18:45:54.660+0000] {dagbag.py:541} INFO - Filling up the DagBag from /home/airflow/.local/lib/python3.7/site-packages/airflow/example_dags/example_task_group_decorator.py
[2023-06-19T18:45:54.678+0000] {processor.py:836} INFO - DAG(s) dict_keys(['example_task_group_decorator']) retrieved from /home/airflow/.local/lib/python3.7/site-packages/airflow/example_dags/example_task_group_decorator.py
[2023-06-19T18:45:54.716+0000] {logging_mixin.py:149} INFO - [2023-06-19T18:45:54.715+0000] {dag.py:2726} INFO - Sync 1 DAGs
[2023-06-19T18:45:54.752+0000] {logging_mixin.py:149} INFO - [2023-06-19T18:45:54.752+0000] {dag.py:3490} INFO - Setting next_dagrun for example_task_group_decorator to 2023-06-18T18:45:54.752379+00:00, run_after=2023-06-19T18:45:54.752379+00:00
[2023-06-19T18:45:54.796+0000] {processor.py:179} INFO - Processing /home/airflow/.local/lib/python3.7/site-packages/airflow/example_dags/example_task_group_decorator.py took 0.142 seconds
[2023-06-19T18:46:24.939+0000] {processor.py:157} INFO - Started process (PID=322) to work on /home/airflow/.local/lib/python3.7/site-packages/airflow/example_dags/example_task_group_decorator.py
[2023-06-19T18:46:24.940+0000] {processor.py:826} INFO - Processing file /home/airflow/.local/lib/python3.7/site-packages/airflow/example_dags/example_task_group_decorator.py for tasks to queue
[2023-06-19T18:46:24.941+0000] {logging_mixin.py:149} INFO - [2023-06-19T18:46:24.941+0000] {dagbag.py:541} INFO - Filling up the DagBag from /home/airflow/.local/lib/python3.7/site-packages/airflow/example_dags/example_task_group_decorator.py
[2023-06-19T18:46:24.964+0000] {processor.py:836} INFO - DAG(s) dict_keys(['example_task_group_decorator']) retrieved from /home/airflow/.local/lib/python3.7/site-packages/airflow/example_dags/example_task_group_decorator.py
[2023-06-19T18:46:25.000+0000] {logging_mixin.py:149} INFO - [2023-06-19T18:46:25.000+0000] {dag.py:2726} INFO - Sync 1 DAGs
[2023-06-19T18:46:25.056+0000] {logging_mixin.py:149} INFO - [2023-06-19T18:46:25.056+0000] {dag.py:3490} INFO - Setting next_dagrun for example_task_group_decorator to 2023-06-18T18:46:25.055731+00:00, run_after=2023-06-19T18:46:25.055731+00:00
[2023-06-19T18:46:25.106+0000] {processor.py:179} INFO - Processing /home/airflow/.local/lib/python3.7/site-packages/airflow/example_dags/example_task_group_decorator.py took 0.173 seconds
[2023-06-19T18:46:55.152+0000] {processor.py:157} INFO - Started process (PID=390) to work on /home/airflow/.local/lib/python3.7/site-packages/airflow/example_dags/example_task_group_decorator.py
[2023-06-19T18:46:55.153+0000] {processor.py:826} INFO - Processing file /home/airflow/.local/lib/python3.7/site-packages/airflow/example_dags/example_task_group_decorator.py for tasks to queue
[2023-06-19T18:46:55.154+0000] {logging_mixin.py:149} INFO - [2023-06-19T18:46:55.154+0000] {dagbag.py:541} INFO - Filling up the DagBag from /home/airflow/.local/lib/python3.7/site-packages/airflow/example_dags/example_task_group_decorator.py
[2023-06-19T18:46:55.187+0000] {processor.py:836} INFO - DAG(s) dict_keys(['example_task_group_decorator']) retrieved from /home/airflow/.local/lib/python3.7/site-packages/airflow/example_dags/example_task_group_decorator.py
[2023-06-19T18:46:55.231+0000] {logging_mixin.py:149} INFO - [2023-06-19T18:46:55.231+0000] {dag.py:2726} INFO - Sync 1 DAGs
[2023-06-19T18:46:55.276+0000] {logging_mixin.py:149} INFO - [2023-06-19T18:46:55.276+0000] {dag.py:3490} INFO - Setting next_dagrun for example_task_group_decorator to 2023-06-18T18:46:55.276008+00:00, run_after=2023-06-19T18:46:55.276008+00:00
[2023-06-19T18:46:55.597+0000] {processor.py:179} INFO - Processing /home/airflow/.local/lib/python3.7/site-packages/airflow/example_dags/example_task_group_decorator.py took 0.452 seconds
[2023-06-19T18:47:25.718+0000] {processor.py:157} INFO - Started process (PID=458) to work on /home/airflow/.local/lib/python3.7/site-packages/airflow/example_dags/example_task_group_decorator.py
[2023-06-19T18:47:25.719+0000] {processor.py:826} INFO - Processing file /home/airflow/.local/lib/python3.7/site-packages/airflow/example_dags/example_task_group_decorator.py for tasks to queue
[2023-06-19T18:47:25.720+0000] {logging_mixin.py:149} INFO - [2023-06-19T18:47:25.720+0000] {dagbag.py:541} INFO - Filling up the DagBag from /home/airflow/.local/lib/python3.7/site-packages/airflow/example_dags/example_task_group_decorator.py
[2023-06-19T18:47:25.738+0000] {processor.py:836} INFO - DAG(s) dict_keys(['example_task_group_decorator']) retrieved from /home/airflow/.local/lib/python3.7/site-packages/airflow/example_dags/example_task_group_decorator.py
[2023-06-19T18:47:25.775+0000] {logging_mixin.py:149} INFO - [2023-06-19T18:47:25.775+0000] {dag.py:2726} INFO - Sync 1 DAGs
[2023-06-19T18:47:25.808+0000] {logging_mixin.py:149} INFO - [2023-06-19T18:47:25.808+0000] {dag.py:3490} INFO - Setting next_dagrun for example_task_group_decorator to 2023-06-18T18:47:25.807911+00:00, run_after=2023-06-19T18:47:25.807911+00:00
[2023-06-19T18:47:25.845+0000] {processor.py:179} INFO - Processing /home/airflow/.local/lib/python3.7/site-packages/airflow/example_dags/example_task_group_decorator.py took 0.131 seconds
[2023-06-19T18:47:56.398+0000] {processor.py:157} INFO - Started process (PID=526) to work on /home/airflow/.local/lib/python3.7/site-packages/airflow/example_dags/example_task_group_decorator.py
[2023-06-19T18:47:56.399+0000] {processor.py:826} INFO - Processing file /home/airflow/.local/lib/python3.7/site-packages/airflow/example_dags/example_task_group_decorator.py for tasks to queue
[2023-06-19T18:47:56.400+0000] {logging_mixin.py:149} INFO - [2023-06-19T18:47:56.400+0000] {dagbag.py:541} INFO - Filling up the DagBag from /home/airflow/.local/lib/python3.7/site-packages/airflow/example_dags/example_task_group_decorator.py
[2023-06-19T18:47:56.418+0000] {processor.py:836} INFO - DAG(s) dict_keys(['example_task_group_decorator']) retrieved from /home/airflow/.local/lib/python3.7/site-packages/airflow/example_dags/example_task_group_decorator.py
[2023-06-19T18:47:56.454+0000] {logging_mixin.py:149} INFO - [2023-06-19T18:47:56.454+0000] {dag.py:2726} INFO - Sync 1 DAGs
[2023-06-19T18:47:56.491+0000] {logging_mixin.py:149} INFO - [2023-06-19T18:47:56.491+0000] {dag.py:3490} INFO - Setting next_dagrun for example_task_group_decorator to 2023-06-18T18:47:56.490835+00:00, run_after=2023-06-19T18:47:56.490835+00:00
[2023-06-19T18:47:56.526+0000] {processor.py:179} INFO - Processing /home/airflow/.local/lib/python3.7/site-packages/airflow/example_dags/example_task_group_decorator.py took 0.132 seconds
