[2023-06-19T04:16:11.129+0000] {processor.py:157} INFO - Started process (PID=76) to work on /home/airflow/.local/lib/python3.7/site-packages/airflow/example_dags/example_branch_python_dop_operator_3.py
[2023-06-19T04:16:11.131+0000] {processor.py:826} INFO - Processing file /home/airflow/.local/lib/python3.7/site-packages/airflow/example_dags/example_branch_python_dop_operator_3.py for tasks to queue
[2023-06-19T04:16:11.132+0000] {logging_mixin.py:149} INFO - [2023-06-19T04:16:11.132+0000] {dagbag.py:541} INFO - Filling up the DagBag from /home/airflow/.local/lib/python3.7/site-packages/airflow/example_dags/example_branch_python_dop_operator_3.py
[2023-06-19T04:16:11.170+0000] {processor.py:836} INFO - DAG(s) dict_keys(['example_branch_dop_operator_v3']) retrieved from /home/airflow/.local/lib/python3.7/site-packages/airflow/example_dags/example_branch_python_dop_operator_3.py
[2023-06-19T04:16:11.568+0000] {logging_mixin.py:149} INFO - [2023-06-19T04:16:11.567+0000] {dag.py:2726} INFO - Sync 1 DAGs
[2023-06-19T04:16:11.698+0000] {logging_mixin.py:149} INFO - [2023-06-19T04:16:11.697+0000] {dag.py:3490} INFO - Setting next_dagrun for example_branch_dop_operator_v3 to 2023-06-19T04:15:00+00:00, run_after=2023-06-19T04:16:00+00:00
[2023-06-19T04:16:11.835+0000] {processor.py:179} INFO - Processing /home/airflow/.local/lib/python3.7/site-packages/airflow/example_dags/example_branch_python_dop_operator_3.py took 0.713 seconds
[2023-06-19T04:18:00.986+0000] {processor.py:157} INFO - Started process (PID=167) to work on /home/airflow/.local/lib/python3.7/site-packages/airflow/example_dags/example_branch_python_dop_operator_3.py
[2023-06-19T04:18:01.112+0000] {processor.py:826} INFO - Processing file /home/airflow/.local/lib/python3.7/site-packages/airflow/example_dags/example_branch_python_dop_operator_3.py for tasks to queue
[2023-06-19T04:18:01.114+0000] {logging_mixin.py:149} INFO - [2023-06-19T04:18:01.113+0000] {dagbag.py:541} INFO - Filling up the DagBag from /home/airflow/.local/lib/python3.7/site-packages/airflow/example_dags/example_branch_python_dop_operator_3.py
[2023-06-19T04:18:01.229+0000] {processor.py:836} INFO - DAG(s) dict_keys(['example_branch_dop_operator_v3']) retrieved from /home/airflow/.local/lib/python3.7/site-packages/airflow/example_dags/example_branch_python_dop_operator_3.py
[2023-06-19T04:18:01.436+0000] {logging_mixin.py:149} INFO - [2023-06-19T04:18:01.436+0000] {dag.py:2726} INFO - Sync 1 DAGs
[2023-06-19T04:18:01.493+0000] {logging_mixin.py:149} INFO - [2023-06-19T04:18:01.493+0000] {dag.py:3490} INFO - Setting next_dagrun for example_branch_dop_operator_v3 to 2023-06-19T04:17:00+00:00, run_after=2023-06-19T04:18:00+00:00
[2023-06-19T04:18:01.641+0000] {processor.py:179} INFO - Processing /home/airflow/.local/lib/python3.7/site-packages/airflow/example_dags/example_branch_python_dop_operator_3.py took 0.659 seconds
[2023-06-19T04:18:32.410+0000] {processor.py:157} INFO - Started process (PID=230) to work on /home/airflow/.local/lib/python3.7/site-packages/airflow/example_dags/example_branch_python_dop_operator_3.py
[2023-06-19T04:18:32.461+0000] {processor.py:826} INFO - Processing file /home/airflow/.local/lib/python3.7/site-packages/airflow/example_dags/example_branch_python_dop_operator_3.py for tasks to queue
[2023-06-19T04:18:32.462+0000] {logging_mixin.py:149} INFO - [2023-06-19T04:18:32.462+0000] {dagbag.py:541} INFO - Filling up the DagBag from /home/airflow/.local/lib/python3.7/site-packages/airflow/example_dags/example_branch_python_dop_operator_3.py
[2023-06-19T04:18:32.472+0000] {processor.py:836} INFO - DAG(s) dict_keys(['example_branch_dop_operator_v3']) retrieved from /home/airflow/.local/lib/python3.7/site-packages/airflow/example_dags/example_branch_python_dop_operator_3.py
[2023-06-19T04:18:32.513+0000] {logging_mixin.py:149} INFO - [2023-06-19T04:18:32.513+0000] {dag.py:2726} INFO - Sync 1 DAGs
[2023-06-19T04:18:32.577+0000] {logging_mixin.py:149} INFO - [2023-06-19T04:18:32.577+0000] {dag.py:3490} INFO - Setting next_dagrun for example_branch_dop_operator_v3 to 2023-06-19T04:17:00+00:00, run_after=2023-06-19T04:18:00+00:00
[2023-06-19T04:18:32.659+0000] {processor.py:179} INFO - Processing /home/airflow/.local/lib/python3.7/site-packages/airflow/example_dags/example_branch_python_dop_operator_3.py took 0.254 seconds
[2023-06-19T04:19:02.767+0000] {processor.py:157} INFO - Started process (PID=297) to work on /home/airflow/.local/lib/python3.7/site-packages/airflow/example_dags/example_branch_python_dop_operator_3.py
[2023-06-19T04:19:02.768+0000] {processor.py:826} INFO - Processing file /home/airflow/.local/lib/python3.7/site-packages/airflow/example_dags/example_branch_python_dop_operator_3.py for tasks to queue
[2023-06-19T04:19:02.769+0000] {logging_mixin.py:149} INFO - [2023-06-19T04:19:02.769+0000] {dagbag.py:541} INFO - Filling up the DagBag from /home/airflow/.local/lib/python3.7/site-packages/airflow/example_dags/example_branch_python_dop_operator_3.py
[2023-06-19T04:19:02.779+0000] {processor.py:836} INFO - DAG(s) dict_keys(['example_branch_dop_operator_v3']) retrieved from /home/airflow/.local/lib/python3.7/site-packages/airflow/example_dags/example_branch_python_dop_operator_3.py
[2023-06-19T04:19:02.821+0000] {logging_mixin.py:149} INFO - [2023-06-19T04:19:02.821+0000] {dag.py:2726} INFO - Sync 1 DAGs
[2023-06-19T04:19:02.864+0000] {logging_mixin.py:149} INFO - [2023-06-19T04:19:02.864+0000] {dag.py:3490} INFO - Setting next_dagrun for example_branch_dop_operator_v3 to 2023-06-19T04:18:00+00:00, run_after=2023-06-19T04:19:00+00:00
[2023-06-19T04:19:02.930+0000] {processor.py:179} INFO - Processing /home/airflow/.local/lib/python3.7/site-packages/airflow/example_dags/example_branch_python_dop_operator_3.py took 0.169 seconds
[2023-06-19T18:43:36.482+0000] {processor.py:157} INFO - Started process (PID=73) to work on /home/airflow/.local/lib/python3.7/site-packages/airflow/example_dags/example_branch_python_dop_operator_3.py
[2023-06-19T18:43:36.635+0000] {processor.py:826} INFO - Processing file /home/airflow/.local/lib/python3.7/site-packages/airflow/example_dags/example_branch_python_dop_operator_3.py for tasks to queue
[2023-06-19T18:43:36.638+0000] {logging_mixin.py:149} INFO - [2023-06-19T18:43:36.637+0000] {dagbag.py:541} INFO - Filling up the DagBag from /home/airflow/.local/lib/python3.7/site-packages/airflow/example_dags/example_branch_python_dop_operator_3.py
[2023-06-19T18:43:37.672+0000] {processor.py:836} INFO - DAG(s) dict_keys(['example_branch_dop_operator_v3']) retrieved from /home/airflow/.local/lib/python3.7/site-packages/airflow/example_dags/example_branch_python_dop_operator_3.py
[2023-06-19T18:43:37.727+0000] {logging_mixin.py:149} INFO - [2023-06-19T18:43:37.726+0000] {dag.py:2726} INFO - Sync 1 DAGs
[2023-06-19T18:43:37.772+0000] {logging_mixin.py:149} INFO - [2023-06-19T18:43:37.772+0000] {dag.py:3490} INFO - Setting next_dagrun for example_branch_dop_operator_v3 to 2023-06-19T18:42:00+00:00, run_after=2023-06-19T18:43:00+00:00
[2023-06-19T18:43:38.121+0000] {processor.py:179} INFO - Processing /home/airflow/.local/lib/python3.7/site-packages/airflow/example_dags/example_branch_python_dop_operator_3.py took 1.644 seconds
[2023-06-19T18:45:18.257+0000] {processor.py:157} INFO - Started process (PID=166) to work on /home/airflow/.local/lib/python3.7/site-packages/airflow/example_dags/example_branch_python_dop_operator_3.py
[2023-06-19T18:45:18.313+0000] {processor.py:826} INFO - Processing file /home/airflow/.local/lib/python3.7/site-packages/airflow/example_dags/example_branch_python_dop_operator_3.py for tasks to queue
[2023-06-19T18:45:18.314+0000] {logging_mixin.py:149} INFO - [2023-06-19T18:45:18.314+0000] {dagbag.py:541} INFO - Filling up the DagBag from /home/airflow/.local/lib/python3.7/site-packages/airflow/example_dags/example_branch_python_dop_operator_3.py
[2023-06-19T18:45:18.325+0000] {processor.py:836} INFO - DAG(s) dict_keys(['example_branch_dop_operator_v3']) retrieved from /home/airflow/.local/lib/python3.7/site-packages/airflow/example_dags/example_branch_python_dop_operator_3.py
[2023-06-19T18:45:18.357+0000] {logging_mixin.py:149} INFO - [2023-06-19T18:45:18.357+0000] {dag.py:2726} INFO - Sync 1 DAGs
[2023-06-19T18:45:18.596+0000] {logging_mixin.py:149} INFO - [2023-06-19T18:45:18.595+0000] {dag.py:3490} INFO - Setting next_dagrun for example_branch_dop_operator_v3 to 2023-06-19T18:44:00+00:00, run_after=2023-06-19T18:45:00+00:00
[2023-06-19T18:45:18.696+0000] {processor.py:179} INFO - Processing /home/airflow/.local/lib/python3.7/site-packages/airflow/example_dags/example_branch_python_dop_operator_3.py took 0.442 seconds
[2023-06-19T18:45:49.030+0000] {processor.py:157} INFO - Started process (PID=234) to work on /home/airflow/.local/lib/python3.7/site-packages/airflow/example_dags/example_branch_python_dop_operator_3.py
[2023-06-19T18:45:49.050+0000] {processor.py:826} INFO - Processing file /home/airflow/.local/lib/python3.7/site-packages/airflow/example_dags/example_branch_python_dop_operator_3.py for tasks to queue
[2023-06-19T18:45:49.051+0000] {logging_mixin.py:149} INFO - [2023-06-19T18:45:49.051+0000] {dagbag.py:541} INFO - Filling up the DagBag from /home/airflow/.local/lib/python3.7/site-packages/airflow/example_dags/example_branch_python_dop_operator_3.py
[2023-06-19T18:45:49.065+0000] {processor.py:836} INFO - DAG(s) dict_keys(['example_branch_dop_operator_v3']) retrieved from /home/airflow/.local/lib/python3.7/site-packages/airflow/example_dags/example_branch_python_dop_operator_3.py
[2023-06-19T18:45:49.110+0000] {logging_mixin.py:149} INFO - [2023-06-19T18:45:49.110+0000] {dag.py:2726} INFO - Sync 1 DAGs
[2023-06-19T18:45:49.180+0000] {logging_mixin.py:149} INFO - [2023-06-19T18:45:49.179+0000] {dag.py:3490} INFO - Setting next_dagrun for example_branch_dop_operator_v3 to 2023-06-19T18:44:00+00:00, run_after=2023-06-19T18:45:00+00:00
[2023-06-19T18:45:49.222+0000] {processor.py:179} INFO - Processing /home/airflow/.local/lib/python3.7/site-packages/airflow/example_dags/example_branch_python_dop_operator_3.py took 0.198 seconds
[2023-06-19T18:46:20.602+0000] {processor.py:157} INFO - Started process (PID=302) to work on /home/airflow/.local/lib/python3.7/site-packages/airflow/example_dags/example_branch_python_dop_operator_3.py
[2023-06-19T18:46:20.694+0000] {processor.py:826} INFO - Processing file /home/airflow/.local/lib/python3.7/site-packages/airflow/example_dags/example_branch_python_dop_operator_3.py for tasks to queue
[2023-06-19T18:46:20.696+0000] {logging_mixin.py:149} INFO - [2023-06-19T18:46:20.695+0000] {dagbag.py:541} INFO - Filling up the DagBag from /home/airflow/.local/lib/python3.7/site-packages/airflow/example_dags/example_branch_python_dop_operator_3.py
[2023-06-19T18:46:20.722+0000] {processor.py:836} INFO - DAG(s) dict_keys(['example_branch_dop_operator_v3']) retrieved from /home/airflow/.local/lib/python3.7/site-packages/airflow/example_dags/example_branch_python_dop_operator_3.py
[2023-06-19T18:46:20.766+0000] {logging_mixin.py:149} INFO - [2023-06-19T18:46:20.766+0000] {dag.py:2726} INFO - Sync 1 DAGs
[2023-06-19T18:46:20.815+0000] {logging_mixin.py:149} INFO - [2023-06-19T18:46:20.815+0000] {dag.py:3490} INFO - Setting next_dagrun for example_branch_dop_operator_v3 to 2023-06-19T18:45:00+00:00, run_after=2023-06-19T18:46:00+00:00
[2023-06-19T18:46:20.906+0000] {processor.py:179} INFO - Processing /home/airflow/.local/lib/python3.7/site-packages/airflow/example_dags/example_branch_python_dop_operator_3.py took 0.308 seconds
[2023-06-19T18:46:51.615+0000] {processor.py:157} INFO - Started process (PID=370) to work on /home/airflow/.local/lib/python3.7/site-packages/airflow/example_dags/example_branch_python_dop_operator_3.py
[2023-06-19T18:46:51.616+0000] {processor.py:826} INFO - Processing file /home/airflow/.local/lib/python3.7/site-packages/airflow/example_dags/example_branch_python_dop_operator_3.py for tasks to queue
[2023-06-19T18:46:51.617+0000] {logging_mixin.py:149} INFO - [2023-06-19T18:46:51.617+0000] {dagbag.py:541} INFO - Filling up the DagBag from /home/airflow/.local/lib/python3.7/site-packages/airflow/example_dags/example_branch_python_dop_operator_3.py
[2023-06-19T18:46:51.627+0000] {processor.py:836} INFO - DAG(s) dict_keys(['example_branch_dop_operator_v3']) retrieved from /home/airflow/.local/lib/python3.7/site-packages/airflow/example_dags/example_branch_python_dop_operator_3.py
[2023-06-19T18:46:51.659+0000] {logging_mixin.py:149} INFO - [2023-06-19T18:46:51.659+0000] {dag.py:2726} INFO - Sync 1 DAGs
[2023-06-19T18:46:51.699+0000] {logging_mixin.py:149} INFO - [2023-06-19T18:46:51.699+0000] {dag.py:3490} INFO - Setting next_dagrun for example_branch_dop_operator_v3 to 2023-06-19T18:45:00+00:00, run_after=2023-06-19T18:46:00+00:00
[2023-06-19T18:46:51.732+0000] {processor.py:179} INFO - Processing /home/airflow/.local/lib/python3.7/site-packages/airflow/example_dags/example_branch_python_dop_operator_3.py took 0.121 seconds
[2023-06-19T18:47:22.525+0000] {processor.py:157} INFO - Started process (PID=438) to work on /home/airflow/.local/lib/python3.7/site-packages/airflow/example_dags/example_branch_python_dop_operator_3.py
[2023-06-19T18:47:22.634+0000] {processor.py:826} INFO - Processing file /home/airflow/.local/lib/python3.7/site-packages/airflow/example_dags/example_branch_python_dop_operator_3.py for tasks to queue
[2023-06-19T18:47:22.636+0000] {logging_mixin.py:149} INFO - [2023-06-19T18:47:22.636+0000] {dagbag.py:541} INFO - Filling up the DagBag from /home/airflow/.local/lib/python3.7/site-packages/airflow/example_dags/example_branch_python_dop_operator_3.py
[2023-06-19T18:47:22.661+0000] {processor.py:836} INFO - DAG(s) dict_keys(['example_branch_dop_operator_v3']) retrieved from /home/airflow/.local/lib/python3.7/site-packages/airflow/example_dags/example_branch_python_dop_operator_3.py
[2023-06-19T18:47:22.752+0000] {logging_mixin.py:149} INFO - [2023-06-19T18:47:22.751+0000] {dag.py:2726} INFO - Sync 1 DAGs
[2023-06-19T18:47:22.813+0000] {logging_mixin.py:149} INFO - [2023-06-19T18:47:22.813+0000] {dag.py:3490} INFO - Setting next_dagrun for example_branch_dop_operator_v3 to 2023-06-19T18:46:00+00:00, run_after=2023-06-19T18:47:00+00:00
[2023-06-19T18:47:22.893+0000] {processor.py:179} INFO - Processing /home/airflow/.local/lib/python3.7/site-packages/airflow/example_dags/example_branch_python_dop_operator_3.py took 0.373 seconds
[2023-06-19T18:47:53.531+0000] {processor.py:157} INFO - Started process (PID=506) to work on /home/airflow/.local/lib/python3.7/site-packages/airflow/example_dags/example_branch_python_dop_operator_3.py
[2023-06-19T18:47:53.547+0000] {processor.py:826} INFO - Processing file /home/airflow/.local/lib/python3.7/site-packages/airflow/example_dags/example_branch_python_dop_operator_3.py for tasks to queue
[2023-06-19T18:47:53.548+0000] {logging_mixin.py:149} INFO - [2023-06-19T18:47:53.547+0000] {dagbag.py:541} INFO - Filling up the DagBag from /home/airflow/.local/lib/python3.7/site-packages/airflow/example_dags/example_branch_python_dop_operator_3.py
[2023-06-19T18:47:53.558+0000] {processor.py:836} INFO - DAG(s) dict_keys(['example_branch_dop_operator_v3']) retrieved from /home/airflow/.local/lib/python3.7/site-packages/airflow/example_dags/example_branch_python_dop_operator_3.py
[2023-06-19T18:47:53.598+0000] {logging_mixin.py:149} INFO - [2023-06-19T18:47:53.597+0000] {dag.py:2726} INFO - Sync 1 DAGs
[2023-06-19T18:47:53.652+0000] {logging_mixin.py:149} INFO - [2023-06-19T18:47:53.652+0000] {dag.py:3490} INFO - Setting next_dagrun for example_branch_dop_operator_v3 to 2023-06-19T18:46:00+00:00, run_after=2023-06-19T18:47:00+00:00
[2023-06-19T18:47:53.725+0000] {processor.py:179} INFO - Processing /home/airflow/.local/lib/python3.7/site-packages/airflow/example_dags/example_branch_python_dop_operator_3.py took 0.197 seconds
