[2023-06-19T04:16:20.654+0000] {processor.py:157} INFO - Started process (PID=102) to work on /home/airflow/.local/lib/python3.7/site-packages/airflow/example_dags/example_branch_day_of_week_operator.py
[2023-06-19T04:16:20.656+0000] {processor.py:826} INFO - Processing file /home/airflow/.local/lib/python3.7/site-packages/airflow/example_dags/example_branch_day_of_week_operator.py for tasks to queue
[2023-06-19T04:16:20.657+0000] {logging_mixin.py:149} INFO - [2023-06-19T04:16:20.657+0000] {dagbag.py:541} INFO - Filling up the DagBag from /home/airflow/.local/lib/python3.7/site-packages/airflow/example_dags/example_branch_day_of_week_operator.py
[2023-06-19T04:16:20.740+0000] {processor.py:836} INFO - DAG(s) dict_keys(['example_weekday_branch_operator']) retrieved from /home/airflow/.local/lib/python3.7/site-packages/airflow/example_dags/example_branch_day_of_week_operator.py
[2023-06-19T04:16:20.880+0000] {logging_mixin.py:149} INFO - [2023-06-19T04:16:20.879+0000] {dag.py:2726} INFO - Sync 1 DAGs
[2023-06-19T04:16:20.916+0000] {logging_mixin.py:149} INFO - [2023-06-19T04:16:20.916+0000] {dag.py:3490} INFO - Setting next_dagrun for example_weekday_branch_operator to 2023-06-18T00:00:00+00:00, run_after=2023-06-19T00:00:00+00:00
[2023-06-19T04:16:21.042+0000] {processor.py:179} INFO - Processing /home/airflow/.local/lib/python3.7/site-packages/airflow/example_dags/example_branch_day_of_week_operator.py took 0.401 seconds
[2023-06-19T04:18:11.029+0000] {processor.py:157} INFO - Started process (PID=193) to work on /home/airflow/.local/lib/python3.7/site-packages/airflow/example_dags/example_branch_day_of_week_operator.py
[2023-06-19T04:18:11.082+0000] {processor.py:826} INFO - Processing file /home/airflow/.local/lib/python3.7/site-packages/airflow/example_dags/example_branch_day_of_week_operator.py for tasks to queue
[2023-06-19T04:18:11.084+0000] {logging_mixin.py:149} INFO - [2023-06-19T04:18:11.083+0000] {dagbag.py:541} INFO - Filling up the DagBag from /home/airflow/.local/lib/python3.7/site-packages/airflow/example_dags/example_branch_day_of_week_operator.py
[2023-06-19T04:18:11.233+0000] {processor.py:836} INFO - DAG(s) dict_keys(['example_weekday_branch_operator']) retrieved from /home/airflow/.local/lib/python3.7/site-packages/airflow/example_dags/example_branch_day_of_week_operator.py
[2023-06-19T04:18:11.418+0000] {logging_mixin.py:149} INFO - [2023-06-19T04:18:11.418+0000] {dag.py:2726} INFO - Sync 1 DAGs
[2023-06-19T04:18:11.454+0000] {logging_mixin.py:149} INFO - [2023-06-19T04:18:11.454+0000] {dag.py:3490} INFO - Setting next_dagrun for example_weekday_branch_operator to 2023-06-18T00:00:00+00:00, run_after=2023-06-19T00:00:00+00:00
[2023-06-19T04:18:11.619+0000] {processor.py:179} INFO - Processing /home/airflow/.local/lib/python3.7/site-packages/airflow/example_dags/example_branch_day_of_week_operator.py took 0.596 seconds
[2023-06-19T04:18:42.460+0000] {processor.py:157} INFO - Started process (PID=261) to work on /home/airflow/.local/lib/python3.7/site-packages/airflow/example_dags/example_branch_day_of_week_operator.py
[2023-06-19T04:18:42.514+0000] {processor.py:826} INFO - Processing file /home/airflow/.local/lib/python3.7/site-packages/airflow/example_dags/example_branch_day_of_week_operator.py for tasks to queue
[2023-06-19T04:18:42.516+0000] {logging_mixin.py:149} INFO - [2023-06-19T04:18:42.516+0000] {dagbag.py:541} INFO - Filling up the DagBag from /home/airflow/.local/lib/python3.7/site-packages/airflow/example_dags/example_branch_day_of_week_operator.py
[2023-06-19T04:18:42.539+0000] {processor.py:836} INFO - DAG(s) dict_keys(['example_weekday_branch_operator']) retrieved from /home/airflow/.local/lib/python3.7/site-packages/airflow/example_dags/example_branch_day_of_week_operator.py
[2023-06-19T04:18:42.630+0000] {logging_mixin.py:149} INFO - [2023-06-19T04:18:42.629+0000] {dag.py:2726} INFO - Sync 1 DAGs
[2023-06-19T04:18:42.719+0000] {logging_mixin.py:149} INFO - [2023-06-19T04:18:42.719+0000] {dag.py:3490} INFO - Setting next_dagrun for example_weekday_branch_operator to 2023-06-18T00:00:00+00:00, run_after=2023-06-19T00:00:00+00:00
[2023-06-19T04:18:43.140+0000] {processor.py:179} INFO - Processing /home/airflow/.local/lib/python3.7/site-packages/airflow/example_dags/example_branch_day_of_week_operator.py took 0.688 seconds
[2023-06-19T18:43:48.324+0000] {processor.py:157} INFO - Started process (PID=100) to work on /home/airflow/.local/lib/python3.7/site-packages/airflow/example_dags/example_branch_day_of_week_operator.py
[2023-06-19T18:43:48.350+0000] {processor.py:826} INFO - Processing file /home/airflow/.local/lib/python3.7/site-packages/airflow/example_dags/example_branch_day_of_week_operator.py for tasks to queue
[2023-06-19T18:43:48.352+0000] {logging_mixin.py:149} INFO - [2023-06-19T18:43:48.352+0000] {dagbag.py:541} INFO - Filling up the DagBag from /home/airflow/.local/lib/python3.7/site-packages/airflow/example_dags/example_branch_day_of_week_operator.py
[2023-06-19T18:43:48.371+0000] {processor.py:836} INFO - DAG(s) dict_keys(['example_weekday_branch_operator']) retrieved from /home/airflow/.local/lib/python3.7/site-packages/airflow/example_dags/example_branch_day_of_week_operator.py
[2023-06-19T18:43:48.408+0000] {logging_mixin.py:149} INFO - [2023-06-19T18:43:48.407+0000] {dag.py:2726} INFO - Sync 1 DAGs
[2023-06-19T18:43:48.442+0000] {logging_mixin.py:149} INFO - [2023-06-19T18:43:48.442+0000] {dag.py:3490} INFO - Setting next_dagrun for example_weekday_branch_operator to 2023-06-18T00:00:00+00:00, run_after=2023-06-19T00:00:00+00:00
[2023-06-19T18:43:48.589+0000] {processor.py:179} INFO - Processing /home/airflow/.local/lib/python3.7/site-packages/airflow/example_dags/example_branch_day_of_week_operator.py took 0.274 seconds
[2023-06-19T18:45:25.771+0000] {processor.py:157} INFO - Started process (PID=192) to work on /home/airflow/.local/lib/python3.7/site-packages/airflow/example_dags/example_branch_day_of_week_operator.py
[2023-06-19T18:45:25.790+0000] {processor.py:826} INFO - Processing file /home/airflow/.local/lib/python3.7/site-packages/airflow/example_dags/example_branch_day_of_week_operator.py for tasks to queue
[2023-06-19T18:45:25.792+0000] {logging_mixin.py:149} INFO - [2023-06-19T18:45:25.792+0000] {dagbag.py:541} INFO - Filling up the DagBag from /home/airflow/.local/lib/python3.7/site-packages/airflow/example_dags/example_branch_day_of_week_operator.py
[2023-06-19T18:45:25.872+0000] {processor.py:836} INFO - DAG(s) dict_keys(['example_weekday_branch_operator']) retrieved from /home/airflow/.local/lib/python3.7/site-packages/airflow/example_dags/example_branch_day_of_week_operator.py
[2023-06-19T18:45:26.081+0000] {logging_mixin.py:149} INFO - [2023-06-19T18:45:26.081+0000] {dag.py:2726} INFO - Sync 1 DAGs
[2023-06-19T18:45:26.145+0000] {logging_mixin.py:149} INFO - [2023-06-19T18:45:26.144+0000] {dag.py:3490} INFO - Setting next_dagrun for example_weekday_branch_operator to 2023-06-18T00:00:00+00:00, run_after=2023-06-19T00:00:00+00:00
[2023-06-19T18:45:26.250+0000] {processor.py:179} INFO - Processing /home/airflow/.local/lib/python3.7/site-packages/airflow/example_dags/example_branch_day_of_week_operator.py took 0.484 seconds
[2023-06-19T18:45:56.381+0000] {processor.py:157} INFO - Started process (PID=260) to work on /home/airflow/.local/lib/python3.7/site-packages/airflow/example_dags/example_branch_day_of_week_operator.py
[2023-06-19T18:45:56.404+0000] {processor.py:826} INFO - Processing file /home/airflow/.local/lib/python3.7/site-packages/airflow/example_dags/example_branch_day_of_week_operator.py for tasks to queue
[2023-06-19T18:45:56.405+0000] {logging_mixin.py:149} INFO - [2023-06-19T18:45:56.405+0000] {dagbag.py:541} INFO - Filling up the DagBag from /home/airflow/.local/lib/python3.7/site-packages/airflow/example_dags/example_branch_day_of_week_operator.py
[2023-06-19T18:45:56.414+0000] {processor.py:836} INFO - DAG(s) dict_keys(['example_weekday_branch_operator']) retrieved from /home/airflow/.local/lib/python3.7/site-packages/airflow/example_dags/example_branch_day_of_week_operator.py
[2023-06-19T18:45:56.454+0000] {logging_mixin.py:149} INFO - [2023-06-19T18:45:56.454+0000] {dag.py:2726} INFO - Sync 1 DAGs
[2023-06-19T18:45:56.491+0000] {logging_mixin.py:149} INFO - [2023-06-19T18:45:56.490+0000] {dag.py:3490} INFO - Setting next_dagrun for example_weekday_branch_operator to 2023-06-18T00:00:00+00:00, run_after=2023-06-19T00:00:00+00:00
[2023-06-19T18:45:56.544+0000] {processor.py:179} INFO - Processing /home/airflow/.local/lib/python3.7/site-packages/airflow/example_dags/example_branch_day_of_week_operator.py took 0.168 seconds
[2023-06-19T18:46:26.612+0000] {processor.py:157} INFO - Started process (PID=328) to work on /home/airflow/.local/lib/python3.7/site-packages/airflow/example_dags/example_branch_day_of_week_operator.py
[2023-06-19T18:46:26.612+0000] {processor.py:826} INFO - Processing file /home/airflow/.local/lib/python3.7/site-packages/airflow/example_dags/example_branch_day_of_week_operator.py for tasks to queue
[2023-06-19T18:46:26.613+0000] {logging_mixin.py:149} INFO - [2023-06-19T18:46:26.613+0000] {dagbag.py:541} INFO - Filling up the DagBag from /home/airflow/.local/lib/python3.7/site-packages/airflow/example_dags/example_branch_day_of_week_operator.py
[2023-06-19T18:46:26.622+0000] {processor.py:836} INFO - DAG(s) dict_keys(['example_weekday_branch_operator']) retrieved from /home/airflow/.local/lib/python3.7/site-packages/airflow/example_dags/example_branch_day_of_week_operator.py
[2023-06-19T18:46:26.655+0000] {logging_mixin.py:149} INFO - [2023-06-19T18:46:26.655+0000] {dag.py:2726} INFO - Sync 1 DAGs
[2023-06-19T18:46:26.694+0000] {logging_mixin.py:149} INFO - [2023-06-19T18:46:26.693+0000] {dag.py:3490} INFO - Setting next_dagrun for example_weekday_branch_operator to 2023-06-18T00:00:00+00:00, run_after=2023-06-19T00:00:00+00:00
[2023-06-19T18:46:26.742+0000] {processor.py:179} INFO - Processing /home/airflow/.local/lib/python3.7/site-packages/airflow/example_dags/example_branch_day_of_week_operator.py took 0.134 seconds
[2023-06-19T18:46:56.880+0000] {processor.py:157} INFO - Started process (PID=395) to work on /home/airflow/.local/lib/python3.7/site-packages/airflow/example_dags/example_branch_day_of_week_operator.py
[2023-06-19T18:46:56.882+0000] {processor.py:826} INFO - Processing file /home/airflow/.local/lib/python3.7/site-packages/airflow/example_dags/example_branch_day_of_week_operator.py for tasks to queue
[2023-06-19T18:46:56.884+0000] {logging_mixin.py:149} INFO - [2023-06-19T18:46:56.883+0000] {dagbag.py:541} INFO - Filling up the DagBag from /home/airflow/.local/lib/python3.7/site-packages/airflow/example_dags/example_branch_day_of_week_operator.py
[2023-06-19T18:46:56.899+0000] {processor.py:836} INFO - DAG(s) dict_keys(['example_weekday_branch_operator']) retrieved from /home/airflow/.local/lib/python3.7/site-packages/airflow/example_dags/example_branch_day_of_week_operator.py
[2023-06-19T18:46:56.944+0000] {logging_mixin.py:149} INFO - [2023-06-19T18:46:56.943+0000] {dag.py:2726} INFO - Sync 1 DAGs
[2023-06-19T18:46:57.007+0000] {logging_mixin.py:149} INFO - [2023-06-19T18:46:57.006+0000] {dag.py:3490} INFO - Setting next_dagrun for example_weekday_branch_operator to 2023-06-18T00:00:00+00:00, run_after=2023-06-19T00:00:00+00:00
[2023-06-19T18:46:57.048+0000] {processor.py:179} INFO - Processing /home/airflow/.local/lib/python3.7/site-packages/airflow/example_dags/example_branch_day_of_week_operator.py took 0.173 seconds
[2023-06-19T18:47:27.328+0000] {processor.py:157} INFO - Started process (PID=463) to work on /home/airflow/.local/lib/python3.7/site-packages/airflow/example_dags/example_branch_day_of_week_operator.py
[2023-06-19T18:47:27.330+0000] {processor.py:826} INFO - Processing file /home/airflow/.local/lib/python3.7/site-packages/airflow/example_dags/example_branch_day_of_week_operator.py for tasks to queue
[2023-06-19T18:47:27.330+0000] {logging_mixin.py:149} INFO - [2023-06-19T18:47:27.330+0000] {dagbag.py:541} INFO - Filling up the DagBag from /home/airflow/.local/lib/python3.7/site-packages/airflow/example_dags/example_branch_day_of_week_operator.py
[2023-06-19T18:47:27.340+0000] {processor.py:836} INFO - DAG(s) dict_keys(['example_weekday_branch_operator']) retrieved from /home/airflow/.local/lib/python3.7/site-packages/airflow/example_dags/example_branch_day_of_week_operator.py
[2023-06-19T18:47:27.375+0000] {logging_mixin.py:149} INFO - [2023-06-19T18:47:27.375+0000] {dag.py:2726} INFO - Sync 1 DAGs
[2023-06-19T18:47:27.419+0000] {logging_mixin.py:149} INFO - [2023-06-19T18:47:27.419+0000] {dag.py:3490} INFO - Setting next_dagrun for example_weekday_branch_operator to 2023-06-18T00:00:00+00:00, run_after=2023-06-19T00:00:00+00:00
[2023-06-19T18:47:27.487+0000] {processor.py:179} INFO - Processing /home/airflow/.local/lib/python3.7/site-packages/airflow/example_dags/example_branch_day_of_week_operator.py took 0.163 seconds
[2023-06-19T18:47:57.979+0000] {processor.py:157} INFO - Started process (PID=531) to work on /home/airflow/.local/lib/python3.7/site-packages/airflow/example_dags/example_branch_day_of_week_operator.py
[2023-06-19T18:47:57.982+0000] {processor.py:826} INFO - Processing file /home/airflow/.local/lib/python3.7/site-packages/airflow/example_dags/example_branch_day_of_week_operator.py for tasks to queue
[2023-06-19T18:47:57.984+0000] {logging_mixin.py:149} INFO - [2023-06-19T18:47:57.983+0000] {dagbag.py:541} INFO - Filling up the DagBag from /home/airflow/.local/lib/python3.7/site-packages/airflow/example_dags/example_branch_day_of_week_operator.py
[2023-06-19T18:47:58.001+0000] {processor.py:836} INFO - DAG(s) dict_keys(['example_weekday_branch_operator']) retrieved from /home/airflow/.local/lib/python3.7/site-packages/airflow/example_dags/example_branch_day_of_week_operator.py
[2023-06-19T18:47:58.039+0000] {logging_mixin.py:149} INFO - [2023-06-19T18:47:58.039+0000] {dag.py:2726} INFO - Sync 1 DAGs
[2023-06-19T18:47:58.081+0000] {logging_mixin.py:149} INFO - [2023-06-19T18:47:58.080+0000] {dag.py:3490} INFO - Setting next_dagrun for example_weekday_branch_operator to 2023-06-18T00:00:00+00:00, run_after=2023-06-19T00:00:00+00:00
[2023-06-19T18:47:58.118+0000] {processor.py:179} INFO - Processing /home/airflow/.local/lib/python3.7/site-packages/airflow/example_dags/example_branch_day_of_week_operator.py took 0.151 seconds
