[2023-06-19T04:16:11.865+0000] {processor.py:157} INFO - Started process (PID=78) to work on /home/airflow/.local/lib/python3.7/site-packages/airflow/example_dags/example_python_operator.py
[2023-06-19T04:16:11.866+0000] {processor.py:826} INFO - Processing file /home/airflow/.local/lib/python3.7/site-packages/airflow/example_dags/example_python_operator.py for tasks to queue
[2023-06-19T04:16:11.867+0000] {logging_mixin.py:149} INFO - [2023-06-19T04:16:11.867+0000] {dagbag.py:541} INFO - Filling up the DagBag from /home/airflow/.local/lib/python3.7/site-packages/airflow/example_dags/example_python_operator.py
[2023-06-19T04:16:11.884+0000] {logging_mixin.py:149} INFO - [2023-06-19T04:16:11.883+0000] {taskmixin.py:211} WARNING - Dependency <Task(_PythonDecoratedOperator): print_the_context>, log_sql_query already registered for DAG: example_python_operator
[2023-06-19T04:16:11.884+0000] {logging_mixin.py:149} INFO - [2023-06-19T04:16:11.884+0000] {taskmixin.py:211} WARNING - Dependency <Task(_PythonDecoratedOperator): log_sql_query>, print_the_context already registered for DAG: example_python_operator
[2023-06-19T04:16:11.885+0000] {logging_mixin.py:149} INFO - [2023-06-19T04:16:11.885+0000] {taskmixin.py:211} WARNING - Dependency <Task(_PythonDecoratedOperator): print_the_context>, log_sql_query already registered for DAG: example_python_operator
[2023-06-19T04:16:11.885+0000] {logging_mixin.py:149} INFO - [2023-06-19T04:16:11.885+0000] {taskmixin.py:211} WARNING - Dependency <Task(_PythonDecoratedOperator): log_sql_query>, print_the_context already registered for DAG: example_python_operator
[2023-06-19T04:16:11.886+0000] {logging_mixin.py:149} INFO - [2023-06-19T04:16:11.886+0000] {taskmixin.py:211} WARNING - Dependency <Task(_PythonDecoratedOperator): print_the_context>, log_sql_query already registered for DAG: example_python_operator
[2023-06-19T04:16:11.886+0000] {logging_mixin.py:149} INFO - [2023-06-19T04:16:11.886+0000] {taskmixin.py:211} WARNING - Dependency <Task(_PythonDecoratedOperator): log_sql_query>, print_the_context already registered for DAG: example_python_operator
[2023-06-19T04:16:11.887+0000] {logging_mixin.py:149} INFO - [2023-06-19T04:16:11.887+0000] {taskmixin.py:211} WARNING - Dependency <Task(_PythonDecoratedOperator): print_the_context>, log_sql_query already registered for DAG: example_python_operator
[2023-06-19T04:16:11.888+0000] {logging_mixin.py:149} INFO - [2023-06-19T04:16:11.887+0000] {taskmixin.py:211} WARNING - Dependency <Task(_PythonDecoratedOperator): log_sql_query>, print_the_context already registered for DAG: example_python_operator
[2023-06-19T04:16:11.894+0000] {processor.py:836} INFO - DAG(s) dict_keys(['example_python_operator']) retrieved from /home/airflow/.local/lib/python3.7/site-packages/airflow/example_dags/example_python_operator.py
[2023-06-19T04:16:13.539+0000] {logging_mixin.py:149} INFO - [2023-06-19T04:16:13.539+0000] {dag.py:2726} INFO - Sync 1 DAGs
[2023-06-19T04:16:13.569+0000] {logging_mixin.py:149} INFO - [2023-06-19T04:16:13.569+0000] {dag.py:3490} INFO - Setting next_dagrun for example_python_operator to None, run_after=None
[2023-06-19T04:16:13.809+0000] {processor.py:179} INFO - Processing /home/airflow/.local/lib/python3.7/site-packages/airflow/example_dags/example_python_operator.py took 1.949 seconds
[2023-06-19T04:18:02.422+0000] {processor.py:157} INFO - Started process (PID=169) to work on /home/airflow/.local/lib/python3.7/site-packages/airflow/example_dags/example_python_operator.py
[2023-06-19T04:18:02.510+0000] {processor.py:826} INFO - Processing file /home/airflow/.local/lib/python3.7/site-packages/airflow/example_dags/example_python_operator.py for tasks to queue
[2023-06-19T04:18:02.514+0000] {logging_mixin.py:149} INFO - [2023-06-19T04:18:02.513+0000] {dagbag.py:541} INFO - Filling up the DagBag from /home/airflow/.local/lib/python3.7/site-packages/airflow/example_dags/example_python_operator.py
[2023-06-19T04:18:02.660+0000] {logging_mixin.py:149} INFO - [2023-06-19T04:18:02.659+0000] {taskmixin.py:211} WARNING - Dependency <Task(_PythonDecoratedOperator): print_the_context>, log_sql_query already registered for DAG: example_python_operator
[2023-06-19T04:18:02.661+0000] {logging_mixin.py:149} INFO - [2023-06-19T04:18:02.660+0000] {taskmixin.py:211} WARNING - Dependency <Task(_PythonDecoratedOperator): log_sql_query>, print_the_context already registered for DAG: example_python_operator
[2023-06-19T04:18:02.662+0000] {logging_mixin.py:149} INFO - [2023-06-19T04:18:02.662+0000] {taskmixin.py:211} WARNING - Dependency <Task(_PythonDecoratedOperator): print_the_context>, log_sql_query already registered for DAG: example_python_operator
[2023-06-19T04:18:02.663+0000] {logging_mixin.py:149} INFO - [2023-06-19T04:18:02.662+0000] {taskmixin.py:211} WARNING - Dependency <Task(_PythonDecoratedOperator): log_sql_query>, print_the_context already registered for DAG: example_python_operator
[2023-06-19T04:18:02.665+0000] {logging_mixin.py:149} INFO - [2023-06-19T04:18:02.665+0000] {taskmixin.py:211} WARNING - Dependency <Task(_PythonDecoratedOperator): print_the_context>, log_sql_query already registered for DAG: example_python_operator
[2023-06-19T04:18:02.665+0000] {logging_mixin.py:149} INFO - [2023-06-19T04:18:02.665+0000] {taskmixin.py:211} WARNING - Dependency <Task(_PythonDecoratedOperator): log_sql_query>, print_the_context already registered for DAG: example_python_operator
[2023-06-19T04:18:02.668+0000] {logging_mixin.py:149} INFO - [2023-06-19T04:18:02.667+0000] {taskmixin.py:211} WARNING - Dependency <Task(_PythonDecoratedOperator): print_the_context>, log_sql_query already registered for DAG: example_python_operator
[2023-06-19T04:18:02.668+0000] {logging_mixin.py:149} INFO - [2023-06-19T04:18:02.668+0000] {taskmixin.py:211} WARNING - Dependency <Task(_PythonDecoratedOperator): log_sql_query>, print_the_context already registered for DAG: example_python_operator
[2023-06-19T04:18:02.674+0000] {processor.py:836} INFO - DAG(s) dict_keys(['example_python_operator']) retrieved from /home/airflow/.local/lib/python3.7/site-packages/airflow/example_dags/example_python_operator.py
[2023-06-19T04:18:02.929+0000] {logging_mixin.py:149} INFO - [2023-06-19T04:18:02.929+0000] {dag.py:2726} INFO - Sync 1 DAGs
[2023-06-19T04:18:02.982+0000] {logging_mixin.py:149} INFO - [2023-06-19T04:18:02.982+0000] {dag.py:3490} INFO - Setting next_dagrun for example_python_operator to None, run_after=None
[2023-06-19T04:18:03.090+0000] {processor.py:179} INFO - Processing /home/airflow/.local/lib/python3.7/site-packages/airflow/example_dags/example_python_operator.py took 0.676 seconds
[2023-06-19T04:18:33.698+0000] {processor.py:157} INFO - Started process (PID=233) to work on /home/airflow/.local/lib/python3.7/site-packages/airflow/example_dags/example_python_operator.py
[2023-06-19T04:18:33.727+0000] {processor.py:826} INFO - Processing file /home/airflow/.local/lib/python3.7/site-packages/airflow/example_dags/example_python_operator.py for tasks to queue
[2023-06-19T04:18:33.728+0000] {logging_mixin.py:149} INFO - [2023-06-19T04:18:33.728+0000] {dagbag.py:541} INFO - Filling up the DagBag from /home/airflow/.local/lib/python3.7/site-packages/airflow/example_dags/example_python_operator.py
[2023-06-19T04:18:33.740+0000] {logging_mixin.py:149} INFO - [2023-06-19T04:18:33.740+0000] {taskmixin.py:211} WARNING - Dependency <Task(_PythonDecoratedOperator): print_the_context>, log_sql_query already registered for DAG: example_python_operator
[2023-06-19T04:18:33.740+0000] {logging_mixin.py:149} INFO - [2023-06-19T04:18:33.740+0000] {taskmixin.py:211} WARNING - Dependency <Task(_PythonDecoratedOperator): log_sql_query>, print_the_context already registered for DAG: example_python_operator
[2023-06-19T04:18:33.742+0000] {logging_mixin.py:149} INFO - [2023-06-19T04:18:33.742+0000] {taskmixin.py:211} WARNING - Dependency <Task(_PythonDecoratedOperator): print_the_context>, log_sql_query already registered for DAG: example_python_operator
[2023-06-19T04:18:33.742+0000] {logging_mixin.py:149} INFO - [2023-06-19T04:18:33.742+0000] {taskmixin.py:211} WARNING - Dependency <Task(_PythonDecoratedOperator): log_sql_query>, print_the_context already registered for DAG: example_python_operator
[2023-06-19T04:18:33.744+0000] {logging_mixin.py:149} INFO - [2023-06-19T04:18:33.744+0000] {taskmixin.py:211} WARNING - Dependency <Task(_PythonDecoratedOperator): print_the_context>, log_sql_query already registered for DAG: example_python_operator
[2023-06-19T04:18:33.744+0000] {logging_mixin.py:149} INFO - [2023-06-19T04:18:33.744+0000] {taskmixin.py:211} WARNING - Dependency <Task(_PythonDecoratedOperator): log_sql_query>, print_the_context already registered for DAG: example_python_operator
[2023-06-19T04:18:33.746+0000] {logging_mixin.py:149} INFO - [2023-06-19T04:18:33.746+0000] {taskmixin.py:211} WARNING - Dependency <Task(_PythonDecoratedOperator): print_the_context>, log_sql_query already registered for DAG: example_python_operator
[2023-06-19T04:18:33.746+0000] {logging_mixin.py:149} INFO - [2023-06-19T04:18:33.746+0000] {taskmixin.py:211} WARNING - Dependency <Task(_PythonDecoratedOperator): log_sql_query>, print_the_context already registered for DAG: example_python_operator
[2023-06-19T04:18:33.752+0000] {processor.py:836} INFO - DAG(s) dict_keys(['example_python_operator']) retrieved from /home/airflow/.local/lib/python3.7/site-packages/airflow/example_dags/example_python_operator.py
[2023-06-19T04:18:33.808+0000] {logging_mixin.py:149} INFO - [2023-06-19T04:18:33.807+0000] {dag.py:2726} INFO - Sync 1 DAGs
[2023-06-19T04:18:33.877+0000] {logging_mixin.py:149} INFO - [2023-06-19T04:18:33.876+0000] {dag.py:3490} INFO - Setting next_dagrun for example_python_operator to None, run_after=None
[2023-06-19T04:18:33.942+0000] {processor.py:179} INFO - Processing /home/airflow/.local/lib/python3.7/site-packages/airflow/example_dags/example_python_operator.py took 0.249 seconds
[2023-06-19T04:19:03.987+0000] {processor.py:157} INFO - Started process (PID=299) to work on /home/airflow/.local/lib/python3.7/site-packages/airflow/example_dags/example_python_operator.py
[2023-06-19T04:19:03.988+0000] {processor.py:826} INFO - Processing file /home/airflow/.local/lib/python3.7/site-packages/airflow/example_dags/example_python_operator.py for tasks to queue
[2023-06-19T04:19:03.989+0000] {logging_mixin.py:149} INFO - [2023-06-19T04:19:03.989+0000] {dagbag.py:541} INFO - Filling up the DagBag from /home/airflow/.local/lib/python3.7/site-packages/airflow/example_dags/example_python_operator.py
[2023-06-19T04:19:03.997+0000] {logging_mixin.py:149} INFO - [2023-06-19T04:19:03.997+0000] {taskmixin.py:211} WARNING - Dependency <Task(_PythonDecoratedOperator): print_the_context>, log_sql_query already registered for DAG: example_python_operator
[2023-06-19T04:19:03.997+0000] {logging_mixin.py:149} INFO - [2023-06-19T04:19:03.997+0000] {taskmixin.py:211} WARNING - Dependency <Task(_PythonDecoratedOperator): log_sql_query>, print_the_context already registered for DAG: example_python_operator
[2023-06-19T04:19:03.998+0000] {logging_mixin.py:149} INFO - [2023-06-19T04:19:03.998+0000] {taskmixin.py:211} WARNING - Dependency <Task(_PythonDecoratedOperator): print_the_context>, log_sql_query already registered for DAG: example_python_operator
[2023-06-19T04:19:03.998+0000] {logging_mixin.py:149} INFO - [2023-06-19T04:19:03.998+0000] {taskmixin.py:211} WARNING - Dependency <Task(_PythonDecoratedOperator): log_sql_query>, print_the_context already registered for DAG: example_python_operator
[2023-06-19T04:19:03.999+0000] {logging_mixin.py:149} INFO - [2023-06-19T04:19:03.999+0000] {taskmixin.py:211} WARNING - Dependency <Task(_PythonDecoratedOperator): print_the_context>, log_sql_query already registered for DAG: example_python_operator
[2023-06-19T04:19:03.999+0000] {logging_mixin.py:149} INFO - [2023-06-19T04:19:03.999+0000] {taskmixin.py:211} WARNING - Dependency <Task(_PythonDecoratedOperator): log_sql_query>, print_the_context already registered for DAG: example_python_operator
[2023-06-19T04:19:04.000+0000] {logging_mixin.py:149} INFO - [2023-06-19T04:19:04.000+0000] {taskmixin.py:211} WARNING - Dependency <Task(_PythonDecoratedOperator): print_the_context>, log_sql_query already registered for DAG: example_python_operator
[2023-06-19T04:19:04.000+0000] {logging_mixin.py:149} INFO - [2023-06-19T04:19:04.000+0000] {taskmixin.py:211} WARNING - Dependency <Task(_PythonDecoratedOperator): log_sql_query>, print_the_context already registered for DAG: example_python_operator
[2023-06-19T04:19:04.004+0000] {processor.py:836} INFO - DAG(s) dict_keys(['example_python_operator']) retrieved from /home/airflow/.local/lib/python3.7/site-packages/airflow/example_dags/example_python_operator.py
[2023-06-19T04:19:04.039+0000] {logging_mixin.py:149} INFO - [2023-06-19T04:19:04.038+0000] {dag.py:2726} INFO - Sync 1 DAGs
[2023-06-19T04:19:04.072+0000] {logging_mixin.py:149} INFO - [2023-06-19T04:19:04.072+0000] {dag.py:3490} INFO - Setting next_dagrun for example_python_operator to None, run_after=None
[2023-06-19T04:19:04.112+0000] {processor.py:179} INFO - Processing /home/airflow/.local/lib/python3.7/site-packages/airflow/example_dags/example_python_operator.py took 0.129 seconds
[2023-06-19T18:43:38.199+0000] {processor.py:157} INFO - Started process (PID=75) to work on /home/airflow/.local/lib/python3.7/site-packages/airflow/example_dags/example_python_operator.py
[2023-06-19T18:43:38.252+0000] {processor.py:826} INFO - Processing file /home/airflow/.local/lib/python3.7/site-packages/airflow/example_dags/example_python_operator.py for tasks to queue
[2023-06-19T18:43:38.255+0000] {logging_mixin.py:149} INFO - [2023-06-19T18:43:38.254+0000] {dagbag.py:541} INFO - Filling up the DagBag from /home/airflow/.local/lib/python3.7/site-packages/airflow/example_dags/example_python_operator.py
[2023-06-19T18:43:38.308+0000] {logging_mixin.py:149} INFO - [2023-06-19T18:43:38.307+0000] {taskmixin.py:211} WARNING - Dependency <Task(_PythonDecoratedOperator): print_the_context>, log_sql_query already registered for DAG: example_python_operator
[2023-06-19T18:43:38.309+0000] {logging_mixin.py:149} INFO - [2023-06-19T18:43:38.308+0000] {taskmixin.py:211} WARNING - Dependency <Task(_PythonDecoratedOperator): log_sql_query>, print_the_context already registered for DAG: example_python_operator
[2023-06-19T18:43:38.312+0000] {logging_mixin.py:149} INFO - [2023-06-19T18:43:38.312+0000] {taskmixin.py:211} WARNING - Dependency <Task(_PythonDecoratedOperator): print_the_context>, log_sql_query already registered for DAG: example_python_operator
[2023-06-19T18:43:38.313+0000] {logging_mixin.py:149} INFO - [2023-06-19T18:43:38.312+0000] {taskmixin.py:211} WARNING - Dependency <Task(_PythonDecoratedOperator): log_sql_query>, print_the_context already registered for DAG: example_python_operator
[2023-06-19T18:43:38.316+0000] {logging_mixin.py:149} INFO - [2023-06-19T18:43:38.315+0000] {taskmixin.py:211} WARNING - Dependency <Task(_PythonDecoratedOperator): print_the_context>, log_sql_query already registered for DAG: example_python_operator
[2023-06-19T18:43:38.316+0000] {logging_mixin.py:149} INFO - [2023-06-19T18:43:38.316+0000] {taskmixin.py:211} WARNING - Dependency <Task(_PythonDecoratedOperator): log_sql_query>, print_the_context already registered for DAG: example_python_operator
[2023-06-19T18:43:38.319+0000] {logging_mixin.py:149} INFO - [2023-06-19T18:43:38.319+0000] {taskmixin.py:211} WARNING - Dependency <Task(_PythonDecoratedOperator): print_the_context>, log_sql_query already registered for DAG: example_python_operator
[2023-06-19T18:43:38.320+0000] {logging_mixin.py:149} INFO - [2023-06-19T18:43:38.319+0000] {taskmixin.py:211} WARNING - Dependency <Task(_PythonDecoratedOperator): log_sql_query>, print_the_context already registered for DAG: example_python_operator
[2023-06-19T18:43:38.331+0000] {processor.py:836} INFO - DAG(s) dict_keys(['example_python_operator']) retrieved from /home/airflow/.local/lib/python3.7/site-packages/airflow/example_dags/example_python_operator.py
[2023-06-19T18:43:40.129+0000] {logging_mixin.py:149} INFO - [2023-06-19T18:43:40.129+0000] {dag.py:2726} INFO - Sync 1 DAGs
[2023-06-19T18:43:40.171+0000] {logging_mixin.py:149} INFO - [2023-06-19T18:43:40.171+0000] {dag.py:3490} INFO - Setting next_dagrun for example_python_operator to None, run_after=None
[2023-06-19T18:43:40.544+0000] {processor.py:179} INFO - Processing /home/airflow/.local/lib/python3.7/site-packages/airflow/example_dags/example_python_operator.py took 2.349 seconds
[2023-06-19T18:45:18.865+0000] {processor.py:157} INFO - Started process (PID=168) to work on /home/airflow/.local/lib/python3.7/site-packages/airflow/example_dags/example_python_operator.py
[2023-06-19T18:45:18.942+0000] {processor.py:826} INFO - Processing file /home/airflow/.local/lib/python3.7/site-packages/airflow/example_dags/example_python_operator.py for tasks to queue
[2023-06-19T18:45:18.944+0000] {logging_mixin.py:149} INFO - [2023-06-19T18:45:18.943+0000] {dagbag.py:541} INFO - Filling up the DagBag from /home/airflow/.local/lib/python3.7/site-packages/airflow/example_dags/example_python_operator.py
[2023-06-19T18:45:19.031+0000] {logging_mixin.py:149} INFO - [2023-06-19T18:45:19.030+0000] {taskmixin.py:211} WARNING - Dependency <Task(_PythonDecoratedOperator): print_the_context>, log_sql_query already registered for DAG: example_python_operator
[2023-06-19T18:45:19.031+0000] {logging_mixin.py:149} INFO - [2023-06-19T18:45:19.031+0000] {taskmixin.py:211} WARNING - Dependency <Task(_PythonDecoratedOperator): log_sql_query>, print_the_context already registered for DAG: example_python_operator
[2023-06-19T18:45:19.033+0000] {logging_mixin.py:149} INFO - [2023-06-19T18:45:19.033+0000] {taskmixin.py:211} WARNING - Dependency <Task(_PythonDecoratedOperator): print_the_context>, log_sql_query already registered for DAG: example_python_operator
[2023-06-19T18:45:19.033+0000] {logging_mixin.py:149} INFO - [2023-06-19T18:45:19.033+0000] {taskmixin.py:211} WARNING - Dependency <Task(_PythonDecoratedOperator): log_sql_query>, print_the_context already registered for DAG: example_python_operator
[2023-06-19T18:45:19.036+0000] {logging_mixin.py:149} INFO - [2023-06-19T18:45:19.035+0000] {taskmixin.py:211} WARNING - Dependency <Task(_PythonDecoratedOperator): print_the_context>, log_sql_query already registered for DAG: example_python_operator
[2023-06-19T18:45:19.036+0000] {logging_mixin.py:149} INFO - [2023-06-19T18:45:19.036+0000] {taskmixin.py:211} WARNING - Dependency <Task(_PythonDecoratedOperator): log_sql_query>, print_the_context already registered for DAG: example_python_operator
[2023-06-19T18:45:19.039+0000] {logging_mixin.py:149} INFO - [2023-06-19T18:45:19.039+0000] {taskmixin.py:211} WARNING - Dependency <Task(_PythonDecoratedOperator): print_the_context>, log_sql_query already registered for DAG: example_python_operator
[2023-06-19T18:45:19.040+0000] {logging_mixin.py:149} INFO - [2023-06-19T18:45:19.040+0000] {taskmixin.py:211} WARNING - Dependency <Task(_PythonDecoratedOperator): log_sql_query>, print_the_context already registered for DAG: example_python_operator
[2023-06-19T18:45:19.047+0000] {processor.py:836} INFO - DAG(s) dict_keys(['example_python_operator']) retrieved from /home/airflow/.local/lib/python3.7/site-packages/airflow/example_dags/example_python_operator.py
[2023-06-19T18:45:19.091+0000] {logging_mixin.py:149} INFO - [2023-06-19T18:45:19.090+0000] {dag.py:2726} INFO - Sync 1 DAGs
[2023-06-19T18:45:19.280+0000] {logging_mixin.py:149} INFO - [2023-06-19T18:45:19.279+0000] {dag.py:3490} INFO - Setting next_dagrun for example_python_operator to None, run_after=None
[2023-06-19T18:45:19.389+0000] {processor.py:179} INFO - Processing /home/airflow/.local/lib/python3.7/site-packages/airflow/example_dags/example_python_operator.py took 0.538 seconds
[2023-06-19T18:45:49.468+0000] {processor.py:157} INFO - Started process (PID=236) to work on /home/airflow/.local/lib/python3.7/site-packages/airflow/example_dags/example_python_operator.py
[2023-06-19T18:45:49.490+0000] {processor.py:826} INFO - Processing file /home/airflow/.local/lib/python3.7/site-packages/airflow/example_dags/example_python_operator.py for tasks to queue
[2023-06-19T18:45:49.491+0000] {logging_mixin.py:149} INFO - [2023-06-19T18:45:49.491+0000] {dagbag.py:541} INFO - Filling up the DagBag from /home/airflow/.local/lib/python3.7/site-packages/airflow/example_dags/example_python_operator.py
[2023-06-19T18:45:49.504+0000] {logging_mixin.py:149} INFO - [2023-06-19T18:45:49.504+0000] {taskmixin.py:211} WARNING - Dependency <Task(_PythonDecoratedOperator): print_the_context>, log_sql_query already registered for DAG: example_python_operator
[2023-06-19T18:45:49.504+0000] {logging_mixin.py:149} INFO - [2023-06-19T18:45:49.504+0000] {taskmixin.py:211} WARNING - Dependency <Task(_PythonDecoratedOperator): log_sql_query>, print_the_context already registered for DAG: example_python_operator
[2023-06-19T18:45:49.506+0000] {logging_mixin.py:149} INFO - [2023-06-19T18:45:49.506+0000] {taskmixin.py:211} WARNING - Dependency <Task(_PythonDecoratedOperator): print_the_context>, log_sql_query already registered for DAG: example_python_operator
[2023-06-19T18:45:49.507+0000] {logging_mixin.py:149} INFO - [2023-06-19T18:45:49.506+0000] {taskmixin.py:211} WARNING - Dependency <Task(_PythonDecoratedOperator): log_sql_query>, print_the_context already registered for DAG: example_python_operator
[2023-06-19T18:45:49.508+0000] {logging_mixin.py:149} INFO - [2023-06-19T18:45:49.508+0000] {taskmixin.py:211} WARNING - Dependency <Task(_PythonDecoratedOperator): print_the_context>, log_sql_query already registered for DAG: example_python_operator
[2023-06-19T18:45:49.508+0000] {logging_mixin.py:149} INFO - [2023-06-19T18:45:49.508+0000] {taskmixin.py:211} WARNING - Dependency <Task(_PythonDecoratedOperator): log_sql_query>, print_the_context already registered for DAG: example_python_operator
[2023-06-19T18:45:49.510+0000] {logging_mixin.py:149} INFO - [2023-06-19T18:45:49.510+0000] {taskmixin.py:211} WARNING - Dependency <Task(_PythonDecoratedOperator): print_the_context>, log_sql_query already registered for DAG: example_python_operator
[2023-06-19T18:45:49.510+0000] {logging_mixin.py:149} INFO - [2023-06-19T18:45:49.510+0000] {taskmixin.py:211} WARNING - Dependency <Task(_PythonDecoratedOperator): log_sql_query>, print_the_context already registered for DAG: example_python_operator
[2023-06-19T18:45:49.516+0000] {processor.py:836} INFO - DAG(s) dict_keys(['example_python_operator']) retrieved from /home/airflow/.local/lib/python3.7/site-packages/airflow/example_dags/example_python_operator.py
[2023-06-19T18:45:49.558+0000] {logging_mixin.py:149} INFO - [2023-06-19T18:45:49.558+0000] {dag.py:2726} INFO - Sync 1 DAGs
[2023-06-19T18:45:49.603+0000] {logging_mixin.py:149} INFO - [2023-06-19T18:45:49.603+0000] {dag.py:3490} INFO - Setting next_dagrun for example_python_operator to None, run_after=None
[2023-06-19T18:45:49.642+0000] {processor.py:179} INFO - Processing /home/airflow/.local/lib/python3.7/site-packages/airflow/example_dags/example_python_operator.py took 0.180 seconds
[2023-06-19T18:46:20.926+0000] {processor.py:157} INFO - Started process (PID=304) to work on /home/airflow/.local/lib/python3.7/site-packages/airflow/example_dags/example_python_operator.py
[2023-06-19T18:46:20.927+0000] {processor.py:826} INFO - Processing file /home/airflow/.local/lib/python3.7/site-packages/airflow/example_dags/example_python_operator.py for tasks to queue
[2023-06-19T18:46:20.928+0000] {logging_mixin.py:149} INFO - [2023-06-19T18:46:20.928+0000] {dagbag.py:541} INFO - Filling up the DagBag from /home/airflow/.local/lib/python3.7/site-packages/airflow/example_dags/example_python_operator.py
[2023-06-19T18:46:20.936+0000] {logging_mixin.py:149} INFO - [2023-06-19T18:46:20.936+0000] {taskmixin.py:211} WARNING - Dependency <Task(_PythonDecoratedOperator): print_the_context>, log_sql_query already registered for DAG: example_python_operator
[2023-06-19T18:46:20.936+0000] {logging_mixin.py:149} INFO - [2023-06-19T18:46:20.936+0000] {taskmixin.py:211} WARNING - Dependency <Task(_PythonDecoratedOperator): log_sql_query>, print_the_context already registered for DAG: example_python_operator
[2023-06-19T18:46:20.937+0000] {logging_mixin.py:149} INFO - [2023-06-19T18:46:20.937+0000] {taskmixin.py:211} WARNING - Dependency <Task(_PythonDecoratedOperator): print_the_context>, log_sql_query already registered for DAG: example_python_operator
[2023-06-19T18:46:20.937+0000] {logging_mixin.py:149} INFO - [2023-06-19T18:46:20.937+0000] {taskmixin.py:211} WARNING - Dependency <Task(_PythonDecoratedOperator): log_sql_query>, print_the_context already registered for DAG: example_python_operator
[2023-06-19T18:46:20.938+0000] {logging_mixin.py:149} INFO - [2023-06-19T18:46:20.938+0000] {taskmixin.py:211} WARNING - Dependency <Task(_PythonDecoratedOperator): print_the_context>, log_sql_query already registered for DAG: example_python_operator
[2023-06-19T18:46:20.938+0000] {logging_mixin.py:149} INFO - [2023-06-19T18:46:20.938+0000] {taskmixin.py:211} WARNING - Dependency <Task(_PythonDecoratedOperator): log_sql_query>, print_the_context already registered for DAG: example_python_operator
[2023-06-19T18:46:20.939+0000] {logging_mixin.py:149} INFO - [2023-06-19T18:46:20.939+0000] {taskmixin.py:211} WARNING - Dependency <Task(_PythonDecoratedOperator): print_the_context>, log_sql_query already registered for DAG: example_python_operator
[2023-06-19T18:46:20.939+0000] {logging_mixin.py:149} INFO - [2023-06-19T18:46:20.939+0000] {taskmixin.py:211} WARNING - Dependency <Task(_PythonDecoratedOperator): log_sql_query>, print_the_context already registered for DAG: example_python_operator
[2023-06-19T18:46:20.945+0000] {processor.py:836} INFO - DAG(s) dict_keys(['example_python_operator']) retrieved from /home/airflow/.local/lib/python3.7/site-packages/airflow/example_dags/example_python_operator.py
[2023-06-19T18:46:20.998+0000] {logging_mixin.py:149} INFO - [2023-06-19T18:46:20.997+0000] {dag.py:2726} INFO - Sync 1 DAGs
[2023-06-19T18:46:21.042+0000] {logging_mixin.py:149} INFO - [2023-06-19T18:46:21.042+0000] {dag.py:3490} INFO - Setting next_dagrun for example_python_operator to None, run_after=None
[2023-06-19T18:46:21.226+0000] {processor.py:179} INFO - Processing /home/airflow/.local/lib/python3.7/site-packages/airflow/example_dags/example_python_operator.py took 0.305 seconds
[2023-06-19T18:46:51.767+0000] {processor.py:157} INFO - Started process (PID=372) to work on /home/airflow/.local/lib/python3.7/site-packages/airflow/example_dags/example_python_operator.py
[2023-06-19T18:46:51.788+0000] {processor.py:826} INFO - Processing file /home/airflow/.local/lib/python3.7/site-packages/airflow/example_dags/example_python_operator.py for tasks to queue
[2023-06-19T18:46:51.789+0000] {logging_mixin.py:149} INFO - [2023-06-19T18:46:51.789+0000] {dagbag.py:541} INFO - Filling up the DagBag from /home/airflow/.local/lib/python3.7/site-packages/airflow/example_dags/example_python_operator.py
[2023-06-19T18:46:51.801+0000] {logging_mixin.py:149} INFO - [2023-06-19T18:46:51.801+0000] {taskmixin.py:211} WARNING - Dependency <Task(_PythonDecoratedOperator): print_the_context>, log_sql_query already registered for DAG: example_python_operator
[2023-06-19T18:46:51.801+0000] {logging_mixin.py:149} INFO - [2023-06-19T18:46:51.801+0000] {taskmixin.py:211} WARNING - Dependency <Task(_PythonDecoratedOperator): log_sql_query>, print_the_context already registered for DAG: example_python_operator
[2023-06-19T18:46:51.803+0000] {logging_mixin.py:149} INFO - [2023-06-19T18:46:51.803+0000] {taskmixin.py:211} WARNING - Dependency <Task(_PythonDecoratedOperator): print_the_context>, log_sql_query already registered for DAG: example_python_operator
[2023-06-19T18:46:51.803+0000] {logging_mixin.py:149} INFO - [2023-06-19T18:46:51.803+0000] {taskmixin.py:211} WARNING - Dependency <Task(_PythonDecoratedOperator): log_sql_query>, print_the_context already registered for DAG: example_python_operator
[2023-06-19T18:46:51.804+0000] {logging_mixin.py:149} INFO - [2023-06-19T18:46:51.804+0000] {taskmixin.py:211} WARNING - Dependency <Task(_PythonDecoratedOperator): print_the_context>, log_sql_query already registered for DAG: example_python_operator
[2023-06-19T18:46:51.805+0000] {logging_mixin.py:149} INFO - [2023-06-19T18:46:51.805+0000] {taskmixin.py:211} WARNING - Dependency <Task(_PythonDecoratedOperator): log_sql_query>, print_the_context already registered for DAG: example_python_operator
[2023-06-19T18:46:51.806+0000] {logging_mixin.py:149} INFO - [2023-06-19T18:46:51.806+0000] {taskmixin.py:211} WARNING - Dependency <Task(_PythonDecoratedOperator): print_the_context>, log_sql_query already registered for DAG: example_python_operator
[2023-06-19T18:46:51.806+0000] {logging_mixin.py:149} INFO - [2023-06-19T18:46:51.806+0000] {taskmixin.py:211} WARNING - Dependency <Task(_PythonDecoratedOperator): log_sql_query>, print_the_context already registered for DAG: example_python_operator
[2023-06-19T18:46:51.812+0000] {processor.py:836} INFO - DAG(s) dict_keys(['example_python_operator']) retrieved from /home/airflow/.local/lib/python3.7/site-packages/airflow/example_dags/example_python_operator.py
[2023-06-19T18:46:51.853+0000] {logging_mixin.py:149} INFO - [2023-06-19T18:46:51.853+0000] {dag.py:2726} INFO - Sync 1 DAGs
[2023-06-19T18:46:51.898+0000] {logging_mixin.py:149} INFO - [2023-06-19T18:46:51.897+0000] {dag.py:3490} INFO - Setting next_dagrun for example_python_operator to None, run_after=None
[2023-06-19T18:46:51.944+0000] {processor.py:179} INFO - Processing /home/airflow/.local/lib/python3.7/site-packages/airflow/example_dags/example_python_operator.py took 0.182 seconds
[2023-06-19T18:47:23.056+0000] {processor.py:157} INFO - Started process (PID=440) to work on /home/airflow/.local/lib/python3.7/site-packages/airflow/example_dags/example_python_operator.py
[2023-06-19T18:47:23.057+0000] {processor.py:826} INFO - Processing file /home/airflow/.local/lib/python3.7/site-packages/airflow/example_dags/example_python_operator.py for tasks to queue
[2023-06-19T18:47:23.059+0000] {logging_mixin.py:149} INFO - [2023-06-19T18:47:23.058+0000] {dagbag.py:541} INFO - Filling up the DagBag from /home/airflow/.local/lib/python3.7/site-packages/airflow/example_dags/example_python_operator.py
[2023-06-19T18:47:23.067+0000] {logging_mixin.py:149} INFO - [2023-06-19T18:47:23.067+0000] {taskmixin.py:211} WARNING - Dependency <Task(_PythonDecoratedOperator): print_the_context>, log_sql_query already registered for DAG: example_python_operator
[2023-06-19T18:47:23.068+0000] {logging_mixin.py:149} INFO - [2023-06-19T18:47:23.068+0000] {taskmixin.py:211} WARNING - Dependency <Task(_PythonDecoratedOperator): log_sql_query>, print_the_context already registered for DAG: example_python_operator
[2023-06-19T18:47:23.069+0000] {logging_mixin.py:149} INFO - [2023-06-19T18:47:23.068+0000] {taskmixin.py:211} WARNING - Dependency <Task(_PythonDecoratedOperator): print_the_context>, log_sql_query already registered for DAG: example_python_operator
[2023-06-19T18:47:23.069+0000] {logging_mixin.py:149} INFO - [2023-06-19T18:47:23.069+0000] {taskmixin.py:211} WARNING - Dependency <Task(_PythonDecoratedOperator): log_sql_query>, print_the_context already registered for DAG: example_python_operator
[2023-06-19T18:47:23.070+0000] {logging_mixin.py:149} INFO - [2023-06-19T18:47:23.070+0000] {taskmixin.py:211} WARNING - Dependency <Task(_PythonDecoratedOperator): print_the_context>, log_sql_query already registered for DAG: example_python_operator
[2023-06-19T18:47:23.070+0000] {logging_mixin.py:149} INFO - [2023-06-19T18:47:23.070+0000] {taskmixin.py:211} WARNING - Dependency <Task(_PythonDecoratedOperator): log_sql_query>, print_the_context already registered for DAG: example_python_operator
[2023-06-19T18:47:23.071+0000] {logging_mixin.py:149} INFO - [2023-06-19T18:47:23.071+0000] {taskmixin.py:211} WARNING - Dependency <Task(_PythonDecoratedOperator): print_the_context>, log_sql_query already registered for DAG: example_python_operator
[2023-06-19T18:47:23.071+0000] {logging_mixin.py:149} INFO - [2023-06-19T18:47:23.071+0000] {taskmixin.py:211} WARNING - Dependency <Task(_PythonDecoratedOperator): log_sql_query>, print_the_context already registered for DAG: example_python_operator
[2023-06-19T18:47:23.075+0000] {processor.py:836} INFO - DAG(s) dict_keys(['example_python_operator']) retrieved from /home/airflow/.local/lib/python3.7/site-packages/airflow/example_dags/example_python_operator.py
[2023-06-19T18:47:23.121+0000] {logging_mixin.py:149} INFO - [2023-06-19T18:47:23.121+0000] {dag.py:2726} INFO - Sync 1 DAGs
[2023-06-19T18:47:23.167+0000] {logging_mixin.py:149} INFO - [2023-06-19T18:47:23.167+0000] {dag.py:3490} INFO - Setting next_dagrun for example_python_operator to None, run_after=None
[2023-06-19T18:47:23.213+0000] {processor.py:179} INFO - Processing /home/airflow/.local/lib/python3.7/site-packages/airflow/example_dags/example_python_operator.py took 0.163 seconds
[2023-06-19T18:47:53.754+0000] {processor.py:157} INFO - Started process (PID=508) to work on /home/airflow/.local/lib/python3.7/site-packages/airflow/example_dags/example_python_operator.py
[2023-06-19T18:47:53.755+0000] {processor.py:826} INFO - Processing file /home/airflow/.local/lib/python3.7/site-packages/airflow/example_dags/example_python_operator.py for tasks to queue
[2023-06-19T18:47:53.755+0000] {logging_mixin.py:149} INFO - [2023-06-19T18:47:53.755+0000] {dagbag.py:541} INFO - Filling up the DagBag from /home/airflow/.local/lib/python3.7/site-packages/airflow/example_dags/example_python_operator.py
[2023-06-19T18:47:53.764+0000] {logging_mixin.py:149} INFO - [2023-06-19T18:47:53.763+0000] {taskmixin.py:211} WARNING - Dependency <Task(_PythonDecoratedOperator): print_the_context>, log_sql_query already registered for DAG: example_python_operator
[2023-06-19T18:47:53.764+0000] {logging_mixin.py:149} INFO - [2023-06-19T18:47:53.764+0000] {taskmixin.py:211} WARNING - Dependency <Task(_PythonDecoratedOperator): log_sql_query>, print_the_context already registered for DAG: example_python_operator
[2023-06-19T18:47:53.765+0000] {logging_mixin.py:149} INFO - [2023-06-19T18:47:53.764+0000] {taskmixin.py:211} WARNING - Dependency <Task(_PythonDecoratedOperator): print_the_context>, log_sql_query already registered for DAG: example_python_operator
[2023-06-19T18:47:53.765+0000] {logging_mixin.py:149} INFO - [2023-06-19T18:47:53.765+0000] {taskmixin.py:211} WARNING - Dependency <Task(_PythonDecoratedOperator): log_sql_query>, print_the_context already registered for DAG: example_python_operator
[2023-06-19T18:47:53.766+0000] {logging_mixin.py:149} INFO - [2023-06-19T18:47:53.766+0000] {taskmixin.py:211} WARNING - Dependency <Task(_PythonDecoratedOperator): print_the_context>, log_sql_query already registered for DAG: example_python_operator
[2023-06-19T18:47:53.766+0000] {logging_mixin.py:149} INFO - [2023-06-19T18:47:53.766+0000] {taskmixin.py:211} WARNING - Dependency <Task(_PythonDecoratedOperator): log_sql_query>, print_the_context already registered for DAG: example_python_operator
[2023-06-19T18:47:53.767+0000] {logging_mixin.py:149} INFO - [2023-06-19T18:47:53.767+0000] {taskmixin.py:211} WARNING - Dependency <Task(_PythonDecoratedOperator): print_the_context>, log_sql_query already registered for DAG: example_python_operator
[2023-06-19T18:47:53.767+0000] {logging_mixin.py:149} INFO - [2023-06-19T18:47:53.767+0000] {taskmixin.py:211} WARNING - Dependency <Task(_PythonDecoratedOperator): log_sql_query>, print_the_context already registered for DAG: example_python_operator
[2023-06-19T18:47:53.770+0000] {processor.py:836} INFO - DAG(s) dict_keys(['example_python_operator']) retrieved from /home/airflow/.local/lib/python3.7/site-packages/airflow/example_dags/example_python_operator.py
[2023-06-19T18:47:53.816+0000] {logging_mixin.py:149} INFO - [2023-06-19T18:47:53.816+0000] {dag.py:2726} INFO - Sync 1 DAGs
[2023-06-19T18:47:53.855+0000] {logging_mixin.py:149} INFO - [2023-06-19T18:47:53.855+0000] {dag.py:3490} INFO - Setting next_dagrun for example_python_operator to None, run_after=None
[2023-06-19T18:47:53.903+0000] {processor.py:179} INFO - Processing /home/airflow/.local/lib/python3.7/site-packages/airflow/example_dags/example_python_operator.py took 0.153 seconds
