[2023-06-19T04:16:18.313+0000] {processor.py:157} INFO - Started process (PID=99) to work on /home/airflow/.local/lib/python3.7/site-packages/airflow/example_dags/example_local_kubernetes_executor.py
[2023-06-19T04:16:18.314+0000] {processor.py:826} INFO - Processing file /home/airflow/.local/lib/python3.7/site-packages/airflow/example_dags/example_local_kubernetes_executor.py for tasks to queue
[2023-06-19T04:16:18.315+0000] {logging_mixin.py:149} INFO - [2023-06-19T04:16:18.315+0000] {dagbag.py:541} INFO - Filling up the DagBag from /home/airflow/.local/lib/python3.7/site-packages/airflow/example_dags/example_local_kubernetes_executor.py
[2023-06-19T04:16:33.871+0000] {processor.py:836} INFO - DAG(s) dict_keys(['example_local_kubernetes_executor']) retrieved from /home/airflow/.local/lib/python3.7/site-packages/airflow/example_dags/example_local_kubernetes_executor.py
[2023-06-19T04:16:33.934+0000] {logging_mixin.py:149} INFO - [2023-06-19T04:16:33.934+0000] {dag.py:2726} INFO - Sync 1 DAGs
[2023-06-19T04:16:34.839+0000] {logging_mixin.py:149} INFO - [2023-06-19T04:16:34.839+0000] {dag.py:3490} INFO - Setting next_dagrun for example_local_kubernetes_executor to None, run_after=None
[2023-06-19T04:16:35.491+0000] {processor.py:179} INFO - Processing /home/airflow/.local/lib/python3.7/site-packages/airflow/example_dags/example_local_kubernetes_executor.py took 17.182 seconds
[2023-06-19T04:18:09.575+0000] {processor.py:157} INFO - Started process (PID=190) to work on /home/airflow/.local/lib/python3.7/site-packages/airflow/example_dags/example_local_kubernetes_executor.py
[2023-06-19T04:18:09.626+0000] {processor.py:826} INFO - Processing file /home/airflow/.local/lib/python3.7/site-packages/airflow/example_dags/example_local_kubernetes_executor.py for tasks to queue
[2023-06-19T04:18:09.628+0000] {logging_mixin.py:149} INFO - [2023-06-19T04:18:09.627+0000] {dagbag.py:541} INFO - Filling up the DagBag from /home/airflow/.local/lib/python3.7/site-packages/airflow/example_dags/example_local_kubernetes_executor.py
[2023-06-19T04:18:10.249+0000] {processor.py:836} INFO - DAG(s) dict_keys(['example_local_kubernetes_executor']) retrieved from /home/airflow/.local/lib/python3.7/site-packages/airflow/example_dags/example_local_kubernetes_executor.py
[2023-06-19T04:18:10.293+0000] {logging_mixin.py:149} INFO - [2023-06-19T04:18:10.293+0000] {dag.py:2726} INFO - Sync 1 DAGs
[2023-06-19T04:18:10.323+0000] {logging_mixin.py:149} INFO - [2023-06-19T04:18:10.323+0000] {dag.py:3490} INFO - Setting next_dagrun for example_local_kubernetes_executor to None, run_after=None
[2023-06-19T04:18:10.435+0000] {processor.py:179} INFO - Processing /home/airflow/.local/lib/python3.7/site-packages/airflow/example_dags/example_local_kubernetes_executor.py took 0.864 seconds
[2023-06-19T04:18:40.933+0000] {processor.py:157} INFO - Started process (PID=258) to work on /home/airflow/.local/lib/python3.7/site-packages/airflow/example_dags/example_local_kubernetes_executor.py
[2023-06-19T04:18:40.986+0000] {processor.py:826} INFO - Processing file /home/airflow/.local/lib/python3.7/site-packages/airflow/example_dags/example_local_kubernetes_executor.py for tasks to queue
[2023-06-19T04:18:40.987+0000] {logging_mixin.py:149} INFO - [2023-06-19T04:18:40.987+0000] {dagbag.py:541} INFO - Filling up the DagBag from /home/airflow/.local/lib/python3.7/site-packages/airflow/example_dags/example_local_kubernetes_executor.py
[2023-06-19T04:18:41.350+0000] {processor.py:836} INFO - DAG(s) dict_keys(['example_local_kubernetes_executor']) retrieved from /home/airflow/.local/lib/python3.7/site-packages/airflow/example_dags/example_local_kubernetes_executor.py
[2023-06-19T04:18:41.402+0000] {logging_mixin.py:149} INFO - [2023-06-19T04:18:41.402+0000] {dag.py:2726} INFO - Sync 1 DAGs
[2023-06-19T04:18:41.451+0000] {logging_mixin.py:149} INFO - [2023-06-19T04:18:41.451+0000] {dag.py:3490} INFO - Setting next_dagrun for example_local_kubernetes_executor to None, run_after=None
[2023-06-19T04:18:41.599+0000] {processor.py:179} INFO - Processing /home/airflow/.local/lib/python3.7/site-packages/airflow/example_dags/example_local_kubernetes_executor.py took 0.671 seconds
[2023-06-19T18:43:45.339+0000] {processor.py:157} INFO - Started process (PID=97) to work on /home/airflow/.local/lib/python3.7/site-packages/airflow/example_dags/example_local_kubernetes_executor.py
[2023-06-19T18:43:45.406+0000] {processor.py:826} INFO - Processing file /home/airflow/.local/lib/python3.7/site-packages/airflow/example_dags/example_local_kubernetes_executor.py for tasks to queue
[2023-06-19T18:43:45.409+0000] {logging_mixin.py:149} INFO - [2023-06-19T18:43:45.408+0000] {dagbag.py:541} INFO - Filling up the DagBag from /home/airflow/.local/lib/python3.7/site-packages/airflow/example_dags/example_local_kubernetes_executor.py
[2023-06-19T18:43:58.664+0000] {processor.py:836} INFO - DAG(s) dict_keys(['example_local_kubernetes_executor']) retrieved from /home/airflow/.local/lib/python3.7/site-packages/airflow/example_dags/example_local_kubernetes_executor.py
[2023-06-19T18:43:59.065+0000] {logging_mixin.py:149} INFO - [2023-06-19T18:43:59.065+0000] {dag.py:2726} INFO - Sync 1 DAGs
[2023-06-19T18:43:59.487+0000] {logging_mixin.py:149} INFO - [2023-06-19T18:43:59.487+0000] {dag.py:3490} INFO - Setting next_dagrun for example_local_kubernetes_executor to None, run_after=None
[2023-06-19T18:44:00.195+0000] {processor.py:179} INFO - Processing /home/airflow/.local/lib/python3.7/site-packages/airflow/example_dags/example_local_kubernetes_executor.py took 14.860 seconds
[2023-06-19T18:45:24.782+0000] {processor.py:157} INFO - Started process (PID=189) to work on /home/airflow/.local/lib/python3.7/site-packages/airflow/example_dags/example_local_kubernetes_executor.py
[2023-06-19T18:45:24.849+0000] {processor.py:826} INFO - Processing file /home/airflow/.local/lib/python3.7/site-packages/airflow/example_dags/example_local_kubernetes_executor.py for tasks to queue
[2023-06-19T18:45:24.850+0000] {logging_mixin.py:149} INFO - [2023-06-19T18:45:24.850+0000] {dagbag.py:541} INFO - Filling up the DagBag from /home/airflow/.local/lib/python3.7/site-packages/airflow/example_dags/example_local_kubernetes_executor.py
[2023-06-19T18:45:25.399+0000] {processor.py:836} INFO - DAG(s) dict_keys(['example_local_kubernetes_executor']) retrieved from /home/airflow/.local/lib/python3.7/site-packages/airflow/example_dags/example_local_kubernetes_executor.py
[2023-06-19T18:45:25.454+0000] {logging_mixin.py:149} INFO - [2023-06-19T18:45:25.453+0000] {dag.py:2726} INFO - Sync 1 DAGs
[2023-06-19T18:45:25.507+0000] {logging_mixin.py:149} INFO - [2023-06-19T18:45:25.507+0000] {dag.py:3490} INFO - Setting next_dagrun for example_local_kubernetes_executor to None, run_after=None
[2023-06-19T18:45:25.567+0000] {processor.py:179} INFO - Processing /home/airflow/.local/lib/python3.7/site-packages/airflow/example_dags/example_local_kubernetes_executor.py took 0.790 seconds
[2023-06-19T18:45:55.845+0000] {processor.py:157} INFO - Started process (PID=257) to work on /home/airflow/.local/lib/python3.7/site-packages/airflow/example_dags/example_local_kubernetes_executor.py
[2023-06-19T18:45:55.862+0000] {processor.py:826} INFO - Processing file /home/airflow/.local/lib/python3.7/site-packages/airflow/example_dags/example_local_kubernetes_executor.py for tasks to queue
[2023-06-19T18:45:55.863+0000] {logging_mixin.py:149} INFO - [2023-06-19T18:45:55.863+0000] {dagbag.py:541} INFO - Filling up the DagBag from /home/airflow/.local/lib/python3.7/site-packages/airflow/example_dags/example_local_kubernetes_executor.py
[2023-06-19T18:45:56.190+0000] {processor.py:836} INFO - DAG(s) dict_keys(['example_local_kubernetes_executor']) retrieved from /home/airflow/.local/lib/python3.7/site-packages/airflow/example_dags/example_local_kubernetes_executor.py
[2023-06-19T18:45:56.256+0000] {logging_mixin.py:149} INFO - [2023-06-19T18:45:56.256+0000] {dag.py:2726} INFO - Sync 1 DAGs
[2023-06-19T18:45:56.291+0000] {logging_mixin.py:149} INFO - [2023-06-19T18:45:56.291+0000] {dag.py:3490} INFO - Setting next_dagrun for example_local_kubernetes_executor to None, run_after=None
[2023-06-19T18:45:56.346+0000] {processor.py:179} INFO - Processing /home/airflow/.local/lib/python3.7/site-packages/airflow/example_dags/example_local_kubernetes_executor.py took 0.506 seconds
[2023-06-19T18:46:26.465+0000] {processor.py:157} INFO - Started process (PID=326) to work on /home/airflow/.local/lib/python3.7/site-packages/airflow/example_dags/example_local_kubernetes_executor.py
[2023-06-19T18:46:26.466+0000] {processor.py:826} INFO - Processing file /home/airflow/.local/lib/python3.7/site-packages/airflow/example_dags/example_local_kubernetes_executor.py for tasks to queue
[2023-06-19T18:46:26.467+0000] {logging_mixin.py:149} INFO - [2023-06-19T18:46:26.467+0000] {dagbag.py:541} INFO - Filling up the DagBag from /home/airflow/.local/lib/python3.7/site-packages/airflow/example_dags/example_local_kubernetes_executor.py
[2023-06-19T18:46:27.066+0000] {processor.py:836} INFO - DAG(s) dict_keys(['example_local_kubernetes_executor']) retrieved from /home/airflow/.local/lib/python3.7/site-packages/airflow/example_dags/example_local_kubernetes_executor.py
[2023-06-19T18:46:27.110+0000] {logging_mixin.py:149} INFO - [2023-06-19T18:46:27.110+0000] {dag.py:2726} INFO - Sync 1 DAGs
[2023-06-19T18:46:27.150+0000] {logging_mixin.py:149} INFO - [2023-06-19T18:46:27.150+0000] {dag.py:3490} INFO - Setting next_dagrun for example_local_kubernetes_executor to None, run_after=None
[2023-06-19T18:46:27.193+0000] {processor.py:179} INFO - Processing /home/airflow/.local/lib/python3.7/site-packages/airflow/example_dags/example_local_kubernetes_executor.py took 0.732 seconds
[2023-06-19T18:46:58.078+0000] {processor.py:157} INFO - Started process (PID=397) to work on /home/airflow/.local/lib/python3.7/site-packages/airflow/example_dags/example_local_kubernetes_executor.py
[2023-06-19T18:46:58.147+0000] {processor.py:826} INFO - Processing file /home/airflow/.local/lib/python3.7/site-packages/airflow/example_dags/example_local_kubernetes_executor.py for tasks to queue
[2023-06-19T18:46:58.149+0000] {logging_mixin.py:149} INFO - [2023-06-19T18:46:58.149+0000] {dagbag.py:541} INFO - Filling up the DagBag from /home/airflow/.local/lib/python3.7/site-packages/airflow/example_dags/example_local_kubernetes_executor.py
[2023-06-19T18:46:58.517+0000] {processor.py:836} INFO - DAG(s) dict_keys(['example_local_kubernetes_executor']) retrieved from /home/airflow/.local/lib/python3.7/site-packages/airflow/example_dags/example_local_kubernetes_executor.py
[2023-06-19T18:46:58.565+0000] {logging_mixin.py:149} INFO - [2023-06-19T18:46:58.565+0000] {dag.py:2726} INFO - Sync 1 DAGs
[2023-06-19T18:46:58.601+0000] {logging_mixin.py:149} INFO - [2023-06-19T18:46:58.601+0000] {dag.py:3490} INFO - Setting next_dagrun for example_local_kubernetes_executor to None, run_after=None
[2023-06-19T18:46:58.641+0000] {processor.py:179} INFO - Processing /home/airflow/.local/lib/python3.7/site-packages/airflow/example_dags/example_local_kubernetes_executor.py took 0.566 seconds
[2023-06-19T18:47:28.674+0000] {processor.py:157} INFO - Started process (PID=466) to work on /home/airflow/.local/lib/python3.7/site-packages/airflow/example_dags/example_local_kubernetes_executor.py
[2023-06-19T18:47:28.676+0000] {processor.py:826} INFO - Processing file /home/airflow/.local/lib/python3.7/site-packages/airflow/example_dags/example_local_kubernetes_executor.py for tasks to queue
[2023-06-19T18:47:28.677+0000] {logging_mixin.py:149} INFO - [2023-06-19T18:47:28.677+0000] {dagbag.py:541} INFO - Filling up the DagBag from /home/airflow/.local/lib/python3.7/site-packages/airflow/example_dags/example_local_kubernetes_executor.py
[2023-06-19T18:47:29.078+0000] {processor.py:836} INFO - DAG(s) dict_keys(['example_local_kubernetes_executor']) retrieved from /home/airflow/.local/lib/python3.7/site-packages/airflow/example_dags/example_local_kubernetes_executor.py
[2023-06-19T18:47:29.130+0000] {logging_mixin.py:149} INFO - [2023-06-19T18:47:29.130+0000] {dag.py:2726} INFO - Sync 1 DAGs
[2023-06-19T18:47:29.164+0000] {logging_mixin.py:149} INFO - [2023-06-19T18:47:29.164+0000] {dag.py:3490} INFO - Setting next_dagrun for example_local_kubernetes_executor to None, run_after=None
[2023-06-19T18:47:29.201+0000] {processor.py:179} INFO - Processing /home/airflow/.local/lib/python3.7/site-packages/airflow/example_dags/example_local_kubernetes_executor.py took 0.533 seconds
[2023-06-19T18:47:59.332+0000] {processor.py:157} INFO - Started process (PID=535) to work on /home/airflow/.local/lib/python3.7/site-packages/airflow/example_dags/example_local_kubernetes_executor.py
[2023-06-19T18:47:59.333+0000] {processor.py:826} INFO - Processing file /home/airflow/.local/lib/python3.7/site-packages/airflow/example_dags/example_local_kubernetes_executor.py for tasks to queue
[2023-06-19T18:47:59.334+0000] {logging_mixin.py:149} INFO - [2023-06-19T18:47:59.334+0000] {dagbag.py:541} INFO - Filling up the DagBag from /home/airflow/.local/lib/python3.7/site-packages/airflow/example_dags/example_local_kubernetes_executor.py
[2023-06-19T18:47:59.669+0000] {processor.py:836} INFO - DAG(s) dict_keys(['example_local_kubernetes_executor']) retrieved from /home/airflow/.local/lib/python3.7/site-packages/airflow/example_dags/example_local_kubernetes_executor.py
[2023-06-19T18:47:59.718+0000] {logging_mixin.py:149} INFO - [2023-06-19T18:47:59.718+0000] {dag.py:2726} INFO - Sync 1 DAGs
[2023-06-19T18:47:59.754+0000] {logging_mixin.py:149} INFO - [2023-06-19T18:47:59.754+0000] {dag.py:3490} INFO - Setting next_dagrun for example_local_kubernetes_executor to None, run_after=None
[2023-06-19T18:47:59.795+0000] {processor.py:179} INFO - Processing /home/airflow/.local/lib/python3.7/site-packages/airflow/example_dags/example_local_kubernetes_executor.py took 0.467 seconds
