[2023-06-19T04:16:28.518+0000] {processor.py:157} INFO - Started process (PID=109) to work on /home/airflow/.local/lib/python3.7/site-packages/airflow/example_dags/example_params_ui_tutorial.py
[2023-06-19T04:16:28.519+0000] {processor.py:826} INFO - Processing file /home/airflow/.local/lib/python3.7/site-packages/airflow/example_dags/example_params_ui_tutorial.py for tasks to queue
[2023-06-19T04:16:28.520+0000] {logging_mixin.py:149} INFO - [2023-06-19T04:16:28.519+0000] {dagbag.py:541} INFO - Filling up the DagBag from /home/airflow/.local/lib/python3.7/site-packages/airflow/example_dags/example_params_ui_tutorial.py
[2023-06-19T04:16:28.779+0000] {processor.py:836} INFO - DAG(s) dict_keys(['example_params_ui_tutorial']) retrieved from /home/airflow/.local/lib/python3.7/site-packages/airflow/example_dags/example_params_ui_tutorial.py
[2023-06-19T04:16:36.666+0000] {logging_mixin.py:149} INFO - [2023-06-19T04:16:36.666+0000] {dag.py:2726} INFO - Sync 1 DAGs
[2023-06-19T04:16:36.724+0000] {logging_mixin.py:149} INFO - [2023-06-19T04:16:36.724+0000] {dag.py:3490} INFO - Setting next_dagrun for example_params_ui_tutorial to None, run_after=None
[2023-06-19T04:16:37.042+0000] {processor.py:179} INFO - Processing /home/airflow/.local/lib/python3.7/site-packages/airflow/example_dags/example_params_ui_tutorial.py took 8.530 seconds
[2023-06-19T04:18:13.810+0000] {processor.py:157} INFO - Started process (PID=207) to work on /home/airflow/.local/lib/python3.7/site-packages/airflow/example_dags/example_params_ui_tutorial.py
[2023-06-19T04:18:13.811+0000] {processor.py:826} INFO - Processing file /home/airflow/.local/lib/python3.7/site-packages/airflow/example_dags/example_params_ui_tutorial.py for tasks to queue
[2023-06-19T04:18:13.812+0000] {logging_mixin.py:149} INFO - [2023-06-19T04:18:13.812+0000] {dagbag.py:541} INFO - Filling up the DagBag from /home/airflow/.local/lib/python3.7/site-packages/airflow/example_dags/example_params_ui_tutorial.py
[2023-06-19T04:18:14.104+0000] {processor.py:836} INFO - DAG(s) dict_keys(['example_params_ui_tutorial']) retrieved from /home/airflow/.local/lib/python3.7/site-packages/airflow/example_dags/example_params_ui_tutorial.py
[2023-06-19T04:18:14.199+0000] {logging_mixin.py:149} INFO - [2023-06-19T04:18:14.199+0000] {dag.py:2726} INFO - Sync 1 DAGs
[2023-06-19T04:18:14.244+0000] {logging_mixin.py:149} INFO - [2023-06-19T04:18:14.243+0000] {dag.py:3490} INFO - Setting next_dagrun for example_params_ui_tutorial to None, run_after=None
[2023-06-19T04:18:14.311+0000] {processor.py:179} INFO - Processing /home/airflow/.local/lib/python3.7/site-packages/airflow/example_dags/example_params_ui_tutorial.py took 0.507 seconds
[2023-06-19T04:18:44.550+0000] {processor.py:157} INFO - Started process (PID=274) to work on /home/airflow/.local/lib/python3.7/site-packages/airflow/example_dags/example_params_ui_tutorial.py
[2023-06-19T04:18:44.557+0000] {processor.py:826} INFO - Processing file /home/airflow/.local/lib/python3.7/site-packages/airflow/example_dags/example_params_ui_tutorial.py for tasks to queue
[2023-06-19T04:18:44.558+0000] {logging_mixin.py:149} INFO - [2023-06-19T04:18:44.558+0000] {dagbag.py:541} INFO - Filling up the DagBag from /home/airflow/.local/lib/python3.7/site-packages/airflow/example_dags/example_params_ui_tutorial.py
[2023-06-19T04:18:44.696+0000] {processor.py:836} INFO - DAG(s) dict_keys(['example_params_ui_tutorial']) retrieved from /home/airflow/.local/lib/python3.7/site-packages/airflow/example_dags/example_params_ui_tutorial.py
[2023-06-19T04:18:44.817+0000] {logging_mixin.py:149} INFO - [2023-06-19T04:18:44.817+0000] {dag.py:2726} INFO - Sync 1 DAGs
[2023-06-19T04:18:44.854+0000] {logging_mixin.py:149} INFO - [2023-06-19T04:18:44.854+0000] {dag.py:3490} INFO - Setting next_dagrun for example_params_ui_tutorial to None, run_after=None
[2023-06-19T04:18:44.937+0000] {processor.py:179} INFO - Processing /home/airflow/.local/lib/python3.7/site-packages/airflow/example_dags/example_params_ui_tutorial.py took 0.394 seconds
[2023-06-19T18:43:56.100+0000] {processor.py:157} INFO - Started process (PID=107) to work on /home/airflow/.local/lib/python3.7/site-packages/airflow/example_dags/example_params_ui_tutorial.py
[2023-06-19T18:43:56.184+0000] {processor.py:826} INFO - Processing file /home/airflow/.local/lib/python3.7/site-packages/airflow/example_dags/example_params_ui_tutorial.py for tasks to queue
[2023-06-19T18:43:56.185+0000] {logging_mixin.py:149} INFO - [2023-06-19T18:43:56.185+0000] {dagbag.py:541} INFO - Filling up the DagBag from /home/airflow/.local/lib/python3.7/site-packages/airflow/example_dags/example_params_ui_tutorial.py
[2023-06-19T18:43:56.438+0000] {processor.py:836} INFO - DAG(s) dict_keys(['example_params_ui_tutorial']) retrieved from /home/airflow/.local/lib/python3.7/site-packages/airflow/example_dags/example_params_ui_tutorial.py
[2023-06-19T18:43:56.558+0000] {logging_mixin.py:149} INFO - [2023-06-19T18:43:56.558+0000] {dag.py:2726} INFO - Sync 1 DAGs
[2023-06-19T18:43:56.609+0000] {logging_mixin.py:149} INFO - [2023-06-19T18:43:56.608+0000] {dag.py:3490} INFO - Setting next_dagrun for example_params_ui_tutorial to None, run_after=None
[2023-06-19T18:44:00.191+0000] {processor.py:179} INFO - Processing /home/airflow/.local/lib/python3.7/site-packages/airflow/example_dags/example_params_ui_tutorial.py took 4.095 seconds
[2023-06-19T18:45:27.416+0000] {processor.py:157} INFO - Started process (PID=199) to work on /home/airflow/.local/lib/python3.7/site-packages/airflow/example_dags/example_params_ui_tutorial.py
[2023-06-19T18:45:27.443+0000] {processor.py:826} INFO - Processing file /home/airflow/.local/lib/python3.7/site-packages/airflow/example_dags/example_params_ui_tutorial.py for tasks to queue
[2023-06-19T18:45:27.445+0000] {logging_mixin.py:149} INFO - [2023-06-19T18:45:27.444+0000] {dagbag.py:541} INFO - Filling up the DagBag from /home/airflow/.local/lib/python3.7/site-packages/airflow/example_dags/example_params_ui_tutorial.py
[2023-06-19T18:45:27.731+0000] {processor.py:836} INFO - DAG(s) dict_keys(['example_params_ui_tutorial']) retrieved from /home/airflow/.local/lib/python3.7/site-packages/airflow/example_dags/example_params_ui_tutorial.py
[2023-06-19T18:45:27.839+0000] {logging_mixin.py:149} INFO - [2023-06-19T18:45:27.839+0000] {dag.py:2726} INFO - Sync 1 DAGs
[2023-06-19T18:45:27.882+0000] {logging_mixin.py:149} INFO - [2023-06-19T18:45:27.881+0000] {dag.py:3490} INFO - Setting next_dagrun for example_params_ui_tutorial to None, run_after=None
[2023-06-19T18:45:27.939+0000] {processor.py:179} INFO - Processing /home/airflow/.local/lib/python3.7/site-packages/airflow/example_dags/example_params_ui_tutorial.py took 0.530 seconds
[2023-06-19T18:45:58.176+0000] {processor.py:157} INFO - Started process (PID=267) to work on /home/airflow/.local/lib/python3.7/site-packages/airflow/example_dags/example_params_ui_tutorial.py
[2023-06-19T18:45:58.190+0000] {processor.py:826} INFO - Processing file /home/airflow/.local/lib/python3.7/site-packages/airflow/example_dags/example_params_ui_tutorial.py for tasks to queue
[2023-06-19T18:45:58.191+0000] {logging_mixin.py:149} INFO - [2023-06-19T18:45:58.191+0000] {dagbag.py:541} INFO - Filling up the DagBag from /home/airflow/.local/lib/python3.7/site-packages/airflow/example_dags/example_params_ui_tutorial.py
[2023-06-19T18:45:58.280+0000] {processor.py:836} INFO - DAG(s) dict_keys(['example_params_ui_tutorial']) retrieved from /home/airflow/.local/lib/python3.7/site-packages/airflow/example_dags/example_params_ui_tutorial.py
[2023-06-19T18:45:58.423+0000] {logging_mixin.py:149} INFO - [2023-06-19T18:45:58.423+0000] {dag.py:2726} INFO - Sync 1 DAGs
[2023-06-19T18:45:58.483+0000] {logging_mixin.py:149} INFO - [2023-06-19T18:45:58.483+0000] {dag.py:3490} INFO - Setting next_dagrun for example_params_ui_tutorial to None, run_after=None
[2023-06-19T18:45:58.538+0000] {processor.py:179} INFO - Processing /home/airflow/.local/lib/python3.7/site-packages/airflow/example_dags/example_params_ui_tutorial.py took 0.367 seconds
[2023-06-19T18:46:29.370+0000] {processor.py:157} INFO - Started process (PID=335) to work on /home/airflow/.local/lib/python3.7/site-packages/airflow/example_dags/example_params_ui_tutorial.py
[2023-06-19T18:46:29.371+0000] {processor.py:826} INFO - Processing file /home/airflow/.local/lib/python3.7/site-packages/airflow/example_dags/example_params_ui_tutorial.py for tasks to queue
[2023-06-19T18:46:29.371+0000] {logging_mixin.py:149} INFO - [2023-06-19T18:46:29.371+0000] {dagbag.py:541} INFO - Filling up the DagBag from /home/airflow/.local/lib/python3.7/site-packages/airflow/example_dags/example_params_ui_tutorial.py
[2023-06-19T18:46:29.454+0000] {processor.py:836} INFO - DAG(s) dict_keys(['example_params_ui_tutorial']) retrieved from /home/airflow/.local/lib/python3.7/site-packages/airflow/example_dags/example_params_ui_tutorial.py
[2023-06-19T18:46:29.572+0000] {logging_mixin.py:149} INFO - [2023-06-19T18:46:29.572+0000] {dag.py:2726} INFO - Sync 1 DAGs
[2023-06-19T18:46:29.610+0000] {logging_mixin.py:149} INFO - [2023-06-19T18:46:29.610+0000] {dag.py:3490} INFO - Setting next_dagrun for example_params_ui_tutorial to None, run_after=None
[2023-06-19T18:46:29.661+0000] {processor.py:179} INFO - Processing /home/airflow/.local/lib/python3.7/site-packages/airflow/example_dags/example_params_ui_tutorial.py took 0.296 seconds
[2023-06-19T18:46:59.810+0000] {processor.py:157} INFO - Started process (PID=403) to work on /home/airflow/.local/lib/python3.7/site-packages/airflow/example_dags/example_params_ui_tutorial.py
[2023-06-19T18:46:59.823+0000] {processor.py:826} INFO - Processing file /home/airflow/.local/lib/python3.7/site-packages/airflow/example_dags/example_params_ui_tutorial.py for tasks to queue
[2023-06-19T18:46:59.824+0000] {logging_mixin.py:149} INFO - [2023-06-19T18:46:59.824+0000] {dagbag.py:541} INFO - Filling up the DagBag from /home/airflow/.local/lib/python3.7/site-packages/airflow/example_dags/example_params_ui_tutorial.py
[2023-06-19T18:46:59.883+0000] {processor.py:836} INFO - DAG(s) dict_keys(['example_params_ui_tutorial']) retrieved from /home/airflow/.local/lib/python3.7/site-packages/airflow/example_dags/example_params_ui_tutorial.py
[2023-06-19T18:46:59.988+0000] {logging_mixin.py:149} INFO - [2023-06-19T18:46:59.988+0000] {dag.py:2726} INFO - Sync 1 DAGs
[2023-06-19T18:47:00.024+0000] {logging_mixin.py:149} INFO - [2023-06-19T18:47:00.023+0000] {dag.py:3490} INFO - Setting next_dagrun for example_params_ui_tutorial to None, run_after=None
[2023-06-19T18:47:00.060+0000] {processor.py:179} INFO - Processing /home/airflow/.local/lib/python3.7/site-packages/airflow/example_dags/example_params_ui_tutorial.py took 0.254 seconds
[2023-06-19T18:47:30.251+0000] {processor.py:157} INFO - Started process (PID=471) to work on /home/airflow/.local/lib/python3.7/site-packages/airflow/example_dags/example_params_ui_tutorial.py
[2023-06-19T18:47:30.252+0000] {processor.py:826} INFO - Processing file /home/airflow/.local/lib/python3.7/site-packages/airflow/example_dags/example_params_ui_tutorial.py for tasks to queue
[2023-06-19T18:47:30.254+0000] {logging_mixin.py:149} INFO - [2023-06-19T18:47:30.253+0000] {dagbag.py:541} INFO - Filling up the DagBag from /home/airflow/.local/lib/python3.7/site-packages/airflow/example_dags/example_params_ui_tutorial.py
[2023-06-19T18:47:30.344+0000] {processor.py:836} INFO - DAG(s) dict_keys(['example_params_ui_tutorial']) retrieved from /home/airflow/.local/lib/python3.7/site-packages/airflow/example_dags/example_params_ui_tutorial.py
[2023-06-19T18:47:30.493+0000] {logging_mixin.py:149} INFO - [2023-06-19T18:47:30.492+0000] {dag.py:2726} INFO - Sync 1 DAGs
[2023-06-19T18:47:30.544+0000] {logging_mixin.py:149} INFO - [2023-06-19T18:47:30.544+0000] {dag.py:3490} INFO - Setting next_dagrun for example_params_ui_tutorial to None, run_after=None
[2023-06-19T18:47:30.588+0000] {processor.py:179} INFO - Processing /home/airflow/.local/lib/python3.7/site-packages/airflow/example_dags/example_params_ui_tutorial.py took 0.342 seconds
[2023-06-19T18:48:00.840+0000] {processor.py:157} INFO - Started process (PID=539) to work on /home/airflow/.local/lib/python3.7/site-packages/airflow/example_dags/example_params_ui_tutorial.py
[2023-06-19T18:48:00.841+0000] {processor.py:826} INFO - Processing file /home/airflow/.local/lib/python3.7/site-packages/airflow/example_dags/example_params_ui_tutorial.py for tasks to queue
[2023-06-19T18:48:00.842+0000] {logging_mixin.py:149} INFO - [2023-06-19T18:48:00.841+0000] {dagbag.py:541} INFO - Filling up the DagBag from /home/airflow/.local/lib/python3.7/site-packages/airflow/example_dags/example_params_ui_tutorial.py
[2023-06-19T18:48:00.921+0000] {processor.py:836} INFO - DAG(s) dict_keys(['example_params_ui_tutorial']) retrieved from /home/airflow/.local/lib/python3.7/site-packages/airflow/example_dags/example_params_ui_tutorial.py
[2023-06-19T18:48:01.064+0000] {logging_mixin.py:149} INFO - [2023-06-19T18:48:01.064+0000] {dag.py:2726} INFO - Sync 1 DAGs
[2023-06-19T18:48:01.103+0000] {logging_mixin.py:149} INFO - [2023-06-19T18:48:01.103+0000] {dag.py:3490} INFO - Setting next_dagrun for example_params_ui_tutorial to None, run_after=None
[2023-06-19T18:48:01.146+0000] {processor.py:179} INFO - Processing /home/airflow/.local/lib/python3.7/site-packages/airflow/example_dags/example_params_ui_tutorial.py took 0.312 seconds
