[2023-06-19T04:15:51.723+0000] {processor.py:157} INFO - Started process (PID=66) to work on /home/airflow/.local/lib/python3.7/site-packages/airflow/example_dags/example_bash_operator.py
[2023-06-19T04:15:51.727+0000] {processor.py:826} INFO - Processing file /home/airflow/.local/lib/python3.7/site-packages/airflow/example_dags/example_bash_operator.py for tasks to queue
[2023-06-19T04:15:51.790+0000] {logging_mixin.py:149} INFO - [2023-06-19T04:15:51.790+0000] {dagbag.py:541} INFO - Filling up the DagBag from /home/airflow/.local/lib/python3.7/site-packages/airflow/example_dags/example_bash_operator.py
[2023-06-19T04:15:53.752+0000] {processor.py:836} INFO - DAG(s) dict_keys(['example_bash_operator']) retrieved from /home/airflow/.local/lib/python3.7/site-packages/airflow/example_dags/example_bash_operator.py
[2023-06-19T04:15:55.959+0000] {logging_mixin.py:149} INFO - [2023-06-19T04:15:55.958+0000] {dag.py:2726} INFO - Sync 1 DAGs
[2023-06-19T04:16:08.995+0000] {logging_mixin.py:149} INFO - [2023-06-19T04:16:08.994+0000] {dag.py:3490} INFO - Setting next_dagrun for example_bash_operator to 2023-06-18T00:00:00+00:00, run_after=2023-06-19T00:00:00+00:00
[2023-06-19T04:16:10.815+0000] {processor.py:179} INFO - Processing /home/airflow/.local/lib/python3.7/site-packages/airflow/example_dags/example_bash_operator.py took 19.110 seconds
[2023-06-19T04:17:57.698+0000] {processor.py:157} INFO - Started process (PID=164) to work on /home/airflow/.local/lib/python3.7/site-packages/airflow/example_dags/example_bash_operator.py
[2023-06-19T04:17:57.766+0000] {processor.py:826} INFO - Processing file /home/airflow/.local/lib/python3.7/site-packages/airflow/example_dags/example_bash_operator.py for tasks to queue
[2023-06-19T04:17:57.769+0000] {logging_mixin.py:149} INFO - [2023-06-19T04:17:57.769+0000] {dagbag.py:541} INFO - Filling up the DagBag from /home/airflow/.local/lib/python3.7/site-packages/airflow/example_dags/example_bash_operator.py
[2023-06-19T04:17:58.214+0000] {processor.py:836} INFO - DAG(s) dict_keys(['example_bash_operator']) retrieved from /home/airflow/.local/lib/python3.7/site-packages/airflow/example_dags/example_bash_operator.py
[2023-06-19T04:17:58.455+0000] {logging_mixin.py:149} INFO - [2023-06-19T04:17:58.455+0000] {dag.py:2726} INFO - Sync 1 DAGs
[2023-06-19T04:17:58.491+0000] {logging_mixin.py:149} INFO - [2023-06-19T04:17:58.491+0000] {dag.py:3490} INFO - Setting next_dagrun for example_bash_operator to 2023-06-18T00:00:00+00:00, run_after=2023-06-19T00:00:00+00:00
[2023-06-19T04:17:58.774+0000] {processor.py:179} INFO - Processing /home/airflow/.local/lib/python3.7/site-packages/airflow/example_dags/example_bash_operator.py took 1.080 seconds
[2023-06-19T04:18:28.950+0000] {processor.py:157} INFO - Started process (PID=227) to work on /home/airflow/.local/lib/python3.7/site-packages/airflow/example_dags/example_bash_operator.py
[2023-06-19T04:18:28.994+0000] {processor.py:826} INFO - Processing file /home/airflow/.local/lib/python3.7/site-packages/airflow/example_dags/example_bash_operator.py for tasks to queue
[2023-06-19T04:18:28.998+0000] {logging_mixin.py:149} INFO - [2023-06-19T04:18:28.997+0000] {dagbag.py:541} INFO - Filling up the DagBag from /home/airflow/.local/lib/python3.7/site-packages/airflow/example_dags/example_bash_operator.py
[2023-06-19T04:18:29.040+0000] {processor.py:836} INFO - DAG(s) dict_keys(['example_bash_operator']) retrieved from /home/airflow/.local/lib/python3.7/site-packages/airflow/example_dags/example_bash_operator.py
[2023-06-19T04:18:29.090+0000] {logging_mixin.py:149} INFO - [2023-06-19T04:18:29.090+0000] {dag.py:2726} INFO - Sync 1 DAGs
[2023-06-19T04:18:29.125+0000] {logging_mixin.py:149} INFO - [2023-06-19T04:18:29.125+0000] {dag.py:3490} INFO - Setting next_dagrun for example_bash_operator to 2023-06-18T00:00:00+00:00, run_after=2023-06-19T00:00:00+00:00
[2023-06-19T04:18:29.214+0000] {processor.py:179} INFO - Processing /home/airflow/.local/lib/python3.7/site-packages/airflow/example_dags/example_bash_operator.py took 0.273 seconds
[2023-06-19T04:18:59.318+0000] {processor.py:157} INFO - Started process (PID=294) to work on /home/airflow/.local/lib/python3.7/site-packages/airflow/example_dags/example_bash_operator.py
[2023-06-19T04:18:59.345+0000] {processor.py:826} INFO - Processing file /home/airflow/.local/lib/python3.7/site-packages/airflow/example_dags/example_bash_operator.py for tasks to queue
[2023-06-19T04:18:59.346+0000] {logging_mixin.py:149} INFO - [2023-06-19T04:18:59.346+0000] {dagbag.py:541} INFO - Filling up the DagBag from /home/airflow/.local/lib/python3.7/site-packages/airflow/example_dags/example_bash_operator.py
[2023-06-19T04:18:59.366+0000] {processor.py:836} INFO - DAG(s) dict_keys(['example_bash_operator']) retrieved from /home/airflow/.local/lib/python3.7/site-packages/airflow/example_dags/example_bash_operator.py
[2023-06-19T04:18:59.419+0000] {logging_mixin.py:149} INFO - [2023-06-19T04:18:59.419+0000] {dag.py:2726} INFO - Sync 1 DAGs
[2023-06-19T04:18:59.454+0000] {logging_mixin.py:149} INFO - [2023-06-19T04:18:59.454+0000] {dag.py:3490} INFO - Setting next_dagrun for example_bash_operator to 2023-06-18T00:00:00+00:00, run_after=2023-06-19T00:00:00+00:00
[2023-06-19T04:18:59.499+0000] {processor.py:179} INFO - Processing /home/airflow/.local/lib/python3.7/site-packages/airflow/example_dags/example_bash_operator.py took 0.184 seconds
[2023-06-19T18:43:20.255+0000] {processor.py:157} INFO - Started process (PID=63) to work on /home/airflow/.local/lib/python3.7/site-packages/airflow/example_dags/example_bash_operator.py
[2023-06-19T18:43:20.290+0000] {processor.py:826} INFO - Processing file /home/airflow/.local/lib/python3.7/site-packages/airflow/example_dags/example_bash_operator.py for tasks to queue
[2023-06-19T18:43:20.396+0000] {logging_mixin.py:149} INFO - [2023-06-19T18:43:20.395+0000] {dagbag.py:541} INFO - Filling up the DagBag from /home/airflow/.local/lib/python3.7/site-packages/airflow/example_dags/example_bash_operator.py
[2023-06-19T18:43:22.371+0000] {processor.py:836} INFO - DAG(s) dict_keys(['example_bash_operator']) retrieved from /home/airflow/.local/lib/python3.7/site-packages/airflow/example_dags/example_bash_operator.py
[2023-06-19T18:43:23.680+0000] {logging_mixin.py:149} INFO - [2023-06-19T18:43:23.603+0000] {dag.py:2726} INFO - Sync 1 DAGs
[2023-06-19T18:43:34.579+0000] {logging_mixin.py:149} INFO - [2023-06-19T18:43:34.579+0000] {dag.py:3490} INFO - Setting next_dagrun for example_bash_operator to 2023-06-18T00:00:00+00:00, run_after=2023-06-19T00:00:00+00:00
[2023-06-19T18:43:36.438+0000] {processor.py:179} INFO - Processing /home/airflow/.local/lib/python3.7/site-packages/airflow/example_dags/example_bash_operator.py took 16.195 seconds
[2023-06-19T18:45:11.168+0000] {processor.py:157} INFO - Started process (PID=148) to work on /home/airflow/.local/lib/python3.7/site-packages/airflow/example_dags/example_bash_operator.py
[2023-06-19T18:45:11.199+0000] {processor.py:826} INFO - Processing file /home/airflow/.local/lib/python3.7/site-packages/airflow/example_dags/example_bash_operator.py for tasks to queue
[2023-06-19T18:45:11.200+0000] {logging_mixin.py:149} INFO - [2023-06-19T18:45:11.200+0000] {dagbag.py:541} INFO - Filling up the DagBag from /home/airflow/.local/lib/python3.7/site-packages/airflow/example_dags/example_bash_operator.py
[2023-06-19T18:45:11.370+0000] {processor.py:836} INFO - DAG(s) dict_keys(['example_bash_operator']) retrieved from /home/airflow/.local/lib/python3.7/site-packages/airflow/example_dags/example_bash_operator.py
[2023-06-19T18:45:11.558+0000] {logging_mixin.py:149} INFO - [2023-06-19T18:45:11.558+0000] {dag.py:2726} INFO - Sync 1 DAGs
[2023-06-19T18:45:11.597+0000] {logging_mixin.py:149} INFO - [2023-06-19T18:45:11.596+0000] {dag.py:3490} INFO - Setting next_dagrun for example_bash_operator to 2023-06-18T00:00:00+00:00, run_after=2023-06-19T00:00:00+00:00
[2023-06-19T18:45:11.783+0000] {processor.py:179} INFO - Processing /home/airflow/.local/lib/python3.7/site-packages/airflow/example_dags/example_bash_operator.py took 0.619 seconds
[2023-06-19T18:45:41.916+0000] {processor.py:157} INFO - Started process (PID=215) to work on /home/airflow/.local/lib/python3.7/site-packages/airflow/example_dags/example_bash_operator.py
[2023-06-19T18:45:41.934+0000] {processor.py:826} INFO - Processing file /home/airflow/.local/lib/python3.7/site-packages/airflow/example_dags/example_bash_operator.py for tasks to queue
[2023-06-19T18:45:41.935+0000] {logging_mixin.py:149} INFO - [2023-06-19T18:45:41.935+0000] {dagbag.py:541} INFO - Filling up the DagBag from /home/airflow/.local/lib/python3.7/site-packages/airflow/example_dags/example_bash_operator.py
[2023-06-19T18:45:41.953+0000] {processor.py:836} INFO - DAG(s) dict_keys(['example_bash_operator']) retrieved from /home/airflow/.local/lib/python3.7/site-packages/airflow/example_dags/example_bash_operator.py
[2023-06-19T18:45:42.010+0000] {logging_mixin.py:149} INFO - [2023-06-19T18:45:42.010+0000] {dag.py:2726} INFO - Sync 1 DAGs
[2023-06-19T18:45:42.046+0000] {logging_mixin.py:149} INFO - [2023-06-19T18:45:42.046+0000] {dag.py:3490} INFO - Setting next_dagrun for example_bash_operator to 2023-06-18T00:00:00+00:00, run_after=2023-06-19T00:00:00+00:00
[2023-06-19T18:45:42.116+0000] {processor.py:179} INFO - Processing /home/airflow/.local/lib/python3.7/site-packages/airflow/example_dags/example_bash_operator.py took 0.205 seconds
[2023-06-19T18:46:12.277+0000] {processor.py:157} INFO - Started process (PID=283) to work on /home/airflow/.local/lib/python3.7/site-packages/airflow/example_dags/example_bash_operator.py
[2023-06-19T18:46:12.278+0000] {processor.py:826} INFO - Processing file /home/airflow/.local/lib/python3.7/site-packages/airflow/example_dags/example_bash_operator.py for tasks to queue
[2023-06-19T18:46:12.279+0000] {logging_mixin.py:149} INFO - [2023-06-19T18:46:12.278+0000] {dagbag.py:541} INFO - Filling up the DagBag from /home/airflow/.local/lib/python3.7/site-packages/airflow/example_dags/example_bash_operator.py
[2023-06-19T18:46:12.297+0000] {processor.py:836} INFO - DAG(s) dict_keys(['example_bash_operator']) retrieved from /home/airflow/.local/lib/python3.7/site-packages/airflow/example_dags/example_bash_operator.py
[2023-06-19T18:46:12.347+0000] {logging_mixin.py:149} INFO - [2023-06-19T18:46:12.347+0000] {dag.py:2726} INFO - Sync 1 DAGs
[2023-06-19T18:46:12.388+0000] {logging_mixin.py:149} INFO - [2023-06-19T18:46:12.388+0000] {dag.py:3490} INFO - Setting next_dagrun for example_bash_operator to 2023-06-18T00:00:00+00:00, run_after=2023-06-19T00:00:00+00:00
[2023-06-19T18:46:12.418+0000] {processor.py:179} INFO - Processing /home/airflow/.local/lib/python3.7/site-packages/airflow/example_dags/example_bash_operator.py took 0.146 seconds
[2023-06-19T18:46:42.692+0000] {processor.py:157} INFO - Started process (PID=351) to work on /home/airflow/.local/lib/python3.7/site-packages/airflow/example_dags/example_bash_operator.py
[2023-06-19T18:46:42.693+0000] {processor.py:826} INFO - Processing file /home/airflow/.local/lib/python3.7/site-packages/airflow/example_dags/example_bash_operator.py for tasks to queue
[2023-06-19T18:46:42.694+0000] {logging_mixin.py:149} INFO - [2023-06-19T18:46:42.694+0000] {dagbag.py:541} INFO - Filling up the DagBag from /home/airflow/.local/lib/python3.7/site-packages/airflow/example_dags/example_bash_operator.py
[2023-06-19T18:46:42.712+0000] {processor.py:836} INFO - DAG(s) dict_keys(['example_bash_operator']) retrieved from /home/airflow/.local/lib/python3.7/site-packages/airflow/example_dags/example_bash_operator.py
[2023-06-19T18:46:42.763+0000] {logging_mixin.py:149} INFO - [2023-06-19T18:46:42.762+0000] {dag.py:2726} INFO - Sync 1 DAGs
[2023-06-19T18:46:42.798+0000] {logging_mixin.py:149} INFO - [2023-06-19T18:46:42.798+0000] {dag.py:3490} INFO - Setting next_dagrun for example_bash_operator to 2023-06-18T00:00:00+00:00, run_after=2023-06-19T00:00:00+00:00
[2023-06-19T18:46:42.833+0000] {processor.py:179} INFO - Processing /home/airflow/.local/lib/python3.7/site-packages/airflow/example_dags/example_bash_operator.py took 0.146 seconds
[2023-06-19T18:47:12.909+0000] {processor.py:157} INFO - Started process (PID=419) to work on /home/airflow/.local/lib/python3.7/site-packages/airflow/example_dags/example_bash_operator.py
[2023-06-19T18:47:12.911+0000] {processor.py:826} INFO - Processing file /home/airflow/.local/lib/python3.7/site-packages/airflow/example_dags/example_bash_operator.py for tasks to queue
[2023-06-19T18:47:12.912+0000] {logging_mixin.py:149} INFO - [2023-06-19T18:47:12.912+0000] {dagbag.py:541} INFO - Filling up the DagBag from /home/airflow/.local/lib/python3.7/site-packages/airflow/example_dags/example_bash_operator.py
[2023-06-19T18:47:13.007+0000] {processor.py:836} INFO - DAG(s) dict_keys(['example_bash_operator']) retrieved from /home/airflow/.local/lib/python3.7/site-packages/airflow/example_dags/example_bash_operator.py
[2023-06-19T18:47:13.079+0000] {logging_mixin.py:149} INFO - [2023-06-19T18:47:13.078+0000] {dag.py:2726} INFO - Sync 1 DAGs
[2023-06-19T18:47:13.132+0000] {logging_mixin.py:149} INFO - [2023-06-19T18:47:13.132+0000] {dag.py:3490} INFO - Setting next_dagrun for example_bash_operator to 2023-06-18T00:00:00+00:00, run_after=2023-06-19T00:00:00+00:00
[2023-06-19T18:47:13.263+0000] {processor.py:179} INFO - Processing /home/airflow/.local/lib/python3.7/site-packages/airflow/example_dags/example_bash_operator.py took 0.360 seconds
[2023-06-19T18:47:43.318+0000] {processor.py:157} INFO - Started process (PID=487) to work on /home/airflow/.local/lib/python3.7/site-packages/airflow/example_dags/example_bash_operator.py
[2023-06-19T18:47:43.338+0000] {processor.py:826} INFO - Processing file /home/airflow/.local/lib/python3.7/site-packages/airflow/example_dags/example_bash_operator.py for tasks to queue
[2023-06-19T18:47:43.340+0000] {logging_mixin.py:149} INFO - [2023-06-19T18:47:43.339+0000] {dagbag.py:541} INFO - Filling up the DagBag from /home/airflow/.local/lib/python3.7/site-packages/airflow/example_dags/example_bash_operator.py
[2023-06-19T18:47:43.360+0000] {processor.py:836} INFO - DAG(s) dict_keys(['example_bash_operator']) retrieved from /home/airflow/.local/lib/python3.7/site-packages/airflow/example_dags/example_bash_operator.py
[2023-06-19T18:47:43.416+0000] {logging_mixin.py:149} INFO - [2023-06-19T18:47:43.416+0000] {dag.py:2726} INFO - Sync 1 DAGs
[2023-06-19T18:47:43.451+0000] {logging_mixin.py:149} INFO - [2023-06-19T18:47:43.451+0000] {dag.py:3490} INFO - Setting next_dagrun for example_bash_operator to 2023-06-18T00:00:00+00:00, run_after=2023-06-19T00:00:00+00:00
[2023-06-19T18:47:43.498+0000] {processor.py:179} INFO - Processing /home/airflow/.local/lib/python3.7/site-packages/airflow/example_dags/example_bash_operator.py took 0.184 seconds
