[2023-06-19T04:16:27.466+0000] {processor.py:157} INFO - Started process (PID=107) to work on /home/airflow/.local/lib/python3.7/site-packages/airflow/example_dags/example_external_task_marker_dag.py
[2023-06-19T04:16:27.468+0000] {processor.py:826} INFO - Processing file /home/airflow/.local/lib/python3.7/site-packages/airflow/example_dags/example_external_task_marker_dag.py for tasks to queue
[2023-06-19T04:16:27.470+0000] {logging_mixin.py:149} INFO - [2023-06-19T04:16:27.469+0000] {dagbag.py:541} INFO - Filling up the DagBag from /home/airflow/.local/lib/python3.7/site-packages/airflow/example_dags/example_external_task_marker_dag.py
[2023-06-19T04:16:27.483+0000] {processor.py:836} INFO - DAG(s) dict_keys(['example_external_task_marker_parent', 'example_external_task_marker_child']) retrieved from /home/airflow/.local/lib/python3.7/site-packages/airflow/example_dags/example_external_task_marker_dag.py
[2023-06-19T04:16:27.605+0000] {logging_mixin.py:149} INFO - [2023-06-19T04:16:27.604+0000] {dag.py:2726} INFO - Sync 2 DAGs
[2023-06-19T04:16:27.669+0000] {logging_mixin.py:149} INFO - [2023-06-19T04:16:27.669+0000] {dag.py:3490} INFO - Setting next_dagrun for example_external_task_marker_child to None, run_after=None
[2023-06-19T04:16:27.674+0000] {logging_mixin.py:149} INFO - [2023-06-19T04:16:27.674+0000] {dag.py:3490} INFO - Setting next_dagrun for example_external_task_marker_parent to None, run_after=None
[2023-06-19T04:16:27.774+0000] {processor.py:179} INFO - Processing /home/airflow/.local/lib/python3.7/site-packages/airflow/example_dags/example_external_task_marker_dag.py took 0.319 seconds
[2023-06-19T04:18:12.693+0000] {processor.py:157} INFO - Started process (PID=205) to work on /home/airflow/.local/lib/python3.7/site-packages/airflow/example_dags/example_external_task_marker_dag.py
[2023-06-19T04:18:12.721+0000] {processor.py:826} INFO - Processing file /home/airflow/.local/lib/python3.7/site-packages/airflow/example_dags/example_external_task_marker_dag.py for tasks to queue
[2023-06-19T04:18:12.723+0000] {logging_mixin.py:149} INFO - [2023-06-19T04:18:12.723+0000] {dagbag.py:541} INFO - Filling up the DagBag from /home/airflow/.local/lib/python3.7/site-packages/airflow/example_dags/example_external_task_marker_dag.py
[2023-06-19T04:18:13.138+0000] {processor.py:836} INFO - DAG(s) dict_keys(['example_external_task_marker_parent', 'example_external_task_marker_child']) retrieved from /home/airflow/.local/lib/python3.7/site-packages/airflow/example_dags/example_external_task_marker_dag.py
[2023-06-19T04:18:13.191+0000] {logging_mixin.py:149} INFO - [2023-06-19T04:18:13.191+0000] {dag.py:2726} INFO - Sync 2 DAGs
[2023-06-19T04:18:13.227+0000] {logging_mixin.py:149} INFO - [2023-06-19T04:18:13.227+0000] {dag.py:3490} INFO - Setting next_dagrun for example_external_task_marker_child to None, run_after=None
[2023-06-19T04:18:13.231+0000] {logging_mixin.py:149} INFO - [2023-06-19T04:18:13.231+0000] {dag.py:3490} INFO - Setting next_dagrun for example_external_task_marker_parent to None, run_after=None
[2023-06-19T04:18:13.367+0000] {processor.py:179} INFO - Processing /home/airflow/.local/lib/python3.7/site-packages/airflow/example_dags/example_external_task_marker_dag.py took 0.696 seconds
[2023-06-19T04:18:43.905+0000] {processor.py:157} INFO - Started process (PID=272) to work on /home/airflow/.local/lib/python3.7/site-packages/airflow/example_dags/example_external_task_marker_dag.py
[2023-06-19T04:18:43.971+0000] {processor.py:826} INFO - Processing file /home/airflow/.local/lib/python3.7/site-packages/airflow/example_dags/example_external_task_marker_dag.py for tasks to queue
[2023-06-19T04:18:43.973+0000] {logging_mixin.py:149} INFO - [2023-06-19T04:18:43.973+0000] {dagbag.py:541} INFO - Filling up the DagBag from /home/airflow/.local/lib/python3.7/site-packages/airflow/example_dags/example_external_task_marker_dag.py
[2023-06-19T04:18:43.995+0000] {processor.py:836} INFO - DAG(s) dict_keys(['example_external_task_marker_child', 'example_external_task_marker_parent']) retrieved from /home/airflow/.local/lib/python3.7/site-packages/airflow/example_dags/example_external_task_marker_dag.py
[2023-06-19T04:18:44.052+0000] {logging_mixin.py:149} INFO - [2023-06-19T04:18:44.052+0000] {dag.py:2726} INFO - Sync 2 DAGs
[2023-06-19T04:18:44.102+0000] {logging_mixin.py:149} INFO - [2023-06-19T04:18:44.102+0000] {dag.py:3490} INFO - Setting next_dagrun for example_external_task_marker_child to None, run_after=None
[2023-06-19T04:18:44.108+0000] {logging_mixin.py:149} INFO - [2023-06-19T04:18:44.108+0000] {dag.py:3490} INFO - Setting next_dagrun for example_external_task_marker_parent to None, run_after=None
[2023-06-19T04:18:44.259+0000] {processor.py:179} INFO - Processing /home/airflow/.local/lib/python3.7/site-packages/airflow/example_dags/example_external_task_marker_dag.py took 0.358 seconds
[2023-06-19T18:43:55.114+0000] {processor.py:157} INFO - Started process (PID=105) to work on /home/airflow/.local/lib/python3.7/site-packages/airflow/example_dags/example_external_task_marker_dag.py
[2023-06-19T18:43:55.115+0000] {processor.py:826} INFO - Processing file /home/airflow/.local/lib/python3.7/site-packages/airflow/example_dags/example_external_task_marker_dag.py for tasks to queue
[2023-06-19T18:43:55.117+0000] {logging_mixin.py:149} INFO - [2023-06-19T18:43:55.116+0000] {dagbag.py:541} INFO - Filling up the DagBag from /home/airflow/.local/lib/python3.7/site-packages/airflow/example_dags/example_external_task_marker_dag.py
[2023-06-19T18:43:55.126+0000] {processor.py:836} INFO - DAG(s) dict_keys(['example_external_task_marker_child', 'example_external_task_marker_parent']) retrieved from /home/airflow/.local/lib/python3.7/site-packages/airflow/example_dags/example_external_task_marker_dag.py
[2023-06-19T18:43:55.162+0000] {logging_mixin.py:149} INFO - [2023-06-19T18:43:55.162+0000] {dag.py:2726} INFO - Sync 2 DAGs
[2023-06-19T18:43:55.196+0000] {logging_mixin.py:149} INFO - [2023-06-19T18:43:55.196+0000] {dag.py:3490} INFO - Setting next_dagrun for example_external_task_marker_child to None, run_after=None
[2023-06-19T18:43:55.200+0000] {logging_mixin.py:149} INFO - [2023-06-19T18:43:55.200+0000] {dag.py:3490} INFO - Setting next_dagrun for example_external_task_marker_parent to None, run_after=None
[2023-06-19T18:43:55.348+0000] {processor.py:179} INFO - Processing /home/airflow/.local/lib/python3.7/site-packages/airflow/example_dags/example_external_task_marker_dag.py took 0.239 seconds
[2023-06-19T18:45:26.994+0000] {processor.py:157} INFO - Started process (PID=197) to work on /home/airflow/.local/lib/python3.7/site-packages/airflow/example_dags/example_external_task_marker_dag.py
[2023-06-19T18:45:26.995+0000] {processor.py:826} INFO - Processing file /home/airflow/.local/lib/python3.7/site-packages/airflow/example_dags/example_external_task_marker_dag.py for tasks to queue
[2023-06-19T18:45:26.996+0000] {logging_mixin.py:149} INFO - [2023-06-19T18:45:26.996+0000] {dagbag.py:541} INFO - Filling up the DagBag from /home/airflow/.local/lib/python3.7/site-packages/airflow/example_dags/example_external_task_marker_dag.py
[2023-06-19T18:45:27.006+0000] {processor.py:836} INFO - DAG(s) dict_keys(['example_external_task_marker_parent', 'example_external_task_marker_child']) retrieved from /home/airflow/.local/lib/python3.7/site-packages/airflow/example_dags/example_external_task_marker_dag.py
[2023-06-19T18:45:27.258+0000] {logging_mixin.py:149} INFO - [2023-06-19T18:45:27.258+0000] {dag.py:2726} INFO - Sync 2 DAGs
[2023-06-19T18:45:27.314+0000] {logging_mixin.py:149} INFO - [2023-06-19T18:45:27.314+0000] {dag.py:3490} INFO - Setting next_dagrun for example_external_task_marker_child to None, run_after=None
[2023-06-19T18:45:27.321+0000] {logging_mixin.py:149} INFO - [2023-06-19T18:45:27.321+0000] {dag.py:3490} INFO - Setting next_dagrun for example_external_task_marker_parent to None, run_after=None
[2023-06-19T18:45:27.373+0000] {processor.py:179} INFO - Processing /home/airflow/.local/lib/python3.7/site-packages/airflow/example_dags/example_external_task_marker_dag.py took 0.384 seconds
[2023-06-19T18:45:57.960+0000] {processor.py:157} INFO - Started process (PID=265) to work on /home/airflow/.local/lib/python3.7/site-packages/airflow/example_dags/example_external_task_marker_dag.py
[2023-06-19T18:45:57.961+0000] {processor.py:826} INFO - Processing file /home/airflow/.local/lib/python3.7/site-packages/airflow/example_dags/example_external_task_marker_dag.py for tasks to queue
[2023-06-19T18:45:57.962+0000] {logging_mixin.py:149} INFO - [2023-06-19T18:45:57.962+0000] {dagbag.py:541} INFO - Filling up the DagBag from /home/airflow/.local/lib/python3.7/site-packages/airflow/example_dags/example_external_task_marker_dag.py
[2023-06-19T18:45:57.969+0000] {processor.py:836} INFO - DAG(s) dict_keys(['example_external_task_marker_parent', 'example_external_task_marker_child']) retrieved from /home/airflow/.local/lib/python3.7/site-packages/airflow/example_dags/example_external_task_marker_dag.py
[2023-06-19T18:45:58.016+0000] {logging_mixin.py:149} INFO - [2023-06-19T18:45:58.016+0000] {dag.py:2726} INFO - Sync 2 DAGs
[2023-06-19T18:45:58.074+0000] {logging_mixin.py:149} INFO - [2023-06-19T18:45:58.074+0000] {dag.py:3490} INFO - Setting next_dagrun for example_external_task_marker_child to None, run_after=None
[2023-06-19T18:45:58.079+0000] {logging_mixin.py:149} INFO - [2023-06-19T18:45:58.079+0000] {dag.py:3490} INFO - Setting next_dagrun for example_external_task_marker_parent to None, run_after=None
[2023-06-19T18:45:58.133+0000] {processor.py:179} INFO - Processing /home/airflow/.local/lib/python3.7/site-packages/airflow/example_dags/example_external_task_marker_dag.py took 0.178 seconds
[2023-06-19T18:46:28.251+0000] {processor.py:157} INFO - Started process (PID=333) to work on /home/airflow/.local/lib/python3.7/site-packages/airflow/example_dags/example_external_task_marker_dag.py
[2023-06-19T18:46:28.253+0000] {processor.py:826} INFO - Processing file /home/airflow/.local/lib/python3.7/site-packages/airflow/example_dags/example_external_task_marker_dag.py for tasks to queue
[2023-06-19T18:46:28.254+0000] {logging_mixin.py:149} INFO - [2023-06-19T18:46:28.253+0000] {dagbag.py:541} INFO - Filling up the DagBag from /home/airflow/.local/lib/python3.7/site-packages/airflow/example_dags/example_external_task_marker_dag.py
[2023-06-19T18:46:28.263+0000] {processor.py:836} INFO - DAG(s) dict_keys(['example_external_task_marker_child', 'example_external_task_marker_parent']) retrieved from /home/airflow/.local/lib/python3.7/site-packages/airflow/example_dags/example_external_task_marker_dag.py
[2023-06-19T18:46:28.302+0000] {logging_mixin.py:149} INFO - [2023-06-19T18:46:28.302+0000] {dag.py:2726} INFO - Sync 2 DAGs
[2023-06-19T18:46:28.344+0000] {logging_mixin.py:149} INFO - [2023-06-19T18:46:28.344+0000] {dag.py:3490} INFO - Setting next_dagrun for example_external_task_marker_child to None, run_after=None
[2023-06-19T18:46:28.349+0000] {logging_mixin.py:149} INFO - [2023-06-19T18:46:28.349+0000] {dag.py:3490} INFO - Setting next_dagrun for example_external_task_marker_parent to None, run_after=None
[2023-06-19T18:46:28.377+0000] {processor.py:179} INFO - Processing /home/airflow/.local/lib/python3.7/site-packages/airflow/example_dags/example_external_task_marker_dag.py took 0.131 seconds
[2023-06-19T18:46:58.671+0000] {processor.py:157} INFO - Started process (PID=401) to work on /home/airflow/.local/lib/python3.7/site-packages/airflow/example_dags/example_external_task_marker_dag.py
[2023-06-19T18:46:58.682+0000] {processor.py:826} INFO - Processing file /home/airflow/.local/lib/python3.7/site-packages/airflow/example_dags/example_external_task_marker_dag.py for tasks to queue
[2023-06-19T18:46:58.683+0000] {logging_mixin.py:149} INFO - [2023-06-19T18:46:58.683+0000] {dagbag.py:541} INFO - Filling up the DagBag from /home/airflow/.local/lib/python3.7/site-packages/airflow/example_dags/example_external_task_marker_dag.py
[2023-06-19T18:46:58.690+0000] {processor.py:836} INFO - DAG(s) dict_keys(['example_external_task_marker_child', 'example_external_task_marker_parent']) retrieved from /home/airflow/.local/lib/python3.7/site-packages/airflow/example_dags/example_external_task_marker_dag.py
[2023-06-19T18:46:58.728+0000] {logging_mixin.py:149} INFO - [2023-06-19T18:46:58.728+0000] {dag.py:2726} INFO - Sync 2 DAGs
[2023-06-19T18:46:58.770+0000] {logging_mixin.py:149} INFO - [2023-06-19T18:46:58.769+0000] {dag.py:3490} INFO - Setting next_dagrun for example_external_task_marker_child to None, run_after=None
[2023-06-19T18:46:58.775+0000] {logging_mixin.py:149} INFO - [2023-06-19T18:46:58.775+0000] {dag.py:3490} INFO - Setting next_dagrun for example_external_task_marker_parent to None, run_after=None
[2023-06-19T18:46:58.804+0000] {processor.py:179} INFO - Processing /home/airflow/.local/lib/python3.7/site-packages/airflow/example_dags/example_external_task_marker_dag.py took 0.137 seconds
[2023-06-19T18:47:29.201+0000] {processor.py:157} INFO - Started process (PID=469) to work on /home/airflow/.local/lib/python3.7/site-packages/airflow/example_dags/example_external_task_marker_dag.py
[2023-06-19T18:47:29.202+0000] {processor.py:826} INFO - Processing file /home/airflow/.local/lib/python3.7/site-packages/airflow/example_dags/example_external_task_marker_dag.py for tasks to queue
[2023-06-19T18:47:29.203+0000] {logging_mixin.py:149} INFO - [2023-06-19T18:47:29.203+0000] {dagbag.py:541} INFO - Filling up the DagBag from /home/airflow/.local/lib/python3.7/site-packages/airflow/example_dags/example_external_task_marker_dag.py
[2023-06-19T18:47:29.213+0000] {processor.py:836} INFO - DAG(s) dict_keys(['example_external_task_marker_parent', 'example_external_task_marker_child']) retrieved from /home/airflow/.local/lib/python3.7/site-packages/airflow/example_dags/example_external_task_marker_dag.py
[2023-06-19T18:47:29.257+0000] {logging_mixin.py:149} INFO - [2023-06-19T18:47:29.257+0000] {dag.py:2726} INFO - Sync 2 DAGs
[2023-06-19T18:47:29.306+0000] {logging_mixin.py:149} INFO - [2023-06-19T18:47:29.306+0000] {dag.py:3490} INFO - Setting next_dagrun for example_external_task_marker_child to None, run_after=None
[2023-06-19T18:47:29.312+0000] {logging_mixin.py:149} INFO - [2023-06-19T18:47:29.312+0000] {dag.py:3490} INFO - Setting next_dagrun for example_external_task_marker_parent to None, run_after=None
[2023-06-19T18:47:29.368+0000] {processor.py:179} INFO - Processing /home/airflow/.local/lib/python3.7/site-packages/airflow/example_dags/example_external_task_marker_dag.py took 0.172 seconds
[2023-06-19T18:47:59.657+0000] {processor.py:157} INFO - Started process (PID=537) to work on /home/airflow/.local/lib/python3.7/site-packages/airflow/example_dags/example_external_task_marker_dag.py
[2023-06-19T18:47:59.658+0000] {processor.py:826} INFO - Processing file /home/airflow/.local/lib/python3.7/site-packages/airflow/example_dags/example_external_task_marker_dag.py for tasks to queue
[2023-06-19T18:47:59.659+0000] {logging_mixin.py:149} INFO - [2023-06-19T18:47:59.658+0000] {dagbag.py:541} INFO - Filling up the DagBag from /home/airflow/.local/lib/python3.7/site-packages/airflow/example_dags/example_external_task_marker_dag.py
[2023-06-19T18:47:59.666+0000] {processor.py:836} INFO - DAG(s) dict_keys(['example_external_task_marker_child', 'example_external_task_marker_parent']) retrieved from /home/airflow/.local/lib/python3.7/site-packages/airflow/example_dags/example_external_task_marker_dag.py
[2023-06-19T18:47:59.705+0000] {logging_mixin.py:149} INFO - [2023-06-19T18:47:59.705+0000] {dag.py:2726} INFO - Sync 2 DAGs
[2023-06-19T18:47:59.741+0000] {logging_mixin.py:149} INFO - [2023-06-19T18:47:59.741+0000] {dag.py:3490} INFO - Setting next_dagrun for example_external_task_marker_child to None, run_after=None
[2023-06-19T18:47:59.745+0000] {logging_mixin.py:149} INFO - [2023-06-19T18:47:59.745+0000] {dag.py:3490} INFO - Setting next_dagrun for example_external_task_marker_parent to None, run_after=None
[2023-06-19T18:47:59.781+0000] {processor.py:179} INFO - Processing /home/airflow/.local/lib/python3.7/site-packages/airflow/example_dags/example_external_task_marker_dag.py took 0.128 seconds
