[2023-06-19T04:15:32.206+0000] {processor.py:157} INFO - Started process (PID=63) to work on /home/airflow/.local/lib/python3.7/site-packages/airflow/example_dags/example_params_trigger_ui.py
[2023-06-19T04:15:32.207+0000] {processor.py:826} INFO - Processing file /home/airflow/.local/lib/python3.7/site-packages/airflow/example_dags/example_params_trigger_ui.py for tasks to queue
[2023-06-19T04:15:32.209+0000] {logging_mixin.py:149} INFO - [2023-06-19T04:15:32.208+0000] {dagbag.py:541} INFO - Filling up the DagBag from /home/airflow/.local/lib/python3.7/site-packages/airflow/example_dags/example_params_trigger_ui.py
[2023-06-19T04:15:32.243+0000] {processor.py:836} INFO - DAG(s) dict_keys(['example_params_trigger_ui']) retrieved from /home/airflow/.local/lib/python3.7/site-packages/airflow/example_dags/example_params_trigger_ui.py
[2023-06-19T04:15:32.384+0000] {logging_mixin.py:149} INFO - [2023-06-19T04:15:32.384+0000] {dag.py:2726} INFO - Sync 1 DAGs
[2023-06-19T04:15:32.430+0000] {logging_mixin.py:149} INFO - [2023-06-19T04:15:32.430+0000] {dag.py:3490} INFO - Setting next_dagrun for example_params_trigger_ui to None, run_after=None
[2023-06-19T04:15:32.625+0000] {processor.py:179} INFO - Processing /home/airflow/.local/lib/python3.7/site-packages/airflow/example_dags/example_params_trigger_ui.py took 0.425 seconds
[2023-06-19T04:17:20.225+0000] {processor.py:157} INFO - Started process (PID=147) to work on /home/airflow/.local/lib/python3.7/site-packages/airflow/example_dags/example_params_trigger_ui.py
[2023-06-19T04:17:20.283+0000] {processor.py:826} INFO - Processing file /home/airflow/.local/lib/python3.7/site-packages/airflow/example_dags/example_params_trigger_ui.py for tasks to queue
[2023-06-19T04:17:20.285+0000] {logging_mixin.py:149} INFO - [2023-06-19T04:17:20.284+0000] {dagbag.py:541} INFO - Filling up the DagBag from /home/airflow/.local/lib/python3.7/site-packages/airflow/example_dags/example_params_trigger_ui.py
[2023-06-19T04:17:22.352+0000] {processor.py:836} INFO - DAG(s) dict_keys(['example_params_trigger_ui']) retrieved from /home/airflow/.local/lib/python3.7/site-packages/airflow/example_dags/example_params_trigger_ui.py
[2023-06-19T04:17:46.269+0000] {logging_mixin.py:149} INFO - [2023-06-19T04:17:46.268+0000] {dag.py:2726} INFO - Sync 1 DAGs
[2023-06-19T04:17:46.321+0000] {logging_mixin.py:149} INFO - [2023-06-19T04:17:46.321+0000] {dag.py:3490} INFO - Setting next_dagrun for example_params_trigger_ui to None, run_after=None
[2023-06-19T04:17:46.473+0000] {processor.py:179} INFO - Processing /home/airflow/.local/lib/python3.7/site-packages/airflow/example_dags/example_params_trigger_ui.py took 26.254 seconds
[2023-06-19T04:18:17.393+0000] {processor.py:157} INFO - Started process (PID=223) to work on /home/airflow/.local/lib/python3.7/site-packages/airflow/example_dags/example_params_trigger_ui.py
[2023-06-19T04:18:17.394+0000] {processor.py:826} INFO - Processing file /home/airflow/.local/lib/python3.7/site-packages/airflow/example_dags/example_params_trigger_ui.py for tasks to queue
[2023-06-19T04:18:17.395+0000] {logging_mixin.py:149} INFO - [2023-06-19T04:18:17.394+0000] {dagbag.py:541} INFO - Filling up the DagBag from /home/airflow/.local/lib/python3.7/site-packages/airflow/example_dags/example_params_trigger_ui.py
[2023-06-19T04:18:17.431+0000] {processor.py:836} INFO - DAG(s) dict_keys(['example_params_trigger_ui']) retrieved from /home/airflow/.local/lib/python3.7/site-packages/airflow/example_dags/example_params_trigger_ui.py
[2023-06-19T04:18:17.565+0000] {logging_mixin.py:149} INFO - [2023-06-19T04:18:17.565+0000] {dag.py:2726} INFO - Sync 1 DAGs
[2023-06-19T04:18:17.598+0000] {logging_mixin.py:149} INFO - [2023-06-19T04:18:17.598+0000] {dag.py:3490} INFO - Setting next_dagrun for example_params_trigger_ui to None, run_after=None
[2023-06-19T04:18:17.667+0000] {processor.py:179} INFO - Processing /home/airflow/.local/lib/python3.7/site-packages/airflow/example_dags/example_params_trigger_ui.py took 0.279 seconds
[2023-06-19T04:18:48.447+0000] {processor.py:157} INFO - Started process (PID=292) to work on /home/airflow/.local/lib/python3.7/site-packages/airflow/example_dags/example_params_trigger_ui.py
[2023-06-19T04:18:48.464+0000] {processor.py:826} INFO - Processing file /home/airflow/.local/lib/python3.7/site-packages/airflow/example_dags/example_params_trigger_ui.py for tasks to queue
[2023-06-19T04:18:48.465+0000] {logging_mixin.py:149} INFO - [2023-06-19T04:18:48.465+0000] {dagbag.py:541} INFO - Filling up the DagBag from /home/airflow/.local/lib/python3.7/site-packages/airflow/example_dags/example_params_trigger_ui.py
[2023-06-19T04:18:48.494+0000] {processor.py:836} INFO - DAG(s) dict_keys(['example_params_trigger_ui']) retrieved from /home/airflow/.local/lib/python3.7/site-packages/airflow/example_dags/example_params_trigger_ui.py
[2023-06-19T04:18:48.613+0000] {logging_mixin.py:149} INFO - [2023-06-19T04:18:48.613+0000] {dag.py:2726} INFO - Sync 1 DAGs
[2023-06-19T04:18:48.645+0000] {logging_mixin.py:149} INFO - [2023-06-19T04:18:48.645+0000] {dag.py:3490} INFO - Setting next_dagrun for example_params_trigger_ui to None, run_after=None
[2023-06-19T04:18:48.744+0000] {processor.py:179} INFO - Processing /home/airflow/.local/lib/python3.7/site-packages/airflow/example_dags/example_params_trigger_ui.py took 0.301 seconds
[2023-06-19T18:43:00.277+0000] {processor.py:157} INFO - Started process (PID=54) to work on /home/airflow/.local/lib/python3.7/site-packages/airflow/example_dags/example_params_trigger_ui.py
[2023-06-19T18:43:00.315+0000] {processor.py:826} INFO - Processing file /home/airflow/.local/lib/python3.7/site-packages/airflow/example_dags/example_params_trigger_ui.py for tasks to queue
[2023-06-19T18:43:00.318+0000] {logging_mixin.py:149} INFO - [2023-06-19T18:43:00.317+0000] {dagbag.py:541} INFO - Filling up the DagBag from /home/airflow/.local/lib/python3.7/site-packages/airflow/example_dags/example_params_trigger_ui.py
[2023-06-19T18:43:00.371+0000] {processor.py:836} INFO - DAG(s) dict_keys(['example_params_trigger_ui']) retrieved from /home/airflow/.local/lib/python3.7/site-packages/airflow/example_dags/example_params_trigger_ui.py
[2023-06-19T18:43:00.509+0000] {logging_mixin.py:149} INFO - [2023-06-19T18:43:00.509+0000] {dag.py:2726} INFO - Sync 1 DAGs
[2023-06-19T18:43:00.543+0000] {logging_mixin.py:149} INFO - [2023-06-19T18:43:00.542+0000] {dag.py:3490} INFO - Setting next_dagrun for example_params_trigger_ui to None, run_after=None
[2023-06-19T18:43:00.712+0000] {processor.py:179} INFO - Processing /home/airflow/.local/lib/python3.7/site-packages/airflow/example_dags/example_params_trigger_ui.py took 0.450 seconds
[2023-06-19T18:45:10.507+0000] {processor.py:157} INFO - Started process (PID=146) to work on /home/airflow/.local/lib/python3.7/site-packages/airflow/example_dags/example_params_trigger_ui.py
[2023-06-19T18:45:10.511+0000] {processor.py:826} INFO - Processing file /home/airflow/.local/lib/python3.7/site-packages/airflow/example_dags/example_params_trigger_ui.py for tasks to queue
[2023-06-19T18:45:10.514+0000] {logging_mixin.py:149} INFO - [2023-06-19T18:45:10.513+0000] {dagbag.py:541} INFO - Filling up the DagBag from /home/airflow/.local/lib/python3.7/site-packages/airflow/example_dags/example_params_trigger_ui.py
[2023-06-19T18:45:10.700+0000] {processor.py:836} INFO - DAG(s) dict_keys(['example_params_trigger_ui']) retrieved from /home/airflow/.local/lib/python3.7/site-packages/airflow/example_dags/example_params_trigger_ui.py
[2023-06-19T18:45:10.966+0000] {logging_mixin.py:149} INFO - [2023-06-19T18:45:10.965+0000] {dag.py:2726} INFO - Sync 1 DAGs
[2023-06-19T18:45:10.996+0000] {logging_mixin.py:149} INFO - [2023-06-19T18:45:10.995+0000] {dag.py:3490} INFO - Setting next_dagrun for example_params_trigger_ui to None, run_after=None
[2023-06-19T18:45:11.117+0000] {processor.py:179} INFO - Processing /home/airflow/.local/lib/python3.7/site-packages/airflow/example_dags/example_params_trigger_ui.py took 0.625 seconds
[2023-06-19T18:45:41.625+0000] {processor.py:157} INFO - Started process (PID=214) to work on /home/airflow/.local/lib/python3.7/site-packages/airflow/example_dags/example_params_trigger_ui.py
[2023-06-19T18:45:41.644+0000] {processor.py:826} INFO - Processing file /home/airflow/.local/lib/python3.7/site-packages/airflow/example_dags/example_params_trigger_ui.py for tasks to queue
[2023-06-19T18:45:41.646+0000] {logging_mixin.py:149} INFO - [2023-06-19T18:45:41.645+0000] {dagbag.py:541} INFO - Filling up the DagBag from /home/airflow/.local/lib/python3.7/site-packages/airflow/example_dags/example_params_trigger_ui.py
[2023-06-19T18:45:41.678+0000] {processor.py:836} INFO - DAG(s) dict_keys(['example_params_trigger_ui']) retrieved from /home/airflow/.local/lib/python3.7/site-packages/airflow/example_dags/example_params_trigger_ui.py
[2023-06-19T18:45:41.806+0000] {logging_mixin.py:149} INFO - [2023-06-19T18:45:41.806+0000] {dag.py:2726} INFO - Sync 1 DAGs
[2023-06-19T18:45:41.841+0000] {logging_mixin.py:149} INFO - [2023-06-19T18:45:41.841+0000] {dag.py:3490} INFO - Setting next_dagrun for example_params_trigger_ui to None, run_after=None
[2023-06-19T18:45:41.891+0000] {processor.py:179} INFO - Processing /home/airflow/.local/lib/python3.7/site-packages/airflow/example_dags/example_params_trigger_ui.py took 0.271 seconds
[2023-06-19T18:46:12.024+0000] {processor.py:157} INFO - Started process (PID=282) to work on /home/airflow/.local/lib/python3.7/site-packages/airflow/example_dags/example_params_trigger_ui.py
[2023-06-19T18:46:12.025+0000] {processor.py:826} INFO - Processing file /home/airflow/.local/lib/python3.7/site-packages/airflow/example_dags/example_params_trigger_ui.py for tasks to queue
[2023-06-19T18:46:12.026+0000] {logging_mixin.py:149} INFO - [2023-06-19T18:46:12.026+0000] {dagbag.py:541} INFO - Filling up the DagBag from /home/airflow/.local/lib/python3.7/site-packages/airflow/example_dags/example_params_trigger_ui.py
[2023-06-19T18:46:12.062+0000] {processor.py:836} INFO - DAG(s) dict_keys(['example_params_trigger_ui']) retrieved from /home/airflow/.local/lib/python3.7/site-packages/airflow/example_dags/example_params_trigger_ui.py
[2023-06-19T18:46:12.185+0000] {logging_mixin.py:149} INFO - [2023-06-19T18:46:12.185+0000] {dag.py:2726} INFO - Sync 1 DAGs
[2023-06-19T18:46:12.223+0000] {logging_mixin.py:149} INFO - [2023-06-19T18:46:12.223+0000] {dag.py:3490} INFO - Setting next_dagrun for example_params_trigger_ui to None, run_after=None
[2023-06-19T18:46:12.249+0000] {processor.py:179} INFO - Processing /home/airflow/.local/lib/python3.7/site-packages/airflow/example_dags/example_params_trigger_ui.py took 0.229 seconds
[2023-06-19T18:46:42.380+0000] {processor.py:157} INFO - Started process (PID=350) to work on /home/airflow/.local/lib/python3.7/site-packages/airflow/example_dags/example_params_trigger_ui.py
[2023-06-19T18:46:42.411+0000] {processor.py:826} INFO - Processing file /home/airflow/.local/lib/python3.7/site-packages/airflow/example_dags/example_params_trigger_ui.py for tasks to queue
[2023-06-19T18:46:42.414+0000] {logging_mixin.py:149} INFO - [2023-06-19T18:46:42.413+0000] {dagbag.py:541} INFO - Filling up the DagBag from /home/airflow/.local/lib/python3.7/site-packages/airflow/example_dags/example_params_trigger_ui.py
[2023-06-19T18:46:42.461+0000] {processor.py:836} INFO - DAG(s) dict_keys(['example_params_trigger_ui']) retrieved from /home/airflow/.local/lib/python3.7/site-packages/airflow/example_dags/example_params_trigger_ui.py
[2023-06-19T18:46:42.578+0000] {logging_mixin.py:149} INFO - [2023-06-19T18:46:42.578+0000] {dag.py:2726} INFO - Sync 1 DAGs
[2023-06-19T18:46:42.615+0000] {logging_mixin.py:149} INFO - [2023-06-19T18:46:42.614+0000] {dag.py:3490} INFO - Setting next_dagrun for example_params_trigger_ui to None, run_after=None
[2023-06-19T18:46:42.667+0000] {processor.py:179} INFO - Processing /home/airflow/.local/lib/python3.7/site-packages/airflow/example_dags/example_params_trigger_ui.py took 0.298 seconds
[2023-06-19T18:47:12.894+0000] {processor.py:157} INFO - Started process (PID=418) to work on /home/airflow/.local/lib/python3.7/site-packages/airflow/example_dags/example_params_trigger_ui.py
[2023-06-19T18:47:12.895+0000] {processor.py:826} INFO - Processing file /home/airflow/.local/lib/python3.7/site-packages/airflow/example_dags/example_params_trigger_ui.py for tasks to queue
[2023-06-19T18:47:12.896+0000] {logging_mixin.py:149} INFO - [2023-06-19T18:47:12.896+0000] {dagbag.py:541} INFO - Filling up the DagBag from /home/airflow/.local/lib/python3.7/site-packages/airflow/example_dags/example_params_trigger_ui.py
[2023-06-19T18:47:12.936+0000] {processor.py:836} INFO - DAG(s) dict_keys(['example_params_trigger_ui']) retrieved from /home/airflow/.local/lib/python3.7/site-packages/airflow/example_dags/example_params_trigger_ui.py
[2023-06-19T18:47:13.132+0000] {logging_mixin.py:149} INFO - [2023-06-19T18:47:13.132+0000] {dag.py:2726} INFO - Sync 1 DAGs
[2023-06-19T18:47:13.170+0000] {logging_mixin.py:149} INFO - [2023-06-19T18:47:13.169+0000] {dag.py:3490} INFO - Setting next_dagrun for example_params_trigger_ui to None, run_after=None
[2023-06-19T18:47:13.288+0000] {processor.py:179} INFO - Processing /home/airflow/.local/lib/python3.7/site-packages/airflow/example_dags/example_params_trigger_ui.py took 0.401 seconds
[2023-06-19T18:47:43.311+0000] {processor.py:157} INFO - Started process (PID=486) to work on /home/airflow/.local/lib/python3.7/site-packages/airflow/example_dags/example_params_trigger_ui.py
[2023-06-19T18:47:43.338+0000] {processor.py:826} INFO - Processing file /home/airflow/.local/lib/python3.7/site-packages/airflow/example_dags/example_params_trigger_ui.py for tasks to queue
[2023-06-19T18:47:43.339+0000] {logging_mixin.py:149} INFO - [2023-06-19T18:47:43.339+0000] {dagbag.py:541} INFO - Filling up the DagBag from /home/airflow/.local/lib/python3.7/site-packages/airflow/example_dags/example_params_trigger_ui.py
[2023-06-19T18:47:43.371+0000] {processor.py:836} INFO - DAG(s) dict_keys(['example_params_trigger_ui']) retrieved from /home/airflow/.local/lib/python3.7/site-packages/airflow/example_dags/example_params_trigger_ui.py
[2023-06-19T18:47:43.495+0000] {logging_mixin.py:149} INFO - [2023-06-19T18:47:43.494+0000] {dag.py:2726} INFO - Sync 1 DAGs
[2023-06-19T18:47:43.531+0000] {logging_mixin.py:149} INFO - [2023-06-19T18:47:43.531+0000] {dag.py:3490} INFO - Setting next_dagrun for example_params_trigger_ui to None, run_after=None
[2023-06-19T18:47:43.565+0000] {processor.py:179} INFO - Processing /home/airflow/.local/lib/python3.7/site-packages/airflow/example_dags/example_params_trigger_ui.py took 0.258 seconds
