[2023-06-19T04:16:14.023+0000] {processor.py:157} INFO - Started process (PID=84) to work on /home/airflow/.local/lib/python3.7/site-packages/airflow/example_dags/example_dag_decorator.py
[2023-06-19T04:16:14.024+0000] {processor.py:826} INFO - Processing file /home/airflow/.local/lib/python3.7/site-packages/airflow/example_dags/example_dag_decorator.py for tasks to queue
[2023-06-19T04:16:14.025+0000] {logging_mixin.py:149} INFO - [2023-06-19T04:16:14.024+0000] {dagbag.py:541} INFO - Filling up the DagBag from /home/airflow/.local/lib/python3.7/site-packages/airflow/example_dags/example_dag_decorator.py
[2023-06-19T04:16:14.120+0000] {logging_mixin.py:149} INFO - [2023-06-19T04:16:14.119+0000] {taskmixin.py:211} WARNING - Dependency <Task(_PythonDecoratedOperator): prepare_email>, send_email already registered for DAG: example_dag_decorator
[2023-06-19T04:16:14.121+0000] {logging_mixin.py:149} INFO - [2023-06-19T04:16:14.120+0000] {taskmixin.py:211} WARNING - Dependency <Task(EmailOperator): send_email>, prepare_email already registered for DAG: example_dag_decorator
[2023-06-19T04:16:14.346+0000] {processor.py:836} INFO - DAG(s) dict_keys(['example_dag_decorator']) retrieved from /home/airflow/.local/lib/python3.7/site-packages/airflow/example_dags/example_dag_decorator.py
[2023-06-19T04:16:14.462+0000] {logging_mixin.py:149} INFO - [2023-06-19T04:16:14.462+0000] {dag.py:2726} INFO - Sync 1 DAGs
[2023-06-19T04:16:14.535+0000] {logging_mixin.py:149} INFO - [2023-06-19T04:16:14.535+0000] {dag.py:3490} INFO - Setting next_dagrun for example_dag_decorator to None, run_after=None
[2023-06-19T04:16:14.882+0000] {processor.py:179} INFO - Processing /home/airflow/.local/lib/python3.7/site-packages/airflow/example_dags/example_dag_decorator.py took 0.863 seconds
[2023-06-19T04:18:04.877+0000] {processor.py:157} INFO - Started process (PID=175) to work on /home/airflow/.local/lib/python3.7/site-packages/airflow/example_dags/example_dag_decorator.py
[2023-06-19T04:18:04.878+0000] {processor.py:826} INFO - Processing file /home/airflow/.local/lib/python3.7/site-packages/airflow/example_dags/example_dag_decorator.py for tasks to queue
[2023-06-19T04:18:04.879+0000] {logging_mixin.py:149} INFO - [2023-06-19T04:18:04.879+0000] {dagbag.py:541} INFO - Filling up the DagBag from /home/airflow/.local/lib/python3.7/site-packages/airflow/example_dags/example_dag_decorator.py
[2023-06-19T04:18:05.188+0000] {logging_mixin.py:149} INFO - [2023-06-19T04:18:05.187+0000] {taskmixin.py:211} WARNING - Dependency <Task(_PythonDecoratedOperator): prepare_email>, send_email already registered for DAG: example_dag_decorator
[2023-06-19T04:18:05.189+0000] {logging_mixin.py:149} INFO - [2023-06-19T04:18:05.189+0000] {taskmixin.py:211} WARNING - Dependency <Task(EmailOperator): send_email>, prepare_email already registered for DAG: example_dag_decorator
[2023-06-19T04:18:05.213+0000] {processor.py:836} INFO - DAG(s) dict_keys(['example_dag_decorator']) retrieved from /home/airflow/.local/lib/python3.7/site-packages/airflow/example_dags/example_dag_decorator.py
[2023-06-19T04:18:05.524+0000] {logging_mixin.py:149} INFO - [2023-06-19T04:18:05.523+0000] {dag.py:2726} INFO - Sync 1 DAGs
[2023-06-19T04:18:05.584+0000] {logging_mixin.py:149} INFO - [2023-06-19T04:18:05.584+0000] {dag.py:3490} INFO - Setting next_dagrun for example_dag_decorator to None, run_after=None
[2023-06-19T04:18:05.742+0000] {processor.py:179} INFO - Processing /home/airflow/.local/lib/python3.7/site-packages/airflow/example_dags/example_dag_decorator.py took 0.871 seconds
[2023-06-19T04:18:35.869+0000] {processor.py:157} INFO - Started process (PID=243) to work on /home/airflow/.local/lib/python3.7/site-packages/airflow/example_dags/example_dag_decorator.py
[2023-06-19T04:18:35.870+0000] {processor.py:826} INFO - Processing file /home/airflow/.local/lib/python3.7/site-packages/airflow/example_dags/example_dag_decorator.py for tasks to queue
[2023-06-19T04:18:35.871+0000] {logging_mixin.py:149} INFO - [2023-06-19T04:18:35.871+0000] {dagbag.py:541} INFO - Filling up the DagBag from /home/airflow/.local/lib/python3.7/site-packages/airflow/example_dags/example_dag_decorator.py
[2023-06-19T04:18:35.881+0000] {logging_mixin.py:149} INFO - [2023-06-19T04:18:35.880+0000] {taskmixin.py:211} WARNING - Dependency <Task(_PythonDecoratedOperator): prepare_email>, send_email already registered for DAG: example_dag_decorator
[2023-06-19T04:18:35.881+0000] {logging_mixin.py:149} INFO - [2023-06-19T04:18:35.881+0000] {taskmixin.py:211} WARNING - Dependency <Task(EmailOperator): send_email>, prepare_email already registered for DAG: example_dag_decorator
[2023-06-19T04:18:35.896+0000] {processor.py:836} INFO - DAG(s) dict_keys(['example_dag_decorator']) retrieved from /home/airflow/.local/lib/python3.7/site-packages/airflow/example_dags/example_dag_decorator.py
[2023-06-19T04:18:35.996+0000] {logging_mixin.py:149} INFO - [2023-06-19T04:18:35.996+0000] {dag.py:2726} INFO - Sync 1 DAGs
[2023-06-19T04:18:36.033+0000] {logging_mixin.py:149} INFO - [2023-06-19T04:18:36.033+0000] {dag.py:3490} INFO - Setting next_dagrun for example_dag_decorator to None, run_after=None
[2023-06-19T04:18:36.098+0000] {processor.py:179} INFO - Processing /home/airflow/.local/lib/python3.7/site-packages/airflow/example_dags/example_dag_decorator.py took 0.235 seconds
[2023-06-19T04:19:06.758+0000] {processor.py:157} INFO - Started process (PID=310) to work on /home/airflow/.local/lib/python3.7/site-packages/airflow/example_dags/example_dag_decorator.py
[2023-06-19T04:19:06.796+0000] {processor.py:826} INFO - Processing file /home/airflow/.local/lib/python3.7/site-packages/airflow/example_dags/example_dag_decorator.py for tasks to queue
[2023-06-19T04:19:06.797+0000] {logging_mixin.py:149} INFO - [2023-06-19T04:19:06.797+0000] {dagbag.py:541} INFO - Filling up the DagBag from /home/airflow/.local/lib/python3.7/site-packages/airflow/example_dags/example_dag_decorator.py
[2023-06-19T04:19:06.805+0000] {logging_mixin.py:149} INFO - [2023-06-19T04:19:06.805+0000] {taskmixin.py:211} WARNING - Dependency <Task(_PythonDecoratedOperator): prepare_email>, send_email already registered for DAG: example_dag_decorator
[2023-06-19T04:19:06.805+0000] {logging_mixin.py:149} INFO - [2023-06-19T04:19:06.805+0000] {taskmixin.py:211} WARNING - Dependency <Task(EmailOperator): send_email>, prepare_email already registered for DAG: example_dag_decorator
[2023-06-19T04:19:06.816+0000] {processor.py:836} INFO - DAG(s) dict_keys(['example_dag_decorator']) retrieved from /home/airflow/.local/lib/python3.7/site-packages/airflow/example_dags/example_dag_decorator.py
[2023-06-19T04:19:06.914+0000] {logging_mixin.py:149} INFO - [2023-06-19T04:19:06.914+0000] {dag.py:2726} INFO - Sync 1 DAGs
[2023-06-19T04:19:06.950+0000] {logging_mixin.py:149} INFO - [2023-06-19T04:19:06.950+0000] {dag.py:3490} INFO - Setting next_dagrun for example_dag_decorator to None, run_after=None
[2023-06-19T04:19:07.005+0000] {processor.py:179} INFO - Processing /home/airflow/.local/lib/python3.7/site-packages/airflow/example_dags/example_dag_decorator.py took 0.251 seconds
[2023-06-19T18:43:40.697+0000] {processor.py:157} INFO - Started process (PID=82) to work on /home/airflow/.local/lib/python3.7/site-packages/airflow/example_dags/example_dag_decorator.py
[2023-06-19T18:43:40.791+0000] {processor.py:826} INFO - Processing file /home/airflow/.local/lib/python3.7/site-packages/airflow/example_dags/example_dag_decorator.py for tasks to queue
[2023-06-19T18:43:40.793+0000] {logging_mixin.py:149} INFO - [2023-06-19T18:43:40.793+0000] {dagbag.py:541} INFO - Filling up the DagBag from /home/airflow/.local/lib/python3.7/site-packages/airflow/example_dags/example_dag_decorator.py
[2023-06-19T18:43:40.871+0000] {logging_mixin.py:149} INFO - [2023-06-19T18:43:40.870+0000] {taskmixin.py:211} WARNING - Dependency <Task(_PythonDecoratedOperator): prepare_email>, send_email already registered for DAG: example_dag_decorator
[2023-06-19T18:43:40.873+0000] {logging_mixin.py:149} INFO - [2023-06-19T18:43:40.872+0000] {taskmixin.py:211} WARNING - Dependency <Task(EmailOperator): send_email>, prepare_email already registered for DAG: example_dag_decorator
[2023-06-19T18:43:41.027+0000] {processor.py:836} INFO - DAG(s) dict_keys(['example_dag_decorator']) retrieved from /home/airflow/.local/lib/python3.7/site-packages/airflow/example_dags/example_dag_decorator.py
[2023-06-19T18:43:41.138+0000] {logging_mixin.py:149} INFO - [2023-06-19T18:43:41.138+0000] {dag.py:2726} INFO - Sync 1 DAGs
[2023-06-19T18:43:41.168+0000] {logging_mixin.py:149} INFO - [2023-06-19T18:43:41.168+0000] {dag.py:3490} INFO - Setting next_dagrun for example_dag_decorator to None, run_after=None
[2023-06-19T18:43:41.374+0000] {processor.py:179} INFO - Processing /home/airflow/.local/lib/python3.7/site-packages/airflow/example_dags/example_dag_decorator.py took 0.701 seconds
[2023-06-19T18:45:20.505+0000] {processor.py:157} INFO - Started process (PID=174) to work on /home/airflow/.local/lib/python3.7/site-packages/airflow/example_dags/example_dag_decorator.py
[2023-06-19T18:45:20.507+0000] {processor.py:826} INFO - Processing file /home/airflow/.local/lib/python3.7/site-packages/airflow/example_dags/example_dag_decorator.py for tasks to queue
[2023-06-19T18:45:20.508+0000] {logging_mixin.py:149} INFO - [2023-06-19T18:45:20.508+0000] {dagbag.py:541} INFO - Filling up the DagBag from /home/airflow/.local/lib/python3.7/site-packages/airflow/example_dags/example_dag_decorator.py
[2023-06-19T18:45:20.572+0000] {logging_mixin.py:149} INFO - [2023-06-19T18:45:20.571+0000] {taskmixin.py:211} WARNING - Dependency <Task(_PythonDecoratedOperator): prepare_email>, send_email already registered for DAG: example_dag_decorator
[2023-06-19T18:45:20.572+0000] {logging_mixin.py:149} INFO - [2023-06-19T18:45:20.572+0000] {taskmixin.py:211} WARNING - Dependency <Task(EmailOperator): send_email>, prepare_email already registered for DAG: example_dag_decorator
[2023-06-19T18:45:20.583+0000] {processor.py:836} INFO - DAG(s) dict_keys(['example_dag_decorator']) retrieved from /home/airflow/.local/lib/python3.7/site-packages/airflow/example_dags/example_dag_decorator.py
[2023-06-19T18:45:20.840+0000] {logging_mixin.py:149} INFO - [2023-06-19T18:45:20.840+0000] {dag.py:2726} INFO - Sync 1 DAGs
[2023-06-19T18:45:20.870+0000] {logging_mixin.py:149} INFO - [2023-06-19T18:45:20.870+0000] {dag.py:3490} INFO - Setting next_dagrun for example_dag_decorator to None, run_after=None
[2023-06-19T18:45:20.940+0000] {processor.py:179} INFO - Processing /home/airflow/.local/lib/python3.7/site-packages/airflow/example_dags/example_dag_decorator.py took 0.440 seconds
[2023-06-19T18:45:51.183+0000] {processor.py:157} INFO - Started process (PID=242) to work on /home/airflow/.local/lib/python3.7/site-packages/airflow/example_dags/example_dag_decorator.py
[2023-06-19T18:45:51.205+0000] {processor.py:826} INFO - Processing file /home/airflow/.local/lib/python3.7/site-packages/airflow/example_dags/example_dag_decorator.py for tasks to queue
[2023-06-19T18:45:51.206+0000] {logging_mixin.py:149} INFO - [2023-06-19T18:45:51.206+0000] {dagbag.py:541} INFO - Filling up the DagBag from /home/airflow/.local/lib/python3.7/site-packages/airflow/example_dags/example_dag_decorator.py
[2023-06-19T18:45:51.215+0000] {logging_mixin.py:149} INFO - [2023-06-19T18:45:51.214+0000] {taskmixin.py:211} WARNING - Dependency <Task(_PythonDecoratedOperator): prepare_email>, send_email already registered for DAG: example_dag_decorator
[2023-06-19T18:45:51.215+0000] {logging_mixin.py:149} INFO - [2023-06-19T18:45:51.215+0000] {taskmixin.py:211} WARNING - Dependency <Task(EmailOperator): send_email>, prepare_email already registered for DAG: example_dag_decorator
[2023-06-19T18:45:51.226+0000] {processor.py:836} INFO - DAG(s) dict_keys(['example_dag_decorator']) retrieved from /home/airflow/.local/lib/python3.7/site-packages/airflow/example_dags/example_dag_decorator.py
[2023-06-19T18:45:51.320+0000] {logging_mixin.py:149} INFO - [2023-06-19T18:45:51.320+0000] {dag.py:2726} INFO - Sync 1 DAGs
[2023-06-19T18:45:51.357+0000] {logging_mixin.py:149} INFO - [2023-06-19T18:45:51.356+0000] {dag.py:3490} INFO - Setting next_dagrun for example_dag_decorator to None, run_after=None
[2023-06-19T18:45:51.403+0000] {processor.py:179} INFO - Processing /home/airflow/.local/lib/python3.7/site-packages/airflow/example_dags/example_dag_decorator.py took 0.225 seconds
[2023-06-19T18:46:21.564+0000] {processor.py:157} INFO - Started process (PID=310) to work on /home/airflow/.local/lib/python3.7/site-packages/airflow/example_dags/example_dag_decorator.py
[2023-06-19T18:46:21.565+0000] {processor.py:826} INFO - Processing file /home/airflow/.local/lib/python3.7/site-packages/airflow/example_dags/example_dag_decorator.py for tasks to queue
[2023-06-19T18:46:21.566+0000] {logging_mixin.py:149} INFO - [2023-06-19T18:46:21.566+0000] {dagbag.py:541} INFO - Filling up the DagBag from /home/airflow/.local/lib/python3.7/site-packages/airflow/example_dags/example_dag_decorator.py
[2023-06-19T18:46:21.578+0000] {logging_mixin.py:149} INFO - [2023-06-19T18:46:21.577+0000] {taskmixin.py:211} WARNING - Dependency <Task(_PythonDecoratedOperator): prepare_email>, send_email already registered for DAG: example_dag_decorator
[2023-06-19T18:46:21.578+0000] {logging_mixin.py:149} INFO - [2023-06-19T18:46:21.578+0000] {taskmixin.py:211} WARNING - Dependency <Task(EmailOperator): send_email>, prepare_email already registered for DAG: example_dag_decorator
[2023-06-19T18:46:21.591+0000] {processor.py:836} INFO - DAG(s) dict_keys(['example_dag_decorator']) retrieved from /home/airflow/.local/lib/python3.7/site-packages/airflow/example_dags/example_dag_decorator.py
[2023-06-19T18:46:21.680+0000] {logging_mixin.py:149} INFO - [2023-06-19T18:46:21.679+0000] {dag.py:2726} INFO - Sync 1 DAGs
[2023-06-19T18:46:21.710+0000] {logging_mixin.py:149} INFO - [2023-06-19T18:46:21.709+0000] {dag.py:3490} INFO - Setting next_dagrun for example_dag_decorator to None, run_after=None
[2023-06-19T18:46:21.759+0000] {processor.py:179} INFO - Processing /home/airflow/.local/lib/python3.7/site-packages/airflow/example_dags/example_dag_decorator.py took 0.200 seconds
[2023-06-19T18:46:52.241+0000] {processor.py:157} INFO - Started process (PID=378) to work on /home/airflow/.local/lib/python3.7/site-packages/airflow/example_dags/example_dag_decorator.py
[2023-06-19T18:46:52.261+0000] {processor.py:826} INFO - Processing file /home/airflow/.local/lib/python3.7/site-packages/airflow/example_dags/example_dag_decorator.py for tasks to queue
[2023-06-19T18:46:52.263+0000] {logging_mixin.py:149} INFO - [2023-06-19T18:46:52.262+0000] {dagbag.py:541} INFO - Filling up the DagBag from /home/airflow/.local/lib/python3.7/site-packages/airflow/example_dags/example_dag_decorator.py
[2023-06-19T18:46:52.276+0000] {logging_mixin.py:149} INFO - [2023-06-19T18:46:52.276+0000] {taskmixin.py:211} WARNING - Dependency <Task(_PythonDecoratedOperator): prepare_email>, send_email already registered for DAG: example_dag_decorator
[2023-06-19T18:46:52.277+0000] {logging_mixin.py:149} INFO - [2023-06-19T18:46:52.277+0000] {taskmixin.py:211} WARNING - Dependency <Task(EmailOperator): send_email>, prepare_email already registered for DAG: example_dag_decorator
[2023-06-19T18:46:52.292+0000] {processor.py:836} INFO - DAG(s) dict_keys(['example_dag_decorator']) retrieved from /home/airflow/.local/lib/python3.7/site-packages/airflow/example_dags/example_dag_decorator.py
[2023-06-19T18:46:52.399+0000] {logging_mixin.py:149} INFO - [2023-06-19T18:46:52.399+0000] {dag.py:2726} INFO - Sync 1 DAGs
[2023-06-19T18:46:52.432+0000] {logging_mixin.py:149} INFO - [2023-06-19T18:46:52.431+0000] {dag.py:3490} INFO - Setting next_dagrun for example_dag_decorator to None, run_after=None
[2023-06-19T18:46:52.473+0000] {processor.py:179} INFO - Processing /home/airflow/.local/lib/python3.7/site-packages/airflow/example_dags/example_dag_decorator.py took 0.237 seconds
[2023-06-19T18:47:23.510+0000] {processor.py:157} INFO - Started process (PID=446) to work on /home/airflow/.local/lib/python3.7/site-packages/airflow/example_dags/example_dag_decorator.py
[2023-06-19T18:47:23.511+0000] {processor.py:826} INFO - Processing file /home/airflow/.local/lib/python3.7/site-packages/airflow/example_dags/example_dag_decorator.py for tasks to queue
[2023-06-19T18:47:23.512+0000] {logging_mixin.py:149} INFO - [2023-06-19T18:47:23.512+0000] {dagbag.py:541} INFO - Filling up the DagBag from /home/airflow/.local/lib/python3.7/site-packages/airflow/example_dags/example_dag_decorator.py
[2023-06-19T18:47:23.520+0000] {logging_mixin.py:149} INFO - [2023-06-19T18:47:23.519+0000] {taskmixin.py:211} WARNING - Dependency <Task(_PythonDecoratedOperator): prepare_email>, send_email already registered for DAG: example_dag_decorator
[2023-06-19T18:47:23.520+0000] {logging_mixin.py:149} INFO - [2023-06-19T18:47:23.520+0000] {taskmixin.py:211} WARNING - Dependency <Task(EmailOperator): send_email>, prepare_email already registered for DAG: example_dag_decorator
[2023-06-19T18:47:23.532+0000] {processor.py:836} INFO - DAG(s) dict_keys(['example_dag_decorator']) retrieved from /home/airflow/.local/lib/python3.7/site-packages/airflow/example_dags/example_dag_decorator.py
[2023-06-19T18:47:23.658+0000] {logging_mixin.py:149} INFO - [2023-06-19T18:47:23.658+0000] {dag.py:2726} INFO - Sync 1 DAGs
[2023-06-19T18:47:23.692+0000] {logging_mixin.py:149} INFO - [2023-06-19T18:47:23.692+0000] {dag.py:3490} INFO - Setting next_dagrun for example_dag_decorator to None, run_after=None
[2023-06-19T18:47:23.877+0000] {processor.py:179} INFO - Processing /home/airflow/.local/lib/python3.7/site-packages/airflow/example_dags/example_dag_decorator.py took 0.371 seconds
[2023-06-19T18:47:54.223+0000] {processor.py:157} INFO - Started process (PID=514) to work on /home/airflow/.local/lib/python3.7/site-packages/airflow/example_dags/example_dag_decorator.py
[2023-06-19T18:47:54.224+0000] {processor.py:826} INFO - Processing file /home/airflow/.local/lib/python3.7/site-packages/airflow/example_dags/example_dag_decorator.py for tasks to queue
[2023-06-19T18:47:54.225+0000] {logging_mixin.py:149} INFO - [2023-06-19T18:47:54.225+0000] {dagbag.py:541} INFO - Filling up the DagBag from /home/airflow/.local/lib/python3.7/site-packages/airflow/example_dags/example_dag_decorator.py
[2023-06-19T18:47:54.236+0000] {logging_mixin.py:149} INFO - [2023-06-19T18:47:54.236+0000] {taskmixin.py:211} WARNING - Dependency <Task(_PythonDecoratedOperator): prepare_email>, send_email already registered for DAG: example_dag_decorator
[2023-06-19T18:47:54.236+0000] {logging_mixin.py:149} INFO - [2023-06-19T18:47:54.236+0000] {taskmixin.py:211} WARNING - Dependency <Task(EmailOperator): send_email>, prepare_email already registered for DAG: example_dag_decorator
[2023-06-19T18:47:54.247+0000] {processor.py:836} INFO - DAG(s) dict_keys(['example_dag_decorator']) retrieved from /home/airflow/.local/lib/python3.7/site-packages/airflow/example_dags/example_dag_decorator.py
[2023-06-19T18:47:54.362+0000] {logging_mixin.py:149} INFO - [2023-06-19T18:47:54.362+0000] {dag.py:2726} INFO - Sync 1 DAGs
[2023-06-19T18:47:54.405+0000] {logging_mixin.py:149} INFO - [2023-06-19T18:47:54.404+0000] {dag.py:3490} INFO - Setting next_dagrun for example_dag_decorator to None, run_after=None
[2023-06-19T18:47:54.448+0000] {processor.py:179} INFO - Processing /home/airflow/.local/lib/python3.7/site-packages/airflow/example_dags/example_dag_decorator.py took 0.230 seconds
