[2023-06-19T04:16:21.071+0000] {processor.py:157} INFO - Started process (PID=103) to work on /home/airflow/.local/lib/python3.7/site-packages/airflow/example_dags/example_trigger_target_dag.py
[2023-06-19T04:16:21.072+0000] {processor.py:826} INFO - Processing file /home/airflow/.local/lib/python3.7/site-packages/airflow/example_dags/example_trigger_target_dag.py for tasks to queue
[2023-06-19T04:16:21.073+0000] {logging_mixin.py:149} INFO - [2023-06-19T04:16:21.073+0000] {dagbag.py:541} INFO - Filling up the DagBag from /home/airflow/.local/lib/python3.7/site-packages/airflow/example_dags/example_trigger_target_dag.py
[2023-06-19T04:16:21.278+0000] {processor.py:836} INFO - DAG(s) dict_keys(['example_trigger_target_dag']) retrieved from /home/airflow/.local/lib/python3.7/site-packages/airflow/example_dags/example_trigger_target_dag.py
[2023-06-19T04:16:21.324+0000] {logging_mixin.py:149} INFO - [2023-06-19T04:16:21.323+0000] {dag.py:2726} INFO - Sync 1 DAGs
[2023-06-19T04:16:21.482+0000] {logging_mixin.py:149} INFO - [2023-06-19T04:16:21.481+0000] {dag.py:3490} INFO - Setting next_dagrun for example_trigger_target_dag to None, run_after=None
[2023-06-19T04:16:21.714+0000] {processor.py:179} INFO - Processing /home/airflow/.local/lib/python3.7/site-packages/airflow/example_dags/example_trigger_target_dag.py took 0.648 seconds
[2023-06-19T04:18:11.204+0000] {processor.py:157} INFO - Started process (PID=194) to work on /home/airflow/.local/lib/python3.7/site-packages/airflow/example_dags/example_trigger_target_dag.py
[2023-06-19T04:18:11.399+0000] {processor.py:826} INFO - Processing file /home/airflow/.local/lib/python3.7/site-packages/airflow/example_dags/example_trigger_target_dag.py for tasks to queue
[2023-06-19T04:18:11.401+0000] {logging_mixin.py:149} INFO - [2023-06-19T04:18:11.400+0000] {dagbag.py:541} INFO - Filling up the DagBag from /home/airflow/.local/lib/python3.7/site-packages/airflow/example_dags/example_trigger_target_dag.py
[2023-06-19T04:18:11.455+0000] {processor.py:836} INFO - DAG(s) dict_keys(['example_trigger_target_dag']) retrieved from /home/airflow/.local/lib/python3.7/site-packages/airflow/example_dags/example_trigger_target_dag.py
[2023-06-19T04:18:11.626+0000] {logging_mixin.py:149} INFO - [2023-06-19T04:18:11.626+0000] {dag.py:2726} INFO - Sync 1 DAGs
[2023-06-19T04:18:11.661+0000] {logging_mixin.py:149} INFO - [2023-06-19T04:18:11.661+0000] {dag.py:3490} INFO - Setting next_dagrun for example_trigger_target_dag to None, run_after=None
[2023-06-19T04:18:11.809+0000] {processor.py:179} INFO - Processing /home/airflow/.local/lib/python3.7/site-packages/airflow/example_dags/example_trigger_target_dag.py took 0.630 seconds
[2023-06-19T04:18:42.470+0000] {processor.py:157} INFO - Started process (PID=262) to work on /home/airflow/.local/lib/python3.7/site-packages/airflow/example_dags/example_trigger_target_dag.py
[2023-06-19T04:18:42.521+0000] {processor.py:826} INFO - Processing file /home/airflow/.local/lib/python3.7/site-packages/airflow/example_dags/example_trigger_target_dag.py for tasks to queue
[2023-06-19T04:18:42.524+0000] {logging_mixin.py:149} INFO - [2023-06-19T04:18:42.523+0000] {dagbag.py:541} INFO - Filling up the DagBag from /home/airflow/.local/lib/python3.7/site-packages/airflow/example_dags/example_trigger_target_dag.py
[2023-06-19T04:18:42.540+0000] {processor.py:836} INFO - DAG(s) dict_keys(['example_trigger_target_dag']) retrieved from /home/airflow/.local/lib/python3.7/site-packages/airflow/example_dags/example_trigger_target_dag.py
[2023-06-19T04:18:42.630+0000] {logging_mixin.py:149} INFO - [2023-06-19T04:18:42.629+0000] {dag.py:2726} INFO - Sync 1 DAGs
[2023-06-19T04:18:42.728+0000] {logging_mixin.py:149} INFO - [2023-06-19T04:18:42.728+0000] {dag.py:3490} INFO - Setting next_dagrun for example_trigger_target_dag to None, run_after=None
[2023-06-19T04:18:43.133+0000] {processor.py:179} INFO - Processing /home/airflow/.local/lib/python3.7/site-packages/airflow/example_dags/example_trigger_target_dag.py took 0.669 seconds
[2023-06-19T18:43:48.610+0000] {processor.py:157} INFO - Started process (PID=101) to work on /home/airflow/.local/lib/python3.7/site-packages/airflow/example_dags/example_trigger_target_dag.py
[2023-06-19T18:43:48.703+0000] {processor.py:826} INFO - Processing file /home/airflow/.local/lib/python3.7/site-packages/airflow/example_dags/example_trigger_target_dag.py for tasks to queue
[2023-06-19T18:43:48.705+0000] {logging_mixin.py:149} INFO - [2023-06-19T18:43:48.705+0000] {dagbag.py:541} INFO - Filling up the DagBag from /home/airflow/.local/lib/python3.7/site-packages/airflow/example_dags/example_trigger_target_dag.py
[2023-06-19T18:43:48.724+0000] {processor.py:836} INFO - DAG(s) dict_keys(['example_trigger_target_dag']) retrieved from /home/airflow/.local/lib/python3.7/site-packages/airflow/example_dags/example_trigger_target_dag.py
[2023-06-19T18:43:48.771+0000] {logging_mixin.py:149} INFO - [2023-06-19T18:43:48.771+0000] {dag.py:2726} INFO - Sync 1 DAGs
[2023-06-19T18:43:48.804+0000] {logging_mixin.py:149} INFO - [2023-06-19T18:43:48.804+0000] {dag.py:3490} INFO - Setting next_dagrun for example_trigger_target_dag to None, run_after=None
[2023-06-19T18:43:48.933+0000] {processor.py:179} INFO - Processing /home/airflow/.local/lib/python3.7/site-packages/airflow/example_dags/example_trigger_target_dag.py took 0.327 seconds
[2023-06-19T18:45:26.128+0000] {processor.py:157} INFO - Started process (PID=193) to work on /home/airflow/.local/lib/python3.7/site-packages/airflow/example_dags/example_trigger_target_dag.py
[2023-06-19T18:45:26.148+0000] {processor.py:826} INFO - Processing file /home/airflow/.local/lib/python3.7/site-packages/airflow/example_dags/example_trigger_target_dag.py for tasks to queue
[2023-06-19T18:45:26.149+0000] {logging_mixin.py:149} INFO - [2023-06-19T18:45:26.149+0000] {dagbag.py:541} INFO - Filling up the DagBag from /home/airflow/.local/lib/python3.7/site-packages/airflow/example_dags/example_trigger_target_dag.py
[2023-06-19T18:45:26.197+0000] {processor.py:836} INFO - DAG(s) dict_keys(['example_trigger_target_dag']) retrieved from /home/airflow/.local/lib/python3.7/site-packages/airflow/example_dags/example_trigger_target_dag.py
[2023-06-19T18:45:26.397+0000] {logging_mixin.py:149} INFO - [2023-06-19T18:45:26.397+0000] {dag.py:2726} INFO - Sync 1 DAGs
[2023-06-19T18:45:26.444+0000] {logging_mixin.py:149} INFO - [2023-06-19T18:45:26.444+0000] {dag.py:3490} INFO - Setting next_dagrun for example_trigger_target_dag to None, run_after=None
[2023-06-19T18:45:26.501+0000] {processor.py:179} INFO - Processing /home/airflow/.local/lib/python3.7/site-packages/airflow/example_dags/example_trigger_target_dag.py took 0.380 seconds
[2023-06-19T18:45:56.567+0000] {processor.py:157} INFO - Started process (PID=261) to work on /home/airflow/.local/lib/python3.7/site-packages/airflow/example_dags/example_trigger_target_dag.py
[2023-06-19T18:45:56.569+0000] {processor.py:826} INFO - Processing file /home/airflow/.local/lib/python3.7/site-packages/airflow/example_dags/example_trigger_target_dag.py for tasks to queue
[2023-06-19T18:45:56.569+0000] {logging_mixin.py:149} INFO - [2023-06-19T18:45:56.569+0000] {dagbag.py:541} INFO - Filling up the DagBag from /home/airflow/.local/lib/python3.7/site-packages/airflow/example_dags/example_trigger_target_dag.py
[2023-06-19T18:45:56.576+0000] {processor.py:836} INFO - DAG(s) dict_keys(['example_trigger_target_dag']) retrieved from /home/airflow/.local/lib/python3.7/site-packages/airflow/example_dags/example_trigger_target_dag.py
[2023-06-19T18:45:56.606+0000] {logging_mixin.py:149} INFO - [2023-06-19T18:45:56.605+0000] {dag.py:2726} INFO - Sync 1 DAGs
[2023-06-19T18:45:56.639+0000] {logging_mixin.py:149} INFO - [2023-06-19T18:45:56.638+0000] {dag.py:3490} INFO - Setting next_dagrun for example_trigger_target_dag to None, run_after=None
[2023-06-19T18:45:56.688+0000] {processor.py:179} INFO - Processing /home/airflow/.local/lib/python3.7/site-packages/airflow/example_dags/example_trigger_target_dag.py took 0.125 seconds
[2023-06-19T18:46:26.767+0000] {processor.py:157} INFO - Started process (PID=329) to work on /home/airflow/.local/lib/python3.7/site-packages/airflow/example_dags/example_trigger_target_dag.py
[2023-06-19T18:46:26.768+0000] {processor.py:826} INFO - Processing file /home/airflow/.local/lib/python3.7/site-packages/airflow/example_dags/example_trigger_target_dag.py for tasks to queue
[2023-06-19T18:46:26.768+0000] {logging_mixin.py:149} INFO - [2023-06-19T18:46:26.768+0000] {dagbag.py:541} INFO - Filling up the DagBag from /home/airflow/.local/lib/python3.7/site-packages/airflow/example_dags/example_trigger_target_dag.py
[2023-06-19T18:46:26.776+0000] {processor.py:836} INFO - DAG(s) dict_keys(['example_trigger_target_dag']) retrieved from /home/airflow/.local/lib/python3.7/site-packages/airflow/example_dags/example_trigger_target_dag.py
[2023-06-19T18:46:26.810+0000] {logging_mixin.py:149} INFO - [2023-06-19T18:46:26.810+0000] {dag.py:2726} INFO - Sync 1 DAGs
[2023-06-19T18:46:26.844+0000] {logging_mixin.py:149} INFO - [2023-06-19T18:46:26.844+0000] {dag.py:3490} INFO - Setting next_dagrun for example_trigger_target_dag to None, run_after=None
[2023-06-19T18:46:26.954+0000] {processor.py:179} INFO - Processing /home/airflow/.local/lib/python3.7/site-packages/airflow/example_dags/example_trigger_target_dag.py took 0.191 seconds
[2023-06-19T18:46:57.018+0000] {processor.py:157} INFO - Started process (PID=396) to work on /home/airflow/.local/lib/python3.7/site-packages/airflow/example_dags/example_trigger_target_dag.py
[2023-06-19T18:46:57.020+0000] {processor.py:826} INFO - Processing file /home/airflow/.local/lib/python3.7/site-packages/airflow/example_dags/example_trigger_target_dag.py for tasks to queue
[2023-06-19T18:46:57.021+0000] {logging_mixin.py:149} INFO - [2023-06-19T18:46:57.021+0000] {dagbag.py:541} INFO - Filling up the DagBag from /home/airflow/.local/lib/python3.7/site-packages/airflow/example_dags/example_trigger_target_dag.py
[2023-06-19T18:46:57.030+0000] {processor.py:836} INFO - DAG(s) dict_keys(['example_trigger_target_dag']) retrieved from /home/airflow/.local/lib/python3.7/site-packages/airflow/example_dags/example_trigger_target_dag.py
[2023-06-19T18:46:57.072+0000] {logging_mixin.py:149} INFO - [2023-06-19T18:46:57.071+0000] {dag.py:2726} INFO - Sync 1 DAGs
[2023-06-19T18:46:57.124+0000] {logging_mixin.py:149} INFO - [2023-06-19T18:46:57.124+0000] {dag.py:3490} INFO - Setting next_dagrun for example_trigger_target_dag to None, run_after=None
[2023-06-19T18:46:57.172+0000] {processor.py:179} INFO - Processing /home/airflow/.local/lib/python3.7/site-packages/airflow/example_dags/example_trigger_target_dag.py took 0.159 seconds
[2023-06-19T18:47:27.336+0000] {processor.py:157} INFO - Started process (PID=464) to work on /home/airflow/.local/lib/python3.7/site-packages/airflow/example_dags/example_trigger_target_dag.py
[2023-06-19T18:47:27.337+0000] {processor.py:826} INFO - Processing file /home/airflow/.local/lib/python3.7/site-packages/airflow/example_dags/example_trigger_target_dag.py for tasks to queue
[2023-06-19T18:47:27.338+0000] {logging_mixin.py:149} INFO - [2023-06-19T18:47:27.337+0000] {dagbag.py:541} INFO - Filling up the DagBag from /home/airflow/.local/lib/python3.7/site-packages/airflow/example_dags/example_trigger_target_dag.py
[2023-06-19T18:47:27.345+0000] {processor.py:836} INFO - DAG(s) dict_keys(['example_trigger_target_dag']) retrieved from /home/airflow/.local/lib/python3.7/site-packages/airflow/example_dags/example_trigger_target_dag.py
[2023-06-19T18:47:27.377+0000] {logging_mixin.py:149} INFO - [2023-06-19T18:47:27.377+0000] {dag.py:2726} INFO - Sync 1 DAGs
[2023-06-19T18:47:27.421+0000] {logging_mixin.py:149} INFO - [2023-06-19T18:47:27.420+0000] {dag.py:3490} INFO - Setting next_dagrun for example_trigger_target_dag to None, run_after=None
[2023-06-19T18:47:27.487+0000] {processor.py:179} INFO - Processing /home/airflow/.local/lib/python3.7/site-packages/airflow/example_dags/example_trigger_target_dag.py took 0.155 seconds
[2023-06-19T18:47:58.102+0000] {processor.py:157} INFO - Started process (PID=532) to work on /home/airflow/.local/lib/python3.7/site-packages/airflow/example_dags/example_trigger_target_dag.py
[2023-06-19T18:47:58.128+0000] {processor.py:826} INFO - Processing file /home/airflow/.local/lib/python3.7/site-packages/airflow/example_dags/example_trigger_target_dag.py for tasks to queue
[2023-06-19T18:47:58.130+0000] {logging_mixin.py:149} INFO - [2023-06-19T18:47:58.129+0000] {dagbag.py:541} INFO - Filling up the DagBag from /home/airflow/.local/lib/python3.7/site-packages/airflow/example_dags/example_trigger_target_dag.py
[2023-06-19T18:47:58.138+0000] {processor.py:836} INFO - DAG(s) dict_keys(['example_trigger_target_dag']) retrieved from /home/airflow/.local/lib/python3.7/site-packages/airflow/example_dags/example_trigger_target_dag.py
[2023-06-19T18:47:58.167+0000] {logging_mixin.py:149} INFO - [2023-06-19T18:47:58.167+0000] {dag.py:2726} INFO - Sync 1 DAGs
[2023-06-19T18:47:58.202+0000] {logging_mixin.py:149} INFO - [2023-06-19T18:47:58.202+0000] {dag.py:3490} INFO - Setting next_dagrun for example_trigger_target_dag to None, run_after=None
[2023-06-19T18:47:58.252+0000] {processor.py:179} INFO - Processing /home/airflow/.local/lib/python3.7/site-packages/airflow/example_dags/example_trigger_target_dag.py took 0.154 seconds
