[2023-06-19T04:16:17.322+0000] {processor.py:157} INFO - Started process (PID=94) to work on /home/airflow/.local/lib/python3.7/site-packages/airflow/example_dags/example_short_circuit_operator.py
[2023-06-19T04:16:17.325+0000] {processor.py:826} INFO - Processing file /home/airflow/.local/lib/python3.7/site-packages/airflow/example_dags/example_short_circuit_operator.py for tasks to queue
[2023-06-19T04:16:17.329+0000] {logging_mixin.py:149} INFO - [2023-06-19T04:16:17.328+0000] {dagbag.py:541} INFO - Filling up the DagBag from /home/airflow/.local/lib/python3.7/site-packages/airflow/example_dags/example_short_circuit_operator.py
[2023-06-19T04:16:17.380+0000] {processor.py:836} INFO - DAG(s) dict_keys(['example_short_circuit_operator']) retrieved from /home/airflow/.local/lib/python3.7/site-packages/airflow/example_dags/example_short_circuit_operator.py
[2023-06-19T04:16:17.433+0000] {logging_mixin.py:149} INFO - [2023-06-19T04:16:17.433+0000] {dag.py:2726} INFO - Sync 1 DAGs
[2023-06-19T04:16:17.489+0000] {logging_mixin.py:149} INFO - [2023-06-19T04:16:17.488+0000] {dag.py:3490} INFO - Setting next_dagrun for example_short_circuit_operator to 2023-06-18T04:16:17.488571+00:00, run_after=2023-06-19T04:16:17.488571+00:00
[2023-06-19T04:16:17.686+0000] {processor.py:179} INFO - Processing /home/airflow/.local/lib/python3.7/site-packages/airflow/example_dags/example_short_circuit_operator.py took 0.376 seconds
[2023-06-19T04:18:08.523+0000] {processor.py:157} INFO - Started process (PID=185) to work on /home/airflow/.local/lib/python3.7/site-packages/airflow/example_dags/example_short_circuit_operator.py
[2023-06-19T04:18:08.524+0000] {processor.py:826} INFO - Processing file /home/airflow/.local/lib/python3.7/site-packages/airflow/example_dags/example_short_circuit_operator.py for tasks to queue
[2023-06-19T04:18:08.525+0000] {logging_mixin.py:149} INFO - [2023-06-19T04:18:08.525+0000] {dagbag.py:541} INFO - Filling up the DagBag from /home/airflow/.local/lib/python3.7/site-packages/airflow/example_dags/example_short_circuit_operator.py
[2023-06-19T04:18:08.537+0000] {processor.py:836} INFO - DAG(s) dict_keys(['example_short_circuit_operator']) retrieved from /home/airflow/.local/lib/python3.7/site-packages/airflow/example_dags/example_short_circuit_operator.py
[2023-06-19T04:18:08.721+0000] {logging_mixin.py:149} INFO - [2023-06-19T04:18:08.721+0000] {dag.py:2726} INFO - Sync 1 DAGs
[2023-06-19T04:18:08.781+0000] {logging_mixin.py:149} INFO - [2023-06-19T04:18:08.781+0000] {dag.py:3490} INFO - Setting next_dagrun for example_short_circuit_operator to 2023-06-18T04:18:08.780812+00:00, run_after=2023-06-19T04:18:08.780812+00:00
[2023-06-19T04:18:08.910+0000] {processor.py:179} INFO - Processing /home/airflow/.local/lib/python3.7/site-packages/airflow/example_dags/example_short_circuit_operator.py took 0.392 seconds
[2023-06-19T04:18:38.983+0000] {processor.py:157} INFO - Started process (PID=253) to work on /home/airflow/.local/lib/python3.7/site-packages/airflow/example_dags/example_short_circuit_operator.py
[2023-06-19T04:18:39.004+0000] {processor.py:826} INFO - Processing file /home/airflow/.local/lib/python3.7/site-packages/airflow/example_dags/example_short_circuit_operator.py for tasks to queue
[2023-06-19T04:18:39.005+0000] {logging_mixin.py:149} INFO - [2023-06-19T04:18:39.004+0000] {dagbag.py:541} INFO - Filling up the DagBag from /home/airflow/.local/lib/python3.7/site-packages/airflow/example_dags/example_short_circuit_operator.py
[2023-06-19T04:18:39.015+0000] {processor.py:836} INFO - DAG(s) dict_keys(['example_short_circuit_operator']) retrieved from /home/airflow/.local/lib/python3.7/site-packages/airflow/example_dags/example_short_circuit_operator.py
[2023-06-19T04:18:39.052+0000] {logging_mixin.py:149} INFO - [2023-06-19T04:18:39.052+0000] {dag.py:2726} INFO - Sync 1 DAGs
[2023-06-19T04:18:39.087+0000] {logging_mixin.py:149} INFO - [2023-06-19T04:18:39.086+0000] {dag.py:3490} INFO - Setting next_dagrun for example_short_circuit_operator to 2023-06-18T04:18:39.086589+00:00, run_after=2023-06-19T04:18:39.086589+00:00
[2023-06-19T04:18:39.140+0000] {processor.py:179} INFO - Processing /home/airflow/.local/lib/python3.7/site-packages/airflow/example_dags/example_short_circuit_operator.py took 0.163 seconds
[2023-06-19T18:43:43.507+0000] {processor.py:157} INFO - Started process (PID=92) to work on /home/airflow/.local/lib/python3.7/site-packages/airflow/example_dags/example_short_circuit_operator.py
[2023-06-19T18:43:43.540+0000] {processor.py:826} INFO - Processing file /home/airflow/.local/lib/python3.7/site-packages/airflow/example_dags/example_short_circuit_operator.py for tasks to queue
[2023-06-19T18:43:43.541+0000] {logging_mixin.py:149} INFO - [2023-06-19T18:43:43.540+0000] {dagbag.py:541} INFO - Filling up the DagBag from /home/airflow/.local/lib/python3.7/site-packages/airflow/example_dags/example_short_circuit_operator.py
[2023-06-19T18:43:43.686+0000] {processor.py:836} INFO - DAG(s) dict_keys(['example_short_circuit_operator']) retrieved from /home/airflow/.local/lib/python3.7/site-packages/airflow/example_dags/example_short_circuit_operator.py
[2023-06-19T18:43:43.993+0000] {logging_mixin.py:149} INFO - [2023-06-19T18:43:43.992+0000] {dag.py:2726} INFO - Sync 1 DAGs
[2023-06-19T18:43:44.052+0000] {logging_mixin.py:149} INFO - [2023-06-19T18:43:44.052+0000] {dag.py:3490} INFO - Setting next_dagrun for example_short_circuit_operator to 2023-06-18T18:43:44.051739+00:00, run_after=2023-06-19T18:43:44.051739+00:00
[2023-06-19T18:43:44.250+0000] {processor.py:179} INFO - Processing /home/airflow/.local/lib/python3.7/site-packages/airflow/example_dags/example_short_circuit_operator.py took 0.747 seconds
[2023-06-19T18:45:23.677+0000] {processor.py:157} INFO - Started process (PID=184) to work on /home/airflow/.local/lib/python3.7/site-packages/airflow/example_dags/example_short_circuit_operator.py
[2023-06-19T18:45:23.725+0000] {processor.py:826} INFO - Processing file /home/airflow/.local/lib/python3.7/site-packages/airflow/example_dags/example_short_circuit_operator.py for tasks to queue
[2023-06-19T18:45:23.726+0000] {logging_mixin.py:149} INFO - [2023-06-19T18:45:23.726+0000] {dagbag.py:541} INFO - Filling up the DagBag from /home/airflow/.local/lib/python3.7/site-packages/airflow/example_dags/example_short_circuit_operator.py
[2023-06-19T18:45:23.737+0000] {processor.py:836} INFO - DAG(s) dict_keys(['example_short_circuit_operator']) retrieved from /home/airflow/.local/lib/python3.7/site-packages/airflow/example_dags/example_short_circuit_operator.py
[2023-06-19T18:45:23.772+0000] {logging_mixin.py:149} INFO - [2023-06-19T18:45:23.772+0000] {dag.py:2726} INFO - Sync 1 DAGs
[2023-06-19T18:45:23.989+0000] {logging_mixin.py:149} INFO - [2023-06-19T18:45:23.988+0000] {dag.py:3490} INFO - Setting next_dagrun for example_short_circuit_operator to 2023-06-18T18:45:23.988656+00:00, run_after=2023-06-19T18:45:23.988656+00:00
[2023-06-19T18:45:24.061+0000] {processor.py:179} INFO - Processing /home/airflow/.local/lib/python3.7/site-packages/airflow/example_dags/example_short_circuit_operator.py took 0.389 seconds
[2023-06-19T18:45:54.447+0000] {processor.py:157} INFO - Started process (PID=252) to work on /home/airflow/.local/lib/python3.7/site-packages/airflow/example_dags/example_short_circuit_operator.py
[2023-06-19T18:45:54.448+0000] {processor.py:826} INFO - Processing file /home/airflow/.local/lib/python3.7/site-packages/airflow/example_dags/example_short_circuit_operator.py for tasks to queue
[2023-06-19T18:45:54.449+0000] {logging_mixin.py:149} INFO - [2023-06-19T18:45:54.449+0000] {dagbag.py:541} INFO - Filling up the DagBag from /home/airflow/.local/lib/python3.7/site-packages/airflow/example_dags/example_short_circuit_operator.py
[2023-06-19T18:45:54.464+0000] {processor.py:836} INFO - DAG(s) dict_keys(['example_short_circuit_operator']) retrieved from /home/airflow/.local/lib/python3.7/site-packages/airflow/example_dags/example_short_circuit_operator.py
[2023-06-19T18:45:54.512+0000] {logging_mixin.py:149} INFO - [2023-06-19T18:45:54.511+0000] {dag.py:2726} INFO - Sync 1 DAGs
[2023-06-19T18:45:54.551+0000] {logging_mixin.py:149} INFO - [2023-06-19T18:45:54.551+0000] {dag.py:3490} INFO - Setting next_dagrun for example_short_circuit_operator to 2023-06-18T18:45:54.550695+00:00, run_after=2023-06-19T18:45:54.550695+00:00
[2023-06-19T18:45:54.586+0000] {processor.py:179} INFO - Processing /home/airflow/.local/lib/python3.7/site-packages/airflow/example_dags/example_short_circuit_operator.py took 0.145 seconds
[2023-06-19T18:46:24.761+0000] {processor.py:157} INFO - Started process (PID=320) to work on /home/airflow/.local/lib/python3.7/site-packages/airflow/example_dags/example_short_circuit_operator.py
[2023-06-19T18:46:24.763+0000] {processor.py:826} INFO - Processing file /home/airflow/.local/lib/python3.7/site-packages/airflow/example_dags/example_short_circuit_operator.py for tasks to queue
[2023-06-19T18:46:24.764+0000] {logging_mixin.py:149} INFO - [2023-06-19T18:46:24.764+0000] {dagbag.py:541} INFO - Filling up the DagBag from /home/airflow/.local/lib/python3.7/site-packages/airflow/example_dags/example_short_circuit_operator.py
[2023-06-19T18:46:24.774+0000] {processor.py:836} INFO - DAG(s) dict_keys(['example_short_circuit_operator']) retrieved from /home/airflow/.local/lib/python3.7/site-packages/airflow/example_dags/example_short_circuit_operator.py
[2023-06-19T18:46:24.814+0000] {logging_mixin.py:149} INFO - [2023-06-19T18:46:24.814+0000] {dag.py:2726} INFO - Sync 1 DAGs
[2023-06-19T18:46:24.861+0000] {logging_mixin.py:149} INFO - [2023-06-19T18:46:24.861+0000] {dag.py:3490} INFO - Setting next_dagrun for example_short_circuit_operator to 2023-06-18T18:46:24.860978+00:00, run_after=2023-06-19T18:46:24.860978+00:00
[2023-06-19T18:46:24.906+0000] {processor.py:179} INFO - Processing /home/airflow/.local/lib/python3.7/site-packages/airflow/example_dags/example_short_circuit_operator.py took 0.149 seconds
[2023-06-19T18:46:55.013+0000] {processor.py:157} INFO - Started process (PID=388) to work on /home/airflow/.local/lib/python3.7/site-packages/airflow/example_dags/example_short_circuit_operator.py
[2023-06-19T18:46:55.014+0000] {processor.py:826} INFO - Processing file /home/airflow/.local/lib/python3.7/site-packages/airflow/example_dags/example_short_circuit_operator.py for tasks to queue
[2023-06-19T18:46:55.015+0000] {logging_mixin.py:149} INFO - [2023-06-19T18:46:55.014+0000] {dagbag.py:541} INFO - Filling up the DagBag from /home/airflow/.local/lib/python3.7/site-packages/airflow/example_dags/example_short_circuit_operator.py
[2023-06-19T18:46:55.025+0000] {processor.py:836} INFO - DAG(s) dict_keys(['example_short_circuit_operator']) retrieved from /home/airflow/.local/lib/python3.7/site-packages/airflow/example_dags/example_short_circuit_operator.py
[2023-06-19T18:46:55.057+0000] {logging_mixin.py:149} INFO - [2023-06-19T18:46:55.057+0000] {dag.py:2726} INFO - Sync 1 DAGs
[2023-06-19T18:46:55.089+0000] {logging_mixin.py:149} INFO - [2023-06-19T18:46:55.088+0000] {dag.py:3490} INFO - Setting next_dagrun for example_short_circuit_operator to 2023-06-18T18:46:55.088659+00:00, run_after=2023-06-19T18:46:55.088659+00:00
[2023-06-19T18:46:55.119+0000] {processor.py:179} INFO - Processing /home/airflow/.local/lib/python3.7/site-packages/airflow/example_dags/example_short_circuit_operator.py took 0.111 seconds
[2023-06-19T18:47:25.561+0000] {processor.py:157} INFO - Started process (PID=456) to work on /home/airflow/.local/lib/python3.7/site-packages/airflow/example_dags/example_short_circuit_operator.py
[2023-06-19T18:47:25.562+0000] {processor.py:826} INFO - Processing file /home/airflow/.local/lib/python3.7/site-packages/airflow/example_dags/example_short_circuit_operator.py for tasks to queue
[2023-06-19T18:47:25.563+0000] {logging_mixin.py:149} INFO - [2023-06-19T18:47:25.563+0000] {dagbag.py:541} INFO - Filling up the DagBag from /home/airflow/.local/lib/python3.7/site-packages/airflow/example_dags/example_short_circuit_operator.py
[2023-06-19T18:47:25.573+0000] {processor.py:836} INFO - DAG(s) dict_keys(['example_short_circuit_operator']) retrieved from /home/airflow/.local/lib/python3.7/site-packages/airflow/example_dags/example_short_circuit_operator.py
[2023-06-19T18:47:25.610+0000] {logging_mixin.py:149} INFO - [2023-06-19T18:47:25.610+0000] {dag.py:2726} INFO - Sync 1 DAGs
[2023-06-19T18:47:25.645+0000] {logging_mixin.py:149} INFO - [2023-06-19T18:47:25.645+0000] {dag.py:3490} INFO - Setting next_dagrun for example_short_circuit_operator to 2023-06-18T18:47:25.645012+00:00, run_after=2023-06-19T18:47:25.645012+00:00
[2023-06-19T18:47:25.689+0000] {processor.py:179} INFO - Processing /home/airflow/.local/lib/python3.7/site-packages/airflow/example_dags/example_short_circuit_operator.py took 0.133 seconds
[2023-06-19T18:47:56.220+0000] {processor.py:157} INFO - Started process (PID=524) to work on /home/airflow/.local/lib/python3.7/site-packages/airflow/example_dags/example_short_circuit_operator.py
[2023-06-19T18:47:56.221+0000] {processor.py:826} INFO - Processing file /home/airflow/.local/lib/python3.7/site-packages/airflow/example_dags/example_short_circuit_operator.py for tasks to queue
[2023-06-19T18:47:56.222+0000] {logging_mixin.py:149} INFO - [2023-06-19T18:47:56.222+0000] {dagbag.py:541} INFO - Filling up the DagBag from /home/airflow/.local/lib/python3.7/site-packages/airflow/example_dags/example_short_circuit_operator.py
[2023-06-19T18:47:56.236+0000] {processor.py:836} INFO - DAG(s) dict_keys(['example_short_circuit_operator']) retrieved from /home/airflow/.local/lib/python3.7/site-packages/airflow/example_dags/example_short_circuit_operator.py
[2023-06-19T18:47:56.282+0000] {logging_mixin.py:149} INFO - [2023-06-19T18:47:56.282+0000] {dag.py:2726} INFO - Sync 1 DAGs
[2023-06-19T18:47:56.332+0000] {logging_mixin.py:149} INFO - [2023-06-19T18:47:56.331+0000] {dag.py:3490} INFO - Setting next_dagrun for example_short_circuit_operator to 2023-06-18T18:47:56.331473+00:00, run_after=2023-06-19T18:47:56.331473+00:00
[2023-06-19T18:47:56.371+0000] {processor.py:179} INFO - Processing /home/airflow/.local/lib/python3.7/site-packages/airflow/example_dags/example_short_circuit_operator.py took 0.157 seconds
