[2023-06-19T04:16:17.397+0000] {processor.py:157} INFO - Started process (PID=95) to work on /home/airflow/.local/lib/python3.7/site-packages/airflow/example_dags/example_short_circuit_decorator.py
[2023-06-19T04:16:17.398+0000] {processor.py:826} INFO - Processing file /home/airflow/.local/lib/python3.7/site-packages/airflow/example_dags/example_short_circuit_decorator.py for tasks to queue
[2023-06-19T04:16:17.399+0000] {logging_mixin.py:149} INFO - [2023-06-19T04:16:17.399+0000] {dagbag.py:541} INFO - Filling up the DagBag from /home/airflow/.local/lib/python3.7/site-packages/airflow/example_dags/example_short_circuit_decorator.py
[2023-06-19T04:16:17.414+0000] {processor.py:836} INFO - DAG(s) dict_keys(['example_short_circuit_decorator']) retrieved from /home/airflow/.local/lib/python3.7/site-packages/airflow/example_dags/example_short_circuit_decorator.py
[2023-06-19T04:16:17.464+0000] {logging_mixin.py:149} INFO - [2023-06-19T04:16:17.463+0000] {dag.py:2726} INFO - Sync 1 DAGs
[2023-06-19T04:16:17.515+0000] {logging_mixin.py:149} INFO - [2023-06-19T04:16:17.514+0000] {dag.py:3490} INFO - Setting next_dagrun for example_short_circuit_decorator to 2023-06-18T04:16:17.514645+00:00, run_after=2023-06-19T04:16:17.514645+00:00
[2023-06-19T04:16:17.686+0000] {processor.py:179} INFO - Processing /home/airflow/.local/lib/python3.7/site-packages/airflow/example_dags/example_short_circuit_decorator.py took 0.294 seconds
[2023-06-19T04:18:08.547+0000] {processor.py:157} INFO - Started process (PID=186) to work on /home/airflow/.local/lib/python3.7/site-packages/airflow/example_dags/example_short_circuit_decorator.py
[2023-06-19T04:18:08.549+0000] {processor.py:826} INFO - Processing file /home/airflow/.local/lib/python3.7/site-packages/airflow/example_dags/example_short_circuit_decorator.py for tasks to queue
[2023-06-19T04:18:08.550+0000] {logging_mixin.py:149} INFO - [2023-06-19T04:18:08.550+0000] {dagbag.py:541} INFO - Filling up the DagBag from /home/airflow/.local/lib/python3.7/site-packages/airflow/example_dags/example_short_circuit_decorator.py
[2023-06-19T04:18:08.717+0000] {processor.py:836} INFO - DAG(s) dict_keys(['example_short_circuit_decorator']) retrieved from /home/airflow/.local/lib/python3.7/site-packages/airflow/example_dags/example_short_circuit_decorator.py
[2023-06-19T04:18:08.926+0000] {logging_mixin.py:149} INFO - [2023-06-19T04:18:08.926+0000] {dag.py:2726} INFO - Sync 1 DAGs
[2023-06-19T04:18:08.965+0000] {logging_mixin.py:149} INFO - [2023-06-19T04:18:08.965+0000] {dag.py:3490} INFO - Setting next_dagrun for example_short_circuit_decorator to 2023-06-18T04:18:08.964813+00:00, run_after=2023-06-19T04:18:08.964813+00:00
[2023-06-19T04:18:09.102+0000] {processor.py:179} INFO - Processing /home/airflow/.local/lib/python3.7/site-packages/airflow/example_dags/example_short_circuit_decorator.py took 0.561 seconds
[2023-06-19T04:18:39.165+0000] {processor.py:157} INFO - Started process (PID=254) to work on /home/airflow/.local/lib/python3.7/site-packages/airflow/example_dags/example_short_circuit_decorator.py
[2023-06-19T04:18:39.166+0000] {processor.py:826} INFO - Processing file /home/airflow/.local/lib/python3.7/site-packages/airflow/example_dags/example_short_circuit_decorator.py for tasks to queue
[2023-06-19T04:18:39.167+0000] {logging_mixin.py:149} INFO - [2023-06-19T04:18:39.167+0000] {dagbag.py:541} INFO - Filling up the DagBag from /home/airflow/.local/lib/python3.7/site-packages/airflow/example_dags/example_short_circuit_decorator.py
[2023-06-19T04:18:39.181+0000] {processor.py:836} INFO - DAG(s) dict_keys(['example_short_circuit_decorator']) retrieved from /home/airflow/.local/lib/python3.7/site-packages/airflow/example_dags/example_short_circuit_decorator.py
[2023-06-19T04:18:39.225+0000] {logging_mixin.py:149} INFO - [2023-06-19T04:18:39.225+0000] {dag.py:2726} INFO - Sync 1 DAGs
[2023-06-19T04:18:39.269+0000] {logging_mixin.py:149} INFO - [2023-06-19T04:18:39.269+0000] {dag.py:3490} INFO - Setting next_dagrun for example_short_circuit_decorator to 2023-06-18T04:18:39.269472+00:00, run_after=2023-06-19T04:18:39.269472+00:00
[2023-06-19T04:18:39.353+0000] {processor.py:179} INFO - Processing /home/airflow/.local/lib/python3.7/site-packages/airflow/example_dags/example_short_circuit_decorator.py took 0.192 seconds
[2023-06-19T18:43:44.187+0000] {processor.py:157} INFO - Started process (PID=93) to work on /home/airflow/.local/lib/python3.7/site-packages/airflow/example_dags/example_short_circuit_decorator.py
[2023-06-19T18:43:44.227+0000] {processor.py:826} INFO - Processing file /home/airflow/.local/lib/python3.7/site-packages/airflow/example_dags/example_short_circuit_decorator.py for tasks to queue
[2023-06-19T18:43:44.230+0000] {logging_mixin.py:149} INFO - [2023-06-19T18:43:44.230+0000] {dagbag.py:541} INFO - Filling up the DagBag from /home/airflow/.local/lib/python3.7/site-packages/airflow/example_dags/example_short_circuit_decorator.py
[2023-06-19T18:43:44.288+0000] {processor.py:836} INFO - DAG(s) dict_keys(['example_short_circuit_decorator']) retrieved from /home/airflow/.local/lib/python3.7/site-packages/airflow/example_dags/example_short_circuit_decorator.py
[2023-06-19T18:43:44.339+0000] {logging_mixin.py:149} INFO - [2023-06-19T18:43:44.339+0000] {dag.py:2726} INFO - Sync 1 DAGs
[2023-06-19T18:43:44.382+0000] {logging_mixin.py:149} INFO - [2023-06-19T18:43:44.382+0000] {dag.py:3490} INFO - Setting next_dagrun for example_short_circuit_decorator to 2023-06-18T18:43:44.381924+00:00, run_after=2023-06-19T18:43:44.381924+00:00
[2023-06-19T18:43:44.499+0000] {processor.py:179} INFO - Processing /home/airflow/.local/lib/python3.7/site-packages/airflow/example_dags/example_short_circuit_decorator.py took 0.317 seconds
[2023-06-19T18:45:23.712+0000] {processor.py:157} INFO - Started process (PID=185) to work on /home/airflow/.local/lib/python3.7/site-packages/airflow/example_dags/example_short_circuit_decorator.py
[2023-06-19T18:45:23.725+0000] {processor.py:826} INFO - Processing file /home/airflow/.local/lib/python3.7/site-packages/airflow/example_dags/example_short_circuit_decorator.py for tasks to queue
[2023-06-19T18:45:23.727+0000] {logging_mixin.py:149} INFO - [2023-06-19T18:45:23.726+0000] {dagbag.py:541} INFO - Filling up the DagBag from /home/airflow/.local/lib/python3.7/site-packages/airflow/example_dags/example_short_circuit_decorator.py
[2023-06-19T18:45:23.786+0000] {processor.py:836} INFO - DAG(s) dict_keys(['example_short_circuit_decorator']) retrieved from /home/airflow/.local/lib/python3.7/site-packages/airflow/example_dags/example_short_circuit_decorator.py
[2023-06-19T18:45:24.033+0000] {logging_mixin.py:149} INFO - [2023-06-19T18:45:24.032+0000] {dag.py:2726} INFO - Sync 1 DAGs
[2023-06-19T18:45:24.085+0000] {logging_mixin.py:149} INFO - [2023-06-19T18:45:24.085+0000] {dag.py:3490} INFO - Setting next_dagrun for example_short_circuit_decorator to 2023-06-18T18:45:24.085190+00:00, run_after=2023-06-19T18:45:24.085190+00:00
[2023-06-19T18:45:24.147+0000] {processor.py:179} INFO - Processing /home/airflow/.local/lib/python3.7/site-packages/airflow/example_dags/example_short_circuit_decorator.py took 0.438 seconds
[2023-06-19T18:45:54.468+0000] {processor.py:157} INFO - Started process (PID=253) to work on /home/airflow/.local/lib/python3.7/site-packages/airflow/example_dags/example_short_circuit_decorator.py
[2023-06-19T18:45:54.469+0000] {processor.py:826} INFO - Processing file /home/airflow/.local/lib/python3.7/site-packages/airflow/example_dags/example_short_circuit_decorator.py for tasks to queue
[2023-06-19T18:45:54.470+0000] {logging_mixin.py:149} INFO - [2023-06-19T18:45:54.470+0000] {dagbag.py:541} INFO - Filling up the DagBag from /home/airflow/.local/lib/python3.7/site-packages/airflow/example_dags/example_short_circuit_decorator.py
[2023-06-19T18:45:54.488+0000] {processor.py:836} INFO - DAG(s) dict_keys(['example_short_circuit_decorator']) retrieved from /home/airflow/.local/lib/python3.7/site-packages/airflow/example_dags/example_short_circuit_decorator.py
[2023-06-19T18:45:54.539+0000] {logging_mixin.py:149} INFO - [2023-06-19T18:45:54.539+0000] {dag.py:2726} INFO - Sync 1 DAGs
[2023-06-19T18:45:54.593+0000] {logging_mixin.py:149} INFO - [2023-06-19T18:45:54.593+0000] {dag.py:3490} INFO - Setting next_dagrun for example_short_circuit_decorator to 2023-06-18T18:45:54.592621+00:00, run_after=2023-06-19T18:45:54.592621+00:00
[2023-06-19T18:45:54.634+0000] {processor.py:179} INFO - Processing /home/airflow/.local/lib/python3.7/site-packages/airflow/example_dags/example_short_circuit_decorator.py took 0.170 seconds
[2023-06-19T18:46:24.838+0000] {processor.py:157} INFO - Started process (PID=321) to work on /home/airflow/.local/lib/python3.7/site-packages/airflow/example_dags/example_short_circuit_decorator.py
[2023-06-19T18:46:24.839+0000] {processor.py:826} INFO - Processing file /home/airflow/.local/lib/python3.7/site-packages/airflow/example_dags/example_short_circuit_decorator.py for tasks to queue
[2023-06-19T18:46:24.840+0000] {logging_mixin.py:149} INFO - [2023-06-19T18:46:24.840+0000] {dagbag.py:541} INFO - Filling up the DagBag from /home/airflow/.local/lib/python3.7/site-packages/airflow/example_dags/example_short_circuit_decorator.py
[2023-06-19T18:46:24.853+0000] {processor.py:836} INFO - DAG(s) dict_keys(['example_short_circuit_decorator']) retrieved from /home/airflow/.local/lib/python3.7/site-packages/airflow/example_dags/example_short_circuit_decorator.py
[2023-06-19T18:46:24.890+0000] {logging_mixin.py:149} INFO - [2023-06-19T18:46:24.890+0000] {dag.py:2726} INFO - Sync 1 DAGs
[2023-06-19T18:46:24.934+0000] {logging_mixin.py:149} INFO - [2023-06-19T18:46:24.934+0000] {dag.py:3490} INFO - Setting next_dagrun for example_short_circuit_decorator to 2023-06-18T18:46:24.933834+00:00, run_after=2023-06-19T18:46:24.933834+00:00
[2023-06-19T18:46:25.016+0000] {processor.py:179} INFO - Processing /home/airflow/.local/lib/python3.7/site-packages/airflow/example_dags/example_short_circuit_decorator.py took 0.183 seconds
[2023-06-19T18:46:55.141+0000] {processor.py:157} INFO - Started process (PID=389) to work on /home/airflow/.local/lib/python3.7/site-packages/airflow/example_dags/example_short_circuit_decorator.py
[2023-06-19T18:46:55.142+0000] {processor.py:826} INFO - Processing file /home/airflow/.local/lib/python3.7/site-packages/airflow/example_dags/example_short_circuit_decorator.py for tasks to queue
[2023-06-19T18:46:55.144+0000] {logging_mixin.py:149} INFO - [2023-06-19T18:46:55.144+0000] {dagbag.py:541} INFO - Filling up the DagBag from /home/airflow/.local/lib/python3.7/site-packages/airflow/example_dags/example_short_circuit_decorator.py
[2023-06-19T18:46:55.165+0000] {processor.py:836} INFO - DAG(s) dict_keys(['example_short_circuit_decorator']) retrieved from /home/airflow/.local/lib/python3.7/site-packages/airflow/example_dags/example_short_circuit_decorator.py
[2023-06-19T18:46:55.214+0000] {logging_mixin.py:149} INFO - [2023-06-19T18:46:55.214+0000] {dag.py:2726} INFO - Sync 1 DAGs
[2023-06-19T18:46:55.251+0000] {logging_mixin.py:149} INFO - [2023-06-19T18:46:55.251+0000] {dag.py:3490} INFO - Setting next_dagrun for example_short_circuit_decorator to 2023-06-18T18:46:55.250750+00:00, run_after=2023-06-19T18:46:55.250750+00:00
[2023-06-19T18:46:55.293+0000] {processor.py:179} INFO - Processing /home/airflow/.local/lib/python3.7/site-packages/airflow/example_dags/example_short_circuit_decorator.py took 0.156 seconds
[2023-06-19T18:47:25.580+0000] {processor.py:157} INFO - Started process (PID=457) to work on /home/airflow/.local/lib/python3.7/site-packages/airflow/example_dags/example_short_circuit_decorator.py
[2023-06-19T18:47:25.581+0000] {processor.py:826} INFO - Processing file /home/airflow/.local/lib/python3.7/site-packages/airflow/example_dags/example_short_circuit_decorator.py for tasks to queue
[2023-06-19T18:47:25.582+0000] {logging_mixin.py:149} INFO - [2023-06-19T18:47:25.581+0000] {dagbag.py:541} INFO - Filling up the DagBag from /home/airflow/.local/lib/python3.7/site-packages/airflow/example_dags/example_short_circuit_decorator.py
[2023-06-19T18:47:25.594+0000] {processor.py:836} INFO - DAG(s) dict_keys(['example_short_circuit_decorator']) retrieved from /home/airflow/.local/lib/python3.7/site-packages/airflow/example_dags/example_short_circuit_decorator.py
[2023-06-19T18:47:25.630+0000] {logging_mixin.py:149} INFO - [2023-06-19T18:47:25.630+0000] {dag.py:2726} INFO - Sync 1 DAGs
[2023-06-19T18:47:25.666+0000] {logging_mixin.py:149} INFO - [2023-06-19T18:47:25.666+0000] {dag.py:3490} INFO - Setting next_dagrun for example_short_circuit_decorator to 2023-06-18T18:47:25.666204+00:00, run_after=2023-06-19T18:47:25.666204+00:00
[2023-06-19T18:47:25.705+0000] {processor.py:179} INFO - Processing /home/airflow/.local/lib/python3.7/site-packages/airflow/example_dags/example_short_circuit_decorator.py took 0.129 seconds
[2023-06-19T18:47:56.237+0000] {processor.py:157} INFO - Started process (PID=525) to work on /home/airflow/.local/lib/python3.7/site-packages/airflow/example_dags/example_short_circuit_decorator.py
[2023-06-19T18:47:56.239+0000] {processor.py:826} INFO - Processing file /home/airflow/.local/lib/python3.7/site-packages/airflow/example_dags/example_short_circuit_decorator.py for tasks to queue
[2023-06-19T18:47:56.240+0000] {logging_mixin.py:149} INFO - [2023-06-19T18:47:56.239+0000] {dagbag.py:541} INFO - Filling up the DagBag from /home/airflow/.local/lib/python3.7/site-packages/airflow/example_dags/example_short_circuit_decorator.py
[2023-06-19T18:47:56.257+0000] {processor.py:836} INFO - DAG(s) dict_keys(['example_short_circuit_decorator']) retrieved from /home/airflow/.local/lib/python3.7/site-packages/airflow/example_dags/example_short_circuit_decorator.py
[2023-06-19T18:47:56.305+0000] {logging_mixin.py:149} INFO - [2023-06-19T18:47:56.305+0000] {dag.py:2726} INFO - Sync 1 DAGs
[2023-06-19T18:47:56.351+0000] {logging_mixin.py:149} INFO - [2023-06-19T18:47:56.351+0000] {dag.py:3490} INFO - Setting next_dagrun for example_short_circuit_decorator to 2023-06-18T18:47:56.351114+00:00, run_after=2023-06-19T18:47:56.351114+00:00
[2023-06-19T18:47:56.384+0000] {processor.py:179} INFO - Processing /home/airflow/.local/lib/python3.7/site-packages/airflow/example_dags/example_short_circuit_decorator.py took 0.150 seconds
