[2023-06-19T04:16:27.881+0000] {processor.py:157} INFO - Started process (PID=108) to work on /home/airflow/.local/lib/python3.7/site-packages/airflow/example_dags/example_complex.py
[2023-06-19T04:16:27.882+0000] {processor.py:826} INFO - Processing file /home/airflow/.local/lib/python3.7/site-packages/airflow/example_dags/example_complex.py for tasks to queue
[2023-06-19T04:16:27.883+0000] {logging_mixin.py:149} INFO - [2023-06-19T04:16:27.883+0000] {dagbag.py:541} INFO - Filling up the DagBag from /home/airflow/.local/lib/python3.7/site-packages/airflow/example_dags/example_complex.py
[2023-06-19T04:16:28.145+0000] {logging_mixin.py:149} INFO - [2023-06-19T04:16:28.144+0000] {taskmixin.py:211} WARNING - Dependency <Task(BashOperator): create_entry_group>, delete_entry_group already registered for DAG: example_complex
[2023-06-19T04:16:28.145+0000] {logging_mixin.py:149} INFO - [2023-06-19T04:16:28.145+0000] {taskmixin.py:211} WARNING - Dependency <Task(BashOperator): delete_entry_group>, create_entry_group already registered for DAG: example_complex
[2023-06-19T04:16:28.145+0000] {logging_mixin.py:149} INFO - [2023-06-19T04:16:28.145+0000] {taskmixin.py:211} WARNING - Dependency <Task(BashOperator): create_entry_gcs>, delete_entry already registered for DAG: example_complex
[2023-06-19T04:16:28.146+0000] {logging_mixin.py:149} INFO - [2023-06-19T04:16:28.146+0000] {taskmixin.py:211} WARNING - Dependency <Task(BashOperator): delete_entry>, create_entry_gcs already registered for DAG: example_complex
[2023-06-19T04:16:28.146+0000] {logging_mixin.py:149} INFO - [2023-06-19T04:16:28.146+0000] {taskmixin.py:211} WARNING - Dependency <Task(BashOperator): create_tag>, delete_tag already registered for DAG: example_complex
[2023-06-19T04:16:28.147+0000] {logging_mixin.py:149} INFO - [2023-06-19T04:16:28.147+0000] {taskmixin.py:211} WARNING - Dependency <Task(BashOperator): delete_tag>, create_tag already registered for DAG: example_complex
[2023-06-19T04:16:28.149+0000] {processor.py:836} INFO - DAG(s) dict_keys(['example_complex']) retrieved from /home/airflow/.local/lib/python3.7/site-packages/airflow/example_dags/example_complex.py
[2023-06-19T04:16:28.197+0000] {logging_mixin.py:149} INFO - [2023-06-19T04:16:28.197+0000] {dag.py:2726} INFO - Sync 1 DAGs
[2023-06-19T04:16:28.232+0000] {logging_mixin.py:149} INFO - [2023-06-19T04:16:28.232+0000] {dag.py:3490} INFO - Setting next_dagrun for example_complex to None, run_after=None
[2023-06-19T04:16:28.372+0000] {processor.py:179} INFO - Processing /home/airflow/.local/lib/python3.7/site-packages/airflow/example_dags/example_complex.py took 0.500 seconds
[2023-06-19T04:18:13.731+0000] {processor.py:157} INFO - Started process (PID=206) to work on /home/airflow/.local/lib/python3.7/site-packages/airflow/example_dags/example_complex.py
[2023-06-19T04:18:13.806+0000] {processor.py:826} INFO - Processing file /home/airflow/.local/lib/python3.7/site-packages/airflow/example_dags/example_complex.py for tasks to queue
[2023-06-19T04:18:13.807+0000] {logging_mixin.py:149} INFO - [2023-06-19T04:18:13.807+0000] {dagbag.py:541} INFO - Filling up the DagBag from /home/airflow/.local/lib/python3.7/site-packages/airflow/example_dags/example_complex.py
[2023-06-19T04:18:13.960+0000] {logging_mixin.py:149} INFO - [2023-06-19T04:18:13.959+0000] {taskmixin.py:211} WARNING - Dependency <Task(BashOperator): create_entry_group>, delete_entry_group already registered for DAG: example_complex
[2023-06-19T04:18:13.961+0000] {logging_mixin.py:149} INFO - [2023-06-19T04:18:13.960+0000] {taskmixin.py:211} WARNING - Dependency <Task(BashOperator): delete_entry_group>, create_entry_group already registered for DAG: example_complex
[2023-06-19T04:18:13.962+0000] {logging_mixin.py:149} INFO - [2023-06-19T04:18:13.961+0000] {taskmixin.py:211} WARNING - Dependency <Task(BashOperator): create_entry_gcs>, delete_entry already registered for DAG: example_complex
[2023-06-19T04:18:13.962+0000] {logging_mixin.py:149} INFO - [2023-06-19T04:18:13.962+0000] {taskmixin.py:211} WARNING - Dependency <Task(BashOperator): delete_entry>, create_entry_gcs already registered for DAG: example_complex
[2023-06-19T04:18:13.964+0000] {logging_mixin.py:149} INFO - [2023-06-19T04:18:13.963+0000] {taskmixin.py:211} WARNING - Dependency <Task(BashOperator): create_tag>, delete_tag already registered for DAG: example_complex
[2023-06-19T04:18:13.964+0000] {logging_mixin.py:149} INFO - [2023-06-19T04:18:13.964+0000] {taskmixin.py:211} WARNING - Dependency <Task(BashOperator): delete_tag>, create_tag already registered for DAG: example_complex
[2023-06-19T04:18:13.970+0000] {processor.py:836} INFO - DAG(s) dict_keys(['example_complex']) retrieved from /home/airflow/.local/lib/python3.7/site-packages/airflow/example_dags/example_complex.py
[2023-06-19T04:18:14.054+0000] {logging_mixin.py:149} INFO - [2023-06-19T04:18:14.054+0000] {dag.py:2726} INFO - Sync 1 DAGs
[2023-06-19T04:18:14.086+0000] {logging_mixin.py:149} INFO - [2023-06-19T04:18:14.086+0000] {dag.py:3490} INFO - Setting next_dagrun for example_complex to None, run_after=None
[2023-06-19T04:18:14.144+0000] {processor.py:179} INFO - Processing /home/airflow/.local/lib/python3.7/site-packages/airflow/example_dags/example_complex.py took 0.420 seconds
[2023-06-19T04:18:44.278+0000] {processor.py:157} INFO - Started process (PID=273) to work on /home/airflow/.local/lib/python3.7/site-packages/airflow/example_dags/example_complex.py
[2023-06-19T04:18:44.325+0000] {processor.py:826} INFO - Processing file /home/airflow/.local/lib/python3.7/site-packages/airflow/example_dags/example_complex.py for tasks to queue
[2023-06-19T04:18:44.328+0000] {logging_mixin.py:149} INFO - [2023-06-19T04:18:44.327+0000] {dagbag.py:541} INFO - Filling up the DagBag from /home/airflow/.local/lib/python3.7/site-packages/airflow/example_dags/example_complex.py
[2023-06-19T04:18:44.362+0000] {logging_mixin.py:149} INFO - [2023-06-19T04:18:44.362+0000] {taskmixin.py:211} WARNING - Dependency <Task(BashOperator): create_entry_group>, delete_entry_group already registered for DAG: example_complex
[2023-06-19T04:18:44.362+0000] {logging_mixin.py:149} INFO - [2023-06-19T04:18:44.362+0000] {taskmixin.py:211} WARNING - Dependency <Task(BashOperator): delete_entry_group>, create_entry_group already registered for DAG: example_complex
[2023-06-19T04:18:44.363+0000] {logging_mixin.py:149} INFO - [2023-06-19T04:18:44.362+0000] {taskmixin.py:211} WARNING - Dependency <Task(BashOperator): create_entry_gcs>, delete_entry already registered for DAG: example_complex
[2023-06-19T04:18:44.363+0000] {logging_mixin.py:149} INFO - [2023-06-19T04:18:44.363+0000] {taskmixin.py:211} WARNING - Dependency <Task(BashOperator): delete_entry>, create_entry_gcs already registered for DAG: example_complex
[2023-06-19T04:18:44.364+0000] {logging_mixin.py:149} INFO - [2023-06-19T04:18:44.363+0000] {taskmixin.py:211} WARNING - Dependency <Task(BashOperator): create_tag>, delete_tag already registered for DAG: example_complex
[2023-06-19T04:18:44.364+0000] {logging_mixin.py:149} INFO - [2023-06-19T04:18:44.364+0000] {taskmixin.py:211} WARNING - Dependency <Task(BashOperator): delete_tag>, create_tag already registered for DAG: example_complex
[2023-06-19T04:18:44.366+0000] {processor.py:836} INFO - DAG(s) dict_keys(['example_complex']) retrieved from /home/airflow/.local/lib/python3.7/site-packages/airflow/example_dags/example_complex.py
[2023-06-19T04:18:44.413+0000] {logging_mixin.py:149} INFO - [2023-06-19T04:18:44.413+0000] {dag.py:2726} INFO - Sync 1 DAGs
[2023-06-19T04:18:44.445+0000] {logging_mixin.py:149} INFO - [2023-06-19T04:18:44.445+0000] {dag.py:3490} INFO - Setting next_dagrun for example_complex to None, run_after=None
[2023-06-19T04:18:44.514+0000] {processor.py:179} INFO - Processing /home/airflow/.local/lib/python3.7/site-packages/airflow/example_dags/example_complex.py took 0.240 seconds
[2023-06-19T18:43:55.382+0000] {processor.py:157} INFO - Started process (PID=106) to work on /home/airflow/.local/lib/python3.7/site-packages/airflow/example_dags/example_complex.py
[2023-06-19T18:43:55.466+0000] {processor.py:826} INFO - Processing file /home/airflow/.local/lib/python3.7/site-packages/airflow/example_dags/example_complex.py for tasks to queue
[2023-06-19T18:43:55.469+0000] {logging_mixin.py:149} INFO - [2023-06-19T18:43:55.468+0000] {dagbag.py:541} INFO - Filling up the DagBag from /home/airflow/.local/lib/python3.7/site-packages/airflow/example_dags/example_complex.py
[2023-06-19T18:43:55.706+0000] {logging_mixin.py:149} INFO - [2023-06-19T18:43:55.705+0000] {taskmixin.py:211} WARNING - Dependency <Task(BashOperator): create_entry_group>, delete_entry_group already registered for DAG: example_complex
[2023-06-19T18:43:55.706+0000] {logging_mixin.py:149} INFO - [2023-06-19T18:43:55.706+0000] {taskmixin.py:211} WARNING - Dependency <Task(BashOperator): delete_entry_group>, create_entry_group already registered for DAG: example_complex
[2023-06-19T18:43:55.707+0000] {logging_mixin.py:149} INFO - [2023-06-19T18:43:55.707+0000] {taskmixin.py:211} WARNING - Dependency <Task(BashOperator): create_entry_gcs>, delete_entry already registered for DAG: example_complex
[2023-06-19T18:43:55.708+0000] {logging_mixin.py:149} INFO - [2023-06-19T18:43:55.708+0000] {taskmixin.py:211} WARNING - Dependency <Task(BashOperator): delete_entry>, create_entry_gcs already registered for DAG: example_complex
[2023-06-19T18:43:55.710+0000] {logging_mixin.py:149} INFO - [2023-06-19T18:43:55.710+0000] {taskmixin.py:211} WARNING - Dependency <Task(BashOperator): create_tag>, delete_tag already registered for DAG: example_complex
[2023-06-19T18:43:55.711+0000] {logging_mixin.py:149} INFO - [2023-06-19T18:43:55.711+0000] {taskmixin.py:211} WARNING - Dependency <Task(BashOperator): delete_tag>, create_tag already registered for DAG: example_complex
[2023-06-19T18:43:55.716+0000] {processor.py:836} INFO - DAG(s) dict_keys(['example_complex']) retrieved from /home/airflow/.local/lib/python3.7/site-packages/airflow/example_dags/example_complex.py
[2023-06-19T18:43:55.790+0000] {logging_mixin.py:149} INFO - [2023-06-19T18:43:55.790+0000] {dag.py:2726} INFO - Sync 1 DAGs
[2023-06-19T18:43:55.845+0000] {logging_mixin.py:149} INFO - [2023-06-19T18:43:55.845+0000] {dag.py:3490} INFO - Setting next_dagrun for example_complex to None, run_after=None
[2023-06-19T18:43:56.073+0000] {processor.py:179} INFO - Processing /home/airflow/.local/lib/python3.7/site-packages/airflow/example_dags/example_complex.py took 0.696 seconds
[2023-06-19T18:45:27.246+0000] {processor.py:157} INFO - Started process (PID=198) to work on /home/airflow/.local/lib/python3.7/site-packages/airflow/example_dags/example_complex.py
[2023-06-19T18:45:27.266+0000] {processor.py:826} INFO - Processing file /home/airflow/.local/lib/python3.7/site-packages/airflow/example_dags/example_complex.py for tasks to queue
[2023-06-19T18:45:27.267+0000] {logging_mixin.py:149} INFO - [2023-06-19T18:45:27.267+0000] {dagbag.py:541} INFO - Filling up the DagBag from /home/airflow/.local/lib/python3.7/site-packages/airflow/example_dags/example_complex.py
[2023-06-19T18:45:27.286+0000] {logging_mixin.py:149} INFO - [2023-06-19T18:45:27.285+0000] {taskmixin.py:211} WARNING - Dependency <Task(BashOperator): create_entry_group>, delete_entry_group already registered for DAG: example_complex
[2023-06-19T18:45:27.286+0000] {logging_mixin.py:149} INFO - [2023-06-19T18:45:27.286+0000] {taskmixin.py:211} WARNING - Dependency <Task(BashOperator): delete_entry_group>, create_entry_group already registered for DAG: example_complex
[2023-06-19T18:45:27.287+0000] {logging_mixin.py:149} INFO - [2023-06-19T18:45:27.287+0000] {taskmixin.py:211} WARNING - Dependency <Task(BashOperator): create_entry_gcs>, delete_entry already registered for DAG: example_complex
[2023-06-19T18:45:27.287+0000] {logging_mixin.py:149} INFO - [2023-06-19T18:45:27.287+0000] {taskmixin.py:211} WARNING - Dependency <Task(BashOperator): delete_entry>, create_entry_gcs already registered for DAG: example_complex
[2023-06-19T18:45:27.288+0000] {logging_mixin.py:149} INFO - [2023-06-19T18:45:27.288+0000] {taskmixin.py:211} WARNING - Dependency <Task(BashOperator): create_tag>, delete_tag already registered for DAG: example_complex
[2023-06-19T18:45:27.288+0000] {logging_mixin.py:149} INFO - [2023-06-19T18:45:27.288+0000] {taskmixin.py:211} WARNING - Dependency <Task(BashOperator): delete_tag>, create_tag already registered for DAG: example_complex
[2023-06-19T18:45:27.290+0000] {processor.py:836} INFO - DAG(s) dict_keys(['example_complex']) retrieved from /home/airflow/.local/lib/python3.7/site-packages/airflow/example_dags/example_complex.py
[2023-06-19T18:45:27.592+0000] {logging_mixin.py:149} INFO - [2023-06-19T18:45:27.591+0000] {dag.py:2726} INFO - Sync 1 DAGs
[2023-06-19T18:45:27.638+0000] {logging_mixin.py:149} INFO - [2023-06-19T18:45:27.638+0000] {dag.py:3490} INFO - Setting next_dagrun for example_complex to None, run_after=None
[2023-06-19T18:45:27.704+0000] {processor.py:179} INFO - Processing /home/airflow/.local/lib/python3.7/site-packages/airflow/example_dags/example_complex.py took 0.463 seconds
[2023-06-19T18:45:58.134+0000] {processor.py:157} INFO - Started process (PID=266) to work on /home/airflow/.local/lib/python3.7/site-packages/airflow/example_dags/example_complex.py
[2023-06-19T18:45:58.159+0000] {processor.py:826} INFO - Processing file /home/airflow/.local/lib/python3.7/site-packages/airflow/example_dags/example_complex.py for tasks to queue
[2023-06-19T18:45:58.160+0000] {logging_mixin.py:149} INFO - [2023-06-19T18:45:58.160+0000] {dagbag.py:541} INFO - Filling up the DagBag from /home/airflow/.local/lib/python3.7/site-packages/airflow/example_dags/example_complex.py
[2023-06-19T18:45:58.182+0000] {logging_mixin.py:149} INFO - [2023-06-19T18:45:58.182+0000] {taskmixin.py:211} WARNING - Dependency <Task(BashOperator): create_entry_group>, delete_entry_group already registered for DAG: example_complex
[2023-06-19T18:45:58.182+0000] {logging_mixin.py:149} INFO - [2023-06-19T18:45:58.182+0000] {taskmixin.py:211} WARNING - Dependency <Task(BashOperator): delete_entry_group>, create_entry_group already registered for DAG: example_complex
[2023-06-19T18:45:58.183+0000] {logging_mixin.py:149} INFO - [2023-06-19T18:45:58.183+0000] {taskmixin.py:211} WARNING - Dependency <Task(BashOperator): create_entry_gcs>, delete_entry already registered for DAG: example_complex
[2023-06-19T18:45:58.183+0000] {logging_mixin.py:149} INFO - [2023-06-19T18:45:58.183+0000] {taskmixin.py:211} WARNING - Dependency <Task(BashOperator): delete_entry>, create_entry_gcs already registered for DAG: example_complex
[2023-06-19T18:45:58.184+0000] {logging_mixin.py:149} INFO - [2023-06-19T18:45:58.184+0000] {taskmixin.py:211} WARNING - Dependency <Task(BashOperator): create_tag>, delete_tag already registered for DAG: example_complex
[2023-06-19T18:45:58.184+0000] {logging_mixin.py:149} INFO - [2023-06-19T18:45:58.184+0000] {taskmixin.py:211} WARNING - Dependency <Task(BashOperator): delete_tag>, create_tag already registered for DAG: example_complex
[2023-06-19T18:45:58.188+0000] {processor.py:836} INFO - DAG(s) dict_keys(['example_complex']) retrieved from /home/airflow/.local/lib/python3.7/site-packages/airflow/example_dags/example_complex.py
[2023-06-19T18:45:58.294+0000] {logging_mixin.py:149} INFO - [2023-06-19T18:45:58.294+0000] {dag.py:2726} INFO - Sync 1 DAGs
[2023-06-19T18:45:58.346+0000] {logging_mixin.py:149} INFO - [2023-06-19T18:45:58.346+0000] {dag.py:3490} INFO - Setting next_dagrun for example_complex to None, run_after=None
[2023-06-19T18:45:58.410+0000] {processor.py:179} INFO - Processing /home/airflow/.local/lib/python3.7/site-packages/airflow/example_dags/example_complex.py took 0.281 seconds
[2023-06-19T18:46:29.361+0000] {processor.py:157} INFO - Started process (PID=334) to work on /home/airflow/.local/lib/python3.7/site-packages/airflow/example_dags/example_complex.py
[2023-06-19T18:46:29.362+0000] {processor.py:826} INFO - Processing file /home/airflow/.local/lib/python3.7/site-packages/airflow/example_dags/example_complex.py for tasks to queue
[2023-06-19T18:46:29.363+0000] {logging_mixin.py:149} INFO - [2023-06-19T18:46:29.363+0000] {dagbag.py:541} INFO - Filling up the DagBag from /home/airflow/.local/lib/python3.7/site-packages/airflow/example_dags/example_complex.py
[2023-06-19T18:46:29.376+0000] {logging_mixin.py:149} INFO - [2023-06-19T18:46:29.376+0000] {taskmixin.py:211} WARNING - Dependency <Task(BashOperator): create_entry_group>, delete_entry_group already registered for DAG: example_complex
[2023-06-19T18:46:29.377+0000] {logging_mixin.py:149} INFO - [2023-06-19T18:46:29.377+0000] {taskmixin.py:211} WARNING - Dependency <Task(BashOperator): delete_entry_group>, create_entry_group already registered for DAG: example_complex
[2023-06-19T18:46:29.377+0000] {logging_mixin.py:149} INFO - [2023-06-19T18:46:29.377+0000] {taskmixin.py:211} WARNING - Dependency <Task(BashOperator): create_entry_gcs>, delete_entry already registered for DAG: example_complex
[2023-06-19T18:46:29.377+0000] {logging_mixin.py:149} INFO - [2023-06-19T18:46:29.377+0000] {taskmixin.py:211} WARNING - Dependency <Task(BashOperator): delete_entry>, create_entry_gcs already registered for DAG: example_complex
[2023-06-19T18:46:29.378+0000] {logging_mixin.py:149} INFO - [2023-06-19T18:46:29.378+0000] {taskmixin.py:211} WARNING - Dependency <Task(BashOperator): create_tag>, delete_tag already registered for DAG: example_complex
[2023-06-19T18:46:29.378+0000] {logging_mixin.py:149} INFO - [2023-06-19T18:46:29.378+0000] {taskmixin.py:211} WARNING - Dependency <Task(BashOperator): delete_tag>, create_tag already registered for DAG: example_complex
[2023-06-19T18:46:29.380+0000] {processor.py:836} INFO - DAG(s) dict_keys(['example_complex']) retrieved from /home/airflow/.local/lib/python3.7/site-packages/airflow/example_dags/example_complex.py
[2023-06-19T18:46:29.445+0000] {logging_mixin.py:149} INFO - [2023-06-19T18:46:29.445+0000] {dag.py:2726} INFO - Sync 1 DAGs
[2023-06-19T18:46:29.494+0000] {logging_mixin.py:149} INFO - [2023-06-19T18:46:29.493+0000] {dag.py:3490} INFO - Setting next_dagrun for example_complex to None, run_after=None
[2023-06-19T18:46:29.543+0000] {processor.py:179} INFO - Processing /home/airflow/.local/lib/python3.7/site-packages/airflow/example_dags/example_complex.py took 0.186 seconds
[2023-06-19T18:46:59.801+0000] {processor.py:157} INFO - Started process (PID=402) to work on /home/airflow/.local/lib/python3.7/site-packages/airflow/example_dags/example_complex.py
[2023-06-19T18:46:59.802+0000] {processor.py:826} INFO - Processing file /home/airflow/.local/lib/python3.7/site-packages/airflow/example_dags/example_complex.py for tasks to queue
[2023-06-19T18:46:59.804+0000] {logging_mixin.py:149} INFO - [2023-06-19T18:46:59.803+0000] {dagbag.py:541} INFO - Filling up the DagBag from /home/airflow/.local/lib/python3.7/site-packages/airflow/example_dags/example_complex.py
[2023-06-19T18:46:59.826+0000] {logging_mixin.py:149} INFO - [2023-06-19T18:46:59.826+0000] {taskmixin.py:211} WARNING - Dependency <Task(BashOperator): create_entry_group>, delete_entry_group already registered for DAG: example_complex
[2023-06-19T18:46:59.826+0000] {logging_mixin.py:149} INFO - [2023-06-19T18:46:59.826+0000] {taskmixin.py:211} WARNING - Dependency <Task(BashOperator): delete_entry_group>, create_entry_group already registered for DAG: example_complex
[2023-06-19T18:46:59.827+0000] {logging_mixin.py:149} INFO - [2023-06-19T18:46:59.827+0000] {taskmixin.py:211} WARNING - Dependency <Task(BashOperator): create_entry_gcs>, delete_entry already registered for DAG: example_complex
[2023-06-19T18:46:59.827+0000] {logging_mixin.py:149} INFO - [2023-06-19T18:46:59.827+0000] {taskmixin.py:211} WARNING - Dependency <Task(BashOperator): delete_entry>, create_entry_gcs already registered for DAG: example_complex
[2023-06-19T18:46:59.827+0000] {logging_mixin.py:149} INFO - [2023-06-19T18:46:59.827+0000] {taskmixin.py:211} WARNING - Dependency <Task(BashOperator): create_tag>, delete_tag already registered for DAG: example_complex
[2023-06-19T18:46:59.828+0000] {logging_mixin.py:149} INFO - [2023-06-19T18:46:59.828+0000] {taskmixin.py:211} WARNING - Dependency <Task(BashOperator): delete_tag>, create_tag already registered for DAG: example_complex
[2023-06-19T18:46:59.830+0000] {processor.py:836} INFO - DAG(s) dict_keys(['example_complex']) retrieved from /home/airflow/.local/lib/python3.7/site-packages/airflow/example_dags/example_complex.py
[2023-06-19T18:46:59.877+0000] {logging_mixin.py:149} INFO - [2023-06-19T18:46:59.877+0000] {dag.py:2726} INFO - Sync 1 DAGs
[2023-06-19T18:46:59.916+0000] {logging_mixin.py:149} INFO - [2023-06-19T18:46:59.916+0000] {dag.py:3490} INFO - Setting next_dagrun for example_complex to None, run_after=None
[2023-06-19T18:46:59.944+0000] {processor.py:179} INFO - Processing /home/airflow/.local/lib/python3.7/site-packages/airflow/example_dags/example_complex.py took 0.151 seconds
[2023-06-19T18:47:30.242+0000] {processor.py:157} INFO - Started process (PID=470) to work on /home/airflow/.local/lib/python3.7/site-packages/airflow/example_dags/example_complex.py
[2023-06-19T18:47:30.243+0000] {processor.py:826} INFO - Processing file /home/airflow/.local/lib/python3.7/site-packages/airflow/example_dags/example_complex.py for tasks to queue
[2023-06-19T18:47:30.244+0000] {logging_mixin.py:149} INFO - [2023-06-19T18:47:30.244+0000] {dagbag.py:541} INFO - Filling up the DagBag from /home/airflow/.local/lib/python3.7/site-packages/airflow/example_dags/example_complex.py
[2023-06-19T18:47:30.258+0000] {logging_mixin.py:149} INFO - [2023-06-19T18:47:30.257+0000] {taskmixin.py:211} WARNING - Dependency <Task(BashOperator): create_entry_group>, delete_entry_group already registered for DAG: example_complex
[2023-06-19T18:47:30.258+0000] {logging_mixin.py:149} INFO - [2023-06-19T18:47:30.258+0000] {taskmixin.py:211} WARNING - Dependency <Task(BashOperator): delete_entry_group>, create_entry_group already registered for DAG: example_complex
[2023-06-19T18:47:30.258+0000] {logging_mixin.py:149} INFO - [2023-06-19T18:47:30.258+0000] {taskmixin.py:211} WARNING - Dependency <Task(BashOperator): create_entry_gcs>, delete_entry already registered for DAG: example_complex
[2023-06-19T18:47:30.258+0000] {logging_mixin.py:149} INFO - [2023-06-19T18:47:30.258+0000] {taskmixin.py:211} WARNING - Dependency <Task(BashOperator): delete_entry>, create_entry_gcs already registered for DAG: example_complex
[2023-06-19T18:47:30.259+0000] {logging_mixin.py:149} INFO - [2023-06-19T18:47:30.259+0000] {taskmixin.py:211} WARNING - Dependency <Task(BashOperator): create_tag>, delete_tag already registered for DAG: example_complex
[2023-06-19T18:47:30.259+0000] {logging_mixin.py:149} INFO - [2023-06-19T18:47:30.259+0000] {taskmixin.py:211} WARNING - Dependency <Task(BashOperator): delete_tag>, create_tag already registered for DAG: example_complex
[2023-06-19T18:47:30.261+0000] {processor.py:836} INFO - DAG(s) dict_keys(['example_complex']) retrieved from /home/airflow/.local/lib/python3.7/site-packages/airflow/example_dags/example_complex.py
[2023-06-19T18:47:30.308+0000] {logging_mixin.py:149} INFO - [2023-06-19T18:47:30.307+0000] {dag.py:2726} INFO - Sync 1 DAGs
[2023-06-19T18:47:30.341+0000] {logging_mixin.py:149} INFO - [2023-06-19T18:47:30.341+0000] {dag.py:3490} INFO - Setting next_dagrun for example_complex to None, run_after=None
[2023-06-19T18:47:30.396+0000] {processor.py:179} INFO - Processing /home/airflow/.local/lib/python3.7/site-packages/airflow/example_dags/example_complex.py took 0.160 seconds
[2023-06-19T18:48:00.829+0000] {processor.py:157} INFO - Started process (PID=538) to work on /home/airflow/.local/lib/python3.7/site-packages/airflow/example_dags/example_complex.py
[2023-06-19T18:48:00.830+0000] {processor.py:826} INFO - Processing file /home/airflow/.local/lib/python3.7/site-packages/airflow/example_dags/example_complex.py for tasks to queue
[2023-06-19T18:48:00.831+0000] {logging_mixin.py:149} INFO - [2023-06-19T18:48:00.831+0000] {dagbag.py:541} INFO - Filling up the DagBag from /home/airflow/.local/lib/python3.7/site-packages/airflow/example_dags/example_complex.py
[2023-06-19T18:48:00.845+0000] {logging_mixin.py:149} INFO - [2023-06-19T18:48:00.845+0000] {taskmixin.py:211} WARNING - Dependency <Task(BashOperator): create_entry_group>, delete_entry_group already registered for DAG: example_complex
[2023-06-19T18:48:00.845+0000] {logging_mixin.py:149} INFO - [2023-06-19T18:48:00.845+0000] {taskmixin.py:211} WARNING - Dependency <Task(BashOperator): delete_entry_group>, create_entry_group already registered for DAG: example_complex
[2023-06-19T18:48:00.846+0000] {logging_mixin.py:149} INFO - [2023-06-19T18:48:00.846+0000] {taskmixin.py:211} WARNING - Dependency <Task(BashOperator): create_entry_gcs>, delete_entry already registered for DAG: example_complex
[2023-06-19T18:48:00.846+0000] {logging_mixin.py:149} INFO - [2023-06-19T18:48:00.846+0000] {taskmixin.py:211} WARNING - Dependency <Task(BashOperator): delete_entry>, create_entry_gcs already registered for DAG: example_complex
[2023-06-19T18:48:00.846+0000] {logging_mixin.py:149} INFO - [2023-06-19T18:48:00.846+0000] {taskmixin.py:211} WARNING - Dependency <Task(BashOperator): create_tag>, delete_tag already registered for DAG: example_complex
[2023-06-19T18:48:00.847+0000] {logging_mixin.py:149} INFO - [2023-06-19T18:48:00.846+0000] {taskmixin.py:211} WARNING - Dependency <Task(BashOperator): delete_tag>, create_tag already registered for DAG: example_complex
[2023-06-19T18:48:00.849+0000] {processor.py:836} INFO - DAG(s) dict_keys(['example_complex']) retrieved from /home/airflow/.local/lib/python3.7/site-packages/airflow/example_dags/example_complex.py
[2023-06-19T18:48:00.900+0000] {logging_mixin.py:149} INFO - [2023-06-19T18:48:00.900+0000] {dag.py:2726} INFO - Sync 1 DAGs
[2023-06-19T18:48:00.967+0000] {logging_mixin.py:149} INFO - [2023-06-19T18:48:00.967+0000] {dag.py:3490} INFO - Setting next_dagrun for example_complex to None, run_after=None
[2023-06-19T18:48:01.112+0000] {processor.py:179} INFO - Processing /home/airflow/.local/lib/python3.7/site-packages/airflow/example_dags/example_complex.py took 0.288 seconds
