[2023-06-19T04:16:10.849+0000] {processor.py:157} INFO - Started process (PID=75) to work on /home/airflow/.local/lib/python3.7/site-packages/airflow/example_dags/example_branch_labels.py
[2023-06-19T04:16:10.850+0000] {processor.py:826} INFO - Processing file /home/airflow/.local/lib/python3.7/site-packages/airflow/example_dags/example_branch_labels.py for tasks to queue
[2023-06-19T04:16:10.850+0000] {logging_mixin.py:149} INFO - [2023-06-19T04:16:10.850+0000] {dagbag.py:541} INFO - Filling up the DagBag from /home/airflow/.local/lib/python3.7/site-packages/airflow/example_dags/example_branch_labels.py
[2023-06-19T04:16:10.924+0000] {processor.py:836} INFO - DAG(s) dict_keys(['example_branch_labels']) retrieved from /home/airflow/.local/lib/python3.7/site-packages/airflow/example_dags/example_branch_labels.py
[2023-06-19T04:16:11.567+0000] {logging_mixin.py:149} INFO - [2023-06-19T04:16:11.566+0000] {dag.py:2726} INFO - Sync 1 DAGs
[2023-06-19T04:16:11.615+0000] {logging_mixin.py:149} INFO - [2023-06-19T04:16:11.615+0000] {dag.py:3490} INFO - Setting next_dagrun for example_branch_labels to 2023-06-18T00:00:00+00:00, run_after=2023-06-19T00:00:00+00:00
[2023-06-19T04:16:11.720+0000] {processor.py:179} INFO - Processing /home/airflow/.local/lib/python3.7/site-packages/airflow/example_dags/example_branch_labels.py took 0.875 seconds
[2023-06-19T04:17:59.977+0000] {processor.py:157} INFO - Started process (PID=166) to work on /home/airflow/.local/lib/python3.7/site-packages/airflow/example_dags/example_branch_labels.py
[2023-06-19T04:18:00.138+0000] {processor.py:826} INFO - Processing file /home/airflow/.local/lib/python3.7/site-packages/airflow/example_dags/example_branch_labels.py for tasks to queue
[2023-06-19T04:18:00.141+0000] {logging_mixin.py:149} INFO - [2023-06-19T04:18:00.141+0000] {dagbag.py:541} INFO - Filling up the DagBag from /home/airflow/.local/lib/python3.7/site-packages/airflow/example_dags/example_branch_labels.py
[2023-06-19T04:18:00.307+0000] {processor.py:836} INFO - DAG(s) dict_keys(['example_branch_labels']) retrieved from /home/airflow/.local/lib/python3.7/site-packages/airflow/example_dags/example_branch_labels.py
[2023-06-19T04:18:00.560+0000] {logging_mixin.py:149} INFO - [2023-06-19T04:18:00.560+0000] {dag.py:2726} INFO - Sync 1 DAGs
[2023-06-19T04:18:00.619+0000] {logging_mixin.py:149} INFO - [2023-06-19T04:18:00.618+0000] {dag.py:3490} INFO - Setting next_dagrun for example_branch_labels to 2023-06-18T00:00:00+00:00, run_after=2023-06-19T00:00:00+00:00
[2023-06-19T04:18:00.856+0000] {processor.py:179} INFO - Processing /home/airflow/.local/lib/python3.7/site-packages/airflow/example_dags/example_branch_labels.py took 0.893 seconds
[2023-06-19T04:18:31.288+0000] {processor.py:157} INFO - Started process (PID=229) to work on /home/airflow/.local/lib/python3.7/site-packages/airflow/example_dags/example_branch_labels.py
[2023-06-19T04:18:31.322+0000] {processor.py:826} INFO - Processing file /home/airflow/.local/lib/python3.7/site-packages/airflow/example_dags/example_branch_labels.py for tasks to queue
[2023-06-19T04:18:31.325+0000] {logging_mixin.py:149} INFO - [2023-06-19T04:18:31.324+0000] {dagbag.py:541} INFO - Filling up the DagBag from /home/airflow/.local/lib/python3.7/site-packages/airflow/example_dags/example_branch_labels.py
[2023-06-19T04:18:31.355+0000] {processor.py:836} INFO - DAG(s) dict_keys(['example_branch_labels']) retrieved from /home/airflow/.local/lib/python3.7/site-packages/airflow/example_dags/example_branch_labels.py
[2023-06-19T04:18:31.393+0000] {logging_mixin.py:149} INFO - [2023-06-19T04:18:31.393+0000] {dag.py:2726} INFO - Sync 1 DAGs
[2023-06-19T04:18:31.434+0000] {logging_mixin.py:149} INFO - [2023-06-19T04:18:31.434+0000] {dag.py:3490} INFO - Setting next_dagrun for example_branch_labels to 2023-06-18T00:00:00+00:00, run_after=2023-06-19T00:00:00+00:00
[2023-06-19T04:18:31.492+0000] {processor.py:179} INFO - Processing /home/airflow/.local/lib/python3.7/site-packages/airflow/example_dags/example_branch_labels.py took 0.215 seconds
[2023-06-19T04:19:01.545+0000] {processor.py:157} INFO - Started process (PID=296) to work on /home/airflow/.local/lib/python3.7/site-packages/airflow/example_dags/example_branch_labels.py
[2023-06-19T04:19:01.546+0000] {processor.py:826} INFO - Processing file /home/airflow/.local/lib/python3.7/site-packages/airflow/example_dags/example_branch_labels.py for tasks to queue
[2023-06-19T04:19:01.547+0000] {logging_mixin.py:149} INFO - [2023-06-19T04:19:01.547+0000] {dagbag.py:541} INFO - Filling up the DagBag from /home/airflow/.local/lib/python3.7/site-packages/airflow/example_dags/example_branch_labels.py
[2023-06-19T04:19:01.560+0000] {processor.py:836} INFO - DAG(s) dict_keys(['example_branch_labels']) retrieved from /home/airflow/.local/lib/python3.7/site-packages/airflow/example_dags/example_branch_labels.py
[2023-06-19T04:19:01.594+0000] {logging_mixin.py:149} INFO - [2023-06-19T04:19:01.594+0000] {dag.py:2726} INFO - Sync 1 DAGs
[2023-06-19T04:19:01.630+0000] {logging_mixin.py:149} INFO - [2023-06-19T04:19:01.629+0000] {dag.py:3490} INFO - Setting next_dagrun for example_branch_labels to 2023-06-18T00:00:00+00:00, run_after=2023-06-19T00:00:00+00:00
[2023-06-19T04:19:01.708+0000] {processor.py:179} INFO - Processing /home/airflow/.local/lib/python3.7/site-packages/airflow/example_dags/example_branch_labels.py took 0.168 seconds
[2023-06-19T18:43:36.474+0000] {processor.py:157} INFO - Started process (PID=72) to work on /home/airflow/.local/lib/python3.7/site-packages/airflow/example_dags/example_branch_labels.py
[2023-06-19T18:43:36.635+0000] {processor.py:826} INFO - Processing file /home/airflow/.local/lib/python3.7/site-packages/airflow/example_dags/example_branch_labels.py for tasks to queue
[2023-06-19T18:43:36.638+0000] {logging_mixin.py:149} INFO - [2023-06-19T18:43:36.637+0000] {dagbag.py:541} INFO - Filling up the DagBag from /home/airflow/.local/lib/python3.7/site-packages/airflow/example_dags/example_branch_labels.py
[2023-06-19T18:43:37.678+0000] {processor.py:836} INFO - DAG(s) dict_keys(['example_branch_labels']) retrieved from /home/airflow/.local/lib/python3.7/site-packages/airflow/example_dags/example_branch_labels.py
[2023-06-19T18:43:37.898+0000] {logging_mixin.py:149} INFO - [2023-06-19T18:43:37.898+0000] {dag.py:2726} INFO - Sync 1 DAGs
[2023-06-19T18:43:37.936+0000] {logging_mixin.py:149} INFO - [2023-06-19T18:43:37.936+0000] {dag.py:3490} INFO - Setting next_dagrun for example_branch_labels to 2023-06-18T00:00:00+00:00, run_after=2023-06-19T00:00:00+00:00
[2023-06-19T18:43:38.172+0000] {processor.py:179} INFO - Processing /home/airflow/.local/lib/python3.7/site-packages/airflow/example_dags/example_branch_labels.py took 1.702 seconds
[2023-06-19T18:45:17.742+0000] {processor.py:157} INFO - Started process (PID=165) to work on /home/airflow/.local/lib/python3.7/site-packages/airflow/example_dags/example_branch_labels.py
[2023-06-19T18:45:17.815+0000] {processor.py:826} INFO - Processing file /home/airflow/.local/lib/python3.7/site-packages/airflow/example_dags/example_branch_labels.py for tasks to queue
[2023-06-19T18:45:17.816+0000] {logging_mixin.py:149} INFO - [2023-06-19T18:45:17.816+0000] {dagbag.py:541} INFO - Filling up the DagBag from /home/airflow/.local/lib/python3.7/site-packages/airflow/example_dags/example_branch_labels.py
[2023-06-19T18:45:17.915+0000] {processor.py:836} INFO - DAG(s) dict_keys(['example_branch_labels']) retrieved from /home/airflow/.local/lib/python3.7/site-packages/airflow/example_dags/example_branch_labels.py
[2023-06-19T18:45:17.956+0000] {logging_mixin.py:149} INFO - [2023-06-19T18:45:17.956+0000] {dag.py:2726} INFO - Sync 1 DAGs
[2023-06-19T18:45:18.136+0000] {logging_mixin.py:149} INFO - [2023-06-19T18:45:18.136+0000] {dag.py:3490} INFO - Setting next_dagrun for example_branch_labels to 2023-06-18T00:00:00+00:00, run_after=2023-06-19T00:00:00+00:00
[2023-06-19T18:45:18.227+0000] {processor.py:179} INFO - Processing /home/airflow/.local/lib/python3.7/site-packages/airflow/example_dags/example_branch_labels.py took 0.489 seconds
[2023-06-19T18:45:48.264+0000] {processor.py:157} INFO - Started process (PID=228) to work on /home/airflow/.local/lib/python3.7/site-packages/airflow/example_dags/example_branch_labels.py
[2023-06-19T18:45:48.318+0000] {processor.py:826} INFO - Processing file /home/airflow/.local/lib/python3.7/site-packages/airflow/example_dags/example_branch_labels.py for tasks to queue
[2023-06-19T18:45:48.319+0000] {logging_mixin.py:149} INFO - [2023-06-19T18:45:48.319+0000] {dagbag.py:541} INFO - Filling up the DagBag from /home/airflow/.local/lib/python3.7/site-packages/airflow/example_dags/example_branch_labels.py
[2023-06-19T18:45:48.339+0000] {processor.py:836} INFO - DAG(s) dict_keys(['example_branch_labels']) retrieved from /home/airflow/.local/lib/python3.7/site-packages/airflow/example_dags/example_branch_labels.py
[2023-06-19T18:45:48.429+0000] {logging_mixin.py:149} INFO - [2023-06-19T18:45:48.429+0000] {dag.py:2726} INFO - Sync 1 DAGs
[2023-06-19T18:45:48.472+0000] {logging_mixin.py:149} INFO - [2023-06-19T18:45:48.472+0000] {dag.py:3490} INFO - Setting next_dagrun for example_branch_labels to 2023-06-18T00:00:00+00:00, run_after=2023-06-19T00:00:00+00:00
[2023-06-19T18:45:48.521+0000] {processor.py:179} INFO - Processing /home/airflow/.local/lib/python3.7/site-packages/airflow/example_dags/example_branch_labels.py took 0.260 seconds
[2023-06-19T18:46:18.549+0000] {processor.py:157} INFO - Started process (PID=295) to work on /home/airflow/.local/lib/python3.7/site-packages/airflow/example_dags/example_branch_labels.py
[2023-06-19T18:46:18.550+0000] {processor.py:826} INFO - Processing file /home/airflow/.local/lib/python3.7/site-packages/airflow/example_dags/example_branch_labels.py for tasks to queue
[2023-06-19T18:46:18.551+0000] {logging_mixin.py:149} INFO - [2023-06-19T18:46:18.551+0000] {dagbag.py:541} INFO - Filling up the DagBag from /home/airflow/.local/lib/python3.7/site-packages/airflow/example_dags/example_branch_labels.py
[2023-06-19T18:46:18.562+0000] {processor.py:836} INFO - DAG(s) dict_keys(['example_branch_labels']) retrieved from /home/airflow/.local/lib/python3.7/site-packages/airflow/example_dags/example_branch_labels.py
[2023-06-19T18:46:18.594+0000] {logging_mixin.py:149} INFO - [2023-06-19T18:46:18.594+0000] {dag.py:2726} INFO - Sync 1 DAGs
[2023-06-19T18:46:18.628+0000] {logging_mixin.py:149} INFO - [2023-06-19T18:46:18.628+0000] {dag.py:3490} INFO - Setting next_dagrun for example_branch_labels to 2023-06-18T00:00:00+00:00, run_after=2023-06-19T00:00:00+00:00
[2023-06-19T18:46:18.659+0000] {processor.py:179} INFO - Processing /home/airflow/.local/lib/python3.7/site-packages/airflow/example_dags/example_branch_labels.py took 0.114 seconds
[2023-06-19T18:46:49.022+0000] {processor.py:157} INFO - Started process (PID=363) to work on /home/airflow/.local/lib/python3.7/site-packages/airflow/example_dags/example_branch_labels.py
[2023-06-19T18:46:49.052+0000] {processor.py:826} INFO - Processing file /home/airflow/.local/lib/python3.7/site-packages/airflow/example_dags/example_branch_labels.py for tasks to queue
[2023-06-19T18:46:49.053+0000] {logging_mixin.py:149} INFO - [2023-06-19T18:46:49.053+0000] {dagbag.py:541} INFO - Filling up the DagBag from /home/airflow/.local/lib/python3.7/site-packages/airflow/example_dags/example_branch_labels.py
[2023-06-19T18:46:49.066+0000] {processor.py:836} INFO - DAG(s) dict_keys(['example_branch_labels']) retrieved from /home/airflow/.local/lib/python3.7/site-packages/airflow/example_dags/example_branch_labels.py
[2023-06-19T18:46:49.103+0000] {logging_mixin.py:149} INFO - [2023-06-19T18:46:49.103+0000] {dag.py:2726} INFO - Sync 1 DAGs
[2023-06-19T18:46:49.137+0000] {logging_mixin.py:149} INFO - [2023-06-19T18:46:49.137+0000] {dag.py:3490} INFO - Setting next_dagrun for example_branch_labels to 2023-06-18T00:00:00+00:00, run_after=2023-06-19T00:00:00+00:00
[2023-06-19T18:46:49.187+0000] {processor.py:179} INFO - Processing /home/airflow/.local/lib/python3.7/site-packages/airflow/example_dags/example_branch_labels.py took 0.170 seconds
[2023-06-19T18:47:19.708+0000] {processor.py:157} INFO - Started process (PID=431) to work on /home/airflow/.local/lib/python3.7/site-packages/airflow/example_dags/example_branch_labels.py
[2023-06-19T18:47:19.708+0000] {processor.py:826} INFO - Processing file /home/airflow/.local/lib/python3.7/site-packages/airflow/example_dags/example_branch_labels.py for tasks to queue
[2023-06-19T18:47:19.709+0000] {logging_mixin.py:149} INFO - [2023-06-19T18:47:19.709+0000] {dagbag.py:541} INFO - Filling up the DagBag from /home/airflow/.local/lib/python3.7/site-packages/airflow/example_dags/example_branch_labels.py
[2023-06-19T18:47:19.719+0000] {processor.py:836} INFO - DAG(s) dict_keys(['example_branch_labels']) retrieved from /home/airflow/.local/lib/python3.7/site-packages/airflow/example_dags/example_branch_labels.py
[2023-06-19T18:47:19.749+0000] {logging_mixin.py:149} INFO - [2023-06-19T18:47:19.749+0000] {dag.py:2726} INFO - Sync 1 DAGs
[2023-06-19T18:47:19.785+0000] {logging_mixin.py:149} INFO - [2023-06-19T18:47:19.785+0000] {dag.py:3490} INFO - Setting next_dagrun for example_branch_labels to 2023-06-18T00:00:00+00:00, run_after=2023-06-19T00:00:00+00:00
[2023-06-19T18:47:19.835+0000] {processor.py:179} INFO - Processing /home/airflow/.local/lib/python3.7/site-packages/airflow/example_dags/example_branch_labels.py took 0.131 seconds
[2023-06-19T18:47:49.926+0000] {processor.py:157} INFO - Started process (PID=499) to work on /home/airflow/.local/lib/python3.7/site-packages/airflow/example_dags/example_branch_labels.py
[2023-06-19T18:47:49.939+0000] {processor.py:826} INFO - Processing file /home/airflow/.local/lib/python3.7/site-packages/airflow/example_dags/example_branch_labels.py for tasks to queue
[2023-06-19T18:47:49.940+0000] {logging_mixin.py:149} INFO - [2023-06-19T18:47:49.940+0000] {dagbag.py:541} INFO - Filling up the DagBag from /home/airflow/.local/lib/python3.7/site-packages/airflow/example_dags/example_branch_labels.py
[2023-06-19T18:47:49.956+0000] {processor.py:836} INFO - DAG(s) dict_keys(['example_branch_labels']) retrieved from /home/airflow/.local/lib/python3.7/site-packages/airflow/example_dags/example_branch_labels.py
[2023-06-19T18:47:49.991+0000] {logging_mixin.py:149} INFO - [2023-06-19T18:47:49.990+0000] {dag.py:2726} INFO - Sync 1 DAGs
[2023-06-19T18:47:50.025+0000] {logging_mixin.py:149} INFO - [2023-06-19T18:47:50.025+0000] {dag.py:3490} INFO - Setting next_dagrun for example_branch_labels to 2023-06-18T00:00:00+00:00, run_after=2023-06-19T00:00:00+00:00
[2023-06-19T18:47:50.061+0000] {processor.py:179} INFO - Processing /home/airflow/.local/lib/python3.7/site-packages/airflow/example_dags/example_branch_labels.py took 0.144 seconds
