[2023-06-19T04:16:37.182+0000] {processor.py:157} INFO - Started process (PID=118) to work on /home/airflow/.local/lib/python3.7/site-packages/airflow/example_dags/example_latest_only_with_trigger.py
[2023-06-19T04:16:37.184+0000] {processor.py:826} INFO - Processing file /home/airflow/.local/lib/python3.7/site-packages/airflow/example_dags/example_latest_only_with_trigger.py for tasks to queue
[2023-06-19T04:16:37.185+0000] {logging_mixin.py:149} INFO - [2023-06-19T04:16:37.185+0000] {dagbag.py:541} INFO - Filling up the DagBag from /home/airflow/.local/lib/python3.7/site-packages/airflow/example_dags/example_latest_only_with_trigger.py
[2023-06-19T04:16:37.221+0000] {processor.py:836} INFO - DAG(s) dict_keys(['latest_only_with_trigger']) retrieved from /home/airflow/.local/lib/python3.7/site-packages/airflow/example_dags/example_latest_only_with_trigger.py
[2023-06-19T04:16:37.253+0000] {logging_mixin.py:149} INFO - [2023-06-19T04:16:37.253+0000] {dag.py:2726} INFO - Sync 1 DAGs
[2023-06-19T04:16:37.288+0000] {logging_mixin.py:149} INFO - [2023-06-19T04:16:37.287+0000] {dag.py:3490} INFO - Setting next_dagrun for latest_only_with_trigger to 2023-06-19T00:16:37.287415+00:00, run_after=2023-06-19T04:16:37.287415+00:00
[2023-06-19T04:16:37.703+0000] {processor.py:179} INFO - Processing /home/airflow/.local/lib/python3.7/site-packages/airflow/example_dags/example_latest_only_with_trigger.py took 0.528 seconds
[2023-06-19T04:18:14.339+0000] {processor.py:157} INFO - Started process (PID=209) to work on /home/airflow/.local/lib/python3.7/site-packages/airflow/example_dags/example_latest_only_with_trigger.py
[2023-06-19T04:18:14.343+0000] {processor.py:826} INFO - Processing file /home/airflow/.local/lib/python3.7/site-packages/airflow/example_dags/example_latest_only_with_trigger.py for tasks to queue
[2023-06-19T04:18:14.344+0000] {logging_mixin.py:149} INFO - [2023-06-19T04:18:14.343+0000] {dagbag.py:541} INFO - Filling up the DagBag from /home/airflow/.local/lib/python3.7/site-packages/airflow/example_dags/example_latest_only_with_trigger.py
[2023-06-19T04:18:14.354+0000] {processor.py:836} INFO - DAG(s) dict_keys(['latest_only_with_trigger']) retrieved from /home/airflow/.local/lib/python3.7/site-packages/airflow/example_dags/example_latest_only_with_trigger.py
[2023-06-19T04:18:14.386+0000] {logging_mixin.py:149} INFO - [2023-06-19T04:18:14.386+0000] {dag.py:2726} INFO - Sync 1 DAGs
[2023-06-19T04:18:14.434+0000] {logging_mixin.py:149} INFO - [2023-06-19T04:18:14.434+0000] {dag.py:3490} INFO - Setting next_dagrun for latest_only_with_trigger to 2023-06-19T00:18:14.434433+00:00, run_after=2023-06-19T04:18:14.434433+00:00
[2023-06-19T04:18:14.511+0000] {processor.py:179} INFO - Processing /home/airflow/.local/lib/python3.7/site-packages/airflow/example_dags/example_latest_only_with_trigger.py took 0.177 seconds
[2023-06-19T04:18:44.784+0000] {processor.py:157} INFO - Started process (PID=276) to work on /home/airflow/.local/lib/python3.7/site-packages/airflow/example_dags/example_latest_only_with_trigger.py
[2023-06-19T04:18:44.826+0000] {processor.py:826} INFO - Processing file /home/airflow/.local/lib/python3.7/site-packages/airflow/example_dags/example_latest_only_with_trigger.py for tasks to queue
[2023-06-19T04:18:44.827+0000] {logging_mixin.py:149} INFO - [2023-06-19T04:18:44.827+0000] {dagbag.py:541} INFO - Filling up the DagBag from /home/airflow/.local/lib/python3.7/site-packages/airflow/example_dags/example_latest_only_with_trigger.py
[2023-06-19T04:18:44.835+0000] {processor.py:836} INFO - DAG(s) dict_keys(['latest_only_with_trigger']) retrieved from /home/airflow/.local/lib/python3.7/site-packages/airflow/example_dags/example_latest_only_with_trigger.py
[2023-06-19T04:18:44.879+0000] {logging_mixin.py:149} INFO - [2023-06-19T04:18:44.879+0000] {dag.py:2726} INFO - Sync 1 DAGs
[2023-06-19T04:18:44.917+0000] {logging_mixin.py:149} INFO - [2023-06-19T04:18:44.917+0000] {dag.py:3490} INFO - Setting next_dagrun for latest_only_with_trigger to 2023-06-19T00:18:44.917127+00:00, run_after=2023-06-19T04:18:44.917127+00:00
[2023-06-19T04:18:45.015+0000] {processor.py:179} INFO - Processing /home/airflow/.local/lib/python3.7/site-packages/airflow/example_dags/example_latest_only_with_trigger.py took 0.238 seconds
[2023-06-19T18:44:00.924+0000] {processor.py:157} INFO - Started process (PID=109) to work on /home/airflow/.local/lib/python3.7/site-packages/airflow/example_dags/example_latest_only_with_trigger.py
[2023-06-19T18:44:01.027+0000] {processor.py:826} INFO - Processing file /home/airflow/.local/lib/python3.7/site-packages/airflow/example_dags/example_latest_only_with_trigger.py for tasks to queue
[2023-06-19T18:44:01.203+0000] {logging_mixin.py:149} INFO - [2023-06-19T18:44:01.202+0000] {dagbag.py:541} INFO - Filling up the DagBag from /home/airflow/.local/lib/python3.7/site-packages/airflow/example_dags/example_latest_only_with_trigger.py
[2023-06-19T18:44:01.899+0000] {processor.py:836} INFO - DAG(s) dict_keys(['latest_only_with_trigger']) retrieved from /home/airflow/.local/lib/python3.7/site-packages/airflow/example_dags/example_latest_only_with_trigger.py
[2023-06-19T18:44:02.352+0000] {logging_mixin.py:149} INFO - [2023-06-19T18:44:02.352+0000] {dag.py:2726} INFO - Sync 1 DAGs
[2023-06-19T18:44:04.164+0000] {logging_mixin.py:149} INFO - [2023-06-19T18:44:04.164+0000] {dag.py:3490} INFO - Setting next_dagrun for latest_only_with_trigger to 2023-06-19T14:44:04.162854+00:00, run_after=2023-06-19T18:44:04.162854+00:00
[2023-06-19T18:44:04.699+0000] {processor.py:179} INFO - Processing /home/airflow/.local/lib/python3.7/site-packages/airflow/example_dags/example_latest_only_with_trigger.py took 3.783 seconds
[2023-06-19T18:45:27.976+0000] {processor.py:157} INFO - Started process (PID=201) to work on /home/airflow/.local/lib/python3.7/site-packages/airflow/example_dags/example_latest_only_with_trigger.py
[2023-06-19T18:45:27.997+0000] {processor.py:826} INFO - Processing file /home/airflow/.local/lib/python3.7/site-packages/airflow/example_dags/example_latest_only_with_trigger.py for tasks to queue
[2023-06-19T18:45:27.998+0000] {logging_mixin.py:149} INFO - [2023-06-19T18:45:27.998+0000] {dagbag.py:541} INFO - Filling up the DagBag from /home/airflow/.local/lib/python3.7/site-packages/airflow/example_dags/example_latest_only_with_trigger.py
[2023-06-19T18:45:28.007+0000] {processor.py:836} INFO - DAG(s) dict_keys(['latest_only_with_trigger']) retrieved from /home/airflow/.local/lib/python3.7/site-packages/airflow/example_dags/example_latest_only_with_trigger.py
[2023-06-19T18:45:28.234+0000] {logging_mixin.py:149} INFO - [2023-06-19T18:45:28.233+0000] {dag.py:2726} INFO - Sync 1 DAGs
[2023-06-19T18:45:28.265+0000] {logging_mixin.py:149} INFO - [2023-06-19T18:45:28.265+0000] {dag.py:3490} INFO - Setting next_dagrun for latest_only_with_trigger to 2023-06-19T14:45:28.264962+00:00, run_after=2023-06-19T18:45:28.264962+00:00
[2023-06-19T18:45:28.326+0000] {processor.py:179} INFO - Processing /home/airflow/.local/lib/python3.7/site-packages/airflow/example_dags/example_latest_only_with_trigger.py took 0.355 seconds
[2023-06-19T18:45:58.579+0000] {processor.py:157} INFO - Started process (PID=269) to work on /home/airflow/.local/lib/python3.7/site-packages/airflow/example_dags/example_latest_only_with_trigger.py
[2023-06-19T18:45:58.581+0000] {processor.py:826} INFO - Processing file /home/airflow/.local/lib/python3.7/site-packages/airflow/example_dags/example_latest_only_with_trigger.py for tasks to queue
[2023-06-19T18:45:58.582+0000] {logging_mixin.py:149} INFO - [2023-06-19T18:45:58.582+0000] {dagbag.py:541} INFO - Filling up the DagBag from /home/airflow/.local/lib/python3.7/site-packages/airflow/example_dags/example_latest_only_with_trigger.py
[2023-06-19T18:45:58.593+0000] {processor.py:836} INFO - DAG(s) dict_keys(['latest_only_with_trigger']) retrieved from /home/airflow/.local/lib/python3.7/site-packages/airflow/example_dags/example_latest_only_with_trigger.py
[2023-06-19T18:45:58.638+0000] {logging_mixin.py:149} INFO - [2023-06-19T18:45:58.637+0000] {dag.py:2726} INFO - Sync 1 DAGs
[2023-06-19T18:45:58.685+0000] {logging_mixin.py:149} INFO - [2023-06-19T18:45:58.685+0000] {dag.py:3490} INFO - Setting next_dagrun for latest_only_with_trigger to 2023-06-19T14:45:58.685468+00:00, run_after=2023-06-19T18:45:58.685468+00:00
[2023-06-19T18:45:58.735+0000] {processor.py:179} INFO - Processing /home/airflow/.local/lib/python3.7/site-packages/airflow/example_dags/example_latest_only_with_trigger.py took 0.162 seconds
[2023-06-19T18:46:29.689+0000] {processor.py:157} INFO - Started process (PID=337) to work on /home/airflow/.local/lib/python3.7/site-packages/airflow/example_dags/example_latest_only_with_trigger.py
[2023-06-19T18:46:29.690+0000] {processor.py:826} INFO - Processing file /home/airflow/.local/lib/python3.7/site-packages/airflow/example_dags/example_latest_only_with_trigger.py for tasks to queue
[2023-06-19T18:46:29.691+0000] {logging_mixin.py:149} INFO - [2023-06-19T18:46:29.691+0000] {dagbag.py:541} INFO - Filling up the DagBag from /home/airflow/.local/lib/python3.7/site-packages/airflow/example_dags/example_latest_only_with_trigger.py
[2023-06-19T18:46:29.702+0000] {processor.py:836} INFO - DAG(s) dict_keys(['latest_only_with_trigger']) retrieved from /home/airflow/.local/lib/python3.7/site-packages/airflow/example_dags/example_latest_only_with_trigger.py
[2023-06-19T18:46:29.749+0000] {logging_mixin.py:149} INFO - [2023-06-19T18:46:29.749+0000] {dag.py:2726} INFO - Sync 1 DAGs
[2023-06-19T18:46:29.789+0000] {logging_mixin.py:149} INFO - [2023-06-19T18:46:29.789+0000] {dag.py:3490} INFO - Setting next_dagrun for latest_only_with_trigger to 2023-06-19T14:46:29.789463+00:00, run_after=2023-06-19T18:46:29.789463+00:00
[2023-06-19T18:46:29.843+0000] {processor.py:179} INFO - Processing /home/airflow/.local/lib/python3.7/site-packages/airflow/example_dags/example_latest_only_with_trigger.py took 0.159 seconds
[2023-06-19T18:47:00.136+0000] {processor.py:157} INFO - Started process (PID=406) to work on /home/airflow/.local/lib/python3.7/site-packages/airflow/example_dags/example_latest_only_with_trigger.py
[2023-06-19T18:47:00.137+0000] {processor.py:826} INFO - Processing file /home/airflow/.local/lib/python3.7/site-packages/airflow/example_dags/example_latest_only_with_trigger.py for tasks to queue
[2023-06-19T18:47:00.138+0000] {logging_mixin.py:149} INFO - [2023-06-19T18:47:00.138+0000] {dagbag.py:541} INFO - Filling up the DagBag from /home/airflow/.local/lib/python3.7/site-packages/airflow/example_dags/example_latest_only_with_trigger.py
[2023-06-19T18:47:00.145+0000] {processor.py:836} INFO - DAG(s) dict_keys(['latest_only_with_trigger']) retrieved from /home/airflow/.local/lib/python3.7/site-packages/airflow/example_dags/example_latest_only_with_trigger.py
[2023-06-19T18:47:00.185+0000] {logging_mixin.py:149} INFO - [2023-06-19T18:47:00.184+0000] {dag.py:2726} INFO - Sync 1 DAGs
[2023-06-19T18:47:00.232+0000] {logging_mixin.py:149} INFO - [2023-06-19T18:47:00.232+0000] {dag.py:3490} INFO - Setting next_dagrun for latest_only_with_trigger to 2023-06-19T14:47:00.232076+00:00, run_after=2023-06-19T18:47:00.232076+00:00
[2023-06-19T18:47:00.267+0000] {processor.py:179} INFO - Processing /home/airflow/.local/lib/python3.7/site-packages/airflow/example_dags/example_latest_only_with_trigger.py took 0.135 seconds
[2023-06-19T18:47:30.681+0000] {processor.py:157} INFO - Started process (PID=475) to work on /home/airflow/.local/lib/python3.7/site-packages/airflow/example_dags/example_latest_only_with_trigger.py
[2023-06-19T18:47:30.682+0000] {processor.py:826} INFO - Processing file /home/airflow/.local/lib/python3.7/site-packages/airflow/example_dags/example_latest_only_with_trigger.py for tasks to queue
[2023-06-19T18:47:30.684+0000] {logging_mixin.py:149} INFO - [2023-06-19T18:47:30.684+0000] {dagbag.py:541} INFO - Filling up the DagBag from /home/airflow/.local/lib/python3.7/site-packages/airflow/example_dags/example_latest_only_with_trigger.py
[2023-06-19T18:47:30.698+0000] {processor.py:836} INFO - DAG(s) dict_keys(['latest_only_with_trigger']) retrieved from /home/airflow/.local/lib/python3.7/site-packages/airflow/example_dags/example_latest_only_with_trigger.py
[2023-06-19T18:47:30.748+0000] {logging_mixin.py:149} INFO - [2023-06-19T18:47:30.747+0000] {dag.py:2726} INFO - Sync 1 DAGs
[2023-06-19T18:47:30.795+0000] {logging_mixin.py:149} INFO - [2023-06-19T18:47:30.795+0000] {dag.py:3490} INFO - Setting next_dagrun for latest_only_with_trigger to 2023-06-19T14:47:30.795199+00:00, run_after=2023-06-19T18:47:30.795199+00:00
[2023-06-19T18:47:30.850+0000] {processor.py:179} INFO - Processing /home/airflow/.local/lib/python3.7/site-packages/airflow/example_dags/example_latest_only_with_trigger.py took 0.176 seconds
[2023-06-19T18:48:01.335+0000] {processor.py:157} INFO - Started process (PID=544) to work on /home/airflow/.local/lib/python3.7/site-packages/airflow/example_dags/example_latest_only_with_trigger.py
[2023-06-19T18:48:01.337+0000] {processor.py:826} INFO - Processing file /home/airflow/.local/lib/python3.7/site-packages/airflow/example_dags/example_latest_only_with_trigger.py for tasks to queue
[2023-06-19T18:48:01.337+0000] {logging_mixin.py:149} INFO - [2023-06-19T18:48:01.337+0000] {dagbag.py:541} INFO - Filling up the DagBag from /home/airflow/.local/lib/python3.7/site-packages/airflow/example_dags/example_latest_only_with_trigger.py
[2023-06-19T18:48:01.345+0000] {processor.py:836} INFO - DAG(s) dict_keys(['latest_only_with_trigger']) retrieved from /home/airflow/.local/lib/python3.7/site-packages/airflow/example_dags/example_latest_only_with_trigger.py
[2023-06-19T18:48:01.377+0000] {logging_mixin.py:149} INFO - [2023-06-19T18:48:01.377+0000] {dag.py:2726} INFO - Sync 1 DAGs
[2023-06-19T18:48:01.412+0000] {logging_mixin.py:149} INFO - [2023-06-19T18:48:01.412+0000] {dag.py:3490} INFO - Setting next_dagrun for latest_only_with_trigger to 2023-06-19T14:48:01.412006+00:00, run_after=2023-06-19T18:48:01.412006+00:00
[2023-06-19T18:48:01.451+0000] {processor.py:179} INFO - Processing /home/airflow/.local/lib/python3.7/site-packages/airflow/example_dags/example_latest_only_with_trigger.py took 0.120 seconds
