[2023-06-19T04:16:11.758+0000] {processor.py:157} INFO - Started process (PID=77) to work on /home/airflow/.local/lib/python3.7/site-packages/airflow/example_dags/tutorial.py
[2023-06-19T04:16:11.760+0000] {processor.py:826} INFO - Processing file /home/airflow/.local/lib/python3.7/site-packages/airflow/example_dags/tutorial.py for tasks to queue
[2023-06-19T04:16:11.761+0000] {logging_mixin.py:149} INFO - [2023-06-19T04:16:11.760+0000] {dagbag.py:541} INFO - Filling up the DagBag from /home/airflow/.local/lib/python3.7/site-packages/airflow/example_dags/tutorial.py
[2023-06-19T04:16:11.855+0000] {processor.py:836} INFO - DAG(s) dict_keys(['tutorial']) retrieved from /home/airflow/.local/lib/python3.7/site-packages/airflow/example_dags/tutorial.py
[2023-06-19T04:16:11.897+0000] {logging_mixin.py:149} INFO - [2023-06-19T04:16:11.897+0000] {dag.py:2726} INFO - Sync 1 DAGs
[2023-06-19T04:16:11.945+0000] {logging_mixin.py:149} INFO - [2023-06-19T04:16:11.945+0000] {dag.py:3490} INFO - Setting next_dagrun for tutorial to 2023-06-18T04:16:11.944881+00:00, run_after=2023-06-19T04:16:11.944881+00:00
[2023-06-19T04:16:12.220+0000] {processor.py:179} INFO - Processing /home/airflow/.local/lib/python3.7/site-packages/airflow/example_dags/tutorial.py took 0.467 seconds
[2023-06-19T04:18:01.745+0000] {processor.py:157} INFO - Started process (PID=168) to work on /home/airflow/.local/lib/python3.7/site-packages/airflow/example_dags/tutorial.py
[2023-06-19T04:18:01.799+0000] {processor.py:826} INFO - Processing file /home/airflow/.local/lib/python3.7/site-packages/airflow/example_dags/tutorial.py for tasks to queue
[2023-06-19T04:18:01.802+0000] {logging_mixin.py:149} INFO - [2023-06-19T04:18:01.801+0000] {dagbag.py:541} INFO - Filling up the DagBag from /home/airflow/.local/lib/python3.7/site-packages/airflow/example_dags/tutorial.py
[2023-06-19T04:18:01.933+0000] {processor.py:836} INFO - DAG(s) dict_keys(['tutorial']) retrieved from /home/airflow/.local/lib/python3.7/site-packages/airflow/example_dags/tutorial.py
[2023-06-19T04:18:02.113+0000] {logging_mixin.py:149} INFO - [2023-06-19T04:18:02.112+0000] {dag.py:2726} INFO - Sync 1 DAGs
[2023-06-19T04:18:02.148+0000] {logging_mixin.py:149} INFO - [2023-06-19T04:18:02.148+0000] {dag.py:3490} INFO - Setting next_dagrun for tutorial to 2023-06-18T04:18:02.147913+00:00, run_after=2023-06-19T04:18:02.147913+00:00
[2023-06-19T04:18:02.288+0000] {processor.py:179} INFO - Processing /home/airflow/.local/lib/python3.7/site-packages/airflow/example_dags/tutorial.py took 0.556 seconds
[2023-06-19T04:18:32.419+0000] {processor.py:157} INFO - Started process (PID=231) to work on /home/airflow/.local/lib/python3.7/site-packages/airflow/example_dags/tutorial.py
[2023-06-19T04:18:32.461+0000] {processor.py:826} INFO - Processing file /home/airflow/.local/lib/python3.7/site-packages/airflow/example_dags/tutorial.py for tasks to queue
[2023-06-19T04:18:32.462+0000] {logging_mixin.py:149} INFO - [2023-06-19T04:18:32.462+0000] {dagbag.py:541} INFO - Filling up the DagBag from /home/airflow/.local/lib/python3.7/site-packages/airflow/example_dags/tutorial.py
[2023-06-19T04:18:32.473+0000] {processor.py:836} INFO - DAG(s) dict_keys(['tutorial']) retrieved from /home/airflow/.local/lib/python3.7/site-packages/airflow/example_dags/tutorial.py
[2023-06-19T04:18:32.517+0000] {logging_mixin.py:149} INFO - [2023-06-19T04:18:32.516+0000] {dag.py:2726} INFO - Sync 1 DAGs
[2023-06-19T04:18:32.556+0000] {logging_mixin.py:149} INFO - [2023-06-19T04:18:32.556+0000] {dag.py:3490} INFO - Setting next_dagrun for tutorial to 2023-06-18T04:18:32.555827+00:00, run_after=2023-06-19T04:18:32.555827+00:00
[2023-06-19T04:18:32.644+0000] {processor.py:179} INFO - Processing /home/airflow/.local/lib/python3.7/site-packages/airflow/example_dags/tutorial.py took 0.230 seconds
[2023-06-19T04:19:02.775+0000] {processor.py:157} INFO - Started process (PID=298) to work on /home/airflow/.local/lib/python3.7/site-packages/airflow/example_dags/tutorial.py
[2023-06-19T04:19:02.776+0000] {processor.py:826} INFO - Processing file /home/airflow/.local/lib/python3.7/site-packages/airflow/example_dags/tutorial.py for tasks to queue
[2023-06-19T04:19:02.777+0000] {logging_mixin.py:149} INFO - [2023-06-19T04:19:02.776+0000] {dagbag.py:541} INFO - Filling up the DagBag from /home/airflow/.local/lib/python3.7/site-packages/airflow/example_dags/tutorial.py
[2023-06-19T04:19:02.785+0000] {processor.py:836} INFO - DAG(s) dict_keys(['tutorial']) retrieved from /home/airflow/.local/lib/python3.7/site-packages/airflow/example_dags/tutorial.py
[2023-06-19T04:19:02.827+0000] {logging_mixin.py:149} INFO - [2023-06-19T04:19:02.826+0000] {dag.py:2726} INFO - Sync 1 DAGs
[2023-06-19T04:19:02.879+0000] {logging_mixin.py:149} INFO - [2023-06-19T04:19:02.879+0000] {dag.py:3490} INFO - Setting next_dagrun for tutorial to 2023-06-18T04:19:02.878695+00:00, run_after=2023-06-19T04:19:02.878695+00:00
[2023-06-19T04:19:02.955+0000] {processor.py:179} INFO - Processing /home/airflow/.local/lib/python3.7/site-packages/airflow/example_dags/tutorial.py took 0.184 seconds
[2023-06-19T18:43:38.148+0000] {processor.py:157} INFO - Started process (PID=74) to work on /home/airflow/.local/lib/python3.7/site-packages/airflow/example_dags/tutorial.py
[2023-06-19T18:43:38.199+0000] {processor.py:826} INFO - Processing file /home/airflow/.local/lib/python3.7/site-packages/airflow/example_dags/tutorial.py for tasks to queue
[2023-06-19T18:43:38.200+0000] {logging_mixin.py:149} INFO - [2023-06-19T18:43:38.200+0000] {dagbag.py:541} INFO - Filling up the DagBag from /home/airflow/.local/lib/python3.7/site-packages/airflow/example_dags/tutorial.py
[2023-06-19T18:43:38.308+0000] {processor.py:836} INFO - DAG(s) dict_keys(['tutorial']) retrieved from /home/airflow/.local/lib/python3.7/site-packages/airflow/example_dags/tutorial.py
[2023-06-19T18:43:38.365+0000] {logging_mixin.py:149} INFO - [2023-06-19T18:43:38.365+0000] {dag.py:2726} INFO - Sync 1 DAGs
[2023-06-19T18:43:38.404+0000] {logging_mixin.py:149} INFO - [2023-06-19T18:43:38.404+0000] {dag.py:3490} INFO - Setting next_dagrun for tutorial to 2023-06-18T18:43:38.404279+00:00, run_after=2023-06-19T18:43:38.404279+00:00
[2023-06-19T18:43:38.555+0000] {processor.py:179} INFO - Processing /home/airflow/.local/lib/python3.7/site-packages/airflow/example_dags/tutorial.py took 0.413 seconds
[2023-06-19T18:45:18.639+0000] {processor.py:157} INFO - Started process (PID=167) to work on /home/airflow/.local/lib/python3.7/site-packages/airflow/example_dags/tutorial.py
[2023-06-19T18:45:18.695+0000] {processor.py:826} INFO - Processing file /home/airflow/.local/lib/python3.7/site-packages/airflow/example_dags/tutorial.py for tasks to queue
[2023-06-19T18:45:18.696+0000] {logging_mixin.py:149} INFO - [2023-06-19T18:45:18.695+0000] {dagbag.py:541} INFO - Filling up the DagBag from /home/airflow/.local/lib/python3.7/site-packages/airflow/example_dags/tutorial.py
[2023-06-19T18:45:18.771+0000] {processor.py:836} INFO - DAG(s) dict_keys(['tutorial']) retrieved from /home/airflow/.local/lib/python3.7/site-packages/airflow/example_dags/tutorial.py
[2023-06-19T18:45:18.810+0000] {logging_mixin.py:149} INFO - [2023-06-19T18:45:18.810+0000] {dag.py:2726} INFO - Sync 1 DAGs
[2023-06-19T18:45:19.057+0000] {logging_mixin.py:149} INFO - [2023-06-19T18:45:19.057+0000] {dag.py:3490} INFO - Setting next_dagrun for tutorial to 2023-06-18T18:45:19.057242+00:00, run_after=2023-06-19T18:45:19.057242+00:00
[2023-06-19T18:45:19.206+0000] {processor.py:179} INFO - Processing /home/airflow/.local/lib/python3.7/site-packages/airflow/example_dags/tutorial.py took 0.571 seconds
[2023-06-19T18:45:49.266+0000] {processor.py:157} INFO - Started process (PID=235) to work on /home/airflow/.local/lib/python3.7/site-packages/airflow/example_dags/tutorial.py
[2023-06-19T18:45:49.275+0000] {processor.py:826} INFO - Processing file /home/airflow/.local/lib/python3.7/site-packages/airflow/example_dags/tutorial.py for tasks to queue
[2023-06-19T18:45:49.277+0000] {logging_mixin.py:149} INFO - [2023-06-19T18:45:49.276+0000] {dagbag.py:541} INFO - Filling up the DagBag from /home/airflow/.local/lib/python3.7/site-packages/airflow/example_dags/tutorial.py
[2023-06-19T18:45:49.288+0000] {processor.py:836} INFO - DAG(s) dict_keys(['tutorial']) retrieved from /home/airflow/.local/lib/python3.7/site-packages/airflow/example_dags/tutorial.py
[2023-06-19T18:45:49.331+0000] {logging_mixin.py:149} INFO - [2023-06-19T18:45:49.331+0000] {dag.py:2726} INFO - Sync 1 DAGs
[2023-06-19T18:45:49.386+0000] {logging_mixin.py:149} INFO - [2023-06-19T18:45:49.386+0000] {dag.py:3490} INFO - Setting next_dagrun for tutorial to 2023-06-18T18:45:49.386075+00:00, run_after=2023-06-19T18:45:49.386075+00:00
[2023-06-19T18:45:49.432+0000] {processor.py:179} INFO - Processing /home/airflow/.local/lib/python3.7/site-packages/airflow/example_dags/tutorial.py took 0.172 seconds
[2023-06-19T18:46:20.646+0000] {processor.py:157} INFO - Started process (PID=303) to work on /home/airflow/.local/lib/python3.7/site-packages/airflow/example_dags/tutorial.py
[2023-06-19T18:46:20.708+0000] {processor.py:826} INFO - Processing file /home/airflow/.local/lib/python3.7/site-packages/airflow/example_dags/tutorial.py for tasks to queue
[2023-06-19T18:46:20.710+0000] {logging_mixin.py:149} INFO - [2023-06-19T18:46:20.710+0000] {dagbag.py:541} INFO - Filling up the DagBag from /home/airflow/.local/lib/python3.7/site-packages/airflow/example_dags/tutorial.py
[2023-06-19T18:46:20.728+0000] {processor.py:836} INFO - DAG(s) dict_keys(['tutorial']) retrieved from /home/airflow/.local/lib/python3.7/site-packages/airflow/example_dags/tutorial.py
[2023-06-19T18:46:20.770+0000] {logging_mixin.py:149} INFO - [2023-06-19T18:46:20.770+0000] {dag.py:2726} INFO - Sync 1 DAGs
[2023-06-19T18:46:20.810+0000] {logging_mixin.py:149} INFO - [2023-06-19T18:46:20.810+0000] {dag.py:3490} INFO - Setting next_dagrun for tutorial to 2023-06-18T18:46:20.809776+00:00, run_after=2023-06-19T18:46:20.809776+00:00
[2023-06-19T18:46:20.895+0000] {processor.py:179} INFO - Processing /home/airflow/.local/lib/python3.7/site-packages/airflow/example_dags/tutorial.py took 0.254 seconds
[2023-06-19T18:46:51.742+0000] {processor.py:157} INFO - Started process (PID=371) to work on /home/airflow/.local/lib/python3.7/site-packages/airflow/example_dags/tutorial.py
[2023-06-19T18:46:51.743+0000] {processor.py:826} INFO - Processing file /home/airflow/.local/lib/python3.7/site-packages/airflow/example_dags/tutorial.py for tasks to queue
[2023-06-19T18:46:51.745+0000] {logging_mixin.py:149} INFO - [2023-06-19T18:46:51.744+0000] {dagbag.py:541} INFO - Filling up the DagBag from /home/airflow/.local/lib/python3.7/site-packages/airflow/example_dags/tutorial.py
[2023-06-19T18:46:51.756+0000] {processor.py:836} INFO - DAG(s) dict_keys(['tutorial']) retrieved from /home/airflow/.local/lib/python3.7/site-packages/airflow/example_dags/tutorial.py
[2023-06-19T18:46:51.789+0000] {logging_mixin.py:149} INFO - [2023-06-19T18:46:51.789+0000] {dag.py:2726} INFO - Sync 1 DAGs
[2023-06-19T18:46:51.840+0000] {logging_mixin.py:149} INFO - [2023-06-19T18:46:51.840+0000] {dag.py:3490} INFO - Setting next_dagrun for tutorial to 2023-06-18T18:46:51.839829+00:00, run_after=2023-06-19T18:46:51.839829+00:00
[2023-06-19T18:46:51.887+0000] {processor.py:179} INFO - Processing /home/airflow/.local/lib/python3.7/site-packages/airflow/example_dags/tutorial.py took 0.150 seconds
[2023-06-19T18:47:22.913+0000] {processor.py:157} INFO - Started process (PID=439) to work on /home/airflow/.local/lib/python3.7/site-packages/airflow/example_dags/tutorial.py
[2023-06-19T18:47:22.914+0000] {processor.py:826} INFO - Processing file /home/airflow/.local/lib/python3.7/site-packages/airflow/example_dags/tutorial.py for tasks to queue
[2023-06-19T18:47:22.915+0000] {logging_mixin.py:149} INFO - [2023-06-19T18:47:22.915+0000] {dagbag.py:541} INFO - Filling up the DagBag from /home/airflow/.local/lib/python3.7/site-packages/airflow/example_dags/tutorial.py
[2023-06-19T18:47:22.923+0000] {processor.py:836} INFO - DAG(s) dict_keys(['tutorial']) retrieved from /home/airflow/.local/lib/python3.7/site-packages/airflow/example_dags/tutorial.py
[2023-06-19T18:47:22.953+0000] {logging_mixin.py:149} INFO - [2023-06-19T18:47:22.953+0000] {dag.py:2726} INFO - Sync 1 DAGs
[2023-06-19T18:47:22.986+0000] {logging_mixin.py:149} INFO - [2023-06-19T18:47:22.986+0000] {dag.py:3490} INFO - Setting next_dagrun for tutorial to 2023-06-18T18:47:22.985813+00:00, run_after=2023-06-19T18:47:22.985813+00:00
[2023-06-19T18:47:23.025+0000] {processor.py:179} INFO - Processing /home/airflow/.local/lib/python3.7/site-packages/airflow/example_dags/tutorial.py took 0.116 seconds
[2023-06-19T18:47:53.661+0000] {processor.py:157} INFO - Started process (PID=507) to work on /home/airflow/.local/lib/python3.7/site-packages/airflow/example_dags/tutorial.py
[2023-06-19T18:47:53.662+0000] {processor.py:826} INFO - Processing file /home/airflow/.local/lib/python3.7/site-packages/airflow/example_dags/tutorial.py for tasks to queue
[2023-06-19T18:47:53.662+0000] {logging_mixin.py:149} INFO - [2023-06-19T18:47:53.662+0000] {dagbag.py:541} INFO - Filling up the DagBag from /home/airflow/.local/lib/python3.7/site-packages/airflow/example_dags/tutorial.py
[2023-06-19T18:47:53.670+0000] {processor.py:836} INFO - DAG(s) dict_keys(['tutorial']) retrieved from /home/airflow/.local/lib/python3.7/site-packages/airflow/example_dags/tutorial.py
[2023-06-19T18:47:53.701+0000] {logging_mixin.py:149} INFO - [2023-06-19T18:47:53.701+0000] {dag.py:2726} INFO - Sync 1 DAGs
[2023-06-19T18:47:53.738+0000] {logging_mixin.py:149} INFO - [2023-06-19T18:47:53.738+0000] {dag.py:3490} INFO - Setting next_dagrun for tutorial to 2023-06-18T18:47:53.737674+00:00, run_after=2023-06-19T18:47:53.737674+00:00
[2023-06-19T18:47:53.796+0000] {processor.py:179} INFO - Processing /home/airflow/.local/lib/python3.7/site-packages/airflow/example_dags/tutorial.py took 0.139 seconds
