[2023-06-19T04:16:15.584+0000] {processor.py:157} INFO - Started process (PID=88) to work on /home/airflow/.local/lib/python3.7/site-packages/airflow/example_dags/tutorial_taskflow_api.py
[2023-06-19T04:16:15.585+0000] {processor.py:826} INFO - Processing file /home/airflow/.local/lib/python3.7/site-packages/airflow/example_dags/tutorial_taskflow_api.py for tasks to queue
[2023-06-19T04:16:15.586+0000] {logging_mixin.py:149} INFO - [2023-06-19T04:16:15.586+0000] {dagbag.py:541} INFO - Filling up the DagBag from /home/airflow/.local/lib/python3.7/site-packages/airflow/example_dags/tutorial_taskflow_api.py
[2023-06-19T04:16:15.597+0000] {processor.py:836} INFO - DAG(s) dict_keys(['tutorial_taskflow_api']) retrieved from /home/airflow/.local/lib/python3.7/site-packages/airflow/example_dags/tutorial_taskflow_api.py
[2023-06-19T04:16:15.631+0000] {logging_mixin.py:149} INFO - [2023-06-19T04:16:15.631+0000] {dag.py:2726} INFO - Sync 1 DAGs
[2023-06-19T04:16:15.665+0000] {logging_mixin.py:149} INFO - [2023-06-19T04:16:15.665+0000] {dag.py:3490} INFO - Setting next_dagrun for tutorial_taskflow_api to None, run_after=None
[2023-06-19T04:16:15.972+0000] {processor.py:179} INFO - Processing /home/airflow/.local/lib/python3.7/site-packages/airflow/example_dags/tutorial_taskflow_api.py took 0.392 seconds
[2023-06-19T04:18:06.733+0000] {processor.py:157} INFO - Started process (PID=179) to work on /home/airflow/.local/lib/python3.7/site-packages/airflow/example_dags/tutorial_taskflow_api.py
[2023-06-19T04:18:06.769+0000] {processor.py:826} INFO - Processing file /home/airflow/.local/lib/python3.7/site-packages/airflow/example_dags/tutorial_taskflow_api.py for tasks to queue
[2023-06-19T04:18:06.771+0000] {logging_mixin.py:149} INFO - [2023-06-19T04:18:06.771+0000] {dagbag.py:541} INFO - Filling up the DagBag from /home/airflow/.local/lib/python3.7/site-packages/airflow/example_dags/tutorial_taskflow_api.py
[2023-06-19T04:18:06.789+0000] {processor.py:836} INFO - DAG(s) dict_keys(['tutorial_taskflow_api']) retrieved from /home/airflow/.local/lib/python3.7/site-packages/airflow/example_dags/tutorial_taskflow_api.py
[2023-06-19T04:18:07.021+0000] {logging_mixin.py:149} INFO - [2023-06-19T04:18:07.021+0000] {dag.py:2726} INFO - Sync 1 DAGs
[2023-06-19T04:18:07.080+0000] {logging_mixin.py:149} INFO - [2023-06-19T04:18:07.080+0000] {dag.py:3490} INFO - Setting next_dagrun for tutorial_taskflow_api to None, run_after=None
[2023-06-19T04:18:07.193+0000] {processor.py:179} INFO - Processing /home/airflow/.local/lib/python3.7/site-packages/airflow/example_dags/tutorial_taskflow_api.py took 0.477 seconds
[2023-06-19T04:18:37.358+0000] {processor.py:157} INFO - Started process (PID=247) to work on /home/airflow/.local/lib/python3.7/site-packages/airflow/example_dags/tutorial_taskflow_api.py
[2023-06-19T04:18:37.359+0000] {processor.py:826} INFO - Processing file /home/airflow/.local/lib/python3.7/site-packages/airflow/example_dags/tutorial_taskflow_api.py for tasks to queue
[2023-06-19T04:18:37.360+0000] {logging_mixin.py:149} INFO - [2023-06-19T04:18:37.359+0000] {dagbag.py:541} INFO - Filling up the DagBag from /home/airflow/.local/lib/python3.7/site-packages/airflow/example_dags/tutorial_taskflow_api.py
[2023-06-19T04:18:37.369+0000] {processor.py:836} INFO - DAG(s) dict_keys(['tutorial_taskflow_api']) retrieved from /home/airflow/.local/lib/python3.7/site-packages/airflow/example_dags/tutorial_taskflow_api.py
[2023-06-19T04:18:37.408+0000] {logging_mixin.py:149} INFO - [2023-06-19T04:18:37.408+0000] {dag.py:2726} INFO - Sync 1 DAGs
[2023-06-19T04:18:37.467+0000] {logging_mixin.py:149} INFO - [2023-06-19T04:18:37.467+0000] {dag.py:3490} INFO - Setting next_dagrun for tutorial_taskflow_api to None, run_after=None
[2023-06-19T04:18:37.512+0000] {processor.py:179} INFO - Processing /home/airflow/.local/lib/python3.7/site-packages/airflow/example_dags/tutorial_taskflow_api.py took 0.159 seconds
[2023-06-19T18:43:41.830+0000] {processor.py:157} INFO - Started process (PID=86) to work on /home/airflow/.local/lib/python3.7/site-packages/airflow/example_dags/tutorial_taskflow_api.py
[2023-06-19T18:43:41.877+0000] {processor.py:826} INFO - Processing file /home/airflow/.local/lib/python3.7/site-packages/airflow/example_dags/tutorial_taskflow_api.py for tasks to queue
[2023-06-19T18:43:41.877+0000] {logging_mixin.py:149} INFO - [2023-06-19T18:43:41.877+0000] {dagbag.py:541} INFO - Filling up the DagBag from /home/airflow/.local/lib/python3.7/site-packages/airflow/example_dags/tutorial_taskflow_api.py
[2023-06-19T18:43:41.887+0000] {processor.py:836} INFO - DAG(s) dict_keys(['tutorial_taskflow_api']) retrieved from /home/airflow/.local/lib/python3.7/site-packages/airflow/example_dags/tutorial_taskflow_api.py
[2023-06-19T18:43:41.926+0000] {logging_mixin.py:149} INFO - [2023-06-19T18:43:41.925+0000] {dag.py:2726} INFO - Sync 1 DAGs
[2023-06-19T18:43:41.985+0000] {logging_mixin.py:149} INFO - [2023-06-19T18:43:41.985+0000] {dag.py:3490} INFO - Setting next_dagrun for tutorial_taskflow_api to None, run_after=None
[2023-06-19T18:43:42.150+0000] {processor.py:179} INFO - Processing /home/airflow/.local/lib/python3.7/site-packages/airflow/example_dags/tutorial_taskflow_api.py took 0.325 seconds
[2023-06-19T18:45:21.518+0000] {processor.py:157} INFO - Started process (PID=178) to work on /home/airflow/.local/lib/python3.7/site-packages/airflow/example_dags/tutorial_taskflow_api.py
[2023-06-19T18:45:21.519+0000] {processor.py:826} INFO - Processing file /home/airflow/.local/lib/python3.7/site-packages/airflow/example_dags/tutorial_taskflow_api.py for tasks to queue
[2023-06-19T18:45:21.520+0000] {logging_mixin.py:149} INFO - [2023-06-19T18:45:21.519+0000] {dagbag.py:541} INFO - Filling up the DagBag from /home/airflow/.local/lib/python3.7/site-packages/airflow/example_dags/tutorial_taskflow_api.py
[2023-06-19T18:45:21.529+0000] {processor.py:836} INFO - DAG(s) dict_keys(['tutorial_taskflow_api']) retrieved from /home/airflow/.local/lib/python3.7/site-packages/airflow/example_dags/tutorial_taskflow_api.py
[2023-06-19T18:45:21.566+0000] {logging_mixin.py:149} INFO - [2023-06-19T18:45:21.566+0000] {dag.py:2726} INFO - Sync 1 DAGs
[2023-06-19T18:45:21.753+0000] {logging_mixin.py:149} INFO - [2023-06-19T18:45:21.753+0000] {dag.py:3490} INFO - Setting next_dagrun for tutorial_taskflow_api to None, run_after=None
[2023-06-19T18:45:21.972+0000] {processor.py:179} INFO - Processing /home/airflow/.local/lib/python3.7/site-packages/airflow/example_dags/tutorial_taskflow_api.py took 0.459 seconds
[2023-06-19T18:45:52.680+0000] {processor.py:157} INFO - Started process (PID=246) to work on /home/airflow/.local/lib/python3.7/site-packages/airflow/example_dags/tutorial_taskflow_api.py
[2023-06-19T18:45:52.688+0000] {processor.py:826} INFO - Processing file /home/airflow/.local/lib/python3.7/site-packages/airflow/example_dags/tutorial_taskflow_api.py for tasks to queue
[2023-06-19T18:45:52.690+0000] {logging_mixin.py:149} INFO - [2023-06-19T18:45:52.689+0000] {dagbag.py:541} INFO - Filling up the DagBag from /home/airflow/.local/lib/python3.7/site-packages/airflow/example_dags/tutorial_taskflow_api.py
[2023-06-19T18:45:52.701+0000] {processor.py:836} INFO - DAG(s) dict_keys(['tutorial_taskflow_api']) retrieved from /home/airflow/.local/lib/python3.7/site-packages/airflow/example_dags/tutorial_taskflow_api.py
[2023-06-19T18:45:52.749+0000] {logging_mixin.py:149} INFO - [2023-06-19T18:45:52.748+0000] {dag.py:2726} INFO - Sync 1 DAGs
[2023-06-19T18:45:52.805+0000] {logging_mixin.py:149} INFO - [2023-06-19T18:45:52.805+0000] {dag.py:3490} INFO - Setting next_dagrun for tutorial_taskflow_api to None, run_after=None
[2023-06-19T18:45:52.856+0000] {processor.py:179} INFO - Processing /home/airflow/.local/lib/python3.7/site-packages/airflow/example_dags/tutorial_taskflow_api.py took 0.180 seconds
[2023-06-19T18:46:22.964+0000] {processor.py:157} INFO - Started process (PID=313) to work on /home/airflow/.local/lib/python3.7/site-packages/airflow/example_dags/tutorial_taskflow_api.py
[2023-06-19T18:46:22.965+0000] {processor.py:826} INFO - Processing file /home/airflow/.local/lib/python3.7/site-packages/airflow/example_dags/tutorial_taskflow_api.py for tasks to queue
[2023-06-19T18:46:22.965+0000] {logging_mixin.py:149} INFO - [2023-06-19T18:46:22.965+0000] {dagbag.py:541} INFO - Filling up the DagBag from /home/airflow/.local/lib/python3.7/site-packages/airflow/example_dags/tutorial_taskflow_api.py
[2023-06-19T18:46:22.973+0000] {processor.py:836} INFO - DAG(s) dict_keys(['tutorial_taskflow_api']) retrieved from /home/airflow/.local/lib/python3.7/site-packages/airflow/example_dags/tutorial_taskflow_api.py
[2023-06-19T18:46:23.003+0000] {logging_mixin.py:149} INFO - [2023-06-19T18:46:23.003+0000] {dag.py:2726} INFO - Sync 1 DAGs
[2023-06-19T18:46:23.035+0000] {logging_mixin.py:149} INFO - [2023-06-19T18:46:23.034+0000] {dag.py:3490} INFO - Setting next_dagrun for tutorial_taskflow_api to None, run_after=None
[2023-06-19T18:46:23.075+0000] {processor.py:179} INFO - Processing /home/airflow/.local/lib/python3.7/site-packages/airflow/example_dags/tutorial_taskflow_api.py took 0.115 seconds
[2023-06-19T18:46:53.551+0000] {processor.py:157} INFO - Started process (PID=382) to work on /home/airflow/.local/lib/python3.7/site-packages/airflow/example_dags/tutorial_taskflow_api.py
[2023-06-19T18:46:53.552+0000] {processor.py:826} INFO - Processing file /home/airflow/.local/lib/python3.7/site-packages/airflow/example_dags/tutorial_taskflow_api.py for tasks to queue
[2023-06-19T18:46:53.553+0000] {logging_mixin.py:149} INFO - [2023-06-19T18:46:53.553+0000] {dagbag.py:541} INFO - Filling up the DagBag from /home/airflow/.local/lib/python3.7/site-packages/airflow/example_dags/tutorial_taskflow_api.py
[2023-06-19T18:46:53.561+0000] {processor.py:836} INFO - DAG(s) dict_keys(['tutorial_taskflow_api']) retrieved from /home/airflow/.local/lib/python3.7/site-packages/airflow/example_dags/tutorial_taskflow_api.py
[2023-06-19T18:46:53.592+0000] {logging_mixin.py:149} INFO - [2023-06-19T18:46:53.592+0000] {dag.py:2726} INFO - Sync 1 DAGs
[2023-06-19T18:46:53.632+0000] {logging_mixin.py:149} INFO - [2023-06-19T18:46:53.632+0000] {dag.py:3490} INFO - Setting next_dagrun for tutorial_taskflow_api to None, run_after=None
[2023-06-19T18:46:53.670+0000] {processor.py:179} INFO - Processing /home/airflow/.local/lib/python3.7/site-packages/airflow/example_dags/tutorial_taskflow_api.py took 0.123 seconds
[2023-06-19T18:47:24.072+0000] {processor.py:157} INFO - Started process (PID=450) to work on /home/airflow/.local/lib/python3.7/site-packages/airflow/example_dags/tutorial_taskflow_api.py
[2023-06-19T18:47:24.073+0000] {processor.py:826} INFO - Processing file /home/airflow/.local/lib/python3.7/site-packages/airflow/example_dags/tutorial_taskflow_api.py for tasks to queue
[2023-06-19T18:47:24.074+0000] {logging_mixin.py:149} INFO - [2023-06-19T18:47:24.074+0000] {dagbag.py:541} INFO - Filling up the DagBag from /home/airflow/.local/lib/python3.7/site-packages/airflow/example_dags/tutorial_taskflow_api.py
[2023-06-19T18:47:24.082+0000] {processor.py:836} INFO - DAG(s) dict_keys(['tutorial_taskflow_api']) retrieved from /home/airflow/.local/lib/python3.7/site-packages/airflow/example_dags/tutorial_taskflow_api.py
[2023-06-19T18:47:24.118+0000] {logging_mixin.py:149} INFO - [2023-06-19T18:47:24.118+0000] {dag.py:2726} INFO - Sync 1 DAGs
[2023-06-19T18:47:24.162+0000] {logging_mixin.py:149} INFO - [2023-06-19T18:47:24.162+0000] {dag.py:3490} INFO - Setting next_dagrun for tutorial_taskflow_api to None, run_after=None
[2023-06-19T18:47:24.209+0000] {processor.py:179} INFO - Processing /home/airflow/.local/lib/python3.7/site-packages/airflow/example_dags/tutorial_taskflow_api.py took 0.141 seconds
[2023-06-19T18:47:54.667+0000] {processor.py:157} INFO - Started process (PID=518) to work on /home/airflow/.local/lib/python3.7/site-packages/airflow/example_dags/tutorial_taskflow_api.py
[2023-06-19T18:47:54.719+0000] {processor.py:826} INFO - Processing file /home/airflow/.local/lib/python3.7/site-packages/airflow/example_dags/tutorial_taskflow_api.py for tasks to queue
[2023-06-19T18:47:54.720+0000] {logging_mixin.py:149} INFO - [2023-06-19T18:47:54.720+0000] {dagbag.py:541} INFO - Filling up the DagBag from /home/airflow/.local/lib/python3.7/site-packages/airflow/example_dags/tutorial_taskflow_api.py
[2023-06-19T18:47:54.730+0000] {processor.py:836} INFO - DAG(s) dict_keys(['tutorial_taskflow_api']) retrieved from /home/airflow/.local/lib/python3.7/site-packages/airflow/example_dags/tutorial_taskflow_api.py
[2023-06-19T18:47:54.773+0000] {logging_mixin.py:149} INFO - [2023-06-19T18:47:54.773+0000] {dag.py:2726} INFO - Sync 1 DAGs
[2023-06-19T18:47:54.810+0000] {logging_mixin.py:149} INFO - [2023-06-19T18:47:54.810+0000] {dag.py:3490} INFO - Setting next_dagrun for tutorial_taskflow_api to None, run_after=None
[2023-06-19T18:47:54.867+0000] {processor.py:179} INFO - Processing /home/airflow/.local/lib/python3.7/site-packages/airflow/example_dags/tutorial_taskflow_api.py took 0.208 seconds
