[2023-06-19T04:15:31.435+0000] {processor.py:157} INFO - Started process (PID=61) to work on /opt/airflow/dags/dbt_run_dag.py
[2023-06-19T04:15:31.436+0000] {processor.py:826} INFO - Processing file /opt/airflow/dags/dbt_run_dag.py for tasks to queue
[2023-06-19T04:15:31.437+0000] {logging_mixin.py:149} INFO - [2023-06-19T04:15:31.437+0000] {dagbag.py:541} INFO - Filling up the DagBag from /opt/airflow/dags/dbt_run_dag.py
[2023-06-19T04:15:31.449+0000] {processor.py:836} INFO - DAG(s) dict_keys(['dbt-run']) retrieved from /opt/airflow/dags/dbt_run_dag.py
[2023-06-19T04:15:31.488+0000] {logging_mixin.py:149} INFO - [2023-06-19T04:15:31.488+0000] {dag.py:2726} INFO - Sync 1 DAGs
[2023-06-19T04:15:31.529+0000] {logging_mixin.py:149} INFO - [2023-06-19T04:15:31.528+0000] {dag.py:3490} INFO - Setting next_dagrun for dbt-run to 2023-06-10T00:00:00+00:00, run_after=2023-06-11T00:00:00+00:00
[2023-06-19T04:15:31.680+0000] {processor.py:179} INFO - Processing /opt/airflow/dags/dbt_run_dag.py took 0.249 seconds
[2023-06-19T04:16:55.879+0000] {processor.py:157} INFO - Started process (PID=137) to work on /opt/airflow/dags/dbt_run_dag.py
[2023-06-19T04:16:55.880+0000] {processor.py:826} INFO - Processing file /opt/airflow/dags/dbt_run_dag.py for tasks to queue
[2023-06-19T04:16:56.138+0000] {logging_mixin.py:149} INFO - [2023-06-19T04:16:56.137+0000] {dagbag.py:541} INFO - Filling up the DagBag from /opt/airflow/dags/dbt_run_dag.py
[2023-06-19T04:17:01.322+0000] {processor.py:836} INFO - DAG(s) dict_keys(['dbt-run']) retrieved from /opt/airflow/dags/dbt_run_dag.py
[2023-06-19T04:17:08.244+0000] {logging_mixin.py:149} INFO - [2023-06-19T04:17:08.243+0000] {dag.py:2726} INFO - Sync 1 DAGs
[2023-06-19T04:17:15.828+0000] {logging_mixin.py:149} INFO - [2023-06-19T04:17:15.538+0000] {dag.py:3490} INFO - Setting next_dagrun for dbt-run to 2023-06-10T00:00:00+00:00, run_after=2023-06-11T00:00:00+00:00
[2023-06-19T04:17:18.839+0000] {processor.py:179} INFO - Processing /opt/airflow/dags/dbt_run_dag.py took 22.964 seconds
[2023-06-19T04:18:15.036+0000] {processor.py:157} INFO - Started process (PID=220) to work on /opt/airflow/dags/dbt_run_dag.py
[2023-06-19T04:18:15.038+0000] {processor.py:826} INFO - Processing file /opt/airflow/dags/dbt_run_dag.py for tasks to queue
[2023-06-19T04:18:15.038+0000] {logging_mixin.py:149} INFO - [2023-06-19T04:18:15.038+0000] {dagbag.py:541} INFO - Filling up the DagBag from /opt/airflow/dags/dbt_run_dag.py
[2023-06-19T04:18:15.046+0000] {processor.py:836} INFO - DAG(s) dict_keys(['dbt-run']) retrieved from /opt/airflow/dags/dbt_run_dag.py
[2023-06-19T04:18:15.074+0000] {logging_mixin.py:149} INFO - [2023-06-19T04:18:15.074+0000] {dag.py:2726} INFO - Sync 1 DAGs
[2023-06-19T04:18:15.108+0000] {logging_mixin.py:149} INFO - [2023-06-19T04:18:15.108+0000] {dag.py:3490} INFO - Setting next_dagrun for dbt-run to 2023-06-10T00:00:00+00:00, run_after=2023-06-11T00:00:00+00:00
[2023-06-19T04:18:15.218+0000] {processor.py:179} INFO - Processing /opt/airflow/dags/dbt_run_dag.py took 0.186 seconds
[2023-06-19T04:18:45.728+0000] {processor.py:157} INFO - Started process (PID=287) to work on /opt/airflow/dags/dbt_run_dag.py
[2023-06-19T04:18:45.774+0000] {processor.py:826} INFO - Processing file /opt/airflow/dags/dbt_run_dag.py for tasks to queue
[2023-06-19T04:18:45.775+0000] {logging_mixin.py:149} INFO - [2023-06-19T04:18:45.775+0000] {dagbag.py:541} INFO - Filling up the DagBag from /opt/airflow/dags/dbt_run_dag.py
[2023-06-19T04:18:45.784+0000] {processor.py:836} INFO - DAG(s) dict_keys(['dbt-run']) retrieved from /opt/airflow/dags/dbt_run_dag.py
[2023-06-19T04:18:45.815+0000] {logging_mixin.py:149} INFO - [2023-06-19T04:18:45.815+0000] {dag.py:2726} INFO - Sync 1 DAGs
[2023-06-19T04:18:45.851+0000] {logging_mixin.py:149} INFO - [2023-06-19T04:18:45.851+0000] {dag.py:3490} INFO - Setting next_dagrun for dbt-run to 2023-06-10T00:00:00+00:00, run_after=2023-06-11T00:00:00+00:00
[2023-06-19T04:18:45.969+0000] {processor.py:179} INFO - Processing /opt/airflow/dags/dbt_run_dag.py took 0.247 seconds
[2023-06-19T18:42:59.327+0000] {processor.py:157} INFO - Started process (PID=52) to work on /opt/airflow/dags/dbt_run_dag.py
[2023-06-19T18:42:59.366+0000] {processor.py:826} INFO - Processing file /opt/airflow/dags/dbt_run_dag.py for tasks to queue
[2023-06-19T18:42:59.367+0000] {logging_mixin.py:149} INFO - [2023-06-19T18:42:59.366+0000] {dagbag.py:541} INFO - Filling up the DagBag from /opt/airflow/dags/dbt_run_dag.py
[2023-06-19T18:42:59.379+0000] {processor.py:836} INFO - DAG(s) dict_keys(['dbt-run']) retrieved from /opt/airflow/dags/dbt_run_dag.py
[2023-06-19T18:42:59.425+0000] {logging_mixin.py:149} INFO - [2023-06-19T18:42:59.425+0000] {dag.py:2726} INFO - Sync 1 DAGs
[2023-06-19T18:42:59.459+0000] {logging_mixin.py:149} INFO - [2023-06-19T18:42:59.459+0000] {dag.py:3490} INFO - Setting next_dagrun for dbt-run to 2023-06-10T00:00:00+00:00, run_after=2023-06-11T00:00:00+00:00
[2023-06-19T18:42:59.657+0000] {processor.py:179} INFO - Processing /opt/airflow/dags/dbt_run_dag.py took 0.333 seconds
[2023-06-19T18:44:28.660+0000] {processor.py:157} INFO - Started process (PID=136) to work on /opt/airflow/dags/dbt_run_dag.py
[2023-06-19T18:44:28.770+0000] {processor.py:826} INFO - Processing file /opt/airflow/dags/dbt_run_dag.py for tasks to queue
[2023-06-19T18:44:30.096+0000] {logging_mixin.py:149} INFO - [2023-06-19T18:44:30.095+0000] {dagbag.py:541} INFO - Filling up the DagBag from /opt/airflow/dags/dbt_run_dag.py
[2023-06-19T18:44:37.487+0000] {processor.py:836} INFO - DAG(s) dict_keys(['dbt-run']) retrieved from /opt/airflow/dags/dbt_run_dag.py
[2023-06-19T18:44:46.965+0000] {logging_mixin.py:149} INFO - [2023-06-19T18:44:46.965+0000] {dag.py:2726} INFO - Sync 1 DAGs
[2023-06-19T18:44:52.683+0000] {logging_mixin.py:149} INFO - [2023-06-19T18:44:52.682+0000] {dag.py:3490} INFO - Setting next_dagrun for dbt-run to 2023-06-10T00:00:00+00:00, run_after=2023-06-11T00:00:00+00:00
[2023-06-19T18:45:09.843+0000] {processor.py:179} INFO - Processing /opt/airflow/dags/dbt_run_dag.py took 41.188 seconds
[2023-06-19T18:45:40.383+0000] {processor.py:157} INFO - Started process (PID=212) to work on /opt/airflow/dags/dbt_run_dag.py
[2023-06-19T18:45:40.444+0000] {processor.py:826} INFO - Processing file /opt/airflow/dags/dbt_run_dag.py for tasks to queue
[2023-06-19T18:45:40.445+0000] {logging_mixin.py:149} INFO - [2023-06-19T18:45:40.445+0000] {dagbag.py:541} INFO - Filling up the DagBag from /opt/airflow/dags/dbt_run_dag.py
[2023-06-19T18:45:40.448+0000] {processor.py:836} INFO - DAG(s) dict_keys(['dbt-run']) retrieved from /opt/airflow/dags/dbt_run_dag.py
[2023-06-19T18:45:40.474+0000] {logging_mixin.py:149} INFO - [2023-06-19T18:45:40.474+0000] {dag.py:2726} INFO - Sync 1 DAGs
[2023-06-19T18:45:40.505+0000] {logging_mixin.py:149} INFO - [2023-06-19T18:45:40.504+0000] {dag.py:3490} INFO - Setting next_dagrun for dbt-run to 2023-06-10T00:00:00+00:00, run_after=2023-06-11T00:00:00+00:00
[2023-06-19T18:45:40.585+0000] {processor.py:179} INFO - Processing /opt/airflow/dags/dbt_run_dag.py took 0.444 seconds
[2023-06-19T18:46:10.689+0000] {processor.py:157} INFO - Started process (PID=280) to work on /opt/airflow/dags/dbt_run_dag.py
[2023-06-19T18:46:10.690+0000] {processor.py:826} INFO - Processing file /opt/airflow/dags/dbt_run_dag.py for tasks to queue
[2023-06-19T18:46:10.691+0000] {logging_mixin.py:149} INFO - [2023-06-19T18:46:10.691+0000] {dagbag.py:541} INFO - Filling up the DagBag from /opt/airflow/dags/dbt_run_dag.py
[2023-06-19T18:46:10.702+0000] {processor.py:836} INFO - DAG(s) dict_keys(['dbt-run']) retrieved from /opt/airflow/dags/dbt_run_dag.py
[2023-06-19T18:46:10.756+0000] {logging_mixin.py:149} INFO - [2023-06-19T18:46:10.755+0000] {dag.py:2726} INFO - Sync 1 DAGs
[2023-06-19T18:46:10.807+0000] {logging_mixin.py:149} INFO - [2023-06-19T18:46:10.806+0000] {dag.py:3490} INFO - Setting next_dagrun for dbt-run to 2023-06-10T00:00:00+00:00, run_after=2023-06-11T00:00:00+00:00
[2023-06-19T18:46:10.860+0000] {processor.py:179} INFO - Processing /opt/airflow/dags/dbt_run_dag.py took 0.178 seconds
[2023-06-19T18:46:41.070+0000] {processor.py:157} INFO - Started process (PID=348) to work on /opt/airflow/dags/dbt_run_dag.py
[2023-06-19T18:46:41.097+0000] {processor.py:826} INFO - Processing file /opt/airflow/dags/dbt_run_dag.py for tasks to queue
[2023-06-19T18:46:41.098+0000] {logging_mixin.py:149} INFO - [2023-06-19T18:46:41.098+0000] {dagbag.py:541} INFO - Filling up the DagBag from /opt/airflow/dags/dbt_run_dag.py
[2023-06-19T18:46:41.106+0000] {processor.py:836} INFO - DAG(s) dict_keys(['dbt-run']) retrieved from /opt/airflow/dags/dbt_run_dag.py
[2023-06-19T18:46:41.146+0000] {logging_mixin.py:149} INFO - [2023-06-19T18:46:41.146+0000] {dag.py:2726} INFO - Sync 1 DAGs
[2023-06-19T18:46:41.180+0000] {logging_mixin.py:149} INFO - [2023-06-19T18:46:41.180+0000] {dag.py:3490} INFO - Setting next_dagrun for dbt-run to 2023-06-10T00:00:00+00:00, run_after=2023-06-11T00:00:00+00:00
[2023-06-19T18:46:41.217+0000] {processor.py:179} INFO - Processing /opt/airflow/dags/dbt_run_dag.py took 0.152 seconds
[2023-06-19T18:47:11.463+0000] {processor.py:157} INFO - Started process (PID=416) to work on /opt/airflow/dags/dbt_run_dag.py
[2023-06-19T18:47:11.464+0000] {processor.py:826} INFO - Processing file /opt/airflow/dags/dbt_run_dag.py for tasks to queue
[2023-06-19T18:47:11.465+0000] {logging_mixin.py:149} INFO - [2023-06-19T18:47:11.465+0000] {dagbag.py:541} INFO - Filling up the DagBag from /opt/airflow/dags/dbt_run_dag.py
[2023-06-19T18:47:11.473+0000] {processor.py:836} INFO - DAG(s) dict_keys(['dbt-run']) retrieved from /opt/airflow/dags/dbt_run_dag.py
[2023-06-19T18:47:11.510+0000] {logging_mixin.py:149} INFO - [2023-06-19T18:47:11.510+0000] {dag.py:2726} INFO - Sync 1 DAGs
[2023-06-19T18:47:11.560+0000] {logging_mixin.py:149} INFO - [2023-06-19T18:47:11.559+0000] {dag.py:3490} INFO - Setting next_dagrun for dbt-run to 2023-06-10T00:00:00+00:00, run_after=2023-06-11T00:00:00+00:00
[2023-06-19T18:47:11.828+0000] {processor.py:179} INFO - Processing /opt/airflow/dags/dbt_run_dag.py took 0.370 seconds
[2023-06-19T18:47:41.975+0000] {processor.py:157} INFO - Started process (PID=484) to work on /opt/airflow/dags/dbt_run_dag.py
[2023-06-19T18:47:41.976+0000] {processor.py:826} INFO - Processing file /opt/airflow/dags/dbt_run_dag.py for tasks to queue
[2023-06-19T18:47:41.977+0000] {logging_mixin.py:149} INFO - [2023-06-19T18:47:41.977+0000] {dagbag.py:541} INFO - Filling up the DagBag from /opt/airflow/dags/dbt_run_dag.py
[2023-06-19T18:47:41.986+0000] {processor.py:836} INFO - DAG(s) dict_keys(['dbt-run']) retrieved from /opt/airflow/dags/dbt_run_dag.py
[2023-06-19T18:47:42.055+0000] {logging_mixin.py:149} INFO - [2023-06-19T18:47:42.055+0000] {dag.py:2726} INFO - Sync 1 DAGs
[2023-06-19T18:47:42.101+0000] {logging_mixin.py:149} INFO - [2023-06-19T18:47:42.101+0000] {dag.py:3490} INFO - Setting next_dagrun for dbt-run to 2023-06-10T00:00:00+00:00, run_after=2023-06-11T00:00:00+00:00
[2023-06-19T18:47:42.152+0000] {processor.py:179} INFO - Processing /opt/airflow/dags/dbt_run_dag.py took 0.181 seconds
[2023-06-19T18:48:12.537+0000] {processor.py:157} INFO - Started process (PID=552) to work on /opt/airflow/dags/dbt_run_dag.py
[2023-06-19T18:48:12.561+0000] {processor.py:826} INFO - Processing file /opt/airflow/dags/dbt_run_dag.py for tasks to queue
[2023-06-19T18:48:12.562+0000] {logging_mixin.py:149} INFO - [2023-06-19T18:48:12.562+0000] {dagbag.py:541} INFO - Filling up the DagBag from /opt/airflow/dags/dbt_run_dag.py
[2023-06-19T18:48:12.572+0000] {processor.py:836} INFO - DAG(s) dict_keys(['dbt-run']) retrieved from /opt/airflow/dags/dbt_run_dag.py
[2023-06-19T18:48:12.645+0000] {logging_mixin.py:149} INFO - [2023-06-19T18:48:12.645+0000] {dag.py:2726} INFO - Sync 1 DAGs
[2023-06-19T18:48:12.704+0000] {logging_mixin.py:149} INFO - [2023-06-19T18:48:12.704+0000] {dag.py:3490} INFO - Setting next_dagrun for dbt-run to 2023-06-10T00:00:00+00:00, run_after=2023-06-11T00:00:00+00:00
[2023-06-19T18:48:13.076+0000] {processor.py:179} INFO - Processing /opt/airflow/dags/dbt_run_dag.py took 0.545 seconds
