[2023-06-19T04:15:31.167+0000] {processor.py:157} INFO - Started process (PID=60) to work on /opt/airflow/dags/dbt_seed_dag.py
[2023-06-19T04:15:31.168+0000] {processor.py:826} INFO - Processing file /opt/airflow/dags/dbt_seed_dag.py for tasks to queue
[2023-06-19T04:15:31.169+0000] {logging_mixin.py:149} INFO - [2023-06-19T04:15:31.169+0000] {dagbag.py:541} INFO - Filling up the DagBag from /opt/airflow/dags/dbt_seed_dag.py
[2023-06-19T04:15:31.211+0000] {processor.py:836} INFO - DAG(s) dict_keys(['dbt-seed']) retrieved from /opt/airflow/dags/dbt_seed_dag.py
[2023-06-19T04:15:31.247+0000] {logging_mixin.py:149} INFO - [2023-06-19T04:15:31.247+0000] {dag.py:2726} INFO - Sync 1 DAGs
[2023-06-19T04:15:31.282+0000] {logging_mixin.py:149} INFO - [2023-06-19T04:15:31.282+0000] {dag.py:3490} INFO - Setting next_dagrun for dbt-seed to 2023-06-10T00:00:00+00:00, run_after=2023-06-11T00:00:00+00:00
[2023-06-19T04:15:31.408+0000] {processor.py:179} INFO - Processing /opt/airflow/dags/dbt_seed_dag.py took 0.244 seconds
[2023-06-19T04:16:55.501+0000] {processor.py:157} INFO - Started process (PID=136) to work on /opt/airflow/dags/dbt_seed_dag.py
[2023-06-19T04:16:55.543+0000] {processor.py:826} INFO - Processing file /opt/airflow/dags/dbt_seed_dag.py for tasks to queue
[2023-06-19T04:16:56.138+0000] {logging_mixin.py:149} INFO - [2023-06-19T04:16:56.137+0000] {dagbag.py:541} INFO - Filling up the DagBag from /opt/airflow/dags/dbt_seed_dag.py
[2023-06-19T04:17:01.322+0000] {processor.py:836} INFO - DAG(s) dict_keys(['dbt-seed']) retrieved from /opt/airflow/dags/dbt_seed_dag.py
[2023-06-19T04:17:08.244+0000] {logging_mixin.py:149} INFO - [2023-06-19T04:17:08.243+0000] {dag.py:2726} INFO - Sync 1 DAGs
[2023-06-19T04:17:15.827+0000] {logging_mixin.py:149} INFO - [2023-06-19T04:17:15.538+0000] {dag.py:3490} INFO - Setting next_dagrun for dbt-seed to 2023-06-10T00:00:00+00:00, run_after=2023-06-11T00:00:00+00:00
[2023-06-19T04:17:18.839+0000] {processor.py:179} INFO - Processing /opt/airflow/dags/dbt_seed_dag.py took 23.581 seconds
[2023-06-19T04:18:14.923+0000] {processor.py:157} INFO - Started process (PID=219) to work on /opt/airflow/dags/dbt_seed_dag.py
[2023-06-19T04:18:14.956+0000] {processor.py:826} INFO - Processing file /opt/airflow/dags/dbt_seed_dag.py for tasks to queue
[2023-06-19T04:18:14.957+0000] {logging_mixin.py:149} INFO - [2023-06-19T04:18:14.957+0000] {dagbag.py:541} INFO - Filling up the DagBag from /opt/airflow/dags/dbt_seed_dag.py
[2023-06-19T04:18:14.964+0000] {processor.py:836} INFO - DAG(s) dict_keys(['dbt-seed']) retrieved from /opt/airflow/dags/dbt_seed_dag.py
[2023-06-19T04:18:14.998+0000] {logging_mixin.py:149} INFO - [2023-06-19T04:18:14.997+0000] {dag.py:2726} INFO - Sync 1 DAGs
[2023-06-19T04:18:15.045+0000] {logging_mixin.py:149} INFO - [2023-06-19T04:18:15.045+0000] {dag.py:3490} INFO - Setting next_dagrun for dbt-seed to 2023-06-10T00:00:00+00:00, run_after=2023-06-11T00:00:00+00:00
[2023-06-19T04:18:15.112+0000] {processor.py:179} INFO - Processing /opt/airflow/dags/dbt_seed_dag.py took 0.193 seconds
[2023-06-19T04:18:45.327+0000] {processor.py:157} INFO - Started process (PID=285) to work on /opt/airflow/dags/dbt_seed_dag.py
[2023-06-19T04:18:45.419+0000] {processor.py:826} INFO - Processing file /opt/airflow/dags/dbt_seed_dag.py for tasks to queue
[2023-06-19T04:18:45.421+0000] {logging_mixin.py:149} INFO - [2023-06-19T04:18:45.420+0000] {dagbag.py:541} INFO - Filling up the DagBag from /opt/airflow/dags/dbt_seed_dag.py
[2023-06-19T04:18:45.430+0000] {processor.py:836} INFO - DAG(s) dict_keys(['dbt-seed']) retrieved from /opt/airflow/dags/dbt_seed_dag.py
[2023-06-19T04:18:45.479+0000] {logging_mixin.py:149} INFO - [2023-06-19T04:18:45.479+0000] {dag.py:2726} INFO - Sync 1 DAGs
[2023-06-19T04:18:45.547+0000] {logging_mixin.py:149} INFO - [2023-06-19T04:18:45.547+0000] {dag.py:3490} INFO - Setting next_dagrun for dbt-seed to 2023-06-10T00:00:00+00:00, run_after=2023-06-11T00:00:00+00:00
[2023-06-19T04:18:45.696+0000] {processor.py:179} INFO - Processing /opt/airflow/dags/dbt_seed_dag.py took 0.372 seconds
[2023-06-19T18:42:58.948+0000] {processor.py:157} INFO - Started process (PID=51) to work on /opt/airflow/dags/dbt_seed_dag.py
[2023-06-19T18:42:59.008+0000] {processor.py:826} INFO - Processing file /opt/airflow/dags/dbt_seed_dag.py for tasks to queue
[2023-06-19T18:42:59.010+0000] {logging_mixin.py:149} INFO - [2023-06-19T18:42:59.009+0000] {dagbag.py:541} INFO - Filling up the DagBag from /opt/airflow/dags/dbt_seed_dag.py
[2023-06-19T18:42:59.126+0000] {processor.py:836} INFO - DAG(s) dict_keys(['dbt-seed']) retrieved from /opt/airflow/dags/dbt_seed_dag.py
[2023-06-19T18:42:59.173+0000] {logging_mixin.py:149} INFO - [2023-06-19T18:42:59.172+0000] {dag.py:2726} INFO - Sync 1 DAGs
[2023-06-19T18:42:59.208+0000] {logging_mixin.py:149} INFO - [2023-06-19T18:42:59.208+0000] {dag.py:3490} INFO - Setting next_dagrun for dbt-seed to 2023-06-10T00:00:00+00:00, run_after=2023-06-11T00:00:00+00:00
[2023-06-19T18:42:59.298+0000] {processor.py:179} INFO - Processing /opt/airflow/dags/dbt_seed_dag.py took 0.362 seconds
[2023-06-19T18:44:28.612+0000] {processor.py:157} INFO - Started process (PID=135) to work on /opt/airflow/dags/dbt_seed_dag.py
[2023-06-19T18:44:28.696+0000] {processor.py:826} INFO - Processing file /opt/airflow/dags/dbt_seed_dag.py for tasks to queue
[2023-06-19T18:44:30.096+0000] {logging_mixin.py:149} INFO - [2023-06-19T18:44:30.095+0000] {dagbag.py:541} INFO - Filling up the DagBag from /opt/airflow/dags/dbt_seed_dag.py
[2023-06-19T18:44:37.487+0000] {processor.py:836} INFO - DAG(s) dict_keys(['dbt-seed']) retrieved from /opt/airflow/dags/dbt_seed_dag.py
[2023-06-19T18:44:46.964+0000] {logging_mixin.py:149} INFO - [2023-06-19T18:44:46.964+0000] {dag.py:2726} INFO - Sync 1 DAGs
[2023-06-19T18:44:52.683+0000] {logging_mixin.py:149} INFO - [2023-06-19T18:44:52.682+0000] {dag.py:3490} INFO - Setting next_dagrun for dbt-seed to 2023-06-10T00:00:00+00:00, run_after=2023-06-11T00:00:00+00:00
[2023-06-19T18:45:09.833+0000] {processor.py:179} INFO - Processing /opt/airflow/dags/dbt_seed_dag.py took 41.383 seconds
[2023-06-19T18:45:40.327+0000] {processor.py:157} INFO - Started process (PID=211) to work on /opt/airflow/dags/dbt_seed_dag.py
[2023-06-19T18:45:40.362+0000] {processor.py:826} INFO - Processing file /opt/airflow/dags/dbt_seed_dag.py for tasks to queue
[2023-06-19T18:45:40.364+0000] {logging_mixin.py:149} INFO - [2023-06-19T18:45:40.364+0000] {dagbag.py:541} INFO - Filling up the DagBag from /opt/airflow/dags/dbt_seed_dag.py
[2023-06-19T18:45:40.382+0000] {processor.py:836} INFO - DAG(s) dict_keys(['dbt-seed']) retrieved from /opt/airflow/dags/dbt_seed_dag.py
[2023-06-19T18:45:40.422+0000] {logging_mixin.py:149} INFO - [2023-06-19T18:45:40.422+0000] {dag.py:2726} INFO - Sync 1 DAGs
[2023-06-19T18:45:40.458+0000] {logging_mixin.py:149} INFO - [2023-06-19T18:45:40.457+0000] {dag.py:3490} INFO - Setting next_dagrun for dbt-seed to 2023-06-10T00:00:00+00:00, run_after=2023-06-11T00:00:00+00:00
[2023-06-19T18:45:40.528+0000] {processor.py:179} INFO - Processing /opt/airflow/dags/dbt_seed_dag.py took 0.401 seconds
[2023-06-19T18:46:10.679+0000] {processor.py:157} INFO - Started process (PID=279) to work on /opt/airflow/dags/dbt_seed_dag.py
[2023-06-19T18:46:10.681+0000] {processor.py:826} INFO - Processing file /opt/airflow/dags/dbt_seed_dag.py for tasks to queue
[2023-06-19T18:46:10.683+0000] {logging_mixin.py:149} INFO - [2023-06-19T18:46:10.683+0000] {dagbag.py:541} INFO - Filling up the DagBag from /opt/airflow/dags/dbt_seed_dag.py
[2023-06-19T18:46:10.694+0000] {processor.py:836} INFO - DAG(s) dict_keys(['dbt-seed']) retrieved from /opt/airflow/dags/dbt_seed_dag.py
[2023-06-19T18:46:10.753+0000] {logging_mixin.py:149} INFO - [2023-06-19T18:46:10.752+0000] {dag.py:2726} INFO - Sync 1 DAGs
[2023-06-19T18:46:10.804+0000] {logging_mixin.py:149} INFO - [2023-06-19T18:46:10.804+0000] {dag.py:3490} INFO - Setting next_dagrun for dbt-seed to 2023-06-10T00:00:00+00:00, run_after=2023-06-11T00:00:00+00:00
[2023-06-19T18:46:10.847+0000] {processor.py:179} INFO - Processing /opt/airflow/dags/dbt_seed_dag.py took 0.182 seconds
[2023-06-19T18:46:41.063+0000] {processor.py:157} INFO - Started process (PID=347) to work on /opt/airflow/dags/dbt_seed_dag.py
[2023-06-19T18:46:41.073+0000] {processor.py:826} INFO - Processing file /opt/airflow/dags/dbt_seed_dag.py for tasks to queue
[2023-06-19T18:46:41.074+0000] {logging_mixin.py:149} INFO - [2023-06-19T18:46:41.074+0000] {dagbag.py:541} INFO - Filling up the DagBag from /opt/airflow/dags/dbt_seed_dag.py
[2023-06-19T18:46:41.081+0000] {processor.py:836} INFO - DAG(s) dict_keys(['dbt-seed']) retrieved from /opt/airflow/dags/dbt_seed_dag.py
[2023-06-19T18:46:41.113+0000] {logging_mixin.py:149} INFO - [2023-06-19T18:46:41.113+0000] {dag.py:2726} INFO - Sync 1 DAGs
[2023-06-19T18:46:41.160+0000] {logging_mixin.py:149} INFO - [2023-06-19T18:46:41.160+0000] {dag.py:3490} INFO - Setting next_dagrun for dbt-seed to 2023-06-10T00:00:00+00:00, run_after=2023-06-11T00:00:00+00:00
[2023-06-19T18:46:41.195+0000] {processor.py:179} INFO - Processing /opt/airflow/dags/dbt_seed_dag.py took 0.137 seconds
[2023-06-19T18:47:11.456+0000] {processor.py:157} INFO - Started process (PID=415) to work on /opt/airflow/dags/dbt_seed_dag.py
[2023-06-19T18:47:11.457+0000] {processor.py:826} INFO - Processing file /opt/airflow/dags/dbt_seed_dag.py for tasks to queue
[2023-06-19T18:47:11.458+0000] {logging_mixin.py:149} INFO - [2023-06-19T18:47:11.458+0000] {dagbag.py:541} INFO - Filling up the DagBag from /opt/airflow/dags/dbt_seed_dag.py
[2023-06-19T18:47:11.467+0000] {processor.py:836} INFO - DAG(s) dict_keys(['dbt-seed']) retrieved from /opt/airflow/dags/dbt_seed_dag.py
[2023-06-19T18:47:11.504+0000] {logging_mixin.py:149} INFO - [2023-06-19T18:47:11.503+0000] {dag.py:2726} INFO - Sync 1 DAGs
[2023-06-19T18:47:11.554+0000] {logging_mixin.py:149} INFO - [2023-06-19T18:47:11.554+0000] {dag.py:3490} INFO - Setting next_dagrun for dbt-seed to 2023-06-10T00:00:00+00:00, run_after=2023-06-11T00:00:00+00:00
[2023-06-19T18:47:11.694+0000] {processor.py:179} INFO - Processing /opt/airflow/dags/dbt_seed_dag.py took 0.246 seconds
[2023-06-19T18:47:41.969+0000] {processor.py:157} INFO - Started process (PID=483) to work on /opt/airflow/dags/dbt_seed_dag.py
[2023-06-19T18:47:41.970+0000] {processor.py:826} INFO - Processing file /opt/airflow/dags/dbt_seed_dag.py for tasks to queue
[2023-06-19T18:47:41.971+0000] {logging_mixin.py:149} INFO - [2023-06-19T18:47:41.971+0000] {dagbag.py:541} INFO - Filling up the DagBag from /opt/airflow/dags/dbt_seed_dag.py
[2023-06-19T18:47:41.981+0000] {processor.py:836} INFO - DAG(s) dict_keys(['dbt-seed']) retrieved from /opt/airflow/dags/dbt_seed_dag.py
[2023-06-19T18:47:42.057+0000] {logging_mixin.py:149} INFO - [2023-06-19T18:47:42.057+0000] {dag.py:2726} INFO - Sync 1 DAGs
[2023-06-19T18:47:42.101+0000] {logging_mixin.py:149} INFO - [2023-06-19T18:47:42.101+0000] {dag.py:3490} INFO - Setting next_dagrun for dbt-seed to 2023-06-10T00:00:00+00:00, run_after=2023-06-11T00:00:00+00:00
[2023-06-19T18:47:42.137+0000] {processor.py:179} INFO - Processing /opt/airflow/dags/dbt_seed_dag.py took 0.174 seconds
[2023-06-19T18:48:12.528+0000] {processor.py:157} INFO - Started process (PID=551) to work on /opt/airflow/dags/dbt_seed_dag.py
[2023-06-19T18:48:12.661+0000] {processor.py:826} INFO - Processing file /opt/airflow/dags/dbt_seed_dag.py for tasks to queue
[2023-06-19T18:48:12.662+0000] {logging_mixin.py:149} INFO - [2023-06-19T18:48:12.662+0000] {dagbag.py:541} INFO - Filling up the DagBag from /opt/airflow/dags/dbt_seed_dag.py
[2023-06-19T18:48:12.672+0000] {processor.py:836} INFO - DAG(s) dict_keys(['dbt-seed']) retrieved from /opt/airflow/dags/dbt_seed_dag.py
