[2023-06-18T09:51:02.831+0000] {processor.py:157} INFO - Started process (PID=62) to work on /opt/airflow/dags/dbt_debug_dag.py
[2023-06-18T09:51:02.833+0000] {processor.py:826} INFO - Processing file /opt/airflow/dags/dbt_debug_dag.py for tasks to queue
[2023-06-18T09:51:03.028+0000] {logging_mixin.py:149} INFO - [2023-06-18T09:51:03.028+0000] {dagbag.py:541} INFO - Filling up the DagBag from /opt/airflow/dags/dbt_debug_dag.py
[2023-06-18T09:51:03.451+0000] {processor.py:836} INFO - DAG(s) dict_keys(['dbt-debug']) retrieved from /opt/airflow/dags/dbt_debug_dag.py
[2023-06-18T09:51:03.593+0000] {logging_mixin.py:149} INFO - [2023-06-18T09:51:03.593+0000] {dag.py:2726} INFO - Sync 1 DAGs
[2023-06-18T09:51:03.919+0000] {logging_mixin.py:149} INFO - [2023-06-18T09:51:03.919+0000] {dag.py:3490} INFO - Setting next_dagrun for dbt-debug to 2023-06-11T00:00:00+00:00, run_after=2023-06-12T00:00:00+00:00
[2023-06-18T09:51:04.062+0000] {processor.py:179} INFO - Processing /opt/airflow/dags/dbt_debug_dag.py took 1.240 seconds
[2023-06-18T09:51:35.907+0000] {processor.py:157} INFO - Started process (PID=125) to work on /opt/airflow/dags/dbt_debug_dag.py
[2023-06-18T09:51:35.908+0000] {processor.py:826} INFO - Processing file /opt/airflow/dags/dbt_debug_dag.py for tasks to queue
[2023-06-18T09:51:35.909+0000] {logging_mixin.py:149} INFO - [2023-06-18T09:51:35.909+0000] {dagbag.py:541} INFO - Filling up the DagBag from /opt/airflow/dags/dbt_debug_dag.py
[2023-06-18T09:51:35.918+0000] {processor.py:836} INFO - DAG(s) dict_keys(['dbt-debug']) retrieved from /opt/airflow/dags/dbt_debug_dag.py
[2023-06-18T09:51:35.952+0000] {logging_mixin.py:149} INFO - [2023-06-18T09:51:35.952+0000] {dag.py:2726} INFO - Sync 1 DAGs
[2023-06-18T09:51:36.018+0000] {logging_mixin.py:149} INFO - [2023-06-18T09:51:36.018+0000] {dag.py:3490} INFO - Setting next_dagrun for dbt-debug to 2023-06-11T00:00:00+00:00, run_after=2023-06-12T00:00:00+00:00
[2023-06-18T09:51:36.210+0000] {processor.py:179} INFO - Processing /opt/airflow/dags/dbt_debug_dag.py took 0.308 seconds
[2023-06-18T09:53:48.523+0000] {processor.py:157} INFO - Started process (PID=204) to work on /opt/airflow/dags/dbt_debug_dag.py
[2023-06-18T09:53:48.631+0000] {processor.py:826} INFO - Processing file /opt/airflow/dags/dbt_debug_dag.py for tasks to queue
[2023-06-18T09:53:48.691+0000] {logging_mixin.py:149} INFO - [2023-06-18T09:53:48.690+0000] {dagbag.py:541} INFO - Filling up the DagBag from /opt/airflow/dags/dbt_debug_dag.py
[2023-06-18T09:53:49.548+0000] {processor.py:836} INFO - DAG(s) dict_keys(['dbt-debug']) retrieved from /opt/airflow/dags/dbt_debug_dag.py
[2023-06-18T09:53:55.913+0000] {logging_mixin.py:149} INFO - [2023-06-18T09:53:55.913+0000] {dag.py:2726} INFO - Sync 1 DAGs
[2023-06-18T09:53:55.973+0000] {logging_mixin.py:149} INFO - [2023-06-18T09:53:55.973+0000] {dag.py:3490} INFO - Setting next_dagrun for dbt-debug to 2023-06-11T00:00:00+00:00, run_after=2023-06-12T00:00:00+00:00
[2023-06-18T09:53:56.110+0000] {processor.py:179} INFO - Processing /opt/airflow/dags/dbt_debug_dag.py took 8.301 seconds
[2023-06-18T09:54:31.194+0000] {processor.py:157} INFO - Started process (PID=272) to work on /opt/airflow/dags/dbt_debug_dag.py
[2023-06-18T09:54:31.227+0000] {processor.py:826} INFO - Processing file /opt/airflow/dags/dbt_debug_dag.py for tasks to queue
[2023-06-18T09:54:31.228+0000] {logging_mixin.py:149} INFO - [2023-06-18T09:54:31.228+0000] {dagbag.py:541} INFO - Filling up the DagBag from /opt/airflow/dags/dbt_debug_dag.py
[2023-06-18T09:54:31.235+0000] {processor.py:836} INFO - DAG(s) dict_keys(['dbt-debug']) retrieved from /opt/airflow/dags/dbt_debug_dag.py
[2023-06-18T09:54:31.264+0000] {logging_mixin.py:149} INFO - [2023-06-18T09:54:31.264+0000] {dag.py:2726} INFO - Sync 1 DAGs
[2023-06-18T09:54:31.303+0000] {logging_mixin.py:149} INFO - [2023-06-18T09:54:31.302+0000] {dag.py:3490} INFO - Setting next_dagrun for dbt-debug to 2023-06-11T00:00:00+00:00, run_after=2023-06-12T00:00:00+00:00
[2023-06-18T09:54:31.352+0000] {processor.py:179} INFO - Processing /opt/airflow/dags/dbt_debug_dag.py took 0.164 seconds
[2023-06-18T09:55:02.395+0000] {processor.py:157} INFO - Started process (PID=340) to work on /opt/airflow/dags/dbt_debug_dag.py
[2023-06-18T09:55:02.424+0000] {processor.py:826} INFO - Processing file /opt/airflow/dags/dbt_debug_dag.py for tasks to queue
[2023-06-18T09:55:02.425+0000] {logging_mixin.py:149} INFO - [2023-06-18T09:55:02.425+0000] {dagbag.py:541} INFO - Filling up the DagBag from /opt/airflow/dags/dbt_debug_dag.py
[2023-06-18T09:55:02.433+0000] {processor.py:836} INFO - DAG(s) dict_keys(['dbt-debug']) retrieved from /opt/airflow/dags/dbt_debug_dag.py
[2023-06-18T09:55:02.465+0000] {logging_mixin.py:149} INFO - [2023-06-18T09:55:02.465+0000] {dag.py:2726} INFO - Sync 1 DAGs
[2023-06-18T09:55:02.500+0000] {logging_mixin.py:149} INFO - [2023-06-18T09:55:02.500+0000] {dag.py:3490} INFO - Setting next_dagrun for dbt-debug to 2023-06-11T00:00:00+00:00, run_after=2023-06-12T00:00:00+00:00
[2023-06-18T09:55:02.567+0000] {processor.py:179} INFO - Processing /opt/airflow/dags/dbt_debug_dag.py took 0.176 seconds
[2023-06-18T09:55:33.401+0000] {processor.py:157} INFO - Started process (PID=402) to work on /opt/airflow/dags/dbt_debug_dag.py
[2023-06-18T09:55:33.405+0000] {processor.py:826} INFO - Processing file /opt/airflow/dags/dbt_debug_dag.py for tasks to queue
[2023-06-18T09:55:33.408+0000] {logging_mixin.py:149} INFO - [2023-06-18T09:55:33.407+0000] {dagbag.py:541} INFO - Filling up the DagBag from /opt/airflow/dags/dbt_debug_dag.py
[2023-06-18T09:55:33.432+0000] {processor.py:836} INFO - DAG(s) dict_keys(['dbt-debug']) retrieved from /opt/airflow/dags/dbt_debug_dag.py
[2023-06-18T09:55:33.481+0000] {logging_mixin.py:149} INFO - [2023-06-18T09:55:33.480+0000] {dag.py:2726} INFO - Sync 1 DAGs
[2023-06-18T09:55:33.519+0000] {logging_mixin.py:149} INFO - [2023-06-18T09:55:33.519+0000] {dag.py:3490} INFO - Setting next_dagrun for dbt-debug to 2023-06-11T00:00:00+00:00, run_after=2023-06-12T00:00:00+00:00
[2023-06-18T09:55:33.920+0000] {processor.py:179} INFO - Processing /opt/airflow/dags/dbt_debug_dag.py took 0.536 seconds
[2023-06-18T09:56:03.985+0000] {processor.py:157} INFO - Started process (PID=466) to work on /opt/airflow/dags/dbt_debug_dag.py
[2023-06-18T09:56:04.053+0000] {processor.py:826} INFO - Processing file /opt/airflow/dags/dbt_debug_dag.py for tasks to queue
[2023-06-18T09:56:04.056+0000] {logging_mixin.py:149} INFO - [2023-06-18T09:56:04.056+0000] {dagbag.py:541} INFO - Filling up the DagBag from /opt/airflow/dags/dbt_debug_dag.py
[2023-06-18T09:56:04.083+0000] {processor.py:836} INFO - DAG(s) dict_keys(['dbt-debug']) retrieved from /opt/airflow/dags/dbt_debug_dag.py
[2023-06-18T09:56:04.118+0000] {logging_mixin.py:149} INFO - [2023-06-18T09:56:04.118+0000] {dag.py:2726} INFO - Sync 1 DAGs
[2023-06-18T09:56:04.154+0000] {logging_mixin.py:149} INFO - [2023-06-18T09:56:04.153+0000] {dag.py:3490} INFO - Setting next_dagrun for dbt-debug to 2023-06-11T00:00:00+00:00, run_after=2023-06-12T00:00:00+00:00
[2023-06-18T09:56:04.201+0000] {processor.py:179} INFO - Processing /opt/airflow/dags/dbt_debug_dag.py took 0.222 seconds
[2023-06-18T09:56:34.257+0000] {processor.py:157} INFO - Started process (PID=534) to work on /opt/airflow/dags/dbt_debug_dag.py
[2023-06-18T09:56:34.258+0000] {processor.py:826} INFO - Processing file /opt/airflow/dags/dbt_debug_dag.py for tasks to queue
[2023-06-18T09:56:34.259+0000] {logging_mixin.py:149} INFO - [2023-06-18T09:56:34.259+0000] {dagbag.py:541} INFO - Filling up the DagBag from /opt/airflow/dags/dbt_debug_dag.py
[2023-06-18T09:56:34.268+0000] {processor.py:836} INFO - DAG(s) dict_keys(['dbt-debug']) retrieved from /opt/airflow/dags/dbt_debug_dag.py
[2023-06-18T09:56:34.297+0000] {logging_mixin.py:149} INFO - [2023-06-18T09:56:34.297+0000] {dag.py:2726} INFO - Sync 1 DAGs
[2023-06-18T09:56:34.336+0000] {logging_mixin.py:149} INFO - [2023-06-18T09:56:34.336+0000] {dag.py:3490} INFO - Setting next_dagrun for dbt-debug to 2023-06-11T00:00:00+00:00, run_after=2023-06-12T00:00:00+00:00
[2023-06-18T09:56:34.384+0000] {processor.py:179} INFO - Processing /opt/airflow/dags/dbt_debug_dag.py took 0.132 seconds
