[2023-06-17T05:51:20.790+0000] {processor.py:157} INFO - Started process (PID=88) to work on /home/airflow/.local/lib/python3.7/site-packages/airflow/example_dags/example_sensors.py
[2023-06-17T05:51:20.794+0000] {processor.py:826} INFO - Processing file /home/airflow/.local/lib/python3.7/site-packages/airflow/example_dags/example_sensors.py for tasks to queue
[2023-06-17T05:51:20.796+0000] {logging_mixin.py:149} INFO - [2023-06-17T05:51:20.796+0000] {dagbag.py:541} INFO - Filling up the DagBag from /home/airflow/.local/lib/python3.7/site-packages/airflow/example_dags/example_sensors.py
[2023-06-17T05:51:20.858+0000] {processor.py:836} INFO - DAG(s) dict_keys(['example_sensors']) retrieved from /home/airflow/.local/lib/python3.7/site-packages/airflow/example_dags/example_sensors.py
[2023-06-17T05:51:20.917+0000] {logging_mixin.py:149} INFO - [2023-06-17T05:51:20.916+0000] {dag.py:2726} INFO - Sync 1 DAGs
[2023-06-17T05:51:20.959+0000] {logging_mixin.py:149} INFO - [2023-06-17T05:51:20.959+0000] {dag.py:3490} INFO - Setting next_dagrun for example_sensors to None, run_after=None
[2023-06-17T05:51:21.096+0000] {processor.py:179} INFO - Processing /home/airflow/.local/lib/python3.7/site-packages/airflow/example_dags/example_sensors.py took 0.320 seconds
[2023-06-17T05:51:55.012+0000] {processor.py:157} INFO - Started process (PID=155) to work on /home/airflow/.local/lib/python3.7/site-packages/airflow/example_dags/example_sensors.py
[2023-06-17T05:51:55.060+0000] {processor.py:826} INFO - Processing file /home/airflow/.local/lib/python3.7/site-packages/airflow/example_dags/example_sensors.py for tasks to queue
[2023-06-17T05:51:55.061+0000] {logging_mixin.py:149} INFO - [2023-06-17T05:51:55.061+0000] {dagbag.py:541} INFO - Filling up the DagBag from /home/airflow/.local/lib/python3.7/site-packages/airflow/example_dags/example_sensors.py
[2023-06-17T05:51:55.075+0000] {processor.py:836} INFO - DAG(s) dict_keys(['example_sensors']) retrieved from /home/airflow/.local/lib/python3.7/site-packages/airflow/example_dags/example_sensors.py
[2023-06-17T05:51:55.129+0000] {logging_mixin.py:149} INFO - [2023-06-17T05:51:55.129+0000] {dag.py:2726} INFO - Sync 1 DAGs
[2023-06-17T05:51:55.163+0000] {logging_mixin.py:149} INFO - [2023-06-17T05:51:55.163+0000] {dag.py:3490} INFO - Setting next_dagrun for example_sensors to None, run_after=None
[2023-06-17T05:51:55.404+0000] {processor.py:179} INFO - Processing /home/airflow/.local/lib/python3.7/site-packages/airflow/example_dags/example_sensors.py took 0.398 seconds
[2023-06-17T05:52:31.359+0000] {processor.py:157} INFO - Started process (PID=220) to work on /home/airflow/.local/lib/python3.7/site-packages/airflow/example_dags/example_sensors.py
[2023-06-17T05:52:31.382+0000] {processor.py:826} INFO - Processing file /home/airflow/.local/lib/python3.7/site-packages/airflow/example_dags/example_sensors.py for tasks to queue
[2023-06-17T05:52:31.383+0000] {logging_mixin.py:149} INFO - [2023-06-17T05:52:31.383+0000] {dagbag.py:541} INFO - Filling up the DagBag from /home/airflow/.local/lib/python3.7/site-packages/airflow/example_dags/example_sensors.py
[2023-06-17T05:52:31.842+0000] {processor.py:836} INFO - DAG(s) dict_keys(['example_sensors']) retrieved from /home/airflow/.local/lib/python3.7/site-packages/airflow/example_dags/example_sensors.py
[2023-06-17T05:52:31.879+0000] {logging_mixin.py:149} INFO - [2023-06-17T05:52:31.879+0000] {dag.py:2726} INFO - Sync 1 DAGs
[2023-06-17T05:52:31.912+0000] {logging_mixin.py:149} INFO - [2023-06-17T05:52:31.912+0000] {dag.py:3490} INFO - Setting next_dagrun for example_sensors to None, run_after=None
[2023-06-17T05:52:31.946+0000] {processor.py:179} INFO - Processing /home/airflow/.local/lib/python3.7/site-packages/airflow/example_dags/example_sensors.py took 0.591 seconds
[2023-06-17T05:53:02.185+0000] {processor.py:157} INFO - Started process (PID=288) to work on /home/airflow/.local/lib/python3.7/site-packages/airflow/example_dags/example_sensors.py
[2023-06-17T05:53:02.186+0000] {processor.py:826} INFO - Processing file /home/airflow/.local/lib/python3.7/site-packages/airflow/example_dags/example_sensors.py for tasks to queue
[2023-06-17T05:53:02.187+0000] {logging_mixin.py:149} INFO - [2023-06-17T05:53:02.187+0000] {dagbag.py:541} INFO - Filling up the DagBag from /home/airflow/.local/lib/python3.7/site-packages/airflow/example_dags/example_sensors.py
[2023-06-17T05:53:02.203+0000] {processor.py:836} INFO - DAG(s) dict_keys(['example_sensors']) retrieved from /home/airflow/.local/lib/python3.7/site-packages/airflow/example_dags/example_sensors.py
[2023-06-17T05:53:02.243+0000] {logging_mixin.py:149} INFO - [2023-06-17T05:53:02.242+0000] {dag.py:2726} INFO - Sync 1 DAGs
[2023-06-17T05:53:02.277+0000] {logging_mixin.py:149} INFO - [2023-06-17T05:53:02.277+0000] {dag.py:3490} INFO - Setting next_dagrun for example_sensors to None, run_after=None
[2023-06-17T05:53:02.311+0000] {processor.py:179} INFO - Processing /home/airflow/.local/lib/python3.7/site-packages/airflow/example_dags/example_sensors.py took 0.132 seconds
[2023-06-17T05:53:32.952+0000] {processor.py:157} INFO - Started process (PID=356) to work on /home/airflow/.local/lib/python3.7/site-packages/airflow/example_dags/example_sensors.py
[2023-06-17T05:53:32.953+0000] {processor.py:826} INFO - Processing file /home/airflow/.local/lib/python3.7/site-packages/airflow/example_dags/example_sensors.py for tasks to queue
[2023-06-17T05:53:32.954+0000] {logging_mixin.py:149} INFO - [2023-06-17T05:53:32.954+0000] {dagbag.py:541} INFO - Filling up the DagBag from /home/airflow/.local/lib/python3.7/site-packages/airflow/example_dags/example_sensors.py
[2023-06-17T05:53:32.966+0000] {processor.py:836} INFO - DAG(s) dict_keys(['example_sensors']) retrieved from /home/airflow/.local/lib/python3.7/site-packages/airflow/example_dags/example_sensors.py
[2023-06-17T05:53:33.003+0000] {logging_mixin.py:149} INFO - [2023-06-17T05:53:33.003+0000] {dag.py:2726} INFO - Sync 1 DAGs
[2023-06-17T05:53:33.038+0000] {logging_mixin.py:149} INFO - [2023-06-17T05:53:33.038+0000] {dag.py:3490} INFO - Setting next_dagrun for example_sensors to None, run_after=None
[2023-06-17T05:53:33.076+0000] {processor.py:179} INFO - Processing /home/airflow/.local/lib/python3.7/site-packages/airflow/example_dags/example_sensors.py took 0.129 seconds
[2023-06-17T05:54:03.546+0000] {processor.py:157} INFO - Started process (PID=424) to work on /home/airflow/.local/lib/python3.7/site-packages/airflow/example_dags/example_sensors.py
[2023-06-17T05:54:03.595+0000] {processor.py:826} INFO - Processing file /home/airflow/.local/lib/python3.7/site-packages/airflow/example_dags/example_sensors.py for tasks to queue
[2023-06-17T05:54:03.596+0000] {logging_mixin.py:149} INFO - [2023-06-17T05:54:03.596+0000] {dagbag.py:541} INFO - Filling up the DagBag from /home/airflow/.local/lib/python3.7/site-packages/airflow/example_dags/example_sensors.py
[2023-06-17T05:54:03.608+0000] {processor.py:836} INFO - DAG(s) dict_keys(['example_sensors']) retrieved from /home/airflow/.local/lib/python3.7/site-packages/airflow/example_dags/example_sensors.py
[2023-06-17T05:54:03.643+0000] {logging_mixin.py:149} INFO - [2023-06-17T05:54:03.643+0000] {dag.py:2726} INFO - Sync 1 DAGs
[2023-06-17T05:54:03.675+0000] {logging_mixin.py:149} INFO - [2023-06-17T05:54:03.675+0000] {dag.py:3490} INFO - Setting next_dagrun for example_sensors to None, run_after=None
[2023-06-17T05:54:03.933+0000] {processor.py:179} INFO - Processing /home/airflow/.local/lib/python3.7/site-packages/airflow/example_dags/example_sensors.py took 0.392 seconds
[2023-06-17T05:54:49.129+0000] {processor.py:157} INFO - Started process (PID=498) to work on /home/airflow/.local/lib/python3.7/site-packages/airflow/example_dags/example_sensors.py
[2023-06-17T05:54:49.178+0000] {processor.py:826} INFO - Processing file /home/airflow/.local/lib/python3.7/site-packages/airflow/example_dags/example_sensors.py for tasks to queue
[2023-06-17T05:54:49.181+0000] {logging_mixin.py:149} INFO - [2023-06-17T05:54:49.180+0000] {dagbag.py:541} INFO - Filling up the DagBag from /home/airflow/.local/lib/python3.7/site-packages/airflow/example_dags/example_sensors.py
[2023-06-17T05:54:49.309+0000] {processor.py:836} INFO - DAG(s) dict_keys(['example_sensors']) retrieved from /home/airflow/.local/lib/python3.7/site-packages/airflow/example_dags/example_sensors.py
[2023-06-17T05:54:49.353+0000] {logging_mixin.py:149} INFO - [2023-06-17T05:54:49.353+0000] {dag.py:2726} INFO - Sync 1 DAGs
[2023-06-17T05:54:49.392+0000] {logging_mixin.py:149} INFO - [2023-06-17T05:54:49.391+0000] {dag.py:3490} INFO - Setting next_dagrun for example_sensors to None, run_after=None
[2023-06-17T05:54:49.535+0000] {processor.py:179} INFO - Processing /home/airflow/.local/lib/python3.7/site-packages/airflow/example_dags/example_sensors.py took 0.418 seconds
[2023-06-17T05:55:19.855+0000] {processor.py:157} INFO - Started process (PID=562) to work on /home/airflow/.local/lib/python3.7/site-packages/airflow/example_dags/example_sensors.py
[2023-06-17T05:55:19.921+0000] {processor.py:826} INFO - Processing file /home/airflow/.local/lib/python3.7/site-packages/airflow/example_dags/example_sensors.py for tasks to queue
[2023-06-17T05:55:19.922+0000] {logging_mixin.py:149} INFO - [2023-06-17T05:55:19.922+0000] {dagbag.py:541} INFO - Filling up the DagBag from /home/airflow/.local/lib/python3.7/site-packages/airflow/example_dags/example_sensors.py
[2023-06-17T05:55:19.940+0000] {processor.py:836} INFO - DAG(s) dict_keys(['example_sensors']) retrieved from /home/airflow/.local/lib/python3.7/site-packages/airflow/example_dags/example_sensors.py
[2023-06-17T05:55:19.990+0000] {logging_mixin.py:149} INFO - [2023-06-17T05:55:19.990+0000] {dag.py:2726} INFO - Sync 1 DAGs
[2023-06-17T05:55:20.035+0000] {logging_mixin.py:149} INFO - [2023-06-17T05:55:20.035+0000] {dag.py:3490} INFO - Setting next_dagrun for example_sensors to None, run_after=None
[2023-06-17T05:55:20.467+0000] {processor.py:179} INFO - Processing /home/airflow/.local/lib/python3.7/site-packages/airflow/example_dags/example_sensors.py took 0.616 seconds
[2023-06-17T05:55:50.656+0000] {processor.py:157} INFO - Started process (PID=630) to work on /home/airflow/.local/lib/python3.7/site-packages/airflow/example_dags/example_sensors.py
[2023-06-17T05:55:50.710+0000] {processor.py:826} INFO - Processing file /home/airflow/.local/lib/python3.7/site-packages/airflow/example_dags/example_sensors.py for tasks to queue
[2023-06-17T05:55:50.712+0000] {logging_mixin.py:149} INFO - [2023-06-17T05:55:50.712+0000] {dagbag.py:541} INFO - Filling up the DagBag from /home/airflow/.local/lib/python3.7/site-packages/airflow/example_dags/example_sensors.py
[2023-06-17T05:55:50.737+0000] {processor.py:836} INFO - DAG(s) dict_keys(['example_sensors']) retrieved from /home/airflow/.local/lib/python3.7/site-packages/airflow/example_dags/example_sensors.py
[2023-06-17T05:55:50.775+0000] {logging_mixin.py:149} INFO - [2023-06-17T05:55:50.775+0000] {dag.py:2726} INFO - Sync 1 DAGs
[2023-06-17T05:55:50.807+0000] {logging_mixin.py:149} INFO - [2023-06-17T05:55:50.807+0000] {dag.py:3490} INFO - Setting next_dagrun for example_sensors to None, run_after=None
[2023-06-17T05:55:50.864+0000] {processor.py:179} INFO - Processing /home/airflow/.local/lib/python3.7/site-packages/airflow/example_dags/example_sensors.py took 0.212 seconds
