[2023-06-17T05:51:25.531+0000] {processor.py:157} INFO - Started process (PID=99) to work on /home/airflow/.local/lib/python3.7/site-packages/airflow/example_dags/example_complex.py
[2023-06-17T05:51:25.532+0000] {processor.py:826} INFO - Processing file /home/airflow/.local/lib/python3.7/site-packages/airflow/example_dags/example_complex.py for tasks to queue
[2023-06-17T05:51:25.533+0000] {logging_mixin.py:149} INFO - [2023-06-17T05:51:25.533+0000] {dagbag.py:541} INFO - Filling up the DagBag from /home/airflow/.local/lib/python3.7/site-packages/airflow/example_dags/example_complex.py
[2023-06-17T05:51:25.608+0000] {logging_mixin.py:149} INFO - [2023-06-17T05:51:25.608+0000] {taskmixin.py:211} WARNING - Dependency <Task(BashOperator): create_entry_group>, delete_entry_group already registered for DAG: example_complex
[2023-06-17T05:51:25.609+0000] {logging_mixin.py:149} INFO - [2023-06-17T05:51:25.609+0000] {taskmixin.py:211} WARNING - Dependency <Task(BashOperator): delete_entry_group>, create_entry_group already registered for DAG: example_complex
[2023-06-17T05:51:25.609+0000] {logging_mixin.py:149} INFO - [2023-06-17T05:51:25.609+0000] {taskmixin.py:211} WARNING - Dependency <Task(BashOperator): create_entry_gcs>, delete_entry already registered for DAG: example_complex
[2023-06-17T05:51:25.610+0000] {logging_mixin.py:149} INFO - [2023-06-17T05:51:25.610+0000] {taskmixin.py:211} WARNING - Dependency <Task(BashOperator): delete_entry>, create_entry_gcs already registered for DAG: example_complex
[2023-06-17T05:51:25.610+0000] {logging_mixin.py:149} INFO - [2023-06-17T05:51:25.610+0000] {taskmixin.py:211} WARNING - Dependency <Task(BashOperator): create_tag>, delete_tag already registered for DAG: example_complex
[2023-06-17T05:51:25.611+0000] {logging_mixin.py:149} INFO - [2023-06-17T05:51:25.611+0000] {taskmixin.py:211} WARNING - Dependency <Task(BashOperator): delete_tag>, create_tag already registered for DAG: example_complex
[2023-06-17T05:51:25.613+0000] {processor.py:836} INFO - DAG(s) dict_keys(['example_complex']) retrieved from /home/airflow/.local/lib/python3.7/site-packages/airflow/example_dags/example_complex.py
[2023-06-17T05:51:25.661+0000] {logging_mixin.py:149} INFO - [2023-06-17T05:51:25.661+0000] {dag.py:2726} INFO - Sync 1 DAGs
[2023-06-17T05:51:25.694+0000] {logging_mixin.py:149} INFO - [2023-06-17T05:51:25.694+0000] {dag.py:3490} INFO - Setting next_dagrun for example_complex to None, run_after=None
[2023-06-17T05:51:25.874+0000] {processor.py:179} INFO - Processing /home/airflow/.local/lib/python3.7/site-packages/airflow/example_dags/example_complex.py took 0.347 seconds
[2023-06-17T05:51:57.474+0000] {processor.py:157} INFO - Started process (PID=166) to work on /home/airflow/.local/lib/python3.7/site-packages/airflow/example_dags/example_complex.py
[2023-06-17T05:51:57.475+0000] {processor.py:826} INFO - Processing file /home/airflow/.local/lib/python3.7/site-packages/airflow/example_dags/example_complex.py for tasks to queue
[2023-06-17T05:51:57.476+0000] {logging_mixin.py:149} INFO - [2023-06-17T05:51:57.476+0000] {dagbag.py:541} INFO - Filling up the DagBag from /home/airflow/.local/lib/python3.7/site-packages/airflow/example_dags/example_complex.py
[2023-06-17T05:51:57.490+0000] {logging_mixin.py:149} INFO - [2023-06-17T05:51:57.490+0000] {taskmixin.py:211} WARNING - Dependency <Task(BashOperator): create_entry_group>, delete_entry_group already registered for DAG: example_complex
[2023-06-17T05:51:57.490+0000] {logging_mixin.py:149} INFO - [2023-06-17T05:51:57.490+0000] {taskmixin.py:211} WARNING - Dependency <Task(BashOperator): delete_entry_group>, create_entry_group already registered for DAG: example_complex
[2023-06-17T05:51:57.491+0000] {logging_mixin.py:149} INFO - [2023-06-17T05:51:57.491+0000] {taskmixin.py:211} WARNING - Dependency <Task(BashOperator): create_entry_gcs>, delete_entry already registered for DAG: example_complex
[2023-06-17T05:51:57.491+0000] {logging_mixin.py:149} INFO - [2023-06-17T05:51:57.491+0000] {taskmixin.py:211} WARNING - Dependency <Task(BashOperator): delete_entry>, create_entry_gcs already registered for DAG: example_complex
[2023-06-17T05:51:57.492+0000] {logging_mixin.py:149} INFO - [2023-06-17T05:51:57.492+0000] {taskmixin.py:211} WARNING - Dependency <Task(BashOperator): create_tag>, delete_tag already registered for DAG: example_complex
[2023-06-17T05:51:57.492+0000] {logging_mixin.py:149} INFO - [2023-06-17T05:51:57.492+0000] {taskmixin.py:211} WARNING - Dependency <Task(BashOperator): delete_tag>, create_tag already registered for DAG: example_complex
[2023-06-17T05:51:57.494+0000] {processor.py:836} INFO - DAG(s) dict_keys(['example_complex']) retrieved from /home/airflow/.local/lib/python3.7/site-packages/airflow/example_dags/example_complex.py
[2023-06-17T05:51:57.544+0000] {logging_mixin.py:149} INFO - [2023-06-17T05:51:57.544+0000] {dag.py:2726} INFO - Sync 1 DAGs
[2023-06-17T05:51:57.731+0000] {logging_mixin.py:149} INFO - [2023-06-17T05:51:57.731+0000] {dag.py:3490} INFO - Setting next_dagrun for example_complex to None, run_after=None
[2023-06-17T05:51:57.852+0000] {processor.py:179} INFO - Processing /home/airflow/.local/lib/python3.7/site-packages/airflow/example_dags/example_complex.py took 0.382 seconds
[2023-06-17T05:52:33.750+0000] {processor.py:157} INFO - Started process (PID=231) to work on /home/airflow/.local/lib/python3.7/site-packages/airflow/example_dags/example_complex.py
[2023-06-17T05:52:33.751+0000] {processor.py:826} INFO - Processing file /home/airflow/.local/lib/python3.7/site-packages/airflow/example_dags/example_complex.py for tasks to queue
[2023-06-17T05:52:33.752+0000] {logging_mixin.py:149} INFO - [2023-06-17T05:52:33.752+0000] {dagbag.py:541} INFO - Filling up the DagBag from /home/airflow/.local/lib/python3.7/site-packages/airflow/example_dags/example_complex.py
[2023-06-17T05:52:33.767+0000] {logging_mixin.py:149} INFO - [2023-06-17T05:52:33.767+0000] {taskmixin.py:211} WARNING - Dependency <Task(BashOperator): create_entry_group>, delete_entry_group already registered for DAG: example_complex
[2023-06-17T05:52:33.768+0000] {logging_mixin.py:149} INFO - [2023-06-17T05:52:33.768+0000] {taskmixin.py:211} WARNING - Dependency <Task(BashOperator): delete_entry_group>, create_entry_group already registered for DAG: example_complex
[2023-06-17T05:52:33.768+0000] {logging_mixin.py:149} INFO - [2023-06-17T05:52:33.768+0000] {taskmixin.py:211} WARNING - Dependency <Task(BashOperator): create_entry_gcs>, delete_entry already registered for DAG: example_complex
[2023-06-17T05:52:33.768+0000] {logging_mixin.py:149} INFO - [2023-06-17T05:52:33.768+0000] {taskmixin.py:211} WARNING - Dependency <Task(BashOperator): delete_entry>, create_entry_gcs already registered for DAG: example_complex
[2023-06-17T05:52:33.769+0000] {logging_mixin.py:149} INFO - [2023-06-17T05:52:33.769+0000] {taskmixin.py:211} WARNING - Dependency <Task(BashOperator): create_tag>, delete_tag already registered for DAG: example_complex
[2023-06-17T05:52:33.769+0000] {logging_mixin.py:149} INFO - [2023-06-17T05:52:33.769+0000] {taskmixin.py:211} WARNING - Dependency <Task(BashOperator): delete_tag>, create_tag already registered for DAG: example_complex
[2023-06-17T05:52:33.771+0000] {processor.py:836} INFO - DAG(s) dict_keys(['example_complex']) retrieved from /home/airflow/.local/lib/python3.7/site-packages/airflow/example_dags/example_complex.py
[2023-06-17T05:52:33.817+0000] {logging_mixin.py:149} INFO - [2023-06-17T05:52:33.817+0000] {dag.py:2726} INFO - Sync 1 DAGs
[2023-06-17T05:52:33.849+0000] {logging_mixin.py:149} INFO - [2023-06-17T05:52:33.849+0000] {dag.py:3490} INFO - Setting next_dagrun for example_complex to None, run_after=None
[2023-06-17T05:52:33.892+0000] {processor.py:179} INFO - Processing /home/airflow/.local/lib/python3.7/site-packages/airflow/example_dags/example_complex.py took 0.148 seconds
[2023-06-17T05:53:04.257+0000] {processor.py:157} INFO - Started process (PID=299) to work on /home/airflow/.local/lib/python3.7/site-packages/airflow/example_dags/example_complex.py
[2023-06-17T05:53:04.258+0000] {processor.py:826} INFO - Processing file /home/airflow/.local/lib/python3.7/site-packages/airflow/example_dags/example_complex.py for tasks to queue
[2023-06-17T05:53:04.260+0000] {logging_mixin.py:149} INFO - [2023-06-17T05:53:04.259+0000] {dagbag.py:541} INFO - Filling up the DagBag from /home/airflow/.local/lib/python3.7/site-packages/airflow/example_dags/example_complex.py
[2023-06-17T05:53:04.282+0000] {logging_mixin.py:149} INFO - [2023-06-17T05:53:04.281+0000] {taskmixin.py:211} WARNING - Dependency <Task(BashOperator): create_entry_group>, delete_entry_group already registered for DAG: example_complex
[2023-06-17T05:53:04.282+0000] {logging_mixin.py:149} INFO - [2023-06-17T05:53:04.282+0000] {taskmixin.py:211} WARNING - Dependency <Task(BashOperator): delete_entry_group>, create_entry_group already registered for DAG: example_complex
[2023-06-17T05:53:04.282+0000] {logging_mixin.py:149} INFO - [2023-06-17T05:53:04.282+0000] {taskmixin.py:211} WARNING - Dependency <Task(BashOperator): create_entry_gcs>, delete_entry already registered for DAG: example_complex
[2023-06-17T05:53:04.282+0000] {logging_mixin.py:149} INFO - [2023-06-17T05:53:04.282+0000] {taskmixin.py:211} WARNING - Dependency <Task(BashOperator): delete_entry>, create_entry_gcs already registered for DAG: example_complex
[2023-06-17T05:53:04.283+0000] {logging_mixin.py:149} INFO - [2023-06-17T05:53:04.283+0000] {taskmixin.py:211} WARNING - Dependency <Task(BashOperator): create_tag>, delete_tag already registered for DAG: example_complex
[2023-06-17T05:53:04.283+0000] {logging_mixin.py:149} INFO - [2023-06-17T05:53:04.283+0000] {taskmixin.py:211} WARNING - Dependency <Task(BashOperator): delete_tag>, create_tag already registered for DAG: example_complex
[2023-06-17T05:53:04.285+0000] {processor.py:836} INFO - DAG(s) dict_keys(['example_complex']) retrieved from /home/airflow/.local/lib/python3.7/site-packages/airflow/example_dags/example_complex.py
[2023-06-17T05:53:04.350+0000] {logging_mixin.py:149} INFO - [2023-06-17T05:53:04.350+0000] {dag.py:2726} INFO - Sync 1 DAGs
[2023-06-17T05:53:04.385+0000] {logging_mixin.py:149} INFO - [2023-06-17T05:53:04.385+0000] {dag.py:3490} INFO - Setting next_dagrun for example_complex to None, run_after=None
[2023-06-17T05:53:04.425+0000] {processor.py:179} INFO - Processing /home/airflow/.local/lib/python3.7/site-packages/airflow/example_dags/example_complex.py took 0.173 seconds
[2023-06-17T05:53:35.085+0000] {processor.py:157} INFO - Started process (PID=367) to work on /home/airflow/.local/lib/python3.7/site-packages/airflow/example_dags/example_complex.py
[2023-06-17T05:53:35.087+0000] {processor.py:826} INFO - Processing file /home/airflow/.local/lib/python3.7/site-packages/airflow/example_dags/example_complex.py for tasks to queue
[2023-06-17T05:53:35.088+0000] {logging_mixin.py:149} INFO - [2023-06-17T05:53:35.088+0000] {dagbag.py:541} INFO - Filling up the DagBag from /home/airflow/.local/lib/python3.7/site-packages/airflow/example_dags/example_complex.py
[2023-06-17T05:53:35.103+0000] {logging_mixin.py:149} INFO - [2023-06-17T05:53:35.102+0000] {taskmixin.py:211} WARNING - Dependency <Task(BashOperator): create_entry_group>, delete_entry_group already registered for DAG: example_complex
[2023-06-17T05:53:35.103+0000] {logging_mixin.py:149} INFO - [2023-06-17T05:53:35.103+0000] {taskmixin.py:211} WARNING - Dependency <Task(BashOperator): delete_entry_group>, create_entry_group already registered for DAG: example_complex
[2023-06-17T05:53:35.103+0000] {logging_mixin.py:149} INFO - [2023-06-17T05:53:35.103+0000] {taskmixin.py:211} WARNING - Dependency <Task(BashOperator): create_entry_gcs>, delete_entry already registered for DAG: example_complex
[2023-06-17T05:53:35.103+0000] {logging_mixin.py:149} INFO - [2023-06-17T05:53:35.103+0000] {taskmixin.py:211} WARNING - Dependency <Task(BashOperator): delete_entry>, create_entry_gcs already registered for DAG: example_complex
[2023-06-17T05:53:35.104+0000] {logging_mixin.py:149} INFO - [2023-06-17T05:53:35.104+0000] {taskmixin.py:211} WARNING - Dependency <Task(BashOperator): create_tag>, delete_tag already registered for DAG: example_complex
[2023-06-17T05:53:35.104+0000] {logging_mixin.py:149} INFO - [2023-06-17T05:53:35.104+0000] {taskmixin.py:211} WARNING - Dependency <Task(BashOperator): delete_tag>, create_tag already registered for DAG: example_complex
[2023-06-17T05:53:35.107+0000] {processor.py:836} INFO - DAG(s) dict_keys(['example_complex']) retrieved from /home/airflow/.local/lib/python3.7/site-packages/airflow/example_dags/example_complex.py
[2023-06-17T05:53:35.159+0000] {logging_mixin.py:149} INFO - [2023-06-17T05:53:35.158+0000] {dag.py:2726} INFO - Sync 1 DAGs
[2023-06-17T05:53:35.200+0000] {logging_mixin.py:149} INFO - [2023-06-17T05:53:35.200+0000] {dag.py:3490} INFO - Setting next_dagrun for example_complex to None, run_after=None
[2023-06-17T05:53:35.254+0000] {processor.py:179} INFO - Processing /home/airflow/.local/lib/python3.7/site-packages/airflow/example_dags/example_complex.py took 0.173 seconds
[2023-06-17T05:54:06.192+0000] {processor.py:157} INFO - Started process (PID=435) to work on /home/airflow/.local/lib/python3.7/site-packages/airflow/example_dags/example_complex.py
[2023-06-17T05:54:06.225+0000] {processor.py:826} INFO - Processing file /home/airflow/.local/lib/python3.7/site-packages/airflow/example_dags/example_complex.py for tasks to queue
[2023-06-17T05:54:06.226+0000] {logging_mixin.py:149} INFO - [2023-06-17T05:54:06.226+0000] {dagbag.py:541} INFO - Filling up the DagBag from /home/airflow/.local/lib/python3.7/site-packages/airflow/example_dags/example_complex.py
[2023-06-17T05:54:06.239+0000] {logging_mixin.py:149} INFO - [2023-06-17T05:54:06.239+0000] {taskmixin.py:211} WARNING - Dependency <Task(BashOperator): create_entry_group>, delete_entry_group already registered for DAG: example_complex
[2023-06-17T05:54:06.239+0000] {logging_mixin.py:149} INFO - [2023-06-17T05:54:06.239+0000] {taskmixin.py:211} WARNING - Dependency <Task(BashOperator): delete_entry_group>, create_entry_group already registered for DAG: example_complex
[2023-06-17T05:54:06.240+0000] {logging_mixin.py:149} INFO - [2023-06-17T05:54:06.240+0000] {taskmixin.py:211} WARNING - Dependency <Task(BashOperator): create_entry_gcs>, delete_entry already registered for DAG: example_complex
[2023-06-17T05:54:06.240+0000] {logging_mixin.py:149} INFO - [2023-06-17T05:54:06.240+0000] {taskmixin.py:211} WARNING - Dependency <Task(BashOperator): delete_entry>, create_entry_gcs already registered for DAG: example_complex
[2023-06-17T05:54:06.240+0000] {logging_mixin.py:149} INFO - [2023-06-17T05:54:06.240+0000] {taskmixin.py:211} WARNING - Dependency <Task(BashOperator): create_tag>, delete_tag already registered for DAG: example_complex
[2023-06-17T05:54:06.241+0000] {logging_mixin.py:149} INFO - [2023-06-17T05:54:06.241+0000] {taskmixin.py:211} WARNING - Dependency <Task(BashOperator): delete_tag>, create_tag already registered for DAG: example_complex
[2023-06-17T05:54:06.243+0000] {processor.py:836} INFO - DAG(s) dict_keys(['example_complex']) retrieved from /home/airflow/.local/lib/python3.7/site-packages/airflow/example_dags/example_complex.py
[2023-06-17T05:54:06.307+0000] {logging_mixin.py:149} INFO - [2023-06-17T05:54:06.307+0000] {dag.py:2726} INFO - Sync 1 DAGs
[2023-06-17T05:54:06.349+0000] {logging_mixin.py:149} INFO - [2023-06-17T05:54:06.349+0000] {dag.py:3490} INFO - Setting next_dagrun for example_complex to None, run_after=None
[2023-06-17T05:54:06.465+0000] {processor.py:179} INFO - Processing /home/airflow/.local/lib/python3.7/site-packages/airflow/example_dags/example_complex.py took 0.278 seconds
[2023-06-17T05:55:02.409+0000] {processor.py:157} INFO - Started process (PID=516) to work on /home/airflow/.local/lib/python3.7/site-packages/airflow/example_dags/example_complex.py
[2023-06-17T05:55:02.470+0000] {processor.py:826} INFO - Processing file /home/airflow/.local/lib/python3.7/site-packages/airflow/example_dags/example_complex.py for tasks to queue
[2023-06-17T05:55:02.471+0000] {logging_mixin.py:149} INFO - [2023-06-17T05:55:02.471+0000] {dagbag.py:541} INFO - Filling up the DagBag from /home/airflow/.local/lib/python3.7/site-packages/airflow/example_dags/example_complex.py
[2023-06-17T05:55:02.496+0000] {logging_mixin.py:149} INFO - [2023-06-17T05:55:02.495+0000] {taskmixin.py:211} WARNING - Dependency <Task(BashOperator): create_entry_group>, delete_entry_group already registered for DAG: example_complex
[2023-06-17T05:55:02.496+0000] {logging_mixin.py:149} INFO - [2023-06-17T05:55:02.496+0000] {taskmixin.py:211} WARNING - Dependency <Task(BashOperator): delete_entry_group>, create_entry_group already registered for DAG: example_complex
[2023-06-17T05:55:02.497+0000] {logging_mixin.py:149} INFO - [2023-06-17T05:55:02.496+0000] {taskmixin.py:211} WARNING - Dependency <Task(BashOperator): create_entry_gcs>, delete_entry already registered for DAG: example_complex
[2023-06-17T05:55:02.497+0000] {logging_mixin.py:149} INFO - [2023-06-17T05:55:02.497+0000] {taskmixin.py:211} WARNING - Dependency <Task(BashOperator): delete_entry>, create_entry_gcs already registered for DAG: example_complex
[2023-06-17T05:55:02.498+0000] {logging_mixin.py:149} INFO - [2023-06-17T05:55:02.498+0000] {taskmixin.py:211} WARNING - Dependency <Task(BashOperator): create_tag>, delete_tag already registered for DAG: example_complex
[2023-06-17T05:55:02.498+0000] {logging_mixin.py:149} INFO - [2023-06-17T05:55:02.498+0000] {taskmixin.py:211} WARNING - Dependency <Task(BashOperator): delete_tag>, create_tag already registered for DAG: example_complex
[2023-06-17T05:55:02.507+0000] {processor.py:836} INFO - DAG(s) dict_keys(['example_complex']) retrieved from /home/airflow/.local/lib/python3.7/site-packages/airflow/example_dags/example_complex.py
[2023-06-17T05:55:02.578+0000] {logging_mixin.py:149} INFO - [2023-06-17T05:55:02.577+0000] {dag.py:2726} INFO - Sync 1 DAGs
[2023-06-17T05:55:02.630+0000] {logging_mixin.py:149} INFO - [2023-06-17T05:55:02.629+0000] {dag.py:3490} INFO - Setting next_dagrun for example_complex to None, run_after=None
[2023-06-17T05:55:02.711+0000] {processor.py:179} INFO - Processing /home/airflow/.local/lib/python3.7/site-packages/airflow/example_dags/example_complex.py took 0.306 seconds
[2023-06-17T05:55:34.055+0000] {processor.py:157} INFO - Started process (PID=584) to work on /home/airflow/.local/lib/python3.7/site-packages/airflow/example_dags/example_complex.py
[2023-06-17T05:55:34.132+0000] {processor.py:826} INFO - Processing file /home/airflow/.local/lib/python3.7/site-packages/airflow/example_dags/example_complex.py for tasks to queue
[2023-06-17T05:55:34.133+0000] {logging_mixin.py:149} INFO - [2023-06-17T05:55:34.133+0000] {dagbag.py:541} INFO - Filling up the DagBag from /home/airflow/.local/lib/python3.7/site-packages/airflow/example_dags/example_complex.py
[2023-06-17T05:55:34.146+0000] {logging_mixin.py:149} INFO - [2023-06-17T05:55:34.146+0000] {taskmixin.py:211} WARNING - Dependency <Task(BashOperator): create_entry_group>, delete_entry_group already registered for DAG: example_complex
[2023-06-17T05:55:34.147+0000] {logging_mixin.py:149} INFO - [2023-06-17T05:55:34.147+0000] {taskmixin.py:211} WARNING - Dependency <Task(BashOperator): delete_entry_group>, create_entry_group already registered for DAG: example_complex
[2023-06-17T05:55:34.147+0000] {logging_mixin.py:149} INFO - [2023-06-17T05:55:34.147+0000] {taskmixin.py:211} WARNING - Dependency <Task(BashOperator): create_entry_gcs>, delete_entry already registered for DAG: example_complex
[2023-06-17T05:55:34.147+0000] {logging_mixin.py:149} INFO - [2023-06-17T05:55:34.147+0000] {taskmixin.py:211} WARNING - Dependency <Task(BashOperator): delete_entry>, create_entry_gcs already registered for DAG: example_complex
[2023-06-17T05:55:34.148+0000] {logging_mixin.py:149} INFO - [2023-06-17T05:55:34.148+0000] {taskmixin.py:211} WARNING - Dependency <Task(BashOperator): create_tag>, delete_tag already registered for DAG: example_complex
[2023-06-17T05:55:34.148+0000] {logging_mixin.py:149} INFO - [2023-06-17T05:55:34.148+0000] {taskmixin.py:211} WARNING - Dependency <Task(BashOperator): delete_tag>, create_tag already registered for DAG: example_complex
[2023-06-17T05:55:34.150+0000] {processor.py:836} INFO - DAG(s) dict_keys(['example_complex']) retrieved from /home/airflow/.local/lib/python3.7/site-packages/airflow/example_dags/example_complex.py
[2023-06-17T05:55:34.205+0000] {logging_mixin.py:149} INFO - [2023-06-17T05:55:34.205+0000] {dag.py:2726} INFO - Sync 1 DAGs
[2023-06-17T05:55:34.252+0000] {logging_mixin.py:149} INFO - [2023-06-17T05:55:34.251+0000] {dag.py:3490} INFO - Setting next_dagrun for example_complex to None, run_after=None
[2023-06-17T05:55:34.343+0000] {processor.py:179} INFO - Processing /home/airflow/.local/lib/python3.7/site-packages/airflow/example_dags/example_complex.py took 0.293 seconds
[2023-06-17T05:56:04.630+0000] {processor.py:157} INFO - Started process (PID=652) to work on /home/airflow/.local/lib/python3.7/site-packages/airflow/example_dags/example_complex.py
[2023-06-17T05:56:04.631+0000] {processor.py:826} INFO - Processing file /home/airflow/.local/lib/python3.7/site-packages/airflow/example_dags/example_complex.py for tasks to queue
[2023-06-17T05:56:04.632+0000] {logging_mixin.py:149} INFO - [2023-06-17T05:56:04.632+0000] {dagbag.py:541} INFO - Filling up the DagBag from /home/airflow/.local/lib/python3.7/site-packages/airflow/example_dags/example_complex.py
[2023-06-17T05:56:04.646+0000] {logging_mixin.py:149} INFO - [2023-06-17T05:56:04.646+0000] {taskmixin.py:211} WARNING - Dependency <Task(BashOperator): create_entry_group>, delete_entry_group already registered for DAG: example_complex
[2023-06-17T05:56:04.646+0000] {logging_mixin.py:149} INFO - [2023-06-17T05:56:04.646+0000] {taskmixin.py:211} WARNING - Dependency <Task(BashOperator): delete_entry_group>, create_entry_group already registered for DAG: example_complex
[2023-06-17T05:56:04.647+0000] {logging_mixin.py:149} INFO - [2023-06-17T05:56:04.647+0000] {taskmixin.py:211} WARNING - Dependency <Task(BashOperator): create_entry_gcs>, delete_entry already registered for DAG: example_complex
[2023-06-17T05:56:04.647+0000] {logging_mixin.py:149} INFO - [2023-06-17T05:56:04.647+0000] {taskmixin.py:211} WARNING - Dependency <Task(BashOperator): delete_entry>, create_entry_gcs already registered for DAG: example_complex
[2023-06-17T05:56:04.647+0000] {logging_mixin.py:149} INFO - [2023-06-17T05:56:04.647+0000] {taskmixin.py:211} WARNING - Dependency <Task(BashOperator): create_tag>, delete_tag already registered for DAG: example_complex
[2023-06-17T05:56:04.648+0000] {logging_mixin.py:149} INFO - [2023-06-17T05:56:04.647+0000] {taskmixin.py:211} WARNING - Dependency <Task(BashOperator): delete_tag>, create_tag already registered for DAG: example_complex
[2023-06-17T05:56:04.650+0000] {processor.py:836} INFO - DAG(s) dict_keys(['example_complex']) retrieved from /home/airflow/.local/lib/python3.7/site-packages/airflow/example_dags/example_complex.py
[2023-06-17T05:56:04.697+0000] {logging_mixin.py:149} INFO - [2023-06-17T05:56:04.697+0000] {dag.py:2726} INFO - Sync 1 DAGs
[2023-06-17T05:56:04.732+0000] {logging_mixin.py:149} INFO - [2023-06-17T05:56:04.731+0000] {dag.py:3490} INFO - Setting next_dagrun for example_complex to None, run_after=None
[2023-06-17T05:56:04.774+0000] {processor.py:179} INFO - Processing /home/airflow/.local/lib/python3.7/site-packages/airflow/example_dags/example_complex.py took 0.147 seconds
[2023-06-17T14:09:56.104+0000] {processor.py:157} INFO - Started process (PID=108) to work on /home/airflow/.local/lib/python3.7/site-packages/airflow/example_dags/example_complex.py
[2023-06-17T14:09:56.306+0000] {processor.py:826} INFO - Processing file /home/airflow/.local/lib/python3.7/site-packages/airflow/example_dags/example_complex.py for tasks to queue
[2023-06-17T14:09:56.307+0000] {logging_mixin.py:149} INFO - [2023-06-17T14:09:56.307+0000] {dagbag.py:541} INFO - Filling up the DagBag from /home/airflow/.local/lib/python3.7/site-packages/airflow/example_dags/example_complex.py
[2023-06-17T14:09:56.396+0000] {logging_mixin.py:149} INFO - [2023-06-17T14:09:56.396+0000] {taskmixin.py:211} WARNING - Dependency <Task(BashOperator): create_entry_group>, delete_entry_group already registered for DAG: example_complex
[2023-06-17T14:09:56.397+0000] {logging_mixin.py:149} INFO - [2023-06-17T14:09:56.396+0000] {taskmixin.py:211} WARNING - Dependency <Task(BashOperator): delete_entry_group>, create_entry_group already registered for DAG: example_complex
[2023-06-17T14:09:56.397+0000] {logging_mixin.py:149} INFO - [2023-06-17T14:09:56.397+0000] {taskmixin.py:211} WARNING - Dependency <Task(BashOperator): create_entry_gcs>, delete_entry already registered for DAG: example_complex
[2023-06-17T14:09:56.398+0000] {logging_mixin.py:149} INFO - [2023-06-17T14:09:56.397+0000] {taskmixin.py:211} WARNING - Dependency <Task(BashOperator): delete_entry>, create_entry_gcs already registered for DAG: example_complex
[2023-06-17T14:09:56.398+0000] {logging_mixin.py:149} INFO - [2023-06-17T14:09:56.398+0000] {taskmixin.py:211} WARNING - Dependency <Task(BashOperator): create_tag>, delete_tag already registered for DAG: example_complex
[2023-06-17T14:09:56.399+0000] {logging_mixin.py:149} INFO - [2023-06-17T14:09:56.399+0000] {taskmixin.py:211} WARNING - Dependency <Task(BashOperator): delete_tag>, create_tag already registered for DAG: example_complex
[2023-06-17T14:09:56.403+0000] {processor.py:836} INFO - DAG(s) dict_keys(['example_complex']) retrieved from /home/airflow/.local/lib/python3.7/site-packages/airflow/example_dags/example_complex.py
[2023-06-17T14:09:56.451+0000] {logging_mixin.py:149} INFO - [2023-06-17T14:09:56.451+0000] {dag.py:2726} INFO - Sync 1 DAGs
[2023-06-17T14:09:56.484+0000] {logging_mixin.py:149} INFO - [2023-06-17T14:09:56.484+0000] {dag.py:3490} INFO - Setting next_dagrun for example_complex to None, run_after=None
[2023-06-17T14:09:56.612+0000] {processor.py:179} INFO - Processing /home/airflow/.local/lib/python3.7/site-packages/airflow/example_dags/example_complex.py took 0.513 seconds
[2023-06-17T14:16:20.717+0000] {processor.py:157} INFO - Started process (PID=109) to work on /home/airflow/.local/lib/python3.7/site-packages/airflow/example_dags/example_complex.py
[2023-06-17T14:16:20.845+0000] {processor.py:826} INFO - Processing file /home/airflow/.local/lib/python3.7/site-packages/airflow/example_dags/example_complex.py for tasks to queue
[2023-06-17T14:16:20.847+0000] {logging_mixin.py:149} INFO - [2023-06-17T14:16:20.847+0000] {dagbag.py:541} INFO - Filling up the DagBag from /home/airflow/.local/lib/python3.7/site-packages/airflow/example_dags/example_complex.py
[2023-06-17T14:16:20.926+0000] {logging_mixin.py:149} INFO - [2023-06-17T14:16:20.926+0000] {taskmixin.py:211} WARNING - Dependency <Task(BashOperator): create_entry_group>, delete_entry_group already registered for DAG: example_complex
[2023-06-17T14:16:20.927+0000] {logging_mixin.py:149} INFO - [2023-06-17T14:16:20.927+0000] {taskmixin.py:211} WARNING - Dependency <Task(BashOperator): delete_entry_group>, create_entry_group already registered for DAG: example_complex
[2023-06-17T14:16:20.927+0000] {logging_mixin.py:149} INFO - [2023-06-17T14:16:20.927+0000] {taskmixin.py:211} WARNING - Dependency <Task(BashOperator): create_entry_gcs>, delete_entry already registered for DAG: example_complex
[2023-06-17T14:16:20.928+0000] {logging_mixin.py:149} INFO - [2023-06-17T14:16:20.927+0000] {taskmixin.py:211} WARNING - Dependency <Task(BashOperator): delete_entry>, create_entry_gcs already registered for DAG: example_complex
[2023-06-17T14:16:20.928+0000] {logging_mixin.py:149} INFO - [2023-06-17T14:16:20.928+0000] {taskmixin.py:211} WARNING - Dependency <Task(BashOperator): create_tag>, delete_tag already registered for DAG: example_complex
[2023-06-17T14:16:20.929+0000] {logging_mixin.py:149} INFO - [2023-06-17T14:16:20.929+0000] {taskmixin.py:211} WARNING - Dependency <Task(BashOperator): delete_tag>, create_tag already registered for DAG: example_complex
[2023-06-17T14:16:20.932+0000] {processor.py:836} INFO - DAG(s) dict_keys(['example_complex']) retrieved from /home/airflow/.local/lib/python3.7/site-packages/airflow/example_dags/example_complex.py
[2023-06-17T14:16:20.982+0000] {logging_mixin.py:149} INFO - [2023-06-17T14:16:20.982+0000] {dag.py:2726} INFO - Sync 1 DAGs
[2023-06-17T14:16:21.016+0000] {logging_mixin.py:149} INFO - [2023-06-17T14:16:21.016+0000] {dag.py:3490} INFO - Setting next_dagrun for example_complex to None, run_after=None
[2023-06-17T14:16:21.127+0000] {processor.py:179} INFO - Processing /home/airflow/.local/lib/python3.7/site-packages/airflow/example_dags/example_complex.py took 0.415 seconds
[2023-06-17T14:16:51.226+0000] {processor.py:157} INFO - Started process (PID=176) to work on /home/airflow/.local/lib/python3.7/site-packages/airflow/example_dags/example_complex.py
[2023-06-17T14:16:51.227+0000] {processor.py:826} INFO - Processing file /home/airflow/.local/lib/python3.7/site-packages/airflow/example_dags/example_complex.py for tasks to queue
[2023-06-17T14:16:51.228+0000] {logging_mixin.py:149} INFO - [2023-06-17T14:16:51.227+0000] {dagbag.py:541} INFO - Filling up the DagBag from /home/airflow/.local/lib/python3.7/site-packages/airflow/example_dags/example_complex.py
[2023-06-17T14:16:51.241+0000] {logging_mixin.py:149} INFO - [2023-06-17T14:16:51.240+0000] {taskmixin.py:211} WARNING - Dependency <Task(BashOperator): create_entry_group>, delete_entry_group already registered for DAG: example_complex
[2023-06-17T14:16:51.241+0000] {logging_mixin.py:149} INFO - [2023-06-17T14:16:51.241+0000] {taskmixin.py:211} WARNING - Dependency <Task(BashOperator): delete_entry_group>, create_entry_group already registered for DAG: example_complex
[2023-06-17T14:16:51.241+0000] {logging_mixin.py:149} INFO - [2023-06-17T14:16:51.241+0000] {taskmixin.py:211} WARNING - Dependency <Task(BashOperator): create_entry_gcs>, delete_entry already registered for DAG: example_complex
[2023-06-17T14:16:51.241+0000] {logging_mixin.py:149} INFO - [2023-06-17T14:16:51.241+0000] {taskmixin.py:211} WARNING - Dependency <Task(BashOperator): delete_entry>, create_entry_gcs already registered for DAG: example_complex
[2023-06-17T14:16:51.242+0000] {logging_mixin.py:149} INFO - [2023-06-17T14:16:51.242+0000] {taskmixin.py:211} WARNING - Dependency <Task(BashOperator): create_tag>, delete_tag already registered for DAG: example_complex
[2023-06-17T14:16:51.242+0000] {logging_mixin.py:149} INFO - [2023-06-17T14:16:51.242+0000] {taskmixin.py:211} WARNING - Dependency <Task(BashOperator): delete_tag>, create_tag already registered for DAG: example_complex
[2023-06-17T14:16:51.244+0000] {processor.py:836} INFO - DAG(s) dict_keys(['example_complex']) retrieved from /home/airflow/.local/lib/python3.7/site-packages/airflow/example_dags/example_complex.py
[2023-06-17T14:16:51.292+0000] {logging_mixin.py:149} INFO - [2023-06-17T14:16:51.291+0000] {dag.py:2726} INFO - Sync 1 DAGs
[2023-06-17T14:16:51.449+0000] {logging_mixin.py:149} INFO - [2023-06-17T14:16:51.449+0000] {dag.py:3490} INFO - Setting next_dagrun for example_complex to None, run_after=None
[2023-06-17T14:16:51.495+0000] {processor.py:179} INFO - Processing /home/airflow/.local/lib/python3.7/site-packages/airflow/example_dags/example_complex.py took 0.273 seconds
