[2023-06-17T05:51:00.019+0000] {processor.py:157} INFO - Started process (PID=54) to work on /home/airflow/.local/lib/python3.7/site-packages/airflow/example_dags/example_params_trigger_ui.py
[2023-06-17T05:51:00.020+0000] {processor.py:826} INFO - Processing file /home/airflow/.local/lib/python3.7/site-packages/airflow/example_dags/example_params_trigger_ui.py for tasks to queue
[2023-06-17T05:51:00.020+0000] {logging_mixin.py:149} INFO - [2023-06-17T05:51:00.020+0000] {dagbag.py:541} INFO - Filling up the DagBag from /home/airflow/.local/lib/python3.7/site-packages/airflow/example_dags/example_params_trigger_ui.py
[2023-06-17T05:51:00.067+0000] {processor.py:836} INFO - DAG(s) dict_keys(['example_params_trigger_ui']) retrieved from /home/airflow/.local/lib/python3.7/site-packages/airflow/example_dags/example_params_trigger_ui.py
[2023-06-17T05:51:00.223+0000] {logging_mixin.py:149} INFO - [2023-06-17T05:51:00.223+0000] {dag.py:2726} INFO - Sync 1 DAGs
[2023-06-17T05:51:00.262+0000] {logging_mixin.py:149} INFO - [2023-06-17T05:51:00.262+0000] {dag.py:3490} INFO - Setting next_dagrun for example_params_trigger_ui to None, run_after=None
[2023-06-17T05:51:00.354+0000] {processor.py:179} INFO - Processing /home/airflow/.local/lib/python3.7/site-packages/airflow/example_dags/example_params_trigger_ui.py took 0.340 seconds
[2023-06-17T05:51:30.868+0000] {processor.py:157} INFO - Started process (PID=117) to work on /home/airflow/.local/lib/python3.7/site-packages/airflow/example_dags/example_params_trigger_ui.py
[2023-06-17T05:51:30.947+0000] {processor.py:826} INFO - Processing file /home/airflow/.local/lib/python3.7/site-packages/airflow/example_dags/example_params_trigger_ui.py for tasks to queue
[2023-06-17T05:51:30.948+0000] {logging_mixin.py:149} INFO - [2023-06-17T05:51:30.948+0000] {dagbag.py:541} INFO - Filling up the DagBag from /home/airflow/.local/lib/python3.7/site-packages/airflow/example_dags/example_params_trigger_ui.py
[2023-06-17T05:51:31.160+0000] {processor.py:836} INFO - DAG(s) dict_keys(['example_params_trigger_ui']) retrieved from /home/airflow/.local/lib/python3.7/site-packages/airflow/example_dags/example_params_trigger_ui.py
[2023-06-17T05:51:31.324+0000] {logging_mixin.py:149} INFO - [2023-06-17T05:51:31.324+0000] {dag.py:2726} INFO - Sync 1 DAGs
[2023-06-17T05:51:31.373+0000] {logging_mixin.py:149} INFO - [2023-06-17T05:51:31.372+0000] {dag.py:3490} INFO - Setting next_dagrun for example_params_trigger_ui to None, run_after=None
[2023-06-17T05:51:31.929+0000] {processor.py:179} INFO - Processing /home/airflow/.local/lib/python3.7/site-packages/airflow/example_dags/example_params_trigger_ui.py took 1.071 seconds
[2023-06-17T05:52:02.224+0000] {processor.py:157} INFO - Started process (PID=181) to work on /home/airflow/.local/lib/python3.7/site-packages/airflow/example_dags/example_params_trigger_ui.py
[2023-06-17T05:52:02.266+0000] {processor.py:826} INFO - Processing file /home/airflow/.local/lib/python3.7/site-packages/airflow/example_dags/example_params_trigger_ui.py for tasks to queue
[2023-06-17T05:52:02.268+0000] {logging_mixin.py:149} INFO - [2023-06-17T05:52:02.268+0000] {dagbag.py:541} INFO - Filling up the DagBag from /home/airflow/.local/lib/python3.7/site-packages/airflow/example_dags/example_params_trigger_ui.py
[2023-06-17T05:52:02.316+0000] {processor.py:836} INFO - DAG(s) dict_keys(['example_params_trigger_ui']) retrieved from /home/airflow/.local/lib/python3.7/site-packages/airflow/example_dags/example_params_trigger_ui.py
[2023-06-17T05:52:02.570+0000] {logging_mixin.py:149} INFO - [2023-06-17T05:52:02.569+0000] {dag.py:2726} INFO - Sync 1 DAGs
[2023-06-17T05:52:02.599+0000] {logging_mixin.py:149} INFO - [2023-06-17T05:52:02.599+0000] {dag.py:3490} INFO - Setting next_dagrun for example_params_trigger_ui to None, run_after=None
[2023-06-17T05:52:02.708+0000] {processor.py:179} INFO - Processing /home/airflow/.local/lib/python3.7/site-packages/airflow/example_dags/example_params_trigger_ui.py took 0.496 seconds
[2023-06-17T05:52:34.701+0000] {processor.py:157} INFO - Started process (PID=242) to work on /home/airflow/.local/lib/python3.7/site-packages/airflow/example_dags/example_params_trigger_ui.py
[2023-06-17T05:52:34.702+0000] {processor.py:826} INFO - Processing file /home/airflow/.local/lib/python3.7/site-packages/airflow/example_dags/example_params_trigger_ui.py for tasks to queue
[2023-06-17T05:52:34.703+0000] {logging_mixin.py:149} INFO - [2023-06-17T05:52:34.703+0000] {dagbag.py:541} INFO - Filling up the DagBag from /home/airflow/.local/lib/python3.7/site-packages/airflow/example_dags/example_params_trigger_ui.py
[2023-06-17T05:52:34.732+0000] {processor.py:836} INFO - DAG(s) dict_keys(['example_params_trigger_ui']) retrieved from /home/airflow/.local/lib/python3.7/site-packages/airflow/example_dags/example_params_trigger_ui.py
[2023-06-17T05:52:34.870+0000] {logging_mixin.py:149} INFO - [2023-06-17T05:52:34.870+0000] {dag.py:2726} INFO - Sync 1 DAGs
[2023-06-17T05:52:34.901+0000] {logging_mixin.py:149} INFO - [2023-06-17T05:52:34.901+0000] {dag.py:3490} INFO - Setting next_dagrun for example_params_trigger_ui to None, run_after=None
[2023-06-17T05:52:34.944+0000] {processor.py:179} INFO - Processing /home/airflow/.local/lib/python3.7/site-packages/airflow/example_dags/example_params_trigger_ui.py took 0.248 seconds
[2023-06-17T05:53:05.067+0000] {processor.py:157} INFO - Started process (PID=310) to work on /home/airflow/.local/lib/python3.7/site-packages/airflow/example_dags/example_params_trigger_ui.py
[2023-06-17T05:53:05.068+0000] {processor.py:826} INFO - Processing file /home/airflow/.local/lib/python3.7/site-packages/airflow/example_dags/example_params_trigger_ui.py for tasks to queue
[2023-06-17T05:53:05.069+0000] {logging_mixin.py:149} INFO - [2023-06-17T05:53:05.069+0000] {dagbag.py:541} INFO - Filling up the DagBag from /home/airflow/.local/lib/python3.7/site-packages/airflow/example_dags/example_params_trigger_ui.py
[2023-06-17T05:53:05.096+0000] {processor.py:836} INFO - DAG(s) dict_keys(['example_params_trigger_ui']) retrieved from /home/airflow/.local/lib/python3.7/site-packages/airflow/example_dags/example_params_trigger_ui.py
[2023-06-17T05:53:05.224+0000] {logging_mixin.py:149} INFO - [2023-06-17T05:53:05.224+0000] {dag.py:2726} INFO - Sync 1 DAGs
[2023-06-17T05:53:05.257+0000] {logging_mixin.py:149} INFO - [2023-06-17T05:53:05.257+0000] {dag.py:3490} INFO - Setting next_dagrun for example_params_trigger_ui to None, run_after=None
[2023-06-17T05:53:05.290+0000] {processor.py:179} INFO - Processing /home/airflow/.local/lib/python3.7/site-packages/airflow/example_dags/example_params_trigger_ui.py took 0.226 seconds
[2023-06-17T05:53:36.134+0000] {processor.py:157} INFO - Started process (PID=383) to work on /home/airflow/.local/lib/python3.7/site-packages/airflow/example_dags/example_params_trigger_ui.py
[2023-06-17T05:53:36.152+0000] {processor.py:826} INFO - Processing file /home/airflow/.local/lib/python3.7/site-packages/airflow/example_dags/example_params_trigger_ui.py for tasks to queue
[2023-06-17T05:53:36.207+0000] {logging_mixin.py:149} INFO - [2023-06-17T05:53:36.207+0000] {dagbag.py:541} INFO - Filling up the DagBag from /home/airflow/.local/lib/python3.7/site-packages/airflow/example_dags/example_params_trigger_ui.py
[2023-06-17T05:53:36.235+0000] {processor.py:836} INFO - DAG(s) dict_keys(['example_params_trigger_ui']) retrieved from /home/airflow/.local/lib/python3.7/site-packages/airflow/example_dags/example_params_trigger_ui.py
[2023-06-17T05:53:36.360+0000] {logging_mixin.py:149} INFO - [2023-06-17T05:53:36.360+0000] {dag.py:2726} INFO - Sync 1 DAGs
[2023-06-17T05:53:36.407+0000] {logging_mixin.py:149} INFO - [2023-06-17T05:53:36.407+0000] {dag.py:3490} INFO - Setting next_dagrun for example_params_trigger_ui to None, run_after=None
[2023-06-17T05:53:36.558+0000] {processor.py:179} INFO - Processing /home/airflow/.local/lib/python3.7/site-packages/airflow/example_dags/example_params_trigger_ui.py took 0.428 seconds
[2023-06-17T05:54:07.181+0000] {processor.py:157} INFO - Started process (PID=451) to work on /home/airflow/.local/lib/python3.7/site-packages/airflow/example_dags/example_params_trigger_ui.py
[2023-06-17T05:54:07.183+0000] {processor.py:826} INFO - Processing file /home/airflow/.local/lib/python3.7/site-packages/airflow/example_dags/example_params_trigger_ui.py for tasks to queue
[2023-06-17T05:54:07.184+0000] {logging_mixin.py:149} INFO - [2023-06-17T05:54:07.183+0000] {dagbag.py:541} INFO - Filling up the DagBag from /home/airflow/.local/lib/python3.7/site-packages/airflow/example_dags/example_params_trigger_ui.py
[2023-06-17T05:54:07.225+0000] {processor.py:836} INFO - DAG(s) dict_keys(['example_params_trigger_ui']) retrieved from /home/airflow/.local/lib/python3.7/site-packages/airflow/example_dags/example_params_trigger_ui.py
[2023-06-17T05:54:07.381+0000] {logging_mixin.py:149} INFO - [2023-06-17T05:54:07.381+0000] {dag.py:2726} INFO - Sync 1 DAGs
[2023-06-17T05:54:07.413+0000] {logging_mixin.py:149} INFO - [2023-06-17T05:54:07.413+0000] {dag.py:3490} INFO - Setting next_dagrun for example_params_trigger_ui to None, run_after=None
[2023-06-17T05:54:07.454+0000] {processor.py:179} INFO - Processing /home/airflow/.local/lib/python3.7/site-packages/airflow/example_dags/example_params_trigger_ui.py took 0.277 seconds
[2023-06-17T05:54:52.148+0000] {processor.py:157} INFO - Started process (PID=504) to work on /home/airflow/.local/lib/python3.7/site-packages/airflow/example_dags/example_params_trigger_ui.py
[2023-06-17T05:54:52.212+0000] {processor.py:826} INFO - Processing file /home/airflow/.local/lib/python3.7/site-packages/airflow/example_dags/example_params_trigger_ui.py for tasks to queue
[2023-06-17T05:54:52.214+0000] {logging_mixin.py:149} INFO - [2023-06-17T05:54:52.214+0000] {dagbag.py:541} INFO - Filling up the DagBag from /home/airflow/.local/lib/python3.7/site-packages/airflow/example_dags/example_params_trigger_ui.py
[2023-06-17T05:54:52.475+0000] {processor.py:836} INFO - DAG(s) dict_keys(['example_params_trigger_ui']) retrieved from /home/airflow/.local/lib/python3.7/site-packages/airflow/example_dags/example_params_trigger_ui.py
[2023-06-17T05:54:52.689+0000] {logging_mixin.py:149} INFO - [2023-06-17T05:54:52.689+0000] {dag.py:2726} INFO - Sync 1 DAGs
[2023-06-17T05:54:52.749+0000] {logging_mixin.py:149} INFO - [2023-06-17T05:54:52.749+0000] {dag.py:3490} INFO - Setting next_dagrun for example_params_trigger_ui to None, run_after=None
[2023-06-17T05:54:52.967+0000] {processor.py:179} INFO - Processing /home/airflow/.local/lib/python3.7/site-packages/airflow/example_dags/example_params_trigger_ui.py took 0.824 seconds
[2023-06-17T05:55:23.789+0000] {processor.py:157} INFO - Started process (PID=567) to work on /home/airflow/.local/lib/python3.7/site-packages/airflow/example_dags/example_params_trigger_ui.py
[2023-06-17T05:55:23.833+0000] {processor.py:826} INFO - Processing file /home/airflow/.local/lib/python3.7/site-packages/airflow/example_dags/example_params_trigger_ui.py for tasks to queue
[2023-06-17T05:55:23.836+0000] {logging_mixin.py:149} INFO - [2023-06-17T05:55:23.835+0000] {dagbag.py:541} INFO - Filling up the DagBag from /home/airflow/.local/lib/python3.7/site-packages/airflow/example_dags/example_params_trigger_ui.py
[2023-06-17T05:55:23.887+0000] {processor.py:836} INFO - DAG(s) dict_keys(['example_params_trigger_ui']) retrieved from /home/airflow/.local/lib/python3.7/site-packages/airflow/example_dags/example_params_trigger_ui.py
[2023-06-17T05:55:24.009+0000] {logging_mixin.py:149} INFO - [2023-06-17T05:55:24.009+0000] {dag.py:2726} INFO - Sync 1 DAGs
[2023-06-17T05:55:24.041+0000] {logging_mixin.py:149} INFO - [2023-06-17T05:55:24.041+0000] {dag.py:3490} INFO - Setting next_dagrun for example_params_trigger_ui to None, run_after=None
[2023-06-17T05:55:24.143+0000] {processor.py:179} INFO - Processing /home/airflow/.local/lib/python3.7/site-packages/airflow/example_dags/example_params_trigger_ui.py took 0.360 seconds
[2023-06-17T05:55:54.788+0000] {processor.py:157} INFO - Started process (PID=635) to work on /home/airflow/.local/lib/python3.7/site-packages/airflow/example_dags/example_params_trigger_ui.py
[2023-06-17T05:55:54.810+0000] {processor.py:826} INFO - Processing file /home/airflow/.local/lib/python3.7/site-packages/airflow/example_dags/example_params_trigger_ui.py for tasks to queue
[2023-06-17T05:55:54.811+0000] {logging_mixin.py:149} INFO - [2023-06-17T05:55:54.810+0000] {dagbag.py:541} INFO - Filling up the DagBag from /home/airflow/.local/lib/python3.7/site-packages/airflow/example_dags/example_params_trigger_ui.py
[2023-06-17T05:55:54.839+0000] {processor.py:836} INFO - DAG(s) dict_keys(['example_params_trigger_ui']) retrieved from /home/airflow/.local/lib/python3.7/site-packages/airflow/example_dags/example_params_trigger_ui.py
[2023-06-17T05:55:54.966+0000] {logging_mixin.py:149} INFO - [2023-06-17T05:55:54.965+0000] {dag.py:2726} INFO - Sync 1 DAGs
[2023-06-17T05:55:54.999+0000] {logging_mixin.py:149} INFO - [2023-06-17T05:55:54.999+0000] {dag.py:3490} INFO - Setting next_dagrun for example_params_trigger_ui to None, run_after=None
[2023-06-17T05:55:55.039+0000] {processor.py:179} INFO - Processing /home/airflow/.local/lib/python3.7/site-packages/airflow/example_dags/example_params_trigger_ui.py took 0.257 seconds
