[2023-06-17T05:51:19.142+0000] {processor.py:157} INFO - Started process (PID=80) to work on /home/airflow/.local/lib/python3.7/site-packages/airflow/example_dags/example_xcomargs.py
[2023-06-17T05:51:19.143+0000] {processor.py:826} INFO - Processing file /home/airflow/.local/lib/python3.7/site-packages/airflow/example_dags/example_xcomargs.py for tasks to queue
[2023-06-17T05:51:19.144+0000] {logging_mixin.py:149} INFO - [2023-06-17T05:51:19.143+0000] {dagbag.py:541} INFO - Filling up the DagBag from /home/airflow/.local/lib/python3.7/site-packages/airflow/example_dags/example_xcomargs.py
[2023-06-17T05:51:19.156+0000] {processor.py:836} INFO - DAG(s) dict_keys(['example_xcom_args', 'example_xcom_args_with_operators']) retrieved from /home/airflow/.local/lib/python3.7/site-packages/airflow/example_dags/example_xcomargs.py
[2023-06-17T05:51:19.208+0000] {logging_mixin.py:149} INFO - [2023-06-17T05:51:19.208+0000] {dag.py:2726} INFO - Sync 2 DAGs
[2023-06-17T05:51:19.247+0000] {logging_mixin.py:149} INFO - [2023-06-17T05:51:19.246+0000] {dag.py:3490} INFO - Setting next_dagrun for example_xcom_args to None, run_after=None
[2023-06-17T05:51:19.253+0000] {logging_mixin.py:149} INFO - [2023-06-17T05:51:19.253+0000] {dag.py:3490} INFO - Setting next_dagrun for example_xcom_args_with_operators to None, run_after=None
[2023-06-17T05:51:19.344+0000] {processor.py:179} INFO - Processing /home/airflow/.local/lib/python3.7/site-packages/airflow/example_dags/example_xcomargs.py took 0.207 seconds
[2023-06-17T05:51:53.400+0000] {processor.py:157} INFO - Started process (PID=141) to work on /home/airflow/.local/lib/python3.7/site-packages/airflow/example_dags/example_xcomargs.py
[2023-06-17T05:51:53.429+0000] {processor.py:826} INFO - Processing file /home/airflow/.local/lib/python3.7/site-packages/airflow/example_dags/example_xcomargs.py for tasks to queue
[2023-06-17T05:51:53.431+0000] {logging_mixin.py:149} INFO - [2023-06-17T05:51:53.430+0000] {dagbag.py:541} INFO - Filling up the DagBag from /home/airflow/.local/lib/python3.7/site-packages/airflow/example_dags/example_xcomargs.py
[2023-06-17T05:51:53.442+0000] {processor.py:836} INFO - DAG(s) dict_keys(['example_xcom_args_with_operators', 'example_xcom_args']) retrieved from /home/airflow/.local/lib/python3.7/site-packages/airflow/example_dags/example_xcomargs.py
[2023-06-17T05:51:53.496+0000] {logging_mixin.py:149} INFO - [2023-06-17T05:51:53.496+0000] {dag.py:2726} INFO - Sync 2 DAGs
[2023-06-17T05:51:53.546+0000] {logging_mixin.py:149} INFO - [2023-06-17T05:51:53.546+0000] {dag.py:3490} INFO - Setting next_dagrun for example_xcom_args to None, run_after=None
[2023-06-17T05:51:53.552+0000] {logging_mixin.py:149} INFO - [2023-06-17T05:51:53.551+0000] {dag.py:3490} INFO - Setting next_dagrun for example_xcom_args_with_operators to None, run_after=None
[2023-06-17T05:51:53.839+0000] {processor.py:179} INFO - Processing /home/airflow/.local/lib/python3.7/site-packages/airflow/example_dags/example_xcomargs.py took 0.442 seconds
[2023-06-17T05:52:29.807+0000] {processor.py:157} INFO - Started process (PID=209) to work on /home/airflow/.local/lib/python3.7/site-packages/airflow/example_dags/example_xcomargs.py
[2023-06-17T05:52:29.808+0000] {processor.py:826} INFO - Processing file /home/airflow/.local/lib/python3.7/site-packages/airflow/example_dags/example_xcomargs.py for tasks to queue
[2023-06-17T05:52:29.809+0000] {logging_mixin.py:149} INFO - [2023-06-17T05:52:29.809+0000] {dagbag.py:541} INFO - Filling up the DagBag from /home/airflow/.local/lib/python3.7/site-packages/airflow/example_dags/example_xcomargs.py
[2023-06-17T05:52:29.820+0000] {processor.py:836} INFO - DAG(s) dict_keys(['example_xcom_args', 'example_xcom_args_with_operators']) retrieved from /home/airflow/.local/lib/python3.7/site-packages/airflow/example_dags/example_xcomargs.py
[2023-06-17T05:52:30.008+0000] {logging_mixin.py:149} INFO - [2023-06-17T05:52:30.008+0000] {dag.py:2726} INFO - Sync 2 DAGs
[2023-06-17T05:52:30.048+0000] {logging_mixin.py:149} INFO - [2023-06-17T05:52:30.048+0000] {dag.py:3490} INFO - Setting next_dagrun for example_xcom_args to None, run_after=None
[2023-06-17T05:52:30.054+0000] {logging_mixin.py:149} INFO - [2023-06-17T05:52:30.054+0000] {dag.py:3490} INFO - Setting next_dagrun for example_xcom_args_with_operators to None, run_after=None
[2023-06-17T05:52:30.101+0000] {processor.py:179} INFO - Processing /home/airflow/.local/lib/python3.7/site-packages/airflow/example_dags/example_xcomargs.py took 0.297 seconds
[2023-06-17T05:53:00.303+0000] {processor.py:157} INFO - Started process (PID=277) to work on /home/airflow/.local/lib/python3.7/site-packages/airflow/example_dags/example_xcomargs.py
[2023-06-17T05:53:00.315+0000] {processor.py:826} INFO - Processing file /home/airflow/.local/lib/python3.7/site-packages/airflow/example_dags/example_xcomargs.py for tasks to queue
[2023-06-17T05:53:00.316+0000] {logging_mixin.py:149} INFO - [2023-06-17T05:53:00.316+0000] {dagbag.py:541} INFO - Filling up the DagBag from /home/airflow/.local/lib/python3.7/site-packages/airflow/example_dags/example_xcomargs.py
[2023-06-17T05:53:00.326+0000] {processor.py:836} INFO - DAG(s) dict_keys(['example_xcom_args_with_operators', 'example_xcom_args']) retrieved from /home/airflow/.local/lib/python3.7/site-packages/airflow/example_dags/example_xcomargs.py
[2023-06-17T05:53:00.365+0000] {logging_mixin.py:149} INFO - [2023-06-17T05:53:00.365+0000] {dag.py:2726} INFO - Sync 2 DAGs
[2023-06-17T05:53:00.412+0000] {logging_mixin.py:149} INFO - [2023-06-17T05:53:00.412+0000] {dag.py:3490} INFO - Setting next_dagrun for example_xcom_args to None, run_after=None
[2023-06-17T05:53:00.416+0000] {logging_mixin.py:149} INFO - [2023-06-17T05:53:00.416+0000] {dag.py:3490} INFO - Setting next_dagrun for example_xcom_args_with_operators to None, run_after=None
[2023-06-17T05:53:00.450+0000] {processor.py:179} INFO - Processing /home/airflow/.local/lib/python3.7/site-packages/airflow/example_dags/example_xcomargs.py took 0.151 seconds
[2023-06-17T05:53:31.001+0000] {processor.py:157} INFO - Started process (PID=345) to work on /home/airflow/.local/lib/python3.7/site-packages/airflow/example_dags/example_xcomargs.py
[2023-06-17T05:53:31.002+0000] {processor.py:826} INFO - Processing file /home/airflow/.local/lib/python3.7/site-packages/airflow/example_dags/example_xcomargs.py for tasks to queue
[2023-06-17T05:53:31.002+0000] {logging_mixin.py:149} INFO - [2023-06-17T05:53:31.002+0000] {dagbag.py:541} INFO - Filling up the DagBag from /home/airflow/.local/lib/python3.7/site-packages/airflow/example_dags/example_xcomargs.py
[2023-06-17T05:53:31.012+0000] {processor.py:836} INFO - DAG(s) dict_keys(['example_xcom_args', 'example_xcom_args_with_operators']) retrieved from /home/airflow/.local/lib/python3.7/site-packages/airflow/example_dags/example_xcomargs.py
[2023-06-17T05:53:31.050+0000] {logging_mixin.py:149} INFO - [2023-06-17T05:53:31.049+0000] {dag.py:2726} INFO - Sync 2 DAGs
[2023-06-17T05:53:31.085+0000] {logging_mixin.py:149} INFO - [2023-06-17T05:53:31.084+0000] {dag.py:3490} INFO - Setting next_dagrun for example_xcom_args to None, run_after=None
[2023-06-17T05:53:31.089+0000] {logging_mixin.py:149} INFO - [2023-06-17T05:53:31.089+0000] {dag.py:3490} INFO - Setting next_dagrun for example_xcom_args_with_operators to None, run_after=None
[2023-06-17T05:53:31.124+0000] {processor.py:179} INFO - Processing /home/airflow/.local/lib/python3.7/site-packages/airflow/example_dags/example_xcomargs.py took 0.128 seconds
[2023-06-17T05:54:01.871+0000] {processor.py:157} INFO - Started process (PID=413) to work on /home/airflow/.local/lib/python3.7/site-packages/airflow/example_dags/example_xcomargs.py
[2023-06-17T05:54:02.005+0000] {processor.py:826} INFO - Processing file /home/airflow/.local/lib/python3.7/site-packages/airflow/example_dags/example_xcomargs.py for tasks to queue
[2023-06-17T05:54:02.009+0000] {logging_mixin.py:149} INFO - [2023-06-17T05:54:02.008+0000] {dagbag.py:541} INFO - Filling up the DagBag from /home/airflow/.local/lib/python3.7/site-packages/airflow/example_dags/example_xcomargs.py
[2023-06-17T05:54:02.040+0000] {processor.py:836} INFO - DAG(s) dict_keys(['example_xcom_args', 'example_xcom_args_with_operators']) retrieved from /home/airflow/.local/lib/python3.7/site-packages/airflow/example_dags/example_xcomargs.py
[2023-06-17T05:54:02.080+0000] {logging_mixin.py:149} INFO - [2023-06-17T05:54:02.080+0000] {dag.py:2726} INFO - Sync 2 DAGs
[2023-06-17T05:54:02.113+0000] {logging_mixin.py:149} INFO - [2023-06-17T05:54:02.112+0000] {dag.py:3490} INFO - Setting next_dagrun for example_xcom_args to None, run_after=None
[2023-06-17T05:54:02.117+0000] {logging_mixin.py:149} INFO - [2023-06-17T05:54:02.117+0000] {dag.py:3490} INFO - Setting next_dagrun for example_xcom_args_with_operators to None, run_after=None
[2023-06-17T05:54:02.425+0000] {processor.py:179} INFO - Processing /home/airflow/.local/lib/python3.7/site-packages/airflow/example_dags/example_xcomargs.py took 0.559 seconds
[2023-06-17T05:54:44.294+0000] {processor.py:157} INFO - Started process (PID=490) to work on /home/airflow/.local/lib/python3.7/site-packages/airflow/example_dags/example_xcomargs.py
[2023-06-17T05:54:44.470+0000] {processor.py:826} INFO - Processing file /home/airflow/.local/lib/python3.7/site-packages/airflow/example_dags/example_xcomargs.py for tasks to queue
[2023-06-17T05:54:44.473+0000] {logging_mixin.py:149} INFO - [2023-06-17T05:54:44.472+0000] {dagbag.py:541} INFO - Filling up the DagBag from /home/airflow/.local/lib/python3.7/site-packages/airflow/example_dags/example_xcomargs.py
[2023-06-17T05:54:44.629+0000] {processor.py:836} INFO - DAG(s) dict_keys(['example_xcom_args_with_operators', 'example_xcom_args']) retrieved from /home/airflow/.local/lib/python3.7/site-packages/airflow/example_dags/example_xcomargs.py
[2023-06-17T05:54:44.684+0000] {logging_mixin.py:149} INFO - [2023-06-17T05:54:44.682+0000] {dag.py:2726} INFO - Sync 2 DAGs
[2023-06-17T05:54:44.742+0000] {logging_mixin.py:149} INFO - [2023-06-17T05:54:44.742+0000] {dag.py:3490} INFO - Setting next_dagrun for example_xcom_args to None, run_after=None
[2023-06-17T05:54:44.749+0000] {logging_mixin.py:149} INFO - [2023-06-17T05:54:44.749+0000] {dag.py:3490} INFO - Setting next_dagrun for example_xcom_args_with_operators to None, run_after=None
[2023-06-17T05:54:45.008+0000] {processor.py:179} INFO - Processing /home/airflow/.local/lib/python3.7/site-packages/airflow/example_dags/example_xcomargs.py took 0.722 seconds
[2023-06-17T05:55:15.630+0000] {processor.py:157} INFO - Started process (PID=554) to work on /home/airflow/.local/lib/python3.7/site-packages/airflow/example_dags/example_xcomargs.py
[2023-06-17T05:55:15.692+0000] {processor.py:826} INFO - Processing file /home/airflow/.local/lib/python3.7/site-packages/airflow/example_dags/example_xcomargs.py for tasks to queue
[2023-06-17T05:55:15.694+0000] {logging_mixin.py:149} INFO - [2023-06-17T05:55:15.694+0000] {dagbag.py:541} INFO - Filling up the DagBag from /home/airflow/.local/lib/python3.7/site-packages/airflow/example_dags/example_xcomargs.py
[2023-06-17T05:55:15.723+0000] {processor.py:836} INFO - DAG(s) dict_keys(['example_xcom_args', 'example_xcom_args_with_operators']) retrieved from /home/airflow/.local/lib/python3.7/site-packages/airflow/example_dags/example_xcomargs.py
[2023-06-17T05:55:15.762+0000] {logging_mixin.py:149} INFO - [2023-06-17T05:55:15.762+0000] {dag.py:2726} INFO - Sync 2 DAGs
[2023-06-17T05:55:15.808+0000] {logging_mixin.py:149} INFO - [2023-06-17T05:55:15.808+0000] {dag.py:3490} INFO - Setting next_dagrun for example_xcom_args to None, run_after=None
[2023-06-17T05:55:15.813+0000] {logging_mixin.py:149} INFO - [2023-06-17T05:55:15.813+0000] {dag.py:3490} INFO - Setting next_dagrun for example_xcom_args_with_operators to None, run_after=None
[2023-06-17T05:55:16.183+0000] {processor.py:179} INFO - Processing /home/airflow/.local/lib/python3.7/site-packages/airflow/example_dags/example_xcomargs.py took 0.565 seconds
[2023-06-17T05:55:46.607+0000] {processor.py:157} INFO - Started process (PID=622) to work on /home/airflow/.local/lib/python3.7/site-packages/airflow/example_dags/example_xcomargs.py
[2023-06-17T05:55:46.624+0000] {processor.py:826} INFO - Processing file /home/airflow/.local/lib/python3.7/site-packages/airflow/example_dags/example_xcomargs.py for tasks to queue
[2023-06-17T05:55:46.625+0000] {logging_mixin.py:149} INFO - [2023-06-17T05:55:46.625+0000] {dagbag.py:541} INFO - Filling up the DagBag from /home/airflow/.local/lib/python3.7/site-packages/airflow/example_dags/example_xcomargs.py
[2023-06-17T05:55:46.635+0000] {processor.py:836} INFO - DAG(s) dict_keys(['example_xcom_args', 'example_xcom_args_with_operators']) retrieved from /home/airflow/.local/lib/python3.7/site-packages/airflow/example_dags/example_xcomargs.py
[2023-06-17T05:55:46.688+0000] {logging_mixin.py:149} INFO - [2023-06-17T05:55:46.687+0000] {dag.py:2726} INFO - Sync 2 DAGs
[2023-06-17T05:55:46.732+0000] {logging_mixin.py:149} INFO - [2023-06-17T05:55:46.732+0000] {dag.py:3490} INFO - Setting next_dagrun for example_xcom_args to None, run_after=None
[2023-06-17T05:55:46.736+0000] {logging_mixin.py:149} INFO - [2023-06-17T05:55:46.736+0000] {dag.py:3490} INFO - Setting next_dagrun for example_xcom_args_with_operators to None, run_after=None
[2023-06-17T05:55:46.794+0000] {processor.py:179} INFO - Processing /home/airflow/.local/lib/python3.7/site-packages/airflow/example_dags/example_xcomargs.py took 0.191 seconds
[2023-06-17T14:09:49.444+0000] {processor.py:157} INFO - Started process (PID=89) to work on /home/airflow/.local/lib/python3.7/site-packages/airflow/example_dags/example_xcomargs.py
[2023-06-17T14:09:49.527+0000] {processor.py:826} INFO - Processing file /home/airflow/.local/lib/python3.7/site-packages/airflow/example_dags/example_xcomargs.py for tasks to queue
[2023-06-17T14:09:49.529+0000] {logging_mixin.py:149} INFO - [2023-06-17T14:09:49.529+0000] {dagbag.py:541} INFO - Filling up the DagBag from /home/airflow/.local/lib/python3.7/site-packages/airflow/example_dags/example_xcomargs.py
[2023-06-17T14:09:49.594+0000] {processor.py:836} INFO - DAG(s) dict_keys(['example_xcom_args', 'example_xcom_args_with_operators']) retrieved from /home/airflow/.local/lib/python3.7/site-packages/airflow/example_dags/example_xcomargs.py
[2023-06-17T14:09:49.634+0000] {logging_mixin.py:149} INFO - [2023-06-17T14:09:49.634+0000] {dag.py:2726} INFO - Sync 2 DAGs
[2023-06-17T14:09:49.669+0000] {logging_mixin.py:149} INFO - [2023-06-17T14:09:49.669+0000] {dag.py:3490} INFO - Setting next_dagrun for example_xcom_args to None, run_after=None
[2023-06-17T14:09:49.673+0000] {logging_mixin.py:149} INFO - [2023-06-17T14:09:49.673+0000] {dag.py:3490} INFO - Setting next_dagrun for example_xcom_args_with_operators to None, run_after=None
[2023-06-17T14:09:49.799+0000] {processor.py:179} INFO - Processing /home/airflow/.local/lib/python3.7/site-packages/airflow/example_dags/example_xcomargs.py took 0.359 seconds
[2023-06-17T14:16:08.860+0000] {processor.py:157} INFO - Started process (PID=82) to work on /home/airflow/.local/lib/python3.7/site-packages/airflow/example_dags/example_xcomargs.py
[2023-06-17T14:16:08.968+0000] {processor.py:826} INFO - Processing file /home/airflow/.local/lib/python3.7/site-packages/airflow/example_dags/example_xcomargs.py for tasks to queue
[2023-06-17T14:16:08.970+0000] {logging_mixin.py:149} INFO - [2023-06-17T14:16:08.970+0000] {dagbag.py:541} INFO - Filling up the DagBag from /home/airflow/.local/lib/python3.7/site-packages/airflow/example_dags/example_xcomargs.py
[2023-06-17T14:16:09.041+0000] {processor.py:836} INFO - DAG(s) dict_keys(['example_xcom_args', 'example_xcom_args_with_operators']) retrieved from /home/airflow/.local/lib/python3.7/site-packages/airflow/example_dags/example_xcomargs.py
[2023-06-17T14:16:09.082+0000] {logging_mixin.py:149} INFO - [2023-06-17T14:16:09.082+0000] {dag.py:2726} INFO - Sync 2 DAGs
[2023-06-17T14:16:09.116+0000] {logging_mixin.py:149} INFO - [2023-06-17T14:16:09.116+0000] {dag.py:3490} INFO - Setting next_dagrun for example_xcom_args to None, run_after=None
[2023-06-17T14:16:09.120+0000] {logging_mixin.py:149} INFO - [2023-06-17T14:16:09.120+0000] {dag.py:3490} INFO - Setting next_dagrun for example_xcom_args_with_operators to None, run_after=None
[2023-06-17T14:16:09.331+0000] {processor.py:179} INFO - Processing /home/airflow/.local/lib/python3.7/site-packages/airflow/example_dags/example_xcomargs.py took 0.476 seconds
[2023-06-17T14:16:44.990+0000] {processor.py:157} INFO - Started process (PID=151) to work on /home/airflow/.local/lib/python3.7/site-packages/airflow/example_dags/example_xcomargs.py
[2023-06-17T14:16:45.039+0000] {processor.py:826} INFO - Processing file /home/airflow/.local/lib/python3.7/site-packages/airflow/example_dags/example_xcomargs.py for tasks to queue
[2023-06-17T14:16:45.042+0000] {logging_mixin.py:149} INFO - [2023-06-17T14:16:45.041+0000] {dagbag.py:541} INFO - Filling up the DagBag from /home/airflow/.local/lib/python3.7/site-packages/airflow/example_dags/example_xcomargs.py
[2023-06-17T14:16:45.071+0000] {processor.py:836} INFO - DAG(s) dict_keys(['example_xcom_args', 'example_xcom_args_with_operators']) retrieved from /home/airflow/.local/lib/python3.7/site-packages/airflow/example_dags/example_xcomargs.py
[2023-06-17T14:16:45.112+0000] {logging_mixin.py:149} INFO - [2023-06-17T14:16:45.111+0000] {dag.py:2726} INFO - Sync 2 DAGs
[2023-06-17T14:16:45.146+0000] {logging_mixin.py:149} INFO - [2023-06-17T14:16:45.145+0000] {dag.py:3490} INFO - Setting next_dagrun for example_xcom_args to None, run_after=None
[2023-06-17T14:16:45.271+0000] {logging_mixin.py:149} INFO - [2023-06-17T14:16:45.271+0000] {dag.py:3490} INFO - Setting next_dagrun for example_xcom_args_with_operators to None, run_after=None
[2023-06-17T14:16:45.350+0000] {processor.py:179} INFO - Processing /home/airflow/.local/lib/python3.7/site-packages/airflow/example_dags/example_xcomargs.py took 0.365 seconds
