[2023-06-17T05:51:19.976+0000] {processor.py:157} INFO - Started process (PID=85) to work on /home/airflow/.local/lib/python3.7/site-packages/airflow/example_dags/example_short_circuit_operator.py
[2023-06-17T05:51:19.977+0000] {processor.py:826} INFO - Processing file /home/airflow/.local/lib/python3.7/site-packages/airflow/example_dags/example_short_circuit_operator.py for tasks to queue
[2023-06-17T05:51:19.978+0000] {logging_mixin.py:149} INFO - [2023-06-17T05:51:19.978+0000] {dagbag.py:541} INFO - Filling up the DagBag from /home/airflow/.local/lib/python3.7/site-packages/airflow/example_dags/example_short_circuit_operator.py
[2023-06-17T05:51:20.057+0000] {processor.py:836} INFO - DAG(s) dict_keys(['example_short_circuit_operator']) retrieved from /home/airflow/.local/lib/python3.7/site-packages/airflow/example_dags/example_short_circuit_operator.py
[2023-06-17T05:51:20.091+0000] {logging_mixin.py:149} INFO - [2023-06-17T05:51:20.091+0000] {dag.py:2726} INFO - Sync 1 DAGs
[2023-06-17T05:51:20.124+0000] {logging_mixin.py:149} INFO - [2023-06-17T05:51:20.124+0000] {dag.py:3490} INFO - Setting next_dagrun for example_short_circuit_operator to 2023-06-16T05:51:20.124478+00:00, run_after=2023-06-17T05:51:20.124478+00:00
[2023-06-17T05:51:20.232+0000] {processor.py:179} INFO - Processing /home/airflow/.local/lib/python3.7/site-packages/airflow/example_dags/example_short_circuit_operator.py took 0.260 seconds
[2023-06-17T05:51:54.107+0000] {processor.py:157} INFO - Started process (PID=146) to work on /home/airflow/.local/lib/python3.7/site-packages/airflow/example_dags/example_short_circuit_operator.py
[2023-06-17T05:51:54.109+0000] {processor.py:826} INFO - Processing file /home/airflow/.local/lib/python3.7/site-packages/airflow/example_dags/example_short_circuit_operator.py for tasks to queue
[2023-06-17T05:51:54.110+0000] {logging_mixin.py:149} INFO - [2023-06-17T05:51:54.109+0000] {dagbag.py:541} INFO - Filling up the DagBag from /home/airflow/.local/lib/python3.7/site-packages/airflow/example_dags/example_short_circuit_operator.py
[2023-06-17T05:51:54.124+0000] {processor.py:836} INFO - DAG(s) dict_keys(['example_short_circuit_operator']) retrieved from /home/airflow/.local/lib/python3.7/site-packages/airflow/example_dags/example_short_circuit_operator.py
[2023-06-17T05:51:54.165+0000] {logging_mixin.py:149} INFO - [2023-06-17T05:51:54.165+0000] {dag.py:2726} INFO - Sync 1 DAGs
[2023-06-17T05:51:54.209+0000] {logging_mixin.py:149} INFO - [2023-06-17T05:51:54.209+0000] {dag.py:3490} INFO - Setting next_dagrun for example_short_circuit_operator to 2023-06-16T05:51:54.209029+00:00, run_after=2023-06-17T05:51:54.209029+00:00
[2023-06-17T05:51:54.649+0000] {processor.py:179} INFO - Processing /home/airflow/.local/lib/python3.7/site-packages/airflow/example_dags/example_short_circuit_operator.py took 0.548 seconds
[2023-06-17T05:52:30.697+0000] {processor.py:157} INFO - Started process (PID=214) to work on /home/airflow/.local/lib/python3.7/site-packages/airflow/example_dags/example_short_circuit_operator.py
[2023-06-17T05:52:30.698+0000] {processor.py:826} INFO - Processing file /home/airflow/.local/lib/python3.7/site-packages/airflow/example_dags/example_short_circuit_operator.py for tasks to queue
[2023-06-17T05:52:30.700+0000] {logging_mixin.py:149} INFO - [2023-06-17T05:52:30.699+0000] {dagbag.py:541} INFO - Filling up the DagBag from /home/airflow/.local/lib/python3.7/site-packages/airflow/example_dags/example_short_circuit_operator.py
[2023-06-17T05:52:30.713+0000] {processor.py:836} INFO - DAG(s) dict_keys(['example_short_circuit_operator']) retrieved from /home/airflow/.local/lib/python3.7/site-packages/airflow/example_dags/example_short_circuit_operator.py
[2023-06-17T05:52:30.894+0000] {logging_mixin.py:149} INFO - [2023-06-17T05:52:30.894+0000] {dag.py:2726} INFO - Sync 1 DAGs
[2023-06-17T05:52:30.932+0000] {logging_mixin.py:149} INFO - [2023-06-17T05:52:30.932+0000] {dag.py:3490} INFO - Setting next_dagrun for example_short_circuit_operator to 2023-06-16T05:52:30.932501+00:00, run_after=2023-06-17T05:52:30.932501+00:00
[2023-06-17T05:52:30.968+0000] {processor.py:179} INFO - Processing /home/airflow/.local/lib/python3.7/site-packages/airflow/example_dags/example_short_circuit_operator.py took 0.277 seconds
[2023-06-17T05:53:01.876+0000] {processor.py:157} INFO - Started process (PID=285) to work on /home/airflow/.local/lib/python3.7/site-packages/airflow/example_dags/example_short_circuit_operator.py
[2023-06-17T05:53:01.877+0000] {processor.py:826} INFO - Processing file /home/airflow/.local/lib/python3.7/site-packages/airflow/example_dags/example_short_circuit_operator.py for tasks to queue
[2023-06-17T05:53:01.878+0000] {logging_mixin.py:149} INFO - [2023-06-17T05:53:01.878+0000] {dagbag.py:541} INFO - Filling up the DagBag from /home/airflow/.local/lib/python3.7/site-packages/airflow/example_dags/example_short_circuit_operator.py
[2023-06-17T05:53:01.888+0000] {processor.py:836} INFO - DAG(s) dict_keys(['example_short_circuit_operator']) retrieved from /home/airflow/.local/lib/python3.7/site-packages/airflow/example_dags/example_short_circuit_operator.py
[2023-06-17T05:53:01.925+0000] {logging_mixin.py:149} INFO - [2023-06-17T05:53:01.924+0000] {dag.py:2726} INFO - Sync 1 DAGs
[2023-06-17T05:53:01.961+0000] {logging_mixin.py:149} INFO - [2023-06-17T05:53:01.961+0000] {dag.py:3490} INFO - Setting next_dagrun for example_short_circuit_operator to 2023-06-16T05:53:01.961254+00:00, run_after=2023-06-17T05:53:01.961254+00:00
[2023-06-17T05:53:02.004+0000] {processor.py:179} INFO - Processing /home/airflow/.local/lib/python3.7/site-packages/airflow/example_dags/example_short_circuit_operator.py took 0.132 seconds
[2023-06-17T05:53:32.735+0000] {processor.py:157} INFO - Started process (PID=353) to work on /home/airflow/.local/lib/python3.7/site-packages/airflow/example_dags/example_short_circuit_operator.py
[2023-06-17T05:53:32.736+0000] {processor.py:826} INFO - Processing file /home/airflow/.local/lib/python3.7/site-packages/airflow/example_dags/example_short_circuit_operator.py for tasks to queue
[2023-06-17T05:53:32.737+0000] {logging_mixin.py:149} INFO - [2023-06-17T05:53:32.737+0000] {dagbag.py:541} INFO - Filling up the DagBag from /home/airflow/.local/lib/python3.7/site-packages/airflow/example_dags/example_short_circuit_operator.py
[2023-06-17T05:53:32.748+0000] {processor.py:836} INFO - DAG(s) dict_keys(['example_short_circuit_operator']) retrieved from /home/airflow/.local/lib/python3.7/site-packages/airflow/example_dags/example_short_circuit_operator.py
[2023-06-17T05:53:32.784+0000] {logging_mixin.py:149} INFO - [2023-06-17T05:53:32.783+0000] {dag.py:2726} INFO - Sync 1 DAGs
[2023-06-17T05:53:32.821+0000] {logging_mixin.py:149} INFO - [2023-06-17T05:53:32.821+0000] {dag.py:3490} INFO - Setting next_dagrun for example_short_circuit_operator to 2023-06-16T05:53:32.821166+00:00, run_after=2023-06-17T05:53:32.821166+00:00
[2023-06-17T05:53:32.892+0000] {processor.py:179} INFO - Processing /home/airflow/.local/lib/python3.7/site-packages/airflow/example_dags/example_short_circuit_operator.py took 0.162 seconds
[2023-06-17T05:54:03.225+0000] {processor.py:157} INFO - Started process (PID=421) to work on /home/airflow/.local/lib/python3.7/site-packages/airflow/example_dags/example_short_circuit_operator.py
[2023-06-17T05:54:03.244+0000] {processor.py:826} INFO - Processing file /home/airflow/.local/lib/python3.7/site-packages/airflow/example_dags/example_short_circuit_operator.py for tasks to queue
[2023-06-17T05:54:03.245+0000] {logging_mixin.py:149} INFO - [2023-06-17T05:54:03.245+0000] {dagbag.py:541} INFO - Filling up the DagBag from /home/airflow/.local/lib/python3.7/site-packages/airflow/example_dags/example_short_circuit_operator.py
[2023-06-17T05:54:03.255+0000] {processor.py:836} INFO - DAG(s) dict_keys(['example_short_circuit_operator']) retrieved from /home/airflow/.local/lib/python3.7/site-packages/airflow/example_dags/example_short_circuit_operator.py
[2023-06-17T05:54:03.293+0000] {logging_mixin.py:149} INFO - [2023-06-17T05:54:03.293+0000] {dag.py:2726} INFO - Sync 1 DAGs
[2023-06-17T05:54:03.330+0000] {logging_mixin.py:149} INFO - [2023-06-17T05:54:03.330+0000] {dag.py:3490} INFO - Setting next_dagrun for example_short_circuit_operator to 2023-06-16T05:54:03.329956+00:00, run_after=2023-06-17T05:54:03.329956+00:00
[2023-06-17T05:54:03.391+0000] {processor.py:179} INFO - Processing /home/airflow/.local/lib/python3.7/site-packages/airflow/example_dags/example_short_circuit_operator.py took 0.170 seconds
[2023-06-17T05:54:47.579+0000] {processor.py:157} INFO - Started process (PID=495) to work on /home/airflow/.local/lib/python3.7/site-packages/airflow/example_dags/example_short_circuit_operator.py
[2023-06-17T05:54:47.614+0000] {processor.py:826} INFO - Processing file /home/airflow/.local/lib/python3.7/site-packages/airflow/example_dags/example_short_circuit_operator.py for tasks to queue
[2023-06-17T05:54:47.615+0000] {logging_mixin.py:149} INFO - [2023-06-17T05:54:47.614+0000] {dagbag.py:541} INFO - Filling up the DagBag from /home/airflow/.local/lib/python3.7/site-packages/airflow/example_dags/example_short_circuit_operator.py
[2023-06-17T05:54:47.687+0000] {processor.py:836} INFO - DAG(s) dict_keys(['example_short_circuit_operator']) retrieved from /home/airflow/.local/lib/python3.7/site-packages/airflow/example_dags/example_short_circuit_operator.py
[2023-06-17T05:54:47.809+0000] {logging_mixin.py:149} INFO - [2023-06-17T05:54:47.809+0000] {dag.py:2726} INFO - Sync 1 DAGs
[2023-06-17T05:54:47.863+0000] {logging_mixin.py:149} INFO - [2023-06-17T05:54:47.863+0000] {dag.py:3490} INFO - Setting next_dagrun for example_short_circuit_operator to 2023-06-16T05:54:47.863091+00:00, run_after=2023-06-17T05:54:47.863091+00:00
[2023-06-17T05:54:47.955+0000] {processor.py:179} INFO - Processing /home/airflow/.local/lib/python3.7/site-packages/airflow/example_dags/example_short_circuit_operator.py took 0.388 seconds
[2023-06-17T05:55:18.632+0000] {processor.py:157} INFO - Started process (PID=559) to work on /home/airflow/.local/lib/python3.7/site-packages/airflow/example_dags/example_short_circuit_operator.py
[2023-06-17T05:55:18.692+0000] {processor.py:826} INFO - Processing file /home/airflow/.local/lib/python3.7/site-packages/airflow/example_dags/example_short_circuit_operator.py for tasks to queue
[2023-06-17T05:55:18.694+0000] {logging_mixin.py:149} INFO - [2023-06-17T05:55:18.693+0000] {dagbag.py:541} INFO - Filling up the DagBag from /home/airflow/.local/lib/python3.7/site-packages/airflow/example_dags/example_short_circuit_operator.py
[2023-06-17T05:55:18.719+0000] {processor.py:836} INFO - DAG(s) dict_keys(['example_short_circuit_operator']) retrieved from /home/airflow/.local/lib/python3.7/site-packages/airflow/example_dags/example_short_circuit_operator.py
[2023-06-17T05:55:18.760+0000] {logging_mixin.py:149} INFO - [2023-06-17T05:55:18.760+0000] {dag.py:2726} INFO - Sync 1 DAGs
[2023-06-17T05:55:18.802+0000] {logging_mixin.py:149} INFO - [2023-06-17T05:55:18.802+0000] {dag.py:3490} INFO - Setting next_dagrun for example_short_circuit_operator to 2023-06-16T05:55:18.801737+00:00, run_after=2023-06-17T05:55:18.801737+00:00
[2023-06-17T05:55:18.951+0000] {processor.py:179} INFO - Processing /home/airflow/.local/lib/python3.7/site-packages/airflow/example_dags/example_short_circuit_operator.py took 0.326 seconds
[2023-06-17T05:55:49.164+0000] {processor.py:157} INFO - Started process (PID=627) to work on /home/airflow/.local/lib/python3.7/site-packages/airflow/example_dags/example_short_circuit_operator.py
[2023-06-17T05:55:49.204+0000] {processor.py:826} INFO - Processing file /home/airflow/.local/lib/python3.7/site-packages/airflow/example_dags/example_short_circuit_operator.py for tasks to queue
[2023-06-17T05:55:49.205+0000] {logging_mixin.py:149} INFO - [2023-06-17T05:55:49.205+0000] {dagbag.py:541} INFO - Filling up the DagBag from /home/airflow/.local/lib/python3.7/site-packages/airflow/example_dags/example_short_circuit_operator.py
[2023-06-17T05:55:49.216+0000] {processor.py:836} INFO - DAG(s) dict_keys(['example_short_circuit_operator']) retrieved from /home/airflow/.local/lib/python3.7/site-packages/airflow/example_dags/example_short_circuit_operator.py
[2023-06-17T05:55:49.254+0000] {logging_mixin.py:149} INFO - [2023-06-17T05:55:49.253+0000] {dag.py:2726} INFO - Sync 1 DAGs
[2023-06-17T05:55:49.287+0000] {logging_mixin.py:149} INFO - [2023-06-17T05:55:49.287+0000] {dag.py:3490} INFO - Setting next_dagrun for example_short_circuit_operator to 2023-06-16T05:55:49.287091+00:00, run_after=2023-06-17T05:55:49.287091+00:00
[2023-06-17T05:55:49.361+0000] {processor.py:179} INFO - Processing /home/airflow/.local/lib/python3.7/site-packages/airflow/example_dags/example_short_circuit_operator.py took 0.204 seconds
