[2023-06-17T05:51:21.239+0000] {processor.py:157} INFO - Started process (PID=90) to work on /home/airflow/.local/lib/python3.7/site-packages/airflow/example_dags/example_local_kubernetes_executor.py
[2023-06-17T05:51:21.241+0000] {processor.py:826} INFO - Processing file /home/airflow/.local/lib/python3.7/site-packages/airflow/example_dags/example_local_kubernetes_executor.py for tasks to queue
[2023-06-17T05:51:21.243+0000] {logging_mixin.py:149} INFO - [2023-06-17T05:51:21.242+0000] {dagbag.py:541} INFO - Filling up the DagBag from /home/airflow/.local/lib/python3.7/site-packages/airflow/example_dags/example_local_kubernetes_executor.py
[2023-06-17T05:51:26.228+0000] {processor.py:836} INFO - DAG(s) dict_keys(['example_local_kubernetes_executor']) retrieved from /home/airflow/.local/lib/python3.7/site-packages/airflow/example_dags/example_local_kubernetes_executor.py
[2023-06-17T05:51:26.290+0000] {logging_mixin.py:149} INFO - [2023-06-17T05:51:26.290+0000] {dag.py:2726} INFO - Sync 1 DAGs
[2023-06-17T05:51:26.334+0000] {logging_mixin.py:149} INFO - [2023-06-17T05:51:26.334+0000] {dag.py:3490} INFO - Setting next_dagrun for example_local_kubernetes_executor to None, run_after=None
[2023-06-17T05:51:26.489+0000] {processor.py:179} INFO - Processing /home/airflow/.local/lib/python3.7/site-packages/airflow/example_dags/example_local_kubernetes_executor.py took 5.261 seconds
[2023-06-17T05:51:57.756+0000] {processor.py:157} INFO - Started process (PID=167) to work on /home/airflow/.local/lib/python3.7/site-packages/airflow/example_dags/example_local_kubernetes_executor.py
[2023-06-17T05:51:57.861+0000] {processor.py:826} INFO - Processing file /home/airflow/.local/lib/python3.7/site-packages/airflow/example_dags/example_local_kubernetes_executor.py for tasks to queue
[2023-06-17T05:51:57.862+0000] {logging_mixin.py:149} INFO - [2023-06-17T05:51:57.862+0000] {dagbag.py:541} INFO - Filling up the DagBag from /home/airflow/.local/lib/python3.7/site-packages/airflow/example_dags/example_local_kubernetes_executor.py
[2023-06-17T05:52:00.295+0000] {processor.py:836} INFO - DAG(s) dict_keys(['example_local_kubernetes_executor']) retrieved from /home/airflow/.local/lib/python3.7/site-packages/airflow/example_dags/example_local_kubernetes_executor.py
[2023-06-17T05:52:00.337+0000] {logging_mixin.py:149} INFO - [2023-06-17T05:52:00.336+0000] {dag.py:2726} INFO - Sync 1 DAGs
[2023-06-17T05:52:00.368+0000] {logging_mixin.py:149} INFO - [2023-06-17T05:52:00.368+0000] {dag.py:3490} INFO - Setting next_dagrun for example_local_kubernetes_executor to None, run_after=None
[2023-06-17T05:52:00.459+0000] {processor.py:179} INFO - Processing /home/airflow/.local/lib/python3.7/site-packages/airflow/example_dags/example_local_kubernetes_executor.py took 2.707 seconds
[2023-06-17T05:52:31.982+0000] {processor.py:157} INFO - Started process (PID=222) to work on /home/airflow/.local/lib/python3.7/site-packages/airflow/example_dags/example_local_kubernetes_executor.py
[2023-06-17T05:52:31.983+0000] {processor.py:826} INFO - Processing file /home/airflow/.local/lib/python3.7/site-packages/airflow/example_dags/example_local_kubernetes_executor.py for tasks to queue
[2023-06-17T05:52:31.984+0000] {logging_mixin.py:149} INFO - [2023-06-17T05:52:31.984+0000] {dagbag.py:541} INFO - Filling up the DagBag from /home/airflow/.local/lib/python3.7/site-packages/airflow/example_dags/example_local_kubernetes_executor.py
[2023-06-17T05:52:32.439+0000] {processor.py:836} INFO - DAG(s) dict_keys(['example_local_kubernetes_executor']) retrieved from /home/airflow/.local/lib/python3.7/site-packages/airflow/example_dags/example_local_kubernetes_executor.py
[2023-06-17T05:52:32.485+0000] {logging_mixin.py:149} INFO - [2023-06-17T05:52:32.484+0000] {dag.py:2726} INFO - Sync 1 DAGs
[2023-06-17T05:52:32.523+0000] {logging_mixin.py:149} INFO - [2023-06-17T05:52:32.523+0000] {dag.py:3490} INFO - Setting next_dagrun for example_local_kubernetes_executor to None, run_after=None
[2023-06-17T05:52:32.567+0000] {processor.py:179} INFO - Processing /home/airflow/.local/lib/python3.7/site-packages/airflow/example_dags/example_local_kubernetes_executor.py took 0.589 seconds
[2023-06-17T05:53:03.349+0000] {processor.py:157} INFO - Started process (PID=290) to work on /home/airflow/.local/lib/python3.7/site-packages/airflow/example_dags/example_local_kubernetes_executor.py
[2023-06-17T05:53:03.350+0000] {processor.py:826} INFO - Processing file /home/airflow/.local/lib/python3.7/site-packages/airflow/example_dags/example_local_kubernetes_executor.py for tasks to queue
[2023-06-17T05:53:03.351+0000] {logging_mixin.py:149} INFO - [2023-06-17T05:53:03.351+0000] {dagbag.py:541} INFO - Filling up the DagBag from /home/airflow/.local/lib/python3.7/site-packages/airflow/example_dags/example_local_kubernetes_executor.py
[2023-06-17T05:53:03.659+0000] {processor.py:836} INFO - DAG(s) dict_keys(['example_local_kubernetes_executor']) retrieved from /home/airflow/.local/lib/python3.7/site-packages/airflow/example_dags/example_local_kubernetes_executor.py
[2023-06-17T05:53:03.708+0000] {logging_mixin.py:149} INFO - [2023-06-17T05:53:03.708+0000] {dag.py:2726} INFO - Sync 1 DAGs
[2023-06-17T05:53:03.742+0000] {logging_mixin.py:149} INFO - [2023-06-17T05:53:03.742+0000] {dag.py:3490} INFO - Setting next_dagrun for example_local_kubernetes_executor to None, run_after=None
[2023-06-17T05:53:03.798+0000] {processor.py:179} INFO - Processing /home/airflow/.local/lib/python3.7/site-packages/airflow/example_dags/example_local_kubernetes_executor.py took 0.453 seconds
[2023-06-17T05:53:34.136+0000] {processor.py:157} INFO - Started process (PID=358) to work on /home/airflow/.local/lib/python3.7/site-packages/airflow/example_dags/example_local_kubernetes_executor.py
[2023-06-17T05:53:34.137+0000] {processor.py:826} INFO - Processing file /home/airflow/.local/lib/python3.7/site-packages/airflow/example_dags/example_local_kubernetes_executor.py for tasks to queue
[2023-06-17T05:53:34.138+0000] {logging_mixin.py:149} INFO - [2023-06-17T05:53:34.138+0000] {dagbag.py:541} INFO - Filling up the DagBag from /home/airflow/.local/lib/python3.7/site-packages/airflow/example_dags/example_local_kubernetes_executor.py
[2023-06-17T05:53:34.451+0000] {processor.py:836} INFO - DAG(s) dict_keys(['example_local_kubernetes_executor']) retrieved from /home/airflow/.local/lib/python3.7/site-packages/airflow/example_dags/example_local_kubernetes_executor.py
[2023-06-17T05:53:34.497+0000] {logging_mixin.py:149} INFO - [2023-06-17T05:53:34.497+0000] {dag.py:2726} INFO - Sync 1 DAGs
[2023-06-17T05:53:34.547+0000] {logging_mixin.py:149} INFO - [2023-06-17T05:53:34.547+0000] {dag.py:3490} INFO - Setting next_dagrun for example_local_kubernetes_executor to None, run_after=None
[2023-06-17T05:53:34.603+0000] {processor.py:179} INFO - Processing /home/airflow/.local/lib/python3.7/site-packages/airflow/example_dags/example_local_kubernetes_executor.py took 0.471 seconds
[2023-06-17T05:54:05.001+0000] {processor.py:157} INFO - Started process (PID=426) to work on /home/airflow/.local/lib/python3.7/site-packages/airflow/example_dags/example_local_kubernetes_executor.py
[2023-06-17T05:54:05.029+0000] {processor.py:826} INFO - Processing file /home/airflow/.local/lib/python3.7/site-packages/airflow/example_dags/example_local_kubernetes_executor.py for tasks to queue
[2023-06-17T05:54:05.032+0000] {logging_mixin.py:149} INFO - [2023-06-17T05:54:05.031+0000] {dagbag.py:541} INFO - Filling up the DagBag from /home/airflow/.local/lib/python3.7/site-packages/airflow/example_dags/example_local_kubernetes_executor.py
[2023-06-17T05:54:05.376+0000] {processor.py:836} INFO - DAG(s) dict_keys(['example_local_kubernetes_executor']) retrieved from /home/airflow/.local/lib/python3.7/site-packages/airflow/example_dags/example_local_kubernetes_executor.py
[2023-06-17T05:54:05.423+0000] {logging_mixin.py:149} INFO - [2023-06-17T05:54:05.423+0000] {dag.py:2726} INFO - Sync 1 DAGs
[2023-06-17T05:54:05.456+0000] {logging_mixin.py:149} INFO - [2023-06-17T05:54:05.456+0000] {dag.py:3490} INFO - Setting next_dagrun for example_local_kubernetes_executor to None, run_after=None
[2023-06-17T05:54:05.517+0000] {processor.py:179} INFO - Processing /home/airflow/.local/lib/python3.7/site-packages/airflow/example_dags/example_local_kubernetes_executor.py took 0.524 seconds
[2023-06-17T05:54:55.533+0000] {processor.py:157} INFO - Started process (PID=507) to work on /home/airflow/.local/lib/python3.7/site-packages/airflow/example_dags/example_local_kubernetes_executor.py
[2023-06-17T05:54:55.589+0000] {processor.py:826} INFO - Processing file /home/airflow/.local/lib/python3.7/site-packages/airflow/example_dags/example_local_kubernetes_executor.py for tasks to queue
[2023-06-17T05:54:55.593+0000] {logging_mixin.py:149} INFO - [2023-06-17T05:54:55.592+0000] {dagbag.py:541} INFO - Filling up the DagBag from /home/airflow/.local/lib/python3.7/site-packages/airflow/example_dags/example_local_kubernetes_executor.py
[2023-06-17T05:54:58.314+0000] {processor.py:836} INFO - DAG(s) dict_keys(['example_local_kubernetes_executor']) retrieved from /home/airflow/.local/lib/python3.7/site-packages/airflow/example_dags/example_local_kubernetes_executor.py
[2023-06-17T05:54:59.435+0000] {logging_mixin.py:149} INFO - [2023-06-17T05:54:59.435+0000] {dag.py:2726} INFO - Sync 1 DAGs
[2023-06-17T05:54:59.520+0000] {logging_mixin.py:149} INFO - [2023-06-17T05:54:59.520+0000] {dag.py:3490} INFO - Setting next_dagrun for example_local_kubernetes_executor to None, run_after=None
[2023-06-17T05:55:00.129+0000] {processor.py:179} INFO - Processing /home/airflow/.local/lib/python3.7/site-packages/airflow/example_dags/example_local_kubernetes_executor.py took 4.614 seconds
[2023-06-17T05:55:30.426+0000] {processor.py:157} INFO - Started process (PID=575) to work on /home/airflow/.local/lib/python3.7/site-packages/airflow/example_dags/example_local_kubernetes_executor.py
[2023-06-17T05:55:30.475+0000] {processor.py:826} INFO - Processing file /home/airflow/.local/lib/python3.7/site-packages/airflow/example_dags/example_local_kubernetes_executor.py for tasks to queue
[2023-06-17T05:55:30.476+0000] {logging_mixin.py:149} INFO - [2023-06-17T05:55:30.476+0000] {dagbag.py:541} INFO - Filling up the DagBag from /home/airflow/.local/lib/python3.7/site-packages/airflow/example_dags/example_local_kubernetes_executor.py
[2023-06-17T05:55:31.412+0000] {processor.py:836} INFO - DAG(s) dict_keys(['example_local_kubernetes_executor']) retrieved from /home/airflow/.local/lib/python3.7/site-packages/airflow/example_dags/example_local_kubernetes_executor.py
[2023-06-17T05:55:31.650+0000] {logging_mixin.py:149} INFO - [2023-06-17T05:55:31.649+0000] {dag.py:2726} INFO - Sync 1 DAGs
[2023-06-17T05:55:31.876+0000] {logging_mixin.py:149} INFO - [2023-06-17T05:55:31.875+0000] {dag.py:3490} INFO - Setting next_dagrun for example_local_kubernetes_executor to None, run_after=None
[2023-06-17T05:55:32.091+0000] {processor.py:179} INFO - Processing /home/airflow/.local/lib/python3.7/site-packages/airflow/example_dags/example_local_kubernetes_executor.py took 1.670 seconds
[2023-06-17T05:56:02.280+0000] {processor.py:157} INFO - Started process (PID=643) to work on /home/airflow/.local/lib/python3.7/site-packages/airflow/example_dags/example_local_kubernetes_executor.py
[2023-06-17T05:56:02.281+0000] {processor.py:826} INFO - Processing file /home/airflow/.local/lib/python3.7/site-packages/airflow/example_dags/example_local_kubernetes_executor.py for tasks to queue
[2023-06-17T05:56:02.283+0000] {logging_mixin.py:149} INFO - [2023-06-17T05:56:02.282+0000] {dagbag.py:541} INFO - Filling up the DagBag from /home/airflow/.local/lib/python3.7/site-packages/airflow/example_dags/example_local_kubernetes_executor.py
[2023-06-17T05:56:02.584+0000] {processor.py:836} INFO - DAG(s) dict_keys(['example_local_kubernetes_executor']) retrieved from /home/airflow/.local/lib/python3.7/site-packages/airflow/example_dags/example_local_kubernetes_executor.py
[2023-06-17T05:56:02.631+0000] {logging_mixin.py:149} INFO - [2023-06-17T05:56:02.631+0000] {dag.py:2726} INFO - Sync 1 DAGs
[2023-06-17T05:56:02.667+0000] {logging_mixin.py:149} INFO - [2023-06-17T05:56:02.667+0000] {dag.py:3490} INFO - Setting next_dagrun for example_local_kubernetes_executor to None, run_after=None
[2023-06-17T05:56:02.700+0000] {processor.py:179} INFO - Processing /home/airflow/.local/lib/python3.7/site-packages/airflow/example_dags/example_local_kubernetes_executor.py took 0.427 seconds
[2023-06-17T14:09:51.596+0000] {processor.py:157} INFO - Started process (PID=99) to work on /home/airflow/.local/lib/python3.7/site-packages/airflow/example_dags/example_local_kubernetes_executor.py
[2023-06-17T14:09:51.628+0000] {processor.py:826} INFO - Processing file /home/airflow/.local/lib/python3.7/site-packages/airflow/example_dags/example_local_kubernetes_executor.py for tasks to queue
[2023-06-17T14:09:51.629+0000] {logging_mixin.py:149} INFO - [2023-06-17T14:09:51.629+0000] {dagbag.py:541} INFO - Filling up the DagBag from /home/airflow/.local/lib/python3.7/site-packages/airflow/example_dags/example_local_kubernetes_executor.py
[2023-06-17T14:09:54.149+0000] {processor.py:836} INFO - DAG(s) dict_keys(['example_local_kubernetes_executor']) retrieved from /home/airflow/.local/lib/python3.7/site-packages/airflow/example_dags/example_local_kubernetes_executor.py
[2023-06-17T14:09:54.194+0000] {logging_mixin.py:149} INFO - [2023-06-17T14:09:54.193+0000] {dag.py:2726} INFO - Sync 1 DAGs
[2023-06-17T14:09:54.225+0000] {logging_mixin.py:149} INFO - [2023-06-17T14:09:54.225+0000] {dag.py:3490} INFO - Setting next_dagrun for example_local_kubernetes_executor to None, run_after=None
[2023-06-17T14:09:54.415+0000] {processor.py:179} INFO - Processing /home/airflow/.local/lib/python3.7/site-packages/airflow/example_dags/example_local_kubernetes_executor.py took 2.823 seconds
[2023-06-17T14:16:11.822+0000] {processor.py:157} INFO - Started process (PID=99) to work on /home/airflow/.local/lib/python3.7/site-packages/airflow/example_dags/example_local_kubernetes_executor.py
[2023-06-17T14:16:11.877+0000] {processor.py:826} INFO - Processing file /home/airflow/.local/lib/python3.7/site-packages/airflow/example_dags/example_local_kubernetes_executor.py for tasks to queue
[2023-06-17T14:16:11.879+0000] {logging_mixin.py:149} INFO - [2023-06-17T14:16:11.879+0000] {dagbag.py:541} INFO - Filling up the DagBag from /home/airflow/.local/lib/python3.7/site-packages/airflow/example_dags/example_local_kubernetes_executor.py
[2023-06-17T14:16:22.635+0000] {processor.py:836} INFO - DAG(s) dict_keys(['example_local_kubernetes_executor']) retrieved from /home/airflow/.local/lib/python3.7/site-packages/airflow/example_dags/example_local_kubernetes_executor.py
[2023-06-17T14:16:22.678+0000] {logging_mixin.py:149} INFO - [2023-06-17T14:16:22.678+0000] {dag.py:2726} INFO - Sync 1 DAGs
[2023-06-17T14:16:22.709+0000] {logging_mixin.py:149} INFO - [2023-06-17T14:16:22.709+0000] {dag.py:3490} INFO - Setting next_dagrun for example_local_kubernetes_executor to None, run_after=None
[2023-06-17T14:16:22.814+0000] {processor.py:179} INFO - Processing /home/airflow/.local/lib/python3.7/site-packages/airflow/example_dags/example_local_kubernetes_executor.py took 10.997 seconds
[2023-06-17T14:16:53.670+0000] {processor.py:157} INFO - Started process (PID=180) to work on /home/airflow/.local/lib/python3.7/site-packages/airflow/example_dags/example_local_kubernetes_executor.py
[2023-06-17T14:16:53.672+0000] {processor.py:826} INFO - Processing file /home/airflow/.local/lib/python3.7/site-packages/airflow/example_dags/example_local_kubernetes_executor.py for tasks to queue
[2023-06-17T14:16:53.672+0000] {logging_mixin.py:149} INFO - [2023-06-17T14:16:53.672+0000] {dagbag.py:541} INFO - Filling up the DagBag from /home/airflow/.local/lib/python3.7/site-packages/airflow/example_dags/example_local_kubernetes_executor.py
[2023-06-17T14:16:54.353+0000] {processor.py:836} INFO - DAG(s) dict_keys(['example_local_kubernetes_executor']) retrieved from /home/airflow/.local/lib/python3.7/site-packages/airflow/example_dags/example_local_kubernetes_executor.py
[2023-06-17T14:16:54.392+0000] {logging_mixin.py:149} INFO - [2023-06-17T14:16:54.392+0000] {dag.py:2726} INFO - Sync 1 DAGs
[2023-06-17T14:16:54.423+0000] {logging_mixin.py:149} INFO - [2023-06-17T14:16:54.422+0000] {dag.py:3490} INFO - Setting next_dagrun for example_local_kubernetes_executor to None, run_after=None
[2023-06-17T14:16:54.450+0000] {processor.py:179} INFO - Processing /home/airflow/.local/lib/python3.7/site-packages/airflow/example_dags/example_local_kubernetes_executor.py took 0.784 seconds
