[2023-06-17T05:51:18.171+0000] {processor.py:157} INFO - Started process (PID=75) to work on /home/airflow/.local/lib/python3.7/site-packages/airflow/example_dags/example_dag_decorator.py
[2023-06-17T05:51:18.172+0000] {processor.py:826} INFO - Processing file /home/airflow/.local/lib/python3.7/site-packages/airflow/example_dags/example_dag_decorator.py for tasks to queue
[2023-06-17T05:51:18.173+0000] {logging_mixin.py:149} INFO - [2023-06-17T05:51:18.173+0000] {dagbag.py:541} INFO - Filling up the DagBag from /home/airflow/.local/lib/python3.7/site-packages/airflow/example_dags/example_dag_decorator.py
[2023-06-17T05:51:18.182+0000] {logging_mixin.py:149} INFO - [2023-06-17T05:51:18.182+0000] {taskmixin.py:211} WARNING - Dependency <Task(_PythonDecoratedOperator): prepare_email>, send_email already registered for DAG: example_dag_decorator
[2023-06-17T05:51:18.182+0000] {logging_mixin.py:149} INFO - [2023-06-17T05:51:18.182+0000] {taskmixin.py:211} WARNING - Dependency <Task(EmailOperator): send_email>, prepare_email already registered for DAG: example_dag_decorator
[2023-06-17T05:51:18.194+0000] {processor.py:836} INFO - DAG(s) dict_keys(['example_dag_decorator']) retrieved from /home/airflow/.local/lib/python3.7/site-packages/airflow/example_dags/example_dag_decorator.py
[2023-06-17T05:51:18.296+0000] {logging_mixin.py:149} INFO - [2023-06-17T05:51:18.295+0000] {dag.py:2726} INFO - Sync 1 DAGs
[2023-06-17T05:51:18.331+0000] {logging_mixin.py:149} INFO - [2023-06-17T05:51:18.331+0000] {dag.py:3490} INFO - Setting next_dagrun for example_dag_decorator to None, run_after=None
[2023-06-17T05:51:18.433+0000] {processor.py:179} INFO - Processing /home/airflow/.local/lib/python3.7/site-packages/airflow/example_dags/example_dag_decorator.py took 0.268 seconds
[2023-06-17T05:51:48.577+0000] {processor.py:157} INFO - Started process (PID=135) to work on /home/airflow/.local/lib/python3.7/site-packages/airflow/example_dags/example_dag_decorator.py
[2023-06-17T05:51:48.580+0000] {processor.py:826} INFO - Processing file /home/airflow/.local/lib/python3.7/site-packages/airflow/example_dags/example_dag_decorator.py for tasks to queue
[2023-06-17T05:51:48.581+0000] {logging_mixin.py:149} INFO - [2023-06-17T05:51:48.581+0000] {dagbag.py:541} INFO - Filling up the DagBag from /home/airflow/.local/lib/python3.7/site-packages/airflow/example_dags/example_dag_decorator.py
[2023-06-17T05:51:48.591+0000] {logging_mixin.py:149} INFO - [2023-06-17T05:51:48.591+0000] {taskmixin.py:211} WARNING - Dependency <Task(_PythonDecoratedOperator): prepare_email>, send_email already registered for DAG: example_dag_decorator
[2023-06-17T05:51:48.592+0000] {logging_mixin.py:149} INFO - [2023-06-17T05:51:48.592+0000] {taskmixin.py:211} WARNING - Dependency <Task(EmailOperator): send_email>, prepare_email already registered for DAG: example_dag_decorator
[2023-06-17T05:51:48.606+0000] {processor.py:836} INFO - DAG(s) dict_keys(['example_dag_decorator']) retrieved from /home/airflow/.local/lib/python3.7/site-packages/airflow/example_dags/example_dag_decorator.py
[2023-06-17T05:51:49.295+0000] {logging_mixin.py:149} INFO - [2023-06-17T05:51:49.295+0000] {dag.py:2726} INFO - Sync 1 DAGs
[2023-06-17T05:51:49.633+0000] {logging_mixin.py:149} INFO - [2023-06-17T05:51:49.633+0000] {dag.py:3490} INFO - Setting next_dagrun for example_dag_decorator to None, run_after=None
[2023-06-17T05:51:49.865+0000] {processor.py:179} INFO - Processing /home/airflow/.local/lib/python3.7/site-packages/airflow/example_dags/example_dag_decorator.py took 1.293 seconds
[2023-06-17T05:52:19.999+0000] {processor.py:157} INFO - Started process (PID=199) to work on /home/airflow/.local/lib/python3.7/site-packages/airflow/example_dags/example_dag_decorator.py
[2023-06-17T05:52:20.000+0000] {processor.py:826} INFO - Processing file /home/airflow/.local/lib/python3.7/site-packages/airflow/example_dags/example_dag_decorator.py for tasks to queue
[2023-06-17T05:52:20.002+0000] {logging_mixin.py:149} INFO - [2023-06-17T05:52:20.001+0000] {dagbag.py:541} INFO - Filling up the DagBag from /home/airflow/.local/lib/python3.7/site-packages/airflow/example_dags/example_dag_decorator.py
[2023-06-17T05:52:20.010+0000] {logging_mixin.py:149} INFO - [2023-06-17T05:52:20.010+0000] {taskmixin.py:211} WARNING - Dependency <Task(_PythonDecoratedOperator): prepare_email>, send_email already registered for DAG: example_dag_decorator
[2023-06-17T05:52:20.010+0000] {logging_mixin.py:149} INFO - [2023-06-17T05:52:20.010+0000] {taskmixin.py:211} WARNING - Dependency <Task(EmailOperator): send_email>, prepare_email already registered for DAG: example_dag_decorator
[2023-06-17T05:52:20.021+0000] {processor.py:836} INFO - DAG(s) dict_keys(['example_dag_decorator']) retrieved from /home/airflow/.local/lib/python3.7/site-packages/airflow/example_dags/example_dag_decorator.py
[2023-06-17T05:52:20.247+0000] {logging_mixin.py:149} INFO - [2023-06-17T05:52:20.247+0000] {dag.py:2726} INFO - Sync 1 DAGs
[2023-06-17T05:52:20.279+0000] {logging_mixin.py:149} INFO - [2023-06-17T05:52:20.278+0000] {dag.py:3490} INFO - Setting next_dagrun for example_dag_decorator to None, run_after=None
[2023-06-17T05:52:20.348+0000] {processor.py:179} INFO - Processing /home/airflow/.local/lib/python3.7/site-packages/airflow/example_dags/example_dag_decorator.py took 0.354 seconds
[2023-06-17T05:52:51.373+0000] {processor.py:157} INFO - Started process (PID=267) to work on /home/airflow/.local/lib/python3.7/site-packages/airflow/example_dags/example_dag_decorator.py
[2023-06-17T05:52:51.374+0000] {processor.py:826} INFO - Processing file /home/airflow/.local/lib/python3.7/site-packages/airflow/example_dags/example_dag_decorator.py for tasks to queue
[2023-06-17T05:52:51.375+0000] {logging_mixin.py:149} INFO - [2023-06-17T05:52:51.375+0000] {dagbag.py:541} INFO - Filling up the DagBag from /home/airflow/.local/lib/python3.7/site-packages/airflow/example_dags/example_dag_decorator.py
[2023-06-17T05:52:51.382+0000] {logging_mixin.py:149} INFO - [2023-06-17T05:52:51.382+0000] {taskmixin.py:211} WARNING - Dependency <Task(_PythonDecoratedOperator): prepare_email>, send_email already registered for DAG: example_dag_decorator
[2023-06-17T05:52:51.383+0000] {logging_mixin.py:149} INFO - [2023-06-17T05:52:51.383+0000] {taskmixin.py:211} WARNING - Dependency <Task(EmailOperator): send_email>, prepare_email already registered for DAG: example_dag_decorator
[2023-06-17T05:52:51.393+0000] {processor.py:836} INFO - DAG(s) dict_keys(['example_dag_decorator']) retrieved from /home/airflow/.local/lib/python3.7/site-packages/airflow/example_dags/example_dag_decorator.py
[2023-06-17T05:52:51.478+0000] {logging_mixin.py:149} INFO - [2023-06-17T05:52:51.478+0000] {dag.py:2726} INFO - Sync 1 DAGs
[2023-06-17T05:52:51.508+0000] {logging_mixin.py:149} INFO - [2023-06-17T05:52:51.507+0000] {dag.py:3490} INFO - Setting next_dagrun for example_dag_decorator to None, run_after=None
[2023-06-17T05:52:51.546+0000] {processor.py:179} INFO - Processing /home/airflow/.local/lib/python3.7/site-packages/airflow/example_dags/example_dag_decorator.py took 0.177 seconds
[2023-06-17T05:53:21.931+0000] {processor.py:157} INFO - Started process (PID=335) to work on /home/airflow/.local/lib/python3.7/site-packages/airflow/example_dags/example_dag_decorator.py
[2023-06-17T05:53:21.932+0000] {processor.py:826} INFO - Processing file /home/airflow/.local/lib/python3.7/site-packages/airflow/example_dags/example_dag_decorator.py for tasks to queue
[2023-06-17T05:53:21.933+0000] {logging_mixin.py:149} INFO - [2023-06-17T05:53:21.933+0000] {dagbag.py:541} INFO - Filling up the DagBag from /home/airflow/.local/lib/python3.7/site-packages/airflow/example_dags/example_dag_decorator.py
[2023-06-17T05:53:21.941+0000] {logging_mixin.py:149} INFO - [2023-06-17T05:53:21.940+0000] {taskmixin.py:211} WARNING - Dependency <Task(_PythonDecoratedOperator): prepare_email>, send_email already registered for DAG: example_dag_decorator
[2023-06-17T05:53:21.941+0000] {logging_mixin.py:149} INFO - [2023-06-17T05:53:21.941+0000] {taskmixin.py:211} WARNING - Dependency <Task(EmailOperator): send_email>, prepare_email already registered for DAG: example_dag_decorator
[2023-06-17T05:53:21.950+0000] {processor.py:836} INFO - DAG(s) dict_keys(['example_dag_decorator']) retrieved from /home/airflow/.local/lib/python3.7/site-packages/airflow/example_dags/example_dag_decorator.py
[2023-06-17T05:53:22.037+0000] {logging_mixin.py:149} INFO - [2023-06-17T05:53:22.037+0000] {dag.py:2726} INFO - Sync 1 DAGs
[2023-06-17T05:53:22.067+0000] {logging_mixin.py:149} INFO - [2023-06-17T05:53:22.067+0000] {dag.py:3490} INFO - Setting next_dagrun for example_dag_decorator to None, run_after=None
[2023-06-17T05:53:22.145+0000] {processor.py:179} INFO - Processing /home/airflow/.local/lib/python3.7/site-packages/airflow/example_dags/example_dag_decorator.py took 0.217 seconds
[2023-06-17T05:53:52.678+0000] {processor.py:157} INFO - Started process (PID=403) to work on /home/airflow/.local/lib/python3.7/site-packages/airflow/example_dags/example_dag_decorator.py
[2023-06-17T05:53:52.694+0000] {processor.py:826} INFO - Processing file /home/airflow/.local/lib/python3.7/site-packages/airflow/example_dags/example_dag_decorator.py for tasks to queue
[2023-06-17T05:53:52.696+0000] {logging_mixin.py:149} INFO - [2023-06-17T05:53:52.695+0000] {dagbag.py:541} INFO - Filling up the DagBag from /home/airflow/.local/lib/python3.7/site-packages/airflow/example_dags/example_dag_decorator.py
[2023-06-17T05:53:52.708+0000] {logging_mixin.py:149} INFO - [2023-06-17T05:53:52.707+0000] {taskmixin.py:211} WARNING - Dependency <Task(_PythonDecoratedOperator): prepare_email>, send_email already registered for DAG: example_dag_decorator
[2023-06-17T05:53:52.708+0000] {logging_mixin.py:149} INFO - [2023-06-17T05:53:52.708+0000] {taskmixin.py:211} WARNING - Dependency <Task(EmailOperator): send_email>, prepare_email already registered for DAG: example_dag_decorator
[2023-06-17T05:53:52.725+0000] {processor.py:836} INFO - DAG(s) dict_keys(['example_dag_decorator']) retrieved from /home/airflow/.local/lib/python3.7/site-packages/airflow/example_dags/example_dag_decorator.py
[2023-06-17T05:53:52.858+0000] {logging_mixin.py:149} INFO - [2023-06-17T05:53:52.858+0000] {dag.py:2726} INFO - Sync 1 DAGs
[2023-06-17T05:53:52.894+0000] {logging_mixin.py:149} INFO - [2023-06-17T05:53:52.894+0000] {dag.py:3490} INFO - Setting next_dagrun for example_dag_decorator to None, run_after=None
[2023-06-17T05:53:52.993+0000] {processor.py:179} INFO - Processing /home/airflow/.local/lib/python3.7/site-packages/airflow/example_dags/example_dag_decorator.py took 0.320 seconds
[2023-06-17T05:54:32.584+0000] {processor.py:157} INFO - Started process (PID=472) to work on /home/airflow/.local/lib/python3.7/site-packages/airflow/example_dags/example_dag_decorator.py
[2023-06-17T05:54:32.709+0000] {processor.py:826} INFO - Processing file /home/airflow/.local/lib/python3.7/site-packages/airflow/example_dags/example_dag_decorator.py for tasks to queue
[2023-06-17T05:54:32.710+0000] {logging_mixin.py:149} INFO - [2023-06-17T05:54:32.710+0000] {dagbag.py:541} INFO - Filling up the DagBag from /home/airflow/.local/lib/python3.7/site-packages/airflow/example_dags/example_dag_decorator.py
[2023-06-17T05:54:32.721+0000] {logging_mixin.py:149} INFO - [2023-06-17T05:54:32.720+0000] {taskmixin.py:211} WARNING - Dependency <Task(_PythonDecoratedOperator): prepare_email>, send_email already registered for DAG: example_dag_decorator
[2023-06-17T05:54:32.721+0000] {logging_mixin.py:149} INFO - [2023-06-17T05:54:32.721+0000] {taskmixin.py:211} WARNING - Dependency <Task(EmailOperator): send_email>, prepare_email already registered for DAG: example_dag_decorator
[2023-06-17T05:54:33.390+0000] {processor.py:836} INFO - DAG(s) dict_keys(['example_dag_decorator']) retrieved from /home/airflow/.local/lib/python3.7/site-packages/airflow/example_dags/example_dag_decorator.py
[2023-06-17T05:54:33.568+0000] {logging_mixin.py:149} INFO - [2023-06-17T05:54:33.567+0000] {dag.py:2726} INFO - Sync 1 DAGs
[2023-06-17T05:54:33.605+0000] {logging_mixin.py:149} INFO - [2023-06-17T05:54:33.605+0000] {dag.py:3490} INFO - Setting next_dagrun for example_dag_decorator to None, run_after=None
[2023-06-17T05:54:33.811+0000] {processor.py:179} INFO - Processing /home/airflow/.local/lib/python3.7/site-packages/airflow/example_dags/example_dag_decorator.py took 1.233 seconds
[2023-06-17T05:55:06.243+0000] {processor.py:157} INFO - Started process (PID=539) to work on /home/airflow/.local/lib/python3.7/site-packages/airflow/example_dags/example_dag_decorator.py
[2023-06-17T05:55:06.244+0000] {processor.py:826} INFO - Processing file /home/airflow/.local/lib/python3.7/site-packages/airflow/example_dags/example_dag_decorator.py for tasks to queue
[2023-06-17T05:55:06.245+0000] {logging_mixin.py:149} INFO - [2023-06-17T05:55:06.245+0000] {dagbag.py:541} INFO - Filling up the DagBag from /home/airflow/.local/lib/python3.7/site-packages/airflow/example_dags/example_dag_decorator.py
[2023-06-17T05:55:06.256+0000] {logging_mixin.py:149} INFO - [2023-06-17T05:55:06.256+0000] {taskmixin.py:211} WARNING - Dependency <Task(_PythonDecoratedOperator): prepare_email>, send_email already registered for DAG: example_dag_decorator
[2023-06-17T05:55:06.257+0000] {logging_mixin.py:149} INFO - [2023-06-17T05:55:06.257+0000] {taskmixin.py:211} WARNING - Dependency <Task(EmailOperator): send_email>, prepare_email already registered for DAG: example_dag_decorator
[2023-06-17T05:55:06.271+0000] {processor.py:836} INFO - DAG(s) dict_keys(['example_dag_decorator']) retrieved from /home/airflow/.local/lib/python3.7/site-packages/airflow/example_dags/example_dag_decorator.py
[2023-06-17T05:55:06.381+0000] {logging_mixin.py:149} INFO - [2023-06-17T05:55:06.381+0000] {dag.py:2726} INFO - Sync 1 DAGs
[2023-06-17T05:55:06.429+0000] {logging_mixin.py:149} INFO - [2023-06-17T05:55:06.429+0000] {dag.py:3490} INFO - Setting next_dagrun for example_dag_decorator to None, run_after=None
[2023-06-17T05:55:06.527+0000] {processor.py:179} INFO - Processing /home/airflow/.local/lib/python3.7/site-packages/airflow/example_dags/example_dag_decorator.py took 0.289 seconds
[2023-06-17T05:55:37.384+0000] {processor.py:157} INFO - Started process (PID=607) to work on /home/airflow/.local/lib/python3.7/site-packages/airflow/example_dags/example_dag_decorator.py
[2023-06-17T05:55:37.385+0000] {processor.py:826} INFO - Processing file /home/airflow/.local/lib/python3.7/site-packages/airflow/example_dags/example_dag_decorator.py for tasks to queue
[2023-06-17T05:55:37.386+0000] {logging_mixin.py:149} INFO - [2023-06-17T05:55:37.386+0000] {dagbag.py:541} INFO - Filling up the DagBag from /home/airflow/.local/lib/python3.7/site-packages/airflow/example_dags/example_dag_decorator.py
[2023-06-17T05:55:37.394+0000] {logging_mixin.py:149} INFO - [2023-06-17T05:55:37.393+0000] {taskmixin.py:211} WARNING - Dependency <Task(_PythonDecoratedOperator): prepare_email>, send_email already registered for DAG: example_dag_decorator
[2023-06-17T05:55:37.394+0000] {logging_mixin.py:149} INFO - [2023-06-17T05:55:37.394+0000] {taskmixin.py:211} WARNING - Dependency <Task(EmailOperator): send_email>, prepare_email already registered for DAG: example_dag_decorator
[2023-06-17T05:55:37.405+0000] {processor.py:836} INFO - DAG(s) dict_keys(['example_dag_decorator']) retrieved from /home/airflow/.local/lib/python3.7/site-packages/airflow/example_dags/example_dag_decorator.py
[2023-06-17T05:55:37.501+0000] {logging_mixin.py:149} INFO - [2023-06-17T05:55:37.501+0000] {dag.py:2726} INFO - Sync 1 DAGs
[2023-06-17T05:55:37.545+0000] {logging_mixin.py:149} INFO - [2023-06-17T05:55:37.545+0000] {dag.py:3490} INFO - Setting next_dagrun for example_dag_decorator to None, run_after=None
[2023-06-17T05:55:37.633+0000] {processor.py:179} INFO - Processing /home/airflow/.local/lib/python3.7/site-packages/airflow/example_dags/example_dag_decorator.py took 0.253 seconds
[2023-06-17T05:56:08.069+0000] {processor.py:157} INFO - Started process (PID=675) to work on /home/airflow/.local/lib/python3.7/site-packages/airflow/example_dags/example_dag_decorator.py
[2023-06-17T05:56:08.070+0000] {processor.py:826} INFO - Processing file /home/airflow/.local/lib/python3.7/site-packages/airflow/example_dags/example_dag_decorator.py for tasks to queue
[2023-06-17T05:56:08.071+0000] {logging_mixin.py:149} INFO - [2023-06-17T05:56:08.071+0000] {dagbag.py:541} INFO - Filling up the DagBag from /home/airflow/.local/lib/python3.7/site-packages/airflow/example_dags/example_dag_decorator.py
[2023-06-17T05:56:08.079+0000] {logging_mixin.py:149} INFO - [2023-06-17T05:56:08.079+0000] {taskmixin.py:211} WARNING - Dependency <Task(_PythonDecoratedOperator): prepare_email>, send_email already registered for DAG: example_dag_decorator
[2023-06-17T05:56:08.079+0000] {logging_mixin.py:149} INFO - [2023-06-17T05:56:08.079+0000] {taskmixin.py:211} WARNING - Dependency <Task(EmailOperator): send_email>, prepare_email already registered for DAG: example_dag_decorator
[2023-06-17T05:56:08.089+0000] {processor.py:836} INFO - DAG(s) dict_keys(['example_dag_decorator']) retrieved from /home/airflow/.local/lib/python3.7/site-packages/airflow/example_dags/example_dag_decorator.py
[2023-06-17T05:56:08.180+0000] {logging_mixin.py:149} INFO - [2023-06-17T05:56:08.179+0000] {dag.py:2726} INFO - Sync 1 DAGs
[2023-06-17T05:56:08.210+0000] {logging_mixin.py:149} INFO - [2023-06-17T05:56:08.210+0000] {dag.py:3490} INFO - Setting next_dagrun for example_dag_decorator to None, run_after=None
[2023-06-17T05:56:08.384+0000] {processor.py:179} INFO - Processing /home/airflow/.local/lib/python3.7/site-packages/airflow/example_dags/example_dag_decorator.py took 0.320 seconds
