[2023-06-17T05:51:24.365+0000] {processor.py:157} INFO - Started process (PID=97) to work on /home/airflow/.local/lib/python3.7/site-packages/airflow/example_dags/example_nested_branch_dag.py
[2023-06-17T05:51:24.366+0000] {processor.py:826} INFO - Processing file /home/airflow/.local/lib/python3.7/site-packages/airflow/example_dags/example_nested_branch_dag.py for tasks to queue
[2023-06-17T05:51:24.367+0000] {logging_mixin.py:149} INFO - [2023-06-17T05:51:24.367+0000] {dagbag.py:541} INFO - Filling up the DagBag from /home/airflow/.local/lib/python3.7/site-packages/airflow/example_dags/example_nested_branch_dag.py
[2023-06-17T05:51:24.487+0000] {processor.py:836} INFO - DAG(s) dict_keys(['example_nested_branch_dag']) retrieved from /home/airflow/.local/lib/python3.7/site-packages/airflow/example_dags/example_nested_branch_dag.py
[2023-06-17T05:51:24.528+0000] {logging_mixin.py:149} INFO - [2023-06-17T05:51:24.527+0000] {dag.py:2726} INFO - Sync 1 DAGs
[2023-06-17T05:51:24.563+0000] {logging_mixin.py:149} INFO - [2023-06-17T05:51:24.562+0000] {dag.py:3490} INFO - Setting next_dagrun for example_nested_branch_dag to 2023-06-16T00:00:00+00:00, run_after=2023-06-17T00:00:00+00:00
[2023-06-17T05:51:24.723+0000] {processor.py:179} INFO - Processing /home/airflow/.local/lib/python3.7/site-packages/airflow/example_dags/example_nested_branch_dag.py took 0.361 seconds
[2023-06-17T05:51:56.889+0000] {processor.py:157} INFO - Started process (PID=164) to work on /home/airflow/.local/lib/python3.7/site-packages/airflow/example_dags/example_nested_branch_dag.py
[2023-06-17T05:51:56.891+0000] {processor.py:826} INFO - Processing file /home/airflow/.local/lib/python3.7/site-packages/airflow/example_dags/example_nested_branch_dag.py for tasks to queue
[2023-06-17T05:51:56.892+0000] {logging_mixin.py:149} INFO - [2023-06-17T05:51:56.892+0000] {dagbag.py:541} INFO - Filling up the DagBag from /home/airflow/.local/lib/python3.7/site-packages/airflow/example_dags/example_nested_branch_dag.py
[2023-06-17T05:51:56.916+0000] {processor.py:836} INFO - DAG(s) dict_keys(['example_nested_branch_dag']) retrieved from /home/airflow/.local/lib/python3.7/site-packages/airflow/example_dags/example_nested_branch_dag.py
[2023-06-17T05:51:56.972+0000] {logging_mixin.py:149} INFO - [2023-06-17T05:51:56.972+0000] {dag.py:2726} INFO - Sync 1 DAGs
[2023-06-17T05:51:57.036+0000] {logging_mixin.py:149} INFO - [2023-06-17T05:51:57.036+0000] {dag.py:3490} INFO - Setting next_dagrun for example_nested_branch_dag to 2023-06-16T00:00:00+00:00, run_after=2023-06-17T00:00:00+00:00
[2023-06-17T05:51:57.442+0000] {processor.py:179} INFO - Processing /home/airflow/.local/lib/python3.7/site-packages/airflow/example_dags/example_nested_branch_dag.py took 0.559 seconds
[2023-06-17T05:52:33.313+0000] {processor.py:157} INFO - Started process (PID=229) to work on /home/airflow/.local/lib/python3.7/site-packages/airflow/example_dags/example_nested_branch_dag.py
[2023-06-17T05:52:33.314+0000] {processor.py:826} INFO - Processing file /home/airflow/.local/lib/python3.7/site-packages/airflow/example_dags/example_nested_branch_dag.py for tasks to queue
[2023-06-17T05:52:33.315+0000] {logging_mixin.py:149} INFO - [2023-06-17T05:52:33.315+0000] {dagbag.py:541} INFO - Filling up the DagBag from /home/airflow/.local/lib/python3.7/site-packages/airflow/example_dags/example_nested_branch_dag.py
[2023-06-17T05:52:33.475+0000] {processor.py:836} INFO - DAG(s) dict_keys(['example_nested_branch_dag']) retrieved from /home/airflow/.local/lib/python3.7/site-packages/airflow/example_dags/example_nested_branch_dag.py
[2023-06-17T05:52:33.516+0000] {logging_mixin.py:149} INFO - [2023-06-17T05:52:33.516+0000] {dag.py:2726} INFO - Sync 1 DAGs
[2023-06-17T05:52:33.555+0000] {logging_mixin.py:149} INFO - [2023-06-17T05:52:33.555+0000] {dag.py:3490} INFO - Setting next_dagrun for example_nested_branch_dag to 2023-06-16T00:00:00+00:00, run_after=2023-06-17T00:00:00+00:00
[2023-06-17T05:52:33.592+0000] {processor.py:179} INFO - Processing /home/airflow/.local/lib/python3.7/site-packages/airflow/example_dags/example_nested_branch_dag.py took 0.285 seconds
[2023-06-17T05:53:04.069+0000] {processor.py:157} INFO - Started process (PID=297) to work on /home/airflow/.local/lib/python3.7/site-packages/airflow/example_dags/example_nested_branch_dag.py
[2023-06-17T05:53:04.070+0000] {processor.py:826} INFO - Processing file /home/airflow/.local/lib/python3.7/site-packages/airflow/example_dags/example_nested_branch_dag.py for tasks to queue
[2023-06-17T05:53:04.070+0000] {logging_mixin.py:149} INFO - [2023-06-17T05:53:04.070+0000] {dagbag.py:541} INFO - Filling up the DagBag from /home/airflow/.local/lib/python3.7/site-packages/airflow/example_dags/example_nested_branch_dag.py
[2023-06-17T05:53:04.084+0000] {processor.py:836} INFO - DAG(s) dict_keys(['example_nested_branch_dag']) retrieved from /home/airflow/.local/lib/python3.7/site-packages/airflow/example_dags/example_nested_branch_dag.py
[2023-06-17T05:53:04.124+0000] {logging_mixin.py:149} INFO - [2023-06-17T05:53:04.124+0000] {dag.py:2726} INFO - Sync 1 DAGs
[2023-06-17T05:53:04.164+0000] {logging_mixin.py:149} INFO - [2023-06-17T05:53:04.164+0000] {dag.py:3490} INFO - Setting next_dagrun for example_nested_branch_dag to 2023-06-16T00:00:00+00:00, run_after=2023-06-17T00:00:00+00:00
[2023-06-17T05:53:04.226+0000] {processor.py:179} INFO - Processing /home/airflow/.local/lib/python3.7/site-packages/airflow/example_dags/example_nested_branch_dag.py took 0.162 seconds
[2023-06-17T05:53:34.900+0000] {processor.py:157} INFO - Started process (PID=365) to work on /home/airflow/.local/lib/python3.7/site-packages/airflow/example_dags/example_nested_branch_dag.py
[2023-06-17T05:53:34.922+0000] {processor.py:826} INFO - Processing file /home/airflow/.local/lib/python3.7/site-packages/airflow/example_dags/example_nested_branch_dag.py for tasks to queue
[2023-06-17T05:53:34.923+0000] {logging_mixin.py:149} INFO - [2023-06-17T05:53:34.923+0000] {dagbag.py:541} INFO - Filling up the DagBag from /home/airflow/.local/lib/python3.7/site-packages/airflow/example_dags/example_nested_branch_dag.py
[2023-06-17T05:53:34.935+0000] {processor.py:836} INFO - DAG(s) dict_keys(['example_nested_branch_dag']) retrieved from /home/airflow/.local/lib/python3.7/site-packages/airflow/example_dags/example_nested_branch_dag.py
[2023-06-17T05:53:34.969+0000] {logging_mixin.py:149} INFO - [2023-06-17T05:53:34.969+0000] {dag.py:2726} INFO - Sync 1 DAGs
[2023-06-17T05:53:35.011+0000] {logging_mixin.py:149} INFO - [2023-06-17T05:53:35.011+0000] {dag.py:3490} INFO - Setting next_dagrun for example_nested_branch_dag to 2023-06-16T00:00:00+00:00, run_after=2023-06-17T00:00:00+00:00
[2023-06-17T05:53:35.055+0000] {processor.py:179} INFO - Processing /home/airflow/.local/lib/python3.7/site-packages/airflow/example_dags/example_nested_branch_dag.py took 0.160 seconds
[2023-06-17T05:54:05.997+0000] {processor.py:157} INFO - Started process (PID=433) to work on /home/airflow/.local/lib/python3.7/site-packages/airflow/example_dags/example_nested_branch_dag.py
[2023-06-17T05:54:06.014+0000] {processor.py:826} INFO - Processing file /home/airflow/.local/lib/python3.7/site-packages/airflow/example_dags/example_nested_branch_dag.py for tasks to queue
[2023-06-17T05:54:06.015+0000] {logging_mixin.py:149} INFO - [2023-06-17T05:54:06.014+0000] {dagbag.py:541} INFO - Filling up the DagBag from /home/airflow/.local/lib/python3.7/site-packages/airflow/example_dags/example_nested_branch_dag.py
[2023-06-17T05:54:06.034+0000] {processor.py:836} INFO - DAG(s) dict_keys(['example_nested_branch_dag']) retrieved from /home/airflow/.local/lib/python3.7/site-packages/airflow/example_dags/example_nested_branch_dag.py
[2023-06-17T05:54:06.069+0000] {logging_mixin.py:149} INFO - [2023-06-17T05:54:06.069+0000] {dag.py:2726} INFO - Sync 1 DAGs
[2023-06-17T05:54:06.110+0000] {logging_mixin.py:149} INFO - [2023-06-17T05:54:06.110+0000] {dag.py:3490} INFO - Setting next_dagrun for example_nested_branch_dag to 2023-06-16T00:00:00+00:00, run_after=2023-06-17T00:00:00+00:00
[2023-06-17T05:54:06.165+0000] {processor.py:179} INFO - Processing /home/airflow/.local/lib/python3.7/site-packages/airflow/example_dags/example_nested_branch_dag.py took 0.171 seconds
[2023-06-17T05:55:01.870+0000] {processor.py:157} INFO - Started process (PID=514) to work on /home/airflow/.local/lib/python3.7/site-packages/airflow/example_dags/example_nested_branch_dag.py
[2023-06-17T05:55:01.966+0000] {processor.py:826} INFO - Processing file /home/airflow/.local/lib/python3.7/site-packages/airflow/example_dags/example_nested_branch_dag.py for tasks to queue
[2023-06-17T05:55:01.967+0000] {logging_mixin.py:149} INFO - [2023-06-17T05:55:01.967+0000] {dagbag.py:541} INFO - Filling up the DagBag from /home/airflow/.local/lib/python3.7/site-packages/airflow/example_dags/example_nested_branch_dag.py
[2023-06-17T05:55:02.044+0000] {processor.py:836} INFO - DAG(s) dict_keys(['example_nested_branch_dag']) retrieved from /home/airflow/.local/lib/python3.7/site-packages/airflow/example_dags/example_nested_branch_dag.py
[2023-06-17T05:55:02.089+0000] {logging_mixin.py:149} INFO - [2023-06-17T05:55:02.089+0000] {dag.py:2726} INFO - Sync 1 DAGs
[2023-06-17T05:55:02.145+0000] {logging_mixin.py:149} INFO - [2023-06-17T05:55:02.144+0000] {dag.py:3490} INFO - Setting next_dagrun for example_nested_branch_dag to 2023-06-16T00:00:00+00:00, run_after=2023-06-17T00:00:00+00:00
[2023-06-17T05:55:02.276+0000] {processor.py:179} INFO - Processing /home/airflow/.local/lib/python3.7/site-packages/airflow/example_dags/example_nested_branch_dag.py took 0.412 seconds
[2023-06-17T05:55:33.345+0000] {processor.py:157} INFO - Started process (PID=582) to work on /home/airflow/.local/lib/python3.7/site-packages/airflow/example_dags/example_nested_branch_dag.py
[2023-06-17T05:55:33.576+0000] {processor.py:826} INFO - Processing file /home/airflow/.local/lib/python3.7/site-packages/airflow/example_dags/example_nested_branch_dag.py for tasks to queue
[2023-06-17T05:55:33.578+0000] {logging_mixin.py:149} INFO - [2023-06-17T05:55:33.578+0000] {dagbag.py:541} INFO - Filling up the DagBag from /home/airflow/.local/lib/python3.7/site-packages/airflow/example_dags/example_nested_branch_dag.py
[2023-06-17T05:55:33.620+0000] {processor.py:836} INFO - DAG(s) dict_keys(['example_nested_branch_dag']) retrieved from /home/airflow/.local/lib/python3.7/site-packages/airflow/example_dags/example_nested_branch_dag.py
[2023-06-17T05:55:33.826+0000] {logging_mixin.py:149} INFO - [2023-06-17T05:55:33.826+0000] {dag.py:2726} INFO - Sync 1 DAGs
[2023-06-17T05:55:33.864+0000] {logging_mixin.py:149} INFO - [2023-06-17T05:55:33.864+0000] {dag.py:3490} INFO - Setting next_dagrun for example_nested_branch_dag to 2023-06-16T00:00:00+00:00, run_after=2023-06-17T00:00:00+00:00
[2023-06-17T05:55:34.027+0000] {processor.py:179} INFO - Processing /home/airflow/.local/lib/python3.7/site-packages/airflow/example_dags/example_nested_branch_dag.py took 0.687 seconds
[2023-06-17T05:56:04.469+0000] {processor.py:157} INFO - Started process (PID=650) to work on /home/airflow/.local/lib/python3.7/site-packages/airflow/example_dags/example_nested_branch_dag.py
[2023-06-17T05:56:04.471+0000] {processor.py:826} INFO - Processing file /home/airflow/.local/lib/python3.7/site-packages/airflow/example_dags/example_nested_branch_dag.py for tasks to queue
[2023-06-17T05:56:04.472+0000] {logging_mixin.py:149} INFO - [2023-06-17T05:56:04.472+0000] {dagbag.py:541} INFO - Filling up the DagBag from /home/airflow/.local/lib/python3.7/site-packages/airflow/example_dags/example_nested_branch_dag.py
[2023-06-17T05:56:04.487+0000] {processor.py:836} INFO - DAG(s) dict_keys(['example_nested_branch_dag']) retrieved from /home/airflow/.local/lib/python3.7/site-packages/airflow/example_dags/example_nested_branch_dag.py
[2023-06-17T05:56:04.519+0000] {logging_mixin.py:149} INFO - [2023-06-17T05:56:04.519+0000] {dag.py:2726} INFO - Sync 1 DAGs
[2023-06-17T05:56:04.555+0000] {logging_mixin.py:149} INFO - [2023-06-17T05:56:04.554+0000] {dag.py:3490} INFO - Setting next_dagrun for example_nested_branch_dag to 2023-06-16T00:00:00+00:00, run_after=2023-06-17T00:00:00+00:00
[2023-06-17T05:56:04.596+0000] {processor.py:179} INFO - Processing /home/airflow/.local/lib/python3.7/site-packages/airflow/example_dags/example_nested_branch_dag.py took 0.134 seconds
