[2023-06-17T05:51:21.944+0000] {processor.py:157} INFO - Started process (PID=92) to work on /home/airflow/.local/lib/python3.7/site-packages/airflow/example_dags/example_latest_only.py
[2023-06-17T05:51:21.946+0000] {processor.py:826} INFO - Processing file /home/airflow/.local/lib/python3.7/site-packages/airflow/example_dags/example_latest_only.py for tasks to queue
[2023-06-17T05:51:21.947+0000] {logging_mixin.py:149} INFO - [2023-06-17T05:51:21.947+0000] {dagbag.py:541} INFO - Filling up the DagBag from /home/airflow/.local/lib/python3.7/site-packages/airflow/example_dags/example_latest_only.py
[2023-06-17T05:51:21.954+0000] {processor.py:836} INFO - DAG(s) dict_keys(['latest_only']) retrieved from /home/airflow/.local/lib/python3.7/site-packages/airflow/example_dags/example_latest_only.py
[2023-06-17T05:51:21.990+0000] {logging_mixin.py:149} INFO - [2023-06-17T05:51:21.990+0000] {dag.py:2726} INFO - Sync 1 DAGs
[2023-06-17T05:51:22.025+0000] {logging_mixin.py:149} INFO - [2023-06-17T05:51:22.025+0000] {dag.py:3490} INFO - Setting next_dagrun for latest_only to 2023-06-17T01:51:22.025521+00:00, run_after=2023-06-17T05:51:22.025521+00:00
[2023-06-17T05:51:22.130+0000] {processor.py:179} INFO - Processing /home/airflow/.local/lib/python3.7/site-packages/airflow/example_dags/example_latest_only.py took 0.191 seconds
[2023-06-17T05:51:55.746+0000] {processor.py:157} INFO - Started process (PID=159) to work on /home/airflow/.local/lib/python3.7/site-packages/airflow/example_dags/example_latest_only.py
[2023-06-17T05:51:55.766+0000] {processor.py:826} INFO - Processing file /home/airflow/.local/lib/python3.7/site-packages/airflow/example_dags/example_latest_only.py for tasks to queue
[2023-06-17T05:51:55.770+0000] {logging_mixin.py:149} INFO - [2023-06-17T05:51:55.769+0000] {dagbag.py:541} INFO - Filling up the DagBag from /home/airflow/.local/lib/python3.7/site-packages/airflow/example_dags/example_latest_only.py
[2023-06-17T05:51:55.791+0000] {processor.py:836} INFO - DAG(s) dict_keys(['latest_only']) retrieved from /home/airflow/.local/lib/python3.7/site-packages/airflow/example_dags/example_latest_only.py
[2023-06-17T05:51:55.873+0000] {logging_mixin.py:149} INFO - [2023-06-17T05:51:55.872+0000] {dag.py:2726} INFO - Sync 1 DAGs
[2023-06-17T05:51:55.913+0000] {logging_mixin.py:149} INFO - [2023-06-17T05:51:55.913+0000] {dag.py:3490} INFO - Setting next_dagrun for latest_only to 2023-06-17T01:51:55.913043+00:00, run_after=2023-06-17T05:51:55.913043+00:00
[2023-06-17T05:51:56.147+0000] {processor.py:179} INFO - Processing /home/airflow/.local/lib/python3.7/site-packages/airflow/example_dags/example_latest_only.py took 0.406 seconds
[2023-06-17T05:52:32.393+0000] {processor.py:157} INFO - Started process (PID=224) to work on /home/airflow/.local/lib/python3.7/site-packages/airflow/example_dags/example_latest_only.py
[2023-06-17T05:52:32.394+0000] {processor.py:826} INFO - Processing file /home/airflow/.local/lib/python3.7/site-packages/airflow/example_dags/example_latest_only.py for tasks to queue
[2023-06-17T05:52:32.395+0000] {logging_mixin.py:149} INFO - [2023-06-17T05:52:32.395+0000] {dagbag.py:541} INFO - Filling up the DagBag from /home/airflow/.local/lib/python3.7/site-packages/airflow/example_dags/example_latest_only.py
[2023-06-17T05:52:32.401+0000] {processor.py:836} INFO - DAG(s) dict_keys(['latest_only']) retrieved from /home/airflow/.local/lib/python3.7/site-packages/airflow/example_dags/example_latest_only.py
[2023-06-17T05:52:32.614+0000] {logging_mixin.py:149} INFO - [2023-06-17T05:52:32.614+0000] {dag.py:2726} INFO - Sync 1 DAGs
[2023-06-17T05:52:32.650+0000] {logging_mixin.py:149} INFO - [2023-06-17T05:52:32.649+0000] {dag.py:3490} INFO - Setting next_dagrun for latest_only to 2023-06-17T01:52:32.649547+00:00, run_after=2023-06-17T05:52:32.649547+00:00
[2023-06-17T05:52:32.686+0000] {processor.py:179} INFO - Processing /home/airflow/.local/lib/python3.7/site-packages/airflow/example_dags/example_latest_only.py took 0.297 seconds
[2023-06-17T05:53:03.567+0000] {processor.py:157} INFO - Started process (PID=292) to work on /home/airflow/.local/lib/python3.7/site-packages/airflow/example_dags/example_latest_only.py
[2023-06-17T05:53:03.567+0000] {processor.py:826} INFO - Processing file /home/airflow/.local/lib/python3.7/site-packages/airflow/example_dags/example_latest_only.py for tasks to queue
[2023-06-17T05:53:03.568+0000] {logging_mixin.py:149} INFO - [2023-06-17T05:53:03.568+0000] {dagbag.py:541} INFO - Filling up the DagBag from /home/airflow/.local/lib/python3.7/site-packages/airflow/example_dags/example_latest_only.py
[2023-06-17T05:53:03.575+0000] {processor.py:836} INFO - DAG(s) dict_keys(['latest_only']) retrieved from /home/airflow/.local/lib/python3.7/site-packages/airflow/example_dags/example_latest_only.py
[2023-06-17T05:53:03.607+0000] {logging_mixin.py:149} INFO - [2023-06-17T05:53:03.607+0000] {dag.py:2726} INFO - Sync 1 DAGs
[2023-06-17T05:53:03.642+0000] {logging_mixin.py:149} INFO - [2023-06-17T05:53:03.641+0000] {dag.py:3490} INFO - Setting next_dagrun for latest_only to 2023-06-17T01:53:03.641675+00:00, run_after=2023-06-17T05:53:03.641675+00:00
[2023-06-17T05:53:03.684+0000] {processor.py:179} INFO - Processing /home/airflow/.local/lib/python3.7/site-packages/airflow/example_dags/example_latest_only.py took 0.121 seconds
[2023-06-17T05:53:34.307+0000] {processor.py:157} INFO - Started process (PID=360) to work on /home/airflow/.local/lib/python3.7/site-packages/airflow/example_dags/example_latest_only.py
[2023-06-17T05:53:34.308+0000] {processor.py:826} INFO - Processing file /home/airflow/.local/lib/python3.7/site-packages/airflow/example_dags/example_latest_only.py for tasks to queue
[2023-06-17T05:53:34.308+0000] {logging_mixin.py:149} INFO - [2023-06-17T05:53:34.308+0000] {dagbag.py:541} INFO - Filling up the DagBag from /home/airflow/.local/lib/python3.7/site-packages/airflow/example_dags/example_latest_only.py
[2023-06-17T05:53:34.315+0000] {processor.py:836} INFO - DAG(s) dict_keys(['latest_only']) retrieved from /home/airflow/.local/lib/python3.7/site-packages/airflow/example_dags/example_latest_only.py
[2023-06-17T05:53:34.349+0000] {logging_mixin.py:149} INFO - [2023-06-17T05:53:34.349+0000] {dag.py:2726} INFO - Sync 1 DAGs
[2023-06-17T05:53:34.385+0000] {logging_mixin.py:149} INFO - [2023-06-17T05:53:34.385+0000] {dag.py:3490} INFO - Setting next_dagrun for latest_only to 2023-06-17T01:53:34.384940+00:00, run_after=2023-06-17T05:53:34.384940+00:00
[2023-06-17T05:53:34.436+0000] {processor.py:179} INFO - Processing /home/airflow/.local/lib/python3.7/site-packages/airflow/example_dags/example_latest_only.py took 0.133 seconds
[2023-06-17T05:54:05.247+0000] {processor.py:157} INFO - Started process (PID=428) to work on /home/airflow/.local/lib/python3.7/site-packages/airflow/example_dags/example_latest_only.py
[2023-06-17T05:54:05.248+0000] {processor.py:826} INFO - Processing file /home/airflow/.local/lib/python3.7/site-packages/airflow/example_dags/example_latest_only.py for tasks to queue
[2023-06-17T05:54:05.248+0000] {logging_mixin.py:149} INFO - [2023-06-17T05:54:05.248+0000] {dagbag.py:541} INFO - Filling up the DagBag from /home/airflow/.local/lib/python3.7/site-packages/airflow/example_dags/example_latest_only.py
[2023-06-17T05:54:05.255+0000] {processor.py:836} INFO - DAG(s) dict_keys(['latest_only']) retrieved from /home/airflow/.local/lib/python3.7/site-packages/airflow/example_dags/example_latest_only.py
[2023-06-17T05:54:05.290+0000] {logging_mixin.py:149} INFO - [2023-06-17T05:54:05.289+0000] {dag.py:2726} INFO - Sync 1 DAGs
[2023-06-17T05:54:05.341+0000] {logging_mixin.py:149} INFO - [2023-06-17T05:54:05.341+0000] {dag.py:3490} INFO - Setting next_dagrun for latest_only to 2023-06-17T01:54:05.341332+00:00, run_after=2023-06-17T05:54:05.341332+00:00
[2023-06-17T05:54:05.405+0000] {processor.py:179} INFO - Processing /home/airflow/.local/lib/python3.7/site-packages/airflow/example_dags/example_latest_only.py took 0.164 seconds
[2023-06-17T05:55:00.211+0000] {processor.py:157} INFO - Started process (PID=509) to work on /home/airflow/.local/lib/python3.7/site-packages/airflow/example_dags/example_latest_only.py
[2023-06-17T05:55:00.213+0000] {processor.py:826} INFO - Processing file /home/airflow/.local/lib/python3.7/site-packages/airflow/example_dags/example_latest_only.py for tasks to queue
[2023-06-17T05:55:00.214+0000] {logging_mixin.py:149} INFO - [2023-06-17T05:55:00.214+0000] {dagbag.py:541} INFO - Filling up the DagBag from /home/airflow/.local/lib/python3.7/site-packages/airflow/example_dags/example_latest_only.py
[2023-06-17T05:55:00.225+0000] {processor.py:836} INFO - DAG(s) dict_keys(['latest_only']) retrieved from /home/airflow/.local/lib/python3.7/site-packages/airflow/example_dags/example_latest_only.py
[2023-06-17T05:55:00.265+0000] {logging_mixin.py:149} INFO - [2023-06-17T05:55:00.265+0000] {dag.py:2726} INFO - Sync 1 DAGs
[2023-06-17T05:55:00.312+0000] {logging_mixin.py:149} INFO - [2023-06-17T05:55:00.312+0000] {dag.py:3490} INFO - Setting next_dagrun for latest_only to 2023-06-17T01:55:00.311736+00:00, run_after=2023-06-17T05:55:00.311736+00:00
[2023-06-17T05:55:00.468+0000] {processor.py:179} INFO - Processing /home/airflow/.local/lib/python3.7/site-packages/airflow/example_dags/example_latest_only.py took 0.262 seconds
[2023-06-17T05:55:32.191+0000] {processor.py:157} INFO - Started process (PID=577) to work on /home/airflow/.local/lib/python3.7/site-packages/airflow/example_dags/example_latest_only.py
[2023-06-17T05:55:32.244+0000] {processor.py:826} INFO - Processing file /home/airflow/.local/lib/python3.7/site-packages/airflow/example_dags/example_latest_only.py for tasks to queue
[2023-06-17T05:55:32.247+0000] {logging_mixin.py:149} INFO - [2023-06-17T05:55:32.247+0000] {dagbag.py:541} INFO - Filling up the DagBag from /home/airflow/.local/lib/python3.7/site-packages/airflow/example_dags/example_latest_only.py
[2023-06-17T05:55:32.271+0000] {processor.py:836} INFO - DAG(s) dict_keys(['latest_only']) retrieved from /home/airflow/.local/lib/python3.7/site-packages/airflow/example_dags/example_latest_only.py
[2023-06-17T05:55:32.453+0000] {logging_mixin.py:149} INFO - [2023-06-17T05:55:32.452+0000] {dag.py:2726} INFO - Sync 1 DAGs
[2023-06-17T05:55:32.502+0000] {logging_mixin.py:149} INFO - [2023-06-17T05:55:32.501+0000] {dag.py:3490} INFO - Setting next_dagrun for latest_only to 2023-06-17T01:55:32.501670+00:00, run_after=2023-06-17T05:55:32.501670+00:00
[2023-06-17T05:55:32.596+0000] {processor.py:179} INFO - Processing /home/airflow/.local/lib/python3.7/site-packages/airflow/example_dags/example_latest_only.py took 0.409 seconds
[2023-06-17T05:56:02.869+0000] {processor.py:157} INFO - Started process (PID=645) to work on /home/airflow/.local/lib/python3.7/site-packages/airflow/example_dags/example_latest_only.py
[2023-06-17T05:56:02.870+0000] {processor.py:826} INFO - Processing file /home/airflow/.local/lib/python3.7/site-packages/airflow/example_dags/example_latest_only.py for tasks to queue
[2023-06-17T05:56:02.870+0000] {logging_mixin.py:149} INFO - [2023-06-17T05:56:02.870+0000] {dagbag.py:541} INFO - Filling up the DagBag from /home/airflow/.local/lib/python3.7/site-packages/airflow/example_dags/example_latest_only.py
[2023-06-17T05:56:02.877+0000] {processor.py:836} INFO - DAG(s) dict_keys(['latest_only']) retrieved from /home/airflow/.local/lib/python3.7/site-packages/airflow/example_dags/example_latest_only.py
[2023-06-17T05:56:02.906+0000] {logging_mixin.py:149} INFO - [2023-06-17T05:56:02.906+0000] {dag.py:2726} INFO - Sync 1 DAGs
[2023-06-17T05:56:02.939+0000] {logging_mixin.py:149} INFO - [2023-06-17T05:56:02.939+0000] {dag.py:3490} INFO - Setting next_dagrun for latest_only to 2023-06-17T01:56:02.938773+00:00, run_after=2023-06-17T05:56:02.938773+00:00
[2023-06-17T05:56:02.967+0000] {processor.py:179} INFO - Processing /home/airflow/.local/lib/python3.7/site-packages/airflow/example_dags/example_latest_only.py took 0.102 seconds
[2023-06-17T14:09:52.622+0000] {processor.py:157} INFO - Started process (PID=101) to work on /home/airflow/.local/lib/python3.7/site-packages/airflow/example_dags/example_latest_only.py
[2023-06-17T14:09:52.752+0000] {processor.py:826} INFO - Processing file /home/airflow/.local/lib/python3.7/site-packages/airflow/example_dags/example_latest_only.py for tasks to queue
[2023-06-17T14:09:52.755+0000] {logging_mixin.py:149} INFO - [2023-06-17T14:09:52.754+0000] {dagbag.py:541} INFO - Filling up the DagBag from /home/airflow/.local/lib/python3.7/site-packages/airflow/example_dags/example_latest_only.py
[2023-06-17T14:09:52.818+0000] {processor.py:836} INFO - DAG(s) dict_keys(['latest_only']) retrieved from /home/airflow/.local/lib/python3.7/site-packages/airflow/example_dags/example_latest_only.py
[2023-06-17T14:09:52.856+0000] {logging_mixin.py:149} INFO - [2023-06-17T14:09:52.856+0000] {dag.py:2726} INFO - Sync 1 DAGs
[2023-06-17T14:09:52.889+0000] {logging_mixin.py:149} INFO - [2023-06-17T14:09:52.889+0000] {dag.py:3490} INFO - Setting next_dagrun for latest_only to 2023-06-17T10:09:52.889404+00:00, run_after=2023-06-17T14:09:52.889404+00:00
[2023-06-17T14:09:53.022+0000] {processor.py:179} INFO - Processing /home/airflow/.local/lib/python3.7/site-packages/airflow/example_dags/example_latest_only.py took 0.422 seconds
[2023-06-17T14:16:13.717+0000] {processor.py:157} INFO - Started process (PID=101) to work on /home/airflow/.local/lib/python3.7/site-packages/airflow/example_dags/example_latest_only.py
[2023-06-17T14:16:14.062+0000] {processor.py:826} INFO - Processing file /home/airflow/.local/lib/python3.7/site-packages/airflow/example_dags/example_latest_only.py for tasks to queue
[2023-06-17T14:16:14.064+0000] {logging_mixin.py:149} INFO - [2023-06-17T14:16:14.064+0000] {dagbag.py:541} INFO - Filling up the DagBag from /home/airflow/.local/lib/python3.7/site-packages/airflow/example_dags/example_latest_only.py
[2023-06-17T14:16:14.175+0000] {processor.py:836} INFO - DAG(s) dict_keys(['latest_only']) retrieved from /home/airflow/.local/lib/python3.7/site-packages/airflow/example_dags/example_latest_only.py
[2023-06-17T14:16:14.232+0000] {logging_mixin.py:149} INFO - [2023-06-17T14:16:14.232+0000] {dag.py:2726} INFO - Sync 1 DAGs
[2023-06-17T14:16:14.270+0000] {logging_mixin.py:149} INFO - [2023-06-17T14:16:14.269+0000] {dag.py:3490} INFO - Setting next_dagrun for latest_only to 2023-06-17T10:16:14.269387+00:00, run_after=2023-06-17T14:16:14.269387+00:00
[2023-06-17T14:16:14.414+0000] {processor.py:179} INFO - Processing /home/airflow/.local/lib/python3.7/site-packages/airflow/example_dags/example_latest_only.py took 0.709 seconds
[2023-06-17T14:16:47.464+0000] {processor.py:157} INFO - Started process (PID=162) to work on /home/airflow/.local/lib/python3.7/site-packages/airflow/example_dags/example_latest_only.py
[2023-06-17T14:16:47.488+0000] {processor.py:826} INFO - Processing file /home/airflow/.local/lib/python3.7/site-packages/airflow/example_dags/example_latest_only.py for tasks to queue
[2023-06-17T14:16:47.489+0000] {logging_mixin.py:149} INFO - [2023-06-17T14:16:47.489+0000] {dagbag.py:541} INFO - Filling up the DagBag from /home/airflow/.local/lib/python3.7/site-packages/airflow/example_dags/example_latest_only.py
[2023-06-17T14:16:47.495+0000] {processor.py:836} INFO - DAG(s) dict_keys(['latest_only']) retrieved from /home/airflow/.local/lib/python3.7/site-packages/airflow/example_dags/example_latest_only.py
[2023-06-17T14:16:47.526+0000] {logging_mixin.py:149} INFO - [2023-06-17T14:16:47.526+0000] {dag.py:2726} INFO - Sync 1 DAGs
[2023-06-17T14:16:47.686+0000] {logging_mixin.py:149} INFO - [2023-06-17T14:16:47.686+0000] {dag.py:3490} INFO - Setting next_dagrun for latest_only to 2023-06-17T10:16:47.686034+00:00, run_after=2023-06-17T14:16:47.686034+00:00
[2023-06-17T14:16:47.733+0000] {processor.py:179} INFO - Processing /home/airflow/.local/lib/python3.7/site-packages/airflow/example_dags/example_latest_only.py took 0.273 seconds
