[2023-06-17T05:51:15.082+0000] {processor.py:157} INFO - Started process (PID=65) to work on /home/airflow/.local/lib/python3.7/site-packages/airflow/example_dags/example_branch_labels.py
[2023-06-17T05:51:15.083+0000] {processor.py:826} INFO - Processing file /home/airflow/.local/lib/python3.7/site-packages/airflow/example_dags/example_branch_labels.py for tasks to queue
[2023-06-17T05:51:15.084+0000] {logging_mixin.py:149} INFO - [2023-06-17T05:51:15.084+0000] {dagbag.py:541} INFO - Filling up the DagBag from /home/airflow/.local/lib/python3.7/site-packages/airflow/example_dags/example_branch_labels.py
[2023-06-17T05:51:15.148+0000] {processor.py:836} INFO - DAG(s) dict_keys(['example_branch_labels']) retrieved from /home/airflow/.local/lib/python3.7/site-packages/airflow/example_dags/example_branch_labels.py
[2023-06-17T05:51:15.198+0000] {logging_mixin.py:149} INFO - [2023-06-17T05:51:15.198+0000] {dag.py:2726} INFO - Sync 1 DAGs
[2023-06-17T05:51:15.243+0000] {logging_mixin.py:149} INFO - [2023-06-17T05:51:15.243+0000] {dag.py:3490} INFO - Setting next_dagrun for example_branch_labels to 2023-06-16T00:00:00+00:00, run_after=2023-06-17T00:00:00+00:00
[2023-06-17T05:51:15.349+0000] {processor.py:179} INFO - Processing /home/airflow/.local/lib/python3.7/site-packages/airflow/example_dags/example_branch_labels.py took 0.273 seconds
[2023-06-17T05:51:46.135+0000] {processor.py:157} INFO - Started process (PID=122) to work on /home/airflow/.local/lib/python3.7/site-packages/airflow/example_dags/example_branch_labels.py
[2023-06-17T05:51:46.191+0000] {processor.py:826} INFO - Processing file /home/airflow/.local/lib/python3.7/site-packages/airflow/example_dags/example_branch_labels.py for tasks to queue
[2023-06-17T05:51:46.192+0000] {logging_mixin.py:149} INFO - [2023-06-17T05:51:46.192+0000] {dagbag.py:541} INFO - Filling up the DagBag from /home/airflow/.local/lib/python3.7/site-packages/airflow/example_dags/example_branch_labels.py
[2023-06-17T05:51:46.237+0000] {processor.py:836} INFO - DAG(s) dict_keys(['example_branch_labels']) retrieved from /home/airflow/.local/lib/python3.7/site-packages/airflow/example_dags/example_branch_labels.py
[2023-06-17T05:51:46.378+0000] {logging_mixin.py:149} INFO - [2023-06-17T05:51:46.377+0000] {dag.py:2726} INFO - Sync 1 DAGs
[2023-06-17T05:51:46.470+0000] {logging_mixin.py:149} INFO - [2023-06-17T05:51:46.470+0000] {dag.py:3490} INFO - Setting next_dagrun for example_branch_labels to 2023-06-16T00:00:00+00:00, run_after=2023-06-17T00:00:00+00:00
[2023-06-17T05:51:46.635+0000] {processor.py:179} INFO - Processing /home/airflow/.local/lib/python3.7/site-packages/airflow/example_dags/example_branch_labels.py took 0.509 seconds
[2023-06-17T05:52:17.057+0000] {processor.py:157} INFO - Started process (PID=190) to work on /home/airflow/.local/lib/python3.7/site-packages/airflow/example_dags/example_branch_labels.py
[2023-06-17T05:52:17.077+0000] {processor.py:826} INFO - Processing file /home/airflow/.local/lib/python3.7/site-packages/airflow/example_dags/example_branch_labels.py for tasks to queue
[2023-06-17T05:52:17.080+0000] {logging_mixin.py:149} INFO - [2023-06-17T05:52:17.079+0000] {dagbag.py:541} INFO - Filling up the DagBag from /home/airflow/.local/lib/python3.7/site-packages/airflow/example_dags/example_branch_labels.py
[2023-06-17T05:52:17.100+0000] {processor.py:836} INFO - DAG(s) dict_keys(['example_branch_labels']) retrieved from /home/airflow/.local/lib/python3.7/site-packages/airflow/example_dags/example_branch_labels.py
[2023-06-17T05:52:17.134+0000] {logging_mixin.py:149} INFO - [2023-06-17T05:52:17.134+0000] {dag.py:2726} INFO - Sync 1 DAGs
[2023-06-17T05:52:17.320+0000] {logging_mixin.py:149} INFO - [2023-06-17T05:52:17.320+0000] {dag.py:3490} INFO - Setting next_dagrun for example_branch_labels to 2023-06-16T00:00:00+00:00, run_after=2023-06-17T00:00:00+00:00
[2023-06-17T05:52:17.656+0000] {processor.py:179} INFO - Processing /home/airflow/.local/lib/python3.7/site-packages/airflow/example_dags/example_branch_labels.py took 0.603 seconds
[2023-06-17T05:52:48.614+0000] {processor.py:157} INFO - Started process (PID=258) to work on /home/airflow/.local/lib/python3.7/site-packages/airflow/example_dags/example_branch_labels.py
[2023-06-17T05:52:48.634+0000] {processor.py:826} INFO - Processing file /home/airflow/.local/lib/python3.7/site-packages/airflow/example_dags/example_branch_labels.py for tasks to queue
[2023-06-17T05:52:48.635+0000] {logging_mixin.py:149} INFO - [2023-06-17T05:52:48.635+0000] {dagbag.py:541} INFO - Filling up the DagBag from /home/airflow/.local/lib/python3.7/site-packages/airflow/example_dags/example_branch_labels.py
[2023-06-17T05:52:48.649+0000] {processor.py:836} INFO - DAG(s) dict_keys(['example_branch_labels']) retrieved from /home/airflow/.local/lib/python3.7/site-packages/airflow/example_dags/example_branch_labels.py
[2023-06-17T05:52:48.729+0000] {logging_mixin.py:149} INFO - [2023-06-17T05:52:48.729+0000] {dag.py:2726} INFO - Sync 1 DAGs
[2023-06-17T05:52:48.786+0000] {logging_mixin.py:149} INFO - [2023-06-17T05:52:48.786+0000] {dag.py:3490} INFO - Setting next_dagrun for example_branch_labels to 2023-06-16T00:00:00+00:00, run_after=2023-06-17T00:00:00+00:00
[2023-06-17T05:52:48.831+0000] {processor.py:179} INFO - Processing /home/airflow/.local/lib/python3.7/site-packages/airflow/example_dags/example_branch_labels.py took 0.227 seconds
[2023-06-17T05:53:18.906+0000] {processor.py:157} INFO - Started process (PID=326) to work on /home/airflow/.local/lib/python3.7/site-packages/airflow/example_dags/example_branch_labels.py
[2023-06-17T05:53:18.907+0000] {processor.py:826} INFO - Processing file /home/airflow/.local/lib/python3.7/site-packages/airflow/example_dags/example_branch_labels.py for tasks to queue
[2023-06-17T05:53:18.907+0000] {logging_mixin.py:149} INFO - [2023-06-17T05:53:18.907+0000] {dagbag.py:541} INFO - Filling up the DagBag from /home/airflow/.local/lib/python3.7/site-packages/airflow/example_dags/example_branch_labels.py
[2023-06-17T05:53:18.918+0000] {processor.py:836} INFO - DAG(s) dict_keys(['example_branch_labels']) retrieved from /home/airflow/.local/lib/python3.7/site-packages/airflow/example_dags/example_branch_labels.py
[2023-06-17T05:53:18.958+0000] {logging_mixin.py:149} INFO - [2023-06-17T05:53:18.958+0000] {dag.py:2726} INFO - Sync 1 DAGs
[2023-06-17T05:53:18.995+0000] {logging_mixin.py:149} INFO - [2023-06-17T05:53:18.994+0000] {dag.py:3490} INFO - Setting next_dagrun for example_branch_labels to 2023-06-16T00:00:00+00:00, run_after=2023-06-17T00:00:00+00:00
[2023-06-17T05:53:19.160+0000] {processor.py:179} INFO - Processing /home/airflow/.local/lib/python3.7/site-packages/airflow/example_dags/example_branch_labels.py took 0.258 seconds
[2023-06-17T05:53:49.772+0000] {processor.py:157} INFO - Started process (PID=394) to work on /home/airflow/.local/lib/python3.7/site-packages/airflow/example_dags/example_branch_labels.py
[2023-06-17T05:53:49.944+0000] {processor.py:826} INFO - Processing file /home/airflow/.local/lib/python3.7/site-packages/airflow/example_dags/example_branch_labels.py for tasks to queue
[2023-06-17T05:53:49.945+0000] {logging_mixin.py:149} INFO - [2023-06-17T05:53:49.944+0000] {dagbag.py:541} INFO - Filling up the DagBag from /home/airflow/.local/lib/python3.7/site-packages/airflow/example_dags/example_branch_labels.py
[2023-06-17T05:53:49.956+0000] {processor.py:836} INFO - DAG(s) dict_keys(['example_branch_labels']) retrieved from /home/airflow/.local/lib/python3.7/site-packages/airflow/example_dags/example_branch_labels.py
[2023-06-17T05:53:49.999+0000] {logging_mixin.py:149} INFO - [2023-06-17T05:53:49.999+0000] {dag.py:2726} INFO - Sync 1 DAGs
[2023-06-17T05:53:50.054+0000] {logging_mixin.py:149} INFO - [2023-06-17T05:53:50.053+0000] {dag.py:3490} INFO - Setting next_dagrun for example_branch_labels to 2023-06-16T00:00:00+00:00, run_after=2023-06-17T00:00:00+00:00
[2023-06-17T05:53:50.175+0000] {processor.py:179} INFO - Processing /home/airflow/.local/lib/python3.7/site-packages/airflow/example_dags/example_branch_labels.py took 0.410 seconds
[2023-06-17T05:54:20.296+0000] {processor.py:157} INFO - Started process (PID=462) to work on /home/airflow/.local/lib/python3.7/site-packages/airflow/example_dags/example_branch_labels.py
[2023-06-17T05:54:20.315+0000] {processor.py:826} INFO - Processing file /home/airflow/.local/lib/python3.7/site-packages/airflow/example_dags/example_branch_labels.py for tasks to queue
[2023-06-17T05:54:20.316+0000] {logging_mixin.py:149} INFO - [2023-06-17T05:54:20.315+0000] {dagbag.py:541} INFO - Filling up the DagBag from /home/airflow/.local/lib/python3.7/site-packages/airflow/example_dags/example_branch_labels.py
[2023-06-17T05:54:20.326+0000] {processor.py:836} INFO - DAG(s) dict_keys(['example_branch_labels']) retrieved from /home/airflow/.local/lib/python3.7/site-packages/airflow/example_dags/example_branch_labels.py
[2023-06-17T05:54:20.507+0000] {logging_mixin.py:149} INFO - [2023-06-17T05:54:20.507+0000] {dag.py:2726} INFO - Sync 1 DAGs
[2023-06-17T05:54:20.559+0000] {logging_mixin.py:149} INFO - [2023-06-17T05:54:20.559+0000] {dag.py:3490} INFO - Setting next_dagrun for example_branch_labels to 2023-06-16T00:00:00+00:00, run_after=2023-06-17T00:00:00+00:00
[2023-06-17T05:54:20.642+0000] {processor.py:179} INFO - Processing /home/airflow/.local/lib/python3.7/site-packages/airflow/example_dags/example_branch_labels.py took 0.350 seconds
[2023-06-17T05:55:04.736+0000] {processor.py:157} INFO - Started process (PID=530) to work on /home/airflow/.local/lib/python3.7/site-packages/airflow/example_dags/example_branch_labels.py
[2023-06-17T05:55:04.747+0000] {processor.py:826} INFO - Processing file /home/airflow/.local/lib/python3.7/site-packages/airflow/example_dags/example_branch_labels.py for tasks to queue
[2023-06-17T05:55:04.748+0000] {logging_mixin.py:149} INFO - [2023-06-17T05:55:04.748+0000] {dagbag.py:541} INFO - Filling up the DagBag from /home/airflow/.local/lib/python3.7/site-packages/airflow/example_dags/example_branch_labels.py
[2023-06-17T05:55:04.815+0000] {processor.py:836} INFO - DAG(s) dict_keys(['example_branch_labels']) retrieved from /home/airflow/.local/lib/python3.7/site-packages/airflow/example_dags/example_branch_labels.py
[2023-06-17T05:55:04.856+0000] {logging_mixin.py:149} INFO - [2023-06-17T05:55:04.856+0000] {dag.py:2726} INFO - Sync 1 DAGs
[2023-06-17T05:55:04.908+0000] {logging_mixin.py:149} INFO - [2023-06-17T05:55:04.908+0000] {dag.py:3490} INFO - Setting next_dagrun for example_branch_labels to 2023-06-16T00:00:00+00:00, run_after=2023-06-17T00:00:00+00:00
[2023-06-17T05:55:05.050+0000] {processor.py:179} INFO - Processing /home/airflow/.local/lib/python3.7/site-packages/airflow/example_dags/example_branch_labels.py took 0.319 seconds
[2023-06-17T05:55:36.030+0000] {processor.py:157} INFO - Started process (PID=598) to work on /home/airflow/.local/lib/python3.7/site-packages/airflow/example_dags/example_branch_labels.py
[2023-06-17T05:55:36.084+0000] {processor.py:826} INFO - Processing file /home/airflow/.local/lib/python3.7/site-packages/airflow/example_dags/example_branch_labels.py for tasks to queue
[2023-06-17T05:55:36.085+0000] {logging_mixin.py:149} INFO - [2023-06-17T05:55:36.085+0000] {dagbag.py:541} INFO - Filling up the DagBag from /home/airflow/.local/lib/python3.7/site-packages/airflow/example_dags/example_branch_labels.py
[2023-06-17T05:55:36.098+0000] {processor.py:836} INFO - DAG(s) dict_keys(['example_branch_labels']) retrieved from /home/airflow/.local/lib/python3.7/site-packages/airflow/example_dags/example_branch_labels.py
[2023-06-17T05:55:36.137+0000] {logging_mixin.py:149} INFO - [2023-06-17T05:55:36.137+0000] {dag.py:2726} INFO - Sync 1 DAGs
[2023-06-17T05:55:36.176+0000] {logging_mixin.py:149} INFO - [2023-06-17T05:55:36.176+0000] {dag.py:3490} INFO - Setting next_dagrun for example_branch_labels to 2023-06-16T00:00:00+00:00, run_after=2023-06-17T00:00:00+00:00
[2023-06-17T05:55:36.273+0000] {processor.py:179} INFO - Processing /home/airflow/.local/lib/python3.7/site-packages/airflow/example_dags/example_branch_labels.py took 0.247 seconds
[2023-06-17T05:56:06.319+0000] {processor.py:157} INFO - Started process (PID=661) to work on /home/airflow/.local/lib/python3.7/site-packages/airflow/example_dags/example_branch_labels.py
[2023-06-17T05:56:06.320+0000] {processor.py:826} INFO - Processing file /home/airflow/.local/lib/python3.7/site-packages/airflow/example_dags/example_branch_labels.py for tasks to queue
[2023-06-17T05:56:06.320+0000] {logging_mixin.py:149} INFO - [2023-06-17T05:56:06.320+0000] {dagbag.py:541} INFO - Filling up the DagBag from /home/airflow/.local/lib/python3.7/site-packages/airflow/example_dags/example_branch_labels.py
[2023-06-17T05:56:06.330+0000] {processor.py:836} INFO - DAG(s) dict_keys(['example_branch_labels']) retrieved from /home/airflow/.local/lib/python3.7/site-packages/airflow/example_dags/example_branch_labels.py
[2023-06-17T05:56:06.366+0000] {logging_mixin.py:149} INFO - [2023-06-17T05:56:06.366+0000] {dag.py:2726} INFO - Sync 1 DAGs
[2023-06-17T05:56:06.413+0000] {logging_mixin.py:149} INFO - [2023-06-17T05:56:06.413+0000] {dag.py:3490} INFO - Setting next_dagrun for example_branch_labels to 2023-06-16T00:00:00+00:00, run_after=2023-06-17T00:00:00+00:00
[2023-06-17T05:56:06.442+0000] {processor.py:179} INFO - Processing /home/airflow/.local/lib/python3.7/site-packages/airflow/example_dags/example_branch_labels.py took 0.127 seconds
