[2023-06-17T05:51:26.898+0000] {processor.py:157} INFO - Started process (PID=102) to work on /home/airflow/.local/lib/python3.7/site-packages/airflow/example_dags/example_latest_only_with_trigger.py
[2023-06-17T05:51:26.899+0000] {processor.py:826} INFO - Processing file /home/airflow/.local/lib/python3.7/site-packages/airflow/example_dags/example_latest_only_with_trigger.py for tasks to queue
[2023-06-17T05:51:26.900+0000] {logging_mixin.py:149} INFO - [2023-06-17T05:51:26.900+0000] {dagbag.py:541} INFO - Filling up the DagBag from /home/airflow/.local/lib/python3.7/site-packages/airflow/example_dags/example_latest_only_with_trigger.py
[2023-06-17T05:51:26.944+0000] {processor.py:836} INFO - DAG(s) dict_keys(['latest_only_with_trigger']) retrieved from /home/airflow/.local/lib/python3.7/site-packages/airflow/example_dags/example_latest_only_with_trigger.py
[2023-06-17T05:51:26.988+0000] {logging_mixin.py:149} INFO - [2023-06-17T05:51:26.987+0000] {dag.py:2726} INFO - Sync 1 DAGs
[2023-06-17T05:51:27.023+0000] {logging_mixin.py:149} INFO - [2023-06-17T05:51:27.023+0000] {dag.py:3490} INFO - Setting next_dagrun for latest_only_with_trigger to 2023-06-17T01:51:27.023204+00:00, run_after=2023-06-17T05:51:27.023204+00:00
[2023-06-17T05:51:27.159+0000] {processor.py:179} INFO - Processing /home/airflow/.local/lib/python3.7/site-packages/airflow/example_dags/example_latest_only_with_trigger.py took 0.265 seconds
[2023-06-17T05:51:58.876+0000] {processor.py:157} INFO - Started process (PID=170) to work on /home/airflow/.local/lib/python3.7/site-packages/airflow/example_dags/example_latest_only_with_trigger.py
[2023-06-17T05:51:58.924+0000] {processor.py:826} INFO - Processing file /home/airflow/.local/lib/python3.7/site-packages/airflow/example_dags/example_latest_only_with_trigger.py for tasks to queue
[2023-06-17T05:51:58.925+0000] {logging_mixin.py:149} INFO - [2023-06-17T05:51:58.925+0000] {dagbag.py:541} INFO - Filling up the DagBag from /home/airflow/.local/lib/python3.7/site-packages/airflow/example_dags/example_latest_only_with_trigger.py
[2023-06-17T05:51:58.935+0000] {processor.py:836} INFO - DAG(s) dict_keys(['latest_only_with_trigger']) retrieved from /home/airflow/.local/lib/python3.7/site-packages/airflow/example_dags/example_latest_only_with_trigger.py
[2023-06-17T05:51:58.969+0000] {logging_mixin.py:149} INFO - [2023-06-17T05:51:58.969+0000] {dag.py:2726} INFO - Sync 1 DAGs
[2023-06-17T05:51:59.133+0000] {logging_mixin.py:149} INFO - [2023-06-17T05:51:59.132+0000] {dag.py:3490} INFO - Setting next_dagrun for latest_only_with_trigger to 2023-06-17T01:51:59.132617+00:00, run_after=2023-06-17T05:51:59.132617+00:00
[2023-06-17T05:51:59.242+0000] {processor.py:179} INFO - Processing /home/airflow/.local/lib/python3.7/site-packages/airflow/example_dags/example_latest_only_with_trigger.py took 0.370 seconds
[2023-06-17T05:52:34.109+0000] {processor.py:157} INFO - Started process (PID=234) to work on /home/airflow/.local/lib/python3.7/site-packages/airflow/example_dags/example_latest_only_with_trigger.py
[2023-06-17T05:52:34.110+0000] {processor.py:826} INFO - Processing file /home/airflow/.local/lib/python3.7/site-packages/airflow/example_dags/example_latest_only_with_trigger.py for tasks to queue
[2023-06-17T05:52:34.111+0000] {logging_mixin.py:149} INFO - [2023-06-17T05:52:34.111+0000] {dagbag.py:541} INFO - Filling up the DagBag from /home/airflow/.local/lib/python3.7/site-packages/airflow/example_dags/example_latest_only_with_trigger.py
[2023-06-17T05:52:34.118+0000] {processor.py:836} INFO - DAG(s) dict_keys(['latest_only_with_trigger']) retrieved from /home/airflow/.local/lib/python3.7/site-packages/airflow/example_dags/example_latest_only_with_trigger.py
[2023-06-17T05:52:34.150+0000] {logging_mixin.py:149} INFO - [2023-06-17T05:52:34.150+0000] {dag.py:2726} INFO - Sync 1 DAGs
[2023-06-17T05:52:34.200+0000] {logging_mixin.py:149} INFO - [2023-06-17T05:52:34.200+0000] {dag.py:3490} INFO - Setting next_dagrun for latest_only_with_trigger to 2023-06-17T01:52:34.200001+00:00, run_after=2023-06-17T05:52:34.200001+00:00
[2023-06-17T05:52:34.243+0000] {processor.py:179} INFO - Processing /home/airflow/.local/lib/python3.7/site-packages/airflow/example_dags/example_latest_only_with_trigger.py took 0.138 seconds
[2023-06-17T05:53:04.582+0000] {processor.py:157} INFO - Started process (PID=302) to work on /home/airflow/.local/lib/python3.7/site-packages/airflow/example_dags/example_latest_only_with_trigger.py
[2023-06-17T05:53:04.583+0000] {processor.py:826} INFO - Processing file /home/airflow/.local/lib/python3.7/site-packages/airflow/example_dags/example_latest_only_with_trigger.py for tasks to queue
[2023-06-17T05:53:04.585+0000] {logging_mixin.py:149} INFO - [2023-06-17T05:53:04.584+0000] {dagbag.py:541} INFO - Filling up the DagBag from /home/airflow/.local/lib/python3.7/site-packages/airflow/example_dags/example_latest_only_with_trigger.py
[2023-06-17T05:53:04.597+0000] {processor.py:836} INFO - DAG(s) dict_keys(['latest_only_with_trigger']) retrieved from /home/airflow/.local/lib/python3.7/site-packages/airflow/example_dags/example_latest_only_with_trigger.py
[2023-06-17T05:53:04.632+0000] {logging_mixin.py:149} INFO - [2023-06-17T05:53:04.631+0000] {dag.py:2726} INFO - Sync 1 DAGs
[2023-06-17T05:53:04.670+0000] {logging_mixin.py:149} INFO - [2023-06-17T05:53:04.669+0000] {dag.py:3490} INFO - Setting next_dagrun for latest_only_with_trigger to 2023-06-17T01:53:04.669447+00:00, run_after=2023-06-17T05:53:04.669447+00:00
[2023-06-17T05:53:04.714+0000] {processor.py:179} INFO - Processing /home/airflow/.local/lib/python3.7/site-packages/airflow/example_dags/example_latest_only_with_trigger.py took 0.137 seconds
[2023-06-17T05:53:35.480+0000] {processor.py:157} INFO - Started process (PID=370) to work on /home/airflow/.local/lib/python3.7/site-packages/airflow/example_dags/example_latest_only_with_trigger.py
[2023-06-17T05:53:35.509+0000] {processor.py:826} INFO - Processing file /home/airflow/.local/lib/python3.7/site-packages/airflow/example_dags/example_latest_only_with_trigger.py for tasks to queue
[2023-06-17T05:53:35.510+0000] {logging_mixin.py:149} INFO - [2023-06-17T05:53:35.510+0000] {dagbag.py:541} INFO - Filling up the DagBag from /home/airflow/.local/lib/python3.7/site-packages/airflow/example_dags/example_latest_only_with_trigger.py
[2023-06-17T05:53:35.521+0000] {processor.py:836} INFO - DAG(s) dict_keys(['latest_only_with_trigger']) retrieved from /home/airflow/.local/lib/python3.7/site-packages/airflow/example_dags/example_latest_only_with_trigger.py
[2023-06-17T05:53:35.551+0000] {logging_mixin.py:149} INFO - [2023-06-17T05:53:35.551+0000] {dag.py:2726} INFO - Sync 1 DAGs
[2023-06-17T05:53:35.598+0000] {logging_mixin.py:149} INFO - [2023-06-17T05:53:35.598+0000] {dag.py:3490} INFO - Setting next_dagrun for latest_only_with_trigger to 2023-06-17T01:53:35.598188+00:00, run_after=2023-06-17T05:53:35.598188+00:00
[2023-06-17T05:53:35.644+0000] {processor.py:179} INFO - Processing /home/airflow/.local/lib/python3.7/site-packages/airflow/example_dags/example_latest_only_with_trigger.py took 0.168 seconds
[2023-06-17T05:54:06.706+0000] {processor.py:157} INFO - Started process (PID=445) to work on /home/airflow/.local/lib/python3.7/site-packages/airflow/example_dags/example_latest_only_with_trigger.py
[2023-06-17T05:54:06.745+0000] {processor.py:826} INFO - Processing file /home/airflow/.local/lib/python3.7/site-packages/airflow/example_dags/example_latest_only_with_trigger.py for tasks to queue
[2023-06-17T05:54:06.746+0000] {logging_mixin.py:149} INFO - [2023-06-17T05:54:06.746+0000] {dagbag.py:541} INFO - Filling up the DagBag from /home/airflow/.local/lib/python3.7/site-packages/airflow/example_dags/example_latest_only_with_trigger.py
[2023-06-17T05:54:06.754+0000] {processor.py:836} INFO - DAG(s) dict_keys(['latest_only_with_trigger']) retrieved from /home/airflow/.local/lib/python3.7/site-packages/airflow/example_dags/example_latest_only_with_trigger.py
[2023-06-17T05:54:06.794+0000] {logging_mixin.py:149} INFO - [2023-06-17T05:54:06.794+0000] {dag.py:2726} INFO - Sync 1 DAGs
[2023-06-17T05:54:06.838+0000] {logging_mixin.py:149} INFO - [2023-06-17T05:54:06.837+0000] {dag.py:3490} INFO - Setting next_dagrun for latest_only_with_trigger to 2023-06-17T01:54:06.837541+00:00, run_after=2023-06-17T05:54:06.837541+00:00
[2023-06-17T05:54:06.965+0000] {processor.py:179} INFO - Processing /home/airflow/.local/lib/python3.7/site-packages/airflow/example_dags/example_latest_only_with_trigger.py took 0.264 seconds
[2023-06-17T05:55:03.000+0000] {processor.py:157} INFO - Started process (PID=519) to work on /home/airflow/.local/lib/python3.7/site-packages/airflow/example_dags/example_latest_only_with_trigger.py
[2023-06-17T05:55:03.002+0000] {processor.py:826} INFO - Processing file /home/airflow/.local/lib/python3.7/site-packages/airflow/example_dags/example_latest_only_with_trigger.py for tasks to queue
[2023-06-17T05:55:03.003+0000] {logging_mixin.py:149} INFO - [2023-06-17T05:55:03.003+0000] {dagbag.py:541} INFO - Filling up the DagBag from /home/airflow/.local/lib/python3.7/site-packages/airflow/example_dags/example_latest_only_with_trigger.py
[2023-06-17T05:55:03.038+0000] {processor.py:836} INFO - DAG(s) dict_keys(['latest_only_with_trigger']) retrieved from /home/airflow/.local/lib/python3.7/site-packages/airflow/example_dags/example_latest_only_with_trigger.py
[2023-06-17T05:55:03.077+0000] {logging_mixin.py:149} INFO - [2023-06-17T05:55:03.077+0000] {dag.py:2726} INFO - Sync 1 DAGs
[2023-06-17T05:55:03.122+0000] {logging_mixin.py:149} INFO - [2023-06-17T05:55:03.122+0000] {dag.py:3490} INFO - Setting next_dagrun for latest_only_with_trigger to 2023-06-17T01:55:03.122006+00:00, run_after=2023-06-17T05:55:03.122006+00:00
[2023-06-17T05:55:03.369+0000] {processor.py:179} INFO - Processing /home/airflow/.local/lib/python3.7/site-packages/airflow/example_dags/example_latest_only_with_trigger.py took 0.375 seconds
[2023-06-17T05:55:34.817+0000] {processor.py:157} INFO - Started process (PID=587) to work on /home/airflow/.local/lib/python3.7/site-packages/airflow/example_dags/example_latest_only_with_trigger.py
[2023-06-17T05:55:34.818+0000] {processor.py:826} INFO - Processing file /home/airflow/.local/lib/python3.7/site-packages/airflow/example_dags/example_latest_only_with_trigger.py for tasks to queue
[2023-06-17T05:55:34.820+0000] {logging_mixin.py:149} INFO - [2023-06-17T05:55:34.819+0000] {dagbag.py:541} INFO - Filling up the DagBag from /home/airflow/.local/lib/python3.7/site-packages/airflow/example_dags/example_latest_only_with_trigger.py
[2023-06-17T05:55:34.830+0000] {processor.py:836} INFO - DAG(s) dict_keys(['latest_only_with_trigger']) retrieved from /home/airflow/.local/lib/python3.7/site-packages/airflow/example_dags/example_latest_only_with_trigger.py
[2023-06-17T05:55:34.867+0000] {logging_mixin.py:149} INFO - [2023-06-17T05:55:34.867+0000] {dag.py:2726} INFO - Sync 1 DAGs
[2023-06-17T05:55:34.941+0000] {logging_mixin.py:149} INFO - [2023-06-17T05:55:34.940+0000] {dag.py:3490} INFO - Setting next_dagrun for latest_only_with_trigger to 2023-06-17T01:55:34.940504+00:00, run_after=2023-06-17T05:55:34.940504+00:00
[2023-06-17T05:55:35.153+0000] {processor.py:179} INFO - Processing /home/airflow/.local/lib/python3.7/site-packages/airflow/example_dags/example_latest_only_with_trigger.py took 0.342 seconds
[2023-06-17T05:56:06.071+0000] {processor.py:157} INFO - Started process (PID=655) to work on /home/airflow/.local/lib/python3.7/site-packages/airflow/example_dags/example_latest_only_with_trigger.py
[2023-06-17T05:56:06.072+0000] {processor.py:826} INFO - Processing file /home/airflow/.local/lib/python3.7/site-packages/airflow/example_dags/example_latest_only_with_trigger.py for tasks to queue
[2023-06-17T05:56:06.073+0000] {logging_mixin.py:149} INFO - [2023-06-17T05:56:06.073+0000] {dagbag.py:541} INFO - Filling up the DagBag from /home/airflow/.local/lib/python3.7/site-packages/airflow/example_dags/example_latest_only_with_trigger.py
[2023-06-17T05:56:06.080+0000] {processor.py:836} INFO - DAG(s) dict_keys(['latest_only_with_trigger']) retrieved from /home/airflow/.local/lib/python3.7/site-packages/airflow/example_dags/example_latest_only_with_trigger.py
[2023-06-17T05:56:06.120+0000] {logging_mixin.py:149} INFO - [2023-06-17T05:56:06.120+0000] {dag.py:2726} INFO - Sync 1 DAGs
[2023-06-17T05:56:06.167+0000] {logging_mixin.py:149} INFO - [2023-06-17T05:56:06.167+0000] {dag.py:3490} INFO - Setting next_dagrun for latest_only_with_trigger to 2023-06-17T01:56:06.167406+00:00, run_after=2023-06-17T05:56:06.167406+00:00
[2023-06-17T05:56:06.204+0000] {processor.py:179} INFO - Processing /home/airflow/.local/lib/python3.7/site-packages/airflow/example_dags/example_latest_only_with_trigger.py took 0.137 seconds
[2023-06-17T14:09:57.248+0000] {processor.py:157} INFO - Started process (PID=111) to work on /home/airflow/.local/lib/python3.7/site-packages/airflow/example_dags/example_latest_only_with_trigger.py
[2023-06-17T14:09:57.351+0000] {processor.py:826} INFO - Processing file /home/airflow/.local/lib/python3.7/site-packages/airflow/example_dags/example_latest_only_with_trigger.py for tasks to queue
[2023-06-17T14:09:57.353+0000] {logging_mixin.py:149} INFO - [2023-06-17T14:09:57.352+0000] {dagbag.py:541} INFO - Filling up the DagBag from /home/airflow/.local/lib/python3.7/site-packages/airflow/example_dags/example_latest_only_with_trigger.py
[2023-06-17T14:09:57.539+0000] {processor.py:836} INFO - DAG(s) dict_keys(['latest_only_with_trigger']) retrieved from /home/airflow/.local/lib/python3.7/site-packages/airflow/example_dags/example_latest_only_with_trigger.py
[2023-06-17T14:09:57.636+0000] {logging_mixin.py:149} INFO - [2023-06-17T14:09:57.636+0000] {dag.py:2726} INFO - Sync 1 DAGs
[2023-06-17T14:09:57.680+0000] {logging_mixin.py:149} INFO - [2023-06-17T14:09:57.679+0000] {dag.py:3490} INFO - Setting next_dagrun for latest_only_with_trigger to 2023-06-17T10:09:57.679551+00:00, run_after=2023-06-17T14:09:57.679551+00:00
[2023-06-17T14:09:57.852+0000] {processor.py:179} INFO - Processing /home/airflow/.local/lib/python3.7/site-packages/airflow/example_dags/example_latest_only_with_trigger.py took 0.608 seconds
[2023-06-17T14:16:21.945+0000] {processor.py:157} INFO - Started process (PID=112) to work on /home/airflow/.local/lib/python3.7/site-packages/airflow/example_dags/example_latest_only_with_trigger.py
[2023-06-17T14:16:21.947+0000] {processor.py:826} INFO - Processing file /home/airflow/.local/lib/python3.7/site-packages/airflow/example_dags/example_latest_only_with_trigger.py for tasks to queue
[2023-06-17T14:16:21.948+0000] {logging_mixin.py:149} INFO - [2023-06-17T14:16:21.947+0000] {dagbag.py:541} INFO - Filling up the DagBag from /home/airflow/.local/lib/python3.7/site-packages/airflow/example_dags/example_latest_only_with_trigger.py
[2023-06-17T14:16:22.059+0000] {processor.py:836} INFO - DAG(s) dict_keys(['latest_only_with_trigger']) retrieved from /home/airflow/.local/lib/python3.7/site-packages/airflow/example_dags/example_latest_only_with_trigger.py
[2023-06-17T14:16:22.111+0000] {logging_mixin.py:149} INFO - [2023-06-17T14:16:22.111+0000] {dag.py:2726} INFO - Sync 1 DAGs
[2023-06-17T14:16:22.146+0000] {logging_mixin.py:149} INFO - [2023-06-17T14:16:22.146+0000] {dag.py:3490} INFO - Setting next_dagrun for latest_only_with_trigger to 2023-06-17T10:16:22.146225+00:00, run_after=2023-06-17T14:16:22.146225+00:00
[2023-06-17T14:16:22.284+0000] {processor.py:179} INFO - Processing /home/airflow/.local/lib/python3.7/site-packages/airflow/example_dags/example_latest_only_with_trigger.py took 0.343 seconds
[2023-06-17T14:16:52.547+0000] {processor.py:157} INFO - Started process (PID=179) to work on /home/airflow/.local/lib/python3.7/site-packages/airflow/example_dags/example_latest_only_with_trigger.py
[2023-06-17T14:16:52.548+0000] {processor.py:826} INFO - Processing file /home/airflow/.local/lib/python3.7/site-packages/airflow/example_dags/example_latest_only_with_trigger.py for tasks to queue
[2023-06-17T14:16:52.549+0000] {logging_mixin.py:149} INFO - [2023-06-17T14:16:52.549+0000] {dagbag.py:541} INFO - Filling up the DagBag from /home/airflow/.local/lib/python3.7/site-packages/airflow/example_dags/example_latest_only_with_trigger.py
[2023-06-17T14:16:52.556+0000] {processor.py:836} INFO - DAG(s) dict_keys(['latest_only_with_trigger']) retrieved from /home/airflow/.local/lib/python3.7/site-packages/airflow/example_dags/example_latest_only_with_trigger.py
[2023-06-17T14:16:52.589+0000] {logging_mixin.py:149} INFO - [2023-06-17T14:16:52.588+0000] {dag.py:2726} INFO - Sync 1 DAGs
[2023-06-17T14:16:52.752+0000] {logging_mixin.py:149} INFO - [2023-06-17T14:16:52.752+0000] {dag.py:3490} INFO - Setting next_dagrun for latest_only_with_trigger to 2023-06-17T10:16:52.752120+00:00, run_after=2023-06-17T14:16:52.752120+00:00
[2023-06-17T14:16:52.788+0000] {processor.py:179} INFO - Processing /home/airflow/.local/lib/python3.7/site-packages/airflow/example_dags/example_latest_only_with_trigger.py took 0.245 seconds
