[2023-06-17T05:51:22.568+0000] {processor.py:157} INFO - Started process (PID=95) to work on /home/airflow/.local/lib/python3.7/site-packages/airflow/example_dags/example_datasets.py
[2023-06-17T05:51:22.570+0000] {processor.py:826} INFO - Processing file /home/airflow/.local/lib/python3.7/site-packages/airflow/example_dags/example_datasets.py for tasks to queue
[2023-06-17T05:51:22.571+0000] {logging_mixin.py:149} INFO - [2023-06-17T05:51:22.571+0000] {dagbag.py:541} INFO - Filling up the DagBag from /home/airflow/.local/lib/python3.7/site-packages/airflow/example_dags/example_datasets.py
[2023-06-17T05:51:22.591+0000] {processor.py:836} INFO - DAG(s) dict_keys(['dataset_consumes_unknown_never_scheduled', 'dataset_consumes_1', 'dataset_produces_1', 'dataset_consumes_1_and_2', 'dataset_consumes_1_never_scheduled', 'dataset_produces_2']) retrieved from /home/airflow/.local/lib/python3.7/site-packages/airflow/example_dags/example_datasets.py
[2023-06-17T05:51:22.770+0000] {logging_mixin.py:149} INFO - [2023-06-17T05:51:22.770+0000] {dag.py:2726} INFO - Sync 6 DAGs
[2023-06-17T05:51:22.816+0000] {logging_mixin.py:149} INFO - [2023-06-17T05:51:22.815+0000] {dag.py:3490} INFO - Setting next_dagrun for dataset_consumes_1 to None, run_after=None
[2023-06-17T05:51:22.822+0000] {logging_mixin.py:149} INFO - [2023-06-17T05:51:22.822+0000] {dag.py:3490} INFO - Setting next_dagrun for dataset_consumes_1_and_2 to None, run_after=None
[2023-06-17T05:51:22.825+0000] {logging_mixin.py:149} INFO - [2023-06-17T05:51:22.824+0000] {dag.py:3490} INFO - Setting next_dagrun for dataset_consumes_1_never_scheduled to None, run_after=None
[2023-06-17T05:51:22.827+0000] {logging_mixin.py:149} INFO - [2023-06-17T05:51:22.827+0000] {dag.py:3490} INFO - Setting next_dagrun for dataset_consumes_unknown_never_scheduled to None, run_after=None
[2023-06-17T05:51:22.834+0000] {logging_mixin.py:149} INFO - [2023-06-17T05:51:22.833+0000] {dag.py:3490} INFO - Setting next_dagrun for dataset_produces_1 to 2023-06-16T00:00:00+00:00, run_after=2023-06-17T00:00:00+00:00
[2023-06-17T05:51:22.836+0000] {logging_mixin.py:149} INFO - [2023-06-17T05:51:22.836+0000] {dag.py:3490} INFO - Setting next_dagrun for dataset_produces_2 to None, run_after=None
[2023-06-17T05:51:24.040+0000] {processor.py:179} INFO - Processing /home/airflow/.local/lib/python3.7/site-packages/airflow/example_dags/example_datasets.py took 1.478 seconds
[2023-06-17T05:51:56.366+0000] {processor.py:157} INFO - Started process (PID=162) to work on /home/airflow/.local/lib/python3.7/site-packages/airflow/example_dags/example_datasets.py
[2023-06-17T05:51:56.368+0000] {processor.py:826} INFO - Processing file /home/airflow/.local/lib/python3.7/site-packages/airflow/example_dags/example_datasets.py for tasks to queue
[2023-06-17T05:51:56.369+0000] {logging_mixin.py:149} INFO - [2023-06-17T05:51:56.369+0000] {dagbag.py:541} INFO - Filling up the DagBag from /home/airflow/.local/lib/python3.7/site-packages/airflow/example_dags/example_datasets.py
[2023-06-17T05:51:56.381+0000] {processor.py:836} INFO - DAG(s) dict_keys(['dataset_consumes_1_never_scheduled', 'dataset_produces_2', 'dataset_consumes_unknown_never_scheduled', 'dataset_consumes_1_and_2', 'dataset_consumes_1', 'dataset_produces_1']) retrieved from /home/airflow/.local/lib/python3.7/site-packages/airflow/example_dags/example_datasets.py
[2023-06-17T05:51:56.450+0000] {logging_mixin.py:149} INFO - [2023-06-17T05:51:56.449+0000] {dag.py:2726} INFO - Sync 6 DAGs
[2023-06-17T05:51:56.628+0000] {logging_mixin.py:149} INFO - [2023-06-17T05:51:56.627+0000] {dag.py:3490} INFO - Setting next_dagrun for dataset_consumes_1 to None, run_after=None
[2023-06-17T05:51:56.634+0000] {logging_mixin.py:149} INFO - [2023-06-17T05:51:56.634+0000] {dag.py:3490} INFO - Setting next_dagrun for dataset_consumes_1_and_2 to None, run_after=None
[2023-06-17T05:51:56.636+0000] {logging_mixin.py:149} INFO - [2023-06-17T05:51:56.636+0000] {dag.py:3490} INFO - Setting next_dagrun for dataset_consumes_1_never_scheduled to None, run_after=None
[2023-06-17T05:51:56.638+0000] {logging_mixin.py:149} INFO - [2023-06-17T05:51:56.638+0000] {dag.py:3490} INFO - Setting next_dagrun for dataset_consumes_unknown_never_scheduled to None, run_after=None
[2023-06-17T05:51:56.646+0000] {logging_mixin.py:149} INFO - [2023-06-17T05:51:56.646+0000] {dag.py:3490} INFO - Setting next_dagrun for dataset_produces_1 to 2023-06-16T00:00:00+00:00, run_after=2023-06-17T00:00:00+00:00
[2023-06-17T05:51:56.649+0000] {logging_mixin.py:149} INFO - [2023-06-17T05:51:56.648+0000] {dag.py:3490} INFO - Setting next_dagrun for dataset_produces_2 to None, run_after=None
[2023-06-17T05:51:56.855+0000] {processor.py:179} INFO - Processing /home/airflow/.local/lib/python3.7/site-packages/airflow/example_dags/example_datasets.py took 0.494 seconds
[2023-06-17T05:52:32.912+0000] {processor.py:157} INFO - Started process (PID=227) to work on /home/airflow/.local/lib/python3.7/site-packages/airflow/example_dags/example_datasets.py
[2023-06-17T05:52:32.918+0000] {processor.py:826} INFO - Processing file /home/airflow/.local/lib/python3.7/site-packages/airflow/example_dags/example_datasets.py for tasks to queue
[2023-06-17T05:52:32.919+0000] {logging_mixin.py:149} INFO - [2023-06-17T05:52:32.918+0000] {dagbag.py:541} INFO - Filling up the DagBag from /home/airflow/.local/lib/python3.7/site-packages/airflow/example_dags/example_datasets.py
[2023-06-17T05:52:33.085+0000] {processor.py:836} INFO - DAG(s) dict_keys(['dataset_consumes_1_and_2', 'dataset_consumes_unknown_never_scheduled', 'dataset_produces_1', 'dataset_consumes_1', 'dataset_consumes_1_never_scheduled', 'dataset_produces_2']) retrieved from /home/airflow/.local/lib/python3.7/site-packages/airflow/example_dags/example_datasets.py
[2023-06-17T05:52:33.157+0000] {logging_mixin.py:149} INFO - [2023-06-17T05:52:33.156+0000] {dag.py:2726} INFO - Sync 6 DAGs
[2023-06-17T05:52:33.194+0000] {logging_mixin.py:149} INFO - [2023-06-17T05:52:33.194+0000] {dag.py:3490} INFO - Setting next_dagrun for dataset_consumes_1 to None, run_after=None
[2023-06-17T05:52:33.199+0000] {logging_mixin.py:149} INFO - [2023-06-17T05:52:33.199+0000] {dag.py:3490} INFO - Setting next_dagrun for dataset_consumes_1_and_2 to None, run_after=None
[2023-06-17T05:52:33.201+0000] {logging_mixin.py:149} INFO - [2023-06-17T05:52:33.201+0000] {dag.py:3490} INFO - Setting next_dagrun for dataset_consumes_1_never_scheduled to None, run_after=None
[2023-06-17T05:52:33.203+0000] {logging_mixin.py:149} INFO - [2023-06-17T05:52:33.203+0000] {dag.py:3490} INFO - Setting next_dagrun for dataset_consumes_unknown_never_scheduled to None, run_after=None
[2023-06-17T05:52:33.207+0000] {logging_mixin.py:149} INFO - [2023-06-17T05:52:33.207+0000] {dag.py:3490} INFO - Setting next_dagrun for dataset_produces_1 to 2023-06-16T00:00:00+00:00, run_after=2023-06-17T00:00:00+00:00
[2023-06-17T05:52:33.210+0000] {logging_mixin.py:149} INFO - [2023-06-17T05:52:33.209+0000] {dag.py:3490} INFO - Setting next_dagrun for dataset_produces_2 to None, run_after=None
[2023-06-17T05:52:33.283+0000] {processor.py:179} INFO - Processing /home/airflow/.local/lib/python3.7/site-packages/airflow/example_dags/example_datasets.py took 0.377 seconds
[2023-06-17T05:53:03.858+0000] {processor.py:157} INFO - Started process (PID=295) to work on /home/airflow/.local/lib/python3.7/site-packages/airflow/example_dags/example_datasets.py
[2023-06-17T05:53:03.859+0000] {processor.py:826} INFO - Processing file /home/airflow/.local/lib/python3.7/site-packages/airflow/example_dags/example_datasets.py for tasks to queue
[2023-06-17T05:53:03.859+0000] {logging_mixin.py:149} INFO - [2023-06-17T05:53:03.859+0000] {dagbag.py:541} INFO - Filling up the DagBag from /home/airflow/.local/lib/python3.7/site-packages/airflow/example_dags/example_datasets.py
[2023-06-17T05:53:03.871+0000] {processor.py:836} INFO - DAG(s) dict_keys(['dataset_produces_2', 'dataset_consumes_unknown_never_scheduled', 'dataset_consumes_1_and_2', 'dataset_produces_1', 'dataset_consumes_1_never_scheduled', 'dataset_consumes_1']) retrieved from /home/airflow/.local/lib/python3.7/site-packages/airflow/example_dags/example_datasets.py
[2023-06-17T05:53:03.926+0000] {logging_mixin.py:149} INFO - [2023-06-17T05:53:03.925+0000] {dag.py:2726} INFO - Sync 6 DAGs
[2023-06-17T05:53:03.961+0000] {logging_mixin.py:149} INFO - [2023-06-17T05:53:03.961+0000] {dag.py:3490} INFO - Setting next_dagrun for dataset_consumes_1 to None, run_after=None
[2023-06-17T05:53:03.966+0000] {logging_mixin.py:149} INFO - [2023-06-17T05:53:03.966+0000] {dag.py:3490} INFO - Setting next_dagrun for dataset_consumes_1_and_2 to None, run_after=None
[2023-06-17T05:53:03.968+0000] {logging_mixin.py:149} INFO - [2023-06-17T05:53:03.968+0000] {dag.py:3490} INFO - Setting next_dagrun for dataset_consumes_1_never_scheduled to None, run_after=None
[2023-06-17T05:53:03.970+0000] {logging_mixin.py:149} INFO - [2023-06-17T05:53:03.970+0000] {dag.py:3490} INFO - Setting next_dagrun for dataset_consumes_unknown_never_scheduled to None, run_after=None
[2023-06-17T05:53:03.974+0000] {logging_mixin.py:149} INFO - [2023-06-17T05:53:03.973+0000] {dag.py:3490} INFO - Setting next_dagrun for dataset_produces_1 to 2023-06-16T00:00:00+00:00, run_after=2023-06-17T00:00:00+00:00
[2023-06-17T05:53:03.975+0000] {logging_mixin.py:149} INFO - [2023-06-17T05:53:03.975+0000] {dag.py:3490} INFO - Setting next_dagrun for dataset_produces_2 to None, run_after=None
[2023-06-17T05:53:04.039+0000] {processor.py:179} INFO - Processing /home/airflow/.local/lib/python3.7/site-packages/airflow/example_dags/example_datasets.py took 0.185 seconds
[2023-06-17T05:53:34.665+0000] {processor.py:157} INFO - Started process (PID=363) to work on /home/airflow/.local/lib/python3.7/site-packages/airflow/example_dags/example_datasets.py
[2023-06-17T05:53:34.666+0000] {processor.py:826} INFO - Processing file /home/airflow/.local/lib/python3.7/site-packages/airflow/example_dags/example_datasets.py for tasks to queue
[2023-06-17T05:53:34.667+0000] {logging_mixin.py:149} INFO - [2023-06-17T05:53:34.667+0000] {dagbag.py:541} INFO - Filling up the DagBag from /home/airflow/.local/lib/python3.7/site-packages/airflow/example_dags/example_datasets.py
[2023-06-17T05:53:34.679+0000] {processor.py:836} INFO - DAG(s) dict_keys(['dataset_consumes_1_and_2', 'dataset_produces_2', 'dataset_consumes_unknown_never_scheduled', 'dataset_consumes_1_never_scheduled', 'dataset_produces_1', 'dataset_consumes_1']) retrieved from /home/airflow/.local/lib/python3.7/site-packages/airflow/example_dags/example_datasets.py
[2023-06-17T05:53:34.734+0000] {logging_mixin.py:149} INFO - [2023-06-17T05:53:34.734+0000] {dag.py:2726} INFO - Sync 6 DAGs
[2023-06-17T05:53:34.769+0000] {logging_mixin.py:149} INFO - [2023-06-17T05:53:34.769+0000] {dag.py:3490} INFO - Setting next_dagrun for dataset_consumes_1 to None, run_after=None
[2023-06-17T05:53:34.774+0000] {logging_mixin.py:149} INFO - [2023-06-17T05:53:34.774+0000] {dag.py:3490} INFO - Setting next_dagrun for dataset_consumes_1_and_2 to None, run_after=None
[2023-06-17T05:53:34.776+0000] {logging_mixin.py:149} INFO - [2023-06-17T05:53:34.776+0000] {dag.py:3490} INFO - Setting next_dagrun for dataset_consumes_1_never_scheduled to None, run_after=None
[2023-06-17T05:53:34.778+0000] {logging_mixin.py:149} INFO - [2023-06-17T05:53:34.778+0000] {dag.py:3490} INFO - Setting next_dagrun for dataset_consumes_unknown_never_scheduled to None, run_after=None
[2023-06-17T05:53:34.784+0000] {logging_mixin.py:149} INFO - [2023-06-17T05:53:34.783+0000] {dag.py:3490} INFO - Setting next_dagrun for dataset_produces_1 to 2023-06-16T00:00:00+00:00, run_after=2023-06-17T00:00:00+00:00
[2023-06-17T05:53:34.786+0000] {logging_mixin.py:149} INFO - [2023-06-17T05:53:34.785+0000] {dag.py:3490} INFO - Setting next_dagrun for dataset_produces_2 to None, run_after=None
[2023-06-17T05:53:34.871+0000] {processor.py:179} INFO - Processing /home/airflow/.local/lib/python3.7/site-packages/airflow/example_dags/example_datasets.py took 0.210 seconds
[2023-06-17T05:54:05.781+0000] {processor.py:157} INFO - Started process (PID=431) to work on /home/airflow/.local/lib/python3.7/site-packages/airflow/example_dags/example_datasets.py
[2023-06-17T05:54:05.782+0000] {processor.py:826} INFO - Processing file /home/airflow/.local/lib/python3.7/site-packages/airflow/example_dags/example_datasets.py for tasks to queue
[2023-06-17T05:54:05.783+0000] {logging_mixin.py:149} INFO - [2023-06-17T05:54:05.783+0000] {dagbag.py:541} INFO - Filling up the DagBag from /home/airflow/.local/lib/python3.7/site-packages/airflow/example_dags/example_datasets.py
[2023-06-17T05:54:05.796+0000] {processor.py:836} INFO - DAG(s) dict_keys(['dataset_produces_2', 'dataset_consumes_1', 'dataset_consumes_1_never_scheduled', 'dataset_produces_1', 'dataset_consumes_1_and_2', 'dataset_consumes_unknown_never_scheduled']) retrieved from /home/airflow/.local/lib/python3.7/site-packages/airflow/example_dags/example_datasets.py
[2023-06-17T05:54:05.851+0000] {logging_mixin.py:149} INFO - [2023-06-17T05:54:05.851+0000] {dag.py:2726} INFO - Sync 6 DAGs
[2023-06-17T05:54:05.889+0000] {logging_mixin.py:149} INFO - [2023-06-17T05:54:05.889+0000] {dag.py:3490} INFO - Setting next_dagrun for dataset_consumes_1 to None, run_after=None
[2023-06-17T05:54:05.894+0000] {logging_mixin.py:149} INFO - [2023-06-17T05:54:05.894+0000] {dag.py:3490} INFO - Setting next_dagrun for dataset_consumes_1_and_2 to None, run_after=None
[2023-06-17T05:54:05.896+0000] {logging_mixin.py:149} INFO - [2023-06-17T05:54:05.896+0000] {dag.py:3490} INFO - Setting next_dagrun for dataset_consumes_1_never_scheduled to None, run_after=None
[2023-06-17T05:54:05.898+0000] {logging_mixin.py:149} INFO - [2023-06-17T05:54:05.897+0000] {dag.py:3490} INFO - Setting next_dagrun for dataset_consumes_unknown_never_scheduled to None, run_after=None
[2023-06-17T05:54:05.902+0000] {logging_mixin.py:149} INFO - [2023-06-17T05:54:05.902+0000] {dag.py:3490} INFO - Setting next_dagrun for dataset_produces_1 to 2023-06-16T00:00:00+00:00, run_after=2023-06-17T00:00:00+00:00
[2023-06-17T05:54:05.904+0000] {logging_mixin.py:149} INFO - [2023-06-17T05:54:05.904+0000] {dag.py:3490} INFO - Setting next_dagrun for dataset_produces_2 to None, run_after=None
[2023-06-17T05:54:05.971+0000] {processor.py:179} INFO - Processing /home/airflow/.local/lib/python3.7/site-packages/airflow/example_dags/example_datasets.py took 0.194 seconds
[2023-06-17T05:55:01.017+0000] {processor.py:157} INFO - Started process (PID=512) to work on /home/airflow/.local/lib/python3.7/site-packages/airflow/example_dags/example_datasets.py
[2023-06-17T05:55:01.125+0000] {processor.py:826} INFO - Processing file /home/airflow/.local/lib/python3.7/site-packages/airflow/example_dags/example_datasets.py for tasks to queue
[2023-06-17T05:55:01.126+0000] {logging_mixin.py:149} INFO - [2023-06-17T05:55:01.126+0000] {dagbag.py:541} INFO - Filling up the DagBag from /home/airflow/.local/lib/python3.7/site-packages/airflow/example_dags/example_datasets.py
[2023-06-17T05:55:01.176+0000] {processor.py:836} INFO - DAG(s) dict_keys(['dataset_consumes_1_never_scheduled', 'dataset_produces_2', 'dataset_produces_1', 'dataset_consumes_1_and_2', 'dataset_consumes_unknown_never_scheduled', 'dataset_consumes_1']) retrieved from /home/airflow/.local/lib/python3.7/site-packages/airflow/example_dags/example_datasets.py
[2023-06-17T05:55:01.260+0000] {logging_mixin.py:149} INFO - [2023-06-17T05:55:01.260+0000] {dag.py:2726} INFO - Sync 6 DAGs
[2023-06-17T05:55:01.322+0000] {logging_mixin.py:149} INFO - [2023-06-17T05:55:01.321+0000] {dag.py:3490} INFO - Setting next_dagrun for dataset_consumes_1 to None, run_after=None
[2023-06-17T05:55:01.329+0000] {logging_mixin.py:149} INFO - [2023-06-17T05:55:01.329+0000] {dag.py:3490} INFO - Setting next_dagrun for dataset_consumes_1_and_2 to None, run_after=None
[2023-06-17T05:55:01.332+0000] {logging_mixin.py:149} INFO - [2023-06-17T05:55:01.332+0000] {dag.py:3490} INFO - Setting next_dagrun for dataset_consumes_1_never_scheduled to None, run_after=None
[2023-06-17T05:55:01.334+0000] {logging_mixin.py:149} INFO - [2023-06-17T05:55:01.334+0000] {dag.py:3490} INFO - Setting next_dagrun for dataset_consumes_unknown_never_scheduled to None, run_after=None
[2023-06-17T05:55:01.340+0000] {logging_mixin.py:149} INFO - [2023-06-17T05:55:01.340+0000] {dag.py:3490} INFO - Setting next_dagrun for dataset_produces_1 to 2023-06-16T00:00:00+00:00, run_after=2023-06-17T00:00:00+00:00
[2023-06-17T05:55:01.343+0000] {logging_mixin.py:149} INFO - [2023-06-17T05:55:01.342+0000] {dag.py:3490} INFO - Setting next_dagrun for dataset_produces_2 to None, run_after=None
[2023-06-17T05:55:01.538+0000] {processor.py:179} INFO - Processing /home/airflow/.local/lib/python3.7/site-packages/airflow/example_dags/example_datasets.py took 0.524 seconds
[2023-06-17T05:55:32.999+0000] {processor.py:157} INFO - Started process (PID=580) to work on /home/airflow/.local/lib/python3.7/site-packages/airflow/example_dags/example_datasets.py
[2023-06-17T05:55:33.025+0000] {processor.py:826} INFO - Processing file /home/airflow/.local/lib/python3.7/site-packages/airflow/example_dags/example_datasets.py for tasks to queue
[2023-06-17T05:55:33.026+0000] {logging_mixin.py:149} INFO - [2023-06-17T05:55:33.026+0000] {dagbag.py:541} INFO - Filling up the DagBag from /home/airflow/.local/lib/python3.7/site-packages/airflow/example_dags/example_datasets.py
[2023-06-17T05:55:33.048+0000] {processor.py:836} INFO - DAG(s) dict_keys(['dataset_produces_1', 'dataset_consumes_1', 'dataset_consumes_1_never_scheduled', 'dataset_consumes_1_and_2', 'dataset_produces_2', 'dataset_consumes_unknown_never_scheduled']) retrieved from /home/airflow/.local/lib/python3.7/site-packages/airflow/example_dags/example_datasets.py
[2023-06-17T05:55:33.179+0000] {logging_mixin.py:149} INFO - [2023-06-17T05:55:33.179+0000] {dag.py:2726} INFO - Sync 6 DAGs
[2023-06-17T05:55:33.241+0000] {logging_mixin.py:149} INFO - [2023-06-17T05:55:33.241+0000] {dag.py:3490} INFO - Setting next_dagrun for dataset_consumes_1 to None, run_after=None
[2023-06-17T05:55:33.249+0000] {logging_mixin.py:149} INFO - [2023-06-17T05:55:33.249+0000] {dag.py:3490} INFO - Setting next_dagrun for dataset_consumes_1_and_2 to None, run_after=None
[2023-06-17T05:55:33.252+0000] {logging_mixin.py:149} INFO - [2023-06-17T05:55:33.251+0000] {dag.py:3490} INFO - Setting next_dagrun for dataset_consumes_1_never_scheduled to None, run_after=None
[2023-06-17T05:55:33.254+0000] {logging_mixin.py:149} INFO - [2023-06-17T05:55:33.254+0000] {dag.py:3490} INFO - Setting next_dagrun for dataset_consumes_unknown_never_scheduled to None, run_after=None
[2023-06-17T05:55:33.261+0000] {logging_mixin.py:149} INFO - [2023-06-17T05:55:33.261+0000] {dag.py:3490} INFO - Setting next_dagrun for dataset_produces_1 to 2023-06-16T00:00:00+00:00, run_after=2023-06-17T00:00:00+00:00
[2023-06-17T05:55:33.263+0000] {logging_mixin.py:149} INFO - [2023-06-17T05:55:33.263+0000] {dag.py:3490} INFO - Setting next_dagrun for dataset_produces_2 to None, run_after=None
[2023-06-17T05:55:33.638+0000] {processor.py:179} INFO - Processing /home/airflow/.local/lib/python3.7/site-packages/airflow/example_dags/example_datasets.py took 0.652 seconds
[2023-06-17T05:56:04.164+0000] {processor.py:157} INFO - Started process (PID=648) to work on /home/airflow/.local/lib/python3.7/site-packages/airflow/example_dags/example_datasets.py
[2023-06-17T05:56:04.165+0000] {processor.py:826} INFO - Processing file /home/airflow/.local/lib/python3.7/site-packages/airflow/example_dags/example_datasets.py for tasks to queue
[2023-06-17T05:56:04.165+0000] {logging_mixin.py:149} INFO - [2023-06-17T05:56:04.165+0000] {dagbag.py:541} INFO - Filling up the DagBag from /home/airflow/.local/lib/python3.7/site-packages/airflow/example_dags/example_datasets.py
[2023-06-17T05:56:04.177+0000] {processor.py:836} INFO - DAG(s) dict_keys(['dataset_produces_1', 'dataset_consumes_1', 'dataset_produces_2', 'dataset_consumes_1_and_2', 'dataset_consumes_unknown_never_scheduled', 'dataset_consumes_1_never_scheduled']) retrieved from /home/airflow/.local/lib/python3.7/site-packages/airflow/example_dags/example_datasets.py
[2023-06-17T05:56:04.235+0000] {logging_mixin.py:149} INFO - [2023-06-17T05:56:04.235+0000] {dag.py:2726} INFO - Sync 6 DAGs
[2023-06-17T05:56:04.279+0000] {logging_mixin.py:149} INFO - [2023-06-17T05:56:04.278+0000] {dag.py:3490} INFO - Setting next_dagrun for dataset_consumes_1 to None, run_after=None
[2023-06-17T05:56:04.283+0000] {logging_mixin.py:149} INFO - [2023-06-17T05:56:04.283+0000] {dag.py:3490} INFO - Setting next_dagrun for dataset_consumes_1_and_2 to None, run_after=None
[2023-06-17T05:56:04.285+0000] {logging_mixin.py:149} INFO - [2023-06-17T05:56:04.285+0000] {dag.py:3490} INFO - Setting next_dagrun for dataset_consumes_1_never_scheduled to None, run_after=None
[2023-06-17T05:56:04.286+0000] {logging_mixin.py:149} INFO - [2023-06-17T05:56:04.286+0000] {dag.py:3490} INFO - Setting next_dagrun for dataset_consumes_unknown_never_scheduled to None, run_after=None
[2023-06-17T05:56:04.290+0000] {logging_mixin.py:149} INFO - [2023-06-17T05:56:04.290+0000] {dag.py:3490} INFO - Setting next_dagrun for dataset_produces_1 to 2023-06-16T00:00:00+00:00, run_after=2023-06-17T00:00:00+00:00
[2023-06-17T05:56:04.292+0000] {logging_mixin.py:149} INFO - [2023-06-17T05:56:04.292+0000] {dag.py:3490} INFO - Setting next_dagrun for dataset_produces_2 to None, run_after=None
[2023-06-17T05:56:04.418+0000] {processor.py:179} INFO - Processing /home/airflow/.local/lib/python3.7/site-packages/airflow/example_dags/example_datasets.py took 0.259 seconds
