[2023-06-17T05:51:17.182+0000] {processor.py:157} INFO - Started process (PID=70) to work on /home/airflow/.local/lib/python3.7/site-packages/airflow/example_dags/example_task_group.py
[2023-06-17T05:51:17.183+0000] {processor.py:826} INFO - Processing file /home/airflow/.local/lib/python3.7/site-packages/airflow/example_dags/example_task_group.py for tasks to queue
[2023-06-17T05:51:17.184+0000] {logging_mixin.py:149} INFO - [2023-06-17T05:51:17.184+0000] {dagbag.py:541} INFO - Filling up the DagBag from /home/airflow/.local/lib/python3.7/site-packages/airflow/example_dags/example_task_group.py
[2023-06-17T05:51:17.248+0000] {processor.py:836} INFO - DAG(s) dict_keys(['example_task_group']) retrieved from /home/airflow/.local/lib/python3.7/site-packages/airflow/example_dags/example_task_group.py
[2023-06-17T05:51:17.289+0000] {logging_mixin.py:149} INFO - [2023-06-17T05:51:17.289+0000] {dag.py:2726} INFO - Sync 1 DAGs
[2023-06-17T05:51:17.323+0000] {logging_mixin.py:149} INFO - [2023-06-17T05:51:17.323+0000] {dag.py:3490} INFO - Setting next_dagrun for example_task_group to 2023-06-16T05:51:17.323483+00:00, run_after=2023-06-17T05:51:17.323483+00:00
[2023-06-17T05:51:17.401+0000] {processor.py:179} INFO - Processing /home/airflow/.local/lib/python3.7/site-packages/airflow/example_dags/example_task_group.py took 0.223 seconds
[2023-06-17T05:51:47.795+0000] {processor.py:157} INFO - Started process (PID=126) to work on /home/airflow/.local/lib/python3.7/site-packages/airflow/example_dags/example_task_group.py
[2023-06-17T05:51:47.841+0000] {processor.py:826} INFO - Processing file /home/airflow/.local/lib/python3.7/site-packages/airflow/example_dags/example_task_group.py for tasks to queue
[2023-06-17T05:51:47.843+0000] {logging_mixin.py:149} INFO - [2023-06-17T05:51:47.843+0000] {dagbag.py:541} INFO - Filling up the DagBag from /home/airflow/.local/lib/python3.7/site-packages/airflow/example_dags/example_task_group.py
[2023-06-17T05:51:47.867+0000] {processor.py:836} INFO - DAG(s) dict_keys(['example_task_group']) retrieved from /home/airflow/.local/lib/python3.7/site-packages/airflow/example_dags/example_task_group.py
[2023-06-17T05:51:47.916+0000] {logging_mixin.py:149} INFO - [2023-06-17T05:51:47.916+0000] {dag.py:2726} INFO - Sync 1 DAGs
[2023-06-17T05:51:47.965+0000] {logging_mixin.py:149} INFO - [2023-06-17T05:51:47.965+0000] {dag.py:3490} INFO - Setting next_dagrun for example_task_group to 2023-06-16T05:51:47.965183+00:00, run_after=2023-06-17T05:51:47.965183+00:00
[2023-06-17T05:51:48.089+0000] {processor.py:179} INFO - Processing /home/airflow/.local/lib/python3.7/site-packages/airflow/example_dags/example_task_group.py took 0.300 seconds
[2023-06-17T05:52:19.288+0000] {processor.py:157} INFO - Started process (PID=194) to work on /home/airflow/.local/lib/python3.7/site-packages/airflow/example_dags/example_task_group.py
[2023-06-17T05:52:19.325+0000] {processor.py:826} INFO - Processing file /home/airflow/.local/lib/python3.7/site-packages/airflow/example_dags/example_task_group.py for tasks to queue
[2023-06-17T05:52:19.326+0000] {logging_mixin.py:149} INFO - [2023-06-17T05:52:19.326+0000] {dagbag.py:541} INFO - Filling up the DagBag from /home/airflow/.local/lib/python3.7/site-packages/airflow/example_dags/example_task_group.py
[2023-06-17T05:52:19.336+0000] {processor.py:836} INFO - DAG(s) dict_keys(['example_task_group']) retrieved from /home/airflow/.local/lib/python3.7/site-packages/airflow/example_dags/example_task_group.py
[2023-06-17T05:52:19.500+0000] {logging_mixin.py:149} INFO - [2023-06-17T05:52:19.499+0000] {dag.py:2726} INFO - Sync 1 DAGs
[2023-06-17T05:52:19.535+0000] {logging_mixin.py:149} INFO - [2023-06-17T05:52:19.535+0000] {dag.py:3490} INFO - Setting next_dagrun for example_task_group to 2023-06-16T05:52:19.535044+00:00, run_after=2023-06-17T05:52:19.535044+00:00
[2023-06-17T05:52:19.604+0000] {processor.py:179} INFO - Processing /home/airflow/.local/lib/python3.7/site-packages/airflow/example_dags/example_task_group.py took 0.320 seconds
[2023-06-17T05:52:50.025+0000] {processor.py:157} INFO - Started process (PID=262) to work on /home/airflow/.local/lib/python3.7/site-packages/airflow/example_dags/example_task_group.py
[2023-06-17T05:52:50.040+0000] {processor.py:826} INFO - Processing file /home/airflow/.local/lib/python3.7/site-packages/airflow/example_dags/example_task_group.py for tasks to queue
[2023-06-17T05:52:50.041+0000] {logging_mixin.py:149} INFO - [2023-06-17T05:52:50.041+0000] {dagbag.py:541} INFO - Filling up the DagBag from /home/airflow/.local/lib/python3.7/site-packages/airflow/example_dags/example_task_group.py
[2023-06-17T05:52:50.052+0000] {processor.py:836} INFO - DAG(s) dict_keys(['example_task_group']) retrieved from /home/airflow/.local/lib/python3.7/site-packages/airflow/example_dags/example_task_group.py
[2023-06-17T05:52:50.088+0000] {logging_mixin.py:149} INFO - [2023-06-17T05:52:50.087+0000] {dag.py:2726} INFO - Sync 1 DAGs
[2023-06-17T05:52:50.126+0000] {logging_mixin.py:149} INFO - [2023-06-17T05:52:50.126+0000] {dag.py:3490} INFO - Setting next_dagrun for example_task_group to 2023-06-16T05:52:50.126233+00:00, run_after=2023-06-17T05:52:50.126233+00:00
[2023-06-17T05:52:50.165+0000] {processor.py:179} INFO - Processing /home/airflow/.local/lib/python3.7/site-packages/airflow/example_dags/example_task_group.py took 0.145 seconds
[2023-06-17T05:53:20.526+0000] {processor.py:157} INFO - Started process (PID=330) to work on /home/airflow/.local/lib/python3.7/site-packages/airflow/example_dags/example_task_group.py
[2023-06-17T05:53:20.528+0000] {processor.py:826} INFO - Processing file /home/airflow/.local/lib/python3.7/site-packages/airflow/example_dags/example_task_group.py for tasks to queue
[2023-06-17T05:53:20.530+0000] {logging_mixin.py:149} INFO - [2023-06-17T05:53:20.530+0000] {dagbag.py:541} INFO - Filling up the DagBag from /home/airflow/.local/lib/python3.7/site-packages/airflow/example_dags/example_task_group.py
[2023-06-17T05:53:20.556+0000] {processor.py:836} INFO - DAG(s) dict_keys(['example_task_group']) retrieved from /home/airflow/.local/lib/python3.7/site-packages/airflow/example_dags/example_task_group.py
[2023-06-17T05:53:20.605+0000] {logging_mixin.py:149} INFO - [2023-06-17T05:53:20.605+0000] {dag.py:2726} INFO - Sync 1 DAGs
[2023-06-17T05:53:20.637+0000] {logging_mixin.py:149} INFO - [2023-06-17T05:53:20.637+0000] {dag.py:3490} INFO - Setting next_dagrun for example_task_group to 2023-06-16T05:53:20.637030+00:00, run_after=2023-06-17T05:53:20.637030+00:00
[2023-06-17T05:53:20.670+0000] {processor.py:179} INFO - Processing /home/airflow/.local/lib/python3.7/site-packages/airflow/example_dags/example_task_group.py took 0.155 seconds
[2023-06-17T05:53:52.076+0000] {processor.py:157} INFO - Started process (PID=398) to work on /home/airflow/.local/lib/python3.7/site-packages/airflow/example_dags/example_task_group.py
[2023-06-17T05:53:52.179+0000] {processor.py:826} INFO - Processing file /home/airflow/.local/lib/python3.7/site-packages/airflow/example_dags/example_task_group.py for tasks to queue
[2023-06-17T05:53:52.179+0000] {logging_mixin.py:149} INFO - [2023-06-17T05:53:52.179+0000] {dagbag.py:541} INFO - Filling up the DagBag from /home/airflow/.local/lib/python3.7/site-packages/airflow/example_dags/example_task_group.py
[2023-06-17T05:53:52.190+0000] {processor.py:836} INFO - DAG(s) dict_keys(['example_task_group']) retrieved from /home/airflow/.local/lib/python3.7/site-packages/airflow/example_dags/example_task_group.py
[2023-06-17T05:53:52.222+0000] {logging_mixin.py:149} INFO - [2023-06-17T05:53:52.222+0000] {dag.py:2726} INFO - Sync 1 DAGs
[2023-06-17T05:53:52.256+0000] {logging_mixin.py:149} INFO - [2023-06-17T05:53:52.256+0000] {dag.py:3490} INFO - Setting next_dagrun for example_task_group to 2023-06-16T05:53:52.256453+00:00, run_after=2023-06-17T05:53:52.256453+00:00
[2023-06-17T05:53:52.403+0000] {processor.py:179} INFO - Processing /home/airflow/.local/lib/python3.7/site-packages/airflow/example_dags/example_task_group.py took 0.337 seconds
[2023-06-17T05:54:26.164+0000] {processor.py:157} INFO - Started process (PID=466) to work on /home/airflow/.local/lib/python3.7/site-packages/airflow/example_dags/example_task_group.py
[2023-06-17T05:54:26.292+0000] {processor.py:826} INFO - Processing file /home/airflow/.local/lib/python3.7/site-packages/airflow/example_dags/example_task_group.py for tasks to queue
[2023-06-17T05:54:26.294+0000] {logging_mixin.py:149} INFO - [2023-06-17T05:54:26.294+0000] {dagbag.py:541} INFO - Filling up the DagBag from /home/airflow/.local/lib/python3.7/site-packages/airflow/example_dags/example_task_group.py
[2023-06-17T05:54:26.313+0000] {processor.py:836} INFO - DAG(s) dict_keys(['example_task_group']) retrieved from /home/airflow/.local/lib/python3.7/site-packages/airflow/example_dags/example_task_group.py
[2023-06-17T05:54:30.352+0000] {logging_mixin.py:149} INFO - [2023-06-17T05:54:30.352+0000] {dag.py:2726} INFO - Sync 1 DAGs
[2023-06-17T05:54:30.395+0000] {logging_mixin.py:149} INFO - [2023-06-17T05:54:30.394+0000] {dag.py:3490} INFO - Setting next_dagrun for example_task_group to 2023-06-16T05:54:30.394676+00:00, run_after=2023-06-17T05:54:30.394676+00:00
[2023-06-17T05:54:30.748+0000] {processor.py:179} INFO - Processing /home/airflow/.local/lib/python3.7/site-packages/airflow/example_dags/example_task_group.py took 4.590 seconds
[2023-06-17T05:55:05.799+0000] {processor.py:157} INFO - Started process (PID=534) to work on /home/airflow/.local/lib/python3.7/site-packages/airflow/example_dags/example_task_group.py
[2023-06-17T05:55:05.858+0000] {processor.py:826} INFO - Processing file /home/airflow/.local/lib/python3.7/site-packages/airflow/example_dags/example_task_group.py for tasks to queue
[2023-06-17T05:55:05.860+0000] {logging_mixin.py:149} INFO - [2023-06-17T05:55:05.860+0000] {dagbag.py:541} INFO - Filling up the DagBag from /home/airflow/.local/lib/python3.7/site-packages/airflow/example_dags/example_task_group.py
[2023-06-17T05:55:05.875+0000] {processor.py:836} INFO - DAG(s) dict_keys(['example_task_group']) retrieved from /home/airflow/.local/lib/python3.7/site-packages/airflow/example_dags/example_task_group.py
[2023-06-17T05:55:05.946+0000] {logging_mixin.py:149} INFO - [2023-06-17T05:55:05.946+0000] {dag.py:2726} INFO - Sync 1 DAGs
[2023-06-17T05:55:05.991+0000] {logging_mixin.py:149} INFO - [2023-06-17T05:55:05.990+0000] {dag.py:3490} INFO - Setting next_dagrun for example_task_group to 2023-06-16T05:55:05.990508+00:00, run_after=2023-06-17T05:55:05.990508+00:00
[2023-06-17T05:55:06.072+0000] {processor.py:179} INFO - Processing /home/airflow/.local/lib/python3.7/site-packages/airflow/example_dags/example_task_group.py took 0.286 seconds
[2023-06-17T05:55:36.751+0000] {processor.py:157} INFO - Started process (PID=602) to work on /home/airflow/.local/lib/python3.7/site-packages/airflow/example_dags/example_task_group.py
[2023-06-17T05:55:36.792+0000] {processor.py:826} INFO - Processing file /home/airflow/.local/lib/python3.7/site-packages/airflow/example_dags/example_task_group.py for tasks to queue
[2023-06-17T05:55:36.795+0000] {logging_mixin.py:149} INFO - [2023-06-17T05:55:36.794+0000] {dagbag.py:541} INFO - Filling up the DagBag from /home/airflow/.local/lib/python3.7/site-packages/airflow/example_dags/example_task_group.py
[2023-06-17T05:55:36.824+0000] {processor.py:836} INFO - DAG(s) dict_keys(['example_task_group']) retrieved from /home/airflow/.local/lib/python3.7/site-packages/airflow/example_dags/example_task_group.py
[2023-06-17T05:55:36.861+0000] {logging_mixin.py:149} INFO - [2023-06-17T05:55:36.861+0000] {dag.py:2726} INFO - Sync 1 DAGs
[2023-06-17T05:55:36.895+0000] {logging_mixin.py:149} INFO - [2023-06-17T05:55:36.894+0000] {dag.py:3490} INFO - Setting next_dagrun for example_task_group to 2023-06-16T05:55:36.894550+00:00, run_after=2023-06-17T05:55:36.894550+00:00
[2023-06-17T05:55:37.002+0000] {processor.py:179} INFO - Processing /home/airflow/.local/lib/python3.7/site-packages/airflow/example_dags/example_task_group.py took 0.255 seconds
[2023-06-17T05:56:07.179+0000] {processor.py:157} INFO - Started process (PID=669) to work on /home/airflow/.local/lib/python3.7/site-packages/airflow/example_dags/example_task_group.py
[2023-06-17T05:56:07.180+0000] {processor.py:826} INFO - Processing file /home/airflow/.local/lib/python3.7/site-packages/airflow/example_dags/example_task_group.py for tasks to queue
[2023-06-17T05:56:07.180+0000] {logging_mixin.py:149} INFO - [2023-06-17T05:56:07.180+0000] {dagbag.py:541} INFO - Filling up the DagBag from /home/airflow/.local/lib/python3.7/site-packages/airflow/example_dags/example_task_group.py
[2023-06-17T05:56:07.190+0000] {processor.py:836} INFO - DAG(s) dict_keys(['example_task_group']) retrieved from /home/airflow/.local/lib/python3.7/site-packages/airflow/example_dags/example_task_group.py
[2023-06-17T05:56:07.226+0000] {logging_mixin.py:149} INFO - [2023-06-17T05:56:07.226+0000] {dag.py:2726} INFO - Sync 1 DAGs
[2023-06-17T05:56:07.261+0000] {logging_mixin.py:149} INFO - [2023-06-17T05:56:07.261+0000] {dag.py:3490} INFO - Setting next_dagrun for example_task_group to 2023-06-16T05:56:07.260987+00:00, run_after=2023-06-17T05:56:07.260987+00:00
[2023-06-17T05:56:07.306+0000] {processor.py:179} INFO - Processing /home/airflow/.local/lib/python3.7/site-packages/airflow/example_dags/example_task_group.py took 0.131 seconds
