[2023-06-17T05:51:21.227+0000] {processor.py:157} INFO - Started process (PID=89) to work on /home/airflow/.local/lib/python3.7/site-packages/airflow/example_dags/example_subdag_operator.py
[2023-06-17T05:51:21.231+0000] {processor.py:826} INFO - Processing file /home/airflow/.local/lib/python3.7/site-packages/airflow/example_dags/example_subdag_operator.py for tasks to queue
[2023-06-17T05:51:21.234+0000] {logging_mixin.py:149} INFO - [2023-06-17T05:51:21.233+0000] {dagbag.py:541} INFO - Filling up the DagBag from /home/airflow/.local/lib/python3.7/site-packages/airflow/example_dags/example_subdag_operator.py
[2023-06-17T05:51:21.311+0000] {processor.py:836} INFO - DAG(s) dict_keys(['example_subdag_operator.section-1', 'example_subdag_operator.section-2', 'example_subdag_operator']) retrieved from /home/airflow/.local/lib/python3.7/site-packages/airflow/example_dags/example_subdag_operator.py
[2023-06-17T05:51:21.353+0000] {logging_mixin.py:149} INFO - [2023-06-17T05:51:21.353+0000] {dag.py:2726} INFO - Sync 3 DAGs
[2023-06-17T05:51:21.387+0000] {logging_mixin.py:149} INFO - [2023-06-17T05:51:21.387+0000] {dag.py:3490} INFO - Setting next_dagrun for example_subdag_operator to 2022-01-01T00:00:00+00:00, run_after=2022-01-01T00:00:00+00:00
[2023-06-17T05:51:21.391+0000] {logging_mixin.py:149} INFO - [2023-06-17T05:51:21.391+0000] {dag.py:3490} INFO - Setting next_dagrun for example_subdag_operator.section-1 to None, run_after=None
[2023-06-17T05:51:21.393+0000] {logging_mixin.py:149} INFO - [2023-06-17T05:51:21.393+0000] {dag.py:3490} INFO - Setting next_dagrun for example_subdag_operator.section-2 to None, run_after=None
[2023-06-17T05:51:21.402+0000] {logging_mixin.py:149} INFO - [2023-06-17T05:51:21.402+0000] {dag.py:2726} INFO - Sync 2 DAGs
[2023-06-17T05:51:21.409+0000] {logging_mixin.py:149} INFO - [2023-06-17T05:51:21.409+0000] {dag.py:3490} INFO - Setting next_dagrun for example_subdag_operator.section-1 to None, run_after=None
[2023-06-17T05:51:21.409+0000] {logging_mixin.py:149} INFO - [2023-06-17T05:51:21.409+0000] {dag.py:3490} INFO - Setting next_dagrun for example_subdag_operator.section-2 to None, run_after=None
[2023-06-17T05:51:21.493+0000] {processor.py:179} INFO - Processing /home/airflow/.local/lib/python3.7/site-packages/airflow/example_dags/example_subdag_operator.py took 0.283 seconds
[2023-06-17T05:51:55.236+0000] {processor.py:157} INFO - Started process (PID=157) to work on /home/airflow/.local/lib/python3.7/site-packages/airflow/example_dags/example_subdag_operator.py
[2023-06-17T05:51:55.326+0000] {processor.py:826} INFO - Processing file /home/airflow/.local/lib/python3.7/site-packages/airflow/example_dags/example_subdag_operator.py for tasks to queue
[2023-06-17T05:51:55.327+0000] {logging_mixin.py:149} INFO - [2023-06-17T05:51:55.327+0000] {dagbag.py:541} INFO - Filling up the DagBag from /home/airflow/.local/lib/python3.7/site-packages/airflow/example_dags/example_subdag_operator.py
[2023-06-17T05:51:55.359+0000] {processor.py:836} INFO - DAG(s) dict_keys(['example_subdag_operator.section-1', 'example_subdag_operator.section-2', 'example_subdag_operator']) retrieved from /home/airflow/.local/lib/python3.7/site-packages/airflow/example_dags/example_subdag_operator.py
[2023-06-17T05:51:55.384+0000] {logging_mixin.py:149} INFO - [2023-06-17T05:51:55.384+0000] {dag.py:2726} INFO - Sync 3 DAGs
[2023-06-17T05:51:55.437+0000] {logging_mixin.py:149} INFO - [2023-06-17T05:51:55.437+0000] {dag.py:3490} INFO - Setting next_dagrun for example_subdag_operator to 2022-01-01T00:00:00+00:00, run_after=2022-01-01T00:00:00+00:00
[2023-06-17T05:51:55.601+0000] {logging_mixin.py:149} INFO - [2023-06-17T05:51:55.601+0000] {dag.py:3490} INFO - Setting next_dagrun for example_subdag_operator.section-1 to None, run_after=None
[2023-06-17T05:51:55.603+0000] {logging_mixin.py:149} INFO - [2023-06-17T05:51:55.603+0000] {dag.py:3490} INFO - Setting next_dagrun for example_subdag_operator.section-2 to None, run_after=None
[2023-06-17T05:51:55.615+0000] {logging_mixin.py:149} INFO - [2023-06-17T05:51:55.615+0000] {dag.py:2726} INFO - Sync 2 DAGs
[2023-06-17T05:51:55.625+0000] {logging_mixin.py:149} INFO - [2023-06-17T05:51:55.625+0000] {dag.py:3490} INFO - Setting next_dagrun for example_subdag_operator.section-1 to None, run_after=None
[2023-06-17T05:51:55.625+0000] {logging_mixin.py:149} INFO - [2023-06-17T05:51:55.625+0000] {dag.py:3490} INFO - Setting next_dagrun for example_subdag_operator.section-2 to None, run_after=None
[2023-06-17T05:51:55.713+0000] {processor.py:179} INFO - Processing /home/airflow/.local/lib/python3.7/site-packages/airflow/example_dags/example_subdag_operator.py took 0.483 seconds
[2023-06-17T05:52:31.770+0000] {processor.py:157} INFO - Started process (PID=221) to work on /home/airflow/.local/lib/python3.7/site-packages/airflow/example_dags/example_subdag_operator.py
[2023-06-17T05:52:31.774+0000] {processor.py:826} INFO - Processing file /home/airflow/.local/lib/python3.7/site-packages/airflow/example_dags/example_subdag_operator.py for tasks to queue
[2023-06-17T05:52:31.776+0000] {logging_mixin.py:149} INFO - [2023-06-17T05:52:31.776+0000] {dagbag.py:541} INFO - Filling up the DagBag from /home/airflow/.local/lib/python3.7/site-packages/airflow/example_dags/example_subdag_operator.py
[2023-06-17T05:52:31.829+0000] {processor.py:836} INFO - DAG(s) dict_keys(['example_subdag_operator.section-1', 'example_subdag_operator.section-2', 'example_subdag_operator']) retrieved from /home/airflow/.local/lib/python3.7/site-packages/airflow/example_dags/example_subdag_operator.py
[2023-06-17T05:52:31.994+0000] {logging_mixin.py:149} INFO - [2023-06-17T05:52:31.994+0000] {dag.py:2726} INFO - Sync 3 DAGs
[2023-06-17T05:52:32.028+0000] {logging_mixin.py:149} INFO - [2023-06-17T05:52:32.028+0000] {dag.py:3490} INFO - Setting next_dagrun for example_subdag_operator to 2022-01-01T00:00:00+00:00, run_after=2022-01-01T00:00:00+00:00
[2023-06-17T05:52:32.033+0000] {logging_mixin.py:149} INFO - [2023-06-17T05:52:32.033+0000] {dag.py:3490} INFO - Setting next_dagrun for example_subdag_operator.section-1 to None, run_after=None
[2023-06-17T05:52:32.035+0000] {logging_mixin.py:149} INFO - [2023-06-17T05:52:32.034+0000] {dag.py:3490} INFO - Setting next_dagrun for example_subdag_operator.section-2 to None, run_after=None
[2023-06-17T05:52:32.045+0000] {logging_mixin.py:149} INFO - [2023-06-17T05:52:32.044+0000] {dag.py:2726} INFO - Sync 2 DAGs
[2023-06-17T05:52:32.054+0000] {logging_mixin.py:149} INFO - [2023-06-17T05:52:32.054+0000] {dag.py:3490} INFO - Setting next_dagrun for example_subdag_operator.section-1 to None, run_after=None
[2023-06-17T05:52:32.054+0000] {logging_mixin.py:149} INFO - [2023-06-17T05:52:32.054+0000] {dag.py:3490} INFO - Setting next_dagrun for example_subdag_operator.section-2 to None, run_after=None
[2023-06-17T05:52:32.077+0000] {processor.py:179} INFO - Processing /home/airflow/.local/lib/python3.7/site-packages/airflow/example_dags/example_subdag_operator.py took 0.323 seconds
[2023-06-17T05:53:02.201+0000] {processor.py:157} INFO - Started process (PID=289) to work on /home/airflow/.local/lib/python3.7/site-packages/airflow/example_dags/example_subdag_operator.py
[2023-06-17T05:53:02.202+0000] {processor.py:826} INFO - Processing file /home/airflow/.local/lib/python3.7/site-packages/airflow/example_dags/example_subdag_operator.py for tasks to queue
[2023-06-17T05:53:02.202+0000] {logging_mixin.py:149} INFO - [2023-06-17T05:53:02.202+0000] {dagbag.py:541} INFO - Filling up the DagBag from /home/airflow/.local/lib/python3.7/site-packages/airflow/example_dags/example_subdag_operator.py
[2023-06-17T05:53:02.235+0000] {processor.py:836} INFO - DAG(s) dict_keys(['example_subdag_operator.section-1', 'example_subdag_operator.section-2', 'example_subdag_operator']) retrieved from /home/airflow/.local/lib/python3.7/site-packages/airflow/example_dags/example_subdag_operator.py
[2023-06-17T05:53:02.263+0000] {logging_mixin.py:149} INFO - [2023-06-17T05:53:02.262+0000] {dag.py:2726} INFO - Sync 3 DAGs
[2023-06-17T05:53:02.299+0000] {logging_mixin.py:149} INFO - [2023-06-17T05:53:02.298+0000] {dag.py:3490} INFO - Setting next_dagrun for example_subdag_operator to 2022-01-01T00:00:00+00:00, run_after=2022-01-01T00:00:00+00:00
[2023-06-17T05:53:02.304+0000] {logging_mixin.py:149} INFO - [2023-06-17T05:53:02.303+0000] {dag.py:3490} INFO - Setting next_dagrun for example_subdag_operator.section-1 to None, run_after=None
[2023-06-17T05:53:02.306+0000] {logging_mixin.py:149} INFO - [2023-06-17T05:53:02.305+0000] {dag.py:3490} INFO - Setting next_dagrun for example_subdag_operator.section-2 to None, run_after=None
[2023-06-17T05:53:02.318+0000] {logging_mixin.py:149} INFO - [2023-06-17T05:53:02.317+0000] {dag.py:2726} INFO - Sync 2 DAGs
[2023-06-17T05:53:02.325+0000] {logging_mixin.py:149} INFO - [2023-06-17T05:53:02.325+0000] {dag.py:3490} INFO - Setting next_dagrun for example_subdag_operator.section-1 to None, run_after=None
[2023-06-17T05:53:02.326+0000] {logging_mixin.py:149} INFO - [2023-06-17T05:53:02.326+0000] {dag.py:3490} INFO - Setting next_dagrun for example_subdag_operator.section-2 to None, run_after=None
[2023-06-17T05:53:02.353+0000] {processor.py:179} INFO - Processing /home/airflow/.local/lib/python3.7/site-packages/airflow/example_dags/example_subdag_operator.py took 0.156 seconds
[2023-06-17T05:53:33.079+0000] {processor.py:157} INFO - Started process (PID=357) to work on /home/airflow/.local/lib/python3.7/site-packages/airflow/example_dags/example_subdag_operator.py
[2023-06-17T05:53:33.080+0000] {processor.py:826} INFO - Processing file /home/airflow/.local/lib/python3.7/site-packages/airflow/example_dags/example_subdag_operator.py for tasks to queue
[2023-06-17T05:53:33.081+0000] {logging_mixin.py:149} INFO - [2023-06-17T05:53:33.080+0000] {dagbag.py:541} INFO - Filling up the DagBag from /home/airflow/.local/lib/python3.7/site-packages/airflow/example_dags/example_subdag_operator.py
[2023-06-17T05:53:33.115+0000] {processor.py:836} INFO - DAG(s) dict_keys(['example_subdag_operator.section-1', 'example_subdag_operator.section-2', 'example_subdag_operator']) retrieved from /home/airflow/.local/lib/python3.7/site-packages/airflow/example_dags/example_subdag_operator.py
[2023-06-17T05:53:33.140+0000] {logging_mixin.py:149} INFO - [2023-06-17T05:53:33.140+0000] {dag.py:2726} INFO - Sync 3 DAGs
[2023-06-17T05:53:33.178+0000] {logging_mixin.py:149} INFO - [2023-06-17T05:53:33.178+0000] {dag.py:3490} INFO - Setting next_dagrun for example_subdag_operator to 2022-01-01T00:00:00+00:00, run_after=2022-01-01T00:00:00+00:00
[2023-06-17T05:53:33.182+0000] {logging_mixin.py:149} INFO - [2023-06-17T05:53:33.182+0000] {dag.py:3490} INFO - Setting next_dagrun for example_subdag_operator.section-1 to None, run_after=None
[2023-06-17T05:53:33.184+0000] {logging_mixin.py:149} INFO - [2023-06-17T05:53:33.184+0000] {dag.py:3490} INFO - Setting next_dagrun for example_subdag_operator.section-2 to None, run_after=None
[2023-06-17T05:53:33.193+0000] {logging_mixin.py:149} INFO - [2023-06-17T05:53:33.193+0000] {dag.py:2726} INFO - Sync 2 DAGs
[2023-06-17T05:53:33.201+0000] {logging_mixin.py:149} INFO - [2023-06-17T05:53:33.200+0000] {dag.py:3490} INFO - Setting next_dagrun for example_subdag_operator.section-1 to None, run_after=None
[2023-06-17T05:53:33.201+0000] {logging_mixin.py:149} INFO - [2023-06-17T05:53:33.201+0000] {dag.py:3490} INFO - Setting next_dagrun for example_subdag_operator.section-2 to None, run_after=None
[2023-06-17T05:53:33.231+0000] {processor.py:179} INFO - Processing /home/airflow/.local/lib/python3.7/site-packages/airflow/example_dags/example_subdag_operator.py took 0.157 seconds
[2023-06-17T05:54:03.962+0000] {processor.py:157} INFO - Started process (PID=425) to work on /home/airflow/.local/lib/python3.7/site-packages/airflow/example_dags/example_subdag_operator.py
[2023-06-17T05:54:03.963+0000] {processor.py:826} INFO - Processing file /home/airflow/.local/lib/python3.7/site-packages/airflow/example_dags/example_subdag_operator.py for tasks to queue
[2023-06-17T05:54:03.965+0000] {logging_mixin.py:149} INFO - [2023-06-17T05:54:03.965+0000] {dagbag.py:541} INFO - Filling up the DagBag from /home/airflow/.local/lib/python3.7/site-packages/airflow/example_dags/example_subdag_operator.py
[2023-06-17T05:54:04.008+0000] {processor.py:836} INFO - DAG(s) dict_keys(['example_subdag_operator.section-1', 'example_subdag_operator.section-2', 'example_subdag_operator']) retrieved from /home/airflow/.local/lib/python3.7/site-packages/airflow/example_dags/example_subdag_operator.py
[2023-06-17T05:54:04.051+0000] {logging_mixin.py:149} INFO - [2023-06-17T05:54:04.051+0000] {dag.py:2726} INFO - Sync 3 DAGs
[2023-06-17T05:54:04.103+0000] {logging_mixin.py:149} INFO - [2023-06-17T05:54:04.103+0000] {dag.py:3490} INFO - Setting next_dagrun for example_subdag_operator to 2022-01-01T00:00:00+00:00, run_after=2022-01-01T00:00:00+00:00
[2023-06-17T05:54:04.109+0000] {logging_mixin.py:149} INFO - [2023-06-17T05:54:04.109+0000] {dag.py:3490} INFO - Setting next_dagrun for example_subdag_operator.section-1 to None, run_after=None
[2023-06-17T05:54:04.111+0000] {logging_mixin.py:149} INFO - [2023-06-17T05:54:04.111+0000] {dag.py:3490} INFO - Setting next_dagrun for example_subdag_operator.section-2 to None, run_after=None
[2023-06-17T05:54:04.127+0000] {logging_mixin.py:149} INFO - [2023-06-17T05:54:04.127+0000] {dag.py:2726} INFO - Sync 2 DAGs
[2023-06-17T05:54:04.138+0000] {logging_mixin.py:149} INFO - [2023-06-17T05:54:04.138+0000] {dag.py:3490} INFO - Setting next_dagrun for example_subdag_operator.section-1 to None, run_after=None
[2023-06-17T05:54:04.139+0000] {logging_mixin.py:149} INFO - [2023-06-17T05:54:04.138+0000] {dag.py:3490} INFO - Setting next_dagrun for example_subdag_operator.section-2 to None, run_after=None
[2023-06-17T05:54:04.191+0000] {processor.py:179} INFO - Processing /home/airflow/.local/lib/python3.7/site-packages/airflow/example_dags/example_subdag_operator.py took 0.235 seconds
[2023-06-17T05:54:49.634+0000] {processor.py:157} INFO - Started process (PID=499) to work on /home/airflow/.local/lib/python3.7/site-packages/airflow/example_dags/example_subdag_operator.py
[2023-06-17T05:54:49.721+0000] {processor.py:826} INFO - Processing file /home/airflow/.local/lib/python3.7/site-packages/airflow/example_dags/example_subdag_operator.py for tasks to queue
[2023-06-17T05:54:49.723+0000] {logging_mixin.py:149} INFO - [2023-06-17T05:54:49.723+0000] {dagbag.py:541} INFO - Filling up the DagBag from /home/airflow/.local/lib/python3.7/site-packages/airflow/example_dags/example_subdag_operator.py
[2023-06-17T05:54:49.853+0000] {processor.py:836} INFO - DAG(s) dict_keys(['example_subdag_operator.section-1', 'example_subdag_operator.section-2', 'example_subdag_operator']) retrieved from /home/airflow/.local/lib/python3.7/site-packages/airflow/example_dags/example_subdag_operator.py
[2023-06-17T05:54:49.892+0000] {logging_mixin.py:149} INFO - [2023-06-17T05:54:49.891+0000] {dag.py:2726} INFO - Sync 3 DAGs
[2023-06-17T05:54:49.926+0000] {logging_mixin.py:149} INFO - [2023-06-17T05:54:49.925+0000] {dag.py:3490} INFO - Setting next_dagrun for example_subdag_operator to 2022-01-01T00:00:00+00:00, run_after=2022-01-01T00:00:00+00:00
[2023-06-17T05:54:49.930+0000] {logging_mixin.py:149} INFO - [2023-06-17T05:54:49.930+0000] {dag.py:3490} INFO - Setting next_dagrun for example_subdag_operator.section-1 to None, run_after=None
[2023-06-17T05:54:49.931+0000] {logging_mixin.py:149} INFO - [2023-06-17T05:54:49.931+0000] {dag.py:3490} INFO - Setting next_dagrun for example_subdag_operator.section-2 to None, run_after=None
[2023-06-17T05:54:49.941+0000] {logging_mixin.py:149} INFO - [2023-06-17T05:54:49.941+0000] {dag.py:2726} INFO - Sync 2 DAGs
[2023-06-17T05:54:49.949+0000] {logging_mixin.py:149} INFO - [2023-06-17T05:54:49.949+0000] {dag.py:3490} INFO - Setting next_dagrun for example_subdag_operator.section-1 to None, run_after=None
[2023-06-17T05:54:49.949+0000] {logging_mixin.py:149} INFO - [2023-06-17T05:54:49.949+0000] {dag.py:3490} INFO - Setting next_dagrun for example_subdag_operator.section-2 to None, run_after=None
[2023-06-17T05:54:50.030+0000] {processor.py:179} INFO - Processing /home/airflow/.local/lib/python3.7/site-packages/airflow/example_dags/example_subdag_operator.py took 0.401 seconds
[2023-06-17T05:55:20.273+0000] {processor.py:157} INFO - Started process (PID=563) to work on /home/airflow/.local/lib/python3.7/site-packages/airflow/example_dags/example_subdag_operator.py
[2023-06-17T05:55:20.361+0000] {processor.py:826} INFO - Processing file /home/airflow/.local/lib/python3.7/site-packages/airflow/example_dags/example_subdag_operator.py for tasks to queue
[2023-06-17T05:55:20.364+0000] {logging_mixin.py:149} INFO - [2023-06-17T05:55:20.363+0000] {dagbag.py:541} INFO - Filling up the DagBag from /home/airflow/.local/lib/python3.7/site-packages/airflow/example_dags/example_subdag_operator.py
[2023-06-17T05:55:20.415+0000] {processor.py:836} INFO - DAG(s) dict_keys(['example_subdag_operator.section-1', 'example_subdag_operator.section-2', 'example_subdag_operator']) retrieved from /home/airflow/.local/lib/python3.7/site-packages/airflow/example_dags/example_subdag_operator.py
[2023-06-17T05:55:20.440+0000] {logging_mixin.py:149} INFO - [2023-06-17T05:55:20.440+0000] {dag.py:2726} INFO - Sync 3 DAGs
[2023-06-17T05:55:20.485+0000] {logging_mixin.py:149} INFO - [2023-06-17T05:55:20.485+0000] {dag.py:3490} INFO - Setting next_dagrun for example_subdag_operator to 2022-01-01T00:00:00+00:00, run_after=2022-01-01T00:00:00+00:00
[2023-06-17T05:55:20.490+0000] {logging_mixin.py:149} INFO - [2023-06-17T05:55:20.489+0000] {dag.py:3490} INFO - Setting next_dagrun for example_subdag_operator.section-1 to None, run_after=None
[2023-06-17T05:55:20.491+0000] {logging_mixin.py:149} INFO - [2023-06-17T05:55:20.491+0000] {dag.py:3490} INFO - Setting next_dagrun for example_subdag_operator.section-2 to None, run_after=None
[2023-06-17T05:55:20.501+0000] {logging_mixin.py:149} INFO - [2023-06-17T05:55:20.501+0000] {dag.py:2726} INFO - Sync 2 DAGs
[2023-06-17T05:55:20.508+0000] {logging_mixin.py:149} INFO - [2023-06-17T05:55:20.508+0000] {dag.py:3490} INFO - Setting next_dagrun for example_subdag_operator.section-1 to None, run_after=None
[2023-06-17T05:55:20.509+0000] {logging_mixin.py:149} INFO - [2023-06-17T05:55:20.509+0000] {dag.py:3490} INFO - Setting next_dagrun for example_subdag_operator.section-2 to None, run_after=None
[2023-06-17T05:55:21.007+0000] {processor.py:179} INFO - Processing /home/airflow/.local/lib/python3.7/site-packages/airflow/example_dags/example_subdag_operator.py took 0.738 seconds
[2023-06-17T05:55:52.327+0000] {processor.py:157} INFO - Started process (PID=633) to work on /home/airflow/.local/lib/python3.7/site-packages/airflow/example_dags/example_subdag_operator.py
[2023-06-17T05:55:52.415+0000] {processor.py:826} INFO - Processing file /home/airflow/.local/lib/python3.7/site-packages/airflow/example_dags/example_subdag_operator.py for tasks to queue
[2023-06-17T05:55:52.416+0000] {logging_mixin.py:149} INFO - [2023-06-17T05:55:52.416+0000] {dagbag.py:541} INFO - Filling up the DagBag from /home/airflow/.local/lib/python3.7/site-packages/airflow/example_dags/example_subdag_operator.py
[2023-06-17T05:55:52.450+0000] {processor.py:836} INFO - DAG(s) dict_keys(['example_subdag_operator.section-1', 'example_subdag_operator.section-2', 'example_subdag_operator']) retrieved from /home/airflow/.local/lib/python3.7/site-packages/airflow/example_dags/example_subdag_operator.py
[2023-06-17T05:55:52.477+0000] {logging_mixin.py:149} INFO - [2023-06-17T05:55:52.477+0000] {dag.py:2726} INFO - Sync 3 DAGs
[2023-06-17T05:55:52.511+0000] {logging_mixin.py:149} INFO - [2023-06-17T05:55:52.511+0000] {dag.py:3490} INFO - Setting next_dagrun for example_subdag_operator to 2022-01-01T00:00:00+00:00, run_after=2022-01-01T00:00:00+00:00
[2023-06-17T05:55:52.516+0000] {logging_mixin.py:149} INFO - [2023-06-17T05:55:52.516+0000] {dag.py:3490} INFO - Setting next_dagrun for example_subdag_operator.section-1 to None, run_after=None
[2023-06-17T05:55:52.517+0000] {logging_mixin.py:149} INFO - [2023-06-17T05:55:52.517+0000] {dag.py:3490} INFO - Setting next_dagrun for example_subdag_operator.section-2 to None, run_after=None
[2023-06-17T05:55:52.528+0000] {logging_mixin.py:149} INFO - [2023-06-17T05:55:52.528+0000] {dag.py:2726} INFO - Sync 2 DAGs
[2023-06-17T05:55:52.536+0000] {logging_mixin.py:149} INFO - [2023-06-17T05:55:52.536+0000] {dag.py:3490} INFO - Setting next_dagrun for example_subdag_operator.section-1 to None, run_after=None
[2023-06-17T05:55:52.537+0000] {logging_mixin.py:149} INFO - [2023-06-17T05:55:52.537+0000] {dag.py:3490} INFO - Setting next_dagrun for example_subdag_operator.section-2 to None, run_after=None
[2023-06-17T05:55:52.740+0000] {processor.py:179} INFO - Processing /home/airflow/.local/lib/python3.7/site-packages/airflow/example_dags/example_subdag_operator.py took 0.418 seconds
