[2023-06-17T05:51:15.392+0000] {processor.py:157} INFO - Started process (PID=66) to work on /home/airflow/.local/lib/python3.7/site-packages/airflow/example_dags/example_branch_python_dop_operator_3.py
[2023-06-17T05:51:15.393+0000] {processor.py:826} INFO - Processing file /home/airflow/.local/lib/python3.7/site-packages/airflow/example_dags/example_branch_python_dop_operator_3.py for tasks to queue
[2023-06-17T05:51:15.393+0000] {logging_mixin.py:149} INFO - [2023-06-17T05:51:15.393+0000] {dagbag.py:541} INFO - Filling up the DagBag from /home/airflow/.local/lib/python3.7/site-packages/airflow/example_dags/example_branch_python_dop_operator_3.py
[2023-06-17T05:51:15.436+0000] {processor.py:836} INFO - DAG(s) dict_keys(['example_branch_dop_operator_v3']) retrieved from /home/airflow/.local/lib/python3.7/site-packages/airflow/example_dags/example_branch_python_dop_operator_3.py
[2023-06-17T05:51:15.472+0000] {logging_mixin.py:149} INFO - [2023-06-17T05:51:15.472+0000] {dag.py:2726} INFO - Sync 1 DAGs
[2023-06-17T05:51:15.527+0000] {logging_mixin.py:149} INFO - [2023-06-17T05:51:15.527+0000] {dag.py:3490} INFO - Setting next_dagrun for example_branch_dop_operator_v3 to 2023-06-17T05:50:00+00:00, run_after=2023-06-17T05:51:00+00:00
[2023-06-17T05:51:15.595+0000] {processor.py:179} INFO - Processing /home/airflow/.local/lib/python3.7/site-packages/airflow/example_dags/example_branch_python_dop_operator_3.py took 0.208 seconds
[2023-06-17T05:51:46.351+0000] {processor.py:157} INFO - Started process (PID=123) to work on /home/airflow/.local/lib/python3.7/site-packages/airflow/example_dags/example_branch_python_dop_operator_3.py
[2023-06-17T05:51:46.379+0000] {processor.py:826} INFO - Processing file /home/airflow/.local/lib/python3.7/site-packages/airflow/example_dags/example_branch_python_dop_operator_3.py for tasks to queue
[2023-06-17T05:51:46.381+0000] {logging_mixin.py:149} INFO - [2023-06-17T05:51:46.380+0000] {dagbag.py:541} INFO - Filling up the DagBag from /home/airflow/.local/lib/python3.7/site-packages/airflow/example_dags/example_branch_python_dop_operator_3.py
[2023-06-17T05:51:46.400+0000] {processor.py:836} INFO - DAG(s) dict_keys(['example_branch_dop_operator_v3']) retrieved from /home/airflow/.local/lib/python3.7/site-packages/airflow/example_dags/example_branch_python_dop_operator_3.py
[2023-06-17T05:51:46.446+0000] {logging_mixin.py:149} INFO - [2023-06-17T05:51:46.446+0000] {dag.py:2726} INFO - Sync 1 DAGs
[2023-06-17T05:51:46.512+0000] {logging_mixin.py:149} INFO - [2023-06-17T05:51:46.512+0000] {dag.py:3490} INFO - Setting next_dagrun for example_branch_dop_operator_v3 to 2023-06-17T05:50:00+00:00, run_after=2023-06-17T05:51:00+00:00
[2023-06-17T05:51:46.724+0000] {processor.py:179} INFO - Processing /home/airflow/.local/lib/python3.7/site-packages/airflow/example_dags/example_branch_python_dop_operator_3.py took 0.377 seconds
[2023-06-17T05:52:17.124+0000] {processor.py:157} INFO - Started process (PID=191) to work on /home/airflow/.local/lib/python3.7/site-packages/airflow/example_dags/example_branch_python_dop_operator_3.py
[2023-06-17T05:52:17.126+0000] {processor.py:826} INFO - Processing file /home/airflow/.local/lib/python3.7/site-packages/airflow/example_dags/example_branch_python_dop_operator_3.py for tasks to queue
[2023-06-17T05:52:17.126+0000] {logging_mixin.py:149} INFO - [2023-06-17T05:52:17.126+0000] {dagbag.py:541} INFO - Filling up the DagBag from /home/airflow/.local/lib/python3.7/site-packages/airflow/example_dags/example_branch_python_dop_operator_3.py
[2023-06-17T05:52:17.138+0000] {processor.py:836} INFO - DAG(s) dict_keys(['example_branch_dop_operator_v3']) retrieved from /home/airflow/.local/lib/python3.7/site-packages/airflow/example_dags/example_branch_python_dop_operator_3.py
[2023-06-17T05:52:17.173+0000] {logging_mixin.py:149} INFO - [2023-06-17T05:52:17.173+0000] {dag.py:2726} INFO - Sync 1 DAGs
[2023-06-17T05:52:17.361+0000] {logging_mixin.py:149} INFO - [2023-06-17T05:52:17.360+0000] {dag.py:3490} INFO - Setting next_dagrun for example_branch_dop_operator_v3 to 2023-06-17T05:51:00+00:00, run_after=2023-06-17T05:52:00+00:00
[2023-06-17T05:52:17.733+0000] {processor.py:179} INFO - Processing /home/airflow/.local/lib/python3.7/site-packages/airflow/example_dags/example_branch_python_dop_operator_3.py took 0.612 seconds
[2023-06-17T05:52:48.621+0000] {processor.py:157} INFO - Started process (PID=259) to work on /home/airflow/.local/lib/python3.7/site-packages/airflow/example_dags/example_branch_python_dop_operator_3.py
[2023-06-17T05:52:48.653+0000] {processor.py:826} INFO - Processing file /home/airflow/.local/lib/python3.7/site-packages/airflow/example_dags/example_branch_python_dop_operator_3.py for tasks to queue
[2023-06-17T05:52:48.654+0000] {logging_mixin.py:149} INFO - [2023-06-17T05:52:48.654+0000] {dagbag.py:541} INFO - Filling up the DagBag from /home/airflow/.local/lib/python3.7/site-packages/airflow/example_dags/example_branch_python_dop_operator_3.py
[2023-06-17T05:52:48.667+0000] {processor.py:836} INFO - DAG(s) dict_keys(['example_branch_dop_operator_v3']) retrieved from /home/airflow/.local/lib/python3.7/site-packages/airflow/example_dags/example_branch_python_dop_operator_3.py
[2023-06-17T05:52:48.707+0000] {logging_mixin.py:149} INFO - [2023-06-17T05:52:48.707+0000] {dag.py:2726} INFO - Sync 1 DAGs
[2023-06-17T05:52:48.758+0000] {logging_mixin.py:149} INFO - [2023-06-17T05:52:48.758+0000] {dag.py:3490} INFO - Setting next_dagrun for example_branch_dop_operator_v3 to 2023-06-17T05:51:00+00:00, run_after=2023-06-17T05:52:00+00:00
[2023-06-17T05:52:48.810+0000] {processor.py:179} INFO - Processing /home/airflow/.local/lib/python3.7/site-packages/airflow/example_dags/example_branch_python_dop_operator_3.py took 0.195 seconds
[2023-06-17T05:53:18.913+0000] {processor.py:157} INFO - Started process (PID=327) to work on /home/airflow/.local/lib/python3.7/site-packages/airflow/example_dags/example_branch_python_dop_operator_3.py
[2023-06-17T05:53:18.915+0000] {processor.py:826} INFO - Processing file /home/airflow/.local/lib/python3.7/site-packages/airflow/example_dags/example_branch_python_dop_operator_3.py for tasks to queue
[2023-06-17T05:53:18.916+0000] {logging_mixin.py:149} INFO - [2023-06-17T05:53:18.916+0000] {dagbag.py:541} INFO - Filling up the DagBag from /home/airflow/.local/lib/python3.7/site-packages/airflow/example_dags/example_branch_python_dop_operator_3.py
[2023-06-17T05:53:18.930+0000] {processor.py:836} INFO - DAG(s) dict_keys(['example_branch_dop_operator_v3']) retrieved from /home/airflow/.local/lib/python3.7/site-packages/airflow/example_dags/example_branch_python_dop_operator_3.py
[2023-06-17T05:53:18.964+0000] {logging_mixin.py:149} INFO - [2023-06-17T05:53:18.964+0000] {dag.py:2726} INFO - Sync 1 DAGs
[2023-06-17T05:53:19.005+0000] {logging_mixin.py:149} INFO - [2023-06-17T05:53:19.005+0000] {dag.py:3490} INFO - Setting next_dagrun for example_branch_dop_operator_v3 to 2023-06-17T05:52:00+00:00, run_after=2023-06-17T05:53:00+00:00
[2023-06-17T05:53:19.172+0000] {processor.py:179} INFO - Processing /home/airflow/.local/lib/python3.7/site-packages/airflow/example_dags/example_branch_python_dop_operator_3.py took 0.262 seconds
[2023-06-17T05:53:49.780+0000] {processor.py:157} INFO - Started process (PID=395) to work on /home/airflow/.local/lib/python3.7/site-packages/airflow/example_dags/example_branch_python_dop_operator_3.py
[2023-06-17T05:53:50.035+0000] {processor.py:826} INFO - Processing file /home/airflow/.local/lib/python3.7/site-packages/airflow/example_dags/example_branch_python_dop_operator_3.py for tasks to queue
[2023-06-17T05:53:50.036+0000] {logging_mixin.py:149} INFO - [2023-06-17T05:53:50.035+0000] {dagbag.py:541} INFO - Filling up the DagBag from /home/airflow/.local/lib/python3.7/site-packages/airflow/example_dags/example_branch_python_dop_operator_3.py
[2023-06-17T05:53:50.052+0000] {processor.py:836} INFO - DAG(s) dict_keys(['example_branch_dop_operator_v3']) retrieved from /home/airflow/.local/lib/python3.7/site-packages/airflow/example_dags/example_branch_python_dop_operator_3.py
[2023-06-17T05:53:50.097+0000] {logging_mixin.py:149} INFO - [2023-06-17T05:53:50.097+0000] {dag.py:2726} INFO - Sync 1 DAGs
[2023-06-17T05:53:50.156+0000] {logging_mixin.py:149} INFO - [2023-06-17T05:53:50.156+0000] {dag.py:3490} INFO - Setting next_dagrun for example_branch_dop_operator_v3 to 2023-06-17T05:52:00+00:00, run_after=2023-06-17T05:53:00+00:00
[2023-06-17T05:53:50.284+0000] {processor.py:179} INFO - Processing /home/airflow/.local/lib/python3.7/site-packages/airflow/example_dags/example_branch_python_dop_operator_3.py took 0.509 seconds
[2023-06-17T05:54:20.667+0000] {processor.py:157} INFO - Started process (PID=463) to work on /home/airflow/.local/lib/python3.7/site-packages/airflow/example_dags/example_branch_python_dop_operator_3.py
[2023-06-17T05:54:20.752+0000] {processor.py:826} INFO - Processing file /home/airflow/.local/lib/python3.7/site-packages/airflow/example_dags/example_branch_python_dop_operator_3.py for tasks to queue
[2023-06-17T05:54:20.754+0000] {logging_mixin.py:149} INFO - [2023-06-17T05:54:20.754+0000] {dagbag.py:541} INFO - Filling up the DagBag from /home/airflow/.local/lib/python3.7/site-packages/airflow/example_dags/example_branch_python_dop_operator_3.py
[2023-06-17T05:54:20.773+0000] {processor.py:836} INFO - DAG(s) dict_keys(['example_branch_dop_operator_v3']) retrieved from /home/airflow/.local/lib/python3.7/site-packages/airflow/example_dags/example_branch_python_dop_operator_3.py
[2023-06-17T05:54:20.836+0000] {logging_mixin.py:149} INFO - [2023-06-17T05:54:20.835+0000] {dag.py:2726} INFO - Sync 1 DAGs
[2023-06-17T05:54:20.893+0000] {logging_mixin.py:149} INFO - [2023-06-17T05:54:20.892+0000] {dag.py:3490} INFO - Setting next_dagrun for example_branch_dop_operator_v3 to 2023-06-17T05:53:00+00:00, run_after=2023-06-17T05:54:00+00:00
[2023-06-17T05:54:20.993+0000] {processor.py:179} INFO - Processing /home/airflow/.local/lib/python3.7/site-packages/airflow/example_dags/example_branch_python_dop_operator_3.py took 0.330 seconds
[2023-06-17T05:55:05.085+0000] {processor.py:157} INFO - Started process (PID=531) to work on /home/airflow/.local/lib/python3.7/site-packages/airflow/example_dags/example_branch_python_dop_operator_3.py
[2023-06-17T05:55:05.127+0000] {processor.py:826} INFO - Processing file /home/airflow/.local/lib/python3.7/site-packages/airflow/example_dags/example_branch_python_dop_operator_3.py for tasks to queue
[2023-06-17T05:55:05.129+0000] {logging_mixin.py:149} INFO - [2023-06-17T05:55:05.129+0000] {dagbag.py:541} INFO - Filling up the DagBag from /home/airflow/.local/lib/python3.7/site-packages/airflow/example_dags/example_branch_python_dop_operator_3.py
[2023-06-17T05:55:05.188+0000] {processor.py:836} INFO - DAG(s) dict_keys(['example_branch_dop_operator_v3']) retrieved from /home/airflow/.local/lib/python3.7/site-packages/airflow/example_dags/example_branch_python_dop_operator_3.py
[2023-06-17T05:55:05.270+0000] {logging_mixin.py:149} INFO - [2023-06-17T05:55:05.270+0000] {dag.py:2726} INFO - Sync 1 DAGs
[2023-06-17T05:55:05.334+0000] {logging_mixin.py:149} INFO - [2023-06-17T05:55:05.334+0000] {dag.py:3490} INFO - Setting next_dagrun for example_branch_dop_operator_v3 to 2023-06-17T05:54:00+00:00, run_after=2023-06-17T05:55:00+00:00
[2023-06-17T05:55:05.496+0000] {processor.py:179} INFO - Processing /home/airflow/.local/lib/python3.7/site-packages/airflow/example_dags/example_branch_python_dop_operator_3.py took 0.426 seconds
[2023-06-17T05:55:36.296+0000] {processor.py:157} INFO - Started process (PID=599) to work on /home/airflow/.local/lib/python3.7/site-packages/airflow/example_dags/example_branch_python_dop_operator_3.py
[2023-06-17T05:55:36.338+0000] {processor.py:826} INFO - Processing file /home/airflow/.local/lib/python3.7/site-packages/airflow/example_dags/example_branch_python_dop_operator_3.py for tasks to queue
[2023-06-17T05:55:36.340+0000] {logging_mixin.py:149} INFO - [2023-06-17T05:55:36.340+0000] {dagbag.py:541} INFO - Filling up the DagBag from /home/airflow/.local/lib/python3.7/site-packages/airflow/example_dags/example_branch_python_dop_operator_3.py
[2023-06-17T05:55:36.365+0000] {processor.py:836} INFO - DAG(s) dict_keys(['example_branch_dop_operator_v3']) retrieved from /home/airflow/.local/lib/python3.7/site-packages/airflow/example_dags/example_branch_python_dop_operator_3.py
[2023-06-17T05:55:36.398+0000] {logging_mixin.py:149} INFO - [2023-06-17T05:55:36.398+0000] {dag.py:2726} INFO - Sync 1 DAGs
[2023-06-17T05:55:36.436+0000] {logging_mixin.py:149} INFO - [2023-06-17T05:55:36.436+0000] {dag.py:3490} INFO - Setting next_dagrun for example_branch_dop_operator_v3 to 2023-06-17T05:54:00+00:00, run_after=2023-06-17T05:55:00+00:00
[2023-06-17T05:55:36.540+0000] {processor.py:179} INFO - Processing /home/airflow/.local/lib/python3.7/site-packages/airflow/example_dags/example_branch_python_dop_operator_3.py took 0.248 seconds
[2023-06-17T05:56:06.997+0000] {processor.py:157} INFO - Started process (PID=667) to work on /home/airflow/.local/lib/python3.7/site-packages/airflow/example_dags/example_branch_python_dop_operator_3.py
[2023-06-17T05:56:06.998+0000] {processor.py:826} INFO - Processing file /home/airflow/.local/lib/python3.7/site-packages/airflow/example_dags/example_branch_python_dop_operator_3.py for tasks to queue
[2023-06-17T05:56:06.999+0000] {logging_mixin.py:149} INFO - [2023-06-17T05:56:06.999+0000] {dagbag.py:541} INFO - Filling up the DagBag from /home/airflow/.local/lib/python3.7/site-packages/airflow/example_dags/example_branch_python_dop_operator_3.py
[2023-06-17T05:56:07.009+0000] {processor.py:836} INFO - DAG(s) dict_keys(['example_branch_dop_operator_v3']) retrieved from /home/airflow/.local/lib/python3.7/site-packages/airflow/example_dags/example_branch_python_dop_operator_3.py
[2023-06-17T05:56:07.049+0000] {logging_mixin.py:149} INFO - [2023-06-17T05:56:07.049+0000] {dag.py:2726} INFO - Sync 1 DAGs
[2023-06-17T05:56:07.104+0000] {logging_mixin.py:149} INFO - [2023-06-17T05:56:07.104+0000] {dag.py:3490} INFO - Setting next_dagrun for example_branch_dop_operator_v3 to 2023-06-17T05:55:00+00:00, run_after=2023-06-17T05:56:00+00:00
[2023-06-17T05:56:07.163+0000] {processor.py:179} INFO - Processing /home/airflow/.local/lib/python3.7/site-packages/airflow/example_dags/example_branch_python_dop_operator_3.py took 0.169 seconds
[2023-06-17T14:09:46.161+0000] {processor.py:157} INFO - Started process (PID=76) to work on /home/airflow/.local/lib/python3.7/site-packages/airflow/example_dags/example_branch_python_dop_operator_3.py
[2023-06-17T14:09:46.294+0000] {processor.py:826} INFO - Processing file /home/airflow/.local/lib/python3.7/site-packages/airflow/example_dags/example_branch_python_dop_operator_3.py for tasks to queue
[2023-06-17T14:09:46.295+0000] {logging_mixin.py:149} INFO - [2023-06-17T14:09:46.295+0000] {dagbag.py:541} INFO - Filling up the DagBag from /home/airflow/.local/lib/python3.7/site-packages/airflow/example_dags/example_branch_python_dop_operator_3.py
[2023-06-17T14:09:46.342+0000] {processor.py:836} INFO - DAG(s) dict_keys(['example_branch_dop_operator_v3']) retrieved from /home/airflow/.local/lib/python3.7/site-packages/airflow/example_dags/example_branch_python_dop_operator_3.py
[2023-06-17T14:09:46.395+0000] {logging_mixin.py:149} INFO - [2023-06-17T14:09:46.395+0000] {dag.py:2726} INFO - Sync 1 DAGs
[2023-06-17T14:09:46.467+0000] {logging_mixin.py:149} INFO - [2023-06-17T14:09:46.467+0000] {dag.py:3490} INFO - Setting next_dagrun for example_branch_dop_operator_v3 to 2023-06-17T14:08:00+00:00, run_after=2023-06-17T14:09:00+00:00
[2023-06-17T14:09:46.624+0000] {processor.py:179} INFO - Processing /home/airflow/.local/lib/python3.7/site-packages/airflow/example_dags/example_branch_python_dop_operator_3.py took 0.467 seconds
[2023-06-17T14:16:05.523+0000] {processor.py:157} INFO - Started process (PID=69) to work on /home/airflow/.local/lib/python3.7/site-packages/airflow/example_dags/example_branch_python_dop_operator_3.py
[2023-06-17T14:16:05.568+0000] {processor.py:826} INFO - Processing file /home/airflow/.local/lib/python3.7/site-packages/airflow/example_dags/example_branch_python_dop_operator_3.py for tasks to queue
[2023-06-17T14:16:05.570+0000] {logging_mixin.py:149} INFO - [2023-06-17T14:16:05.570+0000] {dagbag.py:541} INFO - Filling up the DagBag from /home/airflow/.local/lib/python3.7/site-packages/airflow/example_dags/example_branch_python_dop_operator_3.py
[2023-06-17T14:16:05.622+0000] {processor.py:836} INFO - DAG(s) dict_keys(['example_branch_dop_operator_v3']) retrieved from /home/airflow/.local/lib/python3.7/site-packages/airflow/example_dags/example_branch_python_dop_operator_3.py
[2023-06-17T14:16:05.667+0000] {logging_mixin.py:149} INFO - [2023-06-17T14:16:05.667+0000] {dag.py:2726} INFO - Sync 1 DAGs
[2023-06-17T14:16:05.710+0000] {logging_mixin.py:149} INFO - [2023-06-17T14:16:05.709+0000] {dag.py:3490} INFO - Setting next_dagrun for example_branch_dop_operator_v3 to 2023-06-17T14:15:00+00:00, run_after=2023-06-17T14:16:00+00:00
[2023-06-17T14:16:05.837+0000] {processor.py:179} INFO - Processing /home/airflow/.local/lib/python3.7/site-packages/airflow/example_dags/example_branch_python_dop_operator_3.py took 0.317 seconds
[2023-06-17T14:16:42.339+0000] {processor.py:157} INFO - Started process (PID=138) to work on /home/airflow/.local/lib/python3.7/site-packages/airflow/example_dags/example_branch_python_dop_operator_3.py
[2023-06-17T14:16:42.379+0000] {processor.py:826} INFO - Processing file /home/airflow/.local/lib/python3.7/site-packages/airflow/example_dags/example_branch_python_dop_operator_3.py for tasks to queue
[2023-06-17T14:16:42.381+0000] {logging_mixin.py:149} INFO - [2023-06-17T14:16:42.381+0000] {dagbag.py:541} INFO - Filling up the DagBag from /home/airflow/.local/lib/python3.7/site-packages/airflow/example_dags/example_branch_python_dop_operator_3.py
[2023-06-17T14:16:42.399+0000] {processor.py:836} INFO - DAG(s) dict_keys(['example_branch_dop_operator_v3']) retrieved from /home/airflow/.local/lib/python3.7/site-packages/airflow/example_dags/example_branch_python_dop_operator_3.py
[2023-06-17T14:16:42.441+0000] {logging_mixin.py:149} INFO - [2023-06-17T14:16:42.441+0000] {dag.py:2726} INFO - Sync 1 DAGs
[2023-06-17T14:16:42.503+0000] {logging_mixin.py:149} INFO - [2023-06-17T14:16:42.503+0000] {dag.py:3490} INFO - Setting next_dagrun for example_branch_dop_operator_v3 to 2023-06-17T14:15:00+00:00, run_after=2023-06-17T14:16:00+00:00
[2023-06-17T14:16:42.674+0000] {processor.py:179} INFO - Processing /home/airflow/.local/lib/python3.7/site-packages/airflow/example_dags/example_branch_python_dop_operator_3.py took 0.339 seconds
