[2023-06-17T05:51:20.164+0000] {processor.py:157} INFO - Started process (PID=86) to work on /home/airflow/.local/lib/python3.7/site-packages/airflow/example_dags/example_short_circuit_decorator.py
[2023-06-17T05:51:20.165+0000] {processor.py:826} INFO - Processing file /home/airflow/.local/lib/python3.7/site-packages/airflow/example_dags/example_short_circuit_decorator.py for tasks to queue
[2023-06-17T05:51:20.166+0000] {logging_mixin.py:149} INFO - [2023-06-17T05:51:20.166+0000] {dagbag.py:541} INFO - Filling up the DagBag from /home/airflow/.local/lib/python3.7/site-packages/airflow/example_dags/example_short_circuit_decorator.py
[2023-06-17T05:51:20.239+0000] {processor.py:836} INFO - DAG(s) dict_keys(['example_short_circuit_decorator']) retrieved from /home/airflow/.local/lib/python3.7/site-packages/airflow/example_dags/example_short_circuit_decorator.py
[2023-06-17T05:51:20.279+0000] {logging_mixin.py:149} INFO - [2023-06-17T05:51:20.279+0000] {dag.py:2726} INFO - Sync 1 DAGs
[2023-06-17T05:51:20.320+0000] {logging_mixin.py:149} INFO - [2023-06-17T05:51:20.320+0000] {dag.py:3490} INFO - Setting next_dagrun for example_short_circuit_decorator to 2023-06-16T05:51:20.319810+00:00, run_after=2023-06-17T05:51:20.319810+00:00
[2023-06-17T05:51:20.416+0000] {processor.py:179} INFO - Processing /home/airflow/.local/lib/python3.7/site-packages/airflow/example_dags/example_short_circuit_decorator.py took 0.256 seconds
[2023-06-17T05:51:54.348+0000] {processor.py:157} INFO - Started process (PID=147) to work on /home/airflow/.local/lib/python3.7/site-packages/airflow/example_dags/example_short_circuit_decorator.py
[2023-06-17T05:51:54.408+0000] {processor.py:826} INFO - Processing file /home/airflow/.local/lib/python3.7/site-packages/airflow/example_dags/example_short_circuit_decorator.py for tasks to queue
[2023-06-17T05:51:54.412+0000] {logging_mixin.py:149} INFO - [2023-06-17T05:51:54.411+0000] {dagbag.py:541} INFO - Filling up the DagBag from /home/airflow/.local/lib/python3.7/site-packages/airflow/example_dags/example_short_circuit_decorator.py
[2023-06-17T05:51:54.463+0000] {processor.py:836} INFO - DAG(s) dict_keys(['example_short_circuit_decorator']) retrieved from /home/airflow/.local/lib/python3.7/site-packages/airflow/example_dags/example_short_circuit_decorator.py
[2023-06-17T05:51:54.564+0000] {logging_mixin.py:149} INFO - [2023-06-17T05:51:54.564+0000] {dag.py:2726} INFO - Sync 1 DAGs
[2023-06-17T05:51:54.618+0000] {logging_mixin.py:149} INFO - [2023-06-17T05:51:54.617+0000] {dag.py:3490} INFO - Setting next_dagrun for example_short_circuit_decorator to 2023-06-16T05:51:54.617332+00:00, run_after=2023-06-17T05:51:54.617332+00:00
[2023-06-17T05:51:54.972+0000] {processor.py:179} INFO - Processing /home/airflow/.local/lib/python3.7/site-packages/airflow/example_dags/example_short_circuit_decorator.py took 0.628 seconds
[2023-06-17T05:52:31.062+0000] {processor.py:157} INFO - Started process (PID=218) to work on /home/airflow/.local/lib/python3.7/site-packages/airflow/example_dags/example_short_circuit_decorator.py
[2023-06-17T05:52:31.063+0000] {processor.py:826} INFO - Processing file /home/airflow/.local/lib/python3.7/site-packages/airflow/example_dags/example_short_circuit_decorator.py for tasks to queue
[2023-06-17T05:52:31.064+0000] {logging_mixin.py:149} INFO - [2023-06-17T05:52:31.064+0000] {dagbag.py:541} INFO - Filling up the DagBag from /home/airflow/.local/lib/python3.7/site-packages/airflow/example_dags/example_short_circuit_decorator.py
[2023-06-17T05:52:31.076+0000] {processor.py:836} INFO - DAG(s) dict_keys(['example_short_circuit_decorator']) retrieved from /home/airflow/.local/lib/python3.7/site-packages/airflow/example_dags/example_short_circuit_decorator.py
[2023-06-17T05:52:31.262+0000] {logging_mixin.py:149} INFO - [2023-06-17T05:52:31.262+0000] {dag.py:2726} INFO - Sync 1 DAGs
[2023-06-17T05:52:31.294+0000] {logging_mixin.py:149} INFO - [2023-06-17T05:52:31.294+0000] {dag.py:3490} INFO - Setting next_dagrun for example_short_circuit_decorator to 2023-06-16T05:52:31.293960+00:00, run_after=2023-06-17T05:52:31.293960+00:00
[2023-06-17T05:52:31.325+0000] {processor.py:179} INFO - Processing /home/airflow/.local/lib/python3.7/site-packages/airflow/example_dags/example_short_circuit_decorator.py took 0.267 seconds
[2023-06-17T05:53:02.020+0000] {processor.py:157} INFO - Started process (PID=286) to work on /home/airflow/.local/lib/python3.7/site-packages/airflow/example_dags/example_short_circuit_decorator.py
[2023-06-17T05:53:02.022+0000] {processor.py:826} INFO - Processing file /home/airflow/.local/lib/python3.7/site-packages/airflow/example_dags/example_short_circuit_decorator.py for tasks to queue
[2023-06-17T05:53:02.023+0000] {logging_mixin.py:149} INFO - [2023-06-17T05:53:02.023+0000] {dagbag.py:541} INFO - Filling up the DagBag from /home/airflow/.local/lib/python3.7/site-packages/airflow/example_dags/example_short_circuit_decorator.py
[2023-06-17T05:53:02.037+0000] {processor.py:836} INFO - DAG(s) dict_keys(['example_short_circuit_decorator']) retrieved from /home/airflow/.local/lib/python3.7/site-packages/airflow/example_dags/example_short_circuit_decorator.py
[2023-06-17T05:53:02.073+0000] {logging_mixin.py:149} INFO - [2023-06-17T05:53:02.073+0000] {dag.py:2726} INFO - Sync 1 DAGs
[2023-06-17T05:53:02.108+0000] {logging_mixin.py:149} INFO - [2023-06-17T05:53:02.108+0000] {dag.py:3490} INFO - Setting next_dagrun for example_short_circuit_decorator to 2023-06-16T05:53:02.108187+00:00, run_after=2023-06-17T05:53:02.108187+00:00
[2023-06-17T05:53:02.154+0000] {processor.py:179} INFO - Processing /home/airflow/.local/lib/python3.7/site-packages/airflow/example_dags/example_short_circuit_decorator.py took 0.139 seconds
[2023-06-17T05:53:32.761+0000] {processor.py:157} INFO - Started process (PID=354) to work on /home/airflow/.local/lib/python3.7/site-packages/airflow/example_dags/example_short_circuit_decorator.py
[2023-06-17T05:53:32.762+0000] {processor.py:826} INFO - Processing file /home/airflow/.local/lib/python3.7/site-packages/airflow/example_dags/example_short_circuit_decorator.py for tasks to queue
[2023-06-17T05:53:32.762+0000] {logging_mixin.py:149} INFO - [2023-06-17T05:53:32.762+0000] {dagbag.py:541} INFO - Filling up the DagBag from /home/airflow/.local/lib/python3.7/site-packages/airflow/example_dags/example_short_circuit_decorator.py
[2023-06-17T05:53:32.775+0000] {processor.py:836} INFO - DAG(s) dict_keys(['example_short_circuit_decorator']) retrieved from /home/airflow/.local/lib/python3.7/site-packages/airflow/example_dags/example_short_circuit_decorator.py
[2023-06-17T05:53:32.810+0000] {logging_mixin.py:149} INFO - [2023-06-17T05:53:32.810+0000] {dag.py:2726} INFO - Sync 1 DAGs
[2023-06-17T05:53:32.847+0000] {logging_mixin.py:149} INFO - [2023-06-17T05:53:32.847+0000] {dag.py:3490} INFO - Setting next_dagrun for example_short_circuit_decorator to 2023-06-16T05:53:32.846722+00:00, run_after=2023-06-17T05:53:32.846722+00:00
[2023-06-17T05:53:32.921+0000] {processor.py:179} INFO - Processing /home/airflow/.local/lib/python3.7/site-packages/airflow/example_dags/example_short_circuit_decorator.py took 0.164 seconds
[2023-06-17T05:54:03.352+0000] {processor.py:157} INFO - Started process (PID=422) to work on /home/airflow/.local/lib/python3.7/site-packages/airflow/example_dags/example_short_circuit_decorator.py
[2023-06-17T05:54:03.379+0000] {processor.py:826} INFO - Processing file /home/airflow/.local/lib/python3.7/site-packages/airflow/example_dags/example_short_circuit_decorator.py for tasks to queue
[2023-06-17T05:54:03.381+0000] {logging_mixin.py:149} INFO - [2023-06-17T05:54:03.380+0000] {dagbag.py:541} INFO - Filling up the DagBag from /home/airflow/.local/lib/python3.7/site-packages/airflow/example_dags/example_short_circuit_decorator.py
[2023-06-17T05:54:03.395+0000] {processor.py:836} INFO - DAG(s) dict_keys(['example_short_circuit_decorator']) retrieved from /home/airflow/.local/lib/python3.7/site-packages/airflow/example_dags/example_short_circuit_decorator.py
[2023-06-17T05:54:03.432+0000] {logging_mixin.py:149} INFO - [2023-06-17T05:54:03.432+0000] {dag.py:2726} INFO - Sync 1 DAGs
[2023-06-17T05:54:03.465+0000] {logging_mixin.py:149} INFO - [2023-06-17T05:54:03.465+0000] {dag.py:3490} INFO - Setting next_dagrun for example_short_circuit_decorator to 2023-06-16T05:54:03.465031+00:00, run_after=2023-06-17T05:54:03.465031+00:00
[2023-06-17T05:54:03.516+0000] {processor.py:179} INFO - Processing /home/airflow/.local/lib/python3.7/site-packages/airflow/example_dags/example_short_circuit_decorator.py took 0.168 seconds
[2023-06-17T05:54:48.059+0000] {processor.py:157} INFO - Started process (PID=496) to work on /home/airflow/.local/lib/python3.7/site-packages/airflow/example_dags/example_short_circuit_decorator.py
[2023-06-17T05:54:48.190+0000] {processor.py:826} INFO - Processing file /home/airflow/.local/lib/python3.7/site-packages/airflow/example_dags/example_short_circuit_decorator.py for tasks to queue
[2023-06-17T05:54:48.192+0000] {logging_mixin.py:149} INFO - [2023-06-17T05:54:48.192+0000] {dagbag.py:541} INFO - Filling up the DagBag from /home/airflow/.local/lib/python3.7/site-packages/airflow/example_dags/example_short_circuit_decorator.py
[2023-06-17T05:54:48.275+0000] {processor.py:836} INFO - DAG(s) dict_keys(['example_short_circuit_decorator']) retrieved from /home/airflow/.local/lib/python3.7/site-packages/airflow/example_dags/example_short_circuit_decorator.py
[2023-06-17T05:54:48.340+0000] {logging_mixin.py:149} INFO - [2023-06-17T05:54:48.340+0000] {dag.py:2726} INFO - Sync 1 DAGs
[2023-06-17T05:54:48.398+0000] {logging_mixin.py:149} INFO - [2023-06-17T05:54:48.398+0000] {dag.py:3490} INFO - Setting next_dagrun for example_short_circuit_decorator to 2023-06-16T05:54:48.398080+00:00, run_after=2023-06-17T05:54:48.398080+00:00
[2023-06-17T05:54:48.574+0000] {processor.py:179} INFO - Processing /home/airflow/.local/lib/python3.7/site-packages/airflow/example_dags/example_short_circuit_decorator.py took 0.519 seconds
[2023-06-17T05:55:18.640+0000] {processor.py:157} INFO - Started process (PID=560) to work on /home/airflow/.local/lib/python3.7/site-packages/airflow/example_dags/example_short_circuit_decorator.py
[2023-06-17T05:55:18.692+0000] {processor.py:826} INFO - Processing file /home/airflow/.local/lib/python3.7/site-packages/airflow/example_dags/example_short_circuit_decorator.py for tasks to queue
[2023-06-17T05:55:18.694+0000] {logging_mixin.py:149} INFO - [2023-06-17T05:55:18.693+0000] {dagbag.py:541} INFO - Filling up the DagBag from /home/airflow/.local/lib/python3.7/site-packages/airflow/example_dags/example_short_circuit_decorator.py
[2023-06-17T05:55:18.722+0000] {processor.py:836} INFO - DAG(s) dict_keys(['example_short_circuit_decorator']) retrieved from /home/airflow/.local/lib/python3.7/site-packages/airflow/example_dags/example_short_circuit_decorator.py
[2023-06-17T05:55:18.760+0000] {logging_mixin.py:149} INFO - [2023-06-17T05:55:18.760+0000] {dag.py:2726} INFO - Sync 1 DAGs
[2023-06-17T05:55:18.802+0000] {logging_mixin.py:149} INFO - [2023-06-17T05:55:18.801+0000] {dag.py:3490} INFO - Setting next_dagrun for example_short_circuit_decorator to 2023-06-16T05:55:18.801576+00:00, run_after=2023-06-17T05:55:18.801576+00:00
[2023-06-17T05:55:18.951+0000] {processor.py:179} INFO - Processing /home/airflow/.local/lib/python3.7/site-packages/airflow/example_dags/example_short_circuit_decorator.py took 0.315 seconds
[2023-06-17T05:55:49.177+0000] {processor.py:157} INFO - Started process (PID=628) to work on /home/airflow/.local/lib/python3.7/site-packages/airflow/example_dags/example_short_circuit_decorator.py
[2023-06-17T05:55:49.204+0000] {processor.py:826} INFO - Processing file /home/airflow/.local/lib/python3.7/site-packages/airflow/example_dags/example_short_circuit_decorator.py for tasks to queue
[2023-06-17T05:55:49.205+0000] {logging_mixin.py:149} INFO - [2023-06-17T05:55:49.205+0000] {dagbag.py:541} INFO - Filling up the DagBag from /home/airflow/.local/lib/python3.7/site-packages/airflow/example_dags/example_short_circuit_decorator.py
[2023-06-17T05:55:49.218+0000] {processor.py:836} INFO - DAG(s) dict_keys(['example_short_circuit_decorator']) retrieved from /home/airflow/.local/lib/python3.7/site-packages/airflow/example_dags/example_short_circuit_decorator.py
[2023-06-17T05:55:49.254+0000] {logging_mixin.py:149} INFO - [2023-06-17T05:55:49.254+0000] {dag.py:2726} INFO - Sync 1 DAGs
[2023-06-17T05:55:49.287+0000] {logging_mixin.py:149} INFO - [2023-06-17T05:55:49.287+0000] {dag.py:3490} INFO - Setting next_dagrun for example_short_circuit_decorator to 2023-06-16T05:55:49.287053+00:00, run_after=2023-06-17T05:55:49.287053+00:00
[2023-06-17T05:55:49.407+0000] {processor.py:179} INFO - Processing /home/airflow/.local/lib/python3.7/site-packages/airflow/example_dags/example_short_circuit_decorator.py took 0.237 seconds
