[2023-06-17T05:51:15.910+0000] {processor.py:157} INFO - Started process (PID=68) to work on /home/airflow/.local/lib/python3.7/site-packages/airflow/example_dags/example_python_operator.py
[2023-06-17T05:51:15.911+0000] {processor.py:826} INFO - Processing file /home/airflow/.local/lib/python3.7/site-packages/airflow/example_dags/example_python_operator.py for tasks to queue
[2023-06-17T05:51:15.912+0000] {logging_mixin.py:149} INFO - [2023-06-17T05:51:15.911+0000] {dagbag.py:541} INFO - Filling up the DagBag from /home/airflow/.local/lib/python3.7/site-packages/airflow/example_dags/example_python_operator.py
[2023-06-17T05:51:16.024+0000] {logging_mixin.py:149} INFO - [2023-06-17T05:51:16.023+0000] {taskmixin.py:211} WARNING - Dependency <Task(_PythonDecoratedOperator): print_the_context>, log_sql_query already registered for DAG: example_python_operator
[2023-06-17T05:51:16.025+0000] {logging_mixin.py:149} INFO - [2023-06-17T05:51:16.024+0000] {taskmixin.py:211} WARNING - Dependency <Task(_PythonDecoratedOperator): log_sql_query>, print_the_context already registered for DAG: example_python_operator
[2023-06-17T05:51:16.028+0000] {logging_mixin.py:149} INFO - [2023-06-17T05:51:16.027+0000] {taskmixin.py:211} WARNING - Dependency <Task(_PythonDecoratedOperator): print_the_context>, log_sql_query already registered for DAG: example_python_operator
[2023-06-17T05:51:16.029+0000] {logging_mixin.py:149} INFO - [2023-06-17T05:51:16.028+0000] {taskmixin.py:211} WARNING - Dependency <Task(_PythonDecoratedOperator): log_sql_query>, print_the_context already registered for DAG: example_python_operator
[2023-06-17T05:51:16.031+0000] {logging_mixin.py:149} INFO - [2023-06-17T05:51:16.031+0000] {taskmixin.py:211} WARNING - Dependency <Task(_PythonDecoratedOperator): print_the_context>, log_sql_query already registered for DAG: example_python_operator
[2023-06-17T05:51:16.032+0000] {logging_mixin.py:149} INFO - [2023-06-17T05:51:16.031+0000] {taskmixin.py:211} WARNING - Dependency <Task(_PythonDecoratedOperator): log_sql_query>, print_the_context already registered for DAG: example_python_operator
[2023-06-17T05:51:16.034+0000] {logging_mixin.py:149} INFO - [2023-06-17T05:51:16.034+0000] {taskmixin.py:211} WARNING - Dependency <Task(_PythonDecoratedOperator): print_the_context>, log_sql_query already registered for DAG: example_python_operator
[2023-06-17T05:51:16.035+0000] {logging_mixin.py:149} INFO - [2023-06-17T05:51:16.034+0000] {taskmixin.py:211} WARNING - Dependency <Task(_PythonDecoratedOperator): log_sql_query>, print_the_context already registered for DAG: example_python_operator
[2023-06-17T05:51:16.045+0000] {processor.py:836} INFO - DAG(s) dict_keys(['example_python_operator']) retrieved from /home/airflow/.local/lib/python3.7/site-packages/airflow/example_dags/example_python_operator.py
[2023-06-17T05:51:16.937+0000] {logging_mixin.py:149} INFO - [2023-06-17T05:51:16.937+0000] {dag.py:2726} INFO - Sync 1 DAGs
[2023-06-17T05:51:16.969+0000] {logging_mixin.py:149} INFO - [2023-06-17T05:51:16.969+0000] {dag.py:3490} INFO - Setting next_dagrun for example_python_operator to None, run_after=None
[2023-06-17T05:51:17.151+0000] {processor.py:179} INFO - Processing /home/airflow/.local/lib/python3.7/site-packages/airflow/example_dags/example_python_operator.py took 1.245 seconds
[2023-06-17T05:51:47.785+0000] {processor.py:157} INFO - Started process (PID=125) to work on /home/airflow/.local/lib/python3.7/site-packages/airflow/example_dags/example_python_operator.py
[2023-06-17T05:51:47.841+0000] {processor.py:826} INFO - Processing file /home/airflow/.local/lib/python3.7/site-packages/airflow/example_dags/example_python_operator.py for tasks to queue
[2023-06-17T05:51:47.843+0000] {logging_mixin.py:149} INFO - [2023-06-17T05:51:47.843+0000] {dagbag.py:541} INFO - Filling up the DagBag from /home/airflow/.local/lib/python3.7/site-packages/airflow/example_dags/example_python_operator.py
[2023-06-17T05:51:47.863+0000] {logging_mixin.py:149} INFO - [2023-06-17T05:51:47.863+0000] {taskmixin.py:211} WARNING - Dependency <Task(_PythonDecoratedOperator): print_the_context>, log_sql_query already registered for DAG: example_python_operator
[2023-06-17T05:51:47.864+0000] {logging_mixin.py:149} INFO - [2023-06-17T05:51:47.864+0000] {taskmixin.py:211} WARNING - Dependency <Task(_PythonDecoratedOperator): log_sql_query>, print_the_context already registered for DAG: example_python_operator
[2023-06-17T05:51:47.866+0000] {logging_mixin.py:149} INFO - [2023-06-17T05:51:47.866+0000] {taskmixin.py:211} WARNING - Dependency <Task(_PythonDecoratedOperator): print_the_context>, log_sql_query already registered for DAG: example_python_operator
[2023-06-17T05:51:47.867+0000] {logging_mixin.py:149} INFO - [2023-06-17T05:51:47.867+0000] {taskmixin.py:211} WARNING - Dependency <Task(_PythonDecoratedOperator): log_sql_query>, print_the_context already registered for DAG: example_python_operator
[2023-06-17T05:51:47.869+0000] {logging_mixin.py:149} INFO - [2023-06-17T05:51:47.869+0000] {taskmixin.py:211} WARNING - Dependency <Task(_PythonDecoratedOperator): print_the_context>, log_sql_query already registered for DAG: example_python_operator
[2023-06-17T05:51:47.870+0000] {logging_mixin.py:149} INFO - [2023-06-17T05:51:47.870+0000] {taskmixin.py:211} WARNING - Dependency <Task(_PythonDecoratedOperator): log_sql_query>, print_the_context already registered for DAG: example_python_operator
[2023-06-17T05:51:47.872+0000] {logging_mixin.py:149} INFO - [2023-06-17T05:51:47.872+0000] {taskmixin.py:211} WARNING - Dependency <Task(_PythonDecoratedOperator): print_the_context>, log_sql_query already registered for DAG: example_python_operator
[2023-06-17T05:51:47.873+0000] {logging_mixin.py:149} INFO - [2023-06-17T05:51:47.873+0000] {taskmixin.py:211} WARNING - Dependency <Task(_PythonDecoratedOperator): log_sql_query>, print_the_context already registered for DAG: example_python_operator
[2023-06-17T05:51:47.879+0000] {processor.py:836} INFO - DAG(s) dict_keys(['example_python_operator']) retrieved from /home/airflow/.local/lib/python3.7/site-packages/airflow/example_dags/example_python_operator.py
[2023-06-17T05:51:47.928+0000] {logging_mixin.py:149} INFO - [2023-06-17T05:51:47.928+0000] {dag.py:2726} INFO - Sync 1 DAGs
[2023-06-17T05:51:47.976+0000] {logging_mixin.py:149} INFO - [2023-06-17T05:51:47.975+0000] {dag.py:3490} INFO - Setting next_dagrun for example_python_operator to None, run_after=None
[2023-06-17T05:51:48.140+0000] {processor.py:179} INFO - Processing /home/airflow/.local/lib/python3.7/site-packages/airflow/example_dags/example_python_operator.py took 0.363 seconds
[2023-06-17T05:52:18.750+0000] {processor.py:157} INFO - Started process (PID=193) to work on /home/airflow/.local/lib/python3.7/site-packages/airflow/example_dags/example_python_operator.py
[2023-06-17T05:52:18.801+0000] {processor.py:826} INFO - Processing file /home/airflow/.local/lib/python3.7/site-packages/airflow/example_dags/example_python_operator.py for tasks to queue
[2023-06-17T05:52:18.802+0000] {logging_mixin.py:149} INFO - [2023-06-17T05:52:18.802+0000] {dagbag.py:541} INFO - Filling up the DagBag from /home/airflow/.local/lib/python3.7/site-packages/airflow/example_dags/example_python_operator.py
[2023-06-17T05:52:18.810+0000] {logging_mixin.py:149} INFO - [2023-06-17T05:52:18.810+0000] {taskmixin.py:211} WARNING - Dependency <Task(_PythonDecoratedOperator): print_the_context>, log_sql_query already registered for DAG: example_python_operator
[2023-06-17T05:52:18.810+0000] {logging_mixin.py:149} INFO - [2023-06-17T05:52:18.810+0000] {taskmixin.py:211} WARNING - Dependency <Task(_PythonDecoratedOperator): log_sql_query>, print_the_context already registered for DAG: example_python_operator
[2023-06-17T05:52:18.811+0000] {logging_mixin.py:149} INFO - [2023-06-17T05:52:18.811+0000] {taskmixin.py:211} WARNING - Dependency <Task(_PythonDecoratedOperator): print_the_context>, log_sql_query already registered for DAG: example_python_operator
[2023-06-17T05:52:18.812+0000] {logging_mixin.py:149} INFO - [2023-06-17T05:52:18.811+0000] {taskmixin.py:211} WARNING - Dependency <Task(_PythonDecoratedOperator): log_sql_query>, print_the_context already registered for DAG: example_python_operator
[2023-06-17T05:52:18.813+0000] {logging_mixin.py:149} INFO - [2023-06-17T05:52:18.812+0000] {taskmixin.py:211} WARNING - Dependency <Task(_PythonDecoratedOperator): print_the_context>, log_sql_query already registered for DAG: example_python_operator
[2023-06-17T05:52:18.813+0000] {logging_mixin.py:149} INFO - [2023-06-17T05:52:18.813+0000] {taskmixin.py:211} WARNING - Dependency <Task(_PythonDecoratedOperator): log_sql_query>, print_the_context already registered for DAG: example_python_operator
[2023-06-17T05:52:18.814+0000] {logging_mixin.py:149} INFO - [2023-06-17T05:52:18.814+0000] {taskmixin.py:211} WARNING - Dependency <Task(_PythonDecoratedOperator): print_the_context>, log_sql_query already registered for DAG: example_python_operator
[2023-06-17T05:52:18.814+0000] {logging_mixin.py:149} INFO - [2023-06-17T05:52:18.814+0000] {taskmixin.py:211} WARNING - Dependency <Task(_PythonDecoratedOperator): log_sql_query>, print_the_context already registered for DAG: example_python_operator
[2023-06-17T05:52:18.817+0000] {processor.py:836} INFO - DAG(s) dict_keys(['example_python_operator']) retrieved from /home/airflow/.local/lib/python3.7/site-packages/airflow/example_dags/example_python_operator.py
[2023-06-17T05:52:19.129+0000] {logging_mixin.py:149} INFO - [2023-06-17T05:52:19.129+0000] {dag.py:2726} INFO - Sync 1 DAGs
[2023-06-17T05:52:19.170+0000] {logging_mixin.py:149} INFO - [2023-06-17T05:52:19.170+0000] {dag.py:3490} INFO - Setting next_dagrun for example_python_operator to None, run_after=None
[2023-06-17T05:52:19.259+0000] {processor.py:179} INFO - Processing /home/airflow/.local/lib/python3.7/site-packages/airflow/example_dags/example_python_operator.py took 0.514 seconds
[2023-06-17T05:52:49.867+0000] {processor.py:157} INFO - Started process (PID=261) to work on /home/airflow/.local/lib/python3.7/site-packages/airflow/example_dags/example_python_operator.py
[2023-06-17T05:52:49.970+0000] {processor.py:826} INFO - Processing file /home/airflow/.local/lib/python3.7/site-packages/airflow/example_dags/example_python_operator.py for tasks to queue
[2023-06-17T05:52:49.971+0000] {logging_mixin.py:149} INFO - [2023-06-17T05:52:49.971+0000] {dagbag.py:541} INFO - Filling up the DagBag from /home/airflow/.local/lib/python3.7/site-packages/airflow/example_dags/example_python_operator.py
[2023-06-17T05:52:49.979+0000] {logging_mixin.py:149} INFO - [2023-06-17T05:52:49.979+0000] {taskmixin.py:211} WARNING - Dependency <Task(_PythonDecoratedOperator): print_the_context>, log_sql_query already registered for DAG: example_python_operator
[2023-06-17T05:52:49.979+0000] {logging_mixin.py:149} INFO - [2023-06-17T05:52:49.979+0000] {taskmixin.py:211} WARNING - Dependency <Task(_PythonDecoratedOperator): log_sql_query>, print_the_context already registered for DAG: example_python_operator
[2023-06-17T05:52:49.980+0000] {logging_mixin.py:149} INFO - [2023-06-17T05:52:49.980+0000] {taskmixin.py:211} WARNING - Dependency <Task(_PythonDecoratedOperator): print_the_context>, log_sql_query already registered for DAG: example_python_operator
[2023-06-17T05:52:49.980+0000] {logging_mixin.py:149} INFO - [2023-06-17T05:52:49.980+0000] {taskmixin.py:211} WARNING - Dependency <Task(_PythonDecoratedOperator): log_sql_query>, print_the_context already registered for DAG: example_python_operator
[2023-06-17T05:52:49.981+0000] {logging_mixin.py:149} INFO - [2023-06-17T05:52:49.981+0000] {taskmixin.py:211} WARNING - Dependency <Task(_PythonDecoratedOperator): print_the_context>, log_sql_query already registered for DAG: example_python_operator
[2023-06-17T05:52:49.981+0000] {logging_mixin.py:149} INFO - [2023-06-17T05:52:49.981+0000] {taskmixin.py:211} WARNING - Dependency <Task(_PythonDecoratedOperator): log_sql_query>, print_the_context already registered for DAG: example_python_operator
[2023-06-17T05:52:49.982+0000] {logging_mixin.py:149} INFO - [2023-06-17T05:52:49.982+0000] {taskmixin.py:211} WARNING - Dependency <Task(_PythonDecoratedOperator): print_the_context>, log_sql_query already registered for DAG: example_python_operator
[2023-06-17T05:52:49.982+0000] {logging_mixin.py:149} INFO - [2023-06-17T05:52:49.982+0000] {taskmixin.py:211} WARNING - Dependency <Task(_PythonDecoratedOperator): log_sql_query>, print_the_context already registered for DAG: example_python_operator
[2023-06-17T05:52:49.988+0000] {processor.py:836} INFO - DAG(s) dict_keys(['example_python_operator']) retrieved from /home/airflow/.local/lib/python3.7/site-packages/airflow/example_dags/example_python_operator.py
[2023-06-17T05:52:50.031+0000] {logging_mixin.py:149} INFO - [2023-06-17T05:52:50.031+0000] {dag.py:2726} INFO - Sync 1 DAGs
[2023-06-17T05:52:50.069+0000] {logging_mixin.py:149} INFO - [2023-06-17T05:52:50.069+0000] {dag.py:3490} INFO - Setting next_dagrun for example_python_operator to None, run_after=None
[2023-06-17T05:52:50.106+0000] {processor.py:179} INFO - Processing /home/airflow/.local/lib/python3.7/site-packages/airflow/example_dags/example_python_operator.py took 0.245 seconds
[2023-06-17T05:53:20.236+0000] {processor.py:157} INFO - Started process (PID=329) to work on /home/airflow/.local/lib/python3.7/site-packages/airflow/example_dags/example_python_operator.py
[2023-06-17T05:53:20.238+0000] {processor.py:826} INFO - Processing file /home/airflow/.local/lib/python3.7/site-packages/airflow/example_dags/example_python_operator.py for tasks to queue
[2023-06-17T05:53:20.243+0000] {logging_mixin.py:149} INFO - [2023-06-17T05:53:20.243+0000] {dagbag.py:541} INFO - Filling up the DagBag from /home/airflow/.local/lib/python3.7/site-packages/airflow/example_dags/example_python_operator.py
[2023-06-17T05:53:20.256+0000] {logging_mixin.py:149} INFO - [2023-06-17T05:53:20.255+0000] {taskmixin.py:211} WARNING - Dependency <Task(_PythonDecoratedOperator): print_the_context>, log_sql_query already registered for DAG: example_python_operator
[2023-06-17T05:53:20.256+0000] {logging_mixin.py:149} INFO - [2023-06-17T05:53:20.256+0000] {taskmixin.py:211} WARNING - Dependency <Task(_PythonDecoratedOperator): log_sql_query>, print_the_context already registered for DAG: example_python_operator
[2023-06-17T05:53:20.257+0000] {logging_mixin.py:149} INFO - [2023-06-17T05:53:20.257+0000] {taskmixin.py:211} WARNING - Dependency <Task(_PythonDecoratedOperator): print_the_context>, log_sql_query already registered for DAG: example_python_operator
[2023-06-17T05:53:20.258+0000] {logging_mixin.py:149} INFO - [2023-06-17T05:53:20.258+0000] {taskmixin.py:211} WARNING - Dependency <Task(_PythonDecoratedOperator): log_sql_query>, print_the_context already registered for DAG: example_python_operator
[2023-06-17T05:53:20.259+0000] {logging_mixin.py:149} INFO - [2023-06-17T05:53:20.259+0000] {taskmixin.py:211} WARNING - Dependency <Task(_PythonDecoratedOperator): print_the_context>, log_sql_query already registered for DAG: example_python_operator
[2023-06-17T05:53:20.259+0000] {logging_mixin.py:149} INFO - [2023-06-17T05:53:20.259+0000] {taskmixin.py:211} WARNING - Dependency <Task(_PythonDecoratedOperator): log_sql_query>, print_the_context already registered for DAG: example_python_operator
[2023-06-17T05:53:20.261+0000] {logging_mixin.py:149} INFO - [2023-06-17T05:53:20.261+0000] {taskmixin.py:211} WARNING - Dependency <Task(_PythonDecoratedOperator): print_the_context>, log_sql_query already registered for DAG: example_python_operator
[2023-06-17T05:53:20.261+0000] {logging_mixin.py:149} INFO - [2023-06-17T05:53:20.261+0000] {taskmixin.py:211} WARNING - Dependency <Task(_PythonDecoratedOperator): log_sql_query>, print_the_context already registered for DAG: example_python_operator
[2023-06-17T05:53:20.267+0000] {processor.py:836} INFO - DAG(s) dict_keys(['example_python_operator']) retrieved from /home/airflow/.local/lib/python3.7/site-packages/airflow/example_dags/example_python_operator.py
[2023-06-17T05:53:20.304+0000] {logging_mixin.py:149} INFO - [2023-06-17T05:53:20.304+0000] {dag.py:2726} INFO - Sync 1 DAGs
[2023-06-17T05:53:20.344+0000] {logging_mixin.py:149} INFO - [2023-06-17T05:53:20.344+0000] {dag.py:3490} INFO - Setting next_dagrun for example_python_operator to None, run_after=None
[2023-06-17T05:53:20.469+0000] {processor.py:179} INFO - Processing /home/airflow/.local/lib/python3.7/site-packages/airflow/example_dags/example_python_operator.py took 0.241 seconds
[2023-06-17T05:53:51.227+0000] {processor.py:157} INFO - Started process (PID=397) to work on /home/airflow/.local/lib/python3.7/site-packages/airflow/example_dags/example_python_operator.py
[2023-06-17T05:53:51.321+0000] {processor.py:826} INFO - Processing file /home/airflow/.local/lib/python3.7/site-packages/airflow/example_dags/example_python_operator.py for tasks to queue
[2023-06-17T05:53:51.322+0000] {logging_mixin.py:149} INFO - [2023-06-17T05:53:51.322+0000] {dagbag.py:541} INFO - Filling up the DagBag from /home/airflow/.local/lib/python3.7/site-packages/airflow/example_dags/example_python_operator.py
[2023-06-17T05:53:51.334+0000] {logging_mixin.py:149} INFO - [2023-06-17T05:53:51.334+0000] {taskmixin.py:211} WARNING - Dependency <Task(_PythonDecoratedOperator): print_the_context>, log_sql_query already registered for DAG: example_python_operator
[2023-06-17T05:53:51.335+0000] {logging_mixin.py:149} INFO - [2023-06-17T05:53:51.334+0000] {taskmixin.py:211} WARNING - Dependency <Task(_PythonDecoratedOperator): log_sql_query>, print_the_context already registered for DAG: example_python_operator
[2023-06-17T05:53:51.336+0000] {logging_mixin.py:149} INFO - [2023-06-17T05:53:51.336+0000] {taskmixin.py:211} WARNING - Dependency <Task(_PythonDecoratedOperator): print_the_context>, log_sql_query already registered for DAG: example_python_operator
[2023-06-17T05:53:51.336+0000] {logging_mixin.py:149} INFO - [2023-06-17T05:53:51.336+0000] {taskmixin.py:211} WARNING - Dependency <Task(_PythonDecoratedOperator): log_sql_query>, print_the_context already registered for DAG: example_python_operator
[2023-06-17T05:53:51.338+0000] {logging_mixin.py:149} INFO - [2023-06-17T05:53:51.338+0000] {taskmixin.py:211} WARNING - Dependency <Task(_PythonDecoratedOperator): print_the_context>, log_sql_query already registered for DAG: example_python_operator
[2023-06-17T05:53:51.338+0000] {logging_mixin.py:149} INFO - [2023-06-17T05:53:51.338+0000] {taskmixin.py:211} WARNING - Dependency <Task(_PythonDecoratedOperator): log_sql_query>, print_the_context already registered for DAG: example_python_operator
[2023-06-17T05:53:51.340+0000] {logging_mixin.py:149} INFO - [2023-06-17T05:53:51.340+0000] {taskmixin.py:211} WARNING - Dependency <Task(_PythonDecoratedOperator): print_the_context>, log_sql_query already registered for DAG: example_python_operator
[2023-06-17T05:53:51.340+0000] {logging_mixin.py:149} INFO - [2023-06-17T05:53:51.340+0000] {taskmixin.py:211} WARNING - Dependency <Task(_PythonDecoratedOperator): log_sql_query>, print_the_context already registered for DAG: example_python_operator
[2023-06-17T05:53:51.346+0000] {processor.py:836} INFO - DAG(s) dict_keys(['example_python_operator']) retrieved from /home/airflow/.local/lib/python3.7/site-packages/airflow/example_dags/example_python_operator.py
[2023-06-17T05:53:51.396+0000] {logging_mixin.py:149} INFO - [2023-06-17T05:53:51.396+0000] {dag.py:2726} INFO - Sync 1 DAGs
[2023-06-17T05:53:51.456+0000] {logging_mixin.py:149} INFO - [2023-06-17T05:53:51.456+0000] {dag.py:3490} INFO - Setting next_dagrun for example_python_operator to None, run_after=None
[2023-06-17T05:53:52.022+0000] {processor.py:179} INFO - Processing /home/airflow/.local/lib/python3.7/site-packages/airflow/example_dags/example_python_operator.py took 0.801 seconds
[2023-06-17T05:54:22.825+0000] {processor.py:157} INFO - Started process (PID=465) to work on /home/airflow/.local/lib/python3.7/site-packages/airflow/example_dags/example_python_operator.py
[2023-06-17T05:54:23.054+0000] {processor.py:826} INFO - Processing file /home/airflow/.local/lib/python3.7/site-packages/airflow/example_dags/example_python_operator.py for tasks to queue
[2023-06-17T05:54:23.178+0000] {logging_mixin.py:149} INFO - [2023-06-17T05:54:23.178+0000] {dagbag.py:541} INFO - Filling up the DagBag from /home/airflow/.local/lib/python3.7/site-packages/airflow/example_dags/example_python_operator.py
[2023-06-17T05:54:23.190+0000] {logging_mixin.py:149} INFO - [2023-06-17T05:54:23.190+0000] {taskmixin.py:211} WARNING - Dependency <Task(_PythonDecoratedOperator): print_the_context>, log_sql_query already registered for DAG: example_python_operator
[2023-06-17T05:54:23.191+0000] {logging_mixin.py:149} INFO - [2023-06-17T05:54:23.190+0000] {taskmixin.py:211} WARNING - Dependency <Task(_PythonDecoratedOperator): log_sql_query>, print_the_context already registered for DAG: example_python_operator
[2023-06-17T05:54:23.192+0000] {logging_mixin.py:149} INFO - [2023-06-17T05:54:23.192+0000] {taskmixin.py:211} WARNING - Dependency <Task(_PythonDecoratedOperator): print_the_context>, log_sql_query already registered for DAG: example_python_operator
[2023-06-17T05:54:23.193+0000] {logging_mixin.py:149} INFO - [2023-06-17T05:54:23.193+0000] {taskmixin.py:211} WARNING - Dependency <Task(_PythonDecoratedOperator): log_sql_query>, print_the_context already registered for DAG: example_python_operator
[2023-06-17T05:54:23.194+0000] {logging_mixin.py:149} INFO - [2023-06-17T05:54:23.194+0000] {taskmixin.py:211} WARNING - Dependency <Task(_PythonDecoratedOperator): print_the_context>, log_sql_query already registered for DAG: example_python_operator
[2023-06-17T05:54:23.195+0000] {logging_mixin.py:149} INFO - [2023-06-17T05:54:23.195+0000] {taskmixin.py:211} WARNING - Dependency <Task(_PythonDecoratedOperator): log_sql_query>, print_the_context already registered for DAG: example_python_operator
[2023-06-17T05:54:23.197+0000] {logging_mixin.py:149} INFO - [2023-06-17T05:54:23.196+0000] {taskmixin.py:211} WARNING - Dependency <Task(_PythonDecoratedOperator): print_the_context>, log_sql_query already registered for DAG: example_python_operator
[2023-06-17T05:54:23.197+0000] {logging_mixin.py:149} INFO - [2023-06-17T05:54:23.197+0000] {taskmixin.py:211} WARNING - Dependency <Task(_PythonDecoratedOperator): log_sql_query>, print_the_context already registered for DAG: example_python_operator
[2023-06-17T05:54:23.204+0000] {processor.py:836} INFO - DAG(s) dict_keys(['example_python_operator']) retrieved from /home/airflow/.local/lib/python3.7/site-packages/airflow/example_dags/example_python_operator.py
[2023-06-17T05:54:24.347+0000] {logging_mixin.py:149} INFO - [2023-06-17T05:54:24.347+0000] {dag.py:2726} INFO - Sync 1 DAGs
[2023-06-17T05:54:25.045+0000] {logging_mixin.py:149} INFO - [2023-06-17T05:54:25.044+0000] {dag.py:3490} INFO - Setting next_dagrun for example_python_operator to None, run_after=None
[2023-06-17T05:54:25.800+0000] {processor.py:179} INFO - Processing /home/airflow/.local/lib/python3.7/site-packages/airflow/example_dags/example_python_operator.py took 2.981 seconds
[2023-06-17T05:55:05.541+0000] {processor.py:157} INFO - Started process (PID=533) to work on /home/airflow/.local/lib/python3.7/site-packages/airflow/example_dags/example_python_operator.py
[2023-06-17T05:55:05.542+0000] {processor.py:826} INFO - Processing file /home/airflow/.local/lib/python3.7/site-packages/airflow/example_dags/example_python_operator.py for tasks to queue
[2023-06-17T05:55:05.543+0000] {logging_mixin.py:149} INFO - [2023-06-17T05:55:05.543+0000] {dagbag.py:541} INFO - Filling up the DagBag from /home/airflow/.local/lib/python3.7/site-packages/airflow/example_dags/example_python_operator.py
[2023-06-17T05:55:05.554+0000] {logging_mixin.py:149} INFO - [2023-06-17T05:55:05.554+0000] {taskmixin.py:211} WARNING - Dependency <Task(_PythonDecoratedOperator): print_the_context>, log_sql_query already registered for DAG: example_python_operator
[2023-06-17T05:55:05.555+0000] {logging_mixin.py:149} INFO - [2023-06-17T05:55:05.554+0000] {taskmixin.py:211} WARNING - Dependency <Task(_PythonDecoratedOperator): log_sql_query>, print_the_context already registered for DAG: example_python_operator
[2023-06-17T05:55:05.556+0000] {logging_mixin.py:149} INFO - [2023-06-17T05:55:05.556+0000] {taskmixin.py:211} WARNING - Dependency <Task(_PythonDecoratedOperator): print_the_context>, log_sql_query already registered for DAG: example_python_operator
[2023-06-17T05:55:05.556+0000] {logging_mixin.py:149} INFO - [2023-06-17T05:55:05.556+0000] {taskmixin.py:211} WARNING - Dependency <Task(_PythonDecoratedOperator): log_sql_query>, print_the_context already registered for DAG: example_python_operator
[2023-06-17T05:55:05.558+0000] {logging_mixin.py:149} INFO - [2023-06-17T05:55:05.557+0000] {taskmixin.py:211} WARNING - Dependency <Task(_PythonDecoratedOperator): print_the_context>, log_sql_query already registered for DAG: example_python_operator
[2023-06-17T05:55:05.558+0000] {logging_mixin.py:149} INFO - [2023-06-17T05:55:05.558+0000] {taskmixin.py:211} WARNING - Dependency <Task(_PythonDecoratedOperator): log_sql_query>, print_the_context already registered for DAG: example_python_operator
[2023-06-17T05:55:05.559+0000] {logging_mixin.py:149} INFO - [2023-06-17T05:55:05.559+0000] {taskmixin.py:211} WARNING - Dependency <Task(_PythonDecoratedOperator): print_the_context>, log_sql_query already registered for DAG: example_python_operator
[2023-06-17T05:55:05.560+0000] {logging_mixin.py:149} INFO - [2023-06-17T05:55:05.560+0000] {taskmixin.py:211} WARNING - Dependency <Task(_PythonDecoratedOperator): log_sql_query>, print_the_context already registered for DAG: example_python_operator
[2023-06-17T05:55:05.565+0000] {processor.py:836} INFO - DAG(s) dict_keys(['example_python_operator']) retrieved from /home/airflow/.local/lib/python3.7/site-packages/airflow/example_dags/example_python_operator.py
[2023-06-17T05:55:05.604+0000] {logging_mixin.py:149} INFO - [2023-06-17T05:55:05.604+0000] {dag.py:2726} INFO - Sync 1 DAGs
[2023-06-17T05:55:05.642+0000] {logging_mixin.py:149} INFO - [2023-06-17T05:55:05.642+0000] {dag.py:3490} INFO - Setting next_dagrun for example_python_operator to None, run_after=None
[2023-06-17T05:55:05.727+0000] {processor.py:179} INFO - Processing /home/airflow/.local/lib/python3.7/site-packages/airflow/example_dags/example_python_operator.py took 0.192 seconds
[2023-06-17T05:55:36.630+0000] {processor.py:157} INFO - Started process (PID=601) to work on /home/airflow/.local/lib/python3.7/site-packages/airflow/example_dags/example_python_operator.py
[2023-06-17T05:55:36.734+0000] {processor.py:826} INFO - Processing file /home/airflow/.local/lib/python3.7/site-packages/airflow/example_dags/example_python_operator.py for tasks to queue
[2023-06-17T05:55:36.735+0000] {logging_mixin.py:149} INFO - [2023-06-17T05:55:36.735+0000] {dagbag.py:541} INFO - Filling up the DagBag from /home/airflow/.local/lib/python3.7/site-packages/airflow/example_dags/example_python_operator.py
[2023-06-17T05:55:36.970+0000] {logging_mixin.py:149} INFO - [2023-06-17T05:55:36.969+0000] {taskmixin.py:211} WARNING - Dependency <Task(_PythonDecoratedOperator): print_the_context>, log_sql_query already registered for DAG: example_python_operator
[2023-06-17T05:55:36.971+0000] {logging_mixin.py:149} INFO - [2023-06-17T05:55:36.970+0000] {taskmixin.py:211} WARNING - Dependency <Task(_PythonDecoratedOperator): log_sql_query>, print_the_context already registered for DAG: example_python_operator
[2023-06-17T05:55:36.974+0000] {logging_mixin.py:149} INFO - [2023-06-17T05:55:36.973+0000] {taskmixin.py:211} WARNING - Dependency <Task(_PythonDecoratedOperator): print_the_context>, log_sql_query already registered for DAG: example_python_operator
[2023-06-17T05:55:36.974+0000] {logging_mixin.py:149} INFO - [2023-06-17T05:55:36.974+0000] {taskmixin.py:211} WARNING - Dependency <Task(_PythonDecoratedOperator): log_sql_query>, print_the_context already registered for DAG: example_python_operator
[2023-06-17T05:55:36.977+0000] {logging_mixin.py:149} INFO - [2023-06-17T05:55:36.977+0000] {taskmixin.py:211} WARNING - Dependency <Task(_PythonDecoratedOperator): print_the_context>, log_sql_query already registered for DAG: example_python_operator
[2023-06-17T05:55:36.978+0000] {logging_mixin.py:149} INFO - [2023-06-17T05:55:36.978+0000] {taskmixin.py:211} WARNING - Dependency <Task(_PythonDecoratedOperator): log_sql_query>, print_the_context already registered for DAG: example_python_operator
[2023-06-17T05:55:36.981+0000] {logging_mixin.py:149} INFO - [2023-06-17T05:55:36.981+0000] {taskmixin.py:211} WARNING - Dependency <Task(_PythonDecoratedOperator): print_the_context>, log_sql_query already registered for DAG: example_python_operator
[2023-06-17T05:55:36.982+0000] {logging_mixin.py:149} INFO - [2023-06-17T05:55:36.982+0000] {taskmixin.py:211} WARNING - Dependency <Task(_PythonDecoratedOperator): log_sql_query>, print_the_context already registered for DAG: example_python_operator
[2023-06-17T05:55:36.991+0000] {processor.py:836} INFO - DAG(s) dict_keys(['example_python_operator']) retrieved from /home/airflow/.local/lib/python3.7/site-packages/airflow/example_dags/example_python_operator.py
[2023-06-17T05:55:37.038+0000] {logging_mixin.py:149} INFO - [2023-06-17T05:55:37.038+0000] {dag.py:2726} INFO - Sync 1 DAGs
[2023-06-17T05:55:37.087+0000] {logging_mixin.py:149} INFO - [2023-06-17T05:55:37.087+0000] {dag.py:3490} INFO - Setting next_dagrun for example_python_operator to None, run_after=None
[2023-06-17T05:55:37.184+0000] {processor.py:179} INFO - Processing /home/airflow/.local/lib/python3.7/site-packages/airflow/example_dags/example_python_operator.py took 0.558 seconds
[2023-06-17T05:56:07.375+0000] {processor.py:157} INFO - Started process (PID=671) to work on /home/airflow/.local/lib/python3.7/site-packages/airflow/example_dags/example_python_operator.py
[2023-06-17T05:56:07.376+0000] {processor.py:826} INFO - Processing file /home/airflow/.local/lib/python3.7/site-packages/airflow/example_dags/example_python_operator.py for tasks to queue
[2023-06-17T05:56:07.377+0000] {logging_mixin.py:149} INFO - [2023-06-17T05:56:07.376+0000] {dagbag.py:541} INFO - Filling up the DagBag from /home/airflow/.local/lib/python3.7/site-packages/airflow/example_dags/example_python_operator.py
[2023-06-17T05:56:07.385+0000] {logging_mixin.py:149} INFO - [2023-06-17T05:56:07.385+0000] {taskmixin.py:211} WARNING - Dependency <Task(_PythonDecoratedOperator): print_the_context>, log_sql_query already registered for DAG: example_python_operator
[2023-06-17T05:56:07.385+0000] {logging_mixin.py:149} INFO - [2023-06-17T05:56:07.385+0000] {taskmixin.py:211} WARNING - Dependency <Task(_PythonDecoratedOperator): log_sql_query>, print_the_context already registered for DAG: example_python_operator
[2023-06-17T05:56:07.386+0000] {logging_mixin.py:149} INFO - [2023-06-17T05:56:07.386+0000] {taskmixin.py:211} WARNING - Dependency <Task(_PythonDecoratedOperator): print_the_context>, log_sql_query already registered for DAG: example_python_operator
[2023-06-17T05:56:07.386+0000] {logging_mixin.py:149} INFO - [2023-06-17T05:56:07.386+0000] {taskmixin.py:211} WARNING - Dependency <Task(_PythonDecoratedOperator): log_sql_query>, print_the_context already registered for DAG: example_python_operator
[2023-06-17T05:56:07.387+0000] {logging_mixin.py:149} INFO - [2023-06-17T05:56:07.387+0000] {taskmixin.py:211} WARNING - Dependency <Task(_PythonDecoratedOperator): print_the_context>, log_sql_query already registered for DAG: example_python_operator
[2023-06-17T05:56:07.388+0000] {logging_mixin.py:149} INFO - [2023-06-17T05:56:07.387+0000] {taskmixin.py:211} WARNING - Dependency <Task(_PythonDecoratedOperator): log_sql_query>, print_the_context already registered for DAG: example_python_operator
[2023-06-17T05:56:07.389+0000] {logging_mixin.py:149} INFO - [2023-06-17T05:56:07.388+0000] {taskmixin.py:211} WARNING - Dependency <Task(_PythonDecoratedOperator): print_the_context>, log_sql_query already registered for DAG: example_python_operator
[2023-06-17T05:56:07.389+0000] {logging_mixin.py:149} INFO - [2023-06-17T05:56:07.389+0000] {taskmixin.py:211} WARNING - Dependency <Task(_PythonDecoratedOperator): log_sql_query>, print_the_context already registered for DAG: example_python_operator
[2023-06-17T05:56:07.394+0000] {processor.py:836} INFO - DAG(s) dict_keys(['example_python_operator']) retrieved from /home/airflow/.local/lib/python3.7/site-packages/airflow/example_dags/example_python_operator.py
[2023-06-17T05:56:07.440+0000] {logging_mixin.py:149} INFO - [2023-06-17T05:56:07.440+0000] {dag.py:2726} INFO - Sync 1 DAGs
[2023-06-17T05:56:07.495+0000] {logging_mixin.py:149} INFO - [2023-06-17T05:56:07.494+0000] {dag.py:3490} INFO - Setting next_dagrun for example_python_operator to None, run_after=None
[2023-06-17T05:56:07.653+0000] {processor.py:179} INFO - Processing /home/airflow/.local/lib/python3.7/site-packages/airflow/example_dags/example_python_operator.py took 0.282 seconds
[2023-06-17T14:09:46.655+0000] {processor.py:157} INFO - Started process (PID=78) to work on /home/airflow/.local/lib/python3.7/site-packages/airflow/example_dags/example_python_operator.py
[2023-06-17T14:09:46.889+0000] {processor.py:826} INFO - Processing file /home/airflow/.local/lib/python3.7/site-packages/airflow/example_dags/example_python_operator.py for tasks to queue
[2023-06-17T14:09:46.890+0000] {logging_mixin.py:149} INFO - [2023-06-17T14:09:46.890+0000] {dagbag.py:541} INFO - Filling up the DagBag from /home/airflow/.local/lib/python3.7/site-packages/airflow/example_dags/example_python_operator.py
[2023-06-17T14:09:46.957+0000] {logging_mixin.py:149} INFO - [2023-06-17T14:09:46.957+0000] {taskmixin.py:211} WARNING - Dependency <Task(_PythonDecoratedOperator): print_the_context>, log_sql_query already registered for DAG: example_python_operator
[2023-06-17T14:09:46.958+0000] {logging_mixin.py:149} INFO - [2023-06-17T14:09:46.957+0000] {taskmixin.py:211} WARNING - Dependency <Task(_PythonDecoratedOperator): log_sql_query>, print_the_context already registered for DAG: example_python_operator
[2023-06-17T14:09:46.960+0000] {logging_mixin.py:149} INFO - [2023-06-17T14:09:46.960+0000] {taskmixin.py:211} WARNING - Dependency <Task(_PythonDecoratedOperator): print_the_context>, log_sql_query already registered for DAG: example_python_operator
[2023-06-17T14:09:46.961+0000] {logging_mixin.py:149} INFO - [2023-06-17T14:09:46.960+0000] {taskmixin.py:211} WARNING - Dependency <Task(_PythonDecoratedOperator): log_sql_query>, print_the_context already registered for DAG: example_python_operator
[2023-06-17T14:09:46.962+0000] {logging_mixin.py:149} INFO - [2023-06-17T14:09:46.962+0000] {taskmixin.py:211} WARNING - Dependency <Task(_PythonDecoratedOperator): print_the_context>, log_sql_query already registered for DAG: example_python_operator
[2023-06-17T14:09:46.963+0000] {logging_mixin.py:149} INFO - [2023-06-17T14:09:46.963+0000] {taskmixin.py:211} WARNING - Dependency <Task(_PythonDecoratedOperator): log_sql_query>, print_the_context already registered for DAG: example_python_operator
[2023-06-17T14:09:46.964+0000] {logging_mixin.py:149} INFO - [2023-06-17T14:09:46.964+0000] {taskmixin.py:211} WARNING - Dependency <Task(_PythonDecoratedOperator): print_the_context>, log_sql_query already registered for DAG: example_python_operator
[2023-06-17T14:09:46.965+0000] {logging_mixin.py:149} INFO - [2023-06-17T14:09:46.964+0000] {taskmixin.py:211} WARNING - Dependency <Task(_PythonDecoratedOperator): log_sql_query>, print_the_context already registered for DAG: example_python_operator
[2023-06-17T14:09:46.973+0000] {processor.py:836} INFO - DAG(s) dict_keys(['example_python_operator']) retrieved from /home/airflow/.local/lib/python3.7/site-packages/airflow/example_dags/example_python_operator.py
[2023-06-17T14:09:47.122+0000] {logging_mixin.py:149} INFO - [2023-06-17T14:09:47.122+0000] {dag.py:2726} INFO - Sync 1 DAGs
[2023-06-17T14:09:47.156+0000] {logging_mixin.py:149} INFO - [2023-06-17T14:09:47.156+0000] {dag.py:3490} INFO - Setting next_dagrun for example_python_operator to None, run_after=None
[2023-06-17T14:09:47.324+0000] {processor.py:179} INFO - Processing /home/airflow/.local/lib/python3.7/site-packages/airflow/example_dags/example_python_operator.py took 0.674 seconds
[2023-06-17T14:16:05.874+0000] {processor.py:157} INFO - Started process (PID=71) to work on /home/airflow/.local/lib/python3.7/site-packages/airflow/example_dags/example_python_operator.py
[2023-06-17T14:16:06.008+0000] {processor.py:826} INFO - Processing file /home/airflow/.local/lib/python3.7/site-packages/airflow/example_dags/example_python_operator.py for tasks to queue
[2023-06-17T14:16:06.009+0000] {logging_mixin.py:149} INFO - [2023-06-17T14:16:06.009+0000] {dagbag.py:541} INFO - Filling up the DagBag from /home/airflow/.local/lib/python3.7/site-packages/airflow/example_dags/example_python_operator.py
[2023-06-17T14:16:06.021+0000] {logging_mixin.py:149} INFO - [2023-06-17T14:16:06.021+0000] {taskmixin.py:211} WARNING - Dependency <Task(_PythonDecoratedOperator): print_the_context>, log_sql_query already registered for DAG: example_python_operator
[2023-06-17T14:16:06.022+0000] {logging_mixin.py:149} INFO - [2023-06-17T14:16:06.021+0000] {taskmixin.py:211} WARNING - Dependency <Task(_PythonDecoratedOperator): log_sql_query>, print_the_context already registered for DAG: example_python_operator
[2023-06-17T14:16:06.023+0000] {logging_mixin.py:149} INFO - [2023-06-17T14:16:06.023+0000] {taskmixin.py:211} WARNING - Dependency <Task(_PythonDecoratedOperator): print_the_context>, log_sql_query already registered for DAG: example_python_operator
[2023-06-17T14:16:06.023+0000] {logging_mixin.py:149} INFO - [2023-06-17T14:16:06.023+0000] {taskmixin.py:211} WARNING - Dependency <Task(_PythonDecoratedOperator): log_sql_query>, print_the_context already registered for DAG: example_python_operator
[2023-06-17T14:16:06.025+0000] {logging_mixin.py:149} INFO - [2023-06-17T14:16:06.025+0000] {taskmixin.py:211} WARNING - Dependency <Task(_PythonDecoratedOperator): print_the_context>, log_sql_query already registered for DAG: example_python_operator
[2023-06-17T14:16:06.025+0000] {logging_mixin.py:149} INFO - [2023-06-17T14:16:06.025+0000] {taskmixin.py:211} WARNING - Dependency <Task(_PythonDecoratedOperator): log_sql_query>, print_the_context already registered for DAG: example_python_operator
[2023-06-17T14:16:06.027+0000] {logging_mixin.py:149} INFO - [2023-06-17T14:16:06.026+0000] {taskmixin.py:211} WARNING - Dependency <Task(_PythonDecoratedOperator): print_the_context>, log_sql_query already registered for DAG: example_python_operator
[2023-06-17T14:16:06.027+0000] {logging_mixin.py:149} INFO - [2023-06-17T14:16:06.027+0000] {taskmixin.py:211} WARNING - Dependency <Task(_PythonDecoratedOperator): log_sql_query>, print_the_context already registered for DAG: example_python_operator
[2023-06-17T14:16:06.037+0000] {processor.py:836} INFO - DAG(s) dict_keys(['example_python_operator']) retrieved from /home/airflow/.local/lib/python3.7/site-packages/airflow/example_dags/example_python_operator.py
[2023-06-17T14:16:06.081+0000] {logging_mixin.py:149} INFO - [2023-06-17T14:16:06.081+0000] {dag.py:2726} INFO - Sync 1 DAGs
[2023-06-17T14:16:06.125+0000] {logging_mixin.py:149} INFO - [2023-06-17T14:16:06.125+0000] {dag.py:3490} INFO - Setting next_dagrun for example_python_operator to None, run_after=None
[2023-06-17T14:16:06.289+0000] {processor.py:179} INFO - Processing /home/airflow/.local/lib/python3.7/site-packages/airflow/example_dags/example_python_operator.py took 0.421 seconds
[2023-06-17T14:16:42.707+0000] {processor.py:157} INFO - Started process (PID=140) to work on /home/airflow/.local/lib/python3.7/site-packages/airflow/example_dags/example_python_operator.py
[2023-06-17T14:16:42.713+0000] {processor.py:826} INFO - Processing file /home/airflow/.local/lib/python3.7/site-packages/airflow/example_dags/example_python_operator.py for tasks to queue
[2023-06-17T14:16:42.715+0000] {logging_mixin.py:149} INFO - [2023-06-17T14:16:42.714+0000] {dagbag.py:541} INFO - Filling up the DagBag from /home/airflow/.local/lib/python3.7/site-packages/airflow/example_dags/example_python_operator.py
[2023-06-17T14:16:42.726+0000] {logging_mixin.py:149} INFO - [2023-06-17T14:16:42.726+0000] {taskmixin.py:211} WARNING - Dependency <Task(_PythonDecoratedOperator): print_the_context>, log_sql_query already registered for DAG: example_python_operator
[2023-06-17T14:16:42.727+0000] {logging_mixin.py:149} INFO - [2023-06-17T14:16:42.727+0000] {taskmixin.py:211} WARNING - Dependency <Task(_PythonDecoratedOperator): log_sql_query>, print_the_context already registered for DAG: example_python_operator
[2023-06-17T14:16:42.728+0000] {logging_mixin.py:149} INFO - [2023-06-17T14:16:42.728+0000] {taskmixin.py:211} WARNING - Dependency <Task(_PythonDecoratedOperator): print_the_context>, log_sql_query already registered for DAG: example_python_operator
[2023-06-17T14:16:42.729+0000] {logging_mixin.py:149} INFO - [2023-06-17T14:16:42.729+0000] {taskmixin.py:211} WARNING - Dependency <Task(_PythonDecoratedOperator): log_sql_query>, print_the_context already registered for DAG: example_python_operator
[2023-06-17T14:16:42.730+0000] {logging_mixin.py:149} INFO - [2023-06-17T14:16:42.730+0000] {taskmixin.py:211} WARNING - Dependency <Task(_PythonDecoratedOperator): print_the_context>, log_sql_query already registered for DAG: example_python_operator
[2023-06-17T14:16:42.730+0000] {logging_mixin.py:149} INFO - [2023-06-17T14:16:42.730+0000] {taskmixin.py:211} WARNING - Dependency <Task(_PythonDecoratedOperator): log_sql_query>, print_the_context already registered for DAG: example_python_operator
[2023-06-17T14:16:42.732+0000] {logging_mixin.py:149} INFO - [2023-06-17T14:16:42.732+0000] {taskmixin.py:211} WARNING - Dependency <Task(_PythonDecoratedOperator): print_the_context>, log_sql_query already registered for DAG: example_python_operator
[2023-06-17T14:16:42.732+0000] {logging_mixin.py:149} INFO - [2023-06-17T14:16:42.732+0000] {taskmixin.py:211} WARNING - Dependency <Task(_PythonDecoratedOperator): log_sql_query>, print_the_context already registered for DAG: example_python_operator
[2023-06-17T14:16:42.738+0000] {processor.py:836} INFO - DAG(s) dict_keys(['example_python_operator']) retrieved from /home/airflow/.local/lib/python3.7/site-packages/airflow/example_dags/example_python_operator.py
[2023-06-17T14:16:42.785+0000] {logging_mixin.py:149} INFO - [2023-06-17T14:16:42.785+0000] {dag.py:2726} INFO - Sync 1 DAGs
[2023-06-17T14:16:42.821+0000] {logging_mixin.py:149} INFO - [2023-06-17T14:16:42.821+0000] {dag.py:3490} INFO - Setting next_dagrun for example_python_operator to None, run_after=None
[2023-06-17T14:16:43.037+0000] {processor.py:179} INFO - Processing /home/airflow/.local/lib/python3.7/site-packages/airflow/example_dags/example_python_operator.py took 0.335 seconds
