[2023-06-17T05:51:20.261+0000] {processor.py:157} INFO - Started process (PID=87) to work on /home/airflow/.local/lib/python3.7/site-packages/airflow/example_dags/example_task_group_decorator.py
[2023-06-17T05:51:20.262+0000] {processor.py:826} INFO - Processing file /home/airflow/.local/lib/python3.7/site-packages/airflow/example_dags/example_task_group_decorator.py for tasks to queue
[2023-06-17T05:51:20.263+0000] {logging_mixin.py:149} INFO - [2023-06-17T05:51:20.263+0000] {dagbag.py:541} INFO - Filling up the DagBag from /home/airflow/.local/lib/python3.7/site-packages/airflow/example_dags/example_task_group_decorator.py
[2023-06-17T05:51:20.284+0000] {processor.py:836} INFO - DAG(s) dict_keys(['example_task_group_decorator']) retrieved from /home/airflow/.local/lib/python3.7/site-packages/airflow/example_dags/example_task_group_decorator.py
[2023-06-17T05:51:20.325+0000] {logging_mixin.py:149} INFO - [2023-06-17T05:51:20.325+0000] {dag.py:2726} INFO - Sync 1 DAGs
[2023-06-17T05:51:20.375+0000] {logging_mixin.py:149} INFO - [2023-06-17T05:51:20.375+0000] {dag.py:3490} INFO - Setting next_dagrun for example_task_group_decorator to 2023-06-16T05:51:20.374765+00:00, run_after=2023-06-17T05:51:20.374765+00:00
[2023-06-17T05:51:20.603+0000] {processor.py:179} INFO - Processing /home/airflow/.local/lib/python3.7/site-packages/airflow/example_dags/example_task_group_decorator.py took 0.345 seconds
[2023-06-17T05:51:54.681+0000] {processor.py:157} INFO - Started process (PID=148) to work on /home/airflow/.local/lib/python3.7/site-packages/airflow/example_dags/example_task_group_decorator.py
[2023-06-17T05:51:54.751+0000] {processor.py:826} INFO - Processing file /home/airflow/.local/lib/python3.7/site-packages/airflow/example_dags/example_task_group_decorator.py for tasks to queue
[2023-06-17T05:51:54.754+0000] {logging_mixin.py:149} INFO - [2023-06-17T05:51:54.753+0000] {dagbag.py:541} INFO - Filling up the DagBag from /home/airflow/.local/lib/python3.7/site-packages/airflow/example_dags/example_task_group_decorator.py
[2023-06-17T05:51:54.828+0000] {processor.py:836} INFO - DAG(s) dict_keys(['example_task_group_decorator']) retrieved from /home/airflow/.local/lib/python3.7/site-packages/airflow/example_dags/example_task_group_decorator.py
[2023-06-17T05:51:54.881+0000] {logging_mixin.py:149} INFO - [2023-06-17T05:51:54.881+0000] {dag.py:2726} INFO - Sync 1 DAGs
[2023-06-17T05:51:54.954+0000] {logging_mixin.py:149} INFO - [2023-06-17T05:51:54.954+0000] {dag.py:3490} INFO - Setting next_dagrun for example_task_group_decorator to 2023-06-16T05:51:54.954154+00:00, run_after=2023-06-17T05:51:54.954154+00:00
[2023-06-17T05:51:55.198+0000] {processor.py:179} INFO - Processing /home/airflow/.local/lib/python3.7/site-packages/airflow/example_dags/example_task_group_decorator.py took 0.521 seconds
[2023-06-17T05:52:31.252+0000] {processor.py:157} INFO - Started process (PID=219) to work on /home/airflow/.local/lib/python3.7/site-packages/airflow/example_dags/example_task_group_decorator.py
[2023-06-17T05:52:31.253+0000] {processor.py:826} INFO - Processing file /home/airflow/.local/lib/python3.7/site-packages/airflow/example_dags/example_task_group_decorator.py for tasks to queue
[2023-06-17T05:52:31.254+0000] {logging_mixin.py:149} INFO - [2023-06-17T05:52:31.254+0000] {dagbag.py:541} INFO - Filling up the DagBag from /home/airflow/.local/lib/python3.7/site-packages/airflow/example_dags/example_task_group_decorator.py
[2023-06-17T05:52:31.417+0000] {processor.py:836} INFO - DAG(s) dict_keys(['example_task_group_decorator']) retrieved from /home/airflow/.local/lib/python3.7/site-packages/airflow/example_dags/example_task_group_decorator.py
[2023-06-17T05:52:31.451+0000] {logging_mixin.py:149} INFO - [2023-06-17T05:52:31.451+0000] {dag.py:2726} INFO - Sync 1 DAGs
[2023-06-17T05:52:31.482+0000] {logging_mixin.py:149} INFO - [2023-06-17T05:52:31.482+0000] {dag.py:3490} INFO - Setting next_dagrun for example_task_group_decorator to 2023-06-16T05:52:31.482248+00:00, run_after=2023-06-17T05:52:31.482248+00:00
[2023-06-17T05:52:31.682+0000] {processor.py:179} INFO - Processing /home/airflow/.local/lib/python3.7/site-packages/airflow/example_dags/example_task_group_decorator.py took 0.434 seconds
[2023-06-17T05:53:02.036+0000] {processor.py:157} INFO - Started process (PID=287) to work on /home/airflow/.local/lib/python3.7/site-packages/airflow/example_dags/example_task_group_decorator.py
[2023-06-17T05:53:02.037+0000] {processor.py:826} INFO - Processing file /home/airflow/.local/lib/python3.7/site-packages/airflow/example_dags/example_task_group_decorator.py for tasks to queue
[2023-06-17T05:53:02.038+0000] {logging_mixin.py:149} INFO - [2023-06-17T05:53:02.038+0000] {dagbag.py:541} INFO - Filling up the DagBag from /home/airflow/.local/lib/python3.7/site-packages/airflow/example_dags/example_task_group_decorator.py
[2023-06-17T05:53:02.060+0000] {processor.py:836} INFO - DAG(s) dict_keys(['example_task_group_decorator']) retrieved from /home/airflow/.local/lib/python3.7/site-packages/airflow/example_dags/example_task_group_decorator.py
[2023-06-17T05:53:02.098+0000] {logging_mixin.py:149} INFO - [2023-06-17T05:53:02.098+0000] {dag.py:2726} INFO - Sync 1 DAGs
[2023-06-17T05:53:02.132+0000] {logging_mixin.py:149} INFO - [2023-06-17T05:53:02.132+0000] {dag.py:3490} INFO - Setting next_dagrun for example_task_group_decorator to 2023-06-16T05:53:02.132116+00:00, run_after=2023-06-17T05:53:02.132116+00:00
[2023-06-17T05:53:02.168+0000] {processor.py:179} INFO - Processing /home/airflow/.local/lib/python3.7/site-packages/airflow/example_dags/example_task_group_decorator.py took 0.135 seconds
[2023-06-17T05:53:32.919+0000] {processor.py:157} INFO - Started process (PID=355) to work on /home/airflow/.local/lib/python3.7/site-packages/airflow/example_dags/example_task_group_decorator.py
[2023-06-17T05:53:32.920+0000] {processor.py:826} INFO - Processing file /home/airflow/.local/lib/python3.7/site-packages/airflow/example_dags/example_task_group_decorator.py for tasks to queue
[2023-06-17T05:53:32.921+0000] {logging_mixin.py:149} INFO - [2023-06-17T05:53:32.921+0000] {dagbag.py:541} INFO - Filling up the DagBag from /home/airflow/.local/lib/python3.7/site-packages/airflow/example_dags/example_task_group_decorator.py
[2023-06-17T05:53:32.941+0000] {processor.py:836} INFO - DAG(s) dict_keys(['example_task_group_decorator']) retrieved from /home/airflow/.local/lib/python3.7/site-packages/airflow/example_dags/example_task_group_decorator.py
[2023-06-17T05:53:32.980+0000] {logging_mixin.py:149} INFO - [2023-06-17T05:53:32.979+0000] {dag.py:2726} INFO - Sync 1 DAGs
[2023-06-17T05:53:33.015+0000] {logging_mixin.py:149} INFO - [2023-06-17T05:53:33.015+0000] {dag.py:3490} INFO - Setting next_dagrun for example_task_group_decorator to 2023-06-16T05:53:33.015474+00:00, run_after=2023-06-17T05:53:33.015474+00:00
[2023-06-17T05:53:33.052+0000] {processor.py:179} INFO - Processing /home/airflow/.local/lib/python3.7/site-packages/airflow/example_dags/example_task_group_decorator.py took 0.137 seconds
[2023-06-17T05:54:03.423+0000] {processor.py:157} INFO - Started process (PID=423) to work on /home/airflow/.local/lib/python3.7/site-packages/airflow/example_dags/example_task_group_decorator.py
[2023-06-17T05:54:03.451+0000] {processor.py:826} INFO - Processing file /home/airflow/.local/lib/python3.7/site-packages/airflow/example_dags/example_task_group_decorator.py for tasks to queue
[2023-06-17T05:54:03.452+0000] {logging_mixin.py:149} INFO - [2023-06-17T05:54:03.452+0000] {dagbag.py:541} INFO - Filling up the DagBag from /home/airflow/.local/lib/python3.7/site-packages/airflow/example_dags/example_task_group_decorator.py
[2023-06-17T05:54:03.472+0000] {processor.py:836} INFO - DAG(s) dict_keys(['example_task_group_decorator']) retrieved from /home/airflow/.local/lib/python3.7/site-packages/airflow/example_dags/example_task_group_decorator.py
[2023-06-17T05:54:03.520+0000] {logging_mixin.py:149} INFO - [2023-06-17T05:54:03.519+0000] {dag.py:2726} INFO - Sync 1 DAGs
[2023-06-17T05:54:03.565+0000] {logging_mixin.py:149} INFO - [2023-06-17T05:54:03.564+0000] {dag.py:3490} INFO - Setting next_dagrun for example_task_group_decorator to 2023-06-16T05:54:03.564644+00:00, run_after=2023-06-17T05:54:03.564644+00:00
[2023-06-17T05:54:03.934+0000] {processor.py:179} INFO - Processing /home/airflow/.local/lib/python3.7/site-packages/airflow/example_dags/example_task_group_decorator.py took 0.516 seconds
[2023-06-17T05:54:48.647+0000] {processor.py:157} INFO - Started process (PID=497) to work on /home/airflow/.local/lib/python3.7/site-packages/airflow/example_dags/example_task_group_decorator.py
[2023-06-17T05:54:48.669+0000] {processor.py:826} INFO - Processing file /home/airflow/.local/lib/python3.7/site-packages/airflow/example_dags/example_task_group_decorator.py for tasks to queue
[2023-06-17T05:54:48.670+0000] {logging_mixin.py:149} INFO - [2023-06-17T05:54:48.670+0000] {dagbag.py:541} INFO - Filling up the DagBag from /home/airflow/.local/lib/python3.7/site-packages/airflow/example_dags/example_task_group_decorator.py
[2023-06-17T05:54:48.749+0000] {processor.py:836} INFO - DAG(s) dict_keys(['example_task_group_decorator']) retrieved from /home/airflow/.local/lib/python3.7/site-packages/airflow/example_dags/example_task_group_decorator.py
[2023-06-17T05:54:48.813+0000] {logging_mixin.py:149} INFO - [2023-06-17T05:54:48.813+0000] {dag.py:2726} INFO - Sync 1 DAGs
[2023-06-17T05:54:48.853+0000] {logging_mixin.py:149} INFO - [2023-06-17T05:54:48.853+0000] {dag.py:3490} INFO - Setting next_dagrun for example_task_group_decorator to 2023-06-16T05:54:48.852710+00:00, run_after=2023-06-17T05:54:48.852710+00:00
[2023-06-17T05:54:48.988+0000] {processor.py:179} INFO - Processing /home/airflow/.local/lib/python3.7/site-packages/airflow/example_dags/example_task_group_decorator.py took 0.347 seconds
[2023-06-17T05:55:19.844+0000] {processor.py:157} INFO - Started process (PID=561) to work on /home/airflow/.local/lib/python3.7/site-packages/airflow/example_dags/example_task_group_decorator.py
[2023-06-17T05:55:19.891+0000] {processor.py:826} INFO - Processing file /home/airflow/.local/lib/python3.7/site-packages/airflow/example_dags/example_task_group_decorator.py for tasks to queue
[2023-06-17T05:55:19.892+0000] {logging_mixin.py:149} INFO - [2023-06-17T05:55:19.891+0000] {dagbag.py:541} INFO - Filling up the DagBag from /home/airflow/.local/lib/python3.7/site-packages/airflow/example_dags/example_task_group_decorator.py
[2023-06-17T05:55:19.916+0000] {processor.py:836} INFO - DAG(s) dict_keys(['example_task_group_decorator']) retrieved from /home/airflow/.local/lib/python3.7/site-packages/airflow/example_dags/example_task_group_decorator.py
[2023-06-17T05:55:19.969+0000] {logging_mixin.py:149} INFO - [2023-06-17T05:55:19.969+0000] {dag.py:2726} INFO - Sync 1 DAGs
[2023-06-17T05:55:20.012+0000] {logging_mixin.py:149} INFO - [2023-06-17T05:55:20.011+0000] {dag.py:3490} INFO - Setting next_dagrun for example_task_group_decorator to 2023-06-16T05:55:20.011573+00:00, run_after=2023-06-17T05:55:20.011573+00:00
[2023-06-17T05:55:20.244+0000] {processor.py:179} INFO - Processing /home/airflow/.local/lib/python3.7/site-packages/airflow/example_dags/example_task_group_decorator.py took 0.407 seconds
[2023-06-17T05:55:50.427+0000] {processor.py:157} INFO - Started process (PID=629) to work on /home/airflow/.local/lib/python3.7/site-packages/airflow/example_dags/example_task_group_decorator.py
[2023-06-17T05:55:50.470+0000] {processor.py:826} INFO - Processing file /home/airflow/.local/lib/python3.7/site-packages/airflow/example_dags/example_task_group_decorator.py for tasks to queue
[2023-06-17T05:55:50.471+0000] {logging_mixin.py:149} INFO - [2023-06-17T05:55:50.471+0000] {dagbag.py:541} INFO - Filling up the DagBag from /home/airflow/.local/lib/python3.7/site-packages/airflow/example_dags/example_task_group_decorator.py
[2023-06-17T05:55:50.499+0000] {processor.py:836} INFO - DAG(s) dict_keys(['example_task_group_decorator']) retrieved from /home/airflow/.local/lib/python3.7/site-packages/airflow/example_dags/example_task_group_decorator.py
[2023-06-17T05:55:50.536+0000] {logging_mixin.py:149} INFO - [2023-06-17T05:55:50.536+0000] {dag.py:2726} INFO - Sync 1 DAGs
[2023-06-17T05:55:50.569+0000] {logging_mixin.py:149} INFO - [2023-06-17T05:55:50.569+0000] {dag.py:3490} INFO - Setting next_dagrun for example_task_group_decorator to 2023-06-16T05:55:50.569223+00:00, run_after=2023-06-17T05:55:50.569223+00:00
[2023-06-17T05:55:50.633+0000] {processor.py:179} INFO - Processing /home/airflow/.local/lib/python3.7/site-packages/airflow/example_dags/example_task_group_decorator.py took 0.218 seconds
