[2023-06-17T05:51:00.388+0000] {processor.py:157} INFO - Started process (PID=55) to work on /home/airflow/.local/lib/python3.7/site-packages/airflow/example_dags/example_kubernetes_executor.py
[2023-06-17T05:51:00.390+0000] {processor.py:826} INFO - Processing file /home/airflow/.local/lib/python3.7/site-packages/airflow/example_dags/example_kubernetes_executor.py for tasks to queue
[2023-06-17T05:51:00.391+0000] {logging_mixin.py:149} INFO - [2023-06-17T05:51:00.390+0000] {dagbag.py:541} INFO - Filling up the DagBag from /home/airflow/.local/lib/python3.7/site-packages/airflow/example_dags/example_kubernetes_executor.py
[2023-06-17T05:51:08.534+0000] {processor.py:836} INFO - DAG(s) dict_keys(['example_kubernetes_executor']) retrieved from /home/airflow/.local/lib/python3.7/site-packages/airflow/example_dags/example_kubernetes_executor.py
[2023-06-17T05:51:09.043+0000] {logging_mixin.py:149} INFO - [2023-06-17T05:51:09.043+0000] {dag.py:2726} INFO - Sync 1 DAGs
[2023-06-17T05:51:09.077+0000] {logging_mixin.py:149} INFO - [2023-06-17T05:51:09.077+0000] {dag.py:3490} INFO - Setting next_dagrun for example_kubernetes_executor to None, run_after=None
[2023-06-17T05:51:09.238+0000] {processor.py:179} INFO - Processing /home/airflow/.local/lib/python3.7/site-packages/airflow/example_dags/example_kubernetes_executor.py took 8.856 seconds
[2023-06-17T05:51:39.833+0000] {processor.py:157} INFO - Started process (PID=119) to work on /home/airflow/.local/lib/python3.7/site-packages/airflow/example_dags/example_kubernetes_executor.py
[2023-06-17T05:51:39.903+0000] {processor.py:826} INFO - Processing file /home/airflow/.local/lib/python3.7/site-packages/airflow/example_dags/example_kubernetes_executor.py for tasks to queue
[2023-06-17T05:51:39.904+0000] {logging_mixin.py:149} INFO - [2023-06-17T05:51:39.904+0000] {dagbag.py:541} INFO - Filling up the DagBag from /home/airflow/.local/lib/python3.7/site-packages/airflow/example_dags/example_kubernetes_executor.py
[2023-06-17T05:51:40.464+0000] {processor.py:836} INFO - DAG(s) dict_keys(['example_kubernetes_executor']) retrieved from /home/airflow/.local/lib/python3.7/site-packages/airflow/example_dags/example_kubernetes_executor.py
[2023-06-17T05:51:40.520+0000] {logging_mixin.py:149} INFO - [2023-06-17T05:51:40.520+0000] {dag.py:2726} INFO - Sync 1 DAGs
[2023-06-17T05:51:40.559+0000] {logging_mixin.py:149} INFO - [2023-06-17T05:51:40.559+0000] {dag.py:3490} INFO - Setting next_dagrun for example_kubernetes_executor to None, run_after=None
[2023-06-17T05:51:40.685+0000] {processor.py:179} INFO - Processing /home/airflow/.local/lib/python3.7/site-packages/airflow/example_dags/example_kubernetes_executor.py took 0.858 seconds
[2023-06-17T05:52:11.313+0000] {processor.py:157} INFO - Started process (PID=187) to work on /home/airflow/.local/lib/python3.7/site-packages/airflow/example_dags/example_kubernetes_executor.py
[2023-06-17T05:52:11.366+0000] {processor.py:826} INFO - Processing file /home/airflow/.local/lib/python3.7/site-packages/airflow/example_dags/example_kubernetes_executor.py for tasks to queue
[2023-06-17T05:52:11.368+0000] {logging_mixin.py:149} INFO - [2023-06-17T05:52:11.367+0000] {dagbag.py:541} INFO - Filling up the DagBag from /home/airflow/.local/lib/python3.7/site-packages/airflow/example_dags/example_kubernetes_executor.py
[2023-06-17T05:52:11.797+0000] {processor.py:836} INFO - DAG(s) dict_keys(['example_kubernetes_executor']) retrieved from /home/airflow/.local/lib/python3.7/site-packages/airflow/example_dags/example_kubernetes_executor.py
[2023-06-17T05:52:11.842+0000] {logging_mixin.py:149} INFO - [2023-06-17T05:52:11.842+0000] {dag.py:2726} INFO - Sync 1 DAGs
[2023-06-17T05:52:11.872+0000] {logging_mixin.py:149} INFO - [2023-06-17T05:52:11.872+0000] {dag.py:3490} INFO - Setting next_dagrun for example_kubernetes_executor to None, run_after=None
[2023-06-17T05:52:11.946+0000] {processor.py:179} INFO - Processing /home/airflow/.local/lib/python3.7/site-packages/airflow/example_dags/example_kubernetes_executor.py took 0.645 seconds
[2023-06-17T05:52:42.023+0000] {processor.py:157} INFO - Started process (PID=255) to work on /home/airflow/.local/lib/python3.7/site-packages/airflow/example_dags/example_kubernetes_executor.py
[2023-06-17T05:52:42.024+0000] {processor.py:826} INFO - Processing file /home/airflow/.local/lib/python3.7/site-packages/airflow/example_dags/example_kubernetes_executor.py for tasks to queue
[2023-06-17T05:52:42.025+0000] {logging_mixin.py:149} INFO - [2023-06-17T05:52:42.025+0000] {dagbag.py:541} INFO - Filling up the DagBag from /home/airflow/.local/lib/python3.7/site-packages/airflow/example_dags/example_kubernetes_executor.py
[2023-06-17T05:52:42.326+0000] {processor.py:836} INFO - DAG(s) dict_keys(['example_kubernetes_executor']) retrieved from /home/airflow/.local/lib/python3.7/site-packages/airflow/example_dags/example_kubernetes_executor.py
[2023-06-17T05:52:42.420+0000] {logging_mixin.py:149} INFO - [2023-06-17T05:52:42.420+0000] {dag.py:2726} INFO - Sync 1 DAGs
[2023-06-17T05:52:42.461+0000] {logging_mixin.py:149} INFO - [2023-06-17T05:52:42.460+0000] {dag.py:3490} INFO - Setting next_dagrun for example_kubernetes_executor to None, run_after=None
[2023-06-17T05:52:42.566+0000] {processor.py:179} INFO - Processing /home/airflow/.local/lib/python3.7/site-packages/airflow/example_dags/example_kubernetes_executor.py took 0.548 seconds
[2023-06-17T05:53:12.666+0000] {processor.py:157} INFO - Started process (PID=323) to work on /home/airflow/.local/lib/python3.7/site-packages/airflow/example_dags/example_kubernetes_executor.py
[2023-06-17T05:53:12.667+0000] {processor.py:826} INFO - Processing file /home/airflow/.local/lib/python3.7/site-packages/airflow/example_dags/example_kubernetes_executor.py for tasks to queue
[2023-06-17T05:53:12.668+0000] {logging_mixin.py:149} INFO - [2023-06-17T05:53:12.668+0000] {dagbag.py:541} INFO - Filling up the DagBag from /home/airflow/.local/lib/python3.7/site-packages/airflow/example_dags/example_kubernetes_executor.py
[2023-06-17T05:53:12.949+0000] {processor.py:836} INFO - DAG(s) dict_keys(['example_kubernetes_executor']) retrieved from /home/airflow/.local/lib/python3.7/site-packages/airflow/example_dags/example_kubernetes_executor.py
[2023-06-17T05:53:12.998+0000] {logging_mixin.py:149} INFO - [2023-06-17T05:53:12.998+0000] {dag.py:2726} INFO - Sync 1 DAGs
[2023-06-17T05:53:13.031+0000] {logging_mixin.py:149} INFO - [2023-06-17T05:53:13.031+0000] {dag.py:3490} INFO - Setting next_dagrun for example_kubernetes_executor to None, run_after=None
[2023-06-17T05:53:13.064+0000] {processor.py:179} INFO - Processing /home/airflow/.local/lib/python3.7/site-packages/airflow/example_dags/example_kubernetes_executor.py took 0.402 seconds
[2023-06-17T05:53:43.268+0000] {processor.py:157} INFO - Started process (PID=391) to work on /home/airflow/.local/lib/python3.7/site-packages/airflow/example_dags/example_kubernetes_executor.py
[2023-06-17T05:53:43.270+0000] {processor.py:826} INFO - Processing file /home/airflow/.local/lib/python3.7/site-packages/airflow/example_dags/example_kubernetes_executor.py for tasks to queue
[2023-06-17T05:53:43.271+0000] {logging_mixin.py:149} INFO - [2023-06-17T05:53:43.271+0000] {dagbag.py:541} INFO - Filling up the DagBag from /home/airflow/.local/lib/python3.7/site-packages/airflow/example_dags/example_kubernetes_executor.py
[2023-06-17T05:53:43.562+0000] {processor.py:836} INFO - DAG(s) dict_keys(['example_kubernetes_executor']) retrieved from /home/airflow/.local/lib/python3.7/site-packages/airflow/example_dags/example_kubernetes_executor.py
[2023-06-17T05:53:43.615+0000] {logging_mixin.py:149} INFO - [2023-06-17T05:53:43.615+0000] {dag.py:2726} INFO - Sync 1 DAGs
[2023-06-17T05:53:43.646+0000] {logging_mixin.py:149} INFO - [2023-06-17T05:53:43.646+0000] {dag.py:3490} INFO - Setting next_dagrun for example_kubernetes_executor to None, run_after=None
[2023-06-17T05:53:43.702+0000] {processor.py:179} INFO - Processing /home/airflow/.local/lib/python3.7/site-packages/airflow/example_dags/example_kubernetes_executor.py took 0.448 seconds
[2023-06-17T05:54:14.161+0000] {processor.py:157} INFO - Started process (PID=459) to work on /home/airflow/.local/lib/python3.7/site-packages/airflow/example_dags/example_kubernetes_executor.py
[2023-06-17T05:54:14.213+0000] {processor.py:826} INFO - Processing file /home/airflow/.local/lib/python3.7/site-packages/airflow/example_dags/example_kubernetes_executor.py for tasks to queue
[2023-06-17T05:54:14.215+0000] {logging_mixin.py:149} INFO - [2023-06-17T05:54:14.214+0000] {dagbag.py:541} INFO - Filling up the DagBag from /home/airflow/.local/lib/python3.7/site-packages/airflow/example_dags/example_kubernetes_executor.py
[2023-06-17T05:54:14.539+0000] {processor.py:836} INFO - DAG(s) dict_keys(['example_kubernetes_executor']) retrieved from /home/airflow/.local/lib/python3.7/site-packages/airflow/example_dags/example_kubernetes_executor.py
[2023-06-17T05:54:14.714+0000] {logging_mixin.py:149} INFO - [2023-06-17T05:54:14.714+0000] {dag.py:2726} INFO - Sync 1 DAGs
[2023-06-17T05:54:14.914+0000] {logging_mixin.py:149} INFO - [2023-06-17T05:54:14.913+0000] {dag.py:3490} INFO - Setting next_dagrun for example_kubernetes_executor to None, run_after=None
[2023-06-17T05:54:15.030+0000] {processor.py:179} INFO - Processing /home/airflow/.local/lib/python3.7/site-packages/airflow/example_dags/example_kubernetes_executor.py took 0.872 seconds
[2023-06-17T05:54:53.069+0000] {processor.py:157} INFO - Started process (PID=505) to work on /home/airflow/.local/lib/python3.7/site-packages/airflow/example_dags/example_kubernetes_executor.py
[2023-06-17T05:54:53.209+0000] {processor.py:826} INFO - Processing file /home/airflow/.local/lib/python3.7/site-packages/airflow/example_dags/example_kubernetes_executor.py for tasks to queue
[2023-06-17T05:54:53.210+0000] {logging_mixin.py:149} INFO - [2023-06-17T05:54:53.210+0000] {dagbag.py:541} INFO - Filling up the DagBag from /home/airflow/.local/lib/python3.7/site-packages/airflow/example_dags/example_kubernetes_executor.py
[2023-06-17T05:54:58.329+0000] {processor.py:836} INFO - DAG(s) dict_keys(['example_kubernetes_executor']) retrieved from /home/airflow/.local/lib/python3.7/site-packages/airflow/example_dags/example_kubernetes_executor.py
[2023-06-17T05:54:59.438+0000] {logging_mixin.py:149} INFO - [2023-06-17T05:54:59.438+0000] {dag.py:2726} INFO - Sync 1 DAGs
[2023-06-17T05:54:59.507+0000] {logging_mixin.py:149} INFO - [2023-06-17T05:54:59.507+0000] {dag.py:3490} INFO - Setting next_dagrun for example_kubernetes_executor to None, run_after=None
[2023-06-17T05:54:59.767+0000] {processor.py:179} INFO - Processing /home/airflow/.local/lib/python3.7/site-packages/airflow/example_dags/example_kubernetes_executor.py took 6.705 seconds
[2023-06-17T05:55:30.070+0000] {processor.py:157} INFO - Started process (PID=574) to work on /home/airflow/.local/lib/python3.7/site-packages/airflow/example_dags/example_kubernetes_executor.py
[2023-06-17T05:55:30.133+0000] {processor.py:826} INFO - Processing file /home/airflow/.local/lib/python3.7/site-packages/airflow/example_dags/example_kubernetes_executor.py for tasks to queue
[2023-06-17T05:55:30.136+0000] {logging_mixin.py:149} INFO - [2023-06-17T05:55:30.136+0000] {dagbag.py:541} INFO - Filling up the DagBag from /home/airflow/.local/lib/python3.7/site-packages/airflow/example_dags/example_kubernetes_executor.py
[2023-06-17T05:55:31.423+0000] {processor.py:836} INFO - DAG(s) dict_keys(['example_kubernetes_executor']) retrieved from /home/airflow/.local/lib/python3.7/site-packages/airflow/example_dags/example_kubernetes_executor.py
[2023-06-17T05:55:31.901+0000] {logging_mixin.py:149} INFO - [2023-06-17T05:55:31.901+0000] {dag.py:2726} INFO - Sync 1 DAGs
[2023-06-17T05:55:31.934+0000] {logging_mixin.py:149} INFO - [2023-06-17T05:55:31.934+0000] {dag.py:3490} INFO - Setting next_dagrun for example_kubernetes_executor to None, run_after=None
[2023-06-17T05:55:32.156+0000] {processor.py:179} INFO - Processing /home/airflow/.local/lib/python3.7/site-packages/airflow/example_dags/example_kubernetes_executor.py took 2.092 seconds
[2023-06-17T05:56:02.270+0000] {processor.py:157} INFO - Started process (PID=642) to work on /home/airflow/.local/lib/python3.7/site-packages/airflow/example_dags/example_kubernetes_executor.py
[2023-06-17T05:56:02.271+0000] {processor.py:826} INFO - Processing file /home/airflow/.local/lib/python3.7/site-packages/airflow/example_dags/example_kubernetes_executor.py for tasks to queue
[2023-06-17T05:56:02.273+0000] {logging_mixin.py:149} INFO - [2023-06-17T05:56:02.273+0000] {dagbag.py:541} INFO - Filling up the DagBag from /home/airflow/.local/lib/python3.7/site-packages/airflow/example_dags/example_kubernetes_executor.py
[2023-06-17T05:56:02.582+0000] {processor.py:836} INFO - DAG(s) dict_keys(['example_kubernetes_executor']) retrieved from /home/airflow/.local/lib/python3.7/site-packages/airflow/example_dags/example_kubernetes_executor.py
[2023-06-17T05:56:02.633+0000] {logging_mixin.py:149} INFO - [2023-06-17T05:56:02.633+0000] {dag.py:2726} INFO - Sync 1 DAGs
[2023-06-17T05:56:02.669+0000] {logging_mixin.py:149} INFO - [2023-06-17T05:56:02.668+0000] {dag.py:3490} INFO - Setting next_dagrun for example_kubernetes_executor to None, run_after=None
[2023-06-17T05:56:02.712+0000] {processor.py:179} INFO - Processing /home/airflow/.local/lib/python3.7/site-packages/airflow/example_dags/example_kubernetes_executor.py took 0.451 seconds
[2023-06-17T14:09:15.317+0000] {processor.py:157} INFO - Started process (PID=64) to work on /home/airflow/.local/lib/python3.7/site-packages/airflow/example_dags/example_kubernetes_executor.py
[2023-06-17T14:09:15.384+0000] {processor.py:826} INFO - Processing file /home/airflow/.local/lib/python3.7/site-packages/airflow/example_dags/example_kubernetes_executor.py for tasks to queue
[2023-06-17T14:09:15.386+0000] {logging_mixin.py:149} INFO - [2023-06-17T14:09:15.385+0000] {dagbag.py:541} INFO - Filling up the DagBag from /home/airflow/.local/lib/python3.7/site-packages/airflow/example_dags/example_kubernetes_executor.py
[2023-06-17T14:09:44.285+0000] {processor.py:836} INFO - DAG(s) dict_keys(['example_kubernetes_executor']) retrieved from /home/airflow/.local/lib/python3.7/site-packages/airflow/example_dags/example_kubernetes_executor.py
[2023-06-17T14:09:44.791+0000] {logging_mixin.py:149} INFO - [2023-06-17T14:09:44.790+0000] {dag.py:2726} INFO - Sync 1 DAGs
[2023-06-17T14:09:45.123+0000] {logging_mixin.py:149} INFO - [2023-06-17T14:09:45.122+0000] {dag.py:3490} INFO - Setting next_dagrun for example_kubernetes_executor to None, run_after=None
[2023-06-17T14:09:45.369+0000] {processor.py:179} INFO - Processing /home/airflow/.local/lib/python3.7/site-packages/airflow/example_dags/example_kubernetes_executor.py took 30.057 seconds
[2023-06-17T14:10:24.869+0000] {processor.py:157} INFO - Started process (PID=139) to work on /home/airflow/.local/lib/python3.7/site-packages/airflow/example_dags/example_kubernetes_executor.py
[2023-06-17T14:10:24.925+0000] {processor.py:826} INFO - Processing file /home/airflow/.local/lib/python3.7/site-packages/airflow/example_dags/example_kubernetes_executor.py for tasks to queue
[2023-06-17T14:10:24.929+0000] {logging_mixin.py:149} INFO - [2023-06-17T14:10:24.929+0000] {dagbag.py:541} INFO - Filling up the DagBag from /home/airflow/.local/lib/python3.7/site-packages/airflow/example_dags/example_kubernetes_executor.py
[2023-06-17T14:10:33.990+0000] {processor.py:836} INFO - DAG(s) dict_keys(['example_kubernetes_executor']) retrieved from /home/airflow/.local/lib/python3.7/site-packages/airflow/example_dags/example_kubernetes_executor.py
[2023-06-17T14:10:36.861+0000] {logging_mixin.py:149} INFO - [2023-06-17T14:10:36.861+0000] {dag.py:2726} INFO - Sync 1 DAGs
[2023-06-17T14:10:37.633+0000] {logging_mixin.py:149} INFO - [2023-06-17T14:10:37.633+0000] {dag.py:3490} INFO - Setting next_dagrun for example_kubernetes_executor to None, run_after=None
[2023-06-17T14:10:38.344+0000] {processor.py:179} INFO - Processing /home/airflow/.local/lib/python3.7/site-packages/airflow/example_dags/example_kubernetes_executor.py took 13.489 seconds
[2023-06-17T14:15:41.138+0000] {processor.py:157} INFO - Started process (PID=64) to work on /home/airflow/.local/lib/python3.7/site-packages/airflow/example_dags/example_kubernetes_executor.py
[2023-06-17T14:15:41.198+0000] {processor.py:826} INFO - Processing file /home/airflow/.local/lib/python3.7/site-packages/airflow/example_dags/example_kubernetes_executor.py for tasks to queue
[2023-06-17T14:15:41.200+0000] {logging_mixin.py:149} INFO - [2023-06-17T14:15:41.200+0000] {dagbag.py:541} INFO - Filling up the DagBag from /home/airflow/.local/lib/python3.7/site-packages/airflow/example_dags/example_kubernetes_executor.py
[2023-06-17T14:15:51.571+0000] {processor.py:836} INFO - DAG(s) dict_keys(['example_kubernetes_executor']) retrieved from /home/airflow/.local/lib/python3.7/site-packages/airflow/example_dags/example_kubernetes_executor.py
[2023-06-17T14:15:52.983+0000] {logging_mixin.py:149} INFO - [2023-06-17T14:15:52.982+0000] {dag.py:2726} INFO - Sync 1 DAGs
[2023-06-17T14:15:53.511+0000] {logging_mixin.py:149} INFO - [2023-06-17T14:15:53.511+0000] {dag.py:3490} INFO - Setting next_dagrun for example_kubernetes_executor to None, run_after=None
[2023-06-17T14:15:53.919+0000] {processor.py:179} INFO - Processing /home/airflow/.local/lib/python3.7/site-packages/airflow/example_dags/example_kubernetes_executor.py took 12.787 seconds
[2023-06-17T14:16:26.434+0000] {processor.py:157} INFO - Started process (PID=128) to work on /home/airflow/.local/lib/python3.7/site-packages/airflow/example_dags/example_kubernetes_executor.py
[2023-06-17T14:16:26.435+0000] {processor.py:826} INFO - Processing file /home/airflow/.local/lib/python3.7/site-packages/airflow/example_dags/example_kubernetes_executor.py for tasks to queue
[2023-06-17T14:16:26.436+0000] {logging_mixin.py:149} INFO - [2023-06-17T14:16:26.436+0000] {dagbag.py:541} INFO - Filling up the DagBag from /home/airflow/.local/lib/python3.7/site-packages/airflow/example_dags/example_kubernetes_executor.py
[2023-06-17T14:16:27.147+0000] {processor.py:836} INFO - DAG(s) dict_keys(['example_kubernetes_executor']) retrieved from /home/airflow/.local/lib/python3.7/site-packages/airflow/example_dags/example_kubernetes_executor.py
[2023-06-17T14:16:27.192+0000] {logging_mixin.py:149} INFO - [2023-06-17T14:16:27.192+0000] {dag.py:2726} INFO - Sync 1 DAGs
[2023-06-17T14:16:27.268+0000] {logging_mixin.py:149} INFO - [2023-06-17T14:16:27.268+0000] {dag.py:3490} INFO - Setting next_dagrun for example_kubernetes_executor to None, run_after=None
[2023-06-17T14:16:27.412+0000] {processor.py:179} INFO - Processing /home/airflow/.local/lib/python3.7/site-packages/airflow/example_dags/example_kubernetes_executor.py took 0.982 seconds
[2023-06-17T14:16:58.225+0000] {processor.py:157} INFO - Started process (PID=192) to work on /home/airflow/.local/lib/python3.7/site-packages/airflow/example_dags/example_kubernetes_executor.py
[2023-06-17T14:16:58.227+0000] {processor.py:826} INFO - Processing file /home/airflow/.local/lib/python3.7/site-packages/airflow/example_dags/example_kubernetes_executor.py for tasks to queue
[2023-06-17T14:16:58.228+0000] {logging_mixin.py:149} INFO - [2023-06-17T14:16:58.228+0000] {dagbag.py:541} INFO - Filling up the DagBag from /home/airflow/.local/lib/python3.7/site-packages/airflow/example_dags/example_kubernetes_executor.py
[2023-06-17T14:16:58.635+0000] {processor.py:836} INFO - DAG(s) dict_keys(['example_kubernetes_executor']) retrieved from /home/airflow/.local/lib/python3.7/site-packages/airflow/example_dags/example_kubernetes_executor.py
[2023-06-17T14:16:58.680+0000] {logging_mixin.py:149} INFO - [2023-06-17T14:16:58.680+0000] {dag.py:2726} INFO - Sync 1 DAGs
[2023-06-17T14:16:58.709+0000] {logging_mixin.py:149} INFO - [2023-06-17T14:16:58.709+0000] {dag.py:3490} INFO - Setting next_dagrun for example_kubernetes_executor to None, run_after=None
[2023-06-17T14:16:58.853+0000] {processor.py:179} INFO - Processing /home/airflow/.local/lib/python3.7/site-packages/airflow/example_dags/example_kubernetes_executor.py took 0.635 seconds
