[2023-06-17T05:51:18.481+0000] {processor.py:157} INFO - Started process (PID=77) to work on /home/airflow/.local/lib/python3.7/site-packages/airflow/example_dags/example_xcom.py
[2023-06-17T05:51:18.482+0000] {processor.py:826} INFO - Processing file /home/airflow/.local/lib/python3.7/site-packages/airflow/example_dags/example_xcom.py for tasks to queue
[2023-06-17T05:51:18.483+0000] {logging_mixin.py:149} INFO - [2023-06-17T05:51:18.483+0000] {dagbag.py:541} INFO - Filling up the DagBag from /home/airflow/.local/lib/python3.7/site-packages/airflow/example_dags/example_xcom.py
[2023-06-17T05:51:18.495+0000] {processor.py:836} INFO - DAG(s) dict_keys(['example_xcom']) retrieved from /home/airflow/.local/lib/python3.7/site-packages/airflow/example_dags/example_xcom.py
[2023-06-17T05:51:18.531+0000] {logging_mixin.py:149} INFO - [2023-06-17T05:51:18.530+0000] {dag.py:2726} INFO - Sync 1 DAGs
[2023-06-17T05:51:18.565+0000] {logging_mixin.py:149} INFO - [2023-06-17T05:51:18.565+0000] {dag.py:3490} INFO - Setting next_dagrun for example_xcom to 2021-01-01T00:00:00+00:00, run_after=2021-01-01T00:00:00+00:00
[2023-06-17T05:51:18.651+0000] {processor.py:179} INFO - Processing /home/airflow/.local/lib/python3.7/site-packages/airflow/example_dags/example_xcom.py took 0.174 seconds
[2023-06-17T05:51:52.284+0000] {processor.py:157} INFO - Started process (PID=138) to work on /home/airflow/.local/lib/python3.7/site-packages/airflow/example_dags/example_xcom.py
[2023-06-17T05:51:52.336+0000] {processor.py:826} INFO - Processing file /home/airflow/.local/lib/python3.7/site-packages/airflow/example_dags/example_xcom.py for tasks to queue
[2023-06-17T05:51:52.340+0000] {logging_mixin.py:149} INFO - [2023-06-17T05:51:52.339+0000] {dagbag.py:541} INFO - Filling up the DagBag from /home/airflow/.local/lib/python3.7/site-packages/airflow/example_dags/example_xcom.py
[2023-06-17T05:51:52.378+0000] {processor.py:836} INFO - DAG(s) dict_keys(['example_xcom']) retrieved from /home/airflow/.local/lib/python3.7/site-packages/airflow/example_dags/example_xcom.py
[2023-06-17T05:51:52.433+0000] {logging_mixin.py:149} INFO - [2023-06-17T05:51:52.433+0000] {dag.py:2726} INFO - Sync 1 DAGs
[2023-06-17T05:51:52.490+0000] {logging_mixin.py:149} INFO - [2023-06-17T05:51:52.489+0000] {dag.py:3490} INFO - Setting next_dagrun for example_xcom to 2021-01-01T00:00:00+00:00, run_after=2021-01-01T00:00:00+00:00
[2023-06-17T05:51:53.368+0000] {processor.py:179} INFO - Processing /home/airflow/.local/lib/python3.7/site-packages/airflow/example_dags/example_xcom.py took 1.089 seconds
[2023-06-17T05:52:23.418+0000] {processor.py:157} INFO - Started process (PID=206) to work on /home/airflow/.local/lib/python3.7/site-packages/airflow/example_dags/example_xcom.py
[2023-06-17T05:52:23.554+0000] {processor.py:826} INFO - Processing file /home/airflow/.local/lib/python3.7/site-packages/airflow/example_dags/example_xcom.py for tasks to queue
[2023-06-17T05:52:23.557+0000] {logging_mixin.py:149} INFO - [2023-06-17T05:52:23.556+0000] {dagbag.py:541} INFO - Filling up the DagBag from /home/airflow/.local/lib/python3.7/site-packages/airflow/example_dags/example_xcom.py
[2023-06-17T05:52:23.584+0000] {processor.py:836} INFO - DAG(s) dict_keys(['example_xcom']) retrieved from /home/airflow/.local/lib/python3.7/site-packages/airflow/example_dags/example_xcom.py
[2023-06-17T05:52:29.676+0000] {logging_mixin.py:149} INFO - [2023-06-17T05:52:29.676+0000] {dag.py:2726} INFO - Sync 1 DAGs
[2023-06-17T05:52:29.716+0000] {logging_mixin.py:149} INFO - [2023-06-17T05:52:29.716+0000] {dag.py:3490} INFO - Setting next_dagrun for example_xcom to 2021-01-01T00:00:00+00:00, run_after=2021-01-01T00:00:00+00:00
[2023-06-17T05:52:29.752+0000] {processor.py:179} INFO - Processing /home/airflow/.local/lib/python3.7/site-packages/airflow/example_dags/example_xcom.py took 6.339 seconds
[2023-06-17T05:53:00.105+0000] {processor.py:157} INFO - Started process (PID=274) to work on /home/airflow/.local/lib/python3.7/site-packages/airflow/example_dags/example_xcom.py
[2023-06-17T05:53:00.119+0000] {processor.py:826} INFO - Processing file /home/airflow/.local/lib/python3.7/site-packages/airflow/example_dags/example_xcom.py for tasks to queue
[2023-06-17T05:53:00.120+0000] {logging_mixin.py:149} INFO - [2023-06-17T05:53:00.120+0000] {dagbag.py:541} INFO - Filling up the DagBag from /home/airflow/.local/lib/python3.7/site-packages/airflow/example_dags/example_xcom.py
[2023-06-17T05:53:00.129+0000] {processor.py:836} INFO - DAG(s) dict_keys(['example_xcom']) retrieved from /home/airflow/.local/lib/python3.7/site-packages/airflow/example_dags/example_xcom.py
[2023-06-17T05:53:00.165+0000] {logging_mixin.py:149} INFO - [2023-06-17T05:53:00.165+0000] {dag.py:2726} INFO - Sync 1 DAGs
[2023-06-17T05:53:00.201+0000] {logging_mixin.py:149} INFO - [2023-06-17T05:53:00.201+0000] {dag.py:3490} INFO - Setting next_dagrun for example_xcom to 2021-01-01T00:00:00+00:00, run_after=2021-01-01T00:00:00+00:00
[2023-06-17T05:53:00.243+0000] {processor.py:179} INFO - Processing /home/airflow/.local/lib/python3.7/site-packages/airflow/example_dags/example_xcom.py took 0.142 seconds
[2023-06-17T05:53:30.824+0000] {processor.py:157} INFO - Started process (PID=342) to work on /home/airflow/.local/lib/python3.7/site-packages/airflow/example_dags/example_xcom.py
[2023-06-17T05:53:30.825+0000] {processor.py:826} INFO - Processing file /home/airflow/.local/lib/python3.7/site-packages/airflow/example_dags/example_xcom.py for tasks to queue
[2023-06-17T05:53:30.826+0000] {logging_mixin.py:149} INFO - [2023-06-17T05:53:30.826+0000] {dagbag.py:541} INFO - Filling up the DagBag from /home/airflow/.local/lib/python3.7/site-packages/airflow/example_dags/example_xcom.py
[2023-06-17T05:53:30.837+0000] {processor.py:836} INFO - DAG(s) dict_keys(['example_xcom']) retrieved from /home/airflow/.local/lib/python3.7/site-packages/airflow/example_dags/example_xcom.py
[2023-06-17T05:53:30.871+0000] {logging_mixin.py:149} INFO - [2023-06-17T05:53:30.871+0000] {dag.py:2726} INFO - Sync 1 DAGs
[2023-06-17T05:53:30.906+0000] {logging_mixin.py:149} INFO - [2023-06-17T05:53:30.905+0000] {dag.py:3490} INFO - Setting next_dagrun for example_xcom to 2021-01-01T00:00:00+00:00, run_after=2021-01-01T00:00:00+00:00
[2023-06-17T05:53:30.947+0000] {processor.py:179} INFO - Processing /home/airflow/.local/lib/python3.7/site-packages/airflow/example_dags/example_xcom.py took 0.127 seconds
[2023-06-17T05:54:01.264+0000] {processor.py:157} INFO - Started process (PID=410) to work on /home/airflow/.local/lib/python3.7/site-packages/airflow/example_dags/example_xcom.py
[2023-06-17T05:54:01.286+0000] {processor.py:826} INFO - Processing file /home/airflow/.local/lib/python3.7/site-packages/airflow/example_dags/example_xcom.py for tasks to queue
[2023-06-17T05:54:01.287+0000] {logging_mixin.py:149} INFO - [2023-06-17T05:54:01.287+0000] {dagbag.py:541} INFO - Filling up the DagBag from /home/airflow/.local/lib/python3.7/site-packages/airflow/example_dags/example_xcom.py
[2023-06-17T05:54:01.296+0000] {processor.py:836} INFO - DAG(s) dict_keys(['example_xcom']) retrieved from /home/airflow/.local/lib/python3.7/site-packages/airflow/example_dags/example_xcom.py
[2023-06-17T05:54:01.328+0000] {logging_mixin.py:149} INFO - [2023-06-17T05:54:01.327+0000] {dag.py:2726} INFO - Sync 1 DAGs
[2023-06-17T05:54:01.377+0000] {logging_mixin.py:149} INFO - [2023-06-17T05:54:01.377+0000] {dag.py:3490} INFO - Setting next_dagrun for example_xcom to 2021-01-01T00:00:00+00:00, run_after=2021-01-01T00:00:00+00:00
[2023-06-17T05:54:01.609+0000] {processor.py:179} INFO - Processing /home/airflow/.local/lib/python3.7/site-packages/airflow/example_dags/example_xcom.py took 0.352 seconds
[2023-06-17T05:54:40.810+0000] {processor.py:157} INFO - Started process (PID=486) to work on /home/airflow/.local/lib/python3.7/site-packages/airflow/example_dags/example_xcom.py
[2023-06-17T05:54:40.968+0000] {processor.py:826} INFO - Processing file /home/airflow/.local/lib/python3.7/site-packages/airflow/example_dags/example_xcom.py for tasks to queue
[2023-06-17T05:54:40.970+0000] {logging_mixin.py:149} INFO - [2023-06-17T05:54:40.969+0000] {dagbag.py:541} INFO - Filling up the DagBag from /home/airflow/.local/lib/python3.7/site-packages/airflow/example_dags/example_xcom.py
[2023-06-17T05:54:41.236+0000] {processor.py:836} INFO - DAG(s) dict_keys(['example_xcom']) retrieved from /home/airflow/.local/lib/python3.7/site-packages/airflow/example_dags/example_xcom.py
[2023-06-17T05:54:41.605+0000] {logging_mixin.py:149} INFO - [2023-06-17T05:54:41.604+0000] {dag.py:2726} INFO - Sync 1 DAGs
[2023-06-17T05:54:41.761+0000] {logging_mixin.py:149} INFO - [2023-06-17T05:54:41.761+0000] {dag.py:3490} INFO - Setting next_dagrun for example_xcom to 2021-01-01T00:00:00+00:00, run_after=2021-01-01T00:00:00+00:00
[2023-06-17T05:54:42.585+0000] {processor.py:179} INFO - Processing /home/airflow/.local/lib/python3.7/site-packages/airflow/example_dags/example_xcom.py took 1.780 seconds
[2023-06-17T05:55:12.878+0000] {processor.py:157} INFO - Started process (PID=544) to work on /home/airflow/.local/lib/python3.7/site-packages/airflow/example_dags/example_xcom.py
[2023-06-17T05:55:12.923+0000] {processor.py:826} INFO - Processing file /home/airflow/.local/lib/python3.7/site-packages/airflow/example_dags/example_xcom.py for tasks to queue
[2023-06-17T05:55:12.924+0000] {logging_mixin.py:149} INFO - [2023-06-17T05:55:12.924+0000] {dagbag.py:541} INFO - Filling up the DagBag from /home/airflow/.local/lib/python3.7/site-packages/airflow/example_dags/example_xcom.py
[2023-06-17T05:55:12.933+0000] {processor.py:836} INFO - DAG(s) dict_keys(['example_xcom']) retrieved from /home/airflow/.local/lib/python3.7/site-packages/airflow/example_dags/example_xcom.py
[2023-06-17T05:55:12.965+0000] {logging_mixin.py:149} INFO - [2023-06-17T05:55:12.965+0000] {dag.py:2726} INFO - Sync 1 DAGs
[2023-06-17T05:55:13.002+0000] {logging_mixin.py:149} INFO - [2023-06-17T05:55:13.002+0000] {dag.py:3490} INFO - Setting next_dagrun for example_xcom to 2021-01-01T00:00:00+00:00, run_after=2021-01-01T00:00:00+00:00
[2023-06-17T05:55:13.078+0000] {processor.py:179} INFO - Processing /home/airflow/.local/lib/python3.7/site-packages/airflow/example_dags/example_xcom.py took 0.205 seconds
[2023-06-17T05:55:43.210+0000] {processor.py:157} INFO - Started process (PID=612) to work on /home/airflow/.local/lib/python3.7/site-packages/airflow/example_dags/example_xcom.py
[2023-06-17T05:55:43.304+0000] {processor.py:826} INFO - Processing file /home/airflow/.local/lib/python3.7/site-packages/airflow/example_dags/example_xcom.py for tasks to queue
[2023-06-17T05:55:43.306+0000] {logging_mixin.py:149} INFO - [2023-06-17T05:55:43.306+0000] {dagbag.py:541} INFO - Filling up the DagBag from /home/airflow/.local/lib/python3.7/site-packages/airflow/example_dags/example_xcom.py
[2023-06-17T05:55:43.334+0000] {processor.py:836} INFO - DAG(s) dict_keys(['example_xcom']) retrieved from /home/airflow/.local/lib/python3.7/site-packages/airflow/example_dags/example_xcom.py
[2023-06-17T05:55:43.371+0000] {logging_mixin.py:149} INFO - [2023-06-17T05:55:43.370+0000] {dag.py:2726} INFO - Sync 1 DAGs
[2023-06-17T05:55:43.403+0000] {logging_mixin.py:149} INFO - [2023-06-17T05:55:43.403+0000] {dag.py:3490} INFO - Setting next_dagrun for example_xcom to 2021-01-01T00:00:00+00:00, run_after=2021-01-01T00:00:00+00:00
[2023-06-17T05:55:43.513+0000] {processor.py:179} INFO - Processing /home/airflow/.local/lib/python3.7/site-packages/airflow/example_dags/example_xcom.py took 0.312 seconds
