[2023-06-17T05:51:14.771+0000] {processor.py:157} INFO - Started process (PID=64) to work on /home/airflow/.local/lib/python3.7/site-packages/airflow/example_dags/example_dynamic_task_mapping.py
[2023-06-17T05:51:14.771+0000] {processor.py:826} INFO - Processing file /home/airflow/.local/lib/python3.7/site-packages/airflow/example_dags/example_dynamic_task_mapping.py for tasks to queue
[2023-06-17T05:51:14.772+0000] {logging_mixin.py:149} INFO - [2023-06-17T05:51:14.772+0000] {dagbag.py:541} INFO - Filling up the DagBag from /home/airflow/.local/lib/python3.7/site-packages/airflow/example_dags/example_dynamic_task_mapping.py
[2023-06-17T05:51:14.867+0000] {processor.py:836} INFO - DAG(s) dict_keys(['example_dynamic_task_mapping']) retrieved from /home/airflow/.local/lib/python3.7/site-packages/airflow/example_dags/example_dynamic_task_mapping.py
[2023-06-17T05:51:14.903+0000] {logging_mixin.py:149} INFO - [2023-06-17T05:51:14.903+0000] {dag.py:2726} INFO - Sync 1 DAGs
[2023-06-17T05:51:14.946+0000] {logging_mixin.py:149} INFO - [2023-06-17T05:51:14.945+0000] {dag.py:3490} INFO - Setting next_dagrun for example_dynamic_task_mapping to 2022-03-04T00:00:00+00:00, run_after=2022-03-05T00:00:00+00:00
[2023-06-17T05:51:15.052+0000] {processor.py:179} INFO - Processing /home/airflow/.local/lib/python3.7/site-packages/airflow/example_dags/example_dynamic_task_mapping.py took 0.286 seconds
[2023-06-17T05:51:45.135+0000] {processor.py:157} INFO - Started process (PID=121) to work on /home/airflow/.local/lib/python3.7/site-packages/airflow/example_dags/example_dynamic_task_mapping.py
[2023-06-17T05:51:45.173+0000] {processor.py:826} INFO - Processing file /home/airflow/.local/lib/python3.7/site-packages/airflow/example_dags/example_dynamic_task_mapping.py for tasks to queue
[2023-06-17T05:51:45.174+0000] {logging_mixin.py:149} INFO - [2023-06-17T05:51:45.174+0000] {dagbag.py:541} INFO - Filling up the DagBag from /home/airflow/.local/lib/python3.7/site-packages/airflow/example_dags/example_dynamic_task_mapping.py
[2023-06-17T05:51:45.192+0000] {processor.py:836} INFO - DAG(s) dict_keys(['example_dynamic_task_mapping']) retrieved from /home/airflow/.local/lib/python3.7/site-packages/airflow/example_dags/example_dynamic_task_mapping.py
[2023-06-17T05:51:45.252+0000] {logging_mixin.py:149} INFO - [2023-06-17T05:51:45.251+0000] {dag.py:2726} INFO - Sync 1 DAGs
[2023-06-17T05:51:45.748+0000] {logging_mixin.py:149} INFO - [2023-06-17T05:51:45.748+0000] {dag.py:3490} INFO - Setting next_dagrun for example_dynamic_task_mapping to 2022-03-04T00:00:00+00:00, run_after=2022-03-05T00:00:00+00:00
[2023-06-17T05:51:46.084+0000] {processor.py:179} INFO - Processing /home/airflow/.local/lib/python3.7/site-packages/airflow/example_dags/example_dynamic_task_mapping.py took 0.956 seconds
[2023-06-17T05:52:16.684+0000] {processor.py:157} INFO - Started process (PID=189) to work on /home/airflow/.local/lib/python3.7/site-packages/airflow/example_dags/example_dynamic_task_mapping.py
[2023-06-17T05:52:16.701+0000] {processor.py:826} INFO - Processing file /home/airflow/.local/lib/python3.7/site-packages/airflow/example_dags/example_dynamic_task_mapping.py for tasks to queue
[2023-06-17T05:52:16.701+0000] {logging_mixin.py:149} INFO - [2023-06-17T05:52:16.701+0000] {dagbag.py:541} INFO - Filling up the DagBag from /home/airflow/.local/lib/python3.7/site-packages/airflow/example_dags/example_dynamic_task_mapping.py
[2023-06-17T05:52:16.710+0000] {processor.py:836} INFO - DAG(s) dict_keys(['example_dynamic_task_mapping']) retrieved from /home/airflow/.local/lib/python3.7/site-packages/airflow/example_dags/example_dynamic_task_mapping.py
[2023-06-17T05:52:16.927+0000] {logging_mixin.py:149} INFO - [2023-06-17T05:52:16.927+0000] {dag.py:2726} INFO - Sync 1 DAGs
[2023-06-17T05:52:16.982+0000] {logging_mixin.py:149} INFO - [2023-06-17T05:52:16.982+0000] {dag.py:3490} INFO - Setting next_dagrun for example_dynamic_task_mapping to 2022-03-04T00:00:00+00:00, run_after=2022-03-05T00:00:00+00:00
[2023-06-17T05:52:17.032+0000] {processor.py:179} INFO - Processing /home/airflow/.local/lib/python3.7/site-packages/airflow/example_dags/example_dynamic_task_mapping.py took 0.351 seconds
[2023-06-17T05:52:47.443+0000] {processor.py:157} INFO - Started process (PID=257) to work on /home/airflow/.local/lib/python3.7/site-packages/airflow/example_dags/example_dynamic_task_mapping.py
[2023-06-17T05:52:47.452+0000] {processor.py:826} INFO - Processing file /home/airflow/.local/lib/python3.7/site-packages/airflow/example_dags/example_dynamic_task_mapping.py for tasks to queue
[2023-06-17T05:52:47.453+0000] {logging_mixin.py:149} INFO - [2023-06-17T05:52:47.453+0000] {dagbag.py:541} INFO - Filling up the DagBag from /home/airflow/.local/lib/python3.7/site-packages/airflow/example_dags/example_dynamic_task_mapping.py
[2023-06-17T05:52:47.462+0000] {processor.py:836} INFO - DAG(s) dict_keys(['example_dynamic_task_mapping']) retrieved from /home/airflow/.local/lib/python3.7/site-packages/airflow/example_dags/example_dynamic_task_mapping.py
[2023-06-17T05:52:47.493+0000] {logging_mixin.py:149} INFO - [2023-06-17T05:52:47.493+0000] {dag.py:2726} INFO - Sync 1 DAGs
[2023-06-17T05:52:47.529+0000] {logging_mixin.py:149} INFO - [2023-06-17T05:52:47.528+0000] {dag.py:3490} INFO - Setting next_dagrun for example_dynamic_task_mapping to 2022-03-04T00:00:00+00:00, run_after=2022-03-05T00:00:00+00:00
[2023-06-17T05:52:47.570+0000] {processor.py:179} INFO - Processing /home/airflow/.local/lib/python3.7/site-packages/airflow/example_dags/example_dynamic_task_mapping.py took 0.131 seconds
[2023-06-17T05:53:17.708+0000] {processor.py:157} INFO - Started process (PID=325) to work on /home/airflow/.local/lib/python3.7/site-packages/airflow/example_dags/example_dynamic_task_mapping.py
[2023-06-17T05:53:17.717+0000] {processor.py:826} INFO - Processing file /home/airflow/.local/lib/python3.7/site-packages/airflow/example_dags/example_dynamic_task_mapping.py for tasks to queue
[2023-06-17T05:53:17.721+0000] {logging_mixin.py:149} INFO - [2023-06-17T05:53:17.720+0000] {dagbag.py:541} INFO - Filling up the DagBag from /home/airflow/.local/lib/python3.7/site-packages/airflow/example_dags/example_dynamic_task_mapping.py
[2023-06-17T05:53:17.741+0000] {processor.py:836} INFO - DAG(s) dict_keys(['example_dynamic_task_mapping']) retrieved from /home/airflow/.local/lib/python3.7/site-packages/airflow/example_dags/example_dynamic_task_mapping.py
[2023-06-17T05:53:17.781+0000] {logging_mixin.py:149} INFO - [2023-06-17T05:53:17.781+0000] {dag.py:2726} INFO - Sync 1 DAGs
[2023-06-17T05:53:17.815+0000] {logging_mixin.py:149} INFO - [2023-06-17T05:53:17.815+0000] {dag.py:3490} INFO - Setting next_dagrun for example_dynamic_task_mapping to 2022-03-04T00:00:00+00:00, run_after=2022-03-05T00:00:00+00:00
[2023-06-17T05:53:17.859+0000] {processor.py:179} INFO - Processing /home/airflow/.local/lib/python3.7/site-packages/airflow/example_dags/example_dynamic_task_mapping.py took 0.155 seconds
[2023-06-17T05:53:48.364+0000] {processor.py:157} INFO - Started process (PID=393) to work on /home/airflow/.local/lib/python3.7/site-packages/airflow/example_dags/example_dynamic_task_mapping.py
[2023-06-17T05:53:48.365+0000] {processor.py:826} INFO - Processing file /home/airflow/.local/lib/python3.7/site-packages/airflow/example_dags/example_dynamic_task_mapping.py for tasks to queue
[2023-06-17T05:53:48.366+0000] {logging_mixin.py:149} INFO - [2023-06-17T05:53:48.366+0000] {dagbag.py:541} INFO - Filling up the DagBag from /home/airflow/.local/lib/python3.7/site-packages/airflow/example_dags/example_dynamic_task_mapping.py
[2023-06-17T05:53:48.380+0000] {processor.py:836} INFO - DAG(s) dict_keys(['example_dynamic_task_mapping']) retrieved from /home/airflow/.local/lib/python3.7/site-packages/airflow/example_dags/example_dynamic_task_mapping.py
[2023-06-17T05:53:48.485+0000] {logging_mixin.py:149} INFO - [2023-06-17T05:53:48.485+0000] {dag.py:2726} INFO - Sync 1 DAGs
[2023-06-17T05:53:48.623+0000] {logging_mixin.py:149} INFO - [2023-06-17T05:53:48.623+0000] {dag.py:3490} INFO - Setting next_dagrun for example_dynamic_task_mapping to 2022-03-04T00:00:00+00:00, run_after=2022-03-05T00:00:00+00:00
[2023-06-17T05:53:48.890+0000] {processor.py:179} INFO - Processing /home/airflow/.local/lib/python3.7/site-packages/airflow/example_dags/example_dynamic_task_mapping.py took 0.542 seconds
[2023-06-17T05:54:19.121+0000] {processor.py:157} INFO - Started process (PID=461) to work on /home/airflow/.local/lib/python3.7/site-packages/airflow/example_dags/example_dynamic_task_mapping.py
[2023-06-17T05:54:19.525+0000] {processor.py:826} INFO - Processing file /home/airflow/.local/lib/python3.7/site-packages/airflow/example_dags/example_dynamic_task_mapping.py for tasks to queue
[2023-06-17T05:54:19.530+0000] {logging_mixin.py:149} INFO - [2023-06-17T05:54:19.529+0000] {dagbag.py:541} INFO - Filling up the DagBag from /home/airflow/.local/lib/python3.7/site-packages/airflow/example_dags/example_dynamic_task_mapping.py
[2023-06-17T05:54:19.565+0000] {processor.py:836} INFO - DAG(s) dict_keys(['example_dynamic_task_mapping']) retrieved from /home/airflow/.local/lib/python3.7/site-packages/airflow/example_dags/example_dynamic_task_mapping.py
[2023-06-17T05:54:19.602+0000] {logging_mixin.py:149} INFO - [2023-06-17T05:54:19.602+0000] {dag.py:2726} INFO - Sync 1 DAGs
[2023-06-17T05:54:19.646+0000] {logging_mixin.py:149} INFO - [2023-06-17T05:54:19.645+0000] {dag.py:3490} INFO - Setting next_dagrun for example_dynamic_task_mapping to 2022-03-04T00:00:00+00:00, run_after=2022-03-05T00:00:00+00:00
[2023-06-17T05:54:20.015+0000] {processor.py:179} INFO - Processing /home/airflow/.local/lib/python3.7/site-packages/airflow/example_dags/example_dynamic_task_mapping.py took 0.899 seconds
[2023-06-17T05:54:54.889+0000] {processor.py:157} INFO - Started process (PID=506) to work on /home/airflow/.local/lib/python3.7/site-packages/airflow/example_dags/example_dynamic_task_mapping.py
[2023-06-17T05:54:54.963+0000] {processor.py:826} INFO - Processing file /home/airflow/.local/lib/python3.7/site-packages/airflow/example_dags/example_dynamic_task_mapping.py for tasks to queue
[2023-06-17T05:54:54.965+0000] {logging_mixin.py:149} INFO - [2023-06-17T05:54:54.964+0000] {dagbag.py:541} INFO - Filling up the DagBag from /home/airflow/.local/lib/python3.7/site-packages/airflow/example_dags/example_dynamic_task_mapping.py
[2023-06-17T05:54:55.029+0000] {processor.py:836} INFO - DAG(s) dict_keys(['example_dynamic_task_mapping']) retrieved from /home/airflow/.local/lib/python3.7/site-packages/airflow/example_dags/example_dynamic_task_mapping.py
[2023-06-17T05:54:55.131+0000] {logging_mixin.py:149} INFO - [2023-06-17T05:54:55.130+0000] {dag.py:2726} INFO - Sync 1 DAGs
[2023-06-17T05:54:55.186+0000] {logging_mixin.py:149} INFO - [2023-06-17T05:54:55.185+0000] {dag.py:3490} INFO - Setting next_dagrun for example_dynamic_task_mapping to 2022-03-04T00:00:00+00:00, run_after=2022-03-05T00:00:00+00:00
[2023-06-17T05:54:55.340+0000] {processor.py:179} INFO - Processing /home/airflow/.local/lib/python3.7/site-packages/airflow/example_dags/example_dynamic_task_mapping.py took 0.455 seconds
[2023-06-17T05:55:25.840+0000] {processor.py:157} INFO - Started process (PID=573) to work on /home/airflow/.local/lib/python3.7/site-packages/airflow/example_dags/example_dynamic_task_mapping.py
[2023-06-17T05:55:25.964+0000] {processor.py:826} INFO - Processing file /home/airflow/.local/lib/python3.7/site-packages/airflow/example_dags/example_dynamic_task_mapping.py for tasks to queue
[2023-06-17T05:55:25.967+0000] {logging_mixin.py:149} INFO - [2023-06-17T05:55:25.967+0000] {dagbag.py:541} INFO - Filling up the DagBag from /home/airflow/.local/lib/python3.7/site-packages/airflow/example_dags/example_dynamic_task_mapping.py
[2023-06-17T05:55:26.000+0000] {processor.py:836} INFO - DAG(s) dict_keys(['example_dynamic_task_mapping']) retrieved from /home/airflow/.local/lib/python3.7/site-packages/airflow/example_dags/example_dynamic_task_mapping.py
[2023-06-17T05:55:26.044+0000] {logging_mixin.py:149} INFO - [2023-06-17T05:55:26.044+0000] {dag.py:2726} INFO - Sync 1 DAGs
[2023-06-17T05:55:26.081+0000] {logging_mixin.py:149} INFO - [2023-06-17T05:55:26.081+0000] {dag.py:3490} INFO - Setting next_dagrun for example_dynamic_task_mapping to 2022-03-04T00:00:00+00:00, run_after=2022-03-05T00:00:00+00:00
[2023-06-17T05:55:26.356+0000] {processor.py:179} INFO - Processing /home/airflow/.local/lib/python3.7/site-packages/airflow/example_dags/example_dynamic_task_mapping.py took 0.521 seconds
[2023-06-17T05:55:56.949+0000] {processor.py:157} INFO - Started process (PID=636) to work on /home/airflow/.local/lib/python3.7/site-packages/airflow/example_dags/example_dynamic_task_mapping.py
[2023-06-17T05:55:56.951+0000] {processor.py:826} INFO - Processing file /home/airflow/.local/lib/python3.7/site-packages/airflow/example_dags/example_dynamic_task_mapping.py for tasks to queue
[2023-06-17T05:55:56.953+0000] {logging_mixin.py:149} INFO - [2023-06-17T05:55:56.953+0000] {dagbag.py:541} INFO - Filling up the DagBag from /home/airflow/.local/lib/python3.7/site-packages/airflow/example_dags/example_dynamic_task_mapping.py
[2023-06-17T05:55:56.969+0000] {processor.py:836} INFO - DAG(s) dict_keys(['example_dynamic_task_mapping']) retrieved from /home/airflow/.local/lib/python3.7/site-packages/airflow/example_dags/example_dynamic_task_mapping.py
[2023-06-17T05:55:57.005+0000] {logging_mixin.py:149} INFO - [2023-06-17T05:55:57.005+0000] {dag.py:2726} INFO - Sync 1 DAGs
[2023-06-17T05:55:57.038+0000] {logging_mixin.py:149} INFO - [2023-06-17T05:55:57.038+0000] {dag.py:3490} INFO - Setting next_dagrun for example_dynamic_task_mapping to 2022-03-04T00:00:00+00:00, run_after=2022-03-05T00:00:00+00:00
[2023-06-17T05:55:57.138+0000] {processor.py:179} INFO - Processing /home/airflow/.local/lib/python3.7/site-packages/airflow/example_dags/example_dynamic_task_mapping.py took 0.201 seconds
