[2023-06-17T05:51:25.902+0000] {processor.py:157} INFO - Started process (PID=100) to work on /home/airflow/.local/lib/python3.7/site-packages/airflow/example_dags/example_params_ui_tutorial.py
[2023-06-17T05:51:25.903+0000] {processor.py:826} INFO - Processing file /home/airflow/.local/lib/python3.7/site-packages/airflow/example_dags/example_params_ui_tutorial.py for tasks to queue
[2023-06-17T05:51:25.904+0000] {logging_mixin.py:149} INFO - [2023-06-17T05:51:25.904+0000] {dagbag.py:541} INFO - Filling up the DagBag from /home/airflow/.local/lib/python3.7/site-packages/airflow/example_dags/example_params_ui_tutorial.py
[2023-06-17T05:51:26.119+0000] {processor.py:836} INFO - DAG(s) dict_keys(['example_params_ui_tutorial']) retrieved from /home/airflow/.local/lib/python3.7/site-packages/airflow/example_dags/example_params_ui_tutorial.py
[2023-06-17T05:51:26.563+0000] {logging_mixin.py:149} INFO - [2023-06-17T05:51:26.563+0000] {dag.py:2726} INFO - Sync 1 DAGs
[2023-06-17T05:51:26.778+0000] {logging_mixin.py:149} INFO - [2023-06-17T05:51:26.777+0000] {dag.py:3490} INFO - Setting next_dagrun for example_params_ui_tutorial to None, run_after=None
[2023-06-17T05:51:26.954+0000] {processor.py:179} INFO - Processing /home/airflow/.local/lib/python3.7/site-packages/airflow/example_dags/example_params_ui_tutorial.py took 1.055 seconds
[2023-06-17T05:51:57.890+0000] {processor.py:157} INFO - Started process (PID=168) to work on /home/airflow/.local/lib/python3.7/site-packages/airflow/example_dags/example_params_ui_tutorial.py
[2023-06-17T05:51:57.917+0000] {processor.py:826} INFO - Processing file /home/airflow/.local/lib/python3.7/site-packages/airflow/example_dags/example_params_ui_tutorial.py for tasks to queue
[2023-06-17T05:51:57.918+0000] {logging_mixin.py:149} INFO - [2023-06-17T05:51:57.918+0000] {dagbag.py:541} INFO - Filling up the DagBag from /home/airflow/.local/lib/python3.7/site-packages/airflow/example_dags/example_params_ui_tutorial.py
[2023-06-17T05:51:57.976+0000] {processor.py:836} INFO - DAG(s) dict_keys(['example_params_ui_tutorial']) retrieved from /home/airflow/.local/lib/python3.7/site-packages/airflow/example_dags/example_params_ui_tutorial.py
[2023-06-17T05:51:58.238+0000] {logging_mixin.py:149} INFO - [2023-06-17T05:51:58.237+0000] {dag.py:2726} INFO - Sync 1 DAGs
[2023-06-17T05:51:58.286+0000] {logging_mixin.py:149} INFO - [2023-06-17T05:51:58.286+0000] {dag.py:3490} INFO - Setting next_dagrun for example_params_ui_tutorial to None, run_after=None
[2023-06-17T05:51:58.423+0000] {processor.py:179} INFO - Processing /home/airflow/.local/lib/python3.7/site-packages/airflow/example_dags/example_params_ui_tutorial.py took 0.539 seconds
[2023-06-17T05:52:33.917+0000] {processor.py:157} INFO - Started process (PID=232) to work on /home/airflow/.local/lib/python3.7/site-packages/airflow/example_dags/example_params_ui_tutorial.py
[2023-06-17T05:52:33.918+0000] {processor.py:826} INFO - Processing file /home/airflow/.local/lib/python3.7/site-packages/airflow/example_dags/example_params_ui_tutorial.py for tasks to queue
[2023-06-17T05:52:33.919+0000] {logging_mixin.py:149} INFO - [2023-06-17T05:52:33.918+0000] {dagbag.py:541} INFO - Filling up the DagBag from /home/airflow/.local/lib/python3.7/site-packages/airflow/example_dags/example_params_ui_tutorial.py
[2023-06-17T05:52:33.976+0000] {processor.py:836} INFO - DAG(s) dict_keys(['example_params_ui_tutorial']) retrieved from /home/airflow/.local/lib/python3.7/site-packages/airflow/example_dags/example_params_ui_tutorial.py
[2023-06-17T05:52:34.066+0000] {logging_mixin.py:149} INFO - [2023-06-17T05:52:34.066+0000] {dag.py:2726} INFO - Sync 1 DAGs
[2023-06-17T05:52:34.101+0000] {logging_mixin.py:149} INFO - [2023-06-17T05:52:34.101+0000] {dag.py:3490} INFO - Setting next_dagrun for example_params_ui_tutorial to None, run_after=None
[2023-06-17T05:52:34.146+0000] {processor.py:179} INFO - Processing /home/airflow/.local/lib/python3.7/site-packages/airflow/example_dags/example_params_ui_tutorial.py took 0.234 seconds
[2023-06-17T05:53:04.298+0000] {processor.py:157} INFO - Started process (PID=300) to work on /home/airflow/.local/lib/python3.7/site-packages/airflow/example_dags/example_params_ui_tutorial.py
[2023-06-17T05:53:04.299+0000] {processor.py:826} INFO - Processing file /home/airflow/.local/lib/python3.7/site-packages/airflow/example_dags/example_params_ui_tutorial.py for tasks to queue
[2023-06-17T05:53:04.300+0000] {logging_mixin.py:149} INFO - [2023-06-17T05:53:04.300+0000] {dagbag.py:541} INFO - Filling up the DagBag from /home/airflow/.local/lib/python3.7/site-packages/airflow/example_dags/example_params_ui_tutorial.py
[2023-06-17T05:53:04.375+0000] {processor.py:836} INFO - DAG(s) dict_keys(['example_params_ui_tutorial']) retrieved from /home/airflow/.local/lib/python3.7/site-packages/airflow/example_dags/example_params_ui_tutorial.py
[2023-06-17T05:53:04.470+0000] {logging_mixin.py:149} INFO - [2023-06-17T05:53:04.470+0000] {dag.py:2726} INFO - Sync 1 DAGs
[2023-06-17T05:53:04.511+0000] {logging_mixin.py:149} INFO - [2023-06-17T05:53:04.511+0000] {dag.py:3490} INFO - Setting next_dagrun for example_params_ui_tutorial to None, run_after=None
[2023-06-17T05:53:04.549+0000] {processor.py:179} INFO - Processing /home/airflow/.local/lib/python3.7/site-packages/airflow/example_dags/example_params_ui_tutorial.py took 0.257 seconds
[2023-06-17T05:53:35.195+0000] {processor.py:157} INFO - Started process (PID=368) to work on /home/airflow/.local/lib/python3.7/site-packages/airflow/example_dags/example_params_ui_tutorial.py
[2023-06-17T05:53:35.196+0000] {processor.py:826} INFO - Processing file /home/airflow/.local/lib/python3.7/site-packages/airflow/example_dags/example_params_ui_tutorial.py for tasks to queue
[2023-06-17T05:53:35.197+0000] {logging_mixin.py:149} INFO - [2023-06-17T05:53:35.197+0000] {dagbag.py:541} INFO - Filling up the DagBag from /home/airflow/.local/lib/python3.7/site-packages/airflow/example_dags/example_params_ui_tutorial.py
[2023-06-17T05:53:35.258+0000] {processor.py:836} INFO - DAG(s) dict_keys(['example_params_ui_tutorial']) retrieved from /home/airflow/.local/lib/python3.7/site-packages/airflow/example_dags/example_params_ui_tutorial.py
[2023-06-17T05:53:35.361+0000] {logging_mixin.py:149} INFO - [2023-06-17T05:53:35.361+0000] {dag.py:2726} INFO - Sync 1 DAGs
[2023-06-17T05:53:35.405+0000] {logging_mixin.py:149} INFO - [2023-06-17T05:53:35.405+0000] {dag.py:3490} INFO - Setting next_dagrun for example_params_ui_tutorial to None, run_after=None
[2023-06-17T05:53:35.455+0000] {processor.py:179} INFO - Processing /home/airflow/.local/lib/python3.7/site-packages/airflow/example_dags/example_params_ui_tutorial.py took 0.264 seconds
[2023-06-17T05:54:06.293+0000] {processor.py:157} INFO - Started process (PID=436) to work on /home/airflow/.local/lib/python3.7/site-packages/airflow/example_dags/example_params_ui_tutorial.py
[2023-06-17T05:54:06.311+0000] {processor.py:826} INFO - Processing file /home/airflow/.local/lib/python3.7/site-packages/airflow/example_dags/example_params_ui_tutorial.py for tasks to queue
[2023-06-17T05:54:06.312+0000] {logging_mixin.py:149} INFO - [2023-06-17T05:54:06.312+0000] {dagbag.py:541} INFO - Filling up the DagBag from /home/airflow/.local/lib/python3.7/site-packages/airflow/example_dags/example_params_ui_tutorial.py
[2023-06-17T05:54:06.389+0000] {processor.py:836} INFO - DAG(s) dict_keys(['example_params_ui_tutorial']) retrieved from /home/airflow/.local/lib/python3.7/site-packages/airflow/example_dags/example_params_ui_tutorial.py
[2023-06-17T05:54:06.566+0000] {logging_mixin.py:149} INFO - [2023-06-17T05:54:06.566+0000] {dag.py:2726} INFO - Sync 1 DAGs
[2023-06-17T05:54:06.608+0000] {logging_mixin.py:149} INFO - [2023-06-17T05:54:06.608+0000] {dag.py:3490} INFO - Setting next_dagrun for example_params_ui_tutorial to None, run_after=None
[2023-06-17T05:54:06.680+0000] {processor.py:179} INFO - Processing /home/airflow/.local/lib/python3.7/site-packages/airflow/example_dags/example_params_ui_tutorial.py took 0.392 seconds
[2023-06-17T05:55:02.509+0000] {processor.py:157} INFO - Started process (PID=517) to work on /home/airflow/.local/lib/python3.7/site-packages/airflow/example_dags/example_params_ui_tutorial.py
[2023-06-17T05:55:02.578+0000] {processor.py:826} INFO - Processing file /home/airflow/.local/lib/python3.7/site-packages/airflow/example_dags/example_params_ui_tutorial.py for tasks to queue
[2023-06-17T05:55:02.579+0000] {logging_mixin.py:149} INFO - [2023-06-17T05:55:02.579+0000] {dagbag.py:541} INFO - Filling up the DagBag from /home/airflow/.local/lib/python3.7/site-packages/airflow/example_dags/example_params_ui_tutorial.py
[2023-06-17T05:55:02.683+0000] {processor.py:836} INFO - DAG(s) dict_keys(['example_params_ui_tutorial']) retrieved from /home/airflow/.local/lib/python3.7/site-packages/airflow/example_dags/example_params_ui_tutorial.py
[2023-06-17T05:55:02.800+0000] {logging_mixin.py:149} INFO - [2023-06-17T05:55:02.800+0000] {dag.py:2726} INFO - Sync 1 DAGs
[2023-06-17T05:55:02.850+0000] {logging_mixin.py:149} INFO - [2023-06-17T05:55:02.850+0000] {dag.py:3490} INFO - Setting next_dagrun for example_params_ui_tutorial to None, run_after=None
[2023-06-17T05:55:02.932+0000] {processor.py:179} INFO - Processing /home/airflow/.local/lib/python3.7/site-packages/airflow/example_dags/example_params_ui_tutorial.py took 0.429 seconds
[2023-06-17T05:55:34.210+0000] {processor.py:157} INFO - Started process (PID=585) to work on /home/airflow/.local/lib/python3.7/site-packages/airflow/example_dags/example_params_ui_tutorial.py
[2023-06-17T05:55:34.225+0000] {processor.py:826} INFO - Processing file /home/airflow/.local/lib/python3.7/site-packages/airflow/example_dags/example_params_ui_tutorial.py for tasks to queue
[2023-06-17T05:55:34.227+0000] {logging_mixin.py:149} INFO - [2023-06-17T05:55:34.226+0000] {dagbag.py:541} INFO - Filling up the DagBag from /home/airflow/.local/lib/python3.7/site-packages/airflow/example_dags/example_params_ui_tutorial.py
[2023-06-17T05:55:34.379+0000] {processor.py:836} INFO - DAG(s) dict_keys(['example_params_ui_tutorial']) retrieved from /home/airflow/.local/lib/python3.7/site-packages/airflow/example_dags/example_params_ui_tutorial.py
[2023-06-17T05:55:34.610+0000] {logging_mixin.py:149} INFO - [2023-06-17T05:55:34.609+0000] {dag.py:2726} INFO - Sync 1 DAGs
[2023-06-17T05:55:34.693+0000] {logging_mixin.py:149} INFO - [2023-06-17T05:55:34.693+0000] {dag.py:3490} INFO - Setting next_dagrun for example_params_ui_tutorial to None, run_after=None
[2023-06-17T05:55:34.822+0000] {processor.py:179} INFO - Processing /home/airflow/.local/lib/python3.7/site-packages/airflow/example_dags/example_params_ui_tutorial.py took 0.616 seconds
[2023-06-17T05:56:05.808+0000] {processor.py:157} INFO - Started process (PID=653) to work on /home/airflow/.local/lib/python3.7/site-packages/airflow/example_dags/example_params_ui_tutorial.py
[2023-06-17T05:56:05.809+0000] {processor.py:826} INFO - Processing file /home/airflow/.local/lib/python3.7/site-packages/airflow/example_dags/example_params_ui_tutorial.py for tasks to queue
[2023-06-17T05:56:05.810+0000] {logging_mixin.py:149} INFO - [2023-06-17T05:56:05.810+0000] {dagbag.py:541} INFO - Filling up the DagBag from /home/airflow/.local/lib/python3.7/site-packages/airflow/example_dags/example_params_ui_tutorial.py
[2023-06-17T05:56:05.880+0000] {processor.py:836} INFO - DAG(s) dict_keys(['example_params_ui_tutorial']) retrieved from /home/airflow/.local/lib/python3.7/site-packages/airflow/example_dags/example_params_ui_tutorial.py
[2023-06-17T05:56:05.975+0000] {logging_mixin.py:149} INFO - [2023-06-17T05:56:05.974+0000] {dag.py:2726} INFO - Sync 1 DAGs
[2023-06-17T05:56:06.007+0000] {logging_mixin.py:149} INFO - [2023-06-17T05:56:06.007+0000] {dag.py:3490} INFO - Setting next_dagrun for example_params_ui_tutorial to None, run_after=None
[2023-06-17T05:56:06.058+0000] {processor.py:179} INFO - Processing /home/airflow/.local/lib/python3.7/site-packages/airflow/example_dags/example_params_ui_tutorial.py took 0.254 seconds
[2023-06-17T14:09:56.308+0000] {processor.py:157} INFO - Started process (PID=109) to work on /home/airflow/.local/lib/python3.7/site-packages/airflow/example_dags/example_params_ui_tutorial.py
[2023-06-17T14:09:56.368+0000] {processor.py:826} INFO - Processing file /home/airflow/.local/lib/python3.7/site-packages/airflow/example_dags/example_params_ui_tutorial.py for tasks to queue
[2023-06-17T14:09:56.372+0000] {logging_mixin.py:149} INFO - [2023-06-17T14:09:56.371+0000] {dagbag.py:541} INFO - Filling up the DagBag from /home/airflow/.local/lib/python3.7/site-packages/airflow/example_dags/example_params_ui_tutorial.py
[2023-06-17T14:09:56.580+0000] {processor.py:836} INFO - DAG(s) dict_keys(['example_params_ui_tutorial']) retrieved from /home/airflow/.local/lib/python3.7/site-packages/airflow/example_dags/example_params_ui_tutorial.py
[2023-06-17T14:09:56.736+0000] {logging_mixin.py:149} INFO - [2023-06-17T14:09:56.736+0000] {dag.py:2726} INFO - Sync 1 DAGs
[2023-06-17T14:09:56.785+0000] {logging_mixin.py:149} INFO - [2023-06-17T14:09:56.785+0000] {dag.py:3490} INFO - Setting next_dagrun for example_params_ui_tutorial to None, run_after=None
[2023-06-17T14:09:57.296+0000] {processor.py:179} INFO - Processing /home/airflow/.local/lib/python3.7/site-packages/airflow/example_dags/example_params_ui_tutorial.py took 0.992 seconds
[2023-06-17T14:16:21.156+0000] {processor.py:157} INFO - Started process (PID=110) to work on /home/airflow/.local/lib/python3.7/site-packages/airflow/example_dags/example_params_ui_tutorial.py
[2023-06-17T14:16:21.157+0000] {processor.py:826} INFO - Processing file /home/airflow/.local/lib/python3.7/site-packages/airflow/example_dags/example_params_ui_tutorial.py for tasks to queue
[2023-06-17T14:16:21.157+0000] {logging_mixin.py:149} INFO - [2023-06-17T14:16:21.157+0000] {dagbag.py:541} INFO - Filling up the DagBag from /home/airflow/.local/lib/python3.7/site-packages/airflow/example_dags/example_params_ui_tutorial.py
[2023-06-17T14:16:21.255+0000] {processor.py:836} INFO - DAG(s) dict_keys(['example_params_ui_tutorial']) retrieved from /home/airflow/.local/lib/python3.7/site-packages/airflow/example_dags/example_params_ui_tutorial.py
[2023-06-17T14:16:21.343+0000] {logging_mixin.py:149} INFO - [2023-06-17T14:16:21.343+0000] {dag.py:2726} INFO - Sync 1 DAGs
[2023-06-17T14:16:21.376+0000] {logging_mixin.py:149} INFO - [2023-06-17T14:16:21.376+0000] {dag.py:3490} INFO - Setting next_dagrun for example_params_ui_tutorial to None, run_after=None
[2023-06-17T14:16:21.584+0000] {processor.py:179} INFO - Processing /home/airflow/.local/lib/python3.7/site-packages/airflow/example_dags/example_params_ui_tutorial.py took 0.432 seconds
[2023-06-17T14:16:52.245+0000] {processor.py:157} INFO - Started process (PID=177) to work on /home/airflow/.local/lib/python3.7/site-packages/airflow/example_dags/example_params_ui_tutorial.py
[2023-06-17T14:16:52.265+0000] {processor.py:826} INFO - Processing file /home/airflow/.local/lib/python3.7/site-packages/airflow/example_dags/example_params_ui_tutorial.py for tasks to queue
[2023-06-17T14:16:52.266+0000] {logging_mixin.py:149} INFO - [2023-06-17T14:16:52.266+0000] {dagbag.py:541} INFO - Filling up the DagBag from /home/airflow/.local/lib/python3.7/site-packages/airflow/example_dags/example_params_ui_tutorial.py
[2023-06-17T14:16:52.324+0000] {processor.py:836} INFO - DAG(s) dict_keys(['example_params_ui_tutorial']) retrieved from /home/airflow/.local/lib/python3.7/site-packages/airflow/example_dags/example_params_ui_tutorial.py
[2023-06-17T14:16:52.560+0000] {logging_mixin.py:149} INFO - [2023-06-17T14:16:52.560+0000] {dag.py:2726} INFO - Sync 1 DAGs
[2023-06-17T14:16:52.594+0000] {logging_mixin.py:149} INFO - [2023-06-17T14:16:52.593+0000] {dag.py:3490} INFO - Setting next_dagrun for example_params_ui_tutorial to None, run_after=None
[2023-06-17T14:16:52.624+0000] {processor.py:179} INFO - Processing /home/airflow/.local/lib/python3.7/site-packages/airflow/example_dags/example_params_ui_tutorial.py took 0.384 seconds
