[2023-06-17T05:51:24.753+0000] {processor.py:157} INFO - Started process (PID=98) to work on /home/airflow/.local/lib/python3.7/site-packages/airflow/example_dags/example_external_task_marker_dag.py
[2023-06-17T05:51:24.754+0000] {processor.py:826} INFO - Processing file /home/airflow/.local/lib/python3.7/site-packages/airflow/example_dags/example_external_task_marker_dag.py for tasks to queue
[2023-06-17T05:51:24.754+0000] {logging_mixin.py:149} INFO - [2023-06-17T05:51:24.754+0000] {dagbag.py:541} INFO - Filling up the DagBag from /home/airflow/.local/lib/python3.7/site-packages/airflow/example_dags/example_external_task_marker_dag.py
[2023-06-17T05:51:24.854+0000] {processor.py:836} INFO - DAG(s) dict_keys(['example_external_task_marker_child', 'example_external_task_marker_parent']) retrieved from /home/airflow/.local/lib/python3.7/site-packages/airflow/example_dags/example_external_task_marker_dag.py
[2023-06-17T05:51:25.339+0000] {logging_mixin.py:149} INFO - [2023-06-17T05:51:25.339+0000] {dag.py:2726} INFO - Sync 2 DAGs
[2023-06-17T05:51:25.376+0000] {logging_mixin.py:149} INFO - [2023-06-17T05:51:25.376+0000] {dag.py:3490} INFO - Setting next_dagrun for example_external_task_marker_child to None, run_after=None
[2023-06-17T05:51:25.381+0000] {logging_mixin.py:149} INFO - [2023-06-17T05:51:25.380+0000] {dag.py:3490} INFO - Setting next_dagrun for example_external_task_marker_parent to None, run_after=None
[2023-06-17T05:51:25.500+0000] {processor.py:179} INFO - Processing /home/airflow/.local/lib/python3.7/site-packages/airflow/example_dags/example_external_task_marker_dag.py took 0.751 seconds
[2023-06-17T05:51:57.223+0000] {processor.py:157} INFO - Started process (PID=165) to work on /home/airflow/.local/lib/python3.7/site-packages/airflow/example_dags/example_external_task_marker_dag.py
[2023-06-17T05:51:57.387+0000] {processor.py:826} INFO - Processing file /home/airflow/.local/lib/python3.7/site-packages/airflow/example_dags/example_external_task_marker_dag.py for tasks to queue
[2023-06-17T05:51:57.390+0000] {logging_mixin.py:149} INFO - [2023-06-17T05:51:57.389+0000] {dagbag.py:541} INFO - Filling up the DagBag from /home/airflow/.local/lib/python3.7/site-packages/airflow/example_dags/example_external_task_marker_dag.py
[2023-06-17T05:51:57.410+0000] {processor.py:836} INFO - DAG(s) dict_keys(['example_external_task_marker_parent', 'example_external_task_marker_child']) retrieved from /home/airflow/.local/lib/python3.7/site-packages/airflow/example_dags/example_external_task_marker_dag.py
[2023-06-17T05:51:57.462+0000] {logging_mixin.py:149} INFO - [2023-06-17T05:51:57.461+0000] {dag.py:2726} INFO - Sync 2 DAGs
[2023-06-17T05:51:57.499+0000] {logging_mixin.py:149} INFO - [2023-06-17T05:51:57.498+0000] {dag.py:3490} INFO - Setting next_dagrun for example_external_task_marker_child to None, run_after=None
[2023-06-17T05:51:57.506+0000] {logging_mixin.py:149} INFO - [2023-06-17T05:51:57.506+0000] {dag.py:3490} INFO - Setting next_dagrun for example_external_task_marker_parent to None, run_after=None
[2023-06-17T05:51:57.721+0000] {processor.py:179} INFO - Processing /home/airflow/.local/lib/python3.7/site-packages/airflow/example_dags/example_external_task_marker_dag.py took 0.502 seconds
[2023-06-17T05:52:33.337+0000] {processor.py:157} INFO - Started process (PID=230) to work on /home/airflow/.local/lib/python3.7/site-packages/airflow/example_dags/example_external_task_marker_dag.py
[2023-06-17T05:52:33.338+0000] {processor.py:826} INFO - Processing file /home/airflow/.local/lib/python3.7/site-packages/airflow/example_dags/example_external_task_marker_dag.py for tasks to queue
[2023-06-17T05:52:33.339+0000] {logging_mixin.py:149} INFO - [2023-06-17T05:52:33.339+0000] {dagbag.py:541} INFO - Filling up the DagBag from /home/airflow/.local/lib/python3.7/site-packages/airflow/example_dags/example_external_task_marker_dag.py
[2023-06-17T05:52:33.502+0000] {processor.py:836} INFO - DAG(s) dict_keys(['example_external_task_marker_parent', 'example_external_task_marker_child']) retrieved from /home/airflow/.local/lib/python3.7/site-packages/airflow/example_dags/example_external_task_marker_dag.py
[2023-06-17T05:52:33.537+0000] {logging_mixin.py:149} INFO - [2023-06-17T05:52:33.536+0000] {dag.py:2726} INFO - Sync 2 DAGs
[2023-06-17T05:52:33.568+0000] {logging_mixin.py:149} INFO - [2023-06-17T05:52:33.567+0000] {dag.py:3490} INFO - Setting next_dagrun for example_external_task_marker_child to None, run_after=None
[2023-06-17T05:52:33.572+0000] {logging_mixin.py:149} INFO - [2023-06-17T05:52:33.571+0000] {dag.py:3490} INFO - Setting next_dagrun for example_external_task_marker_parent to None, run_after=None
[2023-06-17T05:52:33.606+0000] {processor.py:179} INFO - Processing /home/airflow/.local/lib/python3.7/site-packages/airflow/example_dags/example_external_task_marker_dag.py took 0.273 seconds
[2023-06-17T05:53:04.147+0000] {processor.py:157} INFO - Started process (PID=298) to work on /home/airflow/.local/lib/python3.7/site-packages/airflow/example_dags/example_external_task_marker_dag.py
[2023-06-17T05:53:04.147+0000] {processor.py:826} INFO - Processing file /home/airflow/.local/lib/python3.7/site-packages/airflow/example_dags/example_external_task_marker_dag.py for tasks to queue
[2023-06-17T05:53:04.148+0000] {logging_mixin.py:149} INFO - [2023-06-17T05:53:04.148+0000] {dagbag.py:541} INFO - Filling up the DagBag from /home/airflow/.local/lib/python3.7/site-packages/airflow/example_dags/example_external_task_marker_dag.py
[2023-06-17T05:53:04.155+0000] {processor.py:836} INFO - DAG(s) dict_keys(['example_external_task_marker_child', 'example_external_task_marker_parent']) retrieved from /home/airflow/.local/lib/python3.7/site-packages/airflow/example_dags/example_external_task_marker_dag.py
[2023-06-17T05:53:04.192+0000] {logging_mixin.py:149} INFO - [2023-06-17T05:53:04.192+0000] {dag.py:2726} INFO - Sync 2 DAGs
[2023-06-17T05:53:04.226+0000] {logging_mixin.py:149} INFO - [2023-06-17T05:53:04.225+0000] {dag.py:3490} INFO - Setting next_dagrun for example_external_task_marker_child to None, run_after=None
[2023-06-17T05:53:04.231+0000] {logging_mixin.py:149} INFO - [2023-06-17T05:53:04.230+0000] {dag.py:3490} INFO - Setting next_dagrun for example_external_task_marker_parent to None, run_after=None
[2023-06-17T05:53:04.266+0000] {processor.py:179} INFO - Processing /home/airflow/.local/lib/python3.7/site-packages/airflow/example_dags/example_external_task_marker_dag.py took 0.123 seconds
[2023-06-17T05:53:35.010+0000] {processor.py:157} INFO - Started process (PID=366) to work on /home/airflow/.local/lib/python3.7/site-packages/airflow/example_dags/example_external_task_marker_dag.py
[2023-06-17T05:53:35.022+0000] {processor.py:826} INFO - Processing file /home/airflow/.local/lib/python3.7/site-packages/airflow/example_dags/example_external_task_marker_dag.py for tasks to queue
[2023-06-17T05:53:35.023+0000] {logging_mixin.py:149} INFO - [2023-06-17T05:53:35.023+0000] {dagbag.py:541} INFO - Filling up the DagBag from /home/airflow/.local/lib/python3.7/site-packages/airflow/example_dags/example_external_task_marker_dag.py
[2023-06-17T05:53:35.030+0000] {processor.py:836} INFO - DAG(s) dict_keys(['example_external_task_marker_parent', 'example_external_task_marker_child']) retrieved from /home/airflow/.local/lib/python3.7/site-packages/airflow/example_dags/example_external_task_marker_dag.py
[2023-06-17T05:53:35.072+0000] {logging_mixin.py:149} INFO - [2023-06-17T05:53:35.071+0000] {dag.py:2726} INFO - Sync 2 DAGs
[2023-06-17T05:53:35.112+0000] {logging_mixin.py:149} INFO - [2023-06-17T05:53:35.112+0000] {dag.py:3490} INFO - Setting next_dagrun for example_external_task_marker_child to None, run_after=None
[2023-06-17T05:53:35.117+0000] {logging_mixin.py:149} INFO - [2023-06-17T05:53:35.117+0000] {dag.py:3490} INFO - Setting next_dagrun for example_external_task_marker_parent to None, run_after=None
[2023-06-17T05:53:35.168+0000] {processor.py:179} INFO - Processing /home/airflow/.local/lib/python3.7/site-packages/airflow/example_dags/example_external_task_marker_dag.py took 0.162 seconds
[2023-06-17T05:54:06.085+0000] {processor.py:157} INFO - Started process (PID=434) to work on /home/airflow/.local/lib/python3.7/site-packages/airflow/example_dags/example_external_task_marker_dag.py
[2023-06-17T05:54:06.109+0000] {processor.py:826} INFO - Processing file /home/airflow/.local/lib/python3.7/site-packages/airflow/example_dags/example_external_task_marker_dag.py for tasks to queue
[2023-06-17T05:54:06.109+0000] {logging_mixin.py:149} INFO - [2023-06-17T05:54:06.109+0000] {dagbag.py:541} INFO - Filling up the DagBag from /home/airflow/.local/lib/python3.7/site-packages/airflow/example_dags/example_external_task_marker_dag.py
[2023-06-17T05:54:06.117+0000] {processor.py:836} INFO - DAG(s) dict_keys(['example_external_task_marker_parent', 'example_external_task_marker_child']) retrieved from /home/airflow/.local/lib/python3.7/site-packages/airflow/example_dags/example_external_task_marker_dag.py
[2023-06-17T05:54:06.158+0000] {logging_mixin.py:149} INFO - [2023-06-17T05:54:06.158+0000] {dag.py:2726} INFO - Sync 2 DAGs
[2023-06-17T05:54:06.202+0000] {logging_mixin.py:149} INFO - [2023-06-17T05:54:06.202+0000] {dag.py:3490} INFO - Setting next_dagrun for example_external_task_marker_child to None, run_after=None
[2023-06-17T05:54:06.206+0000] {logging_mixin.py:149} INFO - [2023-06-17T05:54:06.206+0000] {dag.py:3490} INFO - Setting next_dagrun for example_external_task_marker_parent to None, run_after=None
[2023-06-17T05:54:06.264+0000] {processor.py:179} INFO - Processing /home/airflow/.local/lib/python3.7/site-packages/airflow/example_dags/example_external_task_marker_dag.py took 0.182 seconds
[2023-06-17T05:55:02.231+0000] {processor.py:157} INFO - Started process (PID=515) to work on /home/airflow/.local/lib/python3.7/site-packages/airflow/example_dags/example_external_task_marker_dag.py
[2023-06-17T05:55:02.261+0000] {processor.py:826} INFO - Processing file /home/airflow/.local/lib/python3.7/site-packages/airflow/example_dags/example_external_task_marker_dag.py for tasks to queue
[2023-06-17T05:55:02.262+0000] {logging_mixin.py:149} INFO - [2023-06-17T05:55:02.262+0000] {dagbag.py:541} INFO - Filling up the DagBag from /home/airflow/.local/lib/python3.7/site-packages/airflow/example_dags/example_external_task_marker_dag.py
[2023-06-17T05:55:02.273+0000] {processor.py:836} INFO - DAG(s) dict_keys(['example_external_task_marker_parent', 'example_external_task_marker_child']) retrieved from /home/airflow/.local/lib/python3.7/site-packages/airflow/example_dags/example_external_task_marker_dag.py
[2023-06-17T05:55:02.330+0000] {logging_mixin.py:149} INFO - [2023-06-17T05:55:02.330+0000] {dag.py:2726} INFO - Sync 2 DAGs
[2023-06-17T05:55:02.372+0000] {logging_mixin.py:149} INFO - [2023-06-17T05:55:02.372+0000] {dag.py:3490} INFO - Setting next_dagrun for example_external_task_marker_child to None, run_after=None
[2023-06-17T05:55:02.378+0000] {logging_mixin.py:149} INFO - [2023-06-17T05:55:02.378+0000] {dag.py:3490} INFO - Setting next_dagrun for example_external_task_marker_parent to None, run_after=None
[2023-06-17T05:55:02.473+0000] {processor.py:179} INFO - Processing /home/airflow/.local/lib/python3.7/site-packages/airflow/example_dags/example_external_task_marker_dag.py took 0.246 seconds
[2023-06-17T05:55:33.810+0000] {processor.py:157} INFO - Started process (PID=583) to work on /home/airflow/.local/lib/python3.7/site-packages/airflow/example_dags/example_external_task_marker_dag.py
[2023-06-17T05:55:33.933+0000] {processor.py:826} INFO - Processing file /home/airflow/.local/lib/python3.7/site-packages/airflow/example_dags/example_external_task_marker_dag.py for tasks to queue
[2023-06-17T05:55:33.934+0000] {logging_mixin.py:149} INFO - [2023-06-17T05:55:33.934+0000] {dagbag.py:541} INFO - Filling up the DagBag from /home/airflow/.local/lib/python3.7/site-packages/airflow/example_dags/example_external_task_marker_dag.py
[2023-06-17T05:55:33.948+0000] {processor.py:836} INFO - DAG(s) dict_keys(['example_external_task_marker_parent', 'example_external_task_marker_child']) retrieved from /home/airflow/.local/lib/python3.7/site-packages/airflow/example_dags/example_external_task_marker_dag.py
[2023-06-17T05:55:34.018+0000] {logging_mixin.py:149} INFO - [2023-06-17T05:55:34.017+0000] {dag.py:2726} INFO - Sync 2 DAGs
[2023-06-17T05:55:34.080+0000] {logging_mixin.py:149} INFO - [2023-06-17T05:55:34.079+0000] {dag.py:3490} INFO - Setting next_dagrun for example_external_task_marker_child to None, run_after=None
[2023-06-17T05:55:34.087+0000] {logging_mixin.py:149} INFO - [2023-06-17T05:55:34.086+0000] {dag.py:3490} INFO - Setting next_dagrun for example_external_task_marker_parent to None, run_after=None
[2023-06-17T05:55:34.181+0000] {processor.py:179} INFO - Processing /home/airflow/.local/lib/python3.7/site-packages/airflow/example_dags/example_external_task_marker_dag.py took 0.388 seconds
[2023-06-17T05:56:04.621+0000] {processor.py:157} INFO - Started process (PID=651) to work on /home/airflow/.local/lib/python3.7/site-packages/airflow/example_dags/example_external_task_marker_dag.py
[2023-06-17T05:56:04.622+0000] {processor.py:826} INFO - Processing file /home/airflow/.local/lib/python3.7/site-packages/airflow/example_dags/example_external_task_marker_dag.py for tasks to queue
[2023-06-17T05:56:04.623+0000] {logging_mixin.py:149} INFO - [2023-06-17T05:56:04.622+0000] {dagbag.py:541} INFO - Filling up the DagBag from /home/airflow/.local/lib/python3.7/site-packages/airflow/example_dags/example_external_task_marker_dag.py
[2023-06-17T05:56:04.630+0000] {processor.py:836} INFO - DAG(s) dict_keys(['example_external_task_marker_child', 'example_external_task_marker_parent']) retrieved from /home/airflow/.local/lib/python3.7/site-packages/airflow/example_dags/example_external_task_marker_dag.py
[2023-06-17T05:56:04.669+0000] {logging_mixin.py:149} INFO - [2023-06-17T05:56:04.669+0000] {dag.py:2726} INFO - Sync 2 DAGs
[2023-06-17T05:56:04.704+0000] {logging_mixin.py:149} INFO - [2023-06-17T05:56:04.703+0000] {dag.py:3490} INFO - Setting next_dagrun for example_external_task_marker_child to None, run_after=None
[2023-06-17T05:56:04.708+0000] {logging_mixin.py:149} INFO - [2023-06-17T05:56:04.708+0000] {dag.py:3490} INFO - Setting next_dagrun for example_external_task_marker_parent to None, run_after=None
[2023-06-17T05:56:04.759+0000] {processor.py:179} INFO - Processing /home/airflow/.local/lib/python3.7/site-packages/airflow/example_dags/example_external_task_marker_dag.py took 0.142 seconds
[2023-06-17T14:09:55.274+0000] {processor.py:157} INFO - Started process (PID=107) to work on /home/airflow/.local/lib/python3.7/site-packages/airflow/example_dags/example_external_task_marker_dag.py
[2023-06-17T14:09:55.314+0000] {processor.py:826} INFO - Processing file /home/airflow/.local/lib/python3.7/site-packages/airflow/example_dags/example_external_task_marker_dag.py for tasks to queue
[2023-06-17T14:09:55.317+0000] {logging_mixin.py:149} INFO - [2023-06-17T14:09:55.316+0000] {dagbag.py:541} INFO - Filling up the DagBag from /home/airflow/.local/lib/python3.7/site-packages/airflow/example_dags/example_external_task_marker_dag.py
[2023-06-17T14:09:55.441+0000] {processor.py:836} INFO - DAG(s) dict_keys(['example_external_task_marker_child', 'example_external_task_marker_parent']) retrieved from /home/airflow/.local/lib/python3.7/site-packages/airflow/example_dags/example_external_task_marker_dag.py
[2023-06-17T14:09:55.607+0000] {logging_mixin.py:149} INFO - [2023-06-17T14:09:55.607+0000] {dag.py:2726} INFO - Sync 2 DAGs
[2023-06-17T14:09:55.667+0000] {logging_mixin.py:149} INFO - [2023-06-17T14:09:55.667+0000] {dag.py:3490} INFO - Setting next_dagrun for example_external_task_marker_child to None, run_after=None
[2023-06-17T14:09:55.676+0000] {logging_mixin.py:149} INFO - [2023-06-17T14:09:55.676+0000] {dag.py:3490} INFO - Setting next_dagrun for example_external_task_marker_parent to None, run_after=None
[2023-06-17T14:09:56.069+0000] {processor.py:179} INFO - Processing /home/airflow/.local/lib/python3.7/site-packages/airflow/example_dags/example_external_task_marker_dag.py took 0.808 seconds
[2023-06-17T14:16:20.208+0000] {processor.py:157} INFO - Started process (PID=108) to work on /home/airflow/.local/lib/python3.7/site-packages/airflow/example_dags/example_external_task_marker_dag.py
[2023-06-17T14:16:20.281+0000] {processor.py:826} INFO - Processing file /home/airflow/.local/lib/python3.7/site-packages/airflow/example_dags/example_external_task_marker_dag.py for tasks to queue
[2023-06-17T14:16:20.283+0000] {logging_mixin.py:149} INFO - [2023-06-17T14:16:20.283+0000] {dagbag.py:541} INFO - Filling up the DagBag from /home/airflow/.local/lib/python3.7/site-packages/airflow/example_dags/example_external_task_marker_dag.py
[2023-06-17T14:16:20.303+0000] {processor.py:836} INFO - DAG(s) dict_keys(['example_external_task_marker_child', 'example_external_task_marker_parent']) retrieved from /home/airflow/.local/lib/python3.7/site-packages/airflow/example_dags/example_external_task_marker_dag.py
[2023-06-17T14:16:20.401+0000] {logging_mixin.py:149} INFO - [2023-06-17T14:16:20.401+0000] {dag.py:2726} INFO - Sync 2 DAGs
[2023-06-17T14:16:20.431+0000] {logging_mixin.py:149} INFO - [2023-06-17T14:16:20.431+0000] {dag.py:3490} INFO - Setting next_dagrun for example_external_task_marker_child to None, run_after=None
[2023-06-17T14:16:20.435+0000] {logging_mixin.py:149} INFO - [2023-06-17T14:16:20.435+0000] {dag.py:3490} INFO - Setting next_dagrun for example_external_task_marker_parent to None, run_after=None
[2023-06-17T14:16:20.685+0000] {processor.py:179} INFO - Processing /home/airflow/.local/lib/python3.7/site-packages/airflow/example_dags/example_external_task_marker_dag.py took 0.481 seconds
[2023-06-17T14:16:50.946+0000] {processor.py:157} INFO - Started process (PID=175) to work on /home/airflow/.local/lib/python3.7/site-packages/airflow/example_dags/example_external_task_marker_dag.py
[2023-06-17T14:16:50.947+0000] {processor.py:826} INFO - Processing file /home/airflow/.local/lib/python3.7/site-packages/airflow/example_dags/example_external_task_marker_dag.py for tasks to queue
[2023-06-17T14:16:50.948+0000] {logging_mixin.py:149} INFO - [2023-06-17T14:16:50.948+0000] {dagbag.py:541} INFO - Filling up the DagBag from /home/airflow/.local/lib/python3.7/site-packages/airflow/example_dags/example_external_task_marker_dag.py
[2023-06-17T14:16:50.954+0000] {processor.py:836} INFO - DAG(s) dict_keys(['example_external_task_marker_parent', 'example_external_task_marker_child']) retrieved from /home/airflow/.local/lib/python3.7/site-packages/airflow/example_dags/example_external_task_marker_dag.py
[2023-06-17T14:16:50.990+0000] {logging_mixin.py:149} INFO - [2023-06-17T14:16:50.990+0000] {dag.py:2726} INFO - Sync 2 DAGs
[2023-06-17T14:16:51.149+0000] {logging_mixin.py:149} INFO - [2023-06-17T14:16:51.149+0000] {dag.py:3490} INFO - Setting next_dagrun for example_external_task_marker_child to None, run_after=None
[2023-06-17T14:16:51.155+0000] {logging_mixin.py:149} INFO - [2023-06-17T14:16:51.154+0000] {dag.py:3490} INFO - Setting next_dagrun for example_external_task_marker_parent to None, run_after=None
[2023-06-17T14:16:51.197+0000] {processor.py:179} INFO - Processing /home/airflow/.local/lib/python3.7/site-packages/airflow/example_dags/example_external_task_marker_dag.py took 0.255 seconds
