[2023-06-16T00:39:05.586+0000] {processor.py:157} INFO - Started process (PID=76) to work on /opt/airflow/dags/dbt_seed_dag.py
[2023-06-16T00:39:05.587+0000] {processor.py:826} INFO - Processing file /opt/airflow/dags/dbt_seed_dag.py for tasks to queue
[2023-06-16T00:39:05.588+0000] {logging_mixin.py:149} INFO - [2023-06-16T00:39:05.587+0000] {dagbag.py:541} INFO - Filling up the DagBag from /opt/airflow/dags/dbt_seed_dag.py
[2023-06-16T00:39:05.708+0000] {processor.py:836} INFO - DAG(s) dict_keys(['dbt-seed']) retrieved from /opt/airflow/dags/dbt_seed_dag.py
[2023-06-16T00:39:05.748+0000] {logging_mixin.py:149} INFO - [2023-06-16T00:39:05.748+0000] {dag.py:2726} INFO - Sync 1 DAGs
[2023-06-16T00:39:05.780+0000] {logging_mixin.py:149} INFO - [2023-06-16T00:39:05.780+0000] {dag.py:3490} INFO - Setting next_dagrun for dbt-seed to 2023-06-10T00:00:00+00:00, run_after=2023-06-11T00:00:00+00:00
[2023-06-16T00:39:05.939+0000] {processor.py:179} INFO - Processing /opt/airflow/dags/dbt_seed_dag.py took 0.358 seconds
[2023-06-16T00:40:20.282+0000] {processor.py:157} INFO - Started process (PID=153) to work on /opt/airflow/dags/dbt_seed_dag.py
[2023-06-16T00:40:20.400+0000] {processor.py:826} INFO - Processing file /opt/airflow/dags/dbt_seed_dag.py for tasks to queue
[2023-06-16T00:40:20.402+0000] {logging_mixin.py:149} INFO - [2023-06-16T00:40:20.401+0000] {dagbag.py:541} INFO - Filling up the DagBag from /opt/airflow/dags/dbt_seed_dag.py
[2023-06-16T00:40:20.459+0000] {processor.py:836} INFO - DAG(s) dict_keys(['dbt-seed']) retrieved from /opt/airflow/dags/dbt_seed_dag.py
[2023-06-16T00:40:20.513+0000] {logging_mixin.py:149} INFO - [2023-06-16T00:40:20.513+0000] {dag.py:2726} INFO - Sync 1 DAGs
[2023-06-16T00:40:20.559+0000] {logging_mixin.py:149} INFO - [2023-06-16T00:40:20.558+0000] {dag.py:3490} INFO - Setting next_dagrun for dbt-seed to 2023-06-10T00:00:00+00:00, run_after=2023-06-11T00:00:00+00:00
[2023-06-16T00:40:20.673+0000] {processor.py:179} INFO - Processing /opt/airflow/dags/dbt_seed_dag.py took 0.402 seconds
[2023-06-16T00:41:58.754+0000] {processor.py:157} INFO - Started process (PID=210) to work on /opt/airflow/dags/dbt_seed_dag.py
[2023-06-16T00:41:58.775+0000] {processor.py:826} INFO - Processing file /opt/airflow/dags/dbt_seed_dag.py for tasks to queue
[2023-06-16T00:41:58.776+0000] {logging_mixin.py:149} INFO - [2023-06-16T00:41:58.776+0000] {dagbag.py:541} INFO - Filling up the DagBag from /opt/airflow/dags/dbt_seed_dag.py
[2023-06-16T00:41:58.807+0000] {processor.py:836} INFO - DAG(s) dict_keys(['dbt-seed']) retrieved from /opt/airflow/dags/dbt_seed_dag.py
[2023-06-16T00:41:58.979+0000] {logging_mixin.py:149} INFO - [2023-06-16T00:41:58.979+0000] {dag.py:2726} INFO - Sync 1 DAGs
[2023-06-16T00:41:59.056+0000] {logging_mixin.py:149} INFO - [2023-06-16T00:41:59.056+0000] {dag.py:3490} INFO - Setting next_dagrun for dbt-seed to 2023-06-10T00:00:00+00:00, run_after=2023-06-11T00:00:00+00:00
[2023-06-16T00:41:59.440+0000] {processor.py:179} INFO - Processing /opt/airflow/dags/dbt_seed_dag.py took 0.690 seconds
[2023-06-16T00:42:29.890+0000] {processor.py:157} INFO - Started process (PID=275) to work on /opt/airflow/dags/dbt_seed_dag.py
[2023-06-16T00:42:29.892+0000] {processor.py:826} INFO - Processing file /opt/airflow/dags/dbt_seed_dag.py for tasks to queue
[2023-06-16T00:42:29.894+0000] {logging_mixin.py:149} INFO - [2023-06-16T00:42:29.894+0000] {dagbag.py:541} INFO - Filling up the DagBag from /opt/airflow/dags/dbt_seed_dag.py
[2023-06-16T00:42:29.908+0000] {processor.py:836} INFO - DAG(s) dict_keys(['dbt-seed']) retrieved from /opt/airflow/dags/dbt_seed_dag.py
[2023-06-16T00:42:29.937+0000] {logging_mixin.py:149} INFO - [2023-06-16T00:42:29.937+0000] {dag.py:2726} INFO - Sync 1 DAGs
[2023-06-16T00:42:29.970+0000] {logging_mixin.py:149} INFO - [2023-06-16T00:42:29.970+0000] {dag.py:3490} INFO - Setting next_dagrun for dbt-seed to 2023-06-10T00:00:00+00:00, run_after=2023-06-11T00:00:00+00:00
[2023-06-16T00:42:30.115+0000] {processor.py:179} INFO - Processing /opt/airflow/dags/dbt_seed_dag.py took 0.235 seconds
[2023-06-16T00:43:01.220+0000] {processor.py:157} INFO - Started process (PID=343) to work on /opt/airflow/dags/dbt_seed_dag.py
[2023-06-16T00:43:01.336+0000] {processor.py:826} INFO - Processing file /opt/airflow/dags/dbt_seed_dag.py for tasks to queue
[2023-06-16T00:43:01.340+0000] {logging_mixin.py:149} INFO - [2023-06-16T00:43:01.339+0000] {dagbag.py:541} INFO - Filling up the DagBag from /opt/airflow/dags/dbt_seed_dag.py
[2023-06-16T00:43:01.378+0000] {processor.py:836} INFO - DAG(s) dict_keys(['dbt-seed']) retrieved from /opt/airflow/dags/dbt_seed_dag.py
[2023-06-16T00:43:01.471+0000] {logging_mixin.py:149} INFO - [2023-06-16T00:43:01.470+0000] {dag.py:2726} INFO - Sync 1 DAGs
[2023-06-16T00:43:01.545+0000] {logging_mixin.py:149} INFO - [2023-06-16T00:43:01.545+0000] {dag.py:3490} INFO - Setting next_dagrun for dbt-seed to 2023-06-10T00:00:00+00:00, run_after=2023-06-11T00:00:00+00:00
[2023-06-16T00:43:02.493+0000] {processor.py:179} INFO - Processing /opt/airflow/dags/dbt_seed_dag.py took 1.277 seconds
[2023-06-16T00:43:32.925+0000] {processor.py:157} INFO - Started process (PID=411) to work on /opt/airflow/dags/dbt_seed_dag.py
[2023-06-16T00:43:32.947+0000] {processor.py:826} INFO - Processing file /opt/airflow/dags/dbt_seed_dag.py for tasks to queue
[2023-06-16T00:43:32.948+0000] {logging_mixin.py:149} INFO - [2023-06-16T00:43:32.948+0000] {dagbag.py:541} INFO - Filling up the DagBag from /opt/airflow/dags/dbt_seed_dag.py
[2023-06-16T00:43:33.004+0000] {processor.py:836} INFO - DAG(s) dict_keys(['dbt-seed']) retrieved from /opt/airflow/dags/dbt_seed_dag.py
[2023-06-16T00:43:33.053+0000] {logging_mixin.py:149} INFO - [2023-06-16T00:43:33.053+0000] {dag.py:2726} INFO - Sync 1 DAGs
[2023-06-16T00:43:33.090+0000] {logging_mixin.py:149} INFO - [2023-06-16T00:43:33.089+0000] {dag.py:3490} INFO - Setting next_dagrun for dbt-seed to 2023-06-10T00:00:00+00:00, run_after=2023-06-11T00:00:00+00:00
[2023-06-16T00:43:33.126+0000] {processor.py:179} INFO - Processing /opt/airflow/dags/dbt_seed_dag.py took 0.207 seconds
[2023-06-16T00:44:03.706+0000] {processor.py:157} INFO - Started process (PID=479) to work on /opt/airflow/dags/dbt_seed_dag.py
[2023-06-16T00:44:03.707+0000] {processor.py:826} INFO - Processing file /opt/airflow/dags/dbt_seed_dag.py for tasks to queue
[2023-06-16T00:44:03.708+0000] {logging_mixin.py:149} INFO - [2023-06-16T00:44:03.708+0000] {dagbag.py:541} INFO - Filling up the DagBag from /opt/airflow/dags/dbt_seed_dag.py
[2023-06-16T00:44:03.716+0000] {processor.py:836} INFO - DAG(s) dict_keys(['dbt-seed']) retrieved from /opt/airflow/dags/dbt_seed_dag.py
[2023-06-16T00:44:03.751+0000] {logging_mixin.py:149} INFO - [2023-06-16T00:44:03.750+0000] {dag.py:2726} INFO - Sync 1 DAGs
[2023-06-16T00:44:03.787+0000] {logging_mixin.py:149} INFO - [2023-06-16T00:44:03.787+0000] {dag.py:3490} INFO - Setting next_dagrun for dbt-seed to 2023-06-10T00:00:00+00:00, run_after=2023-06-11T00:00:00+00:00
[2023-06-16T00:44:04.005+0000] {processor.py:179} INFO - Processing /opt/airflow/dags/dbt_seed_dag.py took 0.305 seconds
[2023-06-16T00:44:38.334+0000] {processor.py:157} INFO - Started process (PID=527) to work on /opt/airflow/dags/dbt_seed_dag.py
[2023-06-16T00:44:38.564+0000] {processor.py:826} INFO - Processing file /opt/airflow/dags/dbt_seed_dag.py for tasks to queue
[2023-06-16T00:44:38.566+0000] {logging_mixin.py:149} INFO - [2023-06-16T00:44:38.566+0000] {dagbag.py:541} INFO - Filling up the DagBag from /opt/airflow/dags/dbt_seed_dag.py
[2023-06-16T00:44:38.585+0000] {processor.py:836} INFO - DAG(s) dict_keys(['dbt-seed']) retrieved from /opt/airflow/dags/dbt_seed_dag.py
[2023-06-16T00:44:38.615+0000] {logging_mixin.py:149} INFO - [2023-06-16T00:44:38.615+0000] {dag.py:2726} INFO - Sync 1 DAGs
[2023-06-16T00:44:38.649+0000] {logging_mixin.py:149} INFO - [2023-06-16T00:44:38.649+0000] {dag.py:3490} INFO - Setting next_dagrun for dbt-seed to 2023-06-10T00:00:00+00:00, run_after=2023-06-11T00:00:00+00:00
[2023-06-16T00:44:38.805+0000] {processor.py:179} INFO - Processing /opt/airflow/dags/dbt_seed_dag.py took 0.477 seconds
[2023-06-16T00:45:14.875+0000] {processor.py:157} INFO - Started process (PID=579) to work on /opt/airflow/dags/dbt_seed_dag.py
[2023-06-16T00:45:14.958+0000] {processor.py:826} INFO - Processing file /opt/airflow/dags/dbt_seed_dag.py for tasks to queue
[2023-06-16T00:45:14.961+0000] {logging_mixin.py:149} INFO - [2023-06-16T00:45:14.961+0000] {dagbag.py:541} INFO - Filling up the DagBag from /opt/airflow/dags/dbt_seed_dag.py
[2023-06-16T00:45:15.454+0000] {processor.py:836} INFO - DAG(s) dict_keys(['dbt-seed']) retrieved from /opt/airflow/dags/dbt_seed_dag.py
[2023-06-16T00:45:15.525+0000] {logging_mixin.py:149} INFO - [2023-06-16T00:45:15.524+0000] {dag.py:2726} INFO - Sync 1 DAGs
[2023-06-16T00:45:15.570+0000] {logging_mixin.py:149} INFO - [2023-06-16T00:45:15.570+0000] {dag.py:3490} INFO - Setting next_dagrun for dbt-seed to 2023-06-10T00:00:00+00:00, run_after=2023-06-11T00:00:00+00:00
[2023-06-16T00:45:15.901+0000] {processor.py:179} INFO - Processing /opt/airflow/dags/dbt_seed_dag.py took 1.033 seconds
[2023-06-16T00:45:51.387+0000] {processor.py:157} INFO - Started process (PID=637) to work on /opt/airflow/dags/dbt_seed_dag.py
[2023-06-16T00:45:51.617+0000] {processor.py:826} INFO - Processing file /opt/airflow/dags/dbt_seed_dag.py for tasks to queue
[2023-06-16T00:45:51.618+0000] {logging_mixin.py:149} INFO - [2023-06-16T00:45:51.618+0000] {dagbag.py:541} INFO - Filling up the DagBag from /opt/airflow/dags/dbt_seed_dag.py
[2023-06-16T00:45:51.628+0000] {processor.py:836} INFO - DAG(s) dict_keys(['dbt-seed']) retrieved from /opt/airflow/dags/dbt_seed_dag.py
[2023-06-16T00:45:51.833+0000] {logging_mixin.py:149} INFO - [2023-06-16T00:45:51.832+0000] {dag.py:2726} INFO - Sync 1 DAGs
[2023-06-16T00:45:51.910+0000] {logging_mixin.py:149} INFO - [2023-06-16T00:45:51.910+0000] {dag.py:3490} INFO - Setting next_dagrun for dbt-seed to 2023-06-10T00:00:00+00:00, run_after=2023-06-11T00:00:00+00:00
[2023-06-16T00:45:52.392+0000] {processor.py:179} INFO - Processing /opt/airflow/dags/dbt_seed_dag.py took 1.010 seconds
[2023-06-16T00:46:42.112+0000] {processor.py:157} INFO - Started process (PID=700) to work on /opt/airflow/dags/dbt_seed_dag.py
[2023-06-16T00:46:42.389+0000] {processor.py:826} INFO - Processing file /opt/airflow/dags/dbt_seed_dag.py for tasks to queue
[2023-06-16T00:46:42.390+0000] {logging_mixin.py:149} INFO - [2023-06-16T00:46:42.390+0000] {dagbag.py:541} INFO - Filling up the DagBag from /opt/airflow/dags/dbt_seed_dag.py
[2023-06-16T00:46:42.397+0000] {processor.py:836} INFO - DAG(s) dict_keys(['dbt-seed']) retrieved from /opt/airflow/dags/dbt_seed_dag.py
[2023-06-16T00:46:42.766+0000] {logging_mixin.py:149} INFO - [2023-06-16T00:46:42.765+0000] {dag.py:2726} INFO - Sync 1 DAGs
[2023-06-16T00:46:42.827+0000] {logging_mixin.py:149} INFO - [2023-06-16T00:46:42.827+0000] {dag.py:3490} INFO - Setting next_dagrun for dbt-seed to 2023-06-10T00:00:00+00:00, run_after=2023-06-11T00:00:00+00:00
[2023-06-16T00:46:43.555+0000] {processor.py:179} INFO - Processing /opt/airflow/dags/dbt_seed_dag.py took 1.450 seconds
[2023-06-16T00:47:24.797+0000] {processor.py:157} INFO - Started process (PID=763) to work on /opt/airflow/dags/dbt_seed_dag.py
[2023-06-16T00:47:24.894+0000] {processor.py:826} INFO - Processing file /opt/airflow/dags/dbt_seed_dag.py for tasks to queue
[2023-06-16T00:47:24.898+0000] {logging_mixin.py:149} INFO - [2023-06-16T00:47:24.898+0000] {dagbag.py:541} INFO - Filling up the DagBag from /opt/airflow/dags/dbt_seed_dag.py
[2023-06-16T00:47:24.926+0000] {processor.py:836} INFO - DAG(s) dict_keys(['dbt-seed']) retrieved from /opt/airflow/dags/dbt_seed_dag.py
[2023-06-16T00:47:25.019+0000] {logging_mixin.py:149} INFO - [2023-06-16T00:47:25.019+0000] {dag.py:2726} INFO - Sync 1 DAGs
[2023-06-16T00:47:25.078+0000] {logging_mixin.py:149} INFO - [2023-06-16T00:47:25.078+0000] {dag.py:3490} INFO - Setting next_dagrun for dbt-seed to 2023-06-10T00:00:00+00:00, run_after=2023-06-11T00:00:00+00:00
[2023-06-16T00:47:25.271+0000] {processor.py:179} INFO - Processing /opt/airflow/dags/dbt_seed_dag.py took 0.488 seconds
[2023-06-16T00:48:41.306+0000] {processor.py:157} INFO - Started process (PID=836) to work on /opt/airflow/dags/dbt_seed_dag.py
[2023-06-16T00:48:41.448+0000] {processor.py:826} INFO - Processing file /opt/airflow/dags/dbt_seed_dag.py for tasks to queue
[2023-06-16T00:48:41.450+0000] {logging_mixin.py:149} INFO - [2023-06-16T00:48:41.449+0000] {dagbag.py:541} INFO - Filling up the DagBag from /opt/airflow/dags/dbt_seed_dag.py
[2023-06-16T00:48:41.537+0000] {processor.py:836} INFO - DAG(s) dict_keys(['dbt-seed']) retrieved from /opt/airflow/dags/dbt_seed_dag.py
[2023-06-16T00:48:41.610+0000] {logging_mixin.py:149} INFO - [2023-06-16T00:48:41.609+0000] {dag.py:2726} INFO - Sync 1 DAGs
[2023-06-16T00:48:41.707+0000] {logging_mixin.py:149} INFO - [2023-06-16T00:48:41.706+0000] {dag.py:3490} INFO - Setting next_dagrun for dbt-seed to 2023-06-10T00:00:00+00:00, run_after=2023-06-11T00:00:00+00:00
[2023-06-16T00:48:42.027+0000] {processor.py:179} INFO - Processing /opt/airflow/dags/dbt_seed_dag.py took 0.730 seconds
[2023-06-16T00:49:19.860+0000] {processor.py:157} INFO - Started process (PID=900) to work on /opt/airflow/dags/dbt_seed_dag.py
[2023-06-16T00:49:19.900+0000] {processor.py:826} INFO - Processing file /opt/airflow/dags/dbt_seed_dag.py for tasks to queue
[2023-06-16T00:49:19.901+0000] {logging_mixin.py:149} INFO - [2023-06-16T00:49:19.901+0000] {dagbag.py:541} INFO - Filling up the DagBag from /opt/airflow/dags/dbt_seed_dag.py
[2023-06-16T00:49:19.909+0000] {processor.py:836} INFO - DAG(s) dict_keys(['dbt-seed']) retrieved from /opt/airflow/dags/dbt_seed_dag.py
[2023-06-16T00:49:19.945+0000] {logging_mixin.py:149} INFO - [2023-06-16T00:49:19.945+0000] {dag.py:2726} INFO - Sync 1 DAGs
[2023-06-16T00:49:19.988+0000] {logging_mixin.py:149} INFO - [2023-06-16T00:49:19.988+0000] {dag.py:3490} INFO - Setting next_dagrun for dbt-seed to 2023-06-10T00:00:00+00:00, run_after=2023-06-11T00:00:00+00:00
[2023-06-16T00:49:20.087+0000] {processor.py:179} INFO - Processing /opt/airflow/dags/dbt_seed_dag.py took 0.242 seconds
[2023-06-16T00:49:50.919+0000] {processor.py:157} INFO - Started process (PID=964) to work on /opt/airflow/dags/dbt_seed_dag.py
[2023-06-16T00:49:50.922+0000] {processor.py:826} INFO - Processing file /opt/airflow/dags/dbt_seed_dag.py for tasks to queue
[2023-06-16T00:49:50.926+0000] {logging_mixin.py:149} INFO - [2023-06-16T00:49:50.925+0000] {dagbag.py:541} INFO - Filling up the DagBag from /opt/airflow/dags/dbt_seed_dag.py
[2023-06-16T00:49:50.962+0000] {processor.py:836} INFO - DAG(s) dict_keys(['dbt-seed']) retrieved from /opt/airflow/dags/dbt_seed_dag.py
[2023-06-16T00:49:51.031+0000] {logging_mixin.py:149} INFO - [2023-06-16T00:49:51.031+0000] {dag.py:2726} INFO - Sync 1 DAGs
[2023-06-16T00:49:51.086+0000] {logging_mixin.py:149} INFO - [2023-06-16T00:49:51.085+0000] {dag.py:3490} INFO - Setting next_dagrun for dbt-seed to 2023-06-10T00:00:00+00:00, run_after=2023-06-11T00:00:00+00:00
[2023-06-16T00:49:51.205+0000] {processor.py:179} INFO - Processing /opt/airflow/dags/dbt_seed_dag.py took 0.299 seconds
[2023-06-16T00:50:25.258+0000] {processor.py:157} INFO - Started process (PID=1029) to work on /opt/airflow/dags/dbt_seed_dag.py
[2023-06-16T00:50:25.344+0000] {processor.py:826} INFO - Processing file /opt/airflow/dags/dbt_seed_dag.py for tasks to queue
[2023-06-16T00:50:25.345+0000] {logging_mixin.py:149} INFO - [2023-06-16T00:50:25.345+0000] {dagbag.py:541} INFO - Filling up the DagBag from /opt/airflow/dags/dbt_seed_dag.py
[2023-06-16T00:50:25.353+0000] {processor.py:836} INFO - DAG(s) dict_keys(['dbt-seed']) retrieved from /opt/airflow/dags/dbt_seed_dag.py
[2023-06-16T00:50:25.392+0000] {logging_mixin.py:149} INFO - [2023-06-16T00:50:25.392+0000] {dag.py:2726} INFO - Sync 1 DAGs
[2023-06-16T00:50:25.455+0000] {logging_mixin.py:149} INFO - [2023-06-16T00:50:25.455+0000] {dag.py:3490} INFO - Setting next_dagrun for dbt-seed to 2023-06-10T00:00:00+00:00, run_after=2023-06-11T00:00:00+00:00
[2023-06-16T00:50:25.627+0000] {processor.py:179} INFO - Processing /opt/airflow/dags/dbt_seed_dag.py took 0.383 seconds
[2023-06-16T00:50:59.794+0000] {processor.py:157} INFO - Started process (PID=1091) to work on /opt/airflow/dags/dbt_seed_dag.py
[2023-06-16T00:50:59.795+0000] {processor.py:826} INFO - Processing file /opt/airflow/dags/dbt_seed_dag.py for tasks to queue
[2023-06-16T00:50:59.797+0000] {logging_mixin.py:149} INFO - [2023-06-16T00:50:59.796+0000] {dagbag.py:541} INFO - Filling up the DagBag from /opt/airflow/dags/dbt_seed_dag.py
[2023-06-16T00:50:59.807+0000] {processor.py:836} INFO - DAG(s) dict_keys(['dbt-seed']) retrieved from /opt/airflow/dags/dbt_seed_dag.py
[2023-06-16T00:50:59.845+0000] {logging_mixin.py:149} INFO - [2023-06-16T00:50:59.845+0000] {dag.py:2726} INFO - Sync 1 DAGs
[2023-06-16T00:50:59.884+0000] {logging_mixin.py:149} INFO - [2023-06-16T00:50:59.884+0000] {dag.py:3490} INFO - Setting next_dagrun for dbt-seed to 2023-06-10T00:00:00+00:00, run_after=2023-06-11T00:00:00+00:00
[2023-06-16T00:51:00.120+0000] {processor.py:179} INFO - Processing /opt/airflow/dags/dbt_seed_dag.py took 0.332 seconds
[2023-06-16T00:51:34.602+0000] {processor.py:157} INFO - Started process (PID=1158) to work on /opt/airflow/dags/dbt_seed_dag.py
[2023-06-16T00:51:34.809+0000] {processor.py:826} INFO - Processing file /opt/airflow/dags/dbt_seed_dag.py for tasks to queue
[2023-06-16T00:51:34.811+0000] {logging_mixin.py:149} INFO - [2023-06-16T00:51:34.811+0000] {dagbag.py:541} INFO - Filling up the DagBag from /opt/airflow/dags/dbt_seed_dag.py
[2023-06-16T00:51:35.110+0000] {processor.py:836} INFO - DAG(s) dict_keys(['dbt-seed']) retrieved from /opt/airflow/dags/dbt_seed_dag.py
[2023-06-16T00:51:35.155+0000] {logging_mixin.py:149} INFO - [2023-06-16T00:51:35.155+0000] {dag.py:2726} INFO - Sync 1 DAGs
[2023-06-16T00:51:35.211+0000] {logging_mixin.py:149} INFO - [2023-06-16T00:51:35.211+0000] {dag.py:3490} INFO - Setting next_dagrun for dbt-seed to 2023-06-10T00:00:00+00:00, run_after=2023-06-11T00:00:00+00:00
[2023-06-16T00:51:35.378+0000] {processor.py:179} INFO - Processing /opt/airflow/dags/dbt_seed_dag.py took 0.789 seconds
[2023-06-16T00:52:22.462+0000] {processor.py:157} INFO - Started process (PID=1189) to work on /opt/airflow/dags/dbt_seed_dag.py
[2023-06-16T00:52:22.679+0000] {processor.py:826} INFO - Processing file /opt/airflow/dags/dbt_seed_dag.py for tasks to queue
[2023-06-16T00:52:22.682+0000] {logging_mixin.py:149} INFO - [2023-06-16T00:52:22.681+0000] {dagbag.py:541} INFO - Filling up the DagBag from /opt/airflow/dags/dbt_seed_dag.py
[2023-06-16T00:52:22.697+0000] {processor.py:836} INFO - DAG(s) dict_keys(['dbt-seed']) retrieved from /opt/airflow/dags/dbt_seed_dag.py
[2023-06-16T00:52:22.743+0000] {logging_mixin.py:149} INFO - [2023-06-16T00:52:22.743+0000] {dag.py:2726} INFO - Sync 1 DAGs
[2023-06-16T00:52:22.808+0000] {logging_mixin.py:149} INFO - [2023-06-16T00:52:22.808+0000] {dag.py:3490} INFO - Setting next_dagrun for dbt-seed to 2023-06-10T00:00:00+00:00, run_after=2023-06-11T00:00:00+00:00
[2023-06-16T00:52:22.979+0000] {processor.py:179} INFO - Processing /opt/airflow/dags/dbt_seed_dag.py took 0.528 seconds
[2023-06-16T00:57:20.036+0000] {processor.py:157} INFO - Started process (PID=59) to work on /opt/airflow/dags/dbt_seed_dag.py
[2023-06-16T00:57:20.221+0000] {processor.py:826} INFO - Processing file /opt/airflow/dags/dbt_seed_dag.py for tasks to queue
[2023-06-16T00:57:20.222+0000] {logging_mixin.py:149} INFO - [2023-06-16T00:57:20.222+0000] {dagbag.py:541} INFO - Filling up the DagBag from /opt/airflow/dags/dbt_seed_dag.py
[2023-06-16T00:57:20.396+0000] {processor.py:836} INFO - DAG(s) dict_keys(['dbt-seed']) retrieved from /opt/airflow/dags/dbt_seed_dag.py
[2023-06-16T00:57:20.443+0000] {logging_mixin.py:149} INFO - [2023-06-16T00:57:20.442+0000] {dag.py:2726} INFO - Sync 1 DAGs
[2023-06-16T00:57:20.490+0000] {logging_mixin.py:149} INFO - [2023-06-16T00:57:20.490+0000] {dag.py:3490} INFO - Setting next_dagrun for dbt-seed to 2023-06-10T00:00:00+00:00, run_after=2023-06-11T00:00:00+00:00
[2023-06-16T00:57:20.625+0000] {processor.py:179} INFO - Processing /opt/airflow/dags/dbt_seed_dag.py took 0.593 seconds
[2023-06-16T00:59:22.000+0000] {processor.py:157} INFO - Started process (PID=139) to work on /opt/airflow/dags/dbt_seed_dag.py
[2023-06-16T00:59:22.947+0000] {processor.py:826} INFO - Processing file /opt/airflow/dags/dbt_seed_dag.py for tasks to queue
[2023-06-16T00:59:22.951+0000] {logging_mixin.py:149} INFO - [2023-06-16T00:59:22.949+0000] {dagbag.py:541} INFO - Filling up the DagBag from /opt/airflow/dags/dbt_seed_dag.py
[2023-06-16T00:59:23.006+0000] {processor.py:836} INFO - DAG(s) dict_keys(['dbt-seed']) retrieved from /opt/airflow/dags/dbt_seed_dag.py
[2023-06-16T00:59:23.097+0000] {logging_mixin.py:149} INFO - [2023-06-16T00:59:23.097+0000] {dag.py:2726} INFO - Sync 1 DAGs
[2023-06-16T00:59:23.152+0000] {logging_mixin.py:149} INFO - [2023-06-16T00:59:23.151+0000] {dag.py:3490} INFO - Setting next_dagrun for dbt-seed to 2023-06-10T00:00:00+00:00, run_after=2023-06-11T00:00:00+00:00
[2023-06-16T00:59:23.913+0000] {processor.py:179} INFO - Processing /opt/airflow/dags/dbt_seed_dag.py took 2.275 seconds
[2023-06-16T01:01:54.164+0000] {processor.py:157} INFO - Started process (PID=208) to work on /opt/airflow/dags/dbt_seed_dag.py
[2023-06-16T01:01:54.256+0000] {processor.py:826} INFO - Processing file /opt/airflow/dags/dbt_seed_dag.py for tasks to queue
[2023-06-16T01:01:54.260+0000] {logging_mixin.py:149} INFO - [2023-06-16T01:01:54.259+0000] {dagbag.py:541} INFO - Filling up the DagBag from /opt/airflow/dags/dbt_seed_dag.py
[2023-06-16T01:01:54.310+0000] {processor.py:836} INFO - DAG(s) dict_keys(['dbt-seed']) retrieved from /opt/airflow/dags/dbt_seed_dag.py
[2023-06-16T01:01:54.359+0000] {logging_mixin.py:149} INFO - [2023-06-16T01:01:54.359+0000] {dag.py:2726} INFO - Sync 1 DAGs
[2023-06-16T01:01:54.419+0000] {logging_mixin.py:149} INFO - [2023-06-16T01:01:54.418+0000] {dag.py:3490} INFO - Setting next_dagrun for dbt-seed to 2023-06-10T00:00:00+00:00, run_after=2023-06-11T00:00:00+00:00
[2023-06-16T01:01:54.588+0000] {processor.py:179} INFO - Processing /opt/airflow/dags/dbt_seed_dag.py took 0.440 seconds
[2023-06-16T01:02:25.395+0000] {processor.py:157} INFO - Started process (PID=245) to work on /opt/airflow/dags/dbt_seed_dag.py
[2023-06-16T01:02:25.396+0000] {processor.py:826} INFO - Processing file /opt/airflow/dags/dbt_seed_dag.py for tasks to queue
[2023-06-16T01:02:25.396+0000] {logging_mixin.py:149} INFO - [2023-06-16T01:02:25.396+0000] {dagbag.py:541} INFO - Filling up the DagBag from /opt/airflow/dags/dbt_seed_dag.py
[2023-06-16T01:02:25.407+0000] {processor.py:836} INFO - DAG(s) dict_keys(['dbt-seed']) retrieved from /opt/airflow/dags/dbt_seed_dag.py
[2023-06-16T01:02:25.437+0000] {logging_mixin.py:149} INFO - [2023-06-16T01:02:25.437+0000] {dag.py:2726} INFO - Sync 1 DAGs
[2023-06-16T01:02:25.473+0000] {logging_mixin.py:149} INFO - [2023-06-16T01:02:25.473+0000] {dag.py:3490} INFO - Setting next_dagrun for dbt-seed to 2023-06-10T00:00:00+00:00, run_after=2023-06-11T00:00:00+00:00
[2023-06-16T01:02:25.523+0000] {processor.py:179} INFO - Processing /opt/airflow/dags/dbt_seed_dag.py took 0.133 seconds
[2023-06-16T01:02:55.761+0000] {processor.py:157} INFO - Started process (PID=307) to work on /opt/airflow/dags/dbt_seed_dag.py
[2023-06-16T01:02:55.824+0000] {processor.py:826} INFO - Processing file /opt/airflow/dags/dbt_seed_dag.py for tasks to queue
[2023-06-16T01:02:55.826+0000] {logging_mixin.py:149} INFO - [2023-06-16T01:02:55.826+0000] {dagbag.py:541} INFO - Filling up the DagBag from /opt/airflow/dags/dbt_seed_dag.py
[2023-06-16T01:02:55.844+0000] {processor.py:836} INFO - DAG(s) dict_keys(['dbt-seed']) retrieved from /opt/airflow/dags/dbt_seed_dag.py
[2023-06-16T01:02:55.877+0000] {logging_mixin.py:149} INFO - [2023-06-16T01:02:55.877+0000] {dag.py:2726} INFO - Sync 1 DAGs
[2023-06-16T01:02:55.912+0000] {logging_mixin.py:149} INFO - [2023-06-16T01:02:55.912+0000] {dag.py:3490} INFO - Setting next_dagrun for dbt-seed to 2023-06-10T00:00:00+00:00, run_after=2023-06-11T00:00:00+00:00
[2023-06-16T01:02:55.978+0000] {processor.py:179} INFO - Processing /opt/airflow/dags/dbt_seed_dag.py took 0.223 seconds
[2023-06-16T01:03:27.125+0000] {processor.py:157} INFO - Started process (PID=375) to work on /opt/airflow/dags/dbt_seed_dag.py
[2023-06-16T01:03:27.128+0000] {processor.py:826} INFO - Processing file /opt/airflow/dags/dbt_seed_dag.py for tasks to queue
[2023-06-16T01:03:27.130+0000] {logging_mixin.py:149} INFO - [2023-06-16T01:03:27.129+0000] {dagbag.py:541} INFO - Filling up the DagBag from /opt/airflow/dags/dbt_seed_dag.py
[2023-06-16T01:03:27.144+0000] {processor.py:836} INFO - DAG(s) dict_keys(['dbt-seed']) retrieved from /opt/airflow/dags/dbt_seed_dag.py
[2023-06-16T01:03:27.192+0000] {logging_mixin.py:149} INFO - [2023-06-16T01:03:27.192+0000] {dag.py:2726} INFO - Sync 1 DAGs
[2023-06-16T01:03:27.273+0000] {logging_mixin.py:149} INFO - [2023-06-16T01:03:27.273+0000] {dag.py:3490} INFO - Setting next_dagrun for dbt-seed to 2023-06-10T00:00:00+00:00, run_after=2023-06-11T00:00:00+00:00
[2023-06-16T01:03:27.333+0000] {processor.py:179} INFO - Processing /opt/airflow/dags/dbt_seed_dag.py took 0.214 seconds
[2023-06-16T01:03:57.548+0000] {processor.py:157} INFO - Started process (PID=439) to work on /opt/airflow/dags/dbt_seed_dag.py
[2023-06-16T01:03:57.564+0000] {processor.py:826} INFO - Processing file /opt/airflow/dags/dbt_seed_dag.py for tasks to queue
[2023-06-16T01:03:57.565+0000] {logging_mixin.py:149} INFO - [2023-06-16T01:03:57.565+0000] {dagbag.py:541} INFO - Filling up the DagBag from /opt/airflow/dags/dbt_seed_dag.py
[2023-06-16T01:03:57.572+0000] {processor.py:836} INFO - DAG(s) dict_keys(['dbt-seed']) retrieved from /opt/airflow/dags/dbt_seed_dag.py
[2023-06-16T01:03:57.631+0000] {logging_mixin.py:149} INFO - [2023-06-16T01:03:57.630+0000] {dag.py:2726} INFO - Sync 1 DAGs
[2023-06-16T01:03:57.703+0000] {logging_mixin.py:149} INFO - [2023-06-16T01:03:57.703+0000] {dag.py:3490} INFO - Setting next_dagrun for dbt-seed to 2023-06-10T00:00:00+00:00, run_after=2023-06-11T00:00:00+00:00
[2023-06-16T01:03:57.802+0000] {processor.py:179} INFO - Processing /opt/airflow/dags/dbt_seed_dag.py took 0.260 seconds
[2023-06-16T09:58:10.613+0000] {processor.py:157} INFO - Started process (PID=49) to work on /opt/airflow/dags/dbt_seed_dag.py
[2023-06-16T09:58:10.707+0000] {processor.py:826} INFO - Processing file /opt/airflow/dags/dbt_seed_dag.py for tasks to queue
[2023-06-16T09:58:10.709+0000] {logging_mixin.py:149} INFO - [2023-06-16T09:58:10.708+0000] {dagbag.py:541} INFO - Filling up the DagBag from /opt/airflow/dags/dbt_seed_dag.py
[2023-06-16T09:58:10.788+0000] {processor.py:836} INFO - DAG(s) dict_keys(['dbt-seed']) retrieved from /opt/airflow/dags/dbt_seed_dag.py
[2023-06-16T09:58:10.829+0000] {logging_mixin.py:149} INFO - [2023-06-16T09:58:10.828+0000] {dag.py:2726} INFO - Sync 1 DAGs
[2023-06-16T09:58:10.863+0000] {logging_mixin.py:149} INFO - [2023-06-16T09:58:10.863+0000] {dag.py:3490} INFO - Setting next_dagrun for dbt-seed to 2023-06-10T00:00:00+00:00, run_after=2023-06-11T00:00:00+00:00
[2023-06-16T09:58:10.980+0000] {processor.py:179} INFO - Processing /opt/airflow/dags/dbt_seed_dag.py took 0.371 seconds
[2023-06-16T09:58:44.207+0000] {processor.py:157} INFO - Started process (PID=114) to work on /opt/airflow/dags/dbt_seed_dag.py
[2023-06-16T09:58:44.303+0000] {processor.py:826} INFO - Processing file /opt/airflow/dags/dbt_seed_dag.py for tasks to queue
[2023-06-16T09:58:44.306+0000] {logging_mixin.py:149} INFO - [2023-06-16T09:58:44.306+0000] {dagbag.py:541} INFO - Filling up the DagBag from /opt/airflow/dags/dbt_seed_dag.py
[2023-06-16T09:58:44.330+0000] {processor.py:836} INFO - DAG(s) dict_keys(['dbt-seed']) retrieved from /opt/airflow/dags/dbt_seed_dag.py
[2023-06-16T09:58:44.365+0000] {logging_mixin.py:149} INFO - [2023-06-16T09:58:44.365+0000] {dag.py:2726} INFO - Sync 1 DAGs
[2023-06-16T09:58:44.401+0000] {logging_mixin.py:149} INFO - [2023-06-16T09:58:44.401+0000] {dag.py:3490} INFO - Setting next_dagrun for dbt-seed to 2023-06-10T00:00:00+00:00, run_after=2023-06-11T00:00:00+00:00
[2023-06-16T09:58:44.510+0000] {processor.py:179} INFO - Processing /opt/airflow/dags/dbt_seed_dag.py took 0.307 seconds
[2023-06-16T09:59:15.476+0000] {processor.py:157} INFO - Started process (PID=178) to work on /opt/airflow/dags/dbt_seed_dag.py
[2023-06-16T09:59:15.551+0000] {processor.py:826} INFO - Processing file /opt/airflow/dags/dbt_seed_dag.py for tasks to queue
[2023-06-16T09:59:15.555+0000] {logging_mixin.py:149} INFO - [2023-06-16T09:59:15.554+0000] {dagbag.py:541} INFO - Filling up the DagBag from /opt/airflow/dags/dbt_seed_dag.py
[2023-06-16T09:59:15.567+0000] {processor.py:836} INFO - DAG(s) dict_keys(['dbt-seed']) retrieved from /opt/airflow/dags/dbt_seed_dag.py
[2023-06-16T09:59:15.621+0000] {logging_mixin.py:149} INFO - [2023-06-16T09:59:15.620+0000] {dag.py:2726} INFO - Sync 1 DAGs
[2023-06-16T09:59:15.845+0000] {logging_mixin.py:149} INFO - [2023-06-16T09:59:15.844+0000] {dag.py:3490} INFO - Setting next_dagrun for dbt-seed to 2023-06-10T00:00:00+00:00, run_after=2023-06-11T00:00:00+00:00
[2023-06-16T09:59:16.147+0000] {processor.py:179} INFO - Processing /opt/airflow/dags/dbt_seed_dag.py took 0.681 seconds
[2023-06-16T09:59:49.751+0000] {processor.py:157} INFO - Started process (PID=246) to work on /opt/airflow/dags/dbt_seed_dag.py
[2023-06-16T09:59:49.789+0000] {processor.py:826} INFO - Processing file /opt/airflow/dags/dbt_seed_dag.py for tasks to queue
[2023-06-16T09:59:49.790+0000] {logging_mixin.py:149} INFO - [2023-06-16T09:59:49.790+0000] {dagbag.py:541} INFO - Filling up the DagBag from /opt/airflow/dags/dbt_seed_dag.py
[2023-06-16T09:59:49.796+0000] {processor.py:836} INFO - DAG(s) dict_keys(['dbt-seed']) retrieved from /opt/airflow/dags/dbt_seed_dag.py
[2023-06-16T09:59:49.824+0000] {logging_mixin.py:149} INFO - [2023-06-16T09:59:49.824+0000] {dag.py:2726} INFO - Sync 1 DAGs
[2023-06-16T09:59:49.867+0000] {logging_mixin.py:149} INFO - [2023-06-16T09:59:49.867+0000] {dag.py:3490} INFO - Setting next_dagrun for dbt-seed to 2023-06-10T00:00:00+00:00, run_after=2023-06-11T00:00:00+00:00
[2023-06-16T09:59:49.918+0000] {processor.py:179} INFO - Processing /opt/airflow/dags/dbt_seed_dag.py took 0.172 seconds
[2023-06-16T10:00:20.602+0000] {processor.py:157} INFO - Started process (PID=313) to work on /opt/airflow/dags/dbt_seed_dag.py
[2023-06-16T10:00:20.603+0000] {processor.py:826} INFO - Processing file /opt/airflow/dags/dbt_seed_dag.py for tasks to queue
[2023-06-16T10:00:20.604+0000] {logging_mixin.py:149} INFO - [2023-06-16T10:00:20.604+0000] {dagbag.py:541} INFO - Filling up the DagBag from /opt/airflow/dags/dbt_seed_dag.py
[2023-06-16T10:00:20.615+0000] {processor.py:836} INFO - DAG(s) dict_keys(['dbt-seed']) retrieved from /opt/airflow/dags/dbt_seed_dag.py
[2023-06-16T10:00:20.645+0000] {logging_mixin.py:149} INFO - [2023-06-16T10:00:20.645+0000] {dag.py:2726} INFO - Sync 1 DAGs
[2023-06-16T10:00:20.695+0000] {logging_mixin.py:149} INFO - [2023-06-16T10:00:20.695+0000] {dag.py:3490} INFO - Setting next_dagrun for dbt-seed to 2023-06-10T00:00:00+00:00, run_after=2023-06-11T00:00:00+00:00
[2023-06-16T10:00:20.796+0000] {processor.py:179} INFO - Processing /opt/airflow/dags/dbt_seed_dag.py took 0.200 seconds
[2023-06-16T10:00:56.132+0000] {processor.py:157} INFO - Started process (PID=364) to work on /opt/airflow/dags/dbt_seed_dag.py
[2023-06-16T10:00:56.484+0000] {processor.py:826} INFO - Processing file /opt/airflow/dags/dbt_seed_dag.py for tasks to queue
[2023-06-16T10:00:56.485+0000] {logging_mixin.py:149} INFO - [2023-06-16T10:00:56.485+0000] {dagbag.py:541} INFO - Filling up the DagBag from /opt/airflow/dags/dbt_seed_dag.py
[2023-06-16T10:00:56.520+0000] {processor.py:836} INFO - DAG(s) dict_keys(['dbt-seed']) retrieved from /opt/airflow/dags/dbt_seed_dag.py
[2023-06-16T10:00:56.583+0000] {logging_mixin.py:149} INFO - [2023-06-16T10:00:56.583+0000] {dag.py:2726} INFO - Sync 1 DAGs
[2023-06-16T10:00:56.629+0000] {logging_mixin.py:149} INFO - [2023-06-16T10:00:56.629+0000] {dag.py:3490} INFO - Setting next_dagrun for dbt-seed to 2023-06-10T00:00:00+00:00, run_after=2023-06-11T00:00:00+00:00
[2023-06-16T10:00:56.904+0000] {processor.py:179} INFO - Processing /opt/airflow/dags/dbt_seed_dag.py took 0.780 seconds
[2023-06-16T10:01:27.351+0000] {processor.py:157} INFO - Started process (PID=413) to work on /opt/airflow/dags/dbt_seed_dag.py
[2023-06-16T10:01:27.393+0000] {processor.py:826} INFO - Processing file /opt/airflow/dags/dbt_seed_dag.py for tasks to queue
[2023-06-16T10:01:27.394+0000] {logging_mixin.py:149} INFO - [2023-06-16T10:01:27.394+0000] {dagbag.py:541} INFO - Filling up the DagBag from /opt/airflow/dags/dbt_seed_dag.py
[2023-06-16T10:01:27.407+0000] {processor.py:836} INFO - DAG(s) dict_keys(['dbt-seed']) retrieved from /opt/airflow/dags/dbt_seed_dag.py
[2023-06-16T10:01:27.453+0000] {logging_mixin.py:149} INFO - [2023-06-16T10:01:27.453+0000] {dag.py:2726} INFO - Sync 1 DAGs
[2023-06-16T10:01:27.504+0000] {logging_mixin.py:149} INFO - [2023-06-16T10:01:27.504+0000] {dag.py:3490} INFO - Setting next_dagrun for dbt-seed to 2023-06-10T00:00:00+00:00, run_after=2023-06-11T00:00:00+00:00
[2023-06-16T10:01:27.568+0000] {processor.py:179} INFO - Processing /opt/airflow/dags/dbt_seed_dag.py took 0.222 seconds
[2023-06-16T10:01:59.388+0000] {processor.py:157} INFO - Started process (PID=479) to work on /opt/airflow/dags/dbt_seed_dag.py
[2023-06-16T10:01:59.390+0000] {processor.py:826} INFO - Processing file /opt/airflow/dags/dbt_seed_dag.py for tasks to queue
[2023-06-16T10:01:59.392+0000] {logging_mixin.py:149} INFO - [2023-06-16T10:01:59.392+0000] {dagbag.py:541} INFO - Filling up the DagBag from /opt/airflow/dags/dbt_seed_dag.py
[2023-06-16T10:01:59.406+0000] {processor.py:836} INFO - DAG(s) dict_keys(['dbt-seed']) retrieved from /opt/airflow/dags/dbt_seed_dag.py
[2023-06-16T10:01:59.443+0000] {logging_mixin.py:149} INFO - [2023-06-16T10:01:59.443+0000] {dag.py:2726} INFO - Sync 1 DAGs
[2023-06-16T10:01:59.484+0000] {logging_mixin.py:149} INFO - [2023-06-16T10:01:59.484+0000] {dag.py:3490} INFO - Setting next_dagrun for dbt-seed to 2023-06-10T00:00:00+00:00, run_after=2023-06-11T00:00:00+00:00
[2023-06-16T10:01:59.756+0000] {processor.py:179} INFO - Processing /opt/airflow/dags/dbt_seed_dag.py took 0.382 seconds
[2023-06-16T10:02:59.603+0000] {processor.py:157} INFO - Started process (PID=554) to work on /opt/airflow/dags/dbt_seed_dag.py
[2023-06-16T10:02:59.805+0000] {processor.py:826} INFO - Processing file /opt/airflow/dags/dbt_seed_dag.py for tasks to queue
[2023-06-16T10:02:59.810+0000] {logging_mixin.py:149} INFO - [2023-06-16T10:02:59.809+0000] {dagbag.py:541} INFO - Filling up the DagBag from /opt/airflow/dags/dbt_seed_dag.py
[2023-06-16T10:02:59.837+0000] {processor.py:836} INFO - DAG(s) dict_keys(['dbt-seed']) retrieved from /opt/airflow/dags/dbt_seed_dag.py
[2023-06-16T10:02:59.920+0000] {logging_mixin.py:149} INFO - [2023-06-16T10:02:59.920+0000] {dag.py:2726} INFO - Sync 1 DAGs
[2023-06-16T10:02:59.961+0000] {logging_mixin.py:149} INFO - [2023-06-16T10:02:59.960+0000] {dag.py:3490} INFO - Setting next_dagrun for dbt-seed to 2023-06-10T00:00:00+00:00, run_after=2023-06-11T00:00:00+00:00
[2023-06-16T10:03:00.107+0000] {processor.py:179} INFO - Processing /opt/airflow/dags/dbt_seed_dag.py took 0.509 seconds
[2023-06-16T10:03:43.969+0000] {processor.py:157} INFO - Started process (PID=622) to work on /opt/airflow/dags/dbt_seed_dag.py
[2023-06-16T10:03:44.089+0000] {processor.py:826} INFO - Processing file /opt/airflow/dags/dbt_seed_dag.py for tasks to queue
[2023-06-16T10:03:44.212+0000] {logging_mixin.py:149} INFO - [2023-06-16T10:03:44.211+0000] {dagbag.py:541} INFO - Filling up the DagBag from /opt/airflow/dags/dbt_seed_dag.py
[2023-06-16T10:03:44.661+0000] {processor.py:836} INFO - DAG(s) dict_keys(['dbt-seed']) retrieved from /opt/airflow/dags/dbt_seed_dag.py
[2023-06-16T10:03:45.186+0000] {logging_mixin.py:149} INFO - [2023-06-16T10:03:45.185+0000] {dag.py:2726} INFO - Sync 1 DAGs
[2023-06-16T10:03:45.275+0000] {logging_mixin.py:149} INFO - [2023-06-16T10:03:45.275+0000] {dag.py:3490} INFO - Setting next_dagrun for dbt-seed to 2023-06-10T00:00:00+00:00, run_after=2023-06-11T00:00:00+00:00
[2023-06-16T10:03:45.515+0000] {processor.py:179} INFO - Processing /opt/airflow/dags/dbt_seed_dag.py took 3.618 seconds
[2023-06-16T10:05:59.685+0000] {processor.py:157} INFO - Started process (PID=726) to work on /opt/airflow/dags/dbt_seed_dag.py
[2023-06-16T10:05:59.899+0000] {processor.py:826} INFO - Processing file /opt/airflow/dags/dbt_seed_dag.py for tasks to queue
[2023-06-16T10:05:59.900+0000] {logging_mixin.py:149} INFO - [2023-06-16T10:05:59.900+0000] {dagbag.py:541} INFO - Filling up the DagBag from /opt/airflow/dags/dbt_seed_dag.py
[2023-06-16T10:05:59.945+0000] {processor.py:836} INFO - DAG(s) dict_keys(['dbt-seed']) retrieved from /opt/airflow/dags/dbt_seed_dag.py
[2023-06-16T10:06:00.280+0000] {logging_mixin.py:149} INFO - [2023-06-16T10:06:00.280+0000] {dag.py:2726} INFO - Sync 1 DAGs
[2023-06-16T10:06:00.321+0000] {logging_mixin.py:149} INFO - [2023-06-16T10:06:00.321+0000] {dag.py:3490} INFO - Setting next_dagrun for dbt-seed to 2023-06-10T00:00:00+00:00, run_after=2023-06-11T00:00:00+00:00
[2023-06-16T10:06:00.499+0000] {processor.py:179} INFO - Processing /opt/airflow/dags/dbt_seed_dag.py took 0.828 seconds
[2023-06-16T10:06:31.035+0000] {processor.py:157} INFO - Started process (PID=788) to work on /opt/airflow/dags/dbt_seed_dag.py
[2023-06-16T10:06:31.036+0000] {processor.py:826} INFO - Processing file /opt/airflow/dags/dbt_seed_dag.py for tasks to queue
[2023-06-16T10:06:31.037+0000] {logging_mixin.py:149} INFO - [2023-06-16T10:06:31.037+0000] {dagbag.py:541} INFO - Filling up the DagBag from /opt/airflow/dags/dbt_seed_dag.py
[2023-06-16T10:06:31.045+0000] {processor.py:836} INFO - DAG(s) dict_keys(['dbt-seed']) retrieved from /opt/airflow/dags/dbt_seed_dag.py
[2023-06-16T10:06:31.074+0000] {logging_mixin.py:149} INFO - [2023-06-16T10:06:31.074+0000] {dag.py:2726} INFO - Sync 1 DAGs
[2023-06-16T10:06:31.114+0000] {logging_mixin.py:149} INFO - [2023-06-16T10:06:31.114+0000] {dag.py:3490} INFO - Setting next_dagrun for dbt-seed to 2023-06-10T00:00:00+00:00, run_after=2023-06-11T00:00:00+00:00
[2023-06-16T10:06:31.281+0000] {processor.py:179} INFO - Processing /opt/airflow/dags/dbt_seed_dag.py took 0.250 seconds
[2023-06-16T10:07:01.591+0000] {processor.py:157} INFO - Started process (PID=852) to work on /opt/airflow/dags/dbt_seed_dag.py
[2023-06-16T10:07:01.702+0000] {processor.py:826} INFO - Processing file /opt/airflow/dags/dbt_seed_dag.py for tasks to queue
[2023-06-16T10:07:01.704+0000] {logging_mixin.py:149} INFO - [2023-06-16T10:07:01.703+0000] {dagbag.py:541} INFO - Filling up the DagBag from /opt/airflow/dags/dbt_seed_dag.py
[2023-06-16T10:07:03.092+0000] {processor.py:836} INFO - DAG(s) dict_keys(['dbt-seed']) retrieved from /opt/airflow/dags/dbt_seed_dag.py
[2023-06-16T10:07:04.779+0000] {logging_mixin.py:149} INFO - [2023-06-16T10:07:04.779+0000] {dag.py:2726} INFO - Sync 1 DAGs
[2023-06-16T10:07:07.268+0000] {logging_mixin.py:149} INFO - [2023-06-16T10:07:07.267+0000] {dag.py:3490} INFO - Setting next_dagrun for dbt-seed to 2023-06-10T00:00:00+00:00, run_after=2023-06-11T00:00:00+00:00
[2023-06-16T10:07:07.980+0000] {processor.py:179} INFO - Processing /opt/airflow/dags/dbt_seed_dag.py took 6.395 seconds
[2023-06-16T10:08:23.624+0000] {processor.py:157} INFO - Started process (PID=891) to work on /opt/airflow/dags/dbt_seed_dag.py
[2023-06-16T10:08:24.075+0000] {processor.py:826} INFO - Processing file /opt/airflow/dags/dbt_seed_dag.py for tasks to queue
[2023-06-16T10:08:24.077+0000] {logging_mixin.py:149} INFO - [2023-06-16T10:08:24.076+0000] {dagbag.py:541} INFO - Filling up the DagBag from /opt/airflow/dags/dbt_seed_dag.py
[2023-06-16T10:08:24.090+0000] {processor.py:836} INFO - DAG(s) dict_keys(['dbt-seed']) retrieved from /opt/airflow/dags/dbt_seed_dag.py
[2023-06-16T10:08:24.134+0000] {logging_mixin.py:149} INFO - [2023-06-16T10:08:24.134+0000] {dag.py:2726} INFO - Sync 1 DAGs
[2023-06-16T10:08:24.206+0000] {logging_mixin.py:149} INFO - [2023-06-16T10:08:24.206+0000] {dag.py:3490} INFO - Setting next_dagrun for dbt-seed to 2023-06-10T00:00:00+00:00, run_after=2023-06-11T00:00:00+00:00
[2023-06-16T10:08:24.385+0000] {processor.py:179} INFO - Processing /opt/airflow/dags/dbt_seed_dag.py took 0.767 seconds
[2023-06-16T10:13:43.278+0000] {processor.py:157} INFO - Started process (PID=53) to work on /opt/airflow/dags/dbt_seed_dag.py
[2023-06-16T10:13:43.364+0000] {processor.py:826} INFO - Processing file /opt/airflow/dags/dbt_seed_dag.py for tasks to queue
[2023-06-16T10:13:43.366+0000] {logging_mixin.py:149} INFO - [2023-06-16T10:13:43.366+0000] {dagbag.py:541} INFO - Filling up the DagBag from /opt/airflow/dags/dbt_seed_dag.py
[2023-06-16T10:13:43.420+0000] {processor.py:836} INFO - DAG(s) dict_keys(['dbt-seed']) retrieved from /opt/airflow/dags/dbt_seed_dag.py
[2023-06-16T10:13:43.463+0000] {logging_mixin.py:149} INFO - [2023-06-16T10:13:43.463+0000] {dag.py:2726} INFO - Sync 1 DAGs
[2023-06-16T10:13:43.504+0000] {logging_mixin.py:149} INFO - [2023-06-16T10:13:43.504+0000] {dag.py:3490} INFO - Setting next_dagrun for dbt-seed to 2023-06-10T00:00:00+00:00, run_after=2023-06-11T00:00:00+00:00
[2023-06-16T10:13:43.558+0000] {processor.py:179} INFO - Processing /opt/airflow/dags/dbt_seed_dag.py took 0.285 seconds
[2023-06-16T10:14:15.217+0000] {processor.py:157} INFO - Started process (PID=116) to work on /opt/airflow/dags/dbt_seed_dag.py
[2023-06-16T10:14:15.340+0000] {processor.py:826} INFO - Processing file /opt/airflow/dags/dbt_seed_dag.py for tasks to queue
[2023-06-16T10:14:15.341+0000] {logging_mixin.py:149} INFO - [2023-06-16T10:14:15.341+0000] {dagbag.py:541} INFO - Filling up the DagBag from /opt/airflow/dags/dbt_seed_dag.py
[2023-06-16T10:14:15.350+0000] {processor.py:836} INFO - DAG(s) dict_keys(['dbt-seed']) retrieved from /opt/airflow/dags/dbt_seed_dag.py
[2023-06-16T10:14:15.379+0000] {logging_mixin.py:149} INFO - [2023-06-16T10:14:15.379+0000] {dag.py:2726} INFO - Sync 1 DAGs
[2023-06-16T10:14:15.424+0000] {logging_mixin.py:149} INFO - [2023-06-16T10:14:15.424+0000] {dag.py:3490} INFO - Setting next_dagrun for dbt-seed to 2023-06-10T00:00:00+00:00, run_after=2023-06-11T00:00:00+00:00
[2023-06-16T10:14:15.560+0000] {processor.py:179} INFO - Processing /opt/airflow/dags/dbt_seed_dag.py took 0.348 seconds
[2023-06-16T10:14:46.259+0000] {processor.py:157} INFO - Started process (PID=181) to work on /opt/airflow/dags/dbt_seed_dag.py
[2023-06-16T10:14:46.330+0000] {processor.py:826} INFO - Processing file /opt/airflow/dags/dbt_seed_dag.py for tasks to queue
[2023-06-16T10:14:46.332+0000] {logging_mixin.py:149} INFO - [2023-06-16T10:14:46.332+0000] {dagbag.py:541} INFO - Filling up the DagBag from /opt/airflow/dags/dbt_seed_dag.py
[2023-06-16T10:14:46.352+0000] {processor.py:836} INFO - DAG(s) dict_keys(['dbt-seed']) retrieved from /opt/airflow/dags/dbt_seed_dag.py
[2023-06-16T10:14:46.392+0000] {logging_mixin.py:149} INFO - [2023-06-16T10:14:46.392+0000] {dag.py:2726} INFO - Sync 1 DAGs
[2023-06-16T10:14:46.581+0000] {logging_mixin.py:149} INFO - [2023-06-16T10:14:46.581+0000] {dag.py:3490} INFO - Setting next_dagrun for dbt-seed to 2023-06-10T00:00:00+00:00, run_after=2023-06-11T00:00:00+00:00
[2023-06-16T10:14:46.696+0000] {processor.py:179} INFO - Processing /opt/airflow/dags/dbt_seed_dag.py took 0.443 seconds
[2023-06-16T10:15:17.484+0000] {processor.py:157} INFO - Started process (PID=242) to work on /opt/airflow/dags/dbt_seed_dag.py
[2023-06-16T10:15:17.494+0000] {processor.py:826} INFO - Processing file /opt/airflow/dags/dbt_seed_dag.py for tasks to queue
[2023-06-16T10:15:17.495+0000] {logging_mixin.py:149} INFO - [2023-06-16T10:15:17.495+0000] {dagbag.py:541} INFO - Filling up the DagBag from /opt/airflow/dags/dbt_seed_dag.py
[2023-06-16T10:15:17.502+0000] {processor.py:836} INFO - DAG(s) dict_keys(['dbt-seed']) retrieved from /opt/airflow/dags/dbt_seed_dag.py
[2023-06-16T10:15:17.536+0000] {logging_mixin.py:149} INFO - [2023-06-16T10:15:17.535+0000] {dag.py:2726} INFO - Sync 1 DAGs
[2023-06-16T10:15:17.570+0000] {logging_mixin.py:149} INFO - [2023-06-16T10:15:17.570+0000] {dag.py:3490} INFO - Setting next_dagrun for dbt-seed to 2023-06-10T00:00:00+00:00, run_after=2023-06-11T00:00:00+00:00
[2023-06-16T10:15:17.613+0000] {processor.py:179} INFO - Processing /opt/airflow/dags/dbt_seed_dag.py took 0.133 seconds
[2023-06-16T10:15:48.225+0000] {processor.py:157} INFO - Started process (PID=310) to work on /opt/airflow/dags/dbt_seed_dag.py
[2023-06-16T10:15:48.226+0000] {processor.py:826} INFO - Processing file /opt/airflow/dags/dbt_seed_dag.py for tasks to queue
[2023-06-16T10:15:48.227+0000] {logging_mixin.py:149} INFO - [2023-06-16T10:15:48.227+0000] {dagbag.py:541} INFO - Filling up the DagBag from /opt/airflow/dags/dbt_seed_dag.py
[2023-06-16T10:15:48.234+0000] {processor.py:836} INFO - DAG(s) dict_keys(['dbt-seed']) retrieved from /opt/airflow/dags/dbt_seed_dag.py
[2023-06-16T10:15:48.266+0000] {logging_mixin.py:149} INFO - [2023-06-16T10:15:48.266+0000] {dag.py:2726} INFO - Sync 1 DAGs
[2023-06-16T10:15:48.302+0000] {logging_mixin.py:149} INFO - [2023-06-16T10:15:48.302+0000] {dag.py:3490} INFO - Setting next_dagrun for dbt-seed to 2023-06-10T00:00:00+00:00, run_after=2023-06-11T00:00:00+00:00
[2023-06-16T10:15:48.347+0000] {processor.py:179} INFO - Processing /opt/airflow/dags/dbt_seed_dag.py took 0.128 seconds
[2023-06-16T10:16:18.557+0000] {processor.py:157} INFO - Started process (PID=378) to work on /opt/airflow/dags/dbt_seed_dag.py
[2023-06-16T10:16:18.558+0000] {processor.py:826} INFO - Processing file /opt/airflow/dags/dbt_seed_dag.py for tasks to queue
[2023-06-16T10:16:18.559+0000] {logging_mixin.py:149} INFO - [2023-06-16T10:16:18.559+0000] {dagbag.py:541} INFO - Filling up the DagBag from /opt/airflow/dags/dbt_seed_dag.py
[2023-06-16T10:16:18.570+0000] {processor.py:836} INFO - DAG(s) dict_keys(['dbt-seed']) retrieved from /opt/airflow/dags/dbt_seed_dag.py
[2023-06-16T10:16:18.602+0000] {logging_mixin.py:149} INFO - [2023-06-16T10:16:18.602+0000] {dag.py:2726} INFO - Sync 1 DAGs
[2023-06-16T10:16:18.639+0000] {logging_mixin.py:149} INFO - [2023-06-16T10:16:18.639+0000] {dag.py:3490} INFO - Setting next_dagrun for dbt-seed to 2023-06-10T00:00:00+00:00, run_after=2023-06-11T00:00:00+00:00
[2023-06-16T10:16:18.685+0000] {processor.py:179} INFO - Processing /opt/airflow/dags/dbt_seed_dag.py took 0.135 seconds
[2023-06-16T10:16:48.989+0000] {processor.py:157} INFO - Started process (PID=446) to work on /opt/airflow/dags/dbt_seed_dag.py
[2023-06-16T10:16:49.007+0000] {processor.py:826} INFO - Processing file /opt/airflow/dags/dbt_seed_dag.py for tasks to queue
[2023-06-16T10:16:49.008+0000] {logging_mixin.py:149} INFO - [2023-06-16T10:16:49.007+0000] {dagbag.py:541} INFO - Filling up the DagBag from /opt/airflow/dags/dbt_seed_dag.py
[2023-06-16T10:16:49.015+0000] {processor.py:836} INFO - DAG(s) dict_keys(['dbt-seed']) retrieved from /opt/airflow/dags/dbt_seed_dag.py
[2023-06-16T10:16:49.053+0000] {logging_mixin.py:149} INFO - [2023-06-16T10:16:49.052+0000] {dag.py:2726} INFO - Sync 1 DAGs
[2023-06-16T10:16:49.104+0000] {logging_mixin.py:149} INFO - [2023-06-16T10:16:49.104+0000] {dag.py:3490} INFO - Setting next_dagrun for dbt-seed to 2023-06-10T00:00:00+00:00, run_after=2023-06-11T00:00:00+00:00
[2023-06-16T10:16:49.252+0000] {processor.py:179} INFO - Processing /opt/airflow/dags/dbt_seed_dag.py took 0.268 seconds
[2023-06-16T10:17:20.598+0000] {processor.py:157} INFO - Started process (PID=514) to work on /opt/airflow/dags/dbt_seed_dag.py
[2023-06-16T10:17:20.806+0000] {processor.py:826} INFO - Processing file /opt/airflow/dags/dbt_seed_dag.py for tasks to queue
[2023-06-16T10:17:20.808+0000] {logging_mixin.py:149} INFO - [2023-06-16T10:17:20.808+0000] {dagbag.py:541} INFO - Filling up the DagBag from /opt/airflow/dags/dbt_seed_dag.py
[2023-06-16T10:17:21.627+0000] {processor.py:836} INFO - DAG(s) dict_keys(['dbt-seed']) retrieved from /opt/airflow/dags/dbt_seed_dag.py
[2023-06-16T10:17:21.672+0000] {logging_mixin.py:149} INFO - [2023-06-16T10:17:21.671+0000] {dag.py:2726} INFO - Sync 1 DAGs
[2023-06-16T10:17:21.731+0000] {logging_mixin.py:149} INFO - [2023-06-16T10:17:21.731+0000] {dag.py:3490} INFO - Setting next_dagrun for dbt-seed to 2023-06-10T00:00:00+00:00, run_after=2023-06-11T00:00:00+00:00
[2023-06-16T10:17:21.957+0000] {processor.py:179} INFO - Processing /opt/airflow/dags/dbt_seed_dag.py took 1.383 seconds
[2023-06-16T10:18:15.796+0000] {processor.py:157} INFO - Started process (PID=575) to work on /opt/airflow/dags/dbt_seed_dag.py
[2023-06-16T10:18:15.817+0000] {processor.py:826} INFO - Processing file /opt/airflow/dags/dbt_seed_dag.py for tasks to queue
[2023-06-16T10:18:15.819+0000] {logging_mixin.py:149} INFO - [2023-06-16T10:18:15.818+0000] {dagbag.py:541} INFO - Filling up the DagBag from /opt/airflow/dags/dbt_seed_dag.py
[2023-06-16T10:18:15.840+0000] {processor.py:836} INFO - DAG(s) dict_keys(['dbt-seed']) retrieved from /opt/airflow/dags/dbt_seed_dag.py
[2023-06-16T10:18:15.909+0000] {logging_mixin.py:149} INFO - [2023-06-16T10:18:15.909+0000] {dag.py:2726} INFO - Sync 1 DAGs
[2023-06-16T10:18:15.973+0000] {logging_mixin.py:149} INFO - [2023-06-16T10:18:15.973+0000] {dag.py:3490} INFO - Setting next_dagrun for dbt-seed to 2023-06-10T00:00:00+00:00, run_after=2023-06-11T00:00:00+00:00
[2023-06-16T10:18:16.124+0000] {processor.py:179} INFO - Processing /opt/airflow/dags/dbt_seed_dag.py took 0.335 seconds
[2023-06-16T10:18:46.616+0000] {processor.py:157} INFO - Started process (PID=643) to work on /opt/airflow/dags/dbt_seed_dag.py
[2023-06-16T10:18:46.617+0000] {processor.py:826} INFO - Processing file /opt/airflow/dags/dbt_seed_dag.py for tasks to queue
[2023-06-16T10:18:46.618+0000] {logging_mixin.py:149} INFO - [2023-06-16T10:18:46.618+0000] {dagbag.py:541} INFO - Filling up the DagBag from /opt/airflow/dags/dbt_seed_dag.py
[2023-06-16T10:18:46.625+0000] {processor.py:836} INFO - DAG(s) dict_keys(['dbt-seed']) retrieved from /opt/airflow/dags/dbt_seed_dag.py
[2023-06-16T10:18:46.658+0000] {logging_mixin.py:149} INFO - [2023-06-16T10:18:46.658+0000] {dag.py:2726} INFO - Sync 1 DAGs
[2023-06-16T10:18:46.698+0000] {logging_mixin.py:149} INFO - [2023-06-16T10:18:46.698+0000] {dag.py:3490} INFO - Setting next_dagrun for dbt-seed to 2023-06-10T00:00:00+00:00, run_after=2023-06-11T00:00:00+00:00
[2023-06-16T10:18:46.784+0000] {processor.py:179} INFO - Processing /opt/airflow/dags/dbt_seed_dag.py took 0.172 seconds
[2023-06-16T10:19:17.246+0000] {processor.py:157} INFO - Started process (PID=711) to work on /opt/airflow/dags/dbt_seed_dag.py
[2023-06-16T10:19:17.286+0000] {processor.py:826} INFO - Processing file /opt/airflow/dags/dbt_seed_dag.py for tasks to queue
[2023-06-16T10:19:17.287+0000] {logging_mixin.py:149} INFO - [2023-06-16T10:19:17.287+0000] {dagbag.py:541} INFO - Filling up the DagBag from /opt/airflow/dags/dbt_seed_dag.py
[2023-06-16T10:19:17.295+0000] {processor.py:836} INFO - DAG(s) dict_keys(['dbt-seed']) retrieved from /opt/airflow/dags/dbt_seed_dag.py
[2023-06-16T10:19:17.326+0000] {logging_mixin.py:149} INFO - [2023-06-16T10:19:17.326+0000] {dag.py:2726} INFO - Sync 1 DAGs
[2023-06-16T10:19:17.365+0000] {logging_mixin.py:149} INFO - [2023-06-16T10:19:17.364+0000] {dag.py:3490} INFO - Setting next_dagrun for dbt-seed to 2023-06-10T00:00:00+00:00, run_after=2023-06-11T00:00:00+00:00
[2023-06-16T10:19:17.415+0000] {processor.py:179} INFO - Processing /opt/airflow/dags/dbt_seed_dag.py took 0.174 seconds
