[2023-06-10T18:35:15.377+0000] {processor.py:157} INFO - Started process (PID=8127) to work on /opt/airflow/dags/dbt_debug_dag.py
[2023-06-10T18:35:15.379+0000] {processor.py:826} INFO - Processing file /opt/airflow/dags/dbt_debug_dag.py for tasks to queue
[2023-06-10T18:35:15.380+0000] {logging_mixin.py:149} INFO - [2023-06-10T18:35:15.379+0000] {dagbag.py:541} INFO - Filling up the DagBag from /opt/airflow/dags/dbt_debug_dag.py
[2023-06-10T18:35:15.391+0000] {processor.py:836} INFO - DAG(s) dict_keys(['dbt-debug']) retrieved from /opt/airflow/dags/dbt_debug_dag.py
[2023-06-10T18:35:16.707+0000] {logging_mixin.py:149} INFO - [2023-06-10T18:35:16.707+0000] {manager.py:504} INFO - Created Permission View: can delete on DAG:dbt-debug
[2023-06-10T18:35:16.729+0000] {logging_mixin.py:149} INFO - [2023-06-10T18:35:16.729+0000] {manager.py:504} INFO - Created Permission View: can read on DAG:dbt-debug
[2023-06-10T18:35:16.751+0000] {logging_mixin.py:149} INFO - [2023-06-10T18:35:16.751+0000] {manager.py:504} INFO - Created Permission View: can edit on DAG:dbt-debug
[2023-06-10T18:35:16.752+0000] {logging_mixin.py:149} INFO - [2023-06-10T18:35:16.752+0000] {dag.py:2726} INFO - Sync 1 DAGs
[2023-06-10T18:35:16.798+0000] {logging_mixin.py:149} INFO - [2023-06-10T18:35:16.797+0000] {dag.py:2747} INFO - Creating ORM DAG for dbt-debug
[2023-06-10T18:35:16.824+0000] {logging_mixin.py:149} INFO - [2023-06-10T18:35:16.824+0000] {dag.py:3490} INFO - Setting next_dagrun for dbt-debug to 2023-06-10T00:00:00+00:00, run_after=2023-06-11T00:00:00+00:00
[2023-06-10T18:35:16.988+0000] {processor.py:179} INFO - Processing /opt/airflow/dags/dbt_debug_dag.py took 1.616 seconds
[2023-06-10T18:35:47.526+0000] {processor.py:157} INFO - Started process (PID=8194) to work on /opt/airflow/dags/dbt_debug_dag.py
[2023-06-10T18:35:47.528+0000] {processor.py:826} INFO - Processing file /opt/airflow/dags/dbt_debug_dag.py for tasks to queue
[2023-06-10T18:35:47.530+0000] {logging_mixin.py:149} INFO - [2023-06-10T18:35:47.530+0000] {dagbag.py:541} INFO - Filling up the DagBag from /opt/airflow/dags/dbt_debug_dag.py
[2023-06-10T18:35:47.589+0000] {processor.py:836} INFO - DAG(s) dict_keys(['dbt-debug']) retrieved from /opt/airflow/dags/dbt_debug_dag.py
[2023-06-10T18:35:47.686+0000] {logging_mixin.py:149} INFO - [2023-06-10T18:35:47.686+0000] {dag.py:2726} INFO - Sync 1 DAGs
[2023-06-10T18:35:47.757+0000] {logging_mixin.py:149} INFO - [2023-06-10T18:35:47.757+0000] {dag.py:3490} INFO - Setting next_dagrun for dbt-debug to 2023-06-10T00:00:00+00:00, run_after=2023-06-11T00:00:00+00:00
[2023-06-10T18:35:47.885+0000] {processor.py:179} INFO - Processing /opt/airflow/dags/dbt_debug_dag.py took 0.372 seconds
[2023-06-10T18:36:18.198+0000] {processor.py:157} INFO - Started process (PID=8260) to work on /opt/airflow/dags/dbt_debug_dag.py
[2023-06-10T18:36:18.199+0000] {processor.py:826} INFO - Processing file /opt/airflow/dags/dbt_debug_dag.py for tasks to queue
[2023-06-10T18:36:18.200+0000] {logging_mixin.py:149} INFO - [2023-06-10T18:36:18.199+0000] {dagbag.py:541} INFO - Filling up the DagBag from /opt/airflow/dags/dbt_debug_dag.py
[2023-06-10T18:36:18.208+0000] {processor.py:836} INFO - DAG(s) dict_keys(['dbt-debug']) retrieved from /opt/airflow/dags/dbt_debug_dag.py
[2023-06-10T18:36:18.246+0000] {logging_mixin.py:149} INFO - [2023-06-10T18:36:18.246+0000] {dag.py:2726} INFO - Sync 1 DAGs
[2023-06-10T18:36:18.461+0000] {logging_mixin.py:149} INFO - [2023-06-10T18:36:18.460+0000] {dag.py:3490} INFO - Setting next_dagrun for dbt-debug to 2023-06-10T00:00:00+00:00, run_after=2023-06-11T00:00:00+00:00
[2023-06-10T18:36:18.500+0000] {processor.py:179} INFO - Processing /opt/airflow/dags/dbt_debug_dag.py took 0.307 seconds
[2023-06-10T18:36:48.576+0000] {processor.py:157} INFO - Started process (PID=8326) to work on /opt/airflow/dags/dbt_debug_dag.py
[2023-06-10T18:36:48.592+0000] {processor.py:826} INFO - Processing file /opt/airflow/dags/dbt_debug_dag.py for tasks to queue
[2023-06-10T18:36:48.594+0000] {logging_mixin.py:149} INFO - [2023-06-10T18:36:48.593+0000] {dagbag.py:541} INFO - Filling up the DagBag from /opt/airflow/dags/dbt_debug_dag.py
[2023-06-10T18:36:48.608+0000] {processor.py:836} INFO - DAG(s) dict_keys(['dbt-debug']) retrieved from /opt/airflow/dags/dbt_debug_dag.py
[2023-06-10T18:36:48.645+0000] {logging_mixin.py:149} INFO - [2023-06-10T18:36:48.645+0000] {dag.py:2726} INFO - Sync 1 DAGs
[2023-06-10T18:36:48.682+0000] {logging_mixin.py:149} INFO - [2023-06-10T18:36:48.681+0000] {dag.py:3490} INFO - Setting next_dagrun for dbt-debug to 2023-06-10T00:00:00+00:00, run_after=2023-06-11T00:00:00+00:00
[2023-06-10T18:36:48.719+0000] {processor.py:179} INFO - Processing /opt/airflow/dags/dbt_debug_dag.py took 0.151 seconds
[2023-06-10T18:37:18.874+0000] {processor.py:157} INFO - Started process (PID=8388) to work on /opt/airflow/dags/dbt_debug_dag.py
[2023-06-10T18:37:18.877+0000] {processor.py:826} INFO - Processing file /opt/airflow/dags/dbt_debug_dag.py for tasks to queue
[2023-06-10T18:37:18.878+0000] {logging_mixin.py:149} INFO - [2023-06-10T18:37:18.877+0000] {dagbag.py:541} INFO - Filling up the DagBag from /opt/airflow/dags/dbt_debug_dag.py
[2023-06-10T18:37:18.885+0000] {processor.py:836} INFO - DAG(s) dict_keys(['dbt-debug']) retrieved from /opt/airflow/dags/dbt_debug_dag.py
[2023-06-10T18:37:18.915+0000] {logging_mixin.py:149} INFO - [2023-06-10T18:37:18.915+0000] {dag.py:2726} INFO - Sync 1 DAGs
[2023-06-10T18:37:19.100+0000] {logging_mixin.py:149} INFO - [2023-06-10T18:37:19.099+0000] {dag.py:3490} INFO - Setting next_dagrun for dbt-debug to 2023-06-10T00:00:00+00:00, run_after=2023-06-11T00:00:00+00:00
[2023-06-10T18:37:19.129+0000] {processor.py:179} INFO - Processing /opt/airflow/dags/dbt_debug_dag.py took 0.259 seconds
[2023-06-10T18:37:51.206+0000] {processor.py:157} INFO - Started process (PID=8453) to work on /opt/airflow/dags/dbt_debug_dag.py
[2023-06-10T18:37:51.221+0000] {processor.py:826} INFO - Processing file /opt/airflow/dags/dbt_debug_dag.py for tasks to queue
[2023-06-10T18:37:51.223+0000] {logging_mixin.py:149} INFO - [2023-06-10T18:37:51.222+0000] {dagbag.py:541} INFO - Filling up the DagBag from /opt/airflow/dags/dbt_debug_dag.py
[2023-06-10T18:37:51.230+0000] {processor.py:836} INFO - DAG(s) dict_keys(['dbt-debug']) retrieved from /opt/airflow/dags/dbt_debug_dag.py
[2023-06-10T18:37:51.261+0000] {logging_mixin.py:149} INFO - [2023-06-10T18:37:51.260+0000] {dag.py:2726} INFO - Sync 1 DAGs
[2023-06-10T18:37:51.432+0000] {logging_mixin.py:149} INFO - [2023-06-10T18:37:51.432+0000] {dag.py:3490} INFO - Setting next_dagrun for dbt-debug to 2023-06-10T00:00:00+00:00, run_after=2023-06-11T00:00:00+00:00
[2023-06-10T18:37:51.630+0000] {processor.py:179} INFO - Processing /opt/airflow/dags/dbt_debug_dag.py took 0.429 seconds
[2023-06-10T18:38:22.444+0000] {processor.py:157} INFO - Started process (PID=8515) to work on /opt/airflow/dags/dbt_debug_dag.py
[2023-06-10T18:38:22.466+0000] {processor.py:826} INFO - Processing file /opt/airflow/dags/dbt_debug_dag.py for tasks to queue
[2023-06-10T18:38:22.468+0000] {logging_mixin.py:149} INFO - [2023-06-10T18:38:22.467+0000] {dagbag.py:541} INFO - Filling up the DagBag from /opt/airflow/dags/dbt_debug_dag.py
[2023-06-10T18:38:22.476+0000] {processor.py:836} INFO - DAG(s) dict_keys(['dbt-debug']) retrieved from /opt/airflow/dags/dbt_debug_dag.py
[2023-06-10T18:38:22.531+0000] {logging_mixin.py:149} INFO - [2023-06-10T18:38:22.531+0000] {dag.py:2726} INFO - Sync 1 DAGs
[2023-06-10T18:38:22.609+0000] {logging_mixin.py:149} INFO - [2023-06-10T18:38:22.609+0000] {dag.py:3490} INFO - Setting next_dagrun for dbt-debug to 2023-06-10T00:00:00+00:00, run_after=2023-06-11T00:00:00+00:00
[2023-06-10T18:38:22.649+0000] {processor.py:179} INFO - Processing /opt/airflow/dags/dbt_debug_dag.py took 0.216 seconds
[2023-06-10T18:38:53.134+0000] {processor.py:157} INFO - Started process (PID=8581) to work on /opt/airflow/dags/dbt_debug_dag.py
[2023-06-10T18:38:53.235+0000] {processor.py:826} INFO - Processing file /opt/airflow/dags/dbt_debug_dag.py for tasks to queue
[2023-06-10T18:38:53.237+0000] {logging_mixin.py:149} INFO - [2023-06-10T18:38:53.237+0000] {dagbag.py:541} INFO - Filling up the DagBag from /opt/airflow/dags/dbt_debug_dag.py
[2023-06-10T18:38:53.258+0000] {processor.py:836} INFO - DAG(s) dict_keys(['dbt-debug']) retrieved from /opt/airflow/dags/dbt_debug_dag.py
[2023-06-10T18:38:53.440+0000] {logging_mixin.py:149} INFO - [2023-06-10T18:38:53.440+0000] {dag.py:2726} INFO - Sync 1 DAGs
[2023-06-10T18:38:53.472+0000] {logging_mixin.py:149} INFO - [2023-06-10T18:38:53.472+0000] {dag.py:3490} INFO - Setting next_dagrun for dbt-debug to 2023-06-10T00:00:00+00:00, run_after=2023-06-11T00:00:00+00:00
[2023-06-10T18:38:53.509+0000] {processor.py:179} INFO - Processing /opt/airflow/dags/dbt_debug_dag.py took 0.379 seconds
[2023-06-10T18:39:24.292+0000] {processor.py:157} INFO - Started process (PID=8647) to work on /opt/airflow/dags/dbt_debug_dag.py
[2023-06-10T18:39:24.293+0000] {processor.py:826} INFO - Processing file /opt/airflow/dags/dbt_debug_dag.py for tasks to queue
[2023-06-10T18:39:24.294+0000] {logging_mixin.py:149} INFO - [2023-06-10T18:39:24.294+0000] {dagbag.py:541} INFO - Filling up the DagBag from /opt/airflow/dags/dbt_debug_dag.py
[2023-06-10T18:39:24.301+0000] {processor.py:836} INFO - DAG(s) dict_keys(['dbt-debug']) retrieved from /opt/airflow/dags/dbt_debug_dag.py
[2023-06-10T18:39:24.330+0000] {logging_mixin.py:149} INFO - [2023-06-10T18:39:24.330+0000] {dag.py:2726} INFO - Sync 1 DAGs
[2023-06-10T18:39:24.363+0000] {logging_mixin.py:149} INFO - [2023-06-10T18:39:24.363+0000] {dag.py:3490} INFO - Setting next_dagrun for dbt-debug to 2023-06-10T00:00:00+00:00, run_after=2023-06-11T00:00:00+00:00
[2023-06-10T18:39:24.488+0000] {processor.py:179} INFO - Processing /opt/airflow/dags/dbt_debug_dag.py took 0.200 seconds
[2023-06-10T18:39:54.797+0000] {processor.py:157} INFO - Started process (PID=8712) to work on /opt/airflow/dags/dbt_debug_dag.py
[2023-06-10T18:39:54.943+0000] {processor.py:826} INFO - Processing file /opt/airflow/dags/dbt_debug_dag.py for tasks to queue
[2023-06-10T18:39:54.946+0000] {logging_mixin.py:149} INFO - [2023-06-10T18:39:54.945+0000] {dagbag.py:541} INFO - Filling up the DagBag from /opt/airflow/dags/dbt_debug_dag.py
[2023-06-10T18:39:54.964+0000] {processor.py:836} INFO - DAG(s) dict_keys(['dbt-debug']) retrieved from /opt/airflow/dags/dbt_debug_dag.py
[2023-06-10T18:39:55.009+0000] {logging_mixin.py:149} INFO - [2023-06-10T18:39:55.009+0000] {dag.py:2726} INFO - Sync 1 DAGs
[2023-06-10T18:39:55.043+0000] {logging_mixin.py:149} INFO - [2023-06-10T18:39:55.043+0000] {dag.py:3490} INFO - Setting next_dagrun for dbt-debug to 2023-06-10T00:00:00+00:00, run_after=2023-06-11T00:00:00+00:00
[2023-06-10T18:39:55.071+0000] {processor.py:179} INFO - Processing /opt/airflow/dags/dbt_debug_dag.py took 0.285 seconds
[2023-06-10T18:40:25.431+0000] {processor.py:157} INFO - Started process (PID=8777) to work on /opt/airflow/dags/dbt_debug_dag.py
[2023-06-10T18:40:25.539+0000] {processor.py:826} INFO - Processing file /opt/airflow/dags/dbt_debug_dag.py for tasks to queue
[2023-06-10T18:40:25.540+0000] {logging_mixin.py:149} INFO - [2023-06-10T18:40:25.540+0000] {dagbag.py:541} INFO - Filling up the DagBag from /opt/airflow/dags/dbt_debug_dag.py
[2023-06-10T18:40:25.547+0000] {processor.py:836} INFO - DAG(s) dict_keys(['dbt-debug']) retrieved from /opt/airflow/dags/dbt_debug_dag.py
[2023-06-10T18:40:25.575+0000] {logging_mixin.py:149} INFO - [2023-06-10T18:40:25.575+0000] {dag.py:2726} INFO - Sync 1 DAGs
[2023-06-10T18:40:25.609+0000] {logging_mixin.py:149} INFO - [2023-06-10T18:40:25.608+0000] {dag.py:3490} INFO - Setting next_dagrun for dbt-debug to 2023-06-10T00:00:00+00:00, run_after=2023-06-11T00:00:00+00:00
[2023-06-10T18:40:25.646+0000] {processor.py:179} INFO - Processing /opt/airflow/dags/dbt_debug_dag.py took 0.220 seconds
[2023-06-10T18:40:55.949+0000] {processor.py:157} INFO - Started process (PID=8843) to work on /opt/airflow/dags/dbt_debug_dag.py
[2023-06-10T18:40:55.950+0000] {processor.py:826} INFO - Processing file /opt/airflow/dags/dbt_debug_dag.py for tasks to queue
[2023-06-10T18:40:55.951+0000] {logging_mixin.py:149} INFO - [2023-06-10T18:40:55.951+0000] {dagbag.py:541} INFO - Filling up the DagBag from /opt/airflow/dags/dbt_debug_dag.py
[2023-06-10T18:40:55.958+0000] {processor.py:836} INFO - DAG(s) dict_keys(['dbt-debug']) retrieved from /opt/airflow/dags/dbt_debug_dag.py
[2023-06-10T18:40:55.988+0000] {logging_mixin.py:149} INFO - [2023-06-10T18:40:55.988+0000] {dag.py:2726} INFO - Sync 1 DAGs
[2023-06-10T18:40:56.020+0000] {logging_mixin.py:149} INFO - [2023-06-10T18:40:56.020+0000] {dag.py:3490} INFO - Setting next_dagrun for dbt-debug to 2023-06-10T00:00:00+00:00, run_after=2023-06-11T00:00:00+00:00
[2023-06-10T18:40:56.055+0000] {processor.py:179} INFO - Processing /opt/airflow/dags/dbt_debug_dag.py took 0.111 seconds
[2023-06-10T18:41:26.266+0000] {processor.py:157} INFO - Started process (PID=8908) to work on /opt/airflow/dags/dbt_debug_dag.py
[2023-06-10T18:41:26.268+0000] {processor.py:826} INFO - Processing file /opt/airflow/dags/dbt_debug_dag.py for tasks to queue
[2023-06-10T18:41:26.269+0000] {logging_mixin.py:149} INFO - [2023-06-10T18:41:26.269+0000] {dagbag.py:541} INFO - Filling up the DagBag from /opt/airflow/dags/dbt_debug_dag.py
[2023-06-10T18:41:26.278+0000] {processor.py:836} INFO - DAG(s) dict_keys(['dbt-debug']) retrieved from /opt/airflow/dags/dbt_debug_dag.py
[2023-06-10T18:41:26.318+0000] {logging_mixin.py:149} INFO - [2023-06-10T18:41:26.318+0000] {dag.py:2726} INFO - Sync 1 DAGs
[2023-06-10T18:41:26.371+0000] {logging_mixin.py:149} INFO - [2023-06-10T18:41:26.371+0000] {dag.py:3490} INFO - Setting next_dagrun for dbt-debug to 2023-06-10T00:00:00+00:00, run_after=2023-06-11T00:00:00+00:00
[2023-06-10T18:41:26.412+0000] {processor.py:179} INFO - Processing /opt/airflow/dags/dbt_debug_dag.py took 0.152 seconds
[2023-06-10T18:41:56.531+0000] {processor.py:157} INFO - Started process (PID=8968) to work on /opt/airflow/dags/dbt_debug_dag.py
[2023-06-10T18:41:56.532+0000] {processor.py:826} INFO - Processing file /opt/airflow/dags/dbt_debug_dag.py for tasks to queue
[2023-06-10T18:41:56.533+0000] {logging_mixin.py:149} INFO - [2023-06-10T18:41:56.533+0000] {dagbag.py:541} INFO - Filling up the DagBag from /opt/airflow/dags/dbt_debug_dag.py
[2023-06-10T18:41:56.541+0000] {processor.py:836} INFO - DAG(s) dict_keys(['dbt-debug']) retrieved from /opt/airflow/dags/dbt_debug_dag.py
[2023-06-10T18:41:56.573+0000] {logging_mixin.py:149} INFO - [2023-06-10T18:41:56.573+0000] {dag.py:2726} INFO - Sync 1 DAGs
[2023-06-10T18:41:56.609+0000] {logging_mixin.py:149} INFO - [2023-06-10T18:41:56.609+0000] {dag.py:3490} INFO - Setting next_dagrun for dbt-debug to 2023-06-10T00:00:00+00:00, run_after=2023-06-11T00:00:00+00:00
[2023-06-10T18:41:56.695+0000] {processor.py:179} INFO - Processing /opt/airflow/dags/dbt_debug_dag.py took 0.168 seconds
[2023-06-10T18:42:27.124+0000] {processor.py:157} INFO - Started process (PID=9035) to work on /opt/airflow/dags/dbt_debug_dag.py
[2023-06-10T18:42:27.125+0000] {processor.py:826} INFO - Processing file /opt/airflow/dags/dbt_debug_dag.py for tasks to queue
[2023-06-10T18:42:27.126+0000] {logging_mixin.py:149} INFO - [2023-06-10T18:42:27.126+0000] {dagbag.py:541} INFO - Filling up the DagBag from /opt/airflow/dags/dbt_debug_dag.py
[2023-06-10T18:42:27.133+0000] {processor.py:836} INFO - DAG(s) dict_keys(['dbt-debug']) retrieved from /opt/airflow/dags/dbt_debug_dag.py
[2023-06-10T18:42:27.171+0000] {logging_mixin.py:149} INFO - [2023-06-10T18:42:27.171+0000] {dag.py:2726} INFO - Sync 1 DAGs
[2023-06-10T18:42:27.220+0000] {logging_mixin.py:149} INFO - [2023-06-10T18:42:27.219+0000] {dag.py:3490} INFO - Setting next_dagrun for dbt-debug to 2023-06-10T00:00:00+00:00, run_after=2023-06-11T00:00:00+00:00
[2023-06-10T18:42:27.260+0000] {processor.py:179} INFO - Processing /opt/airflow/dags/dbt_debug_dag.py took 0.143 seconds
[2023-06-10T18:42:57.517+0000] {processor.py:157} INFO - Started process (PID=9102) to work on /opt/airflow/dags/dbt_debug_dag.py
[2023-06-10T18:42:57.540+0000] {processor.py:826} INFO - Processing file /opt/airflow/dags/dbt_debug_dag.py for tasks to queue
[2023-06-10T18:42:57.541+0000] {logging_mixin.py:149} INFO - [2023-06-10T18:42:57.540+0000] {dagbag.py:541} INFO - Filling up the DagBag from /opt/airflow/dags/dbt_debug_dag.py
[2023-06-10T18:42:57.553+0000] {processor.py:836} INFO - DAG(s) dict_keys(['dbt-debug']) retrieved from /opt/airflow/dags/dbt_debug_dag.py
[2023-06-10T18:42:57.596+0000] {logging_mixin.py:149} INFO - [2023-06-10T18:42:57.594+0000] {dag.py:2726} INFO - Sync 1 DAGs
[2023-06-10T18:42:57.637+0000] {logging_mixin.py:149} INFO - [2023-06-10T18:42:57.637+0000] {dag.py:3490} INFO - Setting next_dagrun for dbt-debug to 2023-06-10T00:00:00+00:00, run_after=2023-06-11T00:00:00+00:00
[2023-06-10T18:42:57.682+0000] {processor.py:179} INFO - Processing /opt/airflow/dags/dbt_debug_dag.py took 0.173 seconds
[2023-06-10T18:43:28.380+0000] {processor.py:157} INFO - Started process (PID=9167) to work on /opt/airflow/dags/dbt_debug_dag.py
[2023-06-10T18:43:28.381+0000] {processor.py:826} INFO - Processing file /opt/airflow/dags/dbt_debug_dag.py for tasks to queue
[2023-06-10T18:43:28.383+0000] {logging_mixin.py:149} INFO - [2023-06-10T18:43:28.383+0000] {dagbag.py:541} INFO - Filling up the DagBag from /opt/airflow/dags/dbt_debug_dag.py
[2023-06-10T18:43:28.391+0000] {processor.py:836} INFO - DAG(s) dict_keys(['dbt-debug']) retrieved from /opt/airflow/dags/dbt_debug_dag.py
[2023-06-10T18:43:28.421+0000] {logging_mixin.py:149} INFO - [2023-06-10T18:43:28.421+0000] {dag.py:2726} INFO - Sync 1 DAGs
[2023-06-10T18:43:28.456+0000] {logging_mixin.py:149} INFO - [2023-06-10T18:43:28.456+0000] {dag.py:3490} INFO - Setting next_dagrun for dbt-debug to 2023-06-10T00:00:00+00:00, run_after=2023-06-11T00:00:00+00:00
[2023-06-10T18:43:28.617+0000] {processor.py:179} INFO - Processing /opt/airflow/dags/dbt_debug_dag.py took 0.245 seconds
[2023-06-10T18:43:58.730+0000] {processor.py:157} INFO - Started process (PID=9233) to work on /opt/airflow/dags/dbt_debug_dag.py
[2023-06-10T18:43:58.737+0000] {processor.py:826} INFO - Processing file /opt/airflow/dags/dbt_debug_dag.py for tasks to queue
[2023-06-10T18:43:58.740+0000] {logging_mixin.py:149} INFO - [2023-06-10T18:43:58.739+0000] {dagbag.py:541} INFO - Filling up the DagBag from /opt/airflow/dags/dbt_debug_dag.py
[2023-06-10T18:43:58.753+0000] {processor.py:836} INFO - DAG(s) dict_keys(['dbt-debug']) retrieved from /opt/airflow/dags/dbt_debug_dag.py
[2023-06-10T18:43:58.786+0000] {logging_mixin.py:149} INFO - [2023-06-10T18:43:58.785+0000] {dag.py:2726} INFO - Sync 1 DAGs
[2023-06-10T18:43:58.819+0000] {logging_mixin.py:149} INFO - [2023-06-10T18:43:58.819+0000] {dag.py:3490} INFO - Setting next_dagrun for dbt-debug to 2023-06-10T00:00:00+00:00, run_after=2023-06-11T00:00:00+00:00
[2023-06-10T18:43:58.849+0000] {processor.py:179} INFO - Processing /opt/airflow/dags/dbt_debug_dag.py took 0.132 seconds
[2023-06-10T18:44:29.359+0000] {processor.py:157} INFO - Started process (PID=9299) to work on /opt/airflow/dags/dbt_debug_dag.py
[2023-06-10T18:44:29.361+0000] {processor.py:826} INFO - Processing file /opt/airflow/dags/dbt_debug_dag.py for tasks to queue
[2023-06-10T18:44:29.362+0000] {logging_mixin.py:149} INFO - [2023-06-10T18:44:29.362+0000] {dagbag.py:541} INFO - Filling up the DagBag from /opt/airflow/dags/dbt_debug_dag.py
[2023-06-10T18:44:29.371+0000] {processor.py:836} INFO - DAG(s) dict_keys(['dbt-debug']) retrieved from /opt/airflow/dags/dbt_debug_dag.py
[2023-06-10T18:44:29.399+0000] {logging_mixin.py:149} INFO - [2023-06-10T18:44:29.399+0000] {dag.py:2726} INFO - Sync 1 DAGs
[2023-06-10T18:44:29.432+0000] {logging_mixin.py:149} INFO - [2023-06-10T18:44:29.432+0000] {dag.py:3490} INFO - Setting next_dagrun for dbt-debug to 2023-06-10T00:00:00+00:00, run_after=2023-06-11T00:00:00+00:00
[2023-06-10T18:44:29.481+0000] {processor.py:179} INFO - Processing /opt/airflow/dags/dbt_debug_dag.py took 0.130 seconds
[2023-06-10T18:44:59.852+0000] {processor.py:157} INFO - Started process (PID=9366) to work on /opt/airflow/dags/dbt_debug_dag.py
[2023-06-10T18:44:59.864+0000] {processor.py:826} INFO - Processing file /opt/airflow/dags/dbt_debug_dag.py for tasks to queue
[2023-06-10T18:44:59.866+0000] {logging_mixin.py:149} INFO - [2023-06-10T18:44:59.866+0000] {dagbag.py:541} INFO - Filling up the DagBag from /opt/airflow/dags/dbt_debug_dag.py
[2023-06-10T18:44:59.883+0000] {processor.py:836} INFO - DAG(s) dict_keys(['dbt-debug']) retrieved from /opt/airflow/dags/dbt_debug_dag.py
[2023-06-10T18:44:59.914+0000] {logging_mixin.py:149} INFO - [2023-06-10T18:44:59.914+0000] {dag.py:2726} INFO - Sync 1 DAGs
[2023-06-10T18:44:59.953+0000] {logging_mixin.py:149} INFO - [2023-06-10T18:44:59.953+0000] {dag.py:3490} INFO - Setting next_dagrun for dbt-debug to 2023-06-10T00:00:00+00:00, run_after=2023-06-11T00:00:00+00:00
[2023-06-10T18:44:59.989+0000] {processor.py:179} INFO - Processing /opt/airflow/dags/dbt_debug_dag.py took 0.149 seconds
[2023-06-10T18:45:30.281+0000] {processor.py:157} INFO - Started process (PID=9431) to work on /opt/airflow/dags/dbt_debug_dag.py
[2023-06-10T18:45:30.283+0000] {processor.py:826} INFO - Processing file /opt/airflow/dags/dbt_debug_dag.py for tasks to queue
[2023-06-10T18:45:30.285+0000] {logging_mixin.py:149} INFO - [2023-06-10T18:45:30.284+0000] {dagbag.py:541} INFO - Filling up the DagBag from /opt/airflow/dags/dbt_debug_dag.py
[2023-06-10T18:45:30.295+0000] {processor.py:836} INFO - DAG(s) dict_keys(['dbt-debug']) retrieved from /opt/airflow/dags/dbt_debug_dag.py
[2023-06-10T18:45:30.326+0000] {logging_mixin.py:149} INFO - [2023-06-10T18:45:30.325+0000] {dag.py:2726} INFO - Sync 1 DAGs
[2023-06-10T18:45:30.361+0000] {logging_mixin.py:149} INFO - [2023-06-10T18:45:30.361+0000] {dag.py:3490} INFO - Setting next_dagrun for dbt-debug to 2023-06-10T00:00:00+00:00, run_after=2023-06-11T00:00:00+00:00
[2023-06-10T18:45:30.399+0000] {processor.py:179} INFO - Processing /opt/airflow/dags/dbt_debug_dag.py took 0.130 seconds
[2023-06-10T18:46:00.460+0000] {processor.py:157} INFO - Started process (PID=9498) to work on /opt/airflow/dags/dbt_debug_dag.py
[2023-06-10T18:46:00.471+0000] {processor.py:826} INFO - Processing file /opt/airflow/dags/dbt_debug_dag.py for tasks to queue
[2023-06-10T18:46:00.473+0000] {logging_mixin.py:149} INFO - [2023-06-10T18:46:00.472+0000] {dagbag.py:541} INFO - Filling up the DagBag from /opt/airflow/dags/dbt_debug_dag.py
[2023-06-10T18:46:00.480+0000] {processor.py:836} INFO - DAG(s) dict_keys(['dbt-debug']) retrieved from /opt/airflow/dags/dbt_debug_dag.py
[2023-06-10T18:46:00.513+0000] {logging_mixin.py:149} INFO - [2023-06-10T18:46:00.513+0000] {dag.py:2726} INFO - Sync 1 DAGs
[2023-06-10T18:46:00.550+0000] {logging_mixin.py:149} INFO - [2023-06-10T18:46:00.550+0000] {dag.py:3490} INFO - Setting next_dagrun for dbt-debug to 2023-06-10T00:00:00+00:00, run_after=2023-06-11T00:00:00+00:00
[2023-06-10T18:46:00.592+0000] {processor.py:179} INFO - Processing /opt/airflow/dags/dbt_debug_dag.py took 0.138 seconds
[2023-06-10T18:46:31.405+0000] {processor.py:157} INFO - Started process (PID=9562) to work on /opt/airflow/dags/dbt_debug_dag.py
[2023-06-10T18:46:31.423+0000] {processor.py:826} INFO - Processing file /opt/airflow/dags/dbt_debug_dag.py for tasks to queue
[2023-06-10T18:46:31.424+0000] {logging_mixin.py:149} INFO - [2023-06-10T18:46:31.424+0000] {dagbag.py:541} INFO - Filling up the DagBag from /opt/airflow/dags/dbt_debug_dag.py
[2023-06-10T18:46:31.437+0000] {processor.py:836} INFO - DAG(s) dict_keys(['dbt-debug']) retrieved from /opt/airflow/dags/dbt_debug_dag.py
[2023-06-10T18:46:31.467+0000] {logging_mixin.py:149} INFO - [2023-06-10T18:46:31.467+0000] {dag.py:2726} INFO - Sync 1 DAGs
[2023-06-10T18:46:31.530+0000] {logging_mixin.py:149} INFO - [2023-06-10T18:46:31.530+0000] {dag.py:3490} INFO - Setting next_dagrun for dbt-debug to 2023-06-10T00:00:00+00:00, run_after=2023-06-11T00:00:00+00:00
[2023-06-10T18:46:31.578+0000] {processor.py:179} INFO - Processing /opt/airflow/dags/dbt_debug_dag.py took 0.180 seconds
[2023-06-10T18:47:02.181+0000] {processor.py:157} INFO - Started process (PID=9626) to work on /opt/airflow/dags/dbt_debug_dag.py
[2023-06-10T18:47:02.196+0000] {processor.py:826} INFO - Processing file /opt/airflow/dags/dbt_debug_dag.py for tasks to queue
[2023-06-10T18:47:02.198+0000] {logging_mixin.py:149} INFO - [2023-06-10T18:47:02.198+0000] {dagbag.py:541} INFO - Filling up the DagBag from /opt/airflow/dags/dbt_debug_dag.py
[2023-06-10T18:47:02.208+0000] {processor.py:836} INFO - DAG(s) dict_keys(['dbt-debug']) retrieved from /opt/airflow/dags/dbt_debug_dag.py
[2023-06-10T18:47:02.241+0000] {logging_mixin.py:149} INFO - [2023-06-10T18:47:02.241+0000] {dag.py:2726} INFO - Sync 1 DAGs
[2023-06-10T18:47:02.275+0000] {logging_mixin.py:149} INFO - [2023-06-10T18:47:02.275+0000] {dag.py:3490} INFO - Setting next_dagrun for dbt-debug to 2023-06-10T00:00:00+00:00, run_after=2023-06-11T00:00:00+00:00
[2023-06-10T18:47:02.312+0000] {processor.py:179} INFO - Processing /opt/airflow/dags/dbt_debug_dag.py took 0.143 seconds
[2023-06-10T18:47:32.429+0000] {processor.py:157} INFO - Started process (PID=9692) to work on /opt/airflow/dags/dbt_debug_dag.py
[2023-06-10T18:47:32.430+0000] {processor.py:826} INFO - Processing file /opt/airflow/dags/dbt_debug_dag.py for tasks to queue
[2023-06-10T18:47:32.431+0000] {logging_mixin.py:149} INFO - [2023-06-10T18:47:32.431+0000] {dagbag.py:541} INFO - Filling up the DagBag from /opt/airflow/dags/dbt_debug_dag.py
[2023-06-10T18:47:32.438+0000] {processor.py:836} INFO - DAG(s) dict_keys(['dbt-debug']) retrieved from /opt/airflow/dags/dbt_debug_dag.py
[2023-06-10T18:47:32.466+0000] {logging_mixin.py:149} INFO - [2023-06-10T18:47:32.466+0000] {dag.py:2726} INFO - Sync 1 DAGs
[2023-06-10T18:47:32.499+0000] {logging_mixin.py:149} INFO - [2023-06-10T18:47:32.499+0000] {dag.py:3490} INFO - Setting next_dagrun for dbt-debug to 2023-06-10T00:00:00+00:00, run_after=2023-06-11T00:00:00+00:00
[2023-06-10T18:47:32.554+0000] {processor.py:179} INFO - Processing /opt/airflow/dags/dbt_debug_dag.py took 0.130 seconds
[2023-06-10T18:48:02.743+0000] {processor.py:157} INFO - Started process (PID=9757) to work on /opt/airflow/dags/dbt_debug_dag.py
[2023-06-10T18:48:02.768+0000] {processor.py:826} INFO - Processing file /opt/airflow/dags/dbt_debug_dag.py for tasks to queue
[2023-06-10T18:48:02.769+0000] {logging_mixin.py:149} INFO - [2023-06-10T18:48:02.769+0000] {dagbag.py:541} INFO - Filling up the DagBag from /opt/airflow/dags/dbt_debug_dag.py
[2023-06-10T18:48:02.777+0000] {processor.py:836} INFO - DAG(s) dict_keys(['dbt-debug']) retrieved from /opt/airflow/dags/dbt_debug_dag.py
[2023-06-10T18:48:02.811+0000] {logging_mixin.py:149} INFO - [2023-06-10T18:48:02.811+0000] {dag.py:2726} INFO - Sync 1 DAGs
[2023-06-10T18:48:02.854+0000] {logging_mixin.py:149} INFO - [2023-06-10T18:48:02.854+0000] {dag.py:3490} INFO - Setting next_dagrun for dbt-debug to 2023-06-10T00:00:00+00:00, run_after=2023-06-11T00:00:00+00:00
[2023-06-10T18:48:02.904+0000] {processor.py:179} INFO - Processing /opt/airflow/dags/dbt_debug_dag.py took 0.165 seconds
[2023-06-10T18:48:33.231+0000] {processor.py:157} INFO - Started process (PID=9822) to work on /opt/airflow/dags/dbt_debug_dag.py
[2023-06-10T18:48:33.233+0000] {processor.py:826} INFO - Processing file /opt/airflow/dags/dbt_debug_dag.py for tasks to queue
[2023-06-10T18:48:33.237+0000] {logging_mixin.py:149} INFO - [2023-06-10T18:48:33.236+0000] {dagbag.py:541} INFO - Filling up the DagBag from /opt/airflow/dags/dbt_debug_dag.py
[2023-06-10T18:48:33.250+0000] {processor.py:836} INFO - DAG(s) dict_keys(['dbt-debug']) retrieved from /opt/airflow/dags/dbt_debug_dag.py
[2023-06-10T18:48:33.302+0000] {logging_mixin.py:149} INFO - [2023-06-10T18:48:33.302+0000] {dag.py:2726} INFO - Sync 1 DAGs
[2023-06-10T18:48:33.354+0000] {logging_mixin.py:149} INFO - [2023-06-10T18:48:33.353+0000] {dag.py:3490} INFO - Setting next_dagrun for dbt-debug to 2023-06-10T00:00:00+00:00, run_after=2023-06-11T00:00:00+00:00
[2023-06-10T18:48:33.399+0000] {processor.py:179} INFO - Processing /opt/airflow/dags/dbt_debug_dag.py took 0.175 seconds
[2023-06-10T18:49:03.539+0000] {processor.py:157} INFO - Started process (PID=9882) to work on /opt/airflow/dags/dbt_debug_dag.py
[2023-06-10T18:49:03.640+0000] {processor.py:826} INFO - Processing file /opt/airflow/dags/dbt_debug_dag.py for tasks to queue
[2023-06-10T18:49:03.641+0000] {logging_mixin.py:149} INFO - [2023-06-10T18:49:03.641+0000] {dagbag.py:541} INFO - Filling up the DagBag from /opt/airflow/dags/dbt_debug_dag.py
[2023-06-10T18:49:03.648+0000] {processor.py:836} INFO - DAG(s) dict_keys(['dbt-debug']) retrieved from /opt/airflow/dags/dbt_debug_dag.py
[2023-06-10T18:49:03.677+0000] {logging_mixin.py:149} INFO - [2023-06-10T18:49:03.677+0000] {dag.py:2726} INFO - Sync 1 DAGs
[2023-06-10T18:49:03.714+0000] {logging_mixin.py:149} INFO - [2023-06-10T18:49:03.714+0000] {dag.py:3490} INFO - Setting next_dagrun for dbt-debug to 2023-06-10T00:00:00+00:00, run_after=2023-06-11T00:00:00+00:00
[2023-06-10T18:49:03.751+0000] {processor.py:179} INFO - Processing /opt/airflow/dags/dbt_debug_dag.py took 0.221 seconds
[2023-06-10T18:49:34.166+0000] {processor.py:157} INFO - Started process (PID=9948) to work on /opt/airflow/dags/dbt_debug_dag.py
[2023-06-10T18:49:34.167+0000] {processor.py:826} INFO - Processing file /opt/airflow/dags/dbt_debug_dag.py for tasks to queue
[2023-06-10T18:49:34.169+0000] {logging_mixin.py:149} INFO - [2023-06-10T18:49:34.168+0000] {dagbag.py:541} INFO - Filling up the DagBag from /opt/airflow/dags/dbt_debug_dag.py
[2023-06-10T18:49:34.177+0000] {processor.py:836} INFO - DAG(s) dict_keys(['dbt-debug']) retrieved from /opt/airflow/dags/dbt_debug_dag.py
[2023-06-10T18:49:34.210+0000] {logging_mixin.py:149} INFO - [2023-06-10T18:49:34.210+0000] {dag.py:2726} INFO - Sync 1 DAGs
[2023-06-10T18:49:34.246+0000] {logging_mixin.py:149} INFO - [2023-06-10T18:49:34.246+0000] {dag.py:3490} INFO - Setting next_dagrun for dbt-debug to 2023-06-10T00:00:00+00:00, run_after=2023-06-11T00:00:00+00:00
[2023-06-10T18:49:34.410+0000] {processor.py:179} INFO - Processing /opt/airflow/dags/dbt_debug_dag.py took 0.252 seconds
[2023-06-10T18:50:04.654+0000] {processor.py:157} INFO - Started process (PID=10015) to work on /opt/airflow/dags/dbt_debug_dag.py
[2023-06-10T18:50:04.655+0000] {processor.py:826} INFO - Processing file /opt/airflow/dags/dbt_debug_dag.py for tasks to queue
[2023-06-10T18:50:04.656+0000] {logging_mixin.py:149} INFO - [2023-06-10T18:50:04.656+0000] {dagbag.py:541} INFO - Filling up the DagBag from /opt/airflow/dags/dbt_debug_dag.py
[2023-06-10T18:50:04.664+0000] {processor.py:836} INFO - DAG(s) dict_keys(['dbt-debug']) retrieved from /opt/airflow/dags/dbt_debug_dag.py
[2023-06-10T18:50:04.697+0000] {logging_mixin.py:149} INFO - [2023-06-10T18:50:04.697+0000] {dag.py:2726} INFO - Sync 1 DAGs
[2023-06-10T18:50:04.737+0000] {logging_mixin.py:149} INFO - [2023-06-10T18:50:04.737+0000] {dag.py:3490} INFO - Setting next_dagrun for dbt-debug to 2023-06-10T00:00:00+00:00, run_after=2023-06-11T00:00:00+00:00
[2023-06-10T18:50:04.779+0000] {processor.py:179} INFO - Processing /opt/airflow/dags/dbt_debug_dag.py took 0.129 seconds
[2023-06-10T18:50:35.024+0000] {processor.py:157} INFO - Started process (PID=10081) to work on /opt/airflow/dags/dbt_debug_dag.py
[2023-06-10T18:50:35.026+0000] {processor.py:826} INFO - Processing file /opt/airflow/dags/dbt_debug_dag.py for tasks to queue
[2023-06-10T18:50:35.027+0000] {logging_mixin.py:149} INFO - [2023-06-10T18:50:35.027+0000] {dagbag.py:541} INFO - Filling up the DagBag from /opt/airflow/dags/dbt_debug_dag.py
[2023-06-10T18:50:35.036+0000] {processor.py:836} INFO - DAG(s) dict_keys(['dbt-debug']) retrieved from /opt/airflow/dags/dbt_debug_dag.py
[2023-06-10T18:50:35.067+0000] {logging_mixin.py:149} INFO - [2023-06-10T18:50:35.067+0000] {dag.py:2726} INFO - Sync 1 DAGs
[2023-06-10T18:50:35.103+0000] {logging_mixin.py:149} INFO - [2023-06-10T18:50:35.103+0000] {dag.py:3490} INFO - Setting next_dagrun for dbt-debug to 2023-06-10T00:00:00+00:00, run_after=2023-06-11T00:00:00+00:00
[2023-06-10T18:50:35.179+0000] {processor.py:179} INFO - Processing /opt/airflow/dags/dbt_debug_dag.py took 0.164 seconds
[2023-06-10T18:51:05.585+0000] {processor.py:157} INFO - Started process (PID=10147) to work on /opt/airflow/dags/dbt_debug_dag.py
[2023-06-10T18:51:05.587+0000] {processor.py:826} INFO - Processing file /opt/airflow/dags/dbt_debug_dag.py for tasks to queue
[2023-06-10T18:51:05.590+0000] {logging_mixin.py:149} INFO - [2023-06-10T18:51:05.590+0000] {dagbag.py:541} INFO - Filling up the DagBag from /opt/airflow/dags/dbt_debug_dag.py
[2023-06-10T18:51:05.613+0000] {processor.py:836} INFO - DAG(s) dict_keys(['dbt-debug']) retrieved from /opt/airflow/dags/dbt_debug_dag.py
[2023-06-10T18:51:05.684+0000] {logging_mixin.py:149} INFO - [2023-06-10T18:51:05.684+0000] {dag.py:2726} INFO - Sync 1 DAGs
[2023-06-10T18:51:05.735+0000] {logging_mixin.py:149} INFO - [2023-06-10T18:51:05.735+0000] {dag.py:3490} INFO - Setting next_dagrun for dbt-debug to 2023-06-10T00:00:00+00:00, run_after=2023-06-11T00:00:00+00:00
[2023-06-10T18:51:05.848+0000] {processor.py:179} INFO - Processing /opt/airflow/dags/dbt_debug_dag.py took 0.283 seconds
[2023-06-10T18:51:35.980+0000] {processor.py:157} INFO - Started process (PID=10213) to work on /opt/airflow/dags/dbt_debug_dag.py
[2023-06-10T18:51:35.982+0000] {processor.py:826} INFO - Processing file /opt/airflow/dags/dbt_debug_dag.py for tasks to queue
[2023-06-10T18:51:35.983+0000] {logging_mixin.py:149} INFO - [2023-06-10T18:51:35.983+0000] {dagbag.py:541} INFO - Filling up the DagBag from /opt/airflow/dags/dbt_debug_dag.py
[2023-06-10T18:51:35.991+0000] {processor.py:836} INFO - DAG(s) dict_keys(['dbt-debug']) retrieved from /opt/airflow/dags/dbt_debug_dag.py
[2023-06-10T18:51:36.024+0000] {logging_mixin.py:149} INFO - [2023-06-10T18:51:36.023+0000] {dag.py:2726} INFO - Sync 1 DAGs
[2023-06-10T18:51:36.059+0000] {logging_mixin.py:149} INFO - [2023-06-10T18:51:36.058+0000] {dag.py:3490} INFO - Setting next_dagrun for dbt-debug to 2023-06-10T00:00:00+00:00, run_after=2023-06-11T00:00:00+00:00
[2023-06-10T18:51:36.103+0000] {processor.py:179} INFO - Processing /opt/airflow/dags/dbt_debug_dag.py took 0.131 seconds
