[2023-06-10T18:35:15.389+0000] {processor.py:157} INFO - Started process (PID=8128) to work on /opt/airflow/dags/dbt_seed_dag.py
[2023-06-10T18:35:15.390+0000] {processor.py:826} INFO - Processing file /opt/airflow/dags/dbt_seed_dag.py for tasks to queue
[2023-06-10T18:35:15.391+0000] {logging_mixin.py:149} INFO - [2023-06-10T18:35:15.391+0000] {dagbag.py:541} INFO - Filling up the DagBag from /opt/airflow/dags/dbt_seed_dag.py
[2023-06-10T18:35:15.403+0000] {processor.py:836} INFO - DAG(s) dict_keys(['dbt-seed']) retrieved from /opt/airflow/dags/dbt_seed_dag.py
[2023-06-10T18:35:16.718+0000] {logging_mixin.py:149} INFO - [2023-06-10T18:35:16.718+0000] {manager.py:504} INFO - Created Permission View: can delete on DAG:dbt-seed
[2023-06-10T18:35:16.740+0000] {logging_mixin.py:149} INFO - [2023-06-10T18:35:16.740+0000] {manager.py:504} INFO - Created Permission View: can read on DAG:dbt-seed
[2023-06-10T18:35:16.762+0000] {logging_mixin.py:149} INFO - [2023-06-10T18:35:16.762+0000] {manager.py:504} INFO - Created Permission View: can edit on DAG:dbt-seed
[2023-06-10T18:35:16.763+0000] {logging_mixin.py:149} INFO - [2023-06-10T18:35:16.763+0000] {dag.py:2726} INFO - Sync 1 DAGs
[2023-06-10T18:35:16.797+0000] {logging_mixin.py:149} INFO - [2023-06-10T18:35:16.796+0000] {dag.py:2747} INFO - Creating ORM DAG for dbt-seed
[2023-06-10T18:35:16.824+0000] {logging_mixin.py:149} INFO - [2023-06-10T18:35:16.823+0000] {dag.py:3490} INFO - Setting next_dagrun for dbt-seed to 2020-02-28T00:00:00+00:00, run_after=2020-02-29T00:00:00+00:00
[2023-06-10T18:35:16.977+0000] {processor.py:179} INFO - Processing /opt/airflow/dags/dbt_seed_dag.py took 1.594 seconds
[2023-06-10T18:35:47.571+0000] {processor.py:157} INFO - Started process (PID=8195) to work on /opt/airflow/dags/dbt_seed_dag.py
[2023-06-10T18:35:47.574+0000] {processor.py:826} INFO - Processing file /opt/airflow/dags/dbt_seed_dag.py for tasks to queue
[2023-06-10T18:35:47.576+0000] {logging_mixin.py:149} INFO - [2023-06-10T18:35:47.576+0000] {dagbag.py:541} INFO - Filling up the DagBag from /opt/airflow/dags/dbt_seed_dag.py
[2023-06-10T18:35:47.592+0000] {processor.py:836} INFO - DAG(s) dict_keys(['dbt-seed']) retrieved from /opt/airflow/dags/dbt_seed_dag.py
[2023-06-10T18:35:47.698+0000] {logging_mixin.py:149} INFO - [2023-06-10T18:35:47.695+0000] {dag.py:2726} INFO - Sync 1 DAGs
[2023-06-10T18:35:47.785+0000] {logging_mixin.py:149} INFO - [2023-06-10T18:35:47.784+0000] {dag.py:3490} INFO - Setting next_dagrun for dbt-seed to 2020-02-28T00:00:00+00:00, run_after=2020-02-29T00:00:00+00:00
[2023-06-10T18:35:47.915+0000] {processor.py:179} INFO - Processing /opt/airflow/dags/dbt_seed_dag.py took 0.368 seconds
[2023-06-10T18:36:18.205+0000] {processor.py:157} INFO - Started process (PID=8261) to work on /opt/airflow/dags/dbt_seed_dag.py
[2023-06-10T18:36:18.206+0000] {processor.py:826} INFO - Processing file /opt/airflow/dags/dbt_seed_dag.py for tasks to queue
[2023-06-10T18:36:18.207+0000] {logging_mixin.py:149} INFO - [2023-06-10T18:36:18.207+0000] {dagbag.py:541} INFO - Filling up the DagBag from /opt/airflow/dags/dbt_seed_dag.py
[2023-06-10T18:36:18.216+0000] {processor.py:836} INFO - DAG(s) dict_keys(['dbt-seed']) retrieved from /opt/airflow/dags/dbt_seed_dag.py
[2023-06-10T18:36:18.254+0000] {logging_mixin.py:149} INFO - [2023-06-10T18:36:18.254+0000] {dag.py:2726} INFO - Sync 1 DAGs
[2023-06-10T18:36:18.464+0000] {logging_mixin.py:149} INFO - [2023-06-10T18:36:18.464+0000] {dag.py:3490} INFO - Setting next_dagrun for dbt-seed to 2020-02-28T00:00:00+00:00, run_after=2020-02-29T00:00:00+00:00
[2023-06-10T18:36:18.513+0000] {processor.py:179} INFO - Processing /opt/airflow/dags/dbt_seed_dag.py took 0.312 seconds
[2023-06-10T18:36:34.710+0000] {processor.py:157} INFO - Started process (PID=8263) to work on /opt/airflow/dags/dbt_seed_dag.py
[2023-06-10T18:36:34.721+0000] {processor.py:826} INFO - Processing file /opt/airflow/dags/dbt_seed_dag.py for tasks to queue
[2023-06-10T18:36:34.722+0000] {logging_mixin.py:149} INFO - [2023-06-10T18:36:34.721+0000] {dagbag.py:541} INFO - Filling up the DagBag from /opt/airflow/dags/dbt_seed_dag.py
[2023-06-10T18:36:34.732+0000] {processor.py:836} INFO - DAG(s) dict_keys(['dbt-seed']) retrieved from /opt/airflow/dags/dbt_seed_dag.py
[2023-06-10T18:36:35.009+0000] {logging_mixin.py:149} INFO - [2023-06-10T18:36:35.009+0000] {dag.py:2726} INFO - Sync 1 DAGs
[2023-06-10T18:36:35.049+0000] {logging_mixin.py:149} INFO - [2023-06-10T18:36:35.049+0000] {dag.py:3490} INFO - Setting next_dagrun for dbt-seed to 2023-06-10T00:00:00+00:00, run_after=2023-06-11T00:00:00+00:00
[2023-06-10T18:36:35.110+0000] {processor.py:179} INFO - Processing /opt/airflow/dags/dbt_seed_dag.py took 0.405 seconds
[2023-06-10T18:37:05.899+0000] {processor.py:157} INFO - Started process (PID=8328) to work on /opt/airflow/dags/dbt_seed_dag.py
[2023-06-10T18:37:05.900+0000] {processor.py:826} INFO - Processing file /opt/airflow/dags/dbt_seed_dag.py for tasks to queue
[2023-06-10T18:37:05.901+0000] {logging_mixin.py:149} INFO - [2023-06-10T18:37:05.901+0000] {dagbag.py:541} INFO - Filling up the DagBag from /opt/airflow/dags/dbt_seed_dag.py
[2023-06-10T18:37:05.912+0000] {processor.py:836} INFO - DAG(s) dict_keys(['dbt-seed']) retrieved from /opt/airflow/dags/dbt_seed_dag.py
[2023-06-10T18:37:05.948+0000] {logging_mixin.py:149} INFO - [2023-06-10T18:37:05.948+0000] {dag.py:2726} INFO - Sync 1 DAGs
[2023-06-10T18:37:06.003+0000] {logging_mixin.py:149} INFO - [2023-06-10T18:37:06.003+0000] {dag.py:3490} INFO - Setting next_dagrun for dbt-seed to 2023-06-10T00:00:00+00:00, run_after=2023-06-11T00:00:00+00:00
[2023-06-10T18:37:06.048+0000] {processor.py:179} INFO - Processing /opt/airflow/dags/dbt_seed_dag.py took 0.155 seconds
[2023-06-10T18:37:06.771+0000] {processor.py:157} INFO - Started process (PID=8333) to work on /opt/airflow/dags/dbt_seed_dag.py
[2023-06-10T18:37:06.772+0000] {processor.py:826} INFO - Processing file /opt/airflow/dags/dbt_seed_dag.py for tasks to queue
[2023-06-10T18:37:06.773+0000] {logging_mixin.py:149} INFO - [2023-06-10T18:37:06.772+0000] {dagbag.py:541} INFO - Filling up the DagBag from /opt/airflow/dags/dbt_seed_dag.py
[2023-06-10T18:37:06.782+0000] {processor.py:836} INFO - DAG(s) dict_keys(['dbt-seed']) retrieved from /opt/airflow/dags/dbt_seed_dag.py
[2023-06-10T18:37:06.822+0000] {logging_mixin.py:149} INFO - [2023-06-10T18:37:06.821+0000] {dag.py:2726} INFO - Sync 1 DAGs
[2023-06-10T18:37:06.868+0000] {logging_mixin.py:149} INFO - [2023-06-10T18:37:06.868+0000] {dag.py:3490} INFO - Setting next_dagrun for dbt-seed to 2023-06-10T00:00:00+00:00, run_after=2023-06-11T00:00:00+00:00
[2023-06-10T18:37:07.057+0000] {processor.py:179} INFO - Processing /opt/airflow/dags/dbt_seed_dag.py took 0.292 seconds
[2023-06-10T18:37:37.109+0000] {processor.py:157} INFO - Started process (PID=8398) to work on /opt/airflow/dags/dbt_seed_dag.py
[2023-06-10T18:37:37.192+0000] {processor.py:826} INFO - Processing file /opt/airflow/dags/dbt_seed_dag.py for tasks to queue
[2023-06-10T18:37:37.194+0000] {logging_mixin.py:149} INFO - [2023-06-10T18:37:37.194+0000] {dagbag.py:541} INFO - Filling up the DagBag from /opt/airflow/dags/dbt_seed_dag.py
[2023-06-10T18:37:37.204+0000] {processor.py:836} INFO - DAG(s) dict_keys(['dbt-seed']) retrieved from /opt/airflow/dags/dbt_seed_dag.py
[2023-06-10T18:37:37.246+0000] {logging_mixin.py:149} INFO - [2023-06-10T18:37:37.246+0000] {dag.py:2726} INFO - Sync 1 DAGs
[2023-06-10T18:37:37.295+0000] {logging_mixin.py:149} INFO - [2023-06-10T18:37:37.295+0000] {dag.py:3490} INFO - Setting next_dagrun for dbt-seed to 2023-06-10T00:00:00+00:00, run_after=2023-06-11T00:00:00+00:00
[2023-06-10T18:37:37.473+0000] {processor.py:179} INFO - Processing /opt/airflow/dags/dbt_seed_dag.py took 0.370 seconds
[2023-06-10T18:38:07.755+0000] {processor.py:157} INFO - Started process (PID=8463) to work on /opt/airflow/dags/dbt_seed_dag.py
[2023-06-10T18:38:07.756+0000] {processor.py:826} INFO - Processing file /opt/airflow/dags/dbt_seed_dag.py for tasks to queue
[2023-06-10T18:38:07.758+0000] {logging_mixin.py:149} INFO - [2023-06-10T18:38:07.758+0000] {dagbag.py:541} INFO - Filling up the DagBag from /opt/airflow/dags/dbt_seed_dag.py
[2023-06-10T18:38:07.766+0000] {processor.py:836} INFO - DAG(s) dict_keys(['dbt-seed']) retrieved from /opt/airflow/dags/dbt_seed_dag.py
[2023-06-10T18:38:07.796+0000] {logging_mixin.py:149} INFO - [2023-06-10T18:38:07.796+0000] {dag.py:2726} INFO - Sync 1 DAGs
[2023-06-10T18:38:08.012+0000] {logging_mixin.py:149} INFO - [2023-06-10T18:38:08.011+0000] {dag.py:3490} INFO - Setting next_dagrun for dbt-seed to 2023-06-10T00:00:00+00:00, run_after=2023-06-11T00:00:00+00:00
[2023-06-10T18:38:08.203+0000] {processor.py:179} INFO - Processing /opt/airflow/dags/dbt_seed_dag.py took 0.453 seconds
[2023-06-10T18:38:38.242+0000] {processor.py:157} INFO - Started process (PID=8529) to work on /opt/airflow/dags/dbt_seed_dag.py
[2023-06-10T18:38:38.277+0000] {processor.py:826} INFO - Processing file /opt/airflow/dags/dbt_seed_dag.py for tasks to queue
[2023-06-10T18:38:38.278+0000] {logging_mixin.py:149} INFO - [2023-06-10T18:38:38.278+0000] {dagbag.py:541} INFO - Filling up the DagBag from /opt/airflow/dags/dbt_seed_dag.py
[2023-06-10T18:38:38.298+0000] {processor.py:836} INFO - DAG(s) dict_keys(['dbt-seed']) retrieved from /opt/airflow/dags/dbt_seed_dag.py
[2023-06-10T18:38:38.345+0000] {logging_mixin.py:149} INFO - [2023-06-10T18:38:38.345+0000] {dag.py:2726} INFO - Sync 1 DAGs
[2023-06-10T18:38:38.383+0000] {logging_mixin.py:149} INFO - [2023-06-10T18:38:38.383+0000] {dag.py:3490} INFO - Setting next_dagrun for dbt-seed to 2023-06-10T00:00:00+00:00, run_after=2023-06-11T00:00:00+00:00
[2023-06-10T18:38:38.556+0000] {processor.py:179} INFO - Processing /opt/airflow/dags/dbt_seed_dag.py took 0.319 seconds
[2023-06-10T18:39:08.734+0000] {processor.py:157} INFO - Started process (PID=8595) to work on /opt/airflow/dags/dbt_seed_dag.py
[2023-06-10T18:39:08.762+0000] {processor.py:826} INFO - Processing file /opt/airflow/dags/dbt_seed_dag.py for tasks to queue
[2023-06-10T18:39:08.763+0000] {logging_mixin.py:149} INFO - [2023-06-10T18:39:08.763+0000] {dagbag.py:541} INFO - Filling up the DagBag from /opt/airflow/dags/dbt_seed_dag.py
[2023-06-10T18:39:08.770+0000] {processor.py:836} INFO - DAG(s) dict_keys(['dbt-seed']) retrieved from /opt/airflow/dags/dbt_seed_dag.py
[2023-06-10T18:39:08.798+0000] {logging_mixin.py:149} INFO - [2023-06-10T18:39:08.798+0000] {dag.py:2726} INFO - Sync 1 DAGs
[2023-06-10T18:39:08.841+0000] {logging_mixin.py:149} INFO - [2023-06-10T18:39:08.841+0000] {dag.py:3490} INFO - Setting next_dagrun for dbt-seed to 2023-06-10T00:00:00+00:00, run_after=2023-06-11T00:00:00+00:00
[2023-06-10T18:39:09.012+0000] {processor.py:179} INFO - Processing /opt/airflow/dags/dbt_seed_dag.py took 0.282 seconds
[2023-06-10T18:39:39.301+0000] {processor.py:157} INFO - Started process (PID=8661) to work on /opt/airflow/dags/dbt_seed_dag.py
[2023-06-10T18:39:39.302+0000] {processor.py:826} INFO - Processing file /opt/airflow/dags/dbt_seed_dag.py for tasks to queue
[2023-06-10T18:39:39.304+0000] {logging_mixin.py:149} INFO - [2023-06-10T18:39:39.303+0000] {dagbag.py:541} INFO - Filling up the DagBag from /opt/airflow/dags/dbt_seed_dag.py
[2023-06-10T18:39:39.312+0000] {processor.py:836} INFO - DAG(s) dict_keys(['dbt-seed']) retrieved from /opt/airflow/dags/dbt_seed_dag.py
[2023-06-10T18:39:39.347+0000] {logging_mixin.py:149} INFO - [2023-06-10T18:39:39.347+0000] {dag.py:2726} INFO - Sync 1 DAGs
[2023-06-10T18:39:39.379+0000] {logging_mixin.py:149} INFO - [2023-06-10T18:39:39.379+0000] {dag.py:3490} INFO - Setting next_dagrun for dbt-seed to 2023-06-10T00:00:00+00:00, run_after=2023-06-11T00:00:00+00:00
[2023-06-10T18:39:39.430+0000] {processor.py:179} INFO - Processing /opt/airflow/dags/dbt_seed_dag.py took 0.133 seconds
[2023-06-10T18:40:09.552+0000] {processor.py:157} INFO - Started process (PID=8726) to work on /opt/airflow/dags/dbt_seed_dag.py
[2023-06-10T18:40:09.580+0000] {processor.py:826} INFO - Processing file /opt/airflow/dags/dbt_seed_dag.py for tasks to queue
[2023-06-10T18:40:09.582+0000] {logging_mixin.py:149} INFO - [2023-06-10T18:40:09.582+0000] {dagbag.py:541} INFO - Filling up the DagBag from /opt/airflow/dags/dbt_seed_dag.py
[2023-06-10T18:40:09.602+0000] {processor.py:836} INFO - DAG(s) dict_keys(['dbt-seed']) retrieved from /opt/airflow/dags/dbt_seed_dag.py
[2023-06-10T18:40:09.636+0000] {logging_mixin.py:149} INFO - [2023-06-10T18:40:09.636+0000] {dag.py:2726} INFO - Sync 1 DAGs
[2023-06-10T18:40:09.676+0000] {logging_mixin.py:149} INFO - [2023-06-10T18:40:09.676+0000] {dag.py:3490} INFO - Setting next_dagrun for dbt-seed to 2023-06-10T00:00:00+00:00, run_after=2023-06-11T00:00:00+00:00
[2023-06-10T18:40:09.728+0000] {processor.py:179} INFO - Processing /opt/airflow/dags/dbt_seed_dag.py took 0.187 seconds
[2023-06-10T18:40:40.245+0000] {processor.py:157} INFO - Started process (PID=8791) to work on /opt/airflow/dags/dbt_seed_dag.py
[2023-06-10T18:40:40.354+0000] {processor.py:826} INFO - Processing file /opt/airflow/dags/dbt_seed_dag.py for tasks to queue
[2023-06-10T18:40:40.359+0000] {logging_mixin.py:149} INFO - [2023-06-10T18:40:40.358+0000] {dagbag.py:541} INFO - Filling up the DagBag from /opt/airflow/dags/dbt_seed_dag.py
[2023-06-10T18:40:40.391+0000] {processor.py:836} INFO - DAG(s) dict_keys(['dbt-seed']) retrieved from /opt/airflow/dags/dbt_seed_dag.py
[2023-06-10T18:40:40.466+0000] {logging_mixin.py:149} INFO - [2023-06-10T18:40:40.466+0000] {dag.py:2726} INFO - Sync 1 DAGs
[2023-06-10T18:40:40.531+0000] {logging_mixin.py:149} INFO - [2023-06-10T18:40:40.531+0000] {dag.py:3490} INFO - Setting next_dagrun for dbt-seed to 2023-06-10T00:00:00+00:00, run_after=2023-06-11T00:00:00+00:00
[2023-06-10T18:40:40.579+0000] {processor.py:179} INFO - Processing /opt/airflow/dags/dbt_seed_dag.py took 0.356 seconds
[2023-06-10T18:41:10.690+0000] {processor.py:157} INFO - Started process (PID=8857) to work on /opt/airflow/dags/dbt_seed_dag.py
[2023-06-10T18:41:10.691+0000] {processor.py:826} INFO - Processing file /opt/airflow/dags/dbt_seed_dag.py for tasks to queue
[2023-06-10T18:41:10.692+0000] {logging_mixin.py:149} INFO - [2023-06-10T18:41:10.692+0000] {dagbag.py:541} INFO - Filling up the DagBag from /opt/airflow/dags/dbt_seed_dag.py
[2023-06-10T18:41:10.701+0000] {processor.py:836} INFO - DAG(s) dict_keys(['dbt-seed']) retrieved from /opt/airflow/dags/dbt_seed_dag.py
[2023-06-10T18:41:10.738+0000] {logging_mixin.py:149} INFO - [2023-06-10T18:41:10.737+0000] {dag.py:2726} INFO - Sync 1 DAGs
[2023-06-10T18:41:10.774+0000] {logging_mixin.py:149} INFO - [2023-06-10T18:41:10.774+0000] {dag.py:3490} INFO - Setting next_dagrun for dbt-seed to 2023-06-10T00:00:00+00:00, run_after=2023-06-11T00:00:00+00:00
[2023-06-10T18:41:10.810+0000] {processor.py:179} INFO - Processing /opt/airflow/dags/dbt_seed_dag.py took 0.126 seconds
[2023-06-10T18:41:40.952+0000] {processor.py:157} INFO - Started process (PID=8923) to work on /opt/airflow/dags/dbt_seed_dag.py
[2023-06-10T18:41:40.953+0000] {processor.py:826} INFO - Processing file /opt/airflow/dags/dbt_seed_dag.py for tasks to queue
[2023-06-10T18:41:40.954+0000] {logging_mixin.py:149} INFO - [2023-06-10T18:41:40.954+0000] {dagbag.py:541} INFO - Filling up the DagBag from /opt/airflow/dags/dbt_seed_dag.py
[2023-06-10T18:41:40.965+0000] {processor.py:836} INFO - DAG(s) dict_keys(['dbt-seed']) retrieved from /opt/airflow/dags/dbt_seed_dag.py
[2023-06-10T18:41:41.001+0000] {logging_mixin.py:149} INFO - [2023-06-10T18:41:41.001+0000] {dag.py:2726} INFO - Sync 1 DAGs
[2023-06-10T18:41:41.033+0000] {logging_mixin.py:149} INFO - [2023-06-10T18:41:41.033+0000] {dag.py:3490} INFO - Setting next_dagrun for dbt-seed to 2023-06-10T00:00:00+00:00, run_after=2023-06-11T00:00:00+00:00
[2023-06-10T18:41:41.089+0000] {processor.py:179} INFO - Processing /opt/airflow/dags/dbt_seed_dag.py took 0.143 seconds
[2023-06-10T18:42:11.423+0000] {processor.py:157} INFO - Started process (PID=8989) to work on /opt/airflow/dags/dbt_seed_dag.py
[2023-06-10T18:42:11.457+0000] {processor.py:826} INFO - Processing file /opt/airflow/dags/dbt_seed_dag.py for tasks to queue
[2023-06-10T18:42:11.458+0000] {logging_mixin.py:149} INFO - [2023-06-10T18:42:11.458+0000] {dagbag.py:541} INFO - Filling up the DagBag from /opt/airflow/dags/dbt_seed_dag.py
[2023-06-10T18:42:11.469+0000] {processor.py:836} INFO - DAG(s) dict_keys(['dbt-seed']) retrieved from /opt/airflow/dags/dbt_seed_dag.py
[2023-06-10T18:42:11.504+0000] {logging_mixin.py:149} INFO - [2023-06-10T18:42:11.504+0000] {dag.py:2726} INFO - Sync 1 DAGs
[2023-06-10T18:42:11.537+0000] {logging_mixin.py:149} INFO - [2023-06-10T18:42:11.537+0000] {dag.py:3490} INFO - Setting next_dagrun for dbt-seed to 2023-06-10T00:00:00+00:00, run_after=2023-06-11T00:00:00+00:00
[2023-06-10T18:42:11.571+0000] {processor.py:179} INFO - Processing /opt/airflow/dags/dbt_seed_dag.py took 0.160 seconds
[2023-06-10T18:42:42.002+0000] {processor.py:157} INFO - Started process (PID=9056) to work on /opt/airflow/dags/dbt_seed_dag.py
[2023-06-10T18:42:42.004+0000] {processor.py:826} INFO - Processing file /opt/airflow/dags/dbt_seed_dag.py for tasks to queue
[2023-06-10T18:42:42.006+0000] {logging_mixin.py:149} INFO - [2023-06-10T18:42:42.005+0000] {dagbag.py:541} INFO - Filling up the DagBag from /opt/airflow/dags/dbt_seed_dag.py
[2023-06-10T18:42:42.017+0000] {processor.py:836} INFO - DAG(s) dict_keys(['dbt-seed']) retrieved from /opt/airflow/dags/dbt_seed_dag.py
[2023-06-10T18:42:42.047+0000] {logging_mixin.py:149} INFO - [2023-06-10T18:42:42.047+0000] {dag.py:2726} INFO - Sync 1 DAGs
[2023-06-10T18:42:42.082+0000] {logging_mixin.py:149} INFO - [2023-06-10T18:42:42.081+0000] {dag.py:3490} INFO - Setting next_dagrun for dbt-seed to 2023-06-10T00:00:00+00:00, run_after=2023-06-11T00:00:00+00:00
[2023-06-10T18:42:42.129+0000] {processor.py:179} INFO - Processing /opt/airflow/dags/dbt_seed_dag.py took 0.137 seconds
[2023-06-10T18:43:12.171+0000] {processor.py:157} INFO - Started process (PID=9123) to work on /opt/airflow/dags/dbt_seed_dag.py
[2023-06-10T18:43:12.187+0000] {processor.py:826} INFO - Processing file /opt/airflow/dags/dbt_seed_dag.py for tasks to queue
[2023-06-10T18:43:12.188+0000] {logging_mixin.py:149} INFO - [2023-06-10T18:43:12.188+0000] {dagbag.py:541} INFO - Filling up the DagBag from /opt/airflow/dags/dbt_seed_dag.py
[2023-06-10T18:43:12.195+0000] {processor.py:836} INFO - DAG(s) dict_keys(['dbt-seed']) retrieved from /opt/airflow/dags/dbt_seed_dag.py
[2023-06-10T18:43:12.225+0000] {logging_mixin.py:149} INFO - [2023-06-10T18:43:12.224+0000] {dag.py:2726} INFO - Sync 1 DAGs
[2023-06-10T18:43:12.258+0000] {logging_mixin.py:149} INFO - [2023-06-10T18:43:12.257+0000] {dag.py:3490} INFO - Setting next_dagrun for dbt-seed to 2023-06-10T00:00:00+00:00, run_after=2023-06-11T00:00:00+00:00
[2023-06-10T18:43:12.292+0000] {processor.py:179} INFO - Processing /opt/airflow/dags/dbt_seed_dag.py took 0.126 seconds
[2023-06-10T18:43:42.545+0000] {processor.py:157} INFO - Started process (PID=9190) to work on /opt/airflow/dags/dbt_seed_dag.py
[2023-06-10T18:43:42.547+0000] {processor.py:826} INFO - Processing file /opt/airflow/dags/dbt_seed_dag.py for tasks to queue
[2023-06-10T18:43:42.549+0000] {logging_mixin.py:149} INFO - [2023-06-10T18:43:42.548+0000] {dagbag.py:541} INFO - Filling up the DagBag from /opt/airflow/dags/dbt_seed_dag.py
[2023-06-10T18:43:42.557+0000] {processor.py:836} INFO - DAG(s) dict_keys(['dbt-seed']) retrieved from /opt/airflow/dags/dbt_seed_dag.py
[2023-06-10T18:43:42.587+0000] {logging_mixin.py:149} INFO - [2023-06-10T18:43:42.587+0000] {dag.py:2726} INFO - Sync 1 DAGs
[2023-06-10T18:43:42.621+0000] {logging_mixin.py:149} INFO - [2023-06-10T18:43:42.621+0000] {dag.py:3490} INFO - Setting next_dagrun for dbt-seed to 2023-06-10T00:00:00+00:00, run_after=2023-06-11T00:00:00+00:00
[2023-06-10T18:43:42.690+0000] {processor.py:179} INFO - Processing /opt/airflow/dags/dbt_seed_dag.py took 0.154 seconds
[2023-06-10T18:44:12.748+0000] {processor.py:157} INFO - Started process (PID=9256) to work on /opt/airflow/dags/dbt_seed_dag.py
[2023-06-10T18:44:12.793+0000] {processor.py:826} INFO - Processing file /opt/airflow/dags/dbt_seed_dag.py for tasks to queue
[2023-06-10T18:44:12.794+0000] {logging_mixin.py:149} INFO - [2023-06-10T18:44:12.794+0000] {dagbag.py:541} INFO - Filling up the DagBag from /opt/airflow/dags/dbt_seed_dag.py
[2023-06-10T18:44:12.804+0000] {processor.py:836} INFO - DAG(s) dict_keys(['dbt-seed']) retrieved from /opt/airflow/dags/dbt_seed_dag.py
[2023-06-10T18:44:12.846+0000] {logging_mixin.py:149} INFO - [2023-06-10T18:44:12.846+0000] {dag.py:2726} INFO - Sync 1 DAGs
[2023-06-10T18:44:12.897+0000] {logging_mixin.py:149} INFO - [2023-06-10T18:44:12.897+0000] {dag.py:3490} INFO - Setting next_dagrun for dbt-seed to 2023-06-10T00:00:00+00:00, run_after=2023-06-11T00:00:00+00:00
[2023-06-10T18:44:12.933+0000] {processor.py:179} INFO - Processing /opt/airflow/dags/dbt_seed_dag.py took 0.191 seconds
[2023-06-10T18:44:43.318+0000] {processor.py:157} INFO - Started process (PID=9323) to work on /opt/airflow/dags/dbt_seed_dag.py
[2023-06-10T18:44:43.320+0000] {processor.py:826} INFO - Processing file /opt/airflow/dags/dbt_seed_dag.py for tasks to queue
[2023-06-10T18:44:43.322+0000] {logging_mixin.py:149} INFO - [2023-06-10T18:44:43.322+0000] {dagbag.py:541} INFO - Filling up the DagBag from /opt/airflow/dags/dbt_seed_dag.py
[2023-06-10T18:44:43.333+0000] {processor.py:836} INFO - DAG(s) dict_keys(['dbt-seed']) retrieved from /opt/airflow/dags/dbt_seed_dag.py
[2023-06-10T18:44:43.364+0000] {logging_mixin.py:149} INFO - [2023-06-10T18:44:43.363+0000] {dag.py:2726} INFO - Sync 1 DAGs
[2023-06-10T18:44:43.407+0000] {logging_mixin.py:149} INFO - [2023-06-10T18:44:43.406+0000] {dag.py:3490} INFO - Setting next_dagrun for dbt-seed to 2023-06-10T00:00:00+00:00, run_after=2023-06-11T00:00:00+00:00
[2023-06-10T18:44:43.579+0000] {processor.py:179} INFO - Processing /opt/airflow/dags/dbt_seed_dag.py took 0.270 seconds
[2023-06-10T18:45:13.868+0000] {processor.py:157} INFO - Started process (PID=9389) to work on /opt/airflow/dags/dbt_seed_dag.py
[2023-06-10T18:45:13.928+0000] {processor.py:826} INFO - Processing file /opt/airflow/dags/dbt_seed_dag.py for tasks to queue
[2023-06-10T18:45:13.931+0000] {logging_mixin.py:149} INFO - [2023-06-10T18:45:13.931+0000] {dagbag.py:541} INFO - Filling up the DagBag from /opt/airflow/dags/dbt_seed_dag.py
[2023-06-10T18:45:13.954+0000] {processor.py:836} INFO - DAG(s) dict_keys(['dbt-seed']) retrieved from /opt/airflow/dags/dbt_seed_dag.py
[2023-06-10T18:45:13.991+0000] {logging_mixin.py:149} INFO - [2023-06-10T18:45:13.991+0000] {dag.py:2726} INFO - Sync 1 DAGs
[2023-06-10T18:45:14.027+0000] {logging_mixin.py:149} INFO - [2023-06-10T18:45:14.027+0000] {dag.py:3490} INFO - Setting next_dagrun for dbt-seed to 2023-06-10T00:00:00+00:00, run_after=2023-06-11T00:00:00+00:00
[2023-06-10T18:45:14.065+0000] {processor.py:179} INFO - Processing /opt/airflow/dags/dbt_seed_dag.py took 0.206 seconds
[2023-06-10T18:45:44.323+0000] {processor.py:157} INFO - Started process (PID=9454) to work on /opt/airflow/dags/dbt_seed_dag.py
[2023-06-10T18:45:44.325+0000] {processor.py:826} INFO - Processing file /opt/airflow/dags/dbt_seed_dag.py for tasks to queue
[2023-06-10T18:45:44.327+0000] {logging_mixin.py:149} INFO - [2023-06-10T18:45:44.327+0000] {dagbag.py:541} INFO - Filling up the DagBag from /opt/airflow/dags/dbt_seed_dag.py
[2023-06-10T18:45:44.338+0000] {processor.py:836} INFO - DAG(s) dict_keys(['dbt-seed']) retrieved from /opt/airflow/dags/dbt_seed_dag.py
[2023-06-10T18:45:44.398+0000] {logging_mixin.py:149} INFO - [2023-06-10T18:45:44.398+0000] {dag.py:2726} INFO - Sync 1 DAGs
[2023-06-10T18:45:44.441+0000] {logging_mixin.py:149} INFO - [2023-06-10T18:45:44.441+0000] {dag.py:3490} INFO - Setting next_dagrun for dbt-seed to 2023-06-10T00:00:00+00:00, run_after=2023-06-11T00:00:00+00:00
[2023-06-10T18:45:44.630+0000] {processor.py:179} INFO - Processing /opt/airflow/dags/dbt_seed_dag.py took 0.323 seconds
[2023-06-10T18:46:14.793+0000] {processor.py:157} INFO - Started process (PID=9520) to work on /opt/airflow/dags/dbt_seed_dag.py
[2023-06-10T18:46:14.796+0000] {processor.py:826} INFO - Processing file /opt/airflow/dags/dbt_seed_dag.py for tasks to queue
[2023-06-10T18:46:14.799+0000] {logging_mixin.py:149} INFO - [2023-06-10T18:46:14.798+0000] {dagbag.py:541} INFO - Filling up the DagBag from /opt/airflow/dags/dbt_seed_dag.py
[2023-06-10T18:46:14.827+0000] {processor.py:836} INFO - DAG(s) dict_keys(['dbt-seed']) retrieved from /opt/airflow/dags/dbt_seed_dag.py
[2023-06-10T18:46:14.887+0000] {logging_mixin.py:149} INFO - [2023-06-10T18:46:14.887+0000] {dag.py:2726} INFO - Sync 1 DAGs
[2023-06-10T18:46:14.933+0000] {logging_mixin.py:149} INFO - [2023-06-10T18:46:14.933+0000] {dag.py:3490} INFO - Setting next_dagrun for dbt-seed to 2023-06-10T00:00:00+00:00, run_after=2023-06-11T00:00:00+00:00
[2023-06-10T18:46:14.967+0000] {processor.py:179} INFO - Processing /opt/airflow/dags/dbt_seed_dag.py took 0.187 seconds
[2023-06-10T18:46:45.852+0000] {processor.py:157} INFO - Started process (PID=9586) to work on /opt/airflow/dags/dbt_seed_dag.py
[2023-06-10T18:46:45.955+0000] {processor.py:826} INFO - Processing file /opt/airflow/dags/dbt_seed_dag.py for tasks to queue
[2023-06-10T18:46:45.956+0000] {logging_mixin.py:149} INFO - [2023-06-10T18:46:45.956+0000] {dagbag.py:541} INFO - Filling up the DagBag from /opt/airflow/dags/dbt_seed_dag.py
[2023-06-10T18:46:45.970+0000] {processor.py:836} INFO - DAG(s) dict_keys(['dbt-seed']) retrieved from /opt/airflow/dags/dbt_seed_dag.py
[2023-06-10T18:46:46.001+0000] {logging_mixin.py:149} INFO - [2023-06-10T18:46:46.001+0000] {dag.py:2726} INFO - Sync 1 DAGs
[2023-06-10T18:46:46.037+0000] {logging_mixin.py:149} INFO - [2023-06-10T18:46:46.036+0000] {dag.py:3490} INFO - Setting next_dagrun for dbt-seed to 2023-06-10T00:00:00+00:00, run_after=2023-06-11T00:00:00+00:00
[2023-06-10T18:46:46.072+0000] {processor.py:179} INFO - Processing /opt/airflow/dags/dbt_seed_dag.py took 0.226 seconds
[2023-06-10T18:47:16.818+0000] {processor.py:157} INFO - Started process (PID=9652) to work on /opt/airflow/dags/dbt_seed_dag.py
[2023-06-10T18:47:16.821+0000] {processor.py:826} INFO - Processing file /opt/airflow/dags/dbt_seed_dag.py for tasks to queue
[2023-06-10T18:47:16.822+0000] {logging_mixin.py:149} INFO - [2023-06-10T18:47:16.822+0000] {dagbag.py:541} INFO - Filling up the DagBag from /opt/airflow/dags/dbt_seed_dag.py
[2023-06-10T18:47:16.832+0000] {processor.py:836} INFO - DAG(s) dict_keys(['dbt-seed']) retrieved from /opt/airflow/dags/dbt_seed_dag.py
[2023-06-10T18:47:16.864+0000] {logging_mixin.py:149} INFO - [2023-06-10T18:47:16.864+0000] {dag.py:2726} INFO - Sync 1 DAGs
[2023-06-10T18:47:16.901+0000] {logging_mixin.py:149} INFO - [2023-06-10T18:47:16.901+0000] {dag.py:3490} INFO - Setting next_dagrun for dbt-seed to 2023-06-10T00:00:00+00:00, run_after=2023-06-11T00:00:00+00:00
[2023-06-10T18:47:16.936+0000] {processor.py:179} INFO - Processing /opt/airflow/dags/dbt_seed_dag.py took 0.133 seconds
[2023-06-10T18:47:47.302+0000] {processor.py:157} INFO - Started process (PID=9718) to work on /opt/airflow/dags/dbt_seed_dag.py
[2023-06-10T18:47:47.412+0000] {processor.py:826} INFO - Processing file /opt/airflow/dags/dbt_seed_dag.py for tasks to queue
[2023-06-10T18:47:47.416+0000] {logging_mixin.py:149} INFO - [2023-06-10T18:47:47.415+0000] {dagbag.py:541} INFO - Filling up the DagBag from /opt/airflow/dags/dbt_seed_dag.py
[2023-06-10T18:47:47.436+0000] {processor.py:836} INFO - DAG(s) dict_keys(['dbt-seed']) retrieved from /opt/airflow/dags/dbt_seed_dag.py
[2023-06-10T18:47:47.475+0000] {logging_mixin.py:149} INFO - [2023-06-10T18:47:47.475+0000] {dag.py:2726} INFO - Sync 1 DAGs
[2023-06-10T18:47:47.514+0000] {logging_mixin.py:149} INFO - [2023-06-10T18:47:47.514+0000] {dag.py:3490} INFO - Setting next_dagrun for dbt-seed to 2023-06-10T00:00:00+00:00, run_after=2023-06-11T00:00:00+00:00
[2023-06-10T18:47:47.542+0000] {processor.py:179} INFO - Processing /opt/airflow/dags/dbt_seed_dag.py took 0.245 seconds
[2023-06-10T18:48:17.828+0000] {processor.py:157} INFO - Started process (PID=9784) to work on /opt/airflow/dags/dbt_seed_dag.py
[2023-06-10T18:48:17.931+0000] {processor.py:826} INFO - Processing file /opt/airflow/dags/dbt_seed_dag.py for tasks to queue
[2023-06-10T18:48:17.933+0000] {logging_mixin.py:149} INFO - [2023-06-10T18:48:17.933+0000] {dagbag.py:541} INFO - Filling up the DagBag from /opt/airflow/dags/dbt_seed_dag.py
[2023-06-10T18:48:17.946+0000] {processor.py:836} INFO - DAG(s) dict_keys(['dbt-seed']) retrieved from /opt/airflow/dags/dbt_seed_dag.py
[2023-06-10T18:48:17.977+0000] {logging_mixin.py:149} INFO - [2023-06-10T18:48:17.976+0000] {dag.py:2726} INFO - Sync 1 DAGs
[2023-06-10T18:48:18.011+0000] {logging_mixin.py:149} INFO - [2023-06-10T18:48:18.011+0000] {dag.py:3490} INFO - Setting next_dagrun for dbt-seed to 2023-06-10T00:00:00+00:00, run_after=2023-06-11T00:00:00+00:00
[2023-06-10T18:48:18.050+0000] {processor.py:179} INFO - Processing /opt/airflow/dags/dbt_seed_dag.py took 0.228 seconds
[2023-06-10T18:48:48.391+0000] {processor.py:157} INFO - Started process (PID=9850) to work on /opt/airflow/dags/dbt_seed_dag.py
[2023-06-10T18:48:48.392+0000] {processor.py:826} INFO - Processing file /opt/airflow/dags/dbt_seed_dag.py for tasks to queue
[2023-06-10T18:48:48.393+0000] {logging_mixin.py:149} INFO - [2023-06-10T18:48:48.393+0000] {dagbag.py:541} INFO - Filling up the DagBag from /opt/airflow/dags/dbt_seed_dag.py
[2023-06-10T18:48:48.403+0000] {processor.py:836} INFO - DAG(s) dict_keys(['dbt-seed']) retrieved from /opt/airflow/dags/dbt_seed_dag.py
[2023-06-10T18:48:48.431+0000] {logging_mixin.py:149} INFO - [2023-06-10T18:48:48.431+0000] {dag.py:2726} INFO - Sync 1 DAGs
[2023-06-10T18:48:48.465+0000] {logging_mixin.py:149} INFO - [2023-06-10T18:48:48.465+0000] {dag.py:3490} INFO - Setting next_dagrun for dbt-seed to 2023-06-10T00:00:00+00:00, run_after=2023-06-11T00:00:00+00:00
[2023-06-10T18:48:48.543+0000] {processor.py:179} INFO - Processing /opt/airflow/dags/dbt_seed_dag.py took 0.158 seconds
[2023-06-10T18:49:18.805+0000] {processor.py:157} INFO - Started process (PID=9916) to work on /opt/airflow/dags/dbt_seed_dag.py
[2023-06-10T18:49:18.937+0000] {processor.py:826} INFO - Processing file /opt/airflow/dags/dbt_seed_dag.py for tasks to queue
[2023-06-10T18:49:18.938+0000] {logging_mixin.py:149} INFO - [2023-06-10T18:49:18.938+0000] {dagbag.py:541} INFO - Filling up the DagBag from /opt/airflow/dags/dbt_seed_dag.py
[2023-06-10T18:49:18.945+0000] {processor.py:836} INFO - DAG(s) dict_keys(['dbt-seed']) retrieved from /opt/airflow/dags/dbt_seed_dag.py
[2023-06-10T18:49:18.973+0000] {logging_mixin.py:149} INFO - [2023-06-10T18:49:18.973+0000] {dag.py:2726} INFO - Sync 1 DAGs
[2023-06-10T18:49:19.023+0000] {logging_mixin.py:149} INFO - [2023-06-10T18:49:19.023+0000] {dag.py:3490} INFO - Setting next_dagrun for dbt-seed to 2023-06-10T00:00:00+00:00, run_after=2023-06-11T00:00:00+00:00
[2023-06-10T18:49:19.055+0000] {processor.py:179} INFO - Processing /opt/airflow/dags/dbt_seed_dag.py took 0.257 seconds
[2023-06-10T18:49:49.112+0000] {processor.py:157} INFO - Started process (PID=9982) to work on /opt/airflow/dags/dbt_seed_dag.py
[2023-06-10T18:49:49.112+0000] {processor.py:826} INFO - Processing file /opt/airflow/dags/dbt_seed_dag.py for tasks to queue
[2023-06-10T18:49:49.113+0000] {logging_mixin.py:149} INFO - [2023-06-10T18:49:49.113+0000] {dagbag.py:541} INFO - Filling up the DagBag from /opt/airflow/dags/dbt_seed_dag.py
[2023-06-10T18:49:49.121+0000] {processor.py:836} INFO - DAG(s) dict_keys(['dbt-seed']) retrieved from /opt/airflow/dags/dbt_seed_dag.py
[2023-06-10T18:49:49.150+0000] {logging_mixin.py:149} INFO - [2023-06-10T18:49:49.150+0000] {dag.py:2726} INFO - Sync 1 DAGs
[2023-06-10T18:49:49.185+0000] {logging_mixin.py:149} INFO - [2023-06-10T18:49:49.185+0000] {dag.py:3490} INFO - Setting next_dagrun for dbt-seed to 2023-06-10T00:00:00+00:00, run_after=2023-06-11T00:00:00+00:00
[2023-06-10T18:49:49.238+0000] {processor.py:179} INFO - Processing /opt/airflow/dags/dbt_seed_dag.py took 0.130 seconds
[2023-06-10T18:50:19.612+0000] {processor.py:157} INFO - Started process (PID=10044) to work on /opt/airflow/dags/dbt_seed_dag.py
[2023-06-10T18:50:19.710+0000] {processor.py:826} INFO - Processing file /opt/airflow/dags/dbt_seed_dag.py for tasks to queue
[2023-06-10T18:50:19.712+0000] {logging_mixin.py:149} INFO - [2023-06-10T18:50:19.712+0000] {dagbag.py:541} INFO - Filling up the DagBag from /opt/airflow/dags/dbt_seed_dag.py
[2023-06-10T18:50:19.722+0000] {processor.py:836} INFO - DAG(s) dict_keys(['dbt-seed']) retrieved from /opt/airflow/dags/dbt_seed_dag.py
[2023-06-10T18:50:19.770+0000] {logging_mixin.py:149} INFO - [2023-06-10T18:50:19.770+0000] {dag.py:2726} INFO - Sync 1 DAGs
[2023-06-10T18:50:19.823+0000] {logging_mixin.py:149} INFO - [2023-06-10T18:50:19.823+0000] {dag.py:3490} INFO - Setting next_dagrun for dbt-seed to 2023-06-10T00:00:00+00:00, run_after=2023-06-11T00:00:00+00:00
[2023-06-10T18:50:19.867+0000] {processor.py:179} INFO - Processing /opt/airflow/dags/dbt_seed_dag.py took 0.261 seconds
[2023-06-10T18:50:50.156+0000] {processor.py:157} INFO - Started process (PID=10111) to work on /opt/airflow/dags/dbt_seed_dag.py
[2023-06-10T18:50:50.157+0000] {processor.py:826} INFO - Processing file /opt/airflow/dags/dbt_seed_dag.py for tasks to queue
[2023-06-10T18:50:50.157+0000] {logging_mixin.py:149} INFO - [2023-06-10T18:50:50.157+0000] {dagbag.py:541} INFO - Filling up the DagBag from /opt/airflow/dags/dbt_seed_dag.py
[2023-06-10T18:50:50.164+0000] {processor.py:836} INFO - DAG(s) dict_keys(['dbt-seed']) retrieved from /opt/airflow/dags/dbt_seed_dag.py
[2023-06-10T18:50:50.193+0000] {logging_mixin.py:149} INFO - [2023-06-10T18:50:50.193+0000] {dag.py:2726} INFO - Sync 1 DAGs
[2023-06-10T18:50:50.227+0000] {logging_mixin.py:149} INFO - [2023-06-10T18:50:50.227+0000] {dag.py:3490} INFO - Setting next_dagrun for dbt-seed to 2023-06-10T00:00:00+00:00, run_after=2023-06-11T00:00:00+00:00
[2023-06-10T18:50:50.272+0000] {processor.py:179} INFO - Processing /opt/airflow/dags/dbt_seed_dag.py took 0.120 seconds
[2023-06-10T18:51:20.474+0000] {processor.py:157} INFO - Started process (PID=10177) to work on /opt/airflow/dags/dbt_seed_dag.py
[2023-06-10T18:51:20.498+0000] {processor.py:826} INFO - Processing file /opt/airflow/dags/dbt_seed_dag.py for tasks to queue
[2023-06-10T18:51:20.500+0000] {logging_mixin.py:149} INFO - [2023-06-10T18:51:20.500+0000] {dagbag.py:541} INFO - Filling up the DagBag from /opt/airflow/dags/dbt_seed_dag.py
[2023-06-10T18:51:20.518+0000] {processor.py:836} INFO - DAG(s) dict_keys(['dbt-seed']) retrieved from /opt/airflow/dags/dbt_seed_dag.py
[2023-06-10T18:51:20.551+0000] {logging_mixin.py:149} INFO - [2023-06-10T18:51:20.551+0000] {dag.py:2726} INFO - Sync 1 DAGs
[2023-06-10T18:51:20.588+0000] {logging_mixin.py:149} INFO - [2023-06-10T18:51:20.588+0000] {dag.py:3490} INFO - Setting next_dagrun for dbt-seed to 2023-06-10T00:00:00+00:00, run_after=2023-06-11T00:00:00+00:00
[2023-06-10T18:51:20.641+0000] {processor.py:179} INFO - Processing /opt/airflow/dags/dbt_seed_dag.py took 0.178 seconds
