[2023-06-10T18:35:17.065+0000] {processor.py:157} INFO - Started process (PID=8129) to work on /opt/airflow/dags/dbt_run_dag.py
[2023-06-10T18:35:17.067+0000] {processor.py:826} INFO - Processing file /opt/airflow/dags/dbt_run_dag.py for tasks to queue
[2023-06-10T18:35:17.069+0000] {logging_mixin.py:149} INFO - [2023-06-10T18:35:17.069+0000] {dagbag.py:541} INFO - Filling up the DagBag from /opt/airflow/dags/dbt_run_dag.py
[2023-06-10T18:35:17.084+0000] {processor.py:836} INFO - DAG(s) dict_keys(['dbt-run']) retrieved from /opt/airflow/dags/dbt_run_dag.py
[2023-06-10T18:35:17.404+0000] {logging_mixin.py:149} INFO - [2023-06-10T18:35:17.404+0000] {manager.py:504} INFO - Created Permission View: can delete on DAG:dbt-run
[2023-06-10T18:35:17.427+0000] {logging_mixin.py:149} INFO - [2023-06-10T18:35:17.426+0000] {manager.py:504} INFO - Created Permission View: can read on DAG:dbt-run
[2023-06-10T18:35:17.449+0000] {logging_mixin.py:149} INFO - [2023-06-10T18:35:17.449+0000] {manager.py:504} INFO - Created Permission View: can edit on DAG:dbt-run
[2023-06-10T18:35:17.451+0000] {logging_mixin.py:149} INFO - [2023-06-10T18:35:17.450+0000] {dag.py:2726} INFO - Sync 1 DAGs
[2023-06-10T18:35:17.506+0000] {logging_mixin.py:149} INFO - [2023-06-10T18:35:17.506+0000] {dag.py:2747} INFO - Creating ORM DAG for dbt-run
[2023-06-10T18:35:17.523+0000] {logging_mixin.py:149} INFO - [2023-06-10T18:35:17.523+0000] {dag.py:3490} INFO - Setting next_dagrun for dbt-run to 2020-02-28T00:00:00+00:00, run_after=2020-02-29T00:00:00+00:00
[2023-06-10T18:35:17.560+0000] {processor.py:179} INFO - Processing /opt/airflow/dags/dbt_run_dag.py took 0.509 seconds
[2023-06-10T18:35:43.883+0000] {processor.py:157} INFO - Started process (PID=8183) to work on /opt/airflow/dags/dbt_run_dag.py
[2023-06-10T18:35:43.886+0000] {processor.py:826} INFO - Processing file /opt/airflow/dags/dbt_run_dag.py for tasks to queue
[2023-06-10T18:35:43.889+0000] {logging_mixin.py:149} INFO - [2023-06-10T18:35:43.889+0000] {dagbag.py:541} INFO - Filling up the DagBag from /opt/airflow/dags/dbt_run_dag.py
[2023-06-10T18:35:43.905+0000] {processor.py:836} INFO - DAG(s) dict_keys(['dbt-run']) retrieved from /opt/airflow/dags/dbt_run_dag.py
[2023-06-10T18:35:43.930+0000] {logging_mixin.py:149} INFO - [2023-06-10T18:35:43.929+0000] {dag.py:2726} INFO - Sync 1 DAGs
[2023-06-10T18:35:44.251+0000] {logging_mixin.py:149} INFO - [2023-06-10T18:35:44.250+0000] {dag.py:3490} INFO - Setting next_dagrun for dbt-run to 2023-06-10T00:00:00+00:00, run_after=2023-06-11T00:00:00+00:00
[2023-06-10T18:35:44.298+0000] {processor.py:179} INFO - Processing /opt/airflow/dags/dbt_run_dag.py took 0.427 seconds
[2023-06-10T18:36:15.675+0000] {processor.py:157} INFO - Started process (PID=8249) to work on /opt/airflow/dags/dbt_run_dag.py
[2023-06-10T18:36:15.692+0000] {processor.py:826} INFO - Processing file /opt/airflow/dags/dbt_run_dag.py for tasks to queue
[2023-06-10T18:36:15.693+0000] {logging_mixin.py:149} INFO - [2023-06-10T18:36:15.693+0000] {dagbag.py:541} INFO - Filling up the DagBag from /opt/airflow/dags/dbt_run_dag.py
[2023-06-10T18:36:15.704+0000] {processor.py:836} INFO - DAG(s) dict_keys(['dbt-run']) retrieved from /opt/airflow/dags/dbt_run_dag.py
[2023-06-10T18:36:15.796+0000] {logging_mixin.py:149} INFO - [2023-06-10T18:36:15.796+0000] {dag.py:2726} INFO - Sync 1 DAGs
[2023-06-10T18:36:15.976+0000] {logging_mixin.py:149} INFO - [2023-06-10T18:36:15.976+0000] {dag.py:3490} INFO - Setting next_dagrun for dbt-run to 2023-06-10T00:00:00+00:00, run_after=2023-06-11T00:00:00+00:00
[2023-06-10T18:36:16.010+0000] {processor.py:179} INFO - Processing /opt/airflow/dags/dbt_run_dag.py took 0.339 seconds
[2023-06-10T18:36:46.478+0000] {processor.py:157} INFO - Started process (PID=8315) to work on /opt/airflow/dags/dbt_run_dag.py
[2023-06-10T18:36:46.481+0000] {processor.py:826} INFO - Processing file /opt/airflow/dags/dbt_run_dag.py for tasks to queue
[2023-06-10T18:36:46.482+0000] {logging_mixin.py:149} INFO - [2023-06-10T18:36:46.482+0000] {dagbag.py:541} INFO - Filling up the DagBag from /opt/airflow/dags/dbt_run_dag.py
[2023-06-10T18:36:46.492+0000] {processor.py:836} INFO - DAG(s) dict_keys(['dbt-run']) retrieved from /opt/airflow/dags/dbt_run_dag.py
[2023-06-10T18:36:46.535+0000] {logging_mixin.py:149} INFO - [2023-06-10T18:36:46.534+0000] {dag.py:2726} INFO - Sync 1 DAGs
[2023-06-10T18:36:46.588+0000] {logging_mixin.py:149} INFO - [2023-06-10T18:36:46.587+0000] {dag.py:3490} INFO - Setting next_dagrun for dbt-run to 2023-06-10T00:00:00+00:00, run_after=2023-06-11T00:00:00+00:00
[2023-06-10T18:36:46.638+0000] {processor.py:179} INFO - Processing /opt/airflow/dags/dbt_run_dag.py took 0.165 seconds
[2023-06-10T18:37:17.371+0000] {processor.py:157} INFO - Started process (PID=8377) to work on /opt/airflow/dags/dbt_run_dag.py
[2023-06-10T18:37:17.382+0000] {processor.py:826} INFO - Processing file /opt/airflow/dags/dbt_run_dag.py for tasks to queue
[2023-06-10T18:37:17.383+0000] {logging_mixin.py:149} INFO - [2023-06-10T18:37:17.383+0000] {dagbag.py:541} INFO - Filling up the DagBag from /opt/airflow/dags/dbt_run_dag.py
[2023-06-10T18:37:17.394+0000] {processor.py:836} INFO - DAG(s) dict_keys(['dbt-run']) retrieved from /opt/airflow/dags/dbt_run_dag.py
[2023-06-10T18:37:17.482+0000] {logging_mixin.py:149} INFO - [2023-06-10T18:37:17.481+0000] {dag.py:2726} INFO - Sync 1 DAGs
[2023-06-10T18:37:17.675+0000] {logging_mixin.py:149} INFO - [2023-06-10T18:37:17.674+0000] {dag.py:3490} INFO - Setting next_dagrun for dbt-run to 2023-06-10T00:00:00+00:00, run_after=2023-06-11T00:00:00+00:00
[2023-06-10T18:37:17.715+0000] {processor.py:179} INFO - Processing /opt/airflow/dags/dbt_run_dag.py took 0.350 seconds
[2023-06-10T18:37:48.935+0000] {processor.py:157} INFO - Started process (PID=8443) to work on /opt/airflow/dags/dbt_run_dag.py
[2023-06-10T18:37:48.938+0000] {processor.py:826} INFO - Processing file /opt/airflow/dags/dbt_run_dag.py for tasks to queue
[2023-06-10T18:37:48.941+0000] {logging_mixin.py:149} INFO - [2023-06-10T18:37:48.940+0000] {dagbag.py:541} INFO - Filling up the DagBag from /opt/airflow/dags/dbt_run_dag.py
[2023-06-10T18:37:48.962+0000] {processor.py:836} INFO - DAG(s) dict_keys(['dbt-run']) retrieved from /opt/airflow/dags/dbt_run_dag.py
[2023-06-10T18:37:48.998+0000] {logging_mixin.py:149} INFO - [2023-06-10T18:37:48.997+0000] {dag.py:2726} INFO - Sync 1 DAGs
[2023-06-10T18:37:49.032+0000] {logging_mixin.py:149} INFO - [2023-06-10T18:37:49.032+0000] {dag.py:3490} INFO - Setting next_dagrun for dbt-run to 2023-06-10T00:00:00+00:00, run_after=2023-06-11T00:00:00+00:00
[2023-06-10T18:37:49.264+0000] {processor.py:179} INFO - Processing /opt/airflow/dags/dbt_run_dag.py took 0.343 seconds
[2023-06-10T18:38:19.358+0000] {processor.py:157} INFO - Started process (PID=8508) to work on /opt/airflow/dags/dbt_run_dag.py
[2023-06-10T18:38:19.372+0000] {processor.py:826} INFO - Processing file /opt/airflow/dags/dbt_run_dag.py for tasks to queue
[2023-06-10T18:38:19.373+0000] {logging_mixin.py:149} INFO - [2023-06-10T18:38:19.373+0000] {dagbag.py:541} INFO - Filling up the DagBag from /opt/airflow/dags/dbt_run_dag.py
[2023-06-10T18:38:19.381+0000] {processor.py:836} INFO - DAG(s) dict_keys(['dbt-run']) retrieved from /opt/airflow/dags/dbt_run_dag.py
[2023-06-10T18:38:19.411+0000] {logging_mixin.py:149} INFO - [2023-06-10T18:38:19.411+0000] {dag.py:2726} INFO - Sync 1 DAGs
[2023-06-10T18:38:19.445+0000] {logging_mixin.py:149} INFO - [2023-06-10T18:38:19.445+0000] {dag.py:3490} INFO - Setting next_dagrun for dbt-run to 2023-06-10T00:00:00+00:00, run_after=2023-06-11T00:00:00+00:00
[2023-06-10T18:38:19.482+0000] {processor.py:179} INFO - Processing /opt/airflow/dags/dbt_run_dag.py took 0.128 seconds
[2023-06-10T18:38:49.576+0000] {processor.py:157} INFO - Started process (PID=8571) to work on /opt/airflow/dags/dbt_run_dag.py
[2023-06-10T18:38:49.605+0000] {processor.py:826} INFO - Processing file /opt/airflow/dags/dbt_run_dag.py for tasks to queue
[2023-06-10T18:38:49.609+0000] {logging_mixin.py:149} INFO - [2023-06-10T18:38:49.608+0000] {dagbag.py:541} INFO - Filling up the DagBag from /opt/airflow/dags/dbt_run_dag.py
[2023-06-10T18:38:49.629+0000] {processor.py:836} INFO - DAG(s) dict_keys(['dbt-run']) retrieved from /opt/airflow/dags/dbt_run_dag.py
[2023-06-10T18:38:49.661+0000] {logging_mixin.py:149} INFO - [2023-06-10T18:38:49.660+0000] {dag.py:2726} INFO - Sync 1 DAGs
[2023-06-10T18:38:49.839+0000] {logging_mixin.py:149} INFO - [2023-06-10T18:38:49.839+0000] {dag.py:3490} INFO - Setting next_dagrun for dbt-run to 2023-06-10T00:00:00+00:00, run_after=2023-06-11T00:00:00+00:00
[2023-06-10T18:38:49.880+0000] {processor.py:179} INFO - Processing /opt/airflow/dags/dbt_run_dag.py took 0.308 seconds
[2023-06-10T18:39:20.017+0000] {processor.py:157} INFO - Started process (PID=8633) to work on /opt/airflow/dags/dbt_run_dag.py
[2023-06-10T18:39:20.018+0000] {processor.py:826} INFO - Processing file /opt/airflow/dags/dbt_run_dag.py for tasks to queue
[2023-06-10T18:39:20.019+0000] {logging_mixin.py:149} INFO - [2023-06-10T18:39:20.019+0000] {dagbag.py:541} INFO - Filling up the DagBag from /opt/airflow/dags/dbt_run_dag.py
[2023-06-10T18:39:20.026+0000] {processor.py:836} INFO - DAG(s) dict_keys(['dbt-run']) retrieved from /opt/airflow/dags/dbt_run_dag.py
[2023-06-10T18:39:20.055+0000] {logging_mixin.py:149} INFO - [2023-06-10T18:39:20.055+0000] {dag.py:2726} INFO - Sync 1 DAGs
[2023-06-10T18:39:20.088+0000] {logging_mixin.py:149} INFO - [2023-06-10T18:39:20.088+0000] {dag.py:3490} INFO - Setting next_dagrun for dbt-run to 2023-06-10T00:00:00+00:00, run_after=2023-06-11T00:00:00+00:00
[2023-06-10T18:39:20.133+0000] {processor.py:179} INFO - Processing /opt/airflow/dags/dbt_run_dag.py took 0.121 seconds
[2023-06-10T18:39:50.999+0000] {processor.py:157} INFO - Started process (PID=8698) to work on /opt/airflow/dags/dbt_run_dag.py
[2023-06-10T18:39:51.064+0000] {processor.py:826} INFO - Processing file /opt/airflow/dags/dbt_run_dag.py for tasks to queue
[2023-06-10T18:39:51.066+0000] {logging_mixin.py:149} INFO - [2023-06-10T18:39:51.065+0000] {dagbag.py:541} INFO - Filling up the DagBag from /opt/airflow/dags/dbt_run_dag.py
[2023-06-10T18:39:51.079+0000] {processor.py:836} INFO - DAG(s) dict_keys(['dbt-run']) retrieved from /opt/airflow/dags/dbt_run_dag.py
[2023-06-10T18:39:51.136+0000] {logging_mixin.py:149} INFO - [2023-06-10T18:39:51.135+0000] {dag.py:2726} INFO - Sync 1 DAGs
[2023-06-10T18:39:51.198+0000] {logging_mixin.py:149} INFO - [2023-06-10T18:39:51.198+0000] {dag.py:3490} INFO - Setting next_dagrun for dbt-run to 2023-06-10T00:00:00+00:00, run_after=2023-06-11T00:00:00+00:00
[2023-06-10T18:39:51.298+0000] {processor.py:179} INFO - Processing /opt/airflow/dags/dbt_run_dag.py took 0.307 seconds
[2023-06-10T18:40:21.470+0000] {processor.py:157} INFO - Started process (PID=8761) to work on /opt/airflow/dags/dbt_run_dag.py
[2023-06-10T18:40:21.483+0000] {processor.py:826} INFO - Processing file /opt/airflow/dags/dbt_run_dag.py for tasks to queue
[2023-06-10T18:40:21.484+0000] {logging_mixin.py:149} INFO - [2023-06-10T18:40:21.484+0000] {dagbag.py:541} INFO - Filling up the DagBag from /opt/airflow/dags/dbt_run_dag.py
[2023-06-10T18:40:21.491+0000] {processor.py:836} INFO - DAG(s) dict_keys(['dbt-run']) retrieved from /opt/airflow/dags/dbt_run_dag.py
[2023-06-10T18:40:21.522+0000] {logging_mixin.py:149} INFO - [2023-06-10T18:40:21.522+0000] {dag.py:2726} INFO - Sync 1 DAGs
[2023-06-10T18:40:21.562+0000] {logging_mixin.py:149} INFO - [2023-06-10T18:40:21.562+0000] {dag.py:3490} INFO - Setting next_dagrun for dbt-run to 2023-06-10T00:00:00+00:00, run_after=2023-06-11T00:00:00+00:00
[2023-06-10T18:40:21.608+0000] {processor.py:179} INFO - Processing /opt/airflow/dags/dbt_run_dag.py took 0.146 seconds
[2023-06-10T18:40:51.703+0000] {processor.py:157} INFO - Started process (PID=8827) to work on /opt/airflow/dags/dbt_run_dag.py
[2023-06-10T18:40:51.704+0000] {processor.py:826} INFO - Processing file /opt/airflow/dags/dbt_run_dag.py for tasks to queue
[2023-06-10T18:40:51.706+0000] {logging_mixin.py:149} INFO - [2023-06-10T18:40:51.705+0000] {dagbag.py:541} INFO - Filling up the DagBag from /opt/airflow/dags/dbt_run_dag.py
[2023-06-10T18:40:51.713+0000] {processor.py:836} INFO - DAG(s) dict_keys(['dbt-run']) retrieved from /opt/airflow/dags/dbt_run_dag.py
[2023-06-10T18:40:51.749+0000] {logging_mixin.py:149} INFO - [2023-06-10T18:40:51.749+0000] {dag.py:2726} INFO - Sync 1 DAGs
[2023-06-10T18:40:51.800+0000] {logging_mixin.py:149} INFO - [2023-06-10T18:40:51.800+0000] {dag.py:3490} INFO - Setting next_dagrun for dbt-run to 2023-06-10T00:00:00+00:00, run_after=2023-06-11T00:00:00+00:00
[2023-06-10T18:40:51.848+0000] {processor.py:179} INFO - Processing /opt/airflow/dags/dbt_run_dag.py took 0.152 seconds
[2023-06-10T18:41:22.437+0000] {processor.py:157} INFO - Started process (PID=8893) to work on /opt/airflow/dags/dbt_run_dag.py
[2023-06-10T18:41:22.451+0000] {processor.py:826} INFO - Processing file /opt/airflow/dags/dbt_run_dag.py for tasks to queue
[2023-06-10T18:41:22.452+0000] {logging_mixin.py:149} INFO - [2023-06-10T18:41:22.452+0000] {dagbag.py:541} INFO - Filling up the DagBag from /opt/airflow/dags/dbt_run_dag.py
[2023-06-10T18:41:22.459+0000] {processor.py:836} INFO - DAG(s) dict_keys(['dbt-run']) retrieved from /opt/airflow/dags/dbt_run_dag.py
[2023-06-10T18:41:22.491+0000] {logging_mixin.py:149} INFO - [2023-06-10T18:41:22.491+0000] {dag.py:2726} INFO - Sync 1 DAGs
[2023-06-10T18:41:22.528+0000] {logging_mixin.py:149} INFO - [2023-06-10T18:41:22.528+0000] {dag.py:3490} INFO - Setting next_dagrun for dbt-run to 2023-06-10T00:00:00+00:00, run_after=2023-06-11T00:00:00+00:00
[2023-06-10T18:41:22.565+0000] {processor.py:179} INFO - Processing /opt/airflow/dags/dbt_run_dag.py took 0.132 seconds
[2023-06-10T18:41:52.811+0000] {processor.py:157} INFO - Started process (PID=8957) to work on /opt/airflow/dags/dbt_run_dag.py
[2023-06-10T18:41:52.812+0000] {processor.py:826} INFO - Processing file /opt/airflow/dags/dbt_run_dag.py for tasks to queue
[2023-06-10T18:41:52.814+0000] {logging_mixin.py:149} INFO - [2023-06-10T18:41:52.813+0000] {dagbag.py:541} INFO - Filling up the DagBag from /opt/airflow/dags/dbt_run_dag.py
[2023-06-10T18:41:52.823+0000] {processor.py:836} INFO - DAG(s) dict_keys(['dbt-run']) retrieved from /opt/airflow/dags/dbt_run_dag.py
[2023-06-10T18:41:52.853+0000] {logging_mixin.py:149} INFO - [2023-06-10T18:41:52.853+0000] {dag.py:2726} INFO - Sync 1 DAGs
[2023-06-10T18:41:52.892+0000] {logging_mixin.py:149} INFO - [2023-06-10T18:41:52.892+0000] {dag.py:3490} INFO - Setting next_dagrun for dbt-run to 2023-06-10T00:00:00+00:00, run_after=2023-06-11T00:00:00+00:00
[2023-06-10T18:41:52.932+0000] {processor.py:179} INFO - Processing /opt/airflow/dags/dbt_run_dag.py took 0.128 seconds
[2023-06-10T18:42:23.293+0000] {processor.py:157} INFO - Started process (PID=9022) to work on /opt/airflow/dags/dbt_run_dag.py
[2023-06-10T18:42:23.301+0000] {processor.py:826} INFO - Processing file /opt/airflow/dags/dbt_run_dag.py for tasks to queue
[2023-06-10T18:42:23.302+0000] {logging_mixin.py:149} INFO - [2023-06-10T18:42:23.302+0000] {dagbag.py:541} INFO - Filling up the DagBag from /opt/airflow/dags/dbt_run_dag.py
[2023-06-10T18:42:23.309+0000] {processor.py:836} INFO - DAG(s) dict_keys(['dbt-run']) retrieved from /opt/airflow/dags/dbt_run_dag.py
[2023-06-10T18:42:23.345+0000] {logging_mixin.py:149} INFO - [2023-06-10T18:42:23.345+0000] {dag.py:2726} INFO - Sync 1 DAGs
[2023-06-10T18:42:23.391+0000] {logging_mixin.py:149} INFO - [2023-06-10T18:42:23.391+0000] {dag.py:3490} INFO - Setting next_dagrun for dbt-run to 2023-06-10T00:00:00+00:00, run_after=2023-06-11T00:00:00+00:00
[2023-06-10T18:42:23.428+0000] {processor.py:179} INFO - Processing /opt/airflow/dags/dbt_run_dag.py took 0.142 seconds
[2023-06-10T18:42:53.617+0000] {processor.py:157} INFO - Started process (PID=9085) to work on /opt/airflow/dags/dbt_run_dag.py
[2023-06-10T18:42:53.618+0000] {processor.py:826} INFO - Processing file /opt/airflow/dags/dbt_run_dag.py for tasks to queue
[2023-06-10T18:42:53.619+0000] {logging_mixin.py:149} INFO - [2023-06-10T18:42:53.619+0000] {dagbag.py:541} INFO - Filling up the DagBag from /opt/airflow/dags/dbt_run_dag.py
[2023-06-10T18:42:53.630+0000] {processor.py:836} INFO - DAG(s) dict_keys(['dbt-run']) retrieved from /opt/airflow/dags/dbt_run_dag.py
[2023-06-10T18:42:53.659+0000] {logging_mixin.py:149} INFO - [2023-06-10T18:42:53.659+0000] {dag.py:2726} INFO - Sync 1 DAGs
[2023-06-10T18:42:53.694+0000] {logging_mixin.py:149} INFO - [2023-06-10T18:42:53.693+0000] {dag.py:3490} INFO - Setting next_dagrun for dbt-run to 2023-06-10T00:00:00+00:00, run_after=2023-06-11T00:00:00+00:00
[2023-06-10T18:42:53.781+0000] {processor.py:179} INFO - Processing /opt/airflow/dags/dbt_run_dag.py took 0.169 seconds
[2023-06-10T18:43:24.748+0000] {processor.py:157} INFO - Started process (PID=9152) to work on /opt/airflow/dags/dbt_run_dag.py
[2023-06-10T18:43:24.760+0000] {processor.py:826} INFO - Processing file /opt/airflow/dags/dbt_run_dag.py for tasks to queue
[2023-06-10T18:43:24.761+0000] {logging_mixin.py:149} INFO - [2023-06-10T18:43:24.761+0000] {dagbag.py:541} INFO - Filling up the DagBag from /opt/airflow/dags/dbt_run_dag.py
[2023-06-10T18:43:24.768+0000] {processor.py:836} INFO - DAG(s) dict_keys(['dbt-run']) retrieved from /opt/airflow/dags/dbt_run_dag.py
[2023-06-10T18:43:24.798+0000] {logging_mixin.py:149} INFO - [2023-06-10T18:43:24.798+0000] {dag.py:2726} INFO - Sync 1 DAGs
[2023-06-10T18:43:24.832+0000] {logging_mixin.py:149} INFO - [2023-06-10T18:43:24.832+0000] {dag.py:3490} INFO - Setting next_dagrun for dbt-run to 2023-06-10T00:00:00+00:00, run_after=2023-06-11T00:00:00+00:00
[2023-06-10T18:43:24.869+0000] {processor.py:179} INFO - Processing /opt/airflow/dags/dbt_run_dag.py took 0.125 seconds
[2023-06-10T18:43:54.977+0000] {processor.py:157} INFO - Started process (PID=9218) to work on /opt/airflow/dags/dbt_run_dag.py
[2023-06-10T18:43:54.979+0000] {processor.py:826} INFO - Processing file /opt/airflow/dags/dbt_run_dag.py for tasks to queue
[2023-06-10T18:43:54.980+0000] {logging_mixin.py:149} INFO - [2023-06-10T18:43:54.980+0000] {dagbag.py:541} INFO - Filling up the DagBag from /opt/airflow/dags/dbt_run_dag.py
[2023-06-10T18:43:54.988+0000] {processor.py:836} INFO - DAG(s) dict_keys(['dbt-run']) retrieved from /opt/airflow/dags/dbt_run_dag.py
[2023-06-10T18:43:55.022+0000] {logging_mixin.py:149} INFO - [2023-06-10T18:43:55.022+0000] {dag.py:2726} INFO - Sync 1 DAGs
[2023-06-10T18:43:55.059+0000] {logging_mixin.py:149} INFO - [2023-06-10T18:43:55.059+0000] {dag.py:3490} INFO - Setting next_dagrun for dbt-run to 2023-06-10T00:00:00+00:00, run_after=2023-06-11T00:00:00+00:00
[2023-06-10T18:43:55.098+0000] {processor.py:179} INFO - Processing /opt/airflow/dags/dbt_run_dag.py took 0.127 seconds
[2023-06-10T18:44:25.587+0000] {processor.py:157} INFO - Started process (PID=9284) to work on /opt/airflow/dags/dbt_run_dag.py
[2023-06-10T18:44:25.588+0000] {processor.py:826} INFO - Processing file /opt/airflow/dags/dbt_run_dag.py for tasks to queue
[2023-06-10T18:44:25.592+0000] {logging_mixin.py:149} INFO - [2023-06-10T18:44:25.591+0000] {dagbag.py:541} INFO - Filling up the DagBag from /opt/airflow/dags/dbt_run_dag.py
[2023-06-10T18:44:25.601+0000] {processor.py:836} INFO - DAG(s) dict_keys(['dbt-run']) retrieved from /opt/airflow/dags/dbt_run_dag.py
[2023-06-10T18:44:25.633+0000] {logging_mixin.py:149} INFO - [2023-06-10T18:44:25.633+0000] {dag.py:2726} INFO - Sync 1 DAGs
[2023-06-10T18:44:25.666+0000] {logging_mixin.py:149} INFO - [2023-06-10T18:44:25.666+0000] {dag.py:3490} INFO - Setting next_dagrun for dbt-run to 2023-06-10T00:00:00+00:00, run_after=2023-06-11T00:00:00+00:00
[2023-06-10T18:44:25.760+0000] {processor.py:179} INFO - Processing /opt/airflow/dags/dbt_run_dag.py took 0.179 seconds
[2023-06-10T18:44:56.230+0000] {processor.py:157} INFO - Started process (PID=9351) to work on /opt/airflow/dags/dbt_run_dag.py
[2023-06-10T18:44:56.232+0000] {processor.py:826} INFO - Processing file /opt/airflow/dags/dbt_run_dag.py for tasks to queue
[2023-06-10T18:44:56.233+0000] {logging_mixin.py:149} INFO - [2023-06-10T18:44:56.233+0000] {dagbag.py:541} INFO - Filling up the DagBag from /opt/airflow/dags/dbt_run_dag.py
[2023-06-10T18:44:56.241+0000] {processor.py:836} INFO - DAG(s) dict_keys(['dbt-run']) retrieved from /opt/airflow/dags/dbt_run_dag.py
[2023-06-10T18:44:56.272+0000] {logging_mixin.py:149} INFO - [2023-06-10T18:44:56.272+0000] {dag.py:2726} INFO - Sync 1 DAGs
[2023-06-10T18:44:56.305+0000] {logging_mixin.py:149} INFO - [2023-06-10T18:44:56.305+0000] {dag.py:3490} INFO - Setting next_dagrun for dbt-run to 2023-06-10T00:00:00+00:00, run_after=2023-06-11T00:00:00+00:00
[2023-06-10T18:44:56.347+0000] {processor.py:179} INFO - Processing /opt/airflow/dags/dbt_run_dag.py took 0.126 seconds
[2023-06-10T18:45:26.591+0000] {processor.py:157} INFO - Started process (PID=9416) to work on /opt/airflow/dags/dbt_run_dag.py
[2023-06-10T18:45:26.593+0000] {processor.py:826} INFO - Processing file /opt/airflow/dags/dbt_run_dag.py for tasks to queue
[2023-06-10T18:45:26.595+0000] {logging_mixin.py:149} INFO - [2023-06-10T18:45:26.594+0000] {dagbag.py:541} INFO - Filling up the DagBag from /opt/airflow/dags/dbt_run_dag.py
[2023-06-10T18:45:26.607+0000] {processor.py:836} INFO - DAG(s) dict_keys(['dbt-run']) retrieved from /opt/airflow/dags/dbt_run_dag.py
[2023-06-10T18:45:26.647+0000] {logging_mixin.py:149} INFO - [2023-06-10T18:45:26.646+0000] {dag.py:2726} INFO - Sync 1 DAGs
[2023-06-10T18:45:26.697+0000] {logging_mixin.py:149} INFO - [2023-06-10T18:45:26.697+0000] {dag.py:3490} INFO - Setting next_dagrun for dbt-run to 2023-06-10T00:00:00+00:00, run_after=2023-06-11T00:00:00+00:00
[2023-06-10T18:45:26.811+0000] {processor.py:179} INFO - Processing /opt/airflow/dags/dbt_run_dag.py took 0.226 seconds
[2023-06-10T18:45:57.841+0000] {processor.py:157} INFO - Started process (PID=9483) to work on /opt/airflow/dags/dbt_run_dag.py
[2023-06-10T18:45:57.866+0000] {processor.py:826} INFO - Processing file /opt/airflow/dags/dbt_run_dag.py for tasks to queue
[2023-06-10T18:45:57.867+0000] {logging_mixin.py:149} INFO - [2023-06-10T18:45:57.867+0000] {dagbag.py:541} INFO - Filling up the DagBag from /opt/airflow/dags/dbt_run_dag.py
[2023-06-10T18:45:57.875+0000] {processor.py:836} INFO - DAG(s) dict_keys(['dbt-run']) retrieved from /opt/airflow/dags/dbt_run_dag.py
[2023-06-10T18:45:57.906+0000] {logging_mixin.py:149} INFO - [2023-06-10T18:45:57.906+0000] {dag.py:2726} INFO - Sync 1 DAGs
[2023-06-10T18:45:57.953+0000] {logging_mixin.py:149} INFO - [2023-06-10T18:45:57.953+0000] {dag.py:3490} INFO - Setting next_dagrun for dbt-run to 2023-06-10T00:00:00+00:00, run_after=2023-06-11T00:00:00+00:00
[2023-06-10T18:45:57.999+0000] {processor.py:179} INFO - Processing /opt/airflow/dags/dbt_run_dag.py took 0.162 seconds
[2023-06-10T18:46:28.155+0000] {processor.py:157} INFO - Started process (PID=9549) to work on /opt/airflow/dags/dbt_run_dag.py
[2023-06-10T18:46:28.263+0000] {processor.py:826} INFO - Processing file /opt/airflow/dags/dbt_run_dag.py for tasks to queue
[2023-06-10T18:46:28.265+0000] {logging_mixin.py:149} INFO - [2023-06-10T18:46:28.264+0000] {dagbag.py:541} INFO - Filling up the DagBag from /opt/airflow/dags/dbt_run_dag.py
[2023-06-10T18:46:28.277+0000] {processor.py:836} INFO - DAG(s) dict_keys(['dbt-run']) retrieved from /opt/airflow/dags/dbt_run_dag.py
[2023-06-10T18:46:28.344+0000] {logging_mixin.py:149} INFO - [2023-06-10T18:46:28.343+0000] {dag.py:2726} INFO - Sync 1 DAGs
[2023-06-10T18:46:28.409+0000] {logging_mixin.py:149} INFO - [2023-06-10T18:46:28.409+0000] {dag.py:3490} INFO - Setting next_dagrun for dbt-run to 2023-06-10T00:00:00+00:00, run_after=2023-06-11T00:00:00+00:00
[2023-06-10T18:46:28.462+0000] {processor.py:179} INFO - Processing /opt/airflow/dags/dbt_run_dag.py took 0.311 seconds
[2023-06-10T18:46:59.137+0000] {processor.py:157} INFO - Started process (PID=9615) to work on /opt/airflow/dags/dbt_run_dag.py
[2023-06-10T18:46:59.170+0000] {processor.py:826} INFO - Processing file /opt/airflow/dags/dbt_run_dag.py for tasks to queue
[2023-06-10T18:46:59.172+0000] {logging_mixin.py:149} INFO - [2023-06-10T18:46:59.172+0000] {dagbag.py:541} INFO - Filling up the DagBag from /opt/airflow/dags/dbt_run_dag.py
[2023-06-10T18:46:59.187+0000] {processor.py:836} INFO - DAG(s) dict_keys(['dbt-run']) retrieved from /opt/airflow/dags/dbt_run_dag.py
[2023-06-10T18:46:59.249+0000] {logging_mixin.py:149} INFO - [2023-06-10T18:46:59.249+0000] {dag.py:2726} INFO - Sync 1 DAGs
[2023-06-10T18:46:59.320+0000] {logging_mixin.py:149} INFO - [2023-06-10T18:46:59.320+0000] {dag.py:3490} INFO - Setting next_dagrun for dbt-run to 2023-06-10T00:00:00+00:00, run_after=2023-06-11T00:00:00+00:00
[2023-06-10T18:46:59.407+0000] {processor.py:179} INFO - Processing /opt/airflow/dags/dbt_run_dag.py took 0.278 seconds
[2023-06-10T18:47:30.104+0000] {processor.py:157} INFO - Started process (PID=9681) to work on /opt/airflow/dags/dbt_run_dag.py
[2023-06-10T18:47:30.105+0000] {processor.py:826} INFO - Processing file /opt/airflow/dags/dbt_run_dag.py for tasks to queue
[2023-06-10T18:47:30.107+0000] {logging_mixin.py:149} INFO - [2023-06-10T18:47:30.106+0000] {dagbag.py:541} INFO - Filling up the DagBag from /opt/airflow/dags/dbt_run_dag.py
[2023-06-10T18:47:30.117+0000] {processor.py:836} INFO - DAG(s) dict_keys(['dbt-run']) retrieved from /opt/airflow/dags/dbt_run_dag.py
[2023-06-10T18:47:30.152+0000] {logging_mixin.py:149} INFO - [2023-06-10T18:47:30.152+0000] {dag.py:2726} INFO - Sync 1 DAGs
[2023-06-10T18:47:30.191+0000] {logging_mixin.py:149} INFO - [2023-06-10T18:47:30.191+0000] {dag.py:3490} INFO - Setting next_dagrun for dbt-run to 2023-06-10T00:00:00+00:00, run_after=2023-06-11T00:00:00+00:00
[2023-06-10T18:47:30.269+0000] {processor.py:179} INFO - Processing /opt/airflow/dags/dbt_run_dag.py took 0.174 seconds
[2023-06-10T18:48:00.587+0000] {processor.py:157} INFO - Started process (PID=9747) to work on /opt/airflow/dags/dbt_run_dag.py
[2023-06-10T18:48:00.607+0000] {processor.py:826} INFO - Processing file /opt/airflow/dags/dbt_run_dag.py for tasks to queue
[2023-06-10T18:48:00.610+0000] {logging_mixin.py:149} INFO - [2023-06-10T18:48:00.609+0000] {dagbag.py:541} INFO - Filling up the DagBag from /opt/airflow/dags/dbt_run_dag.py
[2023-06-10T18:48:00.627+0000] {processor.py:836} INFO - DAG(s) dict_keys(['dbt-run']) retrieved from /opt/airflow/dags/dbt_run_dag.py
[2023-06-10T18:48:00.671+0000] {logging_mixin.py:149} INFO - [2023-06-10T18:48:00.670+0000] {dag.py:2726} INFO - Sync 1 DAGs
[2023-06-10T18:48:00.718+0000] {logging_mixin.py:149} INFO - [2023-06-10T18:48:00.718+0000] {dag.py:3490} INFO - Setting next_dagrun for dbt-run to 2023-06-10T00:00:00+00:00, run_after=2023-06-11T00:00:00+00:00
[2023-06-10T18:48:00.762+0000] {processor.py:179} INFO - Processing /opt/airflow/dags/dbt_run_dag.py took 0.188 seconds
[2023-06-10T18:48:30.909+0000] {processor.py:157} INFO - Started process (PID=9813) to work on /opt/airflow/dags/dbt_run_dag.py
[2023-06-10T18:48:30.911+0000] {processor.py:826} INFO - Processing file /opt/airflow/dags/dbt_run_dag.py for tasks to queue
[2023-06-10T18:48:30.912+0000] {logging_mixin.py:149} INFO - [2023-06-10T18:48:30.912+0000] {dagbag.py:541} INFO - Filling up the DagBag from /opt/airflow/dags/dbt_run_dag.py
[2023-06-10T18:48:30.926+0000] {processor.py:836} INFO - DAG(s) dict_keys(['dbt-run']) retrieved from /opt/airflow/dags/dbt_run_dag.py
[2023-06-10T18:48:30.980+0000] {logging_mixin.py:149} INFO - [2023-06-10T18:48:30.980+0000] {dag.py:2726} INFO - Sync 1 DAGs
[2023-06-10T18:48:31.030+0000] {logging_mixin.py:149} INFO - [2023-06-10T18:48:31.030+0000] {dag.py:3490} INFO - Setting next_dagrun for dbt-run to 2023-06-10T00:00:00+00:00, run_after=2023-06-11T00:00:00+00:00
[2023-06-10T18:48:31.070+0000] {processor.py:179} INFO - Processing /opt/airflow/dags/dbt_run_dag.py took 0.170 seconds
[2023-06-10T18:49:01.263+0000] {processor.py:157} INFO - Started process (PID=9879) to work on /opt/airflow/dags/dbt_run_dag.py
[2023-06-10T18:49:01.280+0000] {processor.py:826} INFO - Processing file /opt/airflow/dags/dbt_run_dag.py for tasks to queue
[2023-06-10T18:49:01.283+0000] {logging_mixin.py:149} INFO - [2023-06-10T18:49:01.283+0000] {dagbag.py:541} INFO - Filling up the DagBag from /opt/airflow/dags/dbt_run_dag.py
[2023-06-10T18:49:01.306+0000] {processor.py:836} INFO - DAG(s) dict_keys(['dbt-run']) retrieved from /opt/airflow/dags/dbt_run_dag.py
[2023-06-10T18:49:01.366+0000] {logging_mixin.py:149} INFO - [2023-06-10T18:49:01.365+0000] {dag.py:2726} INFO - Sync 1 DAGs
[2023-06-10T18:49:01.419+0000] {logging_mixin.py:149} INFO - [2023-06-10T18:49:01.419+0000] {dag.py:3490} INFO - Setting next_dagrun for dbt-run to 2023-06-10T00:00:00+00:00, run_after=2023-06-11T00:00:00+00:00
[2023-06-10T18:49:01.458+0000] {processor.py:179} INFO - Processing /opt/airflow/dags/dbt_run_dag.py took 0.209 seconds
[2023-06-10T18:49:31.835+0000] {processor.py:157} INFO - Started process (PID=9945) to work on /opt/airflow/dags/dbt_run_dag.py
[2023-06-10T18:49:31.837+0000] {processor.py:826} INFO - Processing file /opt/airflow/dags/dbt_run_dag.py for tasks to queue
[2023-06-10T18:49:31.840+0000] {logging_mixin.py:149} INFO - [2023-06-10T18:49:31.839+0000] {dagbag.py:541} INFO - Filling up the DagBag from /opt/airflow/dags/dbt_run_dag.py
[2023-06-10T18:49:31.854+0000] {processor.py:836} INFO - DAG(s) dict_keys(['dbt-run']) retrieved from /opt/airflow/dags/dbt_run_dag.py
[2023-06-10T18:49:31.908+0000] {logging_mixin.py:149} INFO - [2023-06-10T18:49:31.908+0000] {dag.py:2726} INFO - Sync 1 DAGs
[2023-06-10T18:49:31.949+0000] {logging_mixin.py:149} INFO - [2023-06-10T18:49:31.949+0000] {dag.py:3490} INFO - Setting next_dagrun for dbt-run to 2023-06-10T00:00:00+00:00, run_after=2023-06-11T00:00:00+00:00
[2023-06-10T18:49:32.014+0000] {processor.py:179} INFO - Processing /opt/airflow/dags/dbt_run_dag.py took 0.186 seconds
[2023-06-10T18:50:02.417+0000] {processor.py:157} INFO - Started process (PID=10012) to work on /opt/airflow/dags/dbt_run_dag.py
[2023-06-10T18:50:02.443+0000] {processor.py:826} INFO - Processing file /opt/airflow/dags/dbt_run_dag.py for tasks to queue
[2023-06-10T18:50:02.444+0000] {logging_mixin.py:149} INFO - [2023-06-10T18:50:02.444+0000] {dagbag.py:541} INFO - Filling up the DagBag from /opt/airflow/dags/dbt_run_dag.py
[2023-06-10T18:50:02.452+0000] {processor.py:836} INFO - DAG(s) dict_keys(['dbt-run']) retrieved from /opt/airflow/dags/dbt_run_dag.py
[2023-06-10T18:50:02.481+0000] {logging_mixin.py:149} INFO - [2023-06-10T18:50:02.481+0000] {dag.py:2726} INFO - Sync 1 DAGs
[2023-06-10T18:50:02.519+0000] {logging_mixin.py:149} INFO - [2023-06-10T18:50:02.519+0000] {dag.py:3490} INFO - Setting next_dagrun for dbt-run to 2023-06-10T00:00:00+00:00, run_after=2023-06-11T00:00:00+00:00
[2023-06-10T18:50:02.576+0000] {processor.py:179} INFO - Processing /opt/airflow/dags/dbt_run_dag.py took 0.170 seconds
[2023-06-10T18:50:32.909+0000] {processor.py:157} INFO - Started process (PID=10078) to work on /opt/airflow/dags/dbt_run_dag.py
[2023-06-10T18:50:32.911+0000] {processor.py:826} INFO - Processing file /opt/airflow/dags/dbt_run_dag.py for tasks to queue
[2023-06-10T18:50:32.912+0000] {logging_mixin.py:149} INFO - [2023-06-10T18:50:32.912+0000] {dagbag.py:541} INFO - Filling up the DagBag from /opt/airflow/dags/dbt_run_dag.py
[2023-06-10T18:50:32.921+0000] {processor.py:836} INFO - DAG(s) dict_keys(['dbt-run']) retrieved from /opt/airflow/dags/dbt_run_dag.py
[2023-06-10T18:50:32.955+0000] {logging_mixin.py:149} INFO - [2023-06-10T18:50:32.955+0000] {dag.py:2726} INFO - Sync 1 DAGs
[2023-06-10T18:50:32.991+0000] {logging_mixin.py:149} INFO - [2023-06-10T18:50:32.991+0000] {dag.py:3490} INFO - Setting next_dagrun for dbt-run to 2023-06-10T00:00:00+00:00, run_after=2023-06-11T00:00:00+00:00
[2023-06-10T18:50:33.109+0000] {processor.py:179} INFO - Processing /opt/airflow/dags/dbt_run_dag.py took 0.210 seconds
[2023-06-10T18:51:03.246+0000] {processor.py:157} INFO - Started process (PID=10144) to work on /opt/airflow/dags/dbt_run_dag.py
[2023-06-10T18:51:03.338+0000] {processor.py:826} INFO - Processing file /opt/airflow/dags/dbt_run_dag.py for tasks to queue
[2023-06-10T18:51:03.339+0000] {logging_mixin.py:149} INFO - [2023-06-10T18:51:03.339+0000] {dagbag.py:541} INFO - Filling up the DagBag from /opt/airflow/dags/dbt_run_dag.py
[2023-06-10T18:51:03.348+0000] {processor.py:836} INFO - DAG(s) dict_keys(['dbt-run']) retrieved from /opt/airflow/dags/dbt_run_dag.py
[2023-06-10T18:51:03.391+0000] {logging_mixin.py:149} INFO - [2023-06-10T18:51:03.390+0000] {dag.py:2726} INFO - Sync 1 DAGs
[2023-06-10T18:51:03.427+0000] {logging_mixin.py:149} INFO - [2023-06-10T18:51:03.427+0000] {dag.py:3490} INFO - Setting next_dagrun for dbt-run to 2023-06-10T00:00:00+00:00, run_after=2023-06-11T00:00:00+00:00
[2023-06-10T18:51:03.457+0000] {processor.py:179} INFO - Processing /opt/airflow/dags/dbt_run_dag.py took 0.216 seconds
[2023-06-10T18:51:33.578+0000] {processor.py:157} INFO - Started process (PID=10210) to work on /opt/airflow/dags/dbt_run_dag.py
[2023-06-10T18:51:33.579+0000] {processor.py:826} INFO - Processing file /opt/airflow/dags/dbt_run_dag.py for tasks to queue
[2023-06-10T18:51:33.581+0000] {logging_mixin.py:149} INFO - [2023-06-10T18:51:33.581+0000] {dagbag.py:541} INFO - Filling up the DagBag from /opt/airflow/dags/dbt_run_dag.py
[2023-06-10T18:51:33.588+0000] {processor.py:836} INFO - DAG(s) dict_keys(['dbt-run']) retrieved from /opt/airflow/dags/dbt_run_dag.py
[2023-06-10T18:51:33.622+0000] {logging_mixin.py:149} INFO - [2023-06-10T18:51:33.622+0000] {dag.py:2726} INFO - Sync 1 DAGs
[2023-06-10T18:51:33.657+0000] {logging_mixin.py:149} INFO - [2023-06-10T18:51:33.657+0000] {dag.py:3490} INFO - Setting next_dagrun for dbt-run to 2023-06-10T00:00:00+00:00, run_after=2023-06-11T00:00:00+00:00
[2023-06-10T18:51:33.695+0000] {processor.py:179} INFO - Processing /opt/airflow/dags/dbt_run_dag.py took 0.124 seconds
