[2023-06-18T09:51:27.716+0000] {processor.py:157} INFO - Started process (PID=99) to work on /home/airflow/.local/lib/python3.7/site-packages/airflow/example_dags/example_local_kubernetes_executor.py
[2023-06-18T09:51:27.717+0000] {processor.py:826} INFO - Processing file /home/airflow/.local/lib/python3.7/site-packages/airflow/example_dags/example_local_kubernetes_executor.py for tasks to queue
[2023-06-18T09:51:27.719+0000] {logging_mixin.py:149} INFO - [2023-06-18T09:51:27.719+0000] {dagbag.py:541} INFO - Filling up the DagBag from /home/airflow/.local/lib/python3.7/site-packages/airflow/example_dags/example_local_kubernetes_executor.py
[2023-06-18T09:51:28.515+0000] {processor.py:836} INFO - DAG(s) dict_keys(['example_local_kubernetes_executor']) retrieved from /home/airflow/.local/lib/python3.7/site-packages/airflow/example_dags/example_local_kubernetes_executor.py
[2023-06-18T09:51:28.564+0000] {logging_mixin.py:149} INFO - [2023-06-18T09:51:28.563+0000] {dag.py:2726} INFO - Sync 1 DAGs
[2023-06-18T09:51:28.613+0000] {logging_mixin.py:149} INFO - [2023-06-18T09:51:28.612+0000] {dag.py:3490} INFO - Setting next_dagrun for example_local_kubernetes_executor to None, run_after=None
[2023-06-18T09:51:29.085+0000] {processor.py:179} INFO - Processing /home/airflow/.local/lib/python3.7/site-packages/airflow/example_dags/example_local_kubernetes_executor.py took 1.377 seconds
[2023-06-18T09:53:02.297+0000] {processor.py:157} INFO - Started process (PID=182) to work on /home/airflow/.local/lib/python3.7/site-packages/airflow/example_dags/example_local_kubernetes_executor.py
[2023-06-18T09:53:02.339+0000] {processor.py:826} INFO - Processing file /home/airflow/.local/lib/python3.7/site-packages/airflow/example_dags/example_local_kubernetes_executor.py for tasks to queue
[2023-06-18T09:53:02.341+0000] {logging_mixin.py:149} INFO - [2023-06-18T09:53:02.341+0000] {dagbag.py:541} INFO - Filling up the DagBag from /home/airflow/.local/lib/python3.7/site-packages/airflow/example_dags/example_local_kubernetes_executor.py
[2023-06-18T09:53:18.083+0000] {processor.py:836} INFO - DAG(s) dict_keys(['example_local_kubernetes_executor']) retrieved from /home/airflow/.local/lib/python3.7/site-packages/airflow/example_dags/example_local_kubernetes_executor.py
[2023-06-18T09:53:19.075+0000] {logging_mixin.py:149} INFO - [2023-06-18T09:53:19.075+0000] {dag.py:2726} INFO - Sync 1 DAGs
[2023-06-18T09:53:19.136+0000] {logging_mixin.py:149} INFO - [2023-06-18T09:53:19.136+0000] {dag.py:3490} INFO - Setting next_dagrun for example_local_kubernetes_executor to None, run_after=None
[2023-06-18T09:53:19.364+0000] {processor.py:179} INFO - Processing /home/airflow/.local/lib/python3.7/site-packages/airflow/example_dags/example_local_kubernetes_executor.py took 17.073 seconds
[2023-06-18T09:54:14.440+0000] {processor.py:157} INFO - Started process (PID=260) to work on /home/airflow/.local/lib/python3.7/site-packages/airflow/example_dags/example_local_kubernetes_executor.py
[2023-06-18T09:54:14.484+0000] {processor.py:826} INFO - Processing file /home/airflow/.local/lib/python3.7/site-packages/airflow/example_dags/example_local_kubernetes_executor.py for tasks to queue
[2023-06-18T09:54:14.487+0000] {logging_mixin.py:149} INFO - [2023-06-18T09:54:14.486+0000] {dagbag.py:541} INFO - Filling up the DagBag from /home/airflow/.local/lib/python3.7/site-packages/airflow/example_dags/example_local_kubernetes_executor.py
[2023-06-18T09:54:14.788+0000] {processor.py:836} INFO - DAG(s) dict_keys(['example_local_kubernetes_executor']) retrieved from /home/airflow/.local/lib/python3.7/site-packages/airflow/example_dags/example_local_kubernetes_executor.py
[2023-06-18T09:54:14.919+0000] {logging_mixin.py:149} INFO - [2023-06-18T09:54:14.919+0000] {dag.py:2726} INFO - Sync 1 DAGs
[2023-06-18T09:54:14.976+0000] {logging_mixin.py:149} INFO - [2023-06-18T09:54:14.976+0000] {dag.py:3490} INFO - Setting next_dagrun for example_local_kubernetes_executor to None, run_after=None
[2023-06-18T09:54:15.119+0000] {processor.py:179} INFO - Processing /home/airflow/.local/lib/python3.7/site-packages/airflow/example_dags/example_local_kubernetes_executor.py took 0.685 seconds
[2023-06-18T09:54:45.530+0000] {processor.py:157} INFO - Started process (PID=324) to work on /home/airflow/.local/lib/python3.7/site-packages/airflow/example_dags/example_local_kubernetes_executor.py
[2023-06-18T09:54:45.586+0000] {processor.py:826} INFO - Processing file /home/airflow/.local/lib/python3.7/site-packages/airflow/example_dags/example_local_kubernetes_executor.py for tasks to queue
[2023-06-18T09:54:45.590+0000] {logging_mixin.py:149} INFO - [2023-06-18T09:54:45.589+0000] {dagbag.py:541} INFO - Filling up the DagBag from /home/airflow/.local/lib/python3.7/site-packages/airflow/example_dags/example_local_kubernetes_executor.py
[2023-06-18T09:54:45.893+0000] {processor.py:836} INFO - DAG(s) dict_keys(['example_local_kubernetes_executor']) retrieved from /home/airflow/.local/lib/python3.7/site-packages/airflow/example_dags/example_local_kubernetes_executor.py
[2023-06-18T09:54:45.936+0000] {logging_mixin.py:149} INFO - [2023-06-18T09:54:45.935+0000] {dag.py:2726} INFO - Sync 1 DAGs
[2023-06-18T09:54:45.968+0000] {logging_mixin.py:149} INFO - [2023-06-18T09:54:45.968+0000] {dag.py:3490} INFO - Setting next_dagrun for example_local_kubernetes_executor to None, run_after=None
[2023-06-18T09:54:46.319+0000] {processor.py:179} INFO - Processing /home/airflow/.local/lib/python3.7/site-packages/airflow/example_dags/example_local_kubernetes_executor.py took 0.802 seconds
[2023-06-18T09:55:16.973+0000] {processor.py:157} INFO - Started process (PID=392) to work on /home/airflow/.local/lib/python3.7/site-packages/airflow/example_dags/example_local_kubernetes_executor.py
[2023-06-18T09:55:16.974+0000] {processor.py:826} INFO - Processing file /home/airflow/.local/lib/python3.7/site-packages/airflow/example_dags/example_local_kubernetes_executor.py for tasks to queue
[2023-06-18T09:55:16.976+0000] {logging_mixin.py:149} INFO - [2023-06-18T09:55:16.975+0000] {dagbag.py:541} INFO - Filling up the DagBag from /home/airflow/.local/lib/python3.7/site-packages/airflow/example_dags/example_local_kubernetes_executor.py
[2023-06-18T09:55:17.349+0000] {processor.py:836} INFO - DAG(s) dict_keys(['example_local_kubernetes_executor']) retrieved from /home/airflow/.local/lib/python3.7/site-packages/airflow/example_dags/example_local_kubernetes_executor.py
[2023-06-18T09:55:17.399+0000] {logging_mixin.py:149} INFO - [2023-06-18T09:55:17.398+0000] {dag.py:2726} INFO - Sync 1 DAGs
[2023-06-18T09:55:17.436+0000] {logging_mixin.py:149} INFO - [2023-06-18T09:55:17.436+0000] {dag.py:3490} INFO - Setting next_dagrun for example_local_kubernetes_executor to None, run_after=None
[2023-06-18T09:55:17.471+0000] {processor.py:179} INFO - Processing /home/airflow/.local/lib/python3.7/site-packages/airflow/example_dags/example_local_kubernetes_executor.py took 0.505 seconds
[2023-06-18T09:55:48.025+0000] {processor.py:157} INFO - Started process (PID=460) to work on /home/airflow/.local/lib/python3.7/site-packages/airflow/example_dags/example_local_kubernetes_executor.py
[2023-06-18T09:55:48.136+0000] {processor.py:826} INFO - Processing file /home/airflow/.local/lib/python3.7/site-packages/airflow/example_dags/example_local_kubernetes_executor.py for tasks to queue
[2023-06-18T09:55:48.139+0000] {logging_mixin.py:149} INFO - [2023-06-18T09:55:48.138+0000] {dagbag.py:541} INFO - Filling up the DagBag from /home/airflow/.local/lib/python3.7/site-packages/airflow/example_dags/example_local_kubernetes_executor.py
[2023-06-18T09:55:48.541+0000] {processor.py:836} INFO - DAG(s) dict_keys(['example_local_kubernetes_executor']) retrieved from /home/airflow/.local/lib/python3.7/site-packages/airflow/example_dags/example_local_kubernetes_executor.py
[2023-06-18T09:55:48.604+0000] {logging_mixin.py:149} INFO - [2023-06-18T09:55:48.604+0000] {dag.py:2726} INFO - Sync 1 DAGs
[2023-06-18T09:55:48.648+0000] {logging_mixin.py:149} INFO - [2023-06-18T09:55:48.648+0000] {dag.py:3490} INFO - Setting next_dagrun for example_local_kubernetes_executor to None, run_after=None
[2023-06-18T09:55:48.714+0000] {processor.py:179} INFO - Processing /home/airflow/.local/lib/python3.7/site-packages/airflow/example_dags/example_local_kubernetes_executor.py took 0.694 seconds
[2023-06-18T09:56:18.756+0000] {processor.py:157} INFO - Started process (PID=530) to work on /home/airflow/.local/lib/python3.7/site-packages/airflow/example_dags/example_local_kubernetes_executor.py
[2023-06-18T09:56:18.757+0000] {processor.py:826} INFO - Processing file /home/airflow/.local/lib/python3.7/site-packages/airflow/example_dags/example_local_kubernetes_executor.py for tasks to queue
[2023-06-18T09:56:18.758+0000] {logging_mixin.py:149} INFO - [2023-06-18T09:56:18.758+0000] {dagbag.py:541} INFO - Filling up the DagBag from /home/airflow/.local/lib/python3.7/site-packages/airflow/example_dags/example_local_kubernetes_executor.py
[2023-06-18T09:56:19.063+0000] {processor.py:836} INFO - DAG(s) dict_keys(['example_local_kubernetes_executor']) retrieved from /home/airflow/.local/lib/python3.7/site-packages/airflow/example_dags/example_local_kubernetes_executor.py
[2023-06-18T09:56:19.107+0000] {logging_mixin.py:149} INFO - [2023-06-18T09:56:19.107+0000] {dag.py:2726} INFO - Sync 1 DAGs
[2023-06-18T09:56:19.140+0000] {logging_mixin.py:149} INFO - [2023-06-18T09:56:19.140+0000] {dag.py:3490} INFO - Setting next_dagrun for example_local_kubernetes_executor to None, run_after=None
[2023-06-18T09:56:19.176+0000] {processor.py:179} INFO - Processing /home/airflow/.local/lib/python3.7/site-packages/airflow/example_dags/example_local_kubernetes_executor.py took 0.423 seconds
