[2023-06-18T09:51:22.826+0000] {processor.py:157} INFO - Started process (PID=81) to work on /home/airflow/.local/lib/python3.7/site-packages/airflow/example_dags/example_branch_operator.py
[2023-06-18T09:51:22.827+0000] {processor.py:826} INFO - Processing file /home/airflow/.local/lib/python3.7/site-packages/airflow/example_dags/example_branch_operator.py for tasks to queue
[2023-06-18T09:51:22.828+0000] {logging_mixin.py:149} INFO - [2023-06-18T09:51:22.828+0000] {dagbag.py:541} INFO - Filling up the DagBag from /home/airflow/.local/lib/python3.7/site-packages/airflow/example_dags/example_branch_operator.py
[2023-06-18T09:51:22.866+0000] {processor.py:836} INFO - DAG(s) dict_keys(['example_branch_operator']) retrieved from /home/airflow/.local/lib/python3.7/site-packages/airflow/example_dags/example_branch_operator.py
[2023-06-18T09:51:22.914+0000] {logging_mixin.py:149} INFO - [2023-06-18T09:51:22.913+0000] {dag.py:2726} INFO - Sync 1 DAGs
[2023-06-18T09:51:22.970+0000] {logging_mixin.py:149} INFO - [2023-06-18T09:51:22.970+0000] {dag.py:3490} INFO - Setting next_dagrun for example_branch_operator to 2023-06-17T00:00:00+00:00, run_after=2023-06-18T00:00:00+00:00
[2023-06-18T09:51:23.098+0000] {processor.py:179} INFO - Processing /home/airflow/.local/lib/python3.7/site-packages/airflow/example_dags/example_branch_operator.py took 0.278 seconds
[2023-06-18T09:52:51.773+0000] {processor.py:157} INFO - Started process (PID=156) to work on /home/airflow/.local/lib/python3.7/site-packages/airflow/example_dags/example_branch_operator.py
[2023-06-18T09:52:51.864+0000] {processor.py:826} INFO - Processing file /home/airflow/.local/lib/python3.7/site-packages/airflow/example_dags/example_branch_operator.py for tasks to queue
[2023-06-18T09:52:51.866+0000] {logging_mixin.py:149} INFO - [2023-06-18T09:52:51.866+0000] {dagbag.py:541} INFO - Filling up the DagBag from /home/airflow/.local/lib/python3.7/site-packages/airflow/example_dags/example_branch_operator.py
[2023-06-18T09:52:51.902+0000] {processor.py:836} INFO - DAG(s) dict_keys(['example_branch_operator']) retrieved from /home/airflow/.local/lib/python3.7/site-packages/airflow/example_dags/example_branch_operator.py
[2023-06-18T09:52:51.954+0000] {logging_mixin.py:149} INFO - [2023-06-18T09:52:51.954+0000] {dag.py:2726} INFO - Sync 1 DAGs
[2023-06-18T09:52:52.158+0000] {logging_mixin.py:149} INFO - [2023-06-18T09:52:52.158+0000] {dag.py:3490} INFO - Setting next_dagrun for example_branch_operator to 2023-06-17T00:00:00+00:00, run_after=2023-06-18T00:00:00+00:00
[2023-06-18T09:52:52.314+0000] {processor.py:179} INFO - Processing /home/airflow/.local/lib/python3.7/site-packages/airflow/example_dags/example_branch_operator.py took 0.546 seconds
[2023-06-18T09:54:06.748+0000] {processor.py:157} INFO - Started process (PID=242) to work on /home/airflow/.local/lib/python3.7/site-packages/airflow/example_dags/example_branch_operator.py
[2023-06-18T09:54:06.775+0000] {processor.py:826} INFO - Processing file /home/airflow/.local/lib/python3.7/site-packages/airflow/example_dags/example_branch_operator.py for tasks to queue
[2023-06-18T09:54:06.777+0000] {logging_mixin.py:149} INFO - [2023-06-18T09:54:06.777+0000] {dagbag.py:541} INFO - Filling up the DagBag from /home/airflow/.local/lib/python3.7/site-packages/airflow/example_dags/example_branch_operator.py
[2023-06-18T09:54:06.801+0000] {processor.py:836} INFO - DAG(s) dict_keys(['example_branch_operator']) retrieved from /home/airflow/.local/lib/python3.7/site-packages/airflow/example_dags/example_branch_operator.py
[2023-06-18T09:54:06.841+0000] {logging_mixin.py:149} INFO - [2023-06-18T09:54:06.841+0000] {dag.py:2726} INFO - Sync 1 DAGs
[2023-06-18T09:54:06.879+0000] {logging_mixin.py:149} INFO - [2023-06-18T09:54:06.879+0000] {dag.py:3490} INFO - Setting next_dagrun for example_branch_operator to 2023-06-17T00:00:00+00:00, run_after=2023-06-18T00:00:00+00:00
[2023-06-18T09:54:07.077+0000] {processor.py:179} INFO - Processing /home/airflow/.local/lib/python3.7/site-packages/airflow/example_dags/example_branch_operator.py took 0.334 seconds
[2023-06-18T09:54:37.905+0000] {processor.py:157} INFO - Started process (PID=306) to work on /home/airflow/.local/lib/python3.7/site-packages/airflow/example_dags/example_branch_operator.py
[2023-06-18T09:54:37.906+0000] {processor.py:826} INFO - Processing file /home/airflow/.local/lib/python3.7/site-packages/airflow/example_dags/example_branch_operator.py for tasks to queue
[2023-06-18T09:54:37.907+0000] {logging_mixin.py:149} INFO - [2023-06-18T09:54:37.907+0000] {dagbag.py:541} INFO - Filling up the DagBag from /home/airflow/.local/lib/python3.7/site-packages/airflow/example_dags/example_branch_operator.py
[2023-06-18T09:54:37.922+0000] {processor.py:836} INFO - DAG(s) dict_keys(['example_branch_operator']) retrieved from /home/airflow/.local/lib/python3.7/site-packages/airflow/example_dags/example_branch_operator.py
[2023-06-18T09:54:37.960+0000] {logging_mixin.py:149} INFO - [2023-06-18T09:54:37.960+0000] {dag.py:2726} INFO - Sync 1 DAGs
[2023-06-18T09:54:38.004+0000] {logging_mixin.py:149} INFO - [2023-06-18T09:54:38.004+0000] {dag.py:3490} INFO - Setting next_dagrun for example_branch_operator to 2023-06-17T00:00:00+00:00, run_after=2023-06-18T00:00:00+00:00
[2023-06-18T09:54:38.111+0000] {processor.py:179} INFO - Processing /home/airflow/.local/lib/python3.7/site-packages/airflow/example_dags/example_branch_operator.py took 0.214 seconds
[2023-06-18T09:55:08.422+0000] {processor.py:157} INFO - Started process (PID=374) to work on /home/airflow/.local/lib/python3.7/site-packages/airflow/example_dags/example_branch_operator.py
[2023-06-18T09:55:08.441+0000] {processor.py:826} INFO - Processing file /home/airflow/.local/lib/python3.7/site-packages/airflow/example_dags/example_branch_operator.py for tasks to queue
[2023-06-18T09:55:08.442+0000] {logging_mixin.py:149} INFO - [2023-06-18T09:55:08.441+0000] {dagbag.py:541} INFO - Filling up the DagBag from /home/airflow/.local/lib/python3.7/site-packages/airflow/example_dags/example_branch_operator.py
[2023-06-18T09:55:08.454+0000] {processor.py:836} INFO - DAG(s) dict_keys(['example_branch_operator']) retrieved from /home/airflow/.local/lib/python3.7/site-packages/airflow/example_dags/example_branch_operator.py
[2023-06-18T09:55:08.497+0000] {logging_mixin.py:149} INFO - [2023-06-18T09:55:08.496+0000] {dag.py:2726} INFO - Sync 1 DAGs
[2023-06-18T09:55:08.545+0000] {logging_mixin.py:149} INFO - [2023-06-18T09:55:08.544+0000] {dag.py:3490} INFO - Setting next_dagrun for example_branch_operator to 2023-06-17T00:00:00+00:00, run_after=2023-06-18T00:00:00+00:00
[2023-06-18T09:55:08.605+0000] {processor.py:179} INFO - Processing /home/airflow/.local/lib/python3.7/site-packages/airflow/example_dags/example_branch_operator.py took 0.190 seconds
[2023-06-18T09:55:40.134+0000] {processor.py:157} INFO - Started process (PID=441) to work on /home/airflow/.local/lib/python3.7/site-packages/airflow/example_dags/example_branch_operator.py
[2023-06-18T09:55:40.162+0000] {processor.py:826} INFO - Processing file /home/airflow/.local/lib/python3.7/site-packages/airflow/example_dags/example_branch_operator.py for tasks to queue
[2023-06-18T09:55:40.163+0000] {logging_mixin.py:149} INFO - [2023-06-18T09:55:40.163+0000] {dagbag.py:541} INFO - Filling up the DagBag from /home/airflow/.local/lib/python3.7/site-packages/airflow/example_dags/example_branch_operator.py
[2023-06-18T09:55:40.181+0000] {processor.py:836} INFO - DAG(s) dict_keys(['example_branch_operator']) retrieved from /home/airflow/.local/lib/python3.7/site-packages/airflow/example_dags/example_branch_operator.py
[2023-06-18T09:55:40.223+0000] {logging_mixin.py:149} INFO - [2023-06-18T09:55:40.222+0000] {dag.py:2726} INFO - Sync 1 DAGs
[2023-06-18T09:55:40.279+0000] {logging_mixin.py:149} INFO - [2023-06-18T09:55:40.279+0000] {dag.py:3490} INFO - Setting next_dagrun for example_branch_operator to 2023-06-17T00:00:00+00:00, run_after=2023-06-18T00:00:00+00:00
[2023-06-18T09:55:40.355+0000] {processor.py:179} INFO - Processing /home/airflow/.local/lib/python3.7/site-packages/airflow/example_dags/example_branch_operator.py took 0.226 seconds
[2023-06-18T09:56:10.556+0000] {processor.py:157} INFO - Started process (PID=509) to work on /home/airflow/.local/lib/python3.7/site-packages/airflow/example_dags/example_branch_operator.py
[2023-06-18T09:56:10.557+0000] {processor.py:826} INFO - Processing file /home/airflow/.local/lib/python3.7/site-packages/airflow/example_dags/example_branch_operator.py for tasks to queue
[2023-06-18T09:56:10.558+0000] {logging_mixin.py:149} INFO - [2023-06-18T09:56:10.558+0000] {dagbag.py:541} INFO - Filling up the DagBag from /home/airflow/.local/lib/python3.7/site-packages/airflow/example_dags/example_branch_operator.py
[2023-06-18T09:56:10.571+0000] {processor.py:836} INFO - DAG(s) dict_keys(['example_branch_operator']) retrieved from /home/airflow/.local/lib/python3.7/site-packages/airflow/example_dags/example_branch_operator.py
[2023-06-18T09:56:10.605+0000] {logging_mixin.py:149} INFO - [2023-06-18T09:56:10.604+0000] {dag.py:2726} INFO - Sync 1 DAGs
[2023-06-18T09:56:10.648+0000] {logging_mixin.py:149} INFO - [2023-06-18T09:56:10.648+0000] {dag.py:3490} INFO - Setting next_dagrun for example_branch_operator to 2023-06-17T00:00:00+00:00, run_after=2023-06-18T00:00:00+00:00
[2023-06-18T09:56:10.697+0000] {processor.py:179} INFO - Processing /home/airflow/.local/lib/python3.7/site-packages/airflow/example_dags/example_branch_operator.py took 0.145 seconds
