[2023-06-18T09:51:27.263+0000] {processor.py:157} INFO - Started process (PID=97) to work on /home/airflow/.local/lib/python3.7/site-packages/airflow/example_dags/example_sensors.py
[2023-06-18T09:51:27.265+0000] {processor.py:826} INFO - Processing file /home/airflow/.local/lib/python3.7/site-packages/airflow/example_dags/example_sensors.py for tasks to queue
[2023-06-18T09:51:27.268+0000] {logging_mixin.py:149} INFO - [2023-06-18T09:51:27.267+0000] {dagbag.py:541} INFO - Filling up the DagBag from /home/airflow/.local/lib/python3.7/site-packages/airflow/example_dags/example_sensors.py
[2023-06-18T09:51:27.285+0000] {processor.py:836} INFO - DAG(s) dict_keys(['example_sensors']) retrieved from /home/airflow/.local/lib/python3.7/site-packages/airflow/example_dags/example_sensors.py
[2023-06-18T09:51:27.336+0000] {logging_mixin.py:149} INFO - [2023-06-18T09:51:27.335+0000] {dag.py:2726} INFO - Sync 1 DAGs
[2023-06-18T09:51:27.375+0000] {logging_mixin.py:149} INFO - [2023-06-18T09:51:27.375+0000] {dag.py:3490} INFO - Setting next_dagrun for example_sensors to None, run_after=None
[2023-06-18T09:51:27.487+0000] {processor.py:179} INFO - Processing /home/airflow/.local/lib/python3.7/site-packages/airflow/example_dags/example_sensors.py took 0.237 seconds
[2023-06-18T09:53:01.422+0000] {processor.py:157} INFO - Started process (PID=180) to work on /home/airflow/.local/lib/python3.7/site-packages/airflow/example_dags/example_sensors.py
[2023-06-18T09:53:01.465+0000] {processor.py:826} INFO - Processing file /home/airflow/.local/lib/python3.7/site-packages/airflow/example_dags/example_sensors.py for tasks to queue
[2023-06-18T09:53:01.469+0000] {logging_mixin.py:149} INFO - [2023-06-18T09:53:01.468+0000] {dagbag.py:541} INFO - Filling up the DagBag from /home/airflow/.local/lib/python3.7/site-packages/airflow/example_dags/example_sensors.py
[2023-06-18T09:53:01.789+0000] {processor.py:836} INFO - DAG(s) dict_keys(['example_sensors']) retrieved from /home/airflow/.local/lib/python3.7/site-packages/airflow/example_dags/example_sensors.py
[2023-06-18T09:53:02.036+0000] {logging_mixin.py:149} INFO - [2023-06-18T09:53:02.035+0000] {dag.py:2726} INFO - Sync 1 DAGs
[2023-06-18T09:53:02.094+0000] {logging_mixin.py:149} INFO - [2023-06-18T09:53:02.093+0000] {dag.py:3490} INFO - Setting next_dagrun for example_sensors to None, run_after=None
[2023-06-18T09:53:02.227+0000] {processor.py:179} INFO - Processing /home/airflow/.local/lib/python3.7/site-packages/airflow/example_dags/example_sensors.py took 0.811 seconds
[2023-06-18T09:54:13.740+0000] {processor.py:157} INFO - Started process (PID=258) to work on /home/airflow/.local/lib/python3.7/site-packages/airflow/example_dags/example_sensors.py
[2023-06-18T09:54:13.742+0000] {processor.py:826} INFO - Processing file /home/airflow/.local/lib/python3.7/site-packages/airflow/example_dags/example_sensors.py for tasks to queue
[2023-06-18T09:54:13.742+0000] {logging_mixin.py:149} INFO - [2023-06-18T09:54:13.742+0000] {dagbag.py:541} INFO - Filling up the DagBag from /home/airflow/.local/lib/python3.7/site-packages/airflow/example_dags/example_sensors.py
[2023-06-18T09:54:13.755+0000] {processor.py:836} INFO - DAG(s) dict_keys(['example_sensors']) retrieved from /home/airflow/.local/lib/python3.7/site-packages/airflow/example_dags/example_sensors.py
[2023-06-18T09:54:13.814+0000] {logging_mixin.py:149} INFO - [2023-06-18T09:54:13.814+0000] {dag.py:2726} INFO - Sync 1 DAGs
[2023-06-18T09:54:13.866+0000] {logging_mixin.py:149} INFO - [2023-06-18T09:54:13.865+0000] {dag.py:3490} INFO - Setting next_dagrun for example_sensors to None, run_after=None
[2023-06-18T09:54:13.979+0000] {processor.py:179} INFO - Processing /home/airflow/.local/lib/python3.7/site-packages/airflow/example_dags/example_sensors.py took 0.243 seconds
[2023-06-18T09:54:44.243+0000] {processor.py:157} INFO - Started process (PID=322) to work on /home/airflow/.local/lib/python3.7/site-packages/airflow/example_dags/example_sensors.py
[2023-06-18T09:54:44.244+0000] {processor.py:826} INFO - Processing file /home/airflow/.local/lib/python3.7/site-packages/airflow/example_dags/example_sensors.py for tasks to queue
[2023-06-18T09:54:44.245+0000] {logging_mixin.py:149} INFO - [2023-06-18T09:54:44.245+0000] {dagbag.py:541} INFO - Filling up the DagBag from /home/airflow/.local/lib/python3.7/site-packages/airflow/example_dags/example_sensors.py
[2023-06-18T09:54:44.257+0000] {processor.py:836} INFO - DAG(s) dict_keys(['example_sensors']) retrieved from /home/airflow/.local/lib/python3.7/site-packages/airflow/example_dags/example_sensors.py
[2023-06-18T09:54:44.293+0000] {logging_mixin.py:149} INFO - [2023-06-18T09:54:44.293+0000] {dag.py:2726} INFO - Sync 1 DAGs
[2023-06-18T09:54:44.326+0000] {logging_mixin.py:149} INFO - [2023-06-18T09:54:44.326+0000] {dag.py:3490} INFO - Setting next_dagrun for example_sensors to None, run_after=None
[2023-06-18T09:54:44.449+0000] {processor.py:179} INFO - Processing /home/airflow/.local/lib/python3.7/site-packages/airflow/example_dags/example_sensors.py took 0.210 seconds
[2023-06-18T09:55:14.633+0000] {processor.py:157} INFO - Started process (PID=390) to work on /home/airflow/.local/lib/python3.7/site-packages/airflow/example_dags/example_sensors.py
[2023-06-18T09:55:14.655+0000] {processor.py:826} INFO - Processing file /home/airflow/.local/lib/python3.7/site-packages/airflow/example_dags/example_sensors.py for tasks to queue
[2023-06-18T09:55:14.657+0000] {logging_mixin.py:149} INFO - [2023-06-18T09:55:14.656+0000] {dagbag.py:541} INFO - Filling up the DagBag from /home/airflow/.local/lib/python3.7/site-packages/airflow/example_dags/example_sensors.py
[2023-06-18T09:55:14.681+0000] {processor.py:836} INFO - DAG(s) dict_keys(['example_sensors']) retrieved from /home/airflow/.local/lib/python3.7/site-packages/airflow/example_dags/example_sensors.py
[2023-06-18T09:55:14.731+0000] {logging_mixin.py:149} INFO - [2023-06-18T09:55:14.730+0000] {dag.py:2726} INFO - Sync 1 DAGs
[2023-06-18T09:55:14.775+0000] {logging_mixin.py:149} INFO - [2023-06-18T09:55:14.774+0000] {dag.py:3490} INFO - Setting next_dagrun for example_sensors to None, run_after=None
[2023-06-18T09:55:14.890+0000] {processor.py:179} INFO - Processing /home/airflow/.local/lib/python3.7/site-packages/airflow/example_dags/example_sensors.py took 0.271 seconds
[2023-06-18T09:55:45.810+0000] {processor.py:157} INFO - Started process (PID=458) to work on /home/airflow/.local/lib/python3.7/site-packages/airflow/example_dags/example_sensors.py
[2023-06-18T09:55:45.834+0000] {processor.py:826} INFO - Processing file /home/airflow/.local/lib/python3.7/site-packages/airflow/example_dags/example_sensors.py for tasks to queue
[2023-06-18T09:55:45.836+0000] {logging_mixin.py:149} INFO - [2023-06-18T09:55:45.836+0000] {dagbag.py:541} INFO - Filling up the DagBag from /home/airflow/.local/lib/python3.7/site-packages/airflow/example_dags/example_sensors.py
[2023-06-18T09:55:45.859+0000] {processor.py:836} INFO - DAG(s) dict_keys(['example_sensors']) retrieved from /home/airflow/.local/lib/python3.7/site-packages/airflow/example_dags/example_sensors.py
[2023-06-18T09:55:45.898+0000] {logging_mixin.py:149} INFO - [2023-06-18T09:55:45.897+0000] {dag.py:2726} INFO - Sync 1 DAGs
[2023-06-18T09:55:45.931+0000] {logging_mixin.py:149} INFO - [2023-06-18T09:55:45.931+0000] {dag.py:3490} INFO - Setting next_dagrun for example_sensors to None, run_after=None
[2023-06-18T09:55:45.959+0000] {processor.py:179} INFO - Processing /home/airflow/.local/lib/python3.7/site-packages/airflow/example_dags/example_sensors.py took 0.154 seconds
[2023-06-18T09:56:16.099+0000] {processor.py:157} INFO - Started process (PID=526) to work on /home/airflow/.local/lib/python3.7/site-packages/airflow/example_dags/example_sensors.py
[2023-06-18T09:56:16.100+0000] {processor.py:826} INFO - Processing file /home/airflow/.local/lib/python3.7/site-packages/airflow/example_dags/example_sensors.py for tasks to queue
[2023-06-18T09:56:16.101+0000] {logging_mixin.py:149} INFO - [2023-06-18T09:56:16.101+0000] {dagbag.py:541} INFO - Filling up the DagBag from /home/airflow/.local/lib/python3.7/site-packages/airflow/example_dags/example_sensors.py
[2023-06-18T09:56:16.114+0000] {processor.py:836} INFO - DAG(s) dict_keys(['example_sensors']) retrieved from /home/airflow/.local/lib/python3.7/site-packages/airflow/example_dags/example_sensors.py
[2023-06-18T09:56:16.152+0000] {logging_mixin.py:149} INFO - [2023-06-18T09:56:16.151+0000] {dag.py:2726} INFO - Sync 1 DAGs
[2023-06-18T09:56:16.187+0000] {logging_mixin.py:149} INFO - [2023-06-18T09:56:16.186+0000] {dag.py:3490} INFO - Setting next_dagrun for example_sensors to None, run_after=None
[2023-06-18T09:56:16.238+0000] {processor.py:179} INFO - Processing /home/airflow/.local/lib/python3.7/site-packages/airflow/example_dags/example_sensors.py took 0.144 seconds
