[2023-06-18T09:51:20.555+0000] {processor.py:157} INFO - Started process (PID=75) to work on /home/airflow/.local/lib/python3.7/site-packages/airflow/example_dags/example_branch_labels.py
[2023-06-18T09:51:20.556+0000] {processor.py:826} INFO - Processing file /home/airflow/.local/lib/python3.7/site-packages/airflow/example_dags/example_branch_labels.py for tasks to queue
[2023-06-18T09:51:20.557+0000] {logging_mixin.py:149} INFO - [2023-06-18T09:51:20.557+0000] {dagbag.py:541} INFO - Filling up the DagBag from /home/airflow/.local/lib/python3.7/site-packages/airflow/example_dags/example_branch_labels.py
[2023-06-18T09:51:20.761+0000] {processor.py:836} INFO - DAG(s) dict_keys(['example_branch_labels']) retrieved from /home/airflow/.local/lib/python3.7/site-packages/airflow/example_dags/example_branch_labels.py
[2023-06-18T09:51:20.824+0000] {logging_mixin.py:149} INFO - [2023-06-18T09:51:20.823+0000] {dag.py:2726} INFO - Sync 1 DAGs
[2023-06-18T09:51:20.876+0000] {logging_mixin.py:149} INFO - [2023-06-18T09:51:20.876+0000] {dag.py:3490} INFO - Setting next_dagrun for example_branch_labels to 2023-06-17T00:00:00+00:00, run_after=2023-06-18T00:00:00+00:00
[2023-06-18T09:51:21.091+0000] {processor.py:179} INFO - Processing /home/airflow/.local/lib/python3.7/site-packages/airflow/example_dags/example_branch_labels.py took 0.541 seconds
[2023-06-18T09:52:32.638+0000] {processor.py:157} INFO - Started process (PID=150) to work on /home/airflow/.local/lib/python3.7/site-packages/airflow/example_dags/example_branch_labels.py
[2023-06-18T09:52:32.681+0000] {processor.py:826} INFO - Processing file /home/airflow/.local/lib/python3.7/site-packages/airflow/example_dags/example_branch_labels.py for tasks to queue
[2023-06-18T09:52:33.042+0000] {logging_mixin.py:149} INFO - [2023-06-18T09:52:33.041+0000] {dagbag.py:541} INFO - Filling up the DagBag from /home/airflow/.local/lib/python3.7/site-packages/airflow/example_dags/example_branch_labels.py
[2023-06-18T09:52:33.850+0000] {processor.py:836} INFO - DAG(s) dict_keys(['example_branch_labels']) retrieved from /home/airflow/.local/lib/python3.7/site-packages/airflow/example_dags/example_branch_labels.py
[2023-06-18T09:52:34.567+0000] {logging_mixin.py:149} INFO - [2023-06-18T09:52:34.567+0000] {dag.py:2726} INFO - Sync 1 DAGs
[2023-06-18T09:52:34.903+0000] {logging_mixin.py:149} INFO - [2023-06-18T09:52:34.902+0000] {dag.py:3490} INFO - Setting next_dagrun for example_branch_labels to 2023-06-17T00:00:00+00:00, run_after=2023-06-18T00:00:00+00:00
[2023-06-18T09:52:43.267+0000] {processor.py:179} INFO - Processing /home/airflow/.local/lib/python3.7/site-packages/airflow/example_dags/example_branch_labels.py took 10.638 seconds
[2023-06-18T09:54:03.899+0000] {processor.py:157} INFO - Started process (PID=229) to work on /home/airflow/.local/lib/python3.7/site-packages/airflow/example_dags/example_branch_labels.py
[2023-06-18T09:54:04.119+0000] {processor.py:826} INFO - Processing file /home/airflow/.local/lib/python3.7/site-packages/airflow/example_dags/example_branch_labels.py for tasks to queue
[2023-06-18T09:54:04.121+0000] {logging_mixin.py:149} INFO - [2023-06-18T09:54:04.121+0000] {dagbag.py:541} INFO - Filling up the DagBag from /home/airflow/.local/lib/python3.7/site-packages/airflow/example_dags/example_branch_labels.py
[2023-06-18T09:54:04.160+0000] {processor.py:836} INFO - DAG(s) dict_keys(['example_branch_labels']) retrieved from /home/airflow/.local/lib/python3.7/site-packages/airflow/example_dags/example_branch_labels.py
[2023-06-18T09:54:04.556+0000] {logging_mixin.py:149} INFO - [2023-06-18T09:54:04.556+0000] {dag.py:2726} INFO - Sync 1 DAGs
[2023-06-18T09:54:04.599+0000] {logging_mixin.py:149} INFO - [2023-06-18T09:54:04.599+0000] {dag.py:3490} INFO - Setting next_dagrun for example_branch_labels to 2023-06-17T00:00:00+00:00, run_after=2023-06-18T00:00:00+00:00
[2023-06-18T09:54:04.748+0000] {processor.py:179} INFO - Processing /home/airflow/.local/lib/python3.7/site-packages/airflow/example_dags/example_branch_labels.py took 1.065 seconds
[2023-06-18T09:54:35.367+0000] {processor.py:157} INFO - Started process (PID=293) to work on /home/airflow/.local/lib/python3.7/site-packages/airflow/example_dags/example_branch_labels.py
[2023-06-18T09:54:35.395+0000] {processor.py:826} INFO - Processing file /home/airflow/.local/lib/python3.7/site-packages/airflow/example_dags/example_branch_labels.py for tasks to queue
[2023-06-18T09:54:35.396+0000] {logging_mixin.py:149} INFO - [2023-06-18T09:54:35.396+0000] {dagbag.py:541} INFO - Filling up the DagBag from /home/airflow/.local/lib/python3.7/site-packages/airflow/example_dags/example_branch_labels.py
[2023-06-18T09:54:35.409+0000] {processor.py:836} INFO - DAG(s) dict_keys(['example_branch_labels']) retrieved from /home/airflow/.local/lib/python3.7/site-packages/airflow/example_dags/example_branch_labels.py
[2023-06-18T09:54:35.442+0000] {logging_mixin.py:149} INFO - [2023-06-18T09:54:35.442+0000] {dag.py:2726} INFO - Sync 1 DAGs
[2023-06-18T09:54:35.482+0000] {logging_mixin.py:149} INFO - [2023-06-18T09:54:35.482+0000] {dag.py:3490} INFO - Setting next_dagrun for example_branch_labels to 2023-06-17T00:00:00+00:00, run_after=2023-06-18T00:00:00+00:00
[2023-06-18T09:54:35.557+0000] {processor.py:179} INFO - Processing /home/airflow/.local/lib/python3.7/site-packages/airflow/example_dags/example_branch_labels.py took 0.195 seconds
[2023-06-18T09:55:05.964+0000] {processor.py:157} INFO - Started process (PID=361) to work on /home/airflow/.local/lib/python3.7/site-packages/airflow/example_dags/example_branch_labels.py
[2023-06-18T09:55:05.982+0000] {processor.py:826} INFO - Processing file /home/airflow/.local/lib/python3.7/site-packages/airflow/example_dags/example_branch_labels.py for tasks to queue
[2023-06-18T09:55:05.983+0000] {logging_mixin.py:149} INFO - [2023-06-18T09:55:05.982+0000] {dagbag.py:541} INFO - Filling up the DagBag from /home/airflow/.local/lib/python3.7/site-packages/airflow/example_dags/example_branch_labels.py
[2023-06-18T09:55:05.993+0000] {processor.py:836} INFO - DAG(s) dict_keys(['example_branch_labels']) retrieved from /home/airflow/.local/lib/python3.7/site-packages/airflow/example_dags/example_branch_labels.py
[2023-06-18T09:55:06.031+0000] {logging_mixin.py:149} INFO - [2023-06-18T09:55:06.030+0000] {dag.py:2726} INFO - Sync 1 DAGs
[2023-06-18T09:55:06.071+0000] {logging_mixin.py:149} INFO - [2023-06-18T09:55:06.071+0000] {dag.py:3490} INFO - Setting next_dagrun for example_branch_labels to 2023-06-17T00:00:00+00:00, run_after=2023-06-18T00:00:00+00:00
[2023-06-18T09:55:06.114+0000] {processor.py:179} INFO - Processing /home/airflow/.local/lib/python3.7/site-packages/airflow/example_dags/example_branch_labels.py took 0.154 seconds
[2023-06-18T09:55:39.437+0000] {processor.py:157} INFO - Started process (PID=435) to work on /home/airflow/.local/lib/python3.7/site-packages/airflow/example_dags/example_branch_labels.py
[2023-06-18T09:55:39.474+0000] {processor.py:826} INFO - Processing file /home/airflow/.local/lib/python3.7/site-packages/airflow/example_dags/example_branch_labels.py for tasks to queue
[2023-06-18T09:55:39.475+0000] {logging_mixin.py:149} INFO - [2023-06-18T09:55:39.475+0000] {dagbag.py:541} INFO - Filling up the DagBag from /home/airflow/.local/lib/python3.7/site-packages/airflow/example_dags/example_branch_labels.py
[2023-06-18T09:55:39.538+0000] {processor.py:836} INFO - DAG(s) dict_keys(['example_branch_labels']) retrieved from /home/airflow/.local/lib/python3.7/site-packages/airflow/example_dags/example_branch_labels.py
[2023-06-18T09:55:39.592+0000] {logging_mixin.py:149} INFO - [2023-06-18T09:55:39.592+0000] {dag.py:2726} INFO - Sync 1 DAGs
[2023-06-18T09:55:39.660+0000] {logging_mixin.py:149} INFO - [2023-06-18T09:55:39.660+0000] {dag.py:3490} INFO - Setting next_dagrun for example_branch_labels to 2023-06-17T00:00:00+00:00, run_after=2023-06-18T00:00:00+00:00
[2023-06-18T09:55:39.717+0000] {processor.py:179} INFO - Processing /home/airflow/.local/lib/python3.7/site-packages/airflow/example_dags/example_branch_labels.py took 0.284 seconds
[2023-06-18T09:56:09.790+0000] {processor.py:157} INFO - Started process (PID=502) to work on /home/airflow/.local/lib/python3.7/site-packages/airflow/example_dags/example_branch_labels.py
[2023-06-18T09:56:09.910+0000] {processor.py:826} INFO - Processing file /home/airflow/.local/lib/python3.7/site-packages/airflow/example_dags/example_branch_labels.py for tasks to queue
[2023-06-18T09:56:09.913+0000] {logging_mixin.py:149} INFO - [2023-06-18T09:56:09.913+0000] {dagbag.py:541} INFO - Filling up the DagBag from /home/airflow/.local/lib/python3.7/site-packages/airflow/example_dags/example_branch_labels.py
[2023-06-18T09:56:09.959+0000] {processor.py:836} INFO - DAG(s) dict_keys(['example_branch_labels']) retrieved from /home/airflow/.local/lib/python3.7/site-packages/airflow/example_dags/example_branch_labels.py
[2023-06-18T09:56:10.056+0000] {logging_mixin.py:149} INFO - [2023-06-18T09:56:10.056+0000] {dag.py:2726} INFO - Sync 1 DAGs
[2023-06-18T09:56:10.107+0000] {logging_mixin.py:149} INFO - [2023-06-18T09:56:10.107+0000] {dag.py:3490} INFO - Setting next_dagrun for example_branch_labels to 2023-06-17T00:00:00+00:00, run_after=2023-06-18T00:00:00+00:00
[2023-06-18T09:56:10.158+0000] {processor.py:179} INFO - Processing /home/airflow/.local/lib/python3.7/site-packages/airflow/example_dags/example_branch_labels.py took 0.372 seconds
