[2023-06-18T09:51:28.507+0000] {processor.py:157} INFO - Started process (PID=101) to work on /home/airflow/.local/lib/python3.7/site-packages/airflow/example_dags/example_latest_only.py
[2023-06-18T09:51:28.508+0000] {processor.py:826} INFO - Processing file /home/airflow/.local/lib/python3.7/site-packages/airflow/example_dags/example_latest_only.py for tasks to queue
[2023-06-18T09:51:28.509+0000] {logging_mixin.py:149} INFO - [2023-06-18T09:51:28.509+0000] {dagbag.py:541} INFO - Filling up the DagBag from /home/airflow/.local/lib/python3.7/site-packages/airflow/example_dags/example_latest_only.py
[2023-06-18T09:51:28.516+0000] {processor.py:836} INFO - DAG(s) dict_keys(['latest_only']) retrieved from /home/airflow/.local/lib/python3.7/site-packages/airflow/example_dags/example_latest_only.py
[2023-06-18T09:51:28.558+0000] {logging_mixin.py:149} INFO - [2023-06-18T09:51:28.557+0000] {dag.py:2726} INFO - Sync 1 DAGs
[2023-06-18T09:51:28.600+0000] {logging_mixin.py:149} INFO - [2023-06-18T09:51:28.599+0000] {dag.py:3490} INFO - Setting next_dagrun for latest_only to 2023-06-18T05:51:28.599138+00:00, run_after=2023-06-18T09:51:28.599138+00:00
[2023-06-18T09:51:29.006+0000] {processor.py:179} INFO - Processing /home/airflow/.local/lib/python3.7/site-packages/airflow/example_dags/example_latest_only.py took 0.504 seconds
[2023-06-18T09:53:03.272+0000] {processor.py:157} INFO - Started process (PID=184) to work on /home/airflow/.local/lib/python3.7/site-packages/airflow/example_dags/example_latest_only.py
[2023-06-18T09:53:03.632+0000] {processor.py:826} INFO - Processing file /home/airflow/.local/lib/python3.7/site-packages/airflow/example_dags/example_latest_only.py for tasks to queue
[2023-06-18T09:53:03.634+0000] {logging_mixin.py:149} INFO - [2023-06-18T09:53:03.634+0000] {dagbag.py:541} INFO - Filling up the DagBag from /home/airflow/.local/lib/python3.7/site-packages/airflow/example_dags/example_latest_only.py
[2023-06-18T09:53:04.113+0000] {processor.py:836} INFO - DAG(s) dict_keys(['latest_only']) retrieved from /home/airflow/.local/lib/python3.7/site-packages/airflow/example_dags/example_latest_only.py
[2023-06-18T09:53:04.158+0000] {logging_mixin.py:149} INFO - [2023-06-18T09:53:04.158+0000] {dag.py:2726} INFO - Sync 1 DAGs
[2023-06-18T09:53:04.335+0000] {logging_mixin.py:149} INFO - [2023-06-18T09:53:04.334+0000] {dag.py:3490} INFO - Setting next_dagrun for latest_only to 2023-06-18T05:53:04.334563+00:00, run_after=2023-06-18T09:53:04.334563+00:00
[2023-06-18T09:53:04.527+0000] {processor.py:179} INFO - Processing /home/airflow/.local/lib/python3.7/site-packages/airflow/example_dags/example_latest_only.py took 1.260 seconds
[2023-06-18T09:54:15.542+0000] {processor.py:157} INFO - Started process (PID=262) to work on /home/airflow/.local/lib/python3.7/site-packages/airflow/example_dags/example_latest_only.py
[2023-06-18T09:54:15.844+0000] {processor.py:826} INFO - Processing file /home/airflow/.local/lib/python3.7/site-packages/airflow/example_dags/example_latest_only.py for tasks to queue
[2023-06-18T09:54:15.846+0000] {logging_mixin.py:149} INFO - [2023-06-18T09:54:15.846+0000] {dagbag.py:541} INFO - Filling up the DagBag from /home/airflow/.local/lib/python3.7/site-packages/airflow/example_dags/example_latest_only.py
[2023-06-18T09:54:15.866+0000] {processor.py:836} INFO - DAG(s) dict_keys(['latest_only']) retrieved from /home/airflow/.local/lib/python3.7/site-packages/airflow/example_dags/example_latest_only.py
[2023-06-18T09:54:15.909+0000] {logging_mixin.py:149} INFO - [2023-06-18T09:54:15.908+0000] {dag.py:2726} INFO - Sync 1 DAGs
[2023-06-18T09:54:15.942+0000] {logging_mixin.py:149} INFO - [2023-06-18T09:54:15.942+0000] {dag.py:3490} INFO - Setting next_dagrun for latest_only to 2023-06-18T05:54:15.942431+00:00, run_after=2023-06-18T09:54:15.942431+00:00
[2023-06-18T09:54:16.196+0000] {processor.py:179} INFO - Processing /home/airflow/.local/lib/python3.7/site-packages/airflow/example_dags/example_latest_only.py took 0.659 seconds
[2023-06-18T09:54:46.349+0000] {processor.py:157} INFO - Started process (PID=326) to work on /home/airflow/.local/lib/python3.7/site-packages/airflow/example_dags/example_latest_only.py
[2023-06-18T09:54:46.468+0000] {processor.py:826} INFO - Processing file /home/airflow/.local/lib/python3.7/site-packages/airflow/example_dags/example_latest_only.py for tasks to queue
[2023-06-18T09:54:46.471+0000] {logging_mixin.py:149} INFO - [2023-06-18T09:54:46.470+0000] {dagbag.py:541} INFO - Filling up the DagBag from /home/airflow/.local/lib/python3.7/site-packages/airflow/example_dags/example_latest_only.py
[2023-06-18T09:54:46.489+0000] {processor.py:836} INFO - DAG(s) dict_keys(['latest_only']) retrieved from /home/airflow/.local/lib/python3.7/site-packages/airflow/example_dags/example_latest_only.py
[2023-06-18T09:54:46.532+0000] {logging_mixin.py:149} INFO - [2023-06-18T09:54:46.532+0000] {dag.py:2726} INFO - Sync 1 DAGs
[2023-06-18T09:54:46.578+0000] {logging_mixin.py:149} INFO - [2023-06-18T09:54:46.578+0000] {dag.py:3490} INFO - Setting next_dagrun for latest_only to 2023-06-18T05:54:46.577774+00:00, run_after=2023-06-18T09:54:46.577774+00:00
[2023-06-18T09:54:46.668+0000] {processor.py:179} INFO - Processing /home/airflow/.local/lib/python3.7/site-packages/airflow/example_dags/example_latest_only.py took 0.323 seconds
[2023-06-18T09:55:17.251+0000] {processor.py:157} INFO - Started process (PID=394) to work on /home/airflow/.local/lib/python3.7/site-packages/airflow/example_dags/example_latest_only.py
[2023-06-18T09:55:17.272+0000] {processor.py:826} INFO - Processing file /home/airflow/.local/lib/python3.7/site-packages/airflow/example_dags/example_latest_only.py for tasks to queue
[2023-06-18T09:55:17.273+0000] {logging_mixin.py:149} INFO - [2023-06-18T09:55:17.272+0000] {dagbag.py:541} INFO - Filling up the DagBag from /home/airflow/.local/lib/python3.7/site-packages/airflow/example_dags/example_latest_only.py
[2023-06-18T09:55:17.279+0000] {processor.py:836} INFO - DAG(s) dict_keys(['latest_only']) retrieved from /home/airflow/.local/lib/python3.7/site-packages/airflow/example_dags/example_latest_only.py
[2023-06-18T09:55:17.317+0000] {logging_mixin.py:149} INFO - [2023-06-18T09:55:17.317+0000] {dag.py:2726} INFO - Sync 1 DAGs
[2023-06-18T09:55:17.376+0000] {logging_mixin.py:149} INFO - [2023-06-18T09:55:17.375+0000] {dag.py:3490} INFO - Setting next_dagrun for latest_only to 2023-06-18T05:55:17.375490+00:00, run_after=2023-06-18T09:55:17.375490+00:00
[2023-06-18T09:55:17.430+0000] {processor.py:179} INFO - Processing /home/airflow/.local/lib/python3.7/site-packages/airflow/example_dags/example_latest_only.py took 0.183 seconds
[2023-06-18T09:55:48.348+0000] {processor.py:157} INFO - Started process (PID=462) to work on /home/airflow/.local/lib/python3.7/site-packages/airflow/example_dags/example_latest_only.py
[2023-06-18T09:55:48.349+0000] {processor.py:826} INFO - Processing file /home/airflow/.local/lib/python3.7/site-packages/airflow/example_dags/example_latest_only.py for tasks to queue
[2023-06-18T09:55:48.351+0000] {logging_mixin.py:149} INFO - [2023-06-18T09:55:48.350+0000] {dagbag.py:541} INFO - Filling up the DagBag from /home/airflow/.local/lib/python3.7/site-packages/airflow/example_dags/example_latest_only.py
[2023-06-18T09:55:48.359+0000] {processor.py:836} INFO - DAG(s) dict_keys(['latest_only']) retrieved from /home/airflow/.local/lib/python3.7/site-packages/airflow/example_dags/example_latest_only.py
[2023-06-18T09:55:48.392+0000] {logging_mixin.py:149} INFO - [2023-06-18T09:55:48.392+0000] {dag.py:2726} INFO - Sync 1 DAGs
[2023-06-18T09:55:48.428+0000] {logging_mixin.py:149} INFO - [2023-06-18T09:55:48.428+0000] {dag.py:3490} INFO - Setting next_dagrun for latest_only to 2023-06-18T05:55:48.428493+00:00, run_after=2023-06-18T09:55:48.428493+00:00
[2023-06-18T09:55:48.462+0000] {processor.py:179} INFO - Processing /home/airflow/.local/lib/python3.7/site-packages/airflow/example_dags/example_latest_only.py took 0.120 seconds
[2023-06-18T09:56:18.635+0000] {processor.py:157} INFO - Started process (PID=529) to work on /home/airflow/.local/lib/python3.7/site-packages/airflow/example_dags/example_latest_only.py
[2023-06-18T09:56:18.636+0000] {processor.py:826} INFO - Processing file /home/airflow/.local/lib/python3.7/site-packages/airflow/example_dags/example_latest_only.py for tasks to queue
[2023-06-18T09:56:18.637+0000] {logging_mixin.py:149} INFO - [2023-06-18T09:56:18.637+0000] {dagbag.py:541} INFO - Filling up the DagBag from /home/airflow/.local/lib/python3.7/site-packages/airflow/example_dags/example_latest_only.py
[2023-06-18T09:56:18.643+0000] {processor.py:836} INFO - DAG(s) dict_keys(['latest_only']) retrieved from /home/airflow/.local/lib/python3.7/site-packages/airflow/example_dags/example_latest_only.py
[2023-06-18T09:56:18.671+0000] {logging_mixin.py:149} INFO - [2023-06-18T09:56:18.671+0000] {dag.py:2726} INFO - Sync 1 DAGs
[2023-06-18T09:56:18.704+0000] {logging_mixin.py:149} INFO - [2023-06-18T09:56:18.703+0000] {dag.py:3490} INFO - Setting next_dagrun for latest_only to 2023-06-18T05:56:18.703727+00:00, run_after=2023-06-18T09:56:18.703727+00:00
[2023-06-18T09:56:18.731+0000] {processor.py:179} INFO - Processing /home/airflow/.local/lib/python3.7/site-packages/airflow/example_dags/example_latest_only.py took 0.100 seconds
