[2023-06-18T09:51:30.339+0000] {processor.py:157} INFO - Started process (PID=106) to work on /home/airflow/.local/lib/python3.7/site-packages/airflow/example_dags/example_nested_branch_dag.py
[2023-06-18T09:51:30.340+0000] {processor.py:826} INFO - Processing file /home/airflow/.local/lib/python3.7/site-packages/airflow/example_dags/example_nested_branch_dag.py for tasks to queue
[2023-06-18T09:51:30.341+0000] {logging_mixin.py:149} INFO - [2023-06-18T09:51:30.341+0000] {dagbag.py:541} INFO - Filling up the DagBag from /home/airflow/.local/lib/python3.7/site-packages/airflow/example_dags/example_nested_branch_dag.py
[2023-06-18T09:51:30.422+0000] {processor.py:836} INFO - DAG(s) dict_keys(['example_nested_branch_dag']) retrieved from /home/airflow/.local/lib/python3.7/site-packages/airflow/example_dags/example_nested_branch_dag.py
[2023-06-18T09:51:30.522+0000] {logging_mixin.py:149} INFO - [2023-06-18T09:51:30.522+0000] {dag.py:2726} INFO - Sync 1 DAGs
[2023-06-18T09:51:30.576+0000] {logging_mixin.py:149} INFO - [2023-06-18T09:51:30.575+0000] {dag.py:3490} INFO - Setting next_dagrun for example_nested_branch_dag to 2023-06-17T00:00:00+00:00, run_after=2023-06-18T00:00:00+00:00
[2023-06-18T09:51:30.746+0000] {processor.py:179} INFO - Processing /home/airflow/.local/lib/python3.7/site-packages/airflow/example_dags/example_nested_branch_dag.py took 0.412 seconds
[2023-06-18T09:53:59.063+0000] {processor.py:157} INFO - Started process (PID=210) to work on /home/airflow/.local/lib/python3.7/site-packages/airflow/example_dags/example_nested_branch_dag.py
[2023-06-18T09:53:59.098+0000] {processor.py:826} INFO - Processing file /home/airflow/.local/lib/python3.7/site-packages/airflow/example_dags/example_nested_branch_dag.py for tasks to queue
[2023-06-18T09:53:59.099+0000] {logging_mixin.py:149} INFO - [2023-06-18T09:53:59.099+0000] {dagbag.py:541} INFO - Filling up the DagBag from /home/airflow/.local/lib/python3.7/site-packages/airflow/example_dags/example_nested_branch_dag.py
[2023-06-18T09:53:59.182+0000] {processor.py:836} INFO - DAG(s) dict_keys(['example_nested_branch_dag']) retrieved from /home/airflow/.local/lib/python3.7/site-packages/airflow/example_dags/example_nested_branch_dag.py
[2023-06-18T09:53:59.228+0000] {logging_mixin.py:149} INFO - [2023-06-18T09:53:59.228+0000] {dag.py:2726} INFO - Sync 1 DAGs
[2023-06-18T09:53:59.272+0000] {logging_mixin.py:149} INFO - [2023-06-18T09:53:59.272+0000] {dag.py:3490} INFO - Setting next_dagrun for example_nested_branch_dag to 2023-06-17T00:00:00+00:00, run_after=2023-06-18T00:00:00+00:00
[2023-06-18T09:53:59.391+0000] {processor.py:179} INFO - Processing /home/airflow/.local/lib/python3.7/site-packages/airflow/example_dags/example_nested_branch_dag.py took 0.345 seconds
[2023-06-18T09:54:32.141+0000] {processor.py:157} INFO - Started process (PID=278) to work on /home/airflow/.local/lib/python3.7/site-packages/airflow/example_dags/example_nested_branch_dag.py
[2023-06-18T09:54:32.168+0000] {processor.py:826} INFO - Processing file /home/airflow/.local/lib/python3.7/site-packages/airflow/example_dags/example_nested_branch_dag.py for tasks to queue
[2023-06-18T09:54:32.169+0000] {logging_mixin.py:149} INFO - [2023-06-18T09:54:32.169+0000] {dagbag.py:541} INFO - Filling up the DagBag from /home/airflow/.local/lib/python3.7/site-packages/airflow/example_dags/example_nested_branch_dag.py
[2023-06-18T09:54:32.182+0000] {processor.py:836} INFO - DAG(s) dict_keys(['example_nested_branch_dag']) retrieved from /home/airflow/.local/lib/python3.7/site-packages/airflow/example_dags/example_nested_branch_dag.py
[2023-06-18T09:54:32.218+0000] {logging_mixin.py:149} INFO - [2023-06-18T09:54:32.217+0000] {dag.py:2726} INFO - Sync 1 DAGs
[2023-06-18T09:54:32.261+0000] {logging_mixin.py:149} INFO - [2023-06-18T09:54:32.261+0000] {dag.py:3490} INFO - Setting next_dagrun for example_nested_branch_dag to 2023-06-17T00:00:00+00:00, run_after=2023-06-18T00:00:00+00:00
[2023-06-18T09:54:32.302+0000] {processor.py:179} INFO - Processing /home/airflow/.local/lib/python3.7/site-packages/airflow/example_dags/example_nested_branch_dag.py took 0.165 seconds
[2023-06-18T09:55:03.477+0000] {processor.py:157} INFO - Started process (PID=346) to work on /home/airflow/.local/lib/python3.7/site-packages/airflow/example_dags/example_nested_branch_dag.py
[2023-06-18T09:55:03.479+0000] {processor.py:826} INFO - Processing file /home/airflow/.local/lib/python3.7/site-packages/airflow/example_dags/example_nested_branch_dag.py for tasks to queue
[2023-06-18T09:55:03.479+0000] {logging_mixin.py:149} INFO - [2023-06-18T09:55:03.479+0000] {dagbag.py:541} INFO - Filling up the DagBag from /home/airflow/.local/lib/python3.7/site-packages/airflow/example_dags/example_nested_branch_dag.py
[2023-06-18T09:55:03.494+0000] {processor.py:836} INFO - DAG(s) dict_keys(['example_nested_branch_dag']) retrieved from /home/airflow/.local/lib/python3.7/site-packages/airflow/example_dags/example_nested_branch_dag.py
[2023-06-18T09:55:03.536+0000] {logging_mixin.py:149} INFO - [2023-06-18T09:55:03.536+0000] {dag.py:2726} INFO - Sync 1 DAGs
[2023-06-18T09:55:03.585+0000] {logging_mixin.py:149} INFO - [2023-06-18T09:55:03.585+0000] {dag.py:3490} INFO - Setting next_dagrun for example_nested_branch_dag to 2023-06-17T00:00:00+00:00, run_after=2023-06-18T00:00:00+00:00
[2023-06-18T09:55:03.646+0000] {processor.py:179} INFO - Processing /home/airflow/.local/lib/python3.7/site-packages/airflow/example_dags/example_nested_branch_dag.py took 0.175 seconds
[2023-06-18T09:55:38.362+0000] {processor.py:157} INFO - Started process (PID=423) to work on /home/airflow/.local/lib/python3.7/site-packages/airflow/example_dags/example_nested_branch_dag.py
[2023-06-18T09:55:38.407+0000] {processor.py:826} INFO - Processing file /home/airflow/.local/lib/python3.7/site-packages/airflow/example_dags/example_nested_branch_dag.py for tasks to queue
[2023-06-18T09:55:38.408+0000] {logging_mixin.py:149} INFO - [2023-06-18T09:55:38.408+0000] {dagbag.py:541} INFO - Filling up the DagBag from /home/airflow/.local/lib/python3.7/site-packages/airflow/example_dags/example_nested_branch_dag.py
[2023-06-18T09:55:38.428+0000] {processor.py:836} INFO - DAG(s) dict_keys(['example_nested_branch_dag']) retrieved from /home/airflow/.local/lib/python3.7/site-packages/airflow/example_dags/example_nested_branch_dag.py
[2023-06-18T09:55:38.476+0000] {logging_mixin.py:149} INFO - [2023-06-18T09:55:38.476+0000] {dag.py:2726} INFO - Sync 1 DAGs
[2023-06-18T09:55:38.526+0000] {logging_mixin.py:149} INFO - [2023-06-18T09:55:38.526+0000] {dag.py:3490} INFO - Setting next_dagrun for example_nested_branch_dag to 2023-06-17T00:00:00+00:00, run_after=2023-06-18T00:00:00+00:00
[2023-06-18T09:55:38.636+0000] {processor.py:179} INFO - Processing /home/airflow/.local/lib/python3.7/site-packages/airflow/example_dags/example_nested_branch_dag.py took 0.280 seconds
[2023-06-18T09:56:08.955+0000] {processor.py:157} INFO - Started process (PID=485) to work on /home/airflow/.local/lib/python3.7/site-packages/airflow/example_dags/example_nested_branch_dag.py
[2023-06-18T09:56:08.956+0000] {processor.py:826} INFO - Processing file /home/airflow/.local/lib/python3.7/site-packages/airflow/example_dags/example_nested_branch_dag.py for tasks to queue
[2023-06-18T09:56:08.957+0000] {logging_mixin.py:149} INFO - [2023-06-18T09:56:08.957+0000] {dagbag.py:541} INFO - Filling up the DagBag from /home/airflow/.local/lib/python3.7/site-packages/airflow/example_dags/example_nested_branch_dag.py
[2023-06-18T09:56:08.977+0000] {processor.py:836} INFO - DAG(s) dict_keys(['example_nested_branch_dag']) retrieved from /home/airflow/.local/lib/python3.7/site-packages/airflow/example_dags/example_nested_branch_dag.py
[2023-06-18T09:56:09.014+0000] {logging_mixin.py:149} INFO - [2023-06-18T09:56:09.014+0000] {dag.py:2726} INFO - Sync 1 DAGs
[2023-06-18T09:56:09.056+0000] {logging_mixin.py:149} INFO - [2023-06-18T09:56:09.056+0000] {dag.py:3490} INFO - Setting next_dagrun for example_nested_branch_dag to 2023-06-17T00:00:00+00:00, run_after=2023-06-18T00:00:00+00:00
[2023-06-18T09:56:09.104+0000] {processor.py:179} INFO - Processing /home/airflow/.local/lib/python3.7/site-packages/airflow/example_dags/example_nested_branch_dag.py took 0.154 seconds
