[2023-06-18T09:51:31.949+0000] {processor.py:157} INFO - Started process (PID=111) to work on /home/airflow/.local/lib/python3.7/site-packages/airflow/example_dags/example_latest_only_with_trigger.py
[2023-06-18T09:51:31.950+0000] {processor.py:826} INFO - Processing file /home/airflow/.local/lib/python3.7/site-packages/airflow/example_dags/example_latest_only_with_trigger.py for tasks to queue
[2023-06-18T09:51:31.951+0000] {logging_mixin.py:149} INFO - [2023-06-18T09:51:31.951+0000] {dagbag.py:541} INFO - Filling up the DagBag from /home/airflow/.local/lib/python3.7/site-packages/airflow/example_dags/example_latest_only_with_trigger.py
[2023-06-18T09:51:32.079+0000] {processor.py:836} INFO - DAG(s) dict_keys(['latest_only_with_trigger']) retrieved from /home/airflow/.local/lib/python3.7/site-packages/airflow/example_dags/example_latest_only_with_trigger.py
[2023-06-18T09:51:32.127+0000] {logging_mixin.py:149} INFO - [2023-06-18T09:51:32.127+0000] {dag.py:2726} INFO - Sync 1 DAGs
[2023-06-18T09:51:32.184+0000] {logging_mixin.py:149} INFO - [2023-06-18T09:51:32.183+0000] {dag.py:3490} INFO - Setting next_dagrun for latest_only_with_trigger to 2023-06-18T05:51:32.183365+00:00, run_after=2023-06-18T09:51:32.183365+00:00
[2023-06-18T09:51:32.358+0000] {processor.py:179} INFO - Processing /home/airflow/.local/lib/python3.7/site-packages/airflow/example_dags/example_latest_only_with_trigger.py took 0.413 seconds
[2023-06-18T09:54:00.305+0000] {processor.py:157} INFO - Started process (PID=215) to work on /home/airflow/.local/lib/python3.7/site-packages/airflow/example_dags/example_latest_only_with_trigger.py
[2023-06-18T09:54:00.417+0000] {processor.py:826} INFO - Processing file /home/airflow/.local/lib/python3.7/site-packages/airflow/example_dags/example_latest_only_with_trigger.py for tasks to queue
[2023-06-18T09:54:00.421+0000] {logging_mixin.py:149} INFO - [2023-06-18T09:54:00.420+0000] {dagbag.py:541} INFO - Filling up the DagBag from /home/airflow/.local/lib/python3.7/site-packages/airflow/example_dags/example_latest_only_with_trigger.py
[2023-06-18T09:54:00.539+0000] {processor.py:836} INFO - DAG(s) dict_keys(['latest_only_with_trigger']) retrieved from /home/airflow/.local/lib/python3.7/site-packages/airflow/example_dags/example_latest_only_with_trigger.py
[2023-06-18T09:54:00.578+0000] {logging_mixin.py:149} INFO - [2023-06-18T09:54:00.578+0000] {dag.py:2726} INFO - Sync 1 DAGs
[2023-06-18T09:54:00.618+0000] {logging_mixin.py:149} INFO - [2023-06-18T09:54:00.618+0000] {dag.py:3490} INFO - Setting next_dagrun for latest_only_with_trigger to 2023-06-18T05:54:00.617702+00:00, run_after=2023-06-18T09:54:00.617702+00:00
[2023-06-18T09:54:00.782+0000] {processor.py:179} INFO - Processing /home/airflow/.local/lib/python3.7/site-packages/airflow/example_dags/example_latest_only_with_trigger.py took 0.481 seconds
[2023-06-18T09:54:32.687+0000] {processor.py:157} INFO - Started process (PID=283) to work on /home/airflow/.local/lib/python3.7/site-packages/airflow/example_dags/example_latest_only_with_trigger.py
[2023-06-18T09:54:32.699+0000] {processor.py:826} INFO - Processing file /home/airflow/.local/lib/python3.7/site-packages/airflow/example_dags/example_latest_only_with_trigger.py for tasks to queue
[2023-06-18T09:54:32.700+0000] {logging_mixin.py:149} INFO - [2023-06-18T09:54:32.699+0000] {dagbag.py:541} INFO - Filling up the DagBag from /home/airflow/.local/lib/python3.7/site-packages/airflow/example_dags/example_latest_only_with_trigger.py
[2023-06-18T09:54:32.708+0000] {processor.py:836} INFO - DAG(s) dict_keys(['latest_only_with_trigger']) retrieved from /home/airflow/.local/lib/python3.7/site-packages/airflow/example_dags/example_latest_only_with_trigger.py
[2023-06-18T09:54:32.742+0000] {logging_mixin.py:149} INFO - [2023-06-18T09:54:32.741+0000] {dag.py:2726} INFO - Sync 1 DAGs
[2023-06-18T09:54:32.789+0000] {logging_mixin.py:149} INFO - [2023-06-18T09:54:32.789+0000] {dag.py:3490} INFO - Setting next_dagrun for latest_only_with_trigger to 2023-06-18T05:54:32.789125+00:00, run_after=2023-06-18T09:54:32.789125+00:00
[2023-06-18T09:54:32.832+0000] {processor.py:179} INFO - Processing /home/airflow/.local/lib/python3.7/site-packages/airflow/example_dags/example_latest_only_with_trigger.py took 0.149 seconds
[2023-06-18T09:55:04.153+0000] {processor.py:157} INFO - Started process (PID=351) to work on /home/airflow/.local/lib/python3.7/site-packages/airflow/example_dags/example_latest_only_with_trigger.py
[2023-06-18T09:55:04.174+0000] {processor.py:826} INFO - Processing file /home/airflow/.local/lib/python3.7/site-packages/airflow/example_dags/example_latest_only_with_trigger.py for tasks to queue
[2023-06-18T09:55:04.174+0000] {logging_mixin.py:149} INFO - [2023-06-18T09:55:04.174+0000] {dagbag.py:541} INFO - Filling up the DagBag from /home/airflow/.local/lib/python3.7/site-packages/airflow/example_dags/example_latest_only_with_trigger.py
[2023-06-18T09:55:04.182+0000] {processor.py:836} INFO - DAG(s) dict_keys(['latest_only_with_trigger']) retrieved from /home/airflow/.local/lib/python3.7/site-packages/airflow/example_dags/example_latest_only_with_trigger.py
[2023-06-18T09:55:04.214+0000] {logging_mixin.py:149} INFO - [2023-06-18T09:55:04.214+0000] {dag.py:2726} INFO - Sync 1 DAGs
[2023-06-18T09:55:04.249+0000] {logging_mixin.py:149} INFO - [2023-06-18T09:55:04.249+0000] {dag.py:3490} INFO - Setting next_dagrun for latest_only_with_trigger to 2023-06-18T05:55:04.248663+00:00, run_after=2023-06-18T09:55:04.248663+00:00
[2023-06-18T09:55:04.288+0000] {processor.py:179} INFO - Processing /home/airflow/.local/lib/python3.7/site-packages/airflow/example_dags/example_latest_only_with_trigger.py took 0.139 seconds
[2023-06-18T09:55:39.026+0000] {processor.py:157} INFO - Started process (PID=428) to work on /home/airflow/.local/lib/python3.7/site-packages/airflow/example_dags/example_latest_only_with_trigger.py
[2023-06-18T09:55:39.028+0000] {processor.py:826} INFO - Processing file /home/airflow/.local/lib/python3.7/site-packages/airflow/example_dags/example_latest_only_with_trigger.py for tasks to queue
[2023-06-18T09:55:39.031+0000] {logging_mixin.py:149} INFO - [2023-06-18T09:55:39.031+0000] {dagbag.py:541} INFO - Filling up the DagBag from /home/airflow/.local/lib/python3.7/site-packages/airflow/example_dags/example_latest_only_with_trigger.py
[2023-06-18T09:55:39.044+0000] {processor.py:836} INFO - DAG(s) dict_keys(['latest_only_with_trigger']) retrieved from /home/airflow/.local/lib/python3.7/site-packages/airflow/example_dags/example_latest_only_with_trigger.py
[2023-06-18T09:55:39.079+0000] {logging_mixin.py:149} INFO - [2023-06-18T09:55:39.078+0000] {dag.py:2726} INFO - Sync 1 DAGs
[2023-06-18T09:55:39.131+0000] {logging_mixin.py:149} INFO - [2023-06-18T09:55:39.131+0000] {dag.py:3490} INFO - Setting next_dagrun for latest_only_with_trigger to 2023-06-18T05:55:39.130792+00:00, run_after=2023-06-18T09:55:39.130792+00:00
[2023-06-18T09:55:39.200+0000] {processor.py:179} INFO - Processing /home/airflow/.local/lib/python3.7/site-packages/airflow/example_dags/example_latest_only_with_trigger.py took 0.179 seconds
[2023-06-18T09:56:09.489+0000] {processor.py:157} INFO - Started process (PID=492) to work on /home/airflow/.local/lib/python3.7/site-packages/airflow/example_dags/example_latest_only_with_trigger.py
[2023-06-18T09:56:09.490+0000] {processor.py:826} INFO - Processing file /home/airflow/.local/lib/python3.7/site-packages/airflow/example_dags/example_latest_only_with_trigger.py for tasks to queue
[2023-06-18T09:56:09.491+0000] {logging_mixin.py:149} INFO - [2023-06-18T09:56:09.490+0000] {dagbag.py:541} INFO - Filling up the DagBag from /home/airflow/.local/lib/python3.7/site-packages/airflow/example_dags/example_latest_only_with_trigger.py
[2023-06-18T09:56:09.498+0000] {processor.py:836} INFO - DAG(s) dict_keys(['latest_only_with_trigger']) retrieved from /home/airflow/.local/lib/python3.7/site-packages/airflow/example_dags/example_latest_only_with_trigger.py
[2023-06-18T09:56:09.540+0000] {logging_mixin.py:149} INFO - [2023-06-18T09:56:09.540+0000] {dag.py:2726} INFO - Sync 1 DAGs
[2023-06-18T09:56:09.582+0000] {logging_mixin.py:149} INFO - [2023-06-18T09:56:09.582+0000] {dag.py:3490} INFO - Setting next_dagrun for latest_only_with_trigger to 2023-06-18T05:56:09.581886+00:00, run_after=2023-06-18T09:56:09.581886+00:00
[2023-06-18T09:56:09.635+0000] {processor.py:179} INFO - Processing /home/airflow/.local/lib/python3.7/site-packages/airflow/example_dags/example_latest_only_with_trigger.py took 0.150 seconds
