[2023-06-18T09:51:29.821+0000] {processor.py:157} INFO - Started process (PID=104) to work on /home/airflow/.local/lib/python3.7/site-packages/airflow/example_dags/example_datasets.py
[2023-06-18T09:51:29.822+0000] {processor.py:826} INFO - Processing file /home/airflow/.local/lib/python3.7/site-packages/airflow/example_dags/example_datasets.py for tasks to queue
[2023-06-18T09:51:29.823+0000] {logging_mixin.py:149} INFO - [2023-06-18T09:51:29.823+0000] {dagbag.py:541} INFO - Filling up the DagBag from /home/airflow/.local/lib/python3.7/site-packages/airflow/example_dags/example_datasets.py
[2023-06-18T09:51:29.866+0000] {processor.py:836} INFO - DAG(s) dict_keys(['dataset_consumes_1_never_scheduled', 'dataset_consumes_1_and_2', 'dataset_consumes_unknown_never_scheduled', 'dataset_consumes_1', 'dataset_produces_2', 'dataset_produces_1']) retrieved from /home/airflow/.local/lib/python3.7/site-packages/airflow/example_dags/example_datasets.py
[2023-06-18T09:51:30.061+0000] {logging_mixin.py:149} INFO - [2023-06-18T09:51:30.060+0000] {dag.py:2726} INFO - Sync 6 DAGs
[2023-06-18T09:51:30.116+0000] {logging_mixin.py:149} INFO - [2023-06-18T09:51:30.116+0000] {dag.py:3490} INFO - Setting next_dagrun for dataset_consumes_1 to None, run_after=None
[2023-06-18T09:51:30.120+0000] {logging_mixin.py:149} INFO - [2023-06-18T09:51:30.120+0000] {dag.py:3490} INFO - Setting next_dagrun for dataset_consumes_1_and_2 to None, run_after=None
[2023-06-18T09:51:30.122+0000] {logging_mixin.py:149} INFO - [2023-06-18T09:51:30.122+0000] {dag.py:3490} INFO - Setting next_dagrun for dataset_consumes_1_never_scheduled to None, run_after=None
[2023-06-18T09:51:30.123+0000] {logging_mixin.py:149} INFO - [2023-06-18T09:51:30.123+0000] {dag.py:3490} INFO - Setting next_dagrun for dataset_consumes_unknown_never_scheduled to None, run_after=None
[2023-06-18T09:51:30.127+0000] {logging_mixin.py:149} INFO - [2023-06-18T09:51:30.127+0000] {dag.py:3490} INFO - Setting next_dagrun for dataset_produces_1 to 2023-06-17T00:00:00+00:00, run_after=2023-06-18T00:00:00+00:00
[2023-06-18T09:51:30.129+0000] {logging_mixin.py:149} INFO - [2023-06-18T09:51:30.129+0000] {dag.py:3490} INFO - Setting next_dagrun for dataset_produces_2 to None, run_after=None
[2023-06-18T09:51:30.864+0000] {processor.py:179} INFO - Processing /home/airflow/.local/lib/python3.7/site-packages/airflow/example_dags/example_datasets.py took 1.048 seconds
[2023-06-18T09:53:58.399+0000] {processor.py:157} INFO - Started process (PID=208) to work on /home/airflow/.local/lib/python3.7/site-packages/airflow/example_dags/example_datasets.py
[2023-06-18T09:53:58.567+0000] {processor.py:826} INFO - Processing file /home/airflow/.local/lib/python3.7/site-packages/airflow/example_dags/example_datasets.py for tasks to queue
[2023-06-18T09:53:58.570+0000] {logging_mixin.py:149} INFO - [2023-06-18T09:53:58.569+0000] {dagbag.py:541} INFO - Filling up the DagBag from /home/airflow/.local/lib/python3.7/site-packages/airflow/example_dags/example_datasets.py
[2023-06-18T09:53:58.671+0000] {processor.py:836} INFO - DAG(s) dict_keys(['dataset_produces_1', 'dataset_consumes_unknown_never_scheduled', 'dataset_consumes_1_and_2', 'dataset_produces_2', 'dataset_consumes_1_never_scheduled', 'dataset_consumes_1']) retrieved from /home/airflow/.local/lib/python3.7/site-packages/airflow/example_dags/example_datasets.py
[2023-06-18T09:53:58.771+0000] {logging_mixin.py:149} INFO - [2023-06-18T09:53:58.771+0000] {dag.py:2726} INFO - Sync 6 DAGs
[2023-06-18T09:53:58.818+0000] {logging_mixin.py:149} INFO - [2023-06-18T09:53:58.817+0000] {dag.py:3490} INFO - Setting next_dagrun for dataset_consumes_1 to None, run_after=None
[2023-06-18T09:53:58.824+0000] {logging_mixin.py:149} INFO - [2023-06-18T09:53:58.824+0000] {dag.py:3490} INFO - Setting next_dagrun for dataset_consumes_1_and_2 to None, run_after=None
[2023-06-18T09:53:58.827+0000] {logging_mixin.py:149} INFO - [2023-06-18T09:53:58.827+0000] {dag.py:3490} INFO - Setting next_dagrun for dataset_consumes_1_never_scheduled to None, run_after=None
[2023-06-18T09:53:58.829+0000] {logging_mixin.py:149} INFO - [2023-06-18T09:53:58.829+0000] {dag.py:3490} INFO - Setting next_dagrun for dataset_consumes_unknown_never_scheduled to None, run_after=None
[2023-06-18T09:53:58.835+0000] {logging_mixin.py:149} INFO - [2023-06-18T09:53:58.834+0000] {dag.py:3490} INFO - Setting next_dagrun for dataset_produces_1 to 2023-06-17T00:00:00+00:00, run_after=2023-06-18T00:00:00+00:00
[2023-06-18T09:53:58.837+0000] {logging_mixin.py:149} INFO - [2023-06-18T09:53:58.836+0000] {dag.py:3490} INFO - Setting next_dagrun for dataset_produces_2 to None, run_after=None
[2023-06-18T09:53:59.060+0000] {processor.py:179} INFO - Processing /home/airflow/.local/lib/python3.7/site-packages/airflow/example_dags/example_datasets.py took 0.677 seconds
[2023-06-18T09:54:31.896+0000] {processor.py:157} INFO - Started process (PID=276) to work on /home/airflow/.local/lib/python3.7/site-packages/airflow/example_dags/example_datasets.py
[2023-06-18T09:54:31.916+0000] {processor.py:826} INFO - Processing file /home/airflow/.local/lib/python3.7/site-packages/airflow/example_dags/example_datasets.py for tasks to queue
[2023-06-18T09:54:31.917+0000] {logging_mixin.py:149} INFO - [2023-06-18T09:54:31.917+0000] {dagbag.py:541} INFO - Filling up the DagBag from /home/airflow/.local/lib/python3.7/site-packages/airflow/example_dags/example_datasets.py
[2023-06-18T09:54:31.933+0000] {processor.py:836} INFO - DAG(s) dict_keys(['dataset_consumes_1_never_scheduled', 'dataset_produces_1', 'dataset_consumes_unknown_never_scheduled', 'dataset_consumes_1', 'dataset_produces_2', 'dataset_consumes_1_and_2']) retrieved from /home/airflow/.local/lib/python3.7/site-packages/airflow/example_dags/example_datasets.py
[2023-06-18T09:54:31.997+0000] {logging_mixin.py:149} INFO - [2023-06-18T09:54:31.997+0000] {dag.py:2726} INFO - Sync 6 DAGs
[2023-06-18T09:54:32.051+0000] {logging_mixin.py:149} INFO - [2023-06-18T09:54:32.050+0000] {dag.py:3490} INFO - Setting next_dagrun for dataset_consumes_1 to None, run_after=None
[2023-06-18T09:54:32.057+0000] {logging_mixin.py:149} INFO - [2023-06-18T09:54:32.057+0000] {dag.py:3490} INFO - Setting next_dagrun for dataset_consumes_1_and_2 to None, run_after=None
[2023-06-18T09:54:32.059+0000] {logging_mixin.py:149} INFO - [2023-06-18T09:54:32.059+0000] {dag.py:3490} INFO - Setting next_dagrun for dataset_consumes_1_never_scheduled to None, run_after=None
[2023-06-18T09:54:32.061+0000] {logging_mixin.py:149} INFO - [2023-06-18T09:54:32.061+0000] {dag.py:3490} INFO - Setting next_dagrun for dataset_consumes_unknown_never_scheduled to None, run_after=None
[2023-06-18T09:54:32.067+0000] {logging_mixin.py:149} INFO - [2023-06-18T09:54:32.067+0000] {dag.py:3490} INFO - Setting next_dagrun for dataset_produces_1 to 2023-06-17T00:00:00+00:00, run_after=2023-06-18T00:00:00+00:00
[2023-06-18T09:54:32.069+0000] {logging_mixin.py:149} INFO - [2023-06-18T09:54:32.069+0000] {dag.py:3490} INFO - Setting next_dagrun for dataset_produces_2 to None, run_after=None
[2023-06-18T09:54:32.140+0000] {processor.py:179} INFO - Processing /home/airflow/.local/lib/python3.7/site-packages/airflow/example_dags/example_datasets.py took 0.248 seconds
[2023-06-18T09:55:03.123+0000] {processor.py:157} INFO - Started process (PID=344) to work on /home/airflow/.local/lib/python3.7/site-packages/airflow/example_dags/example_datasets.py
[2023-06-18T09:55:03.160+0000] {processor.py:826} INFO - Processing file /home/airflow/.local/lib/python3.7/site-packages/airflow/example_dags/example_datasets.py for tasks to queue
[2023-06-18T09:55:03.162+0000] {logging_mixin.py:149} INFO - [2023-06-18T09:55:03.161+0000] {dagbag.py:541} INFO - Filling up the DagBag from /home/airflow/.local/lib/python3.7/site-packages/airflow/example_dags/example_datasets.py
[2023-06-18T09:55:03.174+0000] {processor.py:836} INFO - DAG(s) dict_keys(['dataset_produces_2', 'dataset_consumes_1', 'dataset_consumes_unknown_never_scheduled', 'dataset_produces_1', 'dataset_consumes_1_and_2', 'dataset_consumes_1_never_scheduled']) retrieved from /home/airflow/.local/lib/python3.7/site-packages/airflow/example_dags/example_datasets.py
[2023-06-18T09:55:03.230+0000] {logging_mixin.py:149} INFO - [2023-06-18T09:55:03.230+0000] {dag.py:2726} INFO - Sync 6 DAGs
[2023-06-18T09:55:03.269+0000] {logging_mixin.py:149} INFO - [2023-06-18T09:55:03.269+0000] {dag.py:3490} INFO - Setting next_dagrun for dataset_consumes_1 to None, run_after=None
[2023-06-18T09:55:03.274+0000] {logging_mixin.py:149} INFO - [2023-06-18T09:55:03.274+0000] {dag.py:3490} INFO - Setting next_dagrun for dataset_consumes_1_and_2 to None, run_after=None
[2023-06-18T09:55:03.276+0000] {logging_mixin.py:149} INFO - [2023-06-18T09:55:03.276+0000] {dag.py:3490} INFO - Setting next_dagrun for dataset_consumes_1_never_scheduled to None, run_after=None
[2023-06-18T09:55:03.278+0000] {logging_mixin.py:149} INFO - [2023-06-18T09:55:03.278+0000] {dag.py:3490} INFO - Setting next_dagrun for dataset_consumes_unknown_never_scheduled to None, run_after=None
[2023-06-18T09:55:03.282+0000] {logging_mixin.py:149} INFO - [2023-06-18T09:55:03.282+0000] {dag.py:3490} INFO - Setting next_dagrun for dataset_produces_1 to 2023-06-17T00:00:00+00:00, run_after=2023-06-18T00:00:00+00:00
[2023-06-18T09:55:03.284+0000] {logging_mixin.py:149} INFO - [2023-06-18T09:55:03.283+0000] {dag.py:3490} INFO - Setting next_dagrun for dataset_produces_2 to None, run_after=None
[2023-06-18T09:55:03.395+0000] {processor.py:179} INFO - Processing /home/airflow/.local/lib/python3.7/site-packages/airflow/example_dags/example_datasets.py took 0.276 seconds
[2023-06-18T09:55:37.980+0000] {processor.py:157} INFO - Started process (PID=415) to work on /home/airflow/.local/lib/python3.7/site-packages/airflow/example_dags/example_datasets.py
[2023-06-18T09:55:38.018+0000] {processor.py:826} INFO - Processing file /home/airflow/.local/lib/python3.7/site-packages/airflow/example_dags/example_datasets.py for tasks to queue
[2023-06-18T09:55:38.019+0000] {logging_mixin.py:149} INFO - [2023-06-18T09:55:38.019+0000] {dagbag.py:541} INFO - Filling up the DagBag from /home/airflow/.local/lib/python3.7/site-packages/airflow/example_dags/example_datasets.py
[2023-06-18T09:55:38.030+0000] {processor.py:836} INFO - DAG(s) dict_keys(['dataset_consumes_1_never_scheduled', 'dataset_produces_2', 'dataset_consumes_1', 'dataset_produces_1', 'dataset_consumes_1_and_2', 'dataset_consumes_unknown_never_scheduled']) retrieved from /home/airflow/.local/lib/python3.7/site-packages/airflow/example_dags/example_datasets.py
[2023-06-18T09:55:38.103+0000] {logging_mixin.py:149} INFO - [2023-06-18T09:55:38.103+0000] {dag.py:2726} INFO - Sync 6 DAGs
[2023-06-18T09:55:38.165+0000] {logging_mixin.py:149} INFO - [2023-06-18T09:55:38.165+0000] {dag.py:3490} INFO - Setting next_dagrun for dataset_consumes_1 to None, run_after=None
[2023-06-18T09:55:38.170+0000] {logging_mixin.py:149} INFO - [2023-06-18T09:55:38.170+0000] {dag.py:3490} INFO - Setting next_dagrun for dataset_consumes_1_and_2 to None, run_after=None
[2023-06-18T09:55:38.172+0000] {logging_mixin.py:149} INFO - [2023-06-18T09:55:38.172+0000] {dag.py:3490} INFO - Setting next_dagrun for dataset_consumes_1_never_scheduled to None, run_after=None
[2023-06-18T09:55:38.174+0000] {logging_mixin.py:149} INFO - [2023-06-18T09:55:38.174+0000] {dag.py:3490} INFO - Setting next_dagrun for dataset_consumes_unknown_never_scheduled to None, run_after=None
[2023-06-18T09:55:38.177+0000] {logging_mixin.py:149} INFO - [2023-06-18T09:55:38.177+0000] {dag.py:3490} INFO - Setting next_dagrun for dataset_produces_1 to 2023-06-17T00:00:00+00:00, run_after=2023-06-18T00:00:00+00:00
[2023-06-18T09:55:38.185+0000] {logging_mixin.py:149} INFO - [2023-06-18T09:55:38.184+0000] {dag.py:3490} INFO - Setting next_dagrun for dataset_produces_2 to None, run_after=None
[2023-06-18T09:55:38.329+0000] {processor.py:179} INFO - Processing /home/airflow/.local/lib/python3.7/site-packages/airflow/example_dags/example_datasets.py took 0.355 seconds
[2023-06-18T09:56:08.453+0000] {processor.py:157} INFO - Started process (PID=483) to work on /home/airflow/.local/lib/python3.7/site-packages/airflow/example_dags/example_datasets.py
[2023-06-18T09:56:08.555+0000] {processor.py:826} INFO - Processing file /home/airflow/.local/lib/python3.7/site-packages/airflow/example_dags/example_datasets.py for tasks to queue
[2023-06-18T09:56:08.556+0000] {logging_mixin.py:149} INFO - [2023-06-18T09:56:08.556+0000] {dagbag.py:541} INFO - Filling up the DagBag from /home/airflow/.local/lib/python3.7/site-packages/airflow/example_dags/example_datasets.py
[2023-06-18T09:56:08.567+0000] {processor.py:836} INFO - DAG(s) dict_keys(['dataset_produces_1', 'dataset_consumes_1_and_2', 'dataset_consumes_unknown_never_scheduled', 'dataset_consumes_1_never_scheduled', 'dataset_produces_2', 'dataset_consumes_1']) retrieved from /home/airflow/.local/lib/python3.7/site-packages/airflow/example_dags/example_datasets.py
[2023-06-18T09:56:08.642+0000] {logging_mixin.py:149} INFO - [2023-06-18T09:56:08.641+0000] {dag.py:2726} INFO - Sync 6 DAGs
[2023-06-18T09:56:08.698+0000] {logging_mixin.py:149} INFO - [2023-06-18T09:56:08.698+0000] {dag.py:3490} INFO - Setting next_dagrun for dataset_consumes_1 to None, run_after=None
[2023-06-18T09:56:08.704+0000] {logging_mixin.py:149} INFO - [2023-06-18T09:56:08.704+0000] {dag.py:3490} INFO - Setting next_dagrun for dataset_consumes_1_and_2 to None, run_after=None
[2023-06-18T09:56:08.707+0000] {logging_mixin.py:149} INFO - [2023-06-18T09:56:08.707+0000] {dag.py:3490} INFO - Setting next_dagrun for dataset_consumes_1_never_scheduled to None, run_after=None
[2023-06-18T09:56:08.709+0000] {logging_mixin.py:149} INFO - [2023-06-18T09:56:08.709+0000] {dag.py:3490} INFO - Setting next_dagrun for dataset_consumes_unknown_never_scheduled to None, run_after=None
[2023-06-18T09:56:08.715+0000] {logging_mixin.py:149} INFO - [2023-06-18T09:56:08.715+0000] {dag.py:3490} INFO - Setting next_dagrun for dataset_produces_1 to 2023-06-17T00:00:00+00:00, run_after=2023-06-18T00:00:00+00:00
[2023-06-18T09:56:08.718+0000] {logging_mixin.py:149} INFO - [2023-06-18T09:56:08.718+0000] {dag.py:3490} INFO - Setting next_dagrun for dataset_produces_2 to None, run_after=None
[2023-06-18T09:56:08.784+0000] {processor.py:179} INFO - Processing /home/airflow/.local/lib/python3.7/site-packages/airflow/example_dags/example_datasets.py took 0.336 seconds
