[2023-06-18T09:51:25.609+0000] {processor.py:157} INFO - Started process (PID=89) to work on /home/airflow/.local/lib/python3.7/site-packages/airflow/example_dags/example_xcomargs.py
[2023-06-18T09:51:25.610+0000] {processor.py:826} INFO - Processing file /home/airflow/.local/lib/python3.7/site-packages/airflow/example_dags/example_xcomargs.py for tasks to queue
[2023-06-18T09:51:25.611+0000] {logging_mixin.py:149} INFO - [2023-06-18T09:51:25.611+0000] {dagbag.py:541} INFO - Filling up the DagBag from /home/airflow/.local/lib/python3.7/site-packages/airflow/example_dags/example_xcomargs.py
[2023-06-18T09:51:25.636+0000] {processor.py:836} INFO - DAG(s) dict_keys(['example_xcom_args', 'example_xcom_args_with_operators']) retrieved from /home/airflow/.local/lib/python3.7/site-packages/airflow/example_dags/example_xcomargs.py
[2023-06-18T09:51:25.678+0000] {logging_mixin.py:149} INFO - [2023-06-18T09:51:25.677+0000] {dag.py:2726} INFO - Sync 2 DAGs
[2023-06-18T09:51:25.725+0000] {logging_mixin.py:149} INFO - [2023-06-18T09:51:25.724+0000] {dag.py:3490} INFO - Setting next_dagrun for example_xcom_args to None, run_after=None
[2023-06-18T09:51:25.730+0000] {logging_mixin.py:149} INFO - [2023-06-18T09:51:25.729+0000] {dag.py:3490} INFO - Setting next_dagrun for example_xcom_args_with_operators to None, run_after=None
[2023-06-18T09:51:25.916+0000] {processor.py:179} INFO - Processing /home/airflow/.local/lib/python3.7/site-packages/airflow/example_dags/example_xcomargs.py took 0.311 seconds
[2023-06-18T09:52:56.122+0000] {processor.py:157} INFO - Started process (PID=164) to work on /home/airflow/.local/lib/python3.7/site-packages/airflow/example_dags/example_xcomargs.py
[2023-06-18T09:52:56.197+0000] {processor.py:826} INFO - Processing file /home/airflow/.local/lib/python3.7/site-packages/airflow/example_dags/example_xcomargs.py for tasks to queue
[2023-06-18T09:52:56.200+0000] {logging_mixin.py:149} INFO - [2023-06-18T09:52:56.200+0000] {dagbag.py:541} INFO - Filling up the DagBag from /home/airflow/.local/lib/python3.7/site-packages/airflow/example_dags/example_xcomargs.py
[2023-06-18T09:52:56.286+0000] {processor.py:836} INFO - DAG(s) dict_keys(['example_xcom_args_with_operators', 'example_xcom_args']) retrieved from /home/airflow/.local/lib/python3.7/site-packages/airflow/example_dags/example_xcomargs.py
[2023-06-18T09:52:56.329+0000] {logging_mixin.py:149} INFO - [2023-06-18T09:52:56.328+0000] {dag.py:2726} INFO - Sync 2 DAGs
[2023-06-18T09:52:56.505+0000] {logging_mixin.py:149} INFO - [2023-06-18T09:52:56.505+0000] {dag.py:3490} INFO - Setting next_dagrun for example_xcom_args to None, run_after=None
[2023-06-18T09:52:56.510+0000] {logging_mixin.py:149} INFO - [2023-06-18T09:52:56.510+0000] {dag.py:3490} INFO - Setting next_dagrun for example_xcom_args_with_operators to None, run_after=None
[2023-06-18T09:52:56.704+0000] {processor.py:179} INFO - Processing /home/airflow/.local/lib/python3.7/site-packages/airflow/example_dags/example_xcomargs.py took 0.598 seconds
[2023-06-18T09:54:10.677+0000] {processor.py:157} INFO - Started process (PID=250) to work on /home/airflow/.local/lib/python3.7/site-packages/airflow/example_dags/example_xcomargs.py
[2023-06-18T09:54:10.764+0000] {processor.py:826} INFO - Processing file /home/airflow/.local/lib/python3.7/site-packages/airflow/example_dags/example_xcomargs.py for tasks to queue
[2023-06-18T09:54:10.765+0000] {logging_mixin.py:149} INFO - [2023-06-18T09:54:10.765+0000] {dagbag.py:541} INFO - Filling up the DagBag from /home/airflow/.local/lib/python3.7/site-packages/airflow/example_dags/example_xcomargs.py
[2023-06-18T09:54:10.779+0000] {processor.py:836} INFO - DAG(s) dict_keys(['example_xcom_args', 'example_xcom_args_with_operators']) retrieved from /home/airflow/.local/lib/python3.7/site-packages/airflow/example_dags/example_xcomargs.py
[2023-06-18T09:54:10.829+0000] {logging_mixin.py:149} INFO - [2023-06-18T09:54:10.829+0000] {dag.py:2726} INFO - Sync 2 DAGs
[2023-06-18T09:54:10.875+0000] {logging_mixin.py:149} INFO - [2023-06-18T09:54:10.875+0000] {dag.py:3490} INFO - Setting next_dagrun for example_xcom_args to None, run_after=None
[2023-06-18T09:54:10.880+0000] {logging_mixin.py:149} INFO - [2023-06-18T09:54:10.880+0000] {dag.py:3490} INFO - Setting next_dagrun for example_xcom_args_with_operators to None, run_after=None
[2023-06-18T09:54:11.094+0000] {processor.py:179} INFO - Processing /home/airflow/.local/lib/python3.7/site-packages/airflow/example_dags/example_xcomargs.py took 0.423 seconds
[2023-06-18T09:54:41.709+0000] {processor.py:157} INFO - Started process (PID=314) to work on /home/airflow/.local/lib/python3.7/site-packages/airflow/example_dags/example_xcomargs.py
[2023-06-18T09:54:41.710+0000] {processor.py:826} INFO - Processing file /home/airflow/.local/lib/python3.7/site-packages/airflow/example_dags/example_xcomargs.py for tasks to queue
[2023-06-18T09:54:41.711+0000] {logging_mixin.py:149} INFO - [2023-06-18T09:54:41.711+0000] {dagbag.py:541} INFO - Filling up the DagBag from /home/airflow/.local/lib/python3.7/site-packages/airflow/example_dags/example_xcomargs.py
[2023-06-18T09:54:41.726+0000] {processor.py:836} INFO - DAG(s) dict_keys(['example_xcom_args_with_operators', 'example_xcom_args']) retrieved from /home/airflow/.local/lib/python3.7/site-packages/airflow/example_dags/example_xcomargs.py
[2023-06-18T09:54:41.778+0000] {logging_mixin.py:149} INFO - [2023-06-18T09:54:41.778+0000] {dag.py:2726} INFO - Sync 2 DAGs
[2023-06-18T09:54:41.823+0000] {logging_mixin.py:149} INFO - [2023-06-18T09:54:41.823+0000] {dag.py:3490} INFO - Setting next_dagrun for example_xcom_args to None, run_after=None
[2023-06-18T09:54:41.829+0000] {logging_mixin.py:149} INFO - [2023-06-18T09:54:41.829+0000] {dag.py:3490} INFO - Setting next_dagrun for example_xcom_args_with_operators to None, run_after=None
[2023-06-18T09:54:42.115+0000] {processor.py:179} INFO - Processing /home/airflow/.local/lib/python3.7/site-packages/airflow/example_dags/example_xcomargs.py took 0.414 seconds
[2023-06-18T09:55:12.401+0000] {processor.py:157} INFO - Started process (PID=383) to work on /home/airflow/.local/lib/python3.7/site-packages/airflow/example_dags/example_xcomargs.py
[2023-06-18T09:55:12.416+0000] {processor.py:826} INFO - Processing file /home/airflow/.local/lib/python3.7/site-packages/airflow/example_dags/example_xcomargs.py for tasks to queue
[2023-06-18T09:55:12.417+0000] {logging_mixin.py:149} INFO - [2023-06-18T09:55:12.417+0000] {dagbag.py:541} INFO - Filling up the DagBag from /home/airflow/.local/lib/python3.7/site-packages/airflow/example_dags/example_xcomargs.py
[2023-06-18T09:55:12.431+0000] {processor.py:836} INFO - DAG(s) dict_keys(['example_xcom_args', 'example_xcom_args_with_operators']) retrieved from /home/airflow/.local/lib/python3.7/site-packages/airflow/example_dags/example_xcomargs.py
[2023-06-18T09:55:12.480+0000] {logging_mixin.py:149} INFO - [2023-06-18T09:55:12.480+0000] {dag.py:2726} INFO - Sync 2 DAGs
[2023-06-18T09:55:12.520+0000] {logging_mixin.py:149} INFO - [2023-06-18T09:55:12.520+0000] {dag.py:3490} INFO - Setting next_dagrun for example_xcom_args to None, run_after=None
[2023-06-18T09:55:12.526+0000] {logging_mixin.py:149} INFO - [2023-06-18T09:55:12.526+0000] {dag.py:3490} INFO - Setting next_dagrun for example_xcom_args_with_operators to None, run_after=None
[2023-06-18T09:55:12.641+0000] {processor.py:179} INFO - Processing /home/airflow/.local/lib/python3.7/site-packages/airflow/example_dags/example_xcomargs.py took 0.246 seconds
[2023-06-18T09:55:43.051+0000] {processor.py:157} INFO - Started process (PID=450) to work on /home/airflow/.local/lib/python3.7/site-packages/airflow/example_dags/example_xcomargs.py
[2023-06-18T09:55:43.075+0000] {processor.py:826} INFO - Processing file /home/airflow/.local/lib/python3.7/site-packages/airflow/example_dags/example_xcomargs.py for tasks to queue
[2023-06-18T09:55:43.076+0000] {logging_mixin.py:149} INFO - [2023-06-18T09:55:43.076+0000] {dagbag.py:541} INFO - Filling up the DagBag from /home/airflow/.local/lib/python3.7/site-packages/airflow/example_dags/example_xcomargs.py
[2023-06-18T09:55:43.086+0000] {processor.py:836} INFO - DAG(s) dict_keys(['example_xcom_args', 'example_xcom_args_with_operators']) retrieved from /home/airflow/.local/lib/python3.7/site-packages/airflow/example_dags/example_xcomargs.py
[2023-06-18T09:55:43.136+0000] {logging_mixin.py:149} INFO - [2023-06-18T09:55:43.135+0000] {dag.py:2726} INFO - Sync 2 DAGs
[2023-06-18T09:55:43.184+0000] {logging_mixin.py:149} INFO - [2023-06-18T09:55:43.183+0000] {dag.py:3490} INFO - Setting next_dagrun for example_xcom_args to None, run_after=None
[2023-06-18T09:55:43.190+0000] {logging_mixin.py:149} INFO - [2023-06-18T09:55:43.190+0000] {dag.py:3490} INFO - Setting next_dagrun for example_xcom_args_with_operators to None, run_after=None
[2023-06-18T09:55:43.242+0000] {processor.py:179} INFO - Processing /home/airflow/.local/lib/python3.7/site-packages/airflow/example_dags/example_xcomargs.py took 0.197 seconds
[2023-06-18T09:56:13.345+0000] {processor.py:157} INFO - Started process (PID=518) to work on /home/airflow/.local/lib/python3.7/site-packages/airflow/example_dags/example_xcomargs.py
[2023-06-18T09:56:13.372+0000] {processor.py:826} INFO - Processing file /home/airflow/.local/lib/python3.7/site-packages/airflow/example_dags/example_xcomargs.py for tasks to queue
[2023-06-18T09:56:13.374+0000] {logging_mixin.py:149} INFO - [2023-06-18T09:56:13.373+0000] {dagbag.py:541} INFO - Filling up the DagBag from /home/airflow/.local/lib/python3.7/site-packages/airflow/example_dags/example_xcomargs.py
[2023-06-18T09:56:13.388+0000] {processor.py:836} INFO - DAG(s) dict_keys(['example_xcom_args', 'example_xcom_args_with_operators']) retrieved from /home/airflow/.local/lib/python3.7/site-packages/airflow/example_dags/example_xcomargs.py
[2023-06-18T09:56:13.445+0000] {logging_mixin.py:149} INFO - [2023-06-18T09:56:13.445+0000] {dag.py:2726} INFO - Sync 2 DAGs
[2023-06-18T09:56:13.503+0000] {logging_mixin.py:149} INFO - [2023-06-18T09:56:13.503+0000] {dag.py:3490} INFO - Setting next_dagrun for example_xcom_args to None, run_after=None
[2023-06-18T09:56:13.508+0000] {logging_mixin.py:149} INFO - [2023-06-18T09:56:13.508+0000] {dag.py:3490} INFO - Setting next_dagrun for example_xcom_args_with_operators to None, run_after=None
[2023-06-18T09:56:13.545+0000] {processor.py:179} INFO - Processing /home/airflow/.local/lib/python3.7/site-packages/airflow/example_dags/example_xcomargs.py took 0.208 seconds
