[2023-06-18T09:51:27.704+0000] {processor.py:157} INFO - Started process (PID=98) to work on /home/airflow/.local/lib/python3.7/site-packages/airflow/example_dags/example_subdag_operator.py
[2023-06-18T09:51:27.705+0000] {processor.py:826} INFO - Processing file /home/airflow/.local/lib/python3.7/site-packages/airflow/example_dags/example_subdag_operator.py for tasks to queue
[2023-06-18T09:51:27.706+0000] {logging_mixin.py:149} INFO - [2023-06-18T09:51:27.706+0000] {dagbag.py:541} INFO - Filling up the DagBag from /home/airflow/.local/lib/python3.7/site-packages/airflow/example_dags/example_subdag_operator.py
[2023-06-18T09:51:27.860+0000] {processor.py:836} INFO - DAG(s) dict_keys(['example_subdag_operator.section-1', 'example_subdag_operator.section-2', 'example_subdag_operator']) retrieved from /home/airflow/.local/lib/python3.7/site-packages/airflow/example_dags/example_subdag_operator.py
[2023-06-18T09:51:27.892+0000] {logging_mixin.py:149} INFO - [2023-06-18T09:51:27.891+0000] {dag.py:2726} INFO - Sync 3 DAGs
[2023-06-18T09:51:27.929+0000] {logging_mixin.py:149} INFO - [2023-06-18T09:51:27.929+0000] {dag.py:3490} INFO - Setting next_dagrun for example_subdag_operator to 2022-01-01T00:00:00+00:00, run_after=2022-01-01T00:00:00+00:00
[2023-06-18T09:51:27.935+0000] {logging_mixin.py:149} INFO - [2023-06-18T09:51:27.935+0000] {dag.py:3490} INFO - Setting next_dagrun for example_subdag_operator.section-1 to None, run_after=None
[2023-06-18T09:51:27.937+0000] {logging_mixin.py:149} INFO - [2023-06-18T09:51:27.937+0000] {dag.py:3490} INFO - Setting next_dagrun for example_subdag_operator.section-2 to None, run_after=None
[2023-06-18T09:51:27.946+0000] {logging_mixin.py:149} INFO - [2023-06-18T09:51:27.946+0000] {dag.py:2726} INFO - Sync 2 DAGs
[2023-06-18T09:51:27.954+0000] {logging_mixin.py:149} INFO - [2023-06-18T09:51:27.954+0000] {dag.py:3490} INFO - Setting next_dagrun for example_subdag_operator.section-1 to None, run_after=None
[2023-06-18T09:51:27.955+0000] {logging_mixin.py:149} INFO - [2023-06-18T09:51:27.955+0000] {dag.py:3490} INFO - Setting next_dagrun for example_subdag_operator.section-2 to None, run_after=None
[2023-06-18T09:51:28.082+0000] {processor.py:179} INFO - Processing /home/airflow/.local/lib/python3.7/site-packages/airflow/example_dags/example_subdag_operator.py took 0.386 seconds
[2023-06-18T09:53:01.771+0000] {processor.py:157} INFO - Started process (PID=181) to work on /home/airflow/.local/lib/python3.7/site-packages/airflow/example_dags/example_subdag_operator.py
[2023-06-18T09:53:01.842+0000] {processor.py:826} INFO - Processing file /home/airflow/.local/lib/python3.7/site-packages/airflow/example_dags/example_subdag_operator.py for tasks to queue
[2023-06-18T09:53:01.844+0000] {logging_mixin.py:149} INFO - [2023-06-18T09:53:01.844+0000] {dagbag.py:541} INFO - Filling up the DagBag from /home/airflow/.local/lib/python3.7/site-packages/airflow/example_dags/example_subdag_operator.py
[2023-06-18T09:53:02.013+0000] {processor.py:836} INFO - DAG(s) dict_keys(['example_subdag_operator.section-1', 'example_subdag_operator.section-2', 'example_subdag_operator']) retrieved from /home/airflow/.local/lib/python3.7/site-packages/airflow/example_dags/example_subdag_operator.py
[2023-06-18T09:53:02.053+0000] {logging_mixin.py:149} INFO - [2023-06-18T09:53:02.053+0000] {dag.py:2726} INFO - Sync 3 DAGs
[2023-06-18T09:53:02.266+0000] {logging_mixin.py:149} INFO - [2023-06-18T09:53:02.266+0000] {dag.py:3490} INFO - Setting next_dagrun for example_subdag_operator to 2022-01-01T00:00:00+00:00, run_after=2022-01-01T00:00:00+00:00
[2023-06-18T09:53:02.271+0000] {logging_mixin.py:149} INFO - [2023-06-18T09:53:02.270+0000] {dag.py:3490} INFO - Setting next_dagrun for example_subdag_operator.section-1 to None, run_after=None
[2023-06-18T09:53:02.273+0000] {logging_mixin.py:149} INFO - [2023-06-18T09:53:02.273+0000] {dag.py:3490} INFO - Setting next_dagrun for example_subdag_operator.section-2 to None, run_after=None
[2023-06-18T09:53:02.283+0000] {logging_mixin.py:149} INFO - [2023-06-18T09:53:02.283+0000] {dag.py:2726} INFO - Sync 2 DAGs
[2023-06-18T09:53:02.297+0000] {logging_mixin.py:149} INFO - [2023-06-18T09:53:02.296+0000] {dag.py:3490} INFO - Setting next_dagrun for example_subdag_operator.section-1 to None, run_after=None
[2023-06-18T09:53:02.297+0000] {logging_mixin.py:149} INFO - [2023-06-18T09:53:02.297+0000] {dag.py:3490} INFO - Setting next_dagrun for example_subdag_operator.section-2 to None, run_after=None
[2023-06-18T09:53:02.431+0000] {processor.py:179} INFO - Processing /home/airflow/.local/lib/python3.7/site-packages/airflow/example_dags/example_subdag_operator.py took 0.676 seconds
[2023-06-18T09:54:14.010+0000] {processor.py:157} INFO - Started process (PID=259) to work on /home/airflow/.local/lib/python3.7/site-packages/airflow/example_dags/example_subdag_operator.py
[2023-06-18T09:54:14.130+0000] {processor.py:826} INFO - Processing file /home/airflow/.local/lib/python3.7/site-packages/airflow/example_dags/example_subdag_operator.py for tasks to queue
[2023-06-18T09:54:14.131+0000] {logging_mixin.py:149} INFO - [2023-06-18T09:54:14.131+0000] {dagbag.py:541} INFO - Filling up the DagBag from /home/airflow/.local/lib/python3.7/site-packages/airflow/example_dags/example_subdag_operator.py
[2023-06-18T09:54:14.173+0000] {processor.py:836} INFO - DAG(s) dict_keys(['example_subdag_operator.section-1', 'example_subdag_operator.section-2', 'example_subdag_operator']) retrieved from /home/airflow/.local/lib/python3.7/site-packages/airflow/example_dags/example_subdag_operator.py
[2023-06-18T09:54:14.208+0000] {logging_mixin.py:149} INFO - [2023-06-18T09:54:14.208+0000] {dag.py:2726} INFO - Sync 3 DAGs
[2023-06-18T09:54:14.253+0000] {logging_mixin.py:149} INFO - [2023-06-18T09:54:14.253+0000] {dag.py:3490} INFO - Setting next_dagrun for example_subdag_operator to 2022-01-01T00:00:00+00:00, run_after=2022-01-01T00:00:00+00:00
[2023-06-18T09:54:14.261+0000] {logging_mixin.py:149} INFO - [2023-06-18T09:54:14.260+0000] {dag.py:3490} INFO - Setting next_dagrun for example_subdag_operator.section-1 to None, run_after=None
[2023-06-18T09:54:14.263+0000] {logging_mixin.py:149} INFO - [2023-06-18T09:54:14.263+0000] {dag.py:3490} INFO - Setting next_dagrun for example_subdag_operator.section-2 to None, run_after=None
[2023-06-18T09:54:14.275+0000] {logging_mixin.py:149} INFO - [2023-06-18T09:54:14.274+0000] {dag.py:2726} INFO - Sync 2 DAGs
[2023-06-18T09:54:14.285+0000] {logging_mixin.py:149} INFO - [2023-06-18T09:54:14.285+0000] {dag.py:3490} INFO - Setting next_dagrun for example_subdag_operator.section-1 to None, run_after=None
[2023-06-18T09:54:14.286+0000] {logging_mixin.py:149} INFO - [2023-06-18T09:54:14.286+0000] {dag.py:3490} INFO - Setting next_dagrun for example_subdag_operator.section-2 to None, run_after=None
[2023-06-18T09:54:14.398+0000] {processor.py:179} INFO - Processing /home/airflow/.local/lib/python3.7/site-packages/airflow/example_dags/example_subdag_operator.py took 0.392 seconds
[2023-06-18T09:54:44.482+0000] {processor.py:157} INFO - Started process (PID=323) to work on /home/airflow/.local/lib/python3.7/site-packages/airflow/example_dags/example_subdag_operator.py
[2023-06-18T09:54:44.483+0000] {processor.py:826} INFO - Processing file /home/airflow/.local/lib/python3.7/site-packages/airflow/example_dags/example_subdag_operator.py for tasks to queue
[2023-06-18T09:54:44.485+0000] {logging_mixin.py:149} INFO - [2023-06-18T09:54:44.484+0000] {dagbag.py:541} INFO - Filling up the DagBag from /home/airflow/.local/lib/python3.7/site-packages/airflow/example_dags/example_subdag_operator.py
[2023-06-18T09:54:44.517+0000] {processor.py:836} INFO - DAG(s) dict_keys(['example_subdag_operator.section-1', 'example_subdag_operator.section-2', 'example_subdag_operator']) retrieved from /home/airflow/.local/lib/python3.7/site-packages/airflow/example_dags/example_subdag_operator.py
[2023-06-18T09:54:44.543+0000] {logging_mixin.py:149} INFO - [2023-06-18T09:54:44.543+0000] {dag.py:2726} INFO - Sync 3 DAGs
[2023-06-18T09:54:44.580+0000] {logging_mixin.py:149} INFO - [2023-06-18T09:54:44.579+0000] {dag.py:3490} INFO - Setting next_dagrun for example_subdag_operator to 2022-01-01T00:00:00+00:00, run_after=2022-01-01T00:00:00+00:00
[2023-06-18T09:54:44.584+0000] {logging_mixin.py:149} INFO - [2023-06-18T09:54:44.584+0000] {dag.py:3490} INFO - Setting next_dagrun for example_subdag_operator.section-1 to None, run_after=None
[2023-06-18T09:54:44.586+0000] {logging_mixin.py:149} INFO - [2023-06-18T09:54:44.586+0000] {dag.py:3490} INFO - Setting next_dagrun for example_subdag_operator.section-2 to None, run_after=None
[2023-06-18T09:54:44.598+0000] {logging_mixin.py:149} INFO - [2023-06-18T09:54:44.597+0000] {dag.py:2726} INFO - Sync 2 DAGs
[2023-06-18T09:54:44.606+0000] {logging_mixin.py:149} INFO - [2023-06-18T09:54:44.606+0000] {dag.py:3490} INFO - Setting next_dagrun for example_subdag_operator.section-1 to None, run_after=None
[2023-06-18T09:54:44.606+0000] {logging_mixin.py:149} INFO - [2023-06-18T09:54:44.606+0000] {dag.py:3490} INFO - Setting next_dagrun for example_subdag_operator.section-2 to None, run_after=None
[2023-06-18T09:54:44.735+0000] {processor.py:179} INFO - Processing /home/airflow/.local/lib/python3.7/site-packages/airflow/example_dags/example_subdag_operator.py took 0.256 seconds
[2023-06-18T09:55:14.934+0000] {processor.py:157} INFO - Started process (PID=391) to work on /home/airflow/.local/lib/python3.7/site-packages/airflow/example_dags/example_subdag_operator.py
[2023-06-18T09:55:14.936+0000] {processor.py:826} INFO - Processing file /home/airflow/.local/lib/python3.7/site-packages/airflow/example_dags/example_subdag_operator.py for tasks to queue
[2023-06-18T09:55:14.936+0000] {logging_mixin.py:149} INFO - [2023-06-18T09:55:14.936+0000] {dagbag.py:541} INFO - Filling up the DagBag from /home/airflow/.local/lib/python3.7/site-packages/airflow/example_dags/example_subdag_operator.py
[2023-06-18T09:55:14.972+0000] {processor.py:836} INFO - DAG(s) dict_keys(['example_subdag_operator.section-1', 'example_subdag_operator.section-2', 'example_subdag_operator']) retrieved from /home/airflow/.local/lib/python3.7/site-packages/airflow/example_dags/example_subdag_operator.py
[2023-06-18T09:55:14.998+0000] {logging_mixin.py:149} INFO - [2023-06-18T09:55:14.997+0000] {dag.py:2726} INFO - Sync 3 DAGs
[2023-06-18T09:55:15.036+0000] {logging_mixin.py:149} INFO - [2023-06-18T09:55:15.036+0000] {dag.py:3490} INFO - Setting next_dagrun for example_subdag_operator to 2022-01-01T00:00:00+00:00, run_after=2022-01-01T00:00:00+00:00
[2023-06-18T09:55:15.041+0000] {logging_mixin.py:149} INFO - [2023-06-18T09:55:15.040+0000] {dag.py:3490} INFO - Setting next_dagrun for example_subdag_operator.section-1 to None, run_after=None
[2023-06-18T09:55:15.042+0000] {logging_mixin.py:149} INFO - [2023-06-18T09:55:15.042+0000] {dag.py:3490} INFO - Setting next_dagrun for example_subdag_operator.section-2 to None, run_after=None
[2023-06-18T09:55:15.054+0000] {logging_mixin.py:149} INFO - [2023-06-18T09:55:15.054+0000] {dag.py:2726} INFO - Sync 2 DAGs
[2023-06-18T09:55:15.068+0000] {logging_mixin.py:149} INFO - [2023-06-18T09:55:15.067+0000] {dag.py:3490} INFO - Setting next_dagrun for example_subdag_operator.section-1 to None, run_after=None
[2023-06-18T09:55:15.068+0000] {logging_mixin.py:149} INFO - [2023-06-18T09:55:15.068+0000] {dag.py:3490} INFO - Setting next_dagrun for example_subdag_operator.section-2 to None, run_after=None
[2023-06-18T09:55:15.158+0000] {processor.py:179} INFO - Processing /home/airflow/.local/lib/python3.7/site-packages/airflow/example_dags/example_subdag_operator.py took 0.228 seconds
[2023-06-18T09:55:45.821+0000] {processor.py:157} INFO - Started process (PID=459) to work on /home/airflow/.local/lib/python3.7/site-packages/airflow/example_dags/example_subdag_operator.py
[2023-06-18T09:55:45.834+0000] {processor.py:826} INFO - Processing file /home/airflow/.local/lib/python3.7/site-packages/airflow/example_dags/example_subdag_operator.py for tasks to queue
[2023-06-18T09:55:45.836+0000] {logging_mixin.py:149} INFO - [2023-06-18T09:55:45.836+0000] {dagbag.py:541} INFO - Filling up the DagBag from /home/airflow/.local/lib/python3.7/site-packages/airflow/example_dags/example_subdag_operator.py
[2023-06-18T09:55:45.880+0000] {processor.py:836} INFO - DAG(s) dict_keys(['example_subdag_operator.section-1', 'example_subdag_operator.section-2', 'example_subdag_operator']) retrieved from /home/airflow/.local/lib/python3.7/site-packages/airflow/example_dags/example_subdag_operator.py
[2023-06-18T09:55:45.905+0000] {logging_mixin.py:149} INFO - [2023-06-18T09:55:45.905+0000] {dag.py:2726} INFO - Sync 3 DAGs
[2023-06-18T09:55:45.940+0000] {logging_mixin.py:149} INFO - [2023-06-18T09:55:45.939+0000] {dag.py:3490} INFO - Setting next_dagrun for example_subdag_operator to 2022-01-01T00:00:00+00:00, run_after=2022-01-01T00:00:00+00:00
[2023-06-18T09:55:45.944+0000] {logging_mixin.py:149} INFO - [2023-06-18T09:55:45.944+0000] {dag.py:3490} INFO - Setting next_dagrun for example_subdag_operator.section-1 to None, run_after=None
[2023-06-18T09:55:45.946+0000] {logging_mixin.py:149} INFO - [2023-06-18T09:55:45.946+0000] {dag.py:3490} INFO - Setting next_dagrun for example_subdag_operator.section-2 to None, run_after=None
[2023-06-18T09:55:45.956+0000] {logging_mixin.py:149} INFO - [2023-06-18T09:55:45.955+0000] {dag.py:2726} INFO - Sync 2 DAGs
[2023-06-18T09:55:45.964+0000] {logging_mixin.py:149} INFO - [2023-06-18T09:55:45.964+0000] {dag.py:3490} INFO - Setting next_dagrun for example_subdag_operator.section-1 to None, run_after=None
[2023-06-18T09:55:45.965+0000] {logging_mixin.py:149} INFO - [2023-06-18T09:55:45.964+0000] {dag.py:3490} INFO - Setting next_dagrun for example_subdag_operator.section-2 to None, run_after=None
[2023-06-18T09:55:45.990+0000] {processor.py:179} INFO - Processing /home/airflow/.local/lib/python3.7/site-packages/airflow/example_dags/example_subdag_operator.py took 0.175 seconds
[2023-06-18T09:56:16.109+0000] {processor.py:157} INFO - Started process (PID=527) to work on /home/airflow/.local/lib/python3.7/site-packages/airflow/example_dags/example_subdag_operator.py
[2023-06-18T09:56:16.203+0000] {processor.py:826} INFO - Processing file /home/airflow/.local/lib/python3.7/site-packages/airflow/example_dags/example_subdag_operator.py for tasks to queue
[2023-06-18T09:56:16.205+0000] {logging_mixin.py:149} INFO - [2023-06-18T09:56:16.205+0000] {dagbag.py:541} INFO - Filling up the DagBag from /home/airflow/.local/lib/python3.7/site-packages/airflow/example_dags/example_subdag_operator.py
[2023-06-18T09:56:16.255+0000] {processor.py:836} INFO - DAG(s) dict_keys(['example_subdag_operator.section-1', 'example_subdag_operator.section-2', 'example_subdag_operator']) retrieved from /home/airflow/.local/lib/python3.7/site-packages/airflow/example_dags/example_subdag_operator.py
[2023-06-18T09:56:16.288+0000] {logging_mixin.py:149} INFO - [2023-06-18T09:56:16.288+0000] {dag.py:2726} INFO - Sync 3 DAGs
[2023-06-18T09:56:16.322+0000] {logging_mixin.py:149} INFO - [2023-06-18T09:56:16.321+0000] {dag.py:3490} INFO - Setting next_dagrun for example_subdag_operator to 2022-01-01T00:00:00+00:00, run_after=2022-01-01T00:00:00+00:00
[2023-06-18T09:56:16.326+0000] {logging_mixin.py:149} INFO - [2023-06-18T09:56:16.326+0000] {dag.py:3490} INFO - Setting next_dagrun for example_subdag_operator.section-1 to None, run_after=None
[2023-06-18T09:56:16.328+0000] {logging_mixin.py:149} INFO - [2023-06-18T09:56:16.327+0000] {dag.py:3490} INFO - Setting next_dagrun for example_subdag_operator.section-2 to None, run_after=None
[2023-06-18T09:56:16.337+0000] {logging_mixin.py:149} INFO - [2023-06-18T09:56:16.337+0000] {dag.py:2726} INFO - Sync 2 DAGs
[2023-06-18T09:56:16.345+0000] {logging_mixin.py:149} INFO - [2023-06-18T09:56:16.344+0000] {dag.py:3490} INFO - Setting next_dagrun for example_subdag_operator.section-1 to None, run_after=None
[2023-06-18T09:56:16.345+0000] {logging_mixin.py:149} INFO - [2023-06-18T09:56:16.345+0000] {dag.py:3490} INFO - Setting next_dagrun for example_subdag_operator.section-2 to None, run_after=None
[2023-06-18T09:56:16.374+0000] {processor.py:179} INFO - Processing /home/airflow/.local/lib/python3.7/site-packages/airflow/example_dags/example_subdag_operator.py took 0.271 seconds
