[2023-06-18T09:51:21.912+0000] {processor.py:157} INFO - Started process (PID=78) to work on /home/airflow/.local/lib/python3.7/site-packages/airflow/example_dags/example_python_operator.py
[2023-06-18T09:51:21.913+0000] {processor.py:826} INFO - Processing file /home/airflow/.local/lib/python3.7/site-packages/airflow/example_dags/example_python_operator.py for tasks to queue
[2023-06-18T09:51:21.913+0000] {logging_mixin.py:149} INFO - [2023-06-18T09:51:21.913+0000] {dagbag.py:541} INFO - Filling up the DagBag from /home/airflow/.local/lib/python3.7/site-packages/airflow/example_dags/example_python_operator.py
[2023-06-18T09:51:21.962+0000] {logging_mixin.py:149} INFO - [2023-06-18T09:51:21.961+0000] {taskmixin.py:211} WARNING - Dependency <Task(_PythonDecoratedOperator): print_the_context>, log_sql_query already registered for DAG: example_python_operator
[2023-06-18T09:51:21.963+0000] {logging_mixin.py:149} INFO - [2023-06-18T09:51:21.962+0000] {taskmixin.py:211} WARNING - Dependency <Task(_PythonDecoratedOperator): log_sql_query>, print_the_context already registered for DAG: example_python_operator
[2023-06-18T09:51:21.966+0000] {logging_mixin.py:149} INFO - [2023-06-18T09:51:21.965+0000] {taskmixin.py:211} WARNING - Dependency <Task(_PythonDecoratedOperator): print_the_context>, log_sql_query already registered for DAG: example_python_operator
[2023-06-18T09:51:21.966+0000] {logging_mixin.py:149} INFO - [2023-06-18T09:51:21.966+0000] {taskmixin.py:211} WARNING - Dependency <Task(_PythonDecoratedOperator): log_sql_query>, print_the_context already registered for DAG: example_python_operator
[2023-06-18T09:51:21.969+0000] {logging_mixin.py:149} INFO - [2023-06-18T09:51:21.969+0000] {taskmixin.py:211} WARNING - Dependency <Task(_PythonDecoratedOperator): print_the_context>, log_sql_query already registered for DAG: example_python_operator
[2023-06-18T09:51:21.969+0000] {logging_mixin.py:149} INFO - [2023-06-18T09:51:21.969+0000] {taskmixin.py:211} WARNING - Dependency <Task(_PythonDecoratedOperator): log_sql_query>, print_the_context already registered for DAG: example_python_operator
[2023-06-18T09:51:21.972+0000] {logging_mixin.py:149} INFO - [2023-06-18T09:51:21.971+0000] {taskmixin.py:211} WARNING - Dependency <Task(_PythonDecoratedOperator): print_the_context>, log_sql_query already registered for DAG: example_python_operator
[2023-06-18T09:51:21.972+0000] {logging_mixin.py:149} INFO - [2023-06-18T09:51:21.972+0000] {taskmixin.py:211} WARNING - Dependency <Task(_PythonDecoratedOperator): log_sql_query>, print_the_context already registered for DAG: example_python_operator
[2023-06-18T09:51:21.984+0000] {processor.py:836} INFO - DAG(s) dict_keys(['example_python_operator']) retrieved from /home/airflow/.local/lib/python3.7/site-packages/airflow/example_dags/example_python_operator.py
[2023-06-18T09:51:22.131+0000] {logging_mixin.py:149} INFO - [2023-06-18T09:51:22.130+0000] {dag.py:2726} INFO - Sync 1 DAGs
[2023-06-18T09:51:22.175+0000] {logging_mixin.py:149} INFO - [2023-06-18T09:51:22.174+0000] {dag.py:3490} INFO - Setting next_dagrun for example_python_operator to None, run_after=None
[2023-06-18T09:51:22.330+0000] {processor.py:179} INFO - Processing /home/airflow/.local/lib/python3.7/site-packages/airflow/example_dags/example_python_operator.py took 0.422 seconds
[2023-06-18T09:52:50.244+0000] {processor.py:157} INFO - Started process (PID=153) to work on /home/airflow/.local/lib/python3.7/site-packages/airflow/example_dags/example_python_operator.py
[2023-06-18T09:52:50.425+0000] {processor.py:826} INFO - Processing file /home/airflow/.local/lib/python3.7/site-packages/airflow/example_dags/example_python_operator.py for tasks to queue
[2023-06-18T09:52:50.428+0000] {logging_mixin.py:149} INFO - [2023-06-18T09:52:50.427+0000] {dagbag.py:541} INFO - Filling up the DagBag from /home/airflow/.local/lib/python3.7/site-packages/airflow/example_dags/example_python_operator.py
[2023-06-18T09:52:50.657+0000] {logging_mixin.py:149} INFO - [2023-06-18T09:52:50.656+0000] {taskmixin.py:211} WARNING - Dependency <Task(_PythonDecoratedOperator): print_the_context>, log_sql_query already registered for DAG: example_python_operator
[2023-06-18T09:52:50.658+0000] {logging_mixin.py:149} INFO - [2023-06-18T09:52:50.658+0000] {taskmixin.py:211} WARNING - Dependency <Task(_PythonDecoratedOperator): log_sql_query>, print_the_context already registered for DAG: example_python_operator
[2023-06-18T09:52:50.659+0000] {logging_mixin.py:149} INFO - [2023-06-18T09:52:50.659+0000] {taskmixin.py:211} WARNING - Dependency <Task(_PythonDecoratedOperator): print_the_context>, log_sql_query already registered for DAG: example_python_operator
[2023-06-18T09:52:50.660+0000] {logging_mixin.py:149} INFO - [2023-06-18T09:52:50.660+0000] {taskmixin.py:211} WARNING - Dependency <Task(_PythonDecoratedOperator): log_sql_query>, print_the_context already registered for DAG: example_python_operator
[2023-06-18T09:52:50.661+0000] {logging_mixin.py:149} INFO - [2023-06-18T09:52:50.661+0000] {taskmixin.py:211} WARNING - Dependency <Task(_PythonDecoratedOperator): print_the_context>, log_sql_query already registered for DAG: example_python_operator
[2023-06-18T09:52:50.662+0000] {logging_mixin.py:149} INFO - [2023-06-18T09:52:50.662+0000] {taskmixin.py:211} WARNING - Dependency <Task(_PythonDecoratedOperator): log_sql_query>, print_the_context already registered for DAG: example_python_operator
[2023-06-18T09:52:50.663+0000] {logging_mixin.py:149} INFO - [2023-06-18T09:52:50.663+0000] {taskmixin.py:211} WARNING - Dependency <Task(_PythonDecoratedOperator): print_the_context>, log_sql_query already registered for DAG: example_python_operator
[2023-06-18T09:52:50.663+0000] {logging_mixin.py:149} INFO - [2023-06-18T09:52:50.663+0000] {taskmixin.py:211} WARNING - Dependency <Task(_PythonDecoratedOperator): log_sql_query>, print_the_context already registered for DAG: example_python_operator
[2023-06-18T09:52:50.668+0000] {processor.py:836} INFO - DAG(s) dict_keys(['example_python_operator']) retrieved from /home/airflow/.local/lib/python3.7/site-packages/airflow/example_dags/example_python_operator.py
[2023-06-18T09:52:50.713+0000] {logging_mixin.py:149} INFO - [2023-06-18T09:52:50.713+0000] {dag.py:2726} INFO - Sync 1 DAGs
[2023-06-18T09:52:50.917+0000] {logging_mixin.py:149} INFO - [2023-06-18T09:52:50.916+0000] {dag.py:3490} INFO - Setting next_dagrun for example_python_operator to None, run_after=None
[2023-06-18T09:52:51.145+0000] {processor.py:179} INFO - Processing /home/airflow/.local/lib/python3.7/site-packages/airflow/example_dags/example_python_operator.py took 0.914 seconds
[2023-06-18T09:54:05.465+0000] {processor.py:157} INFO - Started process (PID=232) to work on /home/airflow/.local/lib/python3.7/site-packages/airflow/example_dags/example_python_operator.py
[2023-06-18T09:54:05.572+0000] {processor.py:826} INFO - Processing file /home/airflow/.local/lib/python3.7/site-packages/airflow/example_dags/example_python_operator.py for tasks to queue
[2023-06-18T09:54:05.576+0000] {logging_mixin.py:149} INFO - [2023-06-18T09:54:05.575+0000] {dagbag.py:541} INFO - Filling up the DagBag from /home/airflow/.local/lib/python3.7/site-packages/airflow/example_dags/example_python_operator.py
[2023-06-18T09:54:05.603+0000] {logging_mixin.py:149} INFO - [2023-06-18T09:54:05.603+0000] {taskmixin.py:211} WARNING - Dependency <Task(_PythonDecoratedOperator): print_the_context>, log_sql_query already registered for DAG: example_python_operator
[2023-06-18T09:54:05.604+0000] {logging_mixin.py:149} INFO - [2023-06-18T09:54:05.604+0000] {taskmixin.py:211} WARNING - Dependency <Task(_PythonDecoratedOperator): log_sql_query>, print_the_context already registered for DAG: example_python_operator
[2023-06-18T09:54:05.605+0000] {logging_mixin.py:149} INFO - [2023-06-18T09:54:05.605+0000] {taskmixin.py:211} WARNING - Dependency <Task(_PythonDecoratedOperator): print_the_context>, log_sql_query already registered for DAG: example_python_operator
[2023-06-18T09:54:05.606+0000] {logging_mixin.py:149} INFO - [2023-06-18T09:54:05.605+0000] {taskmixin.py:211} WARNING - Dependency <Task(_PythonDecoratedOperator): log_sql_query>, print_the_context already registered for DAG: example_python_operator
[2023-06-18T09:54:05.607+0000] {logging_mixin.py:149} INFO - [2023-06-18T09:54:05.607+0000] {taskmixin.py:211} WARNING - Dependency <Task(_PythonDecoratedOperator): print_the_context>, log_sql_query already registered for DAG: example_python_operator
[2023-06-18T09:54:05.608+0000] {logging_mixin.py:149} INFO - [2023-06-18T09:54:05.607+0000] {taskmixin.py:211} WARNING - Dependency <Task(_PythonDecoratedOperator): log_sql_query>, print_the_context already registered for DAG: example_python_operator
[2023-06-18T09:54:05.609+0000] {logging_mixin.py:149} INFO - [2023-06-18T09:54:05.609+0000] {taskmixin.py:211} WARNING - Dependency <Task(_PythonDecoratedOperator): print_the_context>, log_sql_query already registered for DAG: example_python_operator
[2023-06-18T09:54:05.609+0000] {logging_mixin.py:149} INFO - [2023-06-18T09:54:05.609+0000] {taskmixin.py:211} WARNING - Dependency <Task(_PythonDecoratedOperator): log_sql_query>, print_the_context already registered for DAG: example_python_operator
[2023-06-18T09:54:05.621+0000] {processor.py:836} INFO - DAG(s) dict_keys(['example_python_operator']) retrieved from /home/airflow/.local/lib/python3.7/site-packages/airflow/example_dags/example_python_operator.py
[2023-06-18T09:54:05.696+0000] {logging_mixin.py:149} INFO - [2023-06-18T09:54:05.696+0000] {dag.py:2726} INFO - Sync 1 DAGs
[2023-06-18T09:54:05.732+0000] {logging_mixin.py:149} INFO - [2023-06-18T09:54:05.732+0000] {dag.py:3490} INFO - Setting next_dagrun for example_python_operator to None, run_after=None
[2023-06-18T09:54:05.866+0000] {processor.py:179} INFO - Processing /home/airflow/.local/lib/python3.7/site-packages/airflow/example_dags/example_python_operator.py took 0.405 seconds
[2023-06-18T09:54:36.624+0000] {processor.py:157} INFO - Started process (PID=296) to work on /home/airflow/.local/lib/python3.7/site-packages/airflow/example_dags/example_python_operator.py
[2023-06-18T09:54:36.626+0000] {processor.py:826} INFO - Processing file /home/airflow/.local/lib/python3.7/site-packages/airflow/example_dags/example_python_operator.py for tasks to queue
[2023-06-18T09:54:36.628+0000] {logging_mixin.py:149} INFO - [2023-06-18T09:54:36.628+0000] {dagbag.py:541} INFO - Filling up the DagBag from /home/airflow/.local/lib/python3.7/site-packages/airflow/example_dags/example_python_operator.py
[2023-06-18T09:54:36.647+0000] {logging_mixin.py:149} INFO - [2023-06-18T09:54:36.646+0000] {taskmixin.py:211} WARNING - Dependency <Task(_PythonDecoratedOperator): print_the_context>, log_sql_query already registered for DAG: example_python_operator
[2023-06-18T09:54:36.647+0000] {logging_mixin.py:149} INFO - [2023-06-18T09:54:36.647+0000] {taskmixin.py:211} WARNING - Dependency <Task(_PythonDecoratedOperator): log_sql_query>, print_the_context already registered for DAG: example_python_operator
[2023-06-18T09:54:36.649+0000] {logging_mixin.py:149} INFO - [2023-06-18T09:54:36.649+0000] {taskmixin.py:211} WARNING - Dependency <Task(_PythonDecoratedOperator): print_the_context>, log_sql_query already registered for DAG: example_python_operator
[2023-06-18T09:54:36.650+0000] {logging_mixin.py:149} INFO - [2023-06-18T09:54:36.650+0000] {taskmixin.py:211} WARNING - Dependency <Task(_PythonDecoratedOperator): log_sql_query>, print_the_context already registered for DAG: example_python_operator
[2023-06-18T09:54:36.652+0000] {logging_mixin.py:149} INFO - [2023-06-18T09:54:36.652+0000] {taskmixin.py:211} WARNING - Dependency <Task(_PythonDecoratedOperator): print_the_context>, log_sql_query already registered for DAG: example_python_operator
[2023-06-18T09:54:36.653+0000] {logging_mixin.py:149} INFO - [2023-06-18T09:54:36.652+0000] {taskmixin.py:211} WARNING - Dependency <Task(_PythonDecoratedOperator): log_sql_query>, print_the_context already registered for DAG: example_python_operator
[2023-06-18T09:54:36.654+0000] {logging_mixin.py:149} INFO - [2023-06-18T09:54:36.654+0000] {taskmixin.py:211} WARNING - Dependency <Task(_PythonDecoratedOperator): print_the_context>, log_sql_query already registered for DAG: example_python_operator
[2023-06-18T09:54:36.655+0000] {logging_mixin.py:149} INFO - [2023-06-18T09:54:36.654+0000] {taskmixin.py:211} WARNING - Dependency <Task(_PythonDecoratedOperator): log_sql_query>, print_the_context already registered for DAG: example_python_operator
[2023-06-18T09:54:36.659+0000] {processor.py:836} INFO - DAG(s) dict_keys(['example_python_operator']) retrieved from /home/airflow/.local/lib/python3.7/site-packages/airflow/example_dags/example_python_operator.py
[2023-06-18T09:54:36.695+0000] {logging_mixin.py:149} INFO - [2023-06-18T09:54:36.695+0000] {dag.py:2726} INFO - Sync 1 DAGs
[2023-06-18T09:54:36.731+0000] {logging_mixin.py:149} INFO - [2023-06-18T09:54:36.731+0000] {dag.py:3490} INFO - Setting next_dagrun for example_python_operator to None, run_after=None
[2023-06-18T09:54:36.798+0000] {processor.py:179} INFO - Processing /home/airflow/.local/lib/python3.7/site-packages/airflow/example_dags/example_python_operator.py took 0.183 seconds
[2023-06-18T09:55:07.205+0000] {processor.py:157} INFO - Started process (PID=364) to work on /home/airflow/.local/lib/python3.7/site-packages/airflow/example_dags/example_python_operator.py
[2023-06-18T09:55:07.223+0000] {processor.py:826} INFO - Processing file /home/airflow/.local/lib/python3.7/site-packages/airflow/example_dags/example_python_operator.py for tasks to queue
[2023-06-18T09:55:07.224+0000] {logging_mixin.py:149} INFO - [2023-06-18T09:55:07.224+0000] {dagbag.py:541} INFO - Filling up the DagBag from /home/airflow/.local/lib/python3.7/site-packages/airflow/example_dags/example_python_operator.py
[2023-06-18T09:55:07.233+0000] {logging_mixin.py:149} INFO - [2023-06-18T09:55:07.232+0000] {taskmixin.py:211} WARNING - Dependency <Task(_PythonDecoratedOperator): print_the_context>, log_sql_query already registered for DAG: example_python_operator
[2023-06-18T09:55:07.233+0000] {logging_mixin.py:149} INFO - [2023-06-18T09:55:07.233+0000] {taskmixin.py:211} WARNING - Dependency <Task(_PythonDecoratedOperator): log_sql_query>, print_the_context already registered for DAG: example_python_operator
[2023-06-18T09:55:07.234+0000] {logging_mixin.py:149} INFO - [2023-06-18T09:55:07.234+0000] {taskmixin.py:211} WARNING - Dependency <Task(_PythonDecoratedOperator): print_the_context>, log_sql_query already registered for DAG: example_python_operator
[2023-06-18T09:55:07.234+0000] {logging_mixin.py:149} INFO - [2023-06-18T09:55:07.234+0000] {taskmixin.py:211} WARNING - Dependency <Task(_PythonDecoratedOperator): log_sql_query>, print_the_context already registered for DAG: example_python_operator
[2023-06-18T09:55:07.235+0000] {logging_mixin.py:149} INFO - [2023-06-18T09:55:07.235+0000] {taskmixin.py:211} WARNING - Dependency <Task(_PythonDecoratedOperator): print_the_context>, log_sql_query already registered for DAG: example_python_operator
[2023-06-18T09:55:07.235+0000] {logging_mixin.py:149} INFO - [2023-06-18T09:55:07.235+0000] {taskmixin.py:211} WARNING - Dependency <Task(_PythonDecoratedOperator): log_sql_query>, print_the_context already registered for DAG: example_python_operator
[2023-06-18T09:55:07.236+0000] {logging_mixin.py:149} INFO - [2023-06-18T09:55:07.236+0000] {taskmixin.py:211} WARNING - Dependency <Task(_PythonDecoratedOperator): print_the_context>, log_sql_query already registered for DAG: example_python_operator
[2023-06-18T09:55:07.236+0000] {logging_mixin.py:149} INFO - [2023-06-18T09:55:07.236+0000] {taskmixin.py:211} WARNING - Dependency <Task(_PythonDecoratedOperator): log_sql_query>, print_the_context already registered for DAG: example_python_operator
[2023-06-18T09:55:07.240+0000] {processor.py:836} INFO - DAG(s) dict_keys(['example_python_operator']) retrieved from /home/airflow/.local/lib/python3.7/site-packages/airflow/example_dags/example_python_operator.py
[2023-06-18T09:55:07.292+0000] {logging_mixin.py:149} INFO - [2023-06-18T09:55:07.291+0000] {dag.py:2726} INFO - Sync 1 DAGs
[2023-06-18T09:55:07.341+0000] {logging_mixin.py:149} INFO - [2023-06-18T09:55:07.341+0000] {dag.py:3490} INFO - Setting next_dagrun for example_python_operator to None, run_after=None
[2023-06-18T09:55:07.380+0000] {processor.py:179} INFO - Processing /home/airflow/.local/lib/python3.7/site-packages/airflow/example_dags/example_python_operator.py took 0.182 seconds
[2023-06-18T09:55:39.808+0000] {processor.py:157} INFO - Started process (PID=438) to work on /home/airflow/.local/lib/python3.7/site-packages/airflow/example_dags/example_python_operator.py
[2023-06-18T09:55:39.832+0000] {processor.py:826} INFO - Processing file /home/airflow/.local/lib/python3.7/site-packages/airflow/example_dags/example_python_operator.py for tasks to queue
[2023-06-18T09:55:39.833+0000] {logging_mixin.py:149} INFO - [2023-06-18T09:55:39.833+0000] {dagbag.py:541} INFO - Filling up the DagBag from /home/airflow/.local/lib/python3.7/site-packages/airflow/example_dags/example_python_operator.py
[2023-06-18T09:55:39.841+0000] {logging_mixin.py:149} INFO - [2023-06-18T09:55:39.841+0000] {taskmixin.py:211} WARNING - Dependency <Task(_PythonDecoratedOperator): print_the_context>, log_sql_query already registered for DAG: example_python_operator
[2023-06-18T09:55:39.842+0000] {logging_mixin.py:149} INFO - [2023-06-18T09:55:39.841+0000] {taskmixin.py:211} WARNING - Dependency <Task(_PythonDecoratedOperator): log_sql_query>, print_the_context already registered for DAG: example_python_operator
[2023-06-18T09:55:39.843+0000] {logging_mixin.py:149} INFO - [2023-06-18T09:55:39.842+0000] {taskmixin.py:211} WARNING - Dependency <Task(_PythonDecoratedOperator): print_the_context>, log_sql_query already registered for DAG: example_python_operator
[2023-06-18T09:55:39.843+0000] {logging_mixin.py:149} INFO - [2023-06-18T09:55:39.843+0000] {taskmixin.py:211} WARNING - Dependency <Task(_PythonDecoratedOperator): log_sql_query>, print_the_context already registered for DAG: example_python_operator
[2023-06-18T09:55:39.844+0000] {logging_mixin.py:149} INFO - [2023-06-18T09:55:39.844+0000] {taskmixin.py:211} WARNING - Dependency <Task(_PythonDecoratedOperator): print_the_context>, log_sql_query already registered for DAG: example_python_operator
[2023-06-18T09:55:39.844+0000] {logging_mixin.py:149} INFO - [2023-06-18T09:55:39.844+0000] {taskmixin.py:211} WARNING - Dependency <Task(_PythonDecoratedOperator): log_sql_query>, print_the_context already registered for DAG: example_python_operator
[2023-06-18T09:55:39.845+0000] {logging_mixin.py:149} INFO - [2023-06-18T09:55:39.845+0000] {taskmixin.py:211} WARNING - Dependency <Task(_PythonDecoratedOperator): print_the_context>, log_sql_query already registered for DAG: example_python_operator
[2023-06-18T09:55:39.845+0000] {logging_mixin.py:149} INFO - [2023-06-18T09:55:39.845+0000] {taskmixin.py:211} WARNING - Dependency <Task(_PythonDecoratedOperator): log_sql_query>, print_the_context already registered for DAG: example_python_operator
[2023-06-18T09:55:39.849+0000] {processor.py:836} INFO - DAG(s) dict_keys(['example_python_operator']) retrieved from /home/airflow/.local/lib/python3.7/site-packages/airflow/example_dags/example_python_operator.py
[2023-06-18T09:55:39.891+0000] {logging_mixin.py:149} INFO - [2023-06-18T09:55:39.891+0000] {dag.py:2726} INFO - Sync 1 DAGs
[2023-06-18T09:55:39.929+0000] {logging_mixin.py:149} INFO - [2023-06-18T09:55:39.929+0000] {dag.py:3490} INFO - Setting next_dagrun for example_python_operator to None, run_after=None
[2023-06-18T09:55:40.024+0000] {processor.py:179} INFO - Processing /home/airflow/.local/lib/python3.7/site-packages/airflow/example_dags/example_python_operator.py took 0.221 seconds
[2023-06-18T09:56:10.332+0000] {processor.py:157} INFO - Started process (PID=506) to work on /home/airflow/.local/lib/python3.7/site-packages/airflow/example_dags/example_python_operator.py
[2023-06-18T09:56:10.333+0000] {processor.py:826} INFO - Processing file /home/airflow/.local/lib/python3.7/site-packages/airflow/example_dags/example_python_operator.py for tasks to queue
[2023-06-18T09:56:10.333+0000] {logging_mixin.py:149} INFO - [2023-06-18T09:56:10.333+0000] {dagbag.py:541} INFO - Filling up the DagBag from /home/airflow/.local/lib/python3.7/site-packages/airflow/example_dags/example_python_operator.py
[2023-06-18T09:56:10.345+0000] {logging_mixin.py:149} INFO - [2023-06-18T09:56:10.345+0000] {taskmixin.py:211} WARNING - Dependency <Task(_PythonDecoratedOperator): print_the_context>, log_sql_query already registered for DAG: example_python_operator
[2023-06-18T09:56:10.345+0000] {logging_mixin.py:149} INFO - [2023-06-18T09:56:10.345+0000] {taskmixin.py:211} WARNING - Dependency <Task(_PythonDecoratedOperator): log_sql_query>, print_the_context already registered for DAG: example_python_operator
[2023-06-18T09:56:10.346+0000] {logging_mixin.py:149} INFO - [2023-06-18T09:56:10.346+0000] {taskmixin.py:211} WARNING - Dependency <Task(_PythonDecoratedOperator): print_the_context>, log_sql_query already registered for DAG: example_python_operator
[2023-06-18T09:56:10.346+0000] {logging_mixin.py:149} INFO - [2023-06-18T09:56:10.346+0000] {taskmixin.py:211} WARNING - Dependency <Task(_PythonDecoratedOperator): log_sql_query>, print_the_context already registered for DAG: example_python_operator
[2023-06-18T09:56:10.347+0000] {logging_mixin.py:149} INFO - [2023-06-18T09:56:10.347+0000] {taskmixin.py:211} WARNING - Dependency <Task(_PythonDecoratedOperator): print_the_context>, log_sql_query already registered for DAG: example_python_operator
[2023-06-18T09:56:10.348+0000] {logging_mixin.py:149} INFO - [2023-06-18T09:56:10.348+0000] {taskmixin.py:211} WARNING - Dependency <Task(_PythonDecoratedOperator): log_sql_query>, print_the_context already registered for DAG: example_python_operator
[2023-06-18T09:56:10.349+0000] {logging_mixin.py:149} INFO - [2023-06-18T09:56:10.349+0000] {taskmixin.py:211} WARNING - Dependency <Task(_PythonDecoratedOperator): print_the_context>, log_sql_query already registered for DAG: example_python_operator
[2023-06-18T09:56:10.349+0000] {logging_mixin.py:149} INFO - [2023-06-18T09:56:10.349+0000] {taskmixin.py:211} WARNING - Dependency <Task(_PythonDecoratedOperator): log_sql_query>, print_the_context already registered for DAG: example_python_operator
[2023-06-18T09:56:10.353+0000] {processor.py:836} INFO - DAG(s) dict_keys(['example_python_operator']) retrieved from /home/airflow/.local/lib/python3.7/site-packages/airflow/example_dags/example_python_operator.py
[2023-06-18T09:56:10.396+0000] {logging_mixin.py:149} INFO - [2023-06-18T09:56:10.396+0000] {dag.py:2726} INFO - Sync 1 DAGs
[2023-06-18T09:56:10.443+0000] {logging_mixin.py:149} INFO - [2023-06-18T09:56:10.443+0000] {dag.py:3490} INFO - Setting next_dagrun for example_python_operator to None, run_after=None
[2023-06-18T09:56:10.478+0000] {processor.py:179} INFO - Processing /home/airflow/.local/lib/python3.7/site-packages/airflow/example_dags/example_python_operator.py took 0.150 seconds
