[2023-06-18T09:51:21.151+0000] {processor.py:157} INFO - Started process (PID=76) to work on /home/airflow/.local/lib/python3.7/site-packages/airflow/example_dags/example_branch_python_dop_operator_3.py
[2023-06-18T09:51:21.153+0000] {processor.py:826} INFO - Processing file /home/airflow/.local/lib/python3.7/site-packages/airflow/example_dags/example_branch_python_dop_operator_3.py for tasks to queue
[2023-06-18T09:51:21.154+0000] {logging_mixin.py:149} INFO - [2023-06-18T09:51:21.153+0000] {dagbag.py:541} INFO - Filling up the DagBag from /home/airflow/.local/lib/python3.7/site-packages/airflow/example_dags/example_branch_python_dop_operator_3.py
[2023-06-18T09:51:21.266+0000] {processor.py:836} INFO - DAG(s) dict_keys(['example_branch_dop_operator_v3']) retrieved from /home/airflow/.local/lib/python3.7/site-packages/airflow/example_dags/example_branch_python_dop_operator_3.py
[2023-06-18T09:51:21.311+0000] {logging_mixin.py:149} INFO - [2023-06-18T09:51:21.311+0000] {dag.py:2726} INFO - Sync 1 DAGs
[2023-06-18T09:51:21.356+0000] {logging_mixin.py:149} INFO - [2023-06-18T09:51:21.356+0000] {dag.py:3490} INFO - Setting next_dagrun for example_branch_dop_operator_v3 to 2023-06-18T09:50:00+00:00, run_after=2023-06-18T09:51:00+00:00
[2023-06-18T09:51:21.594+0000] {processor.py:179} INFO - Processing /home/airflow/.local/lib/python3.7/site-packages/airflow/example_dags/example_branch_python_dop_operator_3.py took 0.448 seconds
[2023-06-18T09:52:43.390+0000] {processor.py:157} INFO - Started process (PID=151) to work on /home/airflow/.local/lib/python3.7/site-packages/airflow/example_dags/example_branch_python_dop_operator_3.py
[2023-06-18T09:52:43.451+0000] {processor.py:826} INFO - Processing file /home/airflow/.local/lib/python3.7/site-packages/airflow/example_dags/example_branch_python_dop_operator_3.py for tasks to queue
[2023-06-18T09:52:43.454+0000] {logging_mixin.py:149} INFO - [2023-06-18T09:52:43.454+0000] {dagbag.py:541} INFO - Filling up the DagBag from /home/airflow/.local/lib/python3.7/site-packages/airflow/example_dags/example_branch_python_dop_operator_3.py
[2023-06-18T09:52:44.958+0000] {processor.py:836} INFO - DAG(s) dict_keys(['example_branch_dop_operator_v3']) retrieved from /home/airflow/.local/lib/python3.7/site-packages/airflow/example_dags/example_branch_python_dop_operator_3.py
[2023-06-18T09:52:45.638+0000] {logging_mixin.py:149} INFO - [2023-06-18T09:52:45.637+0000] {dag.py:2726} INFO - Sync 1 DAGs
[2023-06-18T09:52:49.599+0000] {logging_mixin.py:149} INFO - [2023-06-18T09:52:49.598+0000] {dag.py:3490} INFO - Setting next_dagrun for example_branch_dop_operator_v3 to 2023-06-18T09:51:00+00:00, run_after=2023-06-18T09:52:00+00:00
[2023-06-18T09:52:50.102+0000] {processor.py:179} INFO - Processing /home/airflow/.local/lib/python3.7/site-packages/airflow/example_dags/example_branch_python_dop_operator_3.py took 6.728 seconds
[2023-06-18T09:54:04.780+0000] {processor.py:157} INFO - Started process (PID=230) to work on /home/airflow/.local/lib/python3.7/site-packages/airflow/example_dags/example_branch_python_dop_operator_3.py
[2023-06-18T09:54:04.827+0000] {processor.py:826} INFO - Processing file /home/airflow/.local/lib/python3.7/site-packages/airflow/example_dags/example_branch_python_dop_operator_3.py for tasks to queue
[2023-06-18T09:54:04.830+0000] {logging_mixin.py:149} INFO - [2023-06-18T09:54:04.829+0000] {dagbag.py:541} INFO - Filling up the DagBag from /home/airflow/.local/lib/python3.7/site-packages/airflow/example_dags/example_branch_python_dop_operator_3.py
[2023-06-18T09:54:04.867+0000] {processor.py:836} INFO - DAG(s) dict_keys(['example_branch_dop_operator_v3']) retrieved from /home/airflow/.local/lib/python3.7/site-packages/airflow/example_dags/example_branch_python_dop_operator_3.py
[2023-06-18T09:54:04.909+0000] {logging_mixin.py:149} INFO - [2023-06-18T09:54:04.909+0000] {dag.py:2726} INFO - Sync 1 DAGs
[2023-06-18T09:54:04.967+0000] {logging_mixin.py:149} INFO - [2023-06-18T09:54:04.966+0000] {dag.py:3490} INFO - Setting next_dagrun for example_branch_dop_operator_v3 to 2023-06-18T09:53:00+00:00, run_after=2023-06-18T09:54:00+00:00
[2023-06-18T09:54:05.126+0000] {processor.py:179} INFO - Processing /home/airflow/.local/lib/python3.7/site-packages/airflow/example_dags/example_branch_python_dop_operator_3.py took 0.351 seconds
[2023-06-18T09:54:35.374+0000] {processor.py:157} INFO - Started process (PID=294) to work on /home/airflow/.local/lib/python3.7/site-packages/airflow/example_dags/example_branch_python_dop_operator_3.py
[2023-06-18T09:54:35.375+0000] {processor.py:826} INFO - Processing file /home/airflow/.local/lib/python3.7/site-packages/airflow/example_dags/example_branch_python_dop_operator_3.py for tasks to queue
[2023-06-18T09:54:35.376+0000] {logging_mixin.py:149} INFO - [2023-06-18T09:54:35.376+0000] {dagbag.py:541} INFO - Filling up the DagBag from /home/airflow/.local/lib/python3.7/site-packages/airflow/example_dags/example_branch_python_dop_operator_3.py
[2023-06-18T09:54:35.386+0000] {processor.py:836} INFO - DAG(s) dict_keys(['example_branch_dop_operator_v3']) retrieved from /home/airflow/.local/lib/python3.7/site-packages/airflow/example_dags/example_branch_python_dop_operator_3.py
[2023-06-18T09:54:35.421+0000] {logging_mixin.py:149} INFO - [2023-06-18T09:54:35.421+0000] {dag.py:2726} INFO - Sync 1 DAGs
[2023-06-18T09:54:35.467+0000] {logging_mixin.py:149} INFO - [2023-06-18T09:54:35.467+0000] {dag.py:3490} INFO - Setting next_dagrun for example_branch_dop_operator_v3 to 2023-06-18T09:53:00+00:00, run_after=2023-06-18T09:54:00+00:00
[2023-06-18T09:54:35.547+0000] {processor.py:179} INFO - Processing /home/airflow/.local/lib/python3.7/site-packages/airflow/example_dags/example_branch_python_dop_operator_3.py took 0.177 seconds
[2023-06-18T09:55:05.973+0000] {processor.py:157} INFO - Started process (PID=362) to work on /home/airflow/.local/lib/python3.7/site-packages/airflow/example_dags/example_branch_python_dop_operator_3.py
[2023-06-18T09:55:05.988+0000] {processor.py:826} INFO - Processing file /home/airflow/.local/lib/python3.7/site-packages/airflow/example_dags/example_branch_python_dop_operator_3.py for tasks to queue
[2023-06-18T09:55:05.989+0000] {logging_mixin.py:149} INFO - [2023-06-18T09:55:05.989+0000] {dagbag.py:541} INFO - Filling up the DagBag from /home/airflow/.local/lib/python3.7/site-packages/airflow/example_dags/example_branch_python_dop_operator_3.py
[2023-06-18T09:55:06.004+0000] {processor.py:836} INFO - DAG(s) dict_keys(['example_branch_dop_operator_v3']) retrieved from /home/airflow/.local/lib/python3.7/site-packages/airflow/example_dags/example_branch_python_dop_operator_3.py
[2023-06-18T09:55:06.048+0000] {logging_mixin.py:149} INFO - [2023-06-18T09:55:06.047+0000] {dag.py:2726} INFO - Sync 1 DAGs
[2023-06-18T09:55:06.118+0000] {logging_mixin.py:149} INFO - [2023-06-18T09:55:06.118+0000] {dag.py:3490} INFO - Setting next_dagrun for example_branch_dop_operator_v3 to 2023-06-18T09:54:00+00:00, run_after=2023-06-18T09:55:00+00:00
[2023-06-18T09:55:06.162+0000] {processor.py:179} INFO - Processing /home/airflow/.local/lib/python3.7/site-packages/airflow/example_dags/example_branch_python_dop_operator_3.py took 0.194 seconds
[2023-06-18T09:55:39.485+0000] {processor.py:157} INFO - Started process (PID=436) to work on /home/airflow/.local/lib/python3.7/site-packages/airflow/example_dags/example_branch_python_dop_operator_3.py
[2023-06-18T09:55:39.546+0000] {processor.py:826} INFO - Processing file /home/airflow/.local/lib/python3.7/site-packages/airflow/example_dags/example_branch_python_dop_operator_3.py for tasks to queue
[2023-06-18T09:55:39.548+0000] {logging_mixin.py:149} INFO - [2023-06-18T09:55:39.547+0000] {dagbag.py:541} INFO - Filling up the DagBag from /home/airflow/.local/lib/python3.7/site-packages/airflow/example_dags/example_branch_python_dop_operator_3.py
[2023-06-18T09:55:39.563+0000] {processor.py:836} INFO - DAG(s) dict_keys(['example_branch_dop_operator_v3']) retrieved from /home/airflow/.local/lib/python3.7/site-packages/airflow/example_dags/example_branch_python_dop_operator_3.py
[2023-06-18T09:55:39.600+0000] {logging_mixin.py:149} INFO - [2023-06-18T09:55:39.600+0000] {dag.py:2726} INFO - Sync 1 DAGs
[2023-06-18T09:55:39.668+0000] {logging_mixin.py:149} INFO - [2023-06-18T09:55:39.668+0000] {dag.py:3490} INFO - Setting next_dagrun for example_branch_dop_operator_v3 to 2023-06-18T09:54:00+00:00, run_after=2023-06-18T09:55:00+00:00
[2023-06-18T09:55:39.773+0000] {processor.py:179} INFO - Processing /home/airflow/.local/lib/python3.7/site-packages/airflow/example_dags/example_branch_python_dop_operator_3.py took 0.292 seconds
[2023-06-18T09:56:10.185+0000] {processor.py:157} INFO - Started process (PID=504) to work on /home/airflow/.local/lib/python3.7/site-packages/airflow/example_dags/example_branch_python_dop_operator_3.py
[2023-06-18T09:56:10.186+0000] {processor.py:826} INFO - Processing file /home/airflow/.local/lib/python3.7/site-packages/airflow/example_dags/example_branch_python_dop_operator_3.py for tasks to queue
[2023-06-18T09:56:10.187+0000] {logging_mixin.py:149} INFO - [2023-06-18T09:56:10.186+0000] {dagbag.py:541} INFO - Filling up the DagBag from /home/airflow/.local/lib/python3.7/site-packages/airflow/example_dags/example_branch_python_dop_operator_3.py
[2023-06-18T09:56:10.196+0000] {processor.py:836} INFO - DAG(s) dict_keys(['example_branch_dop_operator_v3']) retrieved from /home/airflow/.local/lib/python3.7/site-packages/airflow/example_dags/example_branch_python_dop_operator_3.py
[2023-06-18T09:56:10.227+0000] {logging_mixin.py:149} INFO - [2023-06-18T09:56:10.227+0000] {dag.py:2726} INFO - Sync 1 DAGs
[2023-06-18T09:56:10.268+0000] {logging_mixin.py:149} INFO - [2023-06-18T09:56:10.267+0000] {dag.py:3490} INFO - Setting next_dagrun for example_branch_dop_operator_v3 to 2023-06-18T09:55:00+00:00, run_after=2023-06-18T09:56:00+00:00
[2023-06-18T09:56:10.298+0000] {processor.py:179} INFO - Processing /home/airflow/.local/lib/python3.7/site-packages/airflow/example_dags/example_branch_python_dop_operator_3.py took 0.118 seconds
