[2023-06-18T09:51:26.901+0000] {processor.py:157} INFO - Started process (PID=96) to work on /home/airflow/.local/lib/python3.7/site-packages/airflow/example_dags/example_task_group_decorator.py
[2023-06-18T09:51:26.902+0000] {processor.py:826} INFO - Processing file /home/airflow/.local/lib/python3.7/site-packages/airflow/example_dags/example_task_group_decorator.py for tasks to queue
[2023-06-18T09:51:26.904+0000] {logging_mixin.py:149} INFO - [2023-06-18T09:51:26.903+0000] {dagbag.py:541} INFO - Filling up the DagBag from /home/airflow/.local/lib/python3.7/site-packages/airflow/example_dags/example_task_group_decorator.py
[2023-06-18T09:51:26.926+0000] {processor.py:836} INFO - DAG(s) dict_keys(['example_task_group_decorator']) retrieved from /home/airflow/.local/lib/python3.7/site-packages/airflow/example_dags/example_task_group_decorator.py
[2023-06-18T09:51:26.967+0000] {logging_mixin.py:149} INFO - [2023-06-18T09:51:26.966+0000] {dag.py:2726} INFO - Sync 1 DAGs
[2023-06-18T09:51:27.006+0000] {logging_mixin.py:149} INFO - [2023-06-18T09:51:27.005+0000] {dag.py:3490} INFO - Setting next_dagrun for example_task_group_decorator to 2023-06-17T09:51:27.005523+00:00, run_after=2023-06-18T09:51:27.005523+00:00
[2023-06-18T09:51:27.119+0000] {processor.py:179} INFO - Processing /home/airflow/.local/lib/python3.7/site-packages/airflow/example_dags/example_task_group_decorator.py took 0.223 seconds
[2023-06-18T09:53:00.627+0000] {processor.py:157} INFO - Started process (PID=179) to work on /home/airflow/.local/lib/python3.7/site-packages/airflow/example_dags/example_task_group_decorator.py
[2023-06-18T09:53:00.844+0000] {processor.py:826} INFO - Processing file /home/airflow/.local/lib/python3.7/site-packages/airflow/example_dags/example_task_group_decorator.py for tasks to queue
[2023-06-18T09:53:00.845+0000] {logging_mixin.py:149} INFO - [2023-06-18T09:53:00.845+0000] {dagbag.py:541} INFO - Filling up the DagBag from /home/airflow/.local/lib/python3.7/site-packages/airflow/example_dags/example_task_group_decorator.py
[2023-06-18T09:53:01.071+0000] {processor.py:836} INFO - DAG(s) dict_keys(['example_task_group_decorator']) retrieved from /home/airflow/.local/lib/python3.7/site-packages/airflow/example_dags/example_task_group_decorator.py
[2023-06-18T09:53:01.129+0000] {logging_mixin.py:149} INFO - [2023-06-18T09:53:01.128+0000] {dag.py:2726} INFO - Sync 1 DAGs
[2023-06-18T09:53:01.308+0000] {logging_mixin.py:149} INFO - [2023-06-18T09:53:01.307+0000] {dag.py:3490} INFO - Setting next_dagrun for example_task_group_decorator to 2023-06-17T09:53:01.307605+00:00, run_after=2023-06-18T09:53:01.307605+00:00
[2023-06-18T09:53:01.609+0000] {processor.py:179} INFO - Processing /home/airflow/.local/lib/python3.7/site-packages/airflow/example_dags/example_task_group_decorator.py took 0.988 seconds
[2023-06-18T09:54:13.476+0000] {processor.py:157} INFO - Started process (PID=257) to work on /home/airflow/.local/lib/python3.7/site-packages/airflow/example_dags/example_task_group_decorator.py
[2023-06-18T09:54:13.477+0000] {processor.py:826} INFO - Processing file /home/airflow/.local/lib/python3.7/site-packages/airflow/example_dags/example_task_group_decorator.py for tasks to queue
[2023-06-18T09:54:13.478+0000] {logging_mixin.py:149} INFO - [2023-06-18T09:54:13.478+0000] {dagbag.py:541} INFO - Filling up the DagBag from /home/airflow/.local/lib/python3.7/site-packages/airflow/example_dags/example_task_group_decorator.py
[2023-06-18T09:54:13.496+0000] {processor.py:836} INFO - DAG(s) dict_keys(['example_task_group_decorator']) retrieved from /home/airflow/.local/lib/python3.7/site-packages/airflow/example_dags/example_task_group_decorator.py
[2023-06-18T09:54:13.538+0000] {logging_mixin.py:149} INFO - [2023-06-18T09:54:13.538+0000] {dag.py:2726} INFO - Sync 1 DAGs
[2023-06-18T09:54:13.575+0000] {logging_mixin.py:149} INFO - [2023-06-18T09:54:13.575+0000] {dag.py:3490} INFO - Setting next_dagrun for example_task_group_decorator to 2023-06-17T09:54:13.574903+00:00, run_after=2023-06-18T09:54:13.574903+00:00
[2023-06-18T09:54:13.713+0000] {processor.py:179} INFO - Processing /home/airflow/.local/lib/python3.7/site-packages/airflow/example_dags/example_task_group_decorator.py took 0.242 seconds
[2023-06-18T09:54:43.950+0000] {processor.py:157} INFO - Started process (PID=321) to work on /home/airflow/.local/lib/python3.7/site-packages/airflow/example_dags/example_task_group_decorator.py
[2023-06-18T09:54:43.951+0000] {processor.py:826} INFO - Processing file /home/airflow/.local/lib/python3.7/site-packages/airflow/example_dags/example_task_group_decorator.py for tasks to queue
[2023-06-18T09:54:43.952+0000] {logging_mixin.py:149} INFO - [2023-06-18T09:54:43.952+0000] {dagbag.py:541} INFO - Filling up the DagBag from /home/airflow/.local/lib/python3.7/site-packages/airflow/example_dags/example_task_group_decorator.py
[2023-06-18T09:54:43.974+0000] {processor.py:836} INFO - DAG(s) dict_keys(['example_task_group_decorator']) retrieved from /home/airflow/.local/lib/python3.7/site-packages/airflow/example_dags/example_task_group_decorator.py
[2023-06-18T09:54:44.070+0000] {logging_mixin.py:149} INFO - [2023-06-18T09:54:44.070+0000] {dag.py:2726} INFO - Sync 1 DAGs
[2023-06-18T09:54:44.104+0000] {logging_mixin.py:149} INFO - [2023-06-18T09:54:44.103+0000] {dag.py:3490} INFO - Setting next_dagrun for example_task_group_decorator to 2023-06-17T09:54:44.103562+00:00, run_after=2023-06-18T09:54:44.103562+00:00
[2023-06-18T09:54:44.214+0000] {processor.py:179} INFO - Processing /home/airflow/.local/lib/python3.7/site-packages/airflow/example_dags/example_task_group_decorator.py took 0.267 seconds
[2023-06-18T09:55:14.284+0000] {processor.py:157} INFO - Started process (PID=389) to work on /home/airflow/.local/lib/python3.7/site-packages/airflow/example_dags/example_task_group_decorator.py
[2023-06-18T09:55:14.286+0000] {processor.py:826} INFO - Processing file /home/airflow/.local/lib/python3.7/site-packages/airflow/example_dags/example_task_group_decorator.py for tasks to queue
[2023-06-18T09:55:14.288+0000] {logging_mixin.py:149} INFO - [2023-06-18T09:55:14.287+0000] {dagbag.py:541} INFO - Filling up the DagBag from /home/airflow/.local/lib/python3.7/site-packages/airflow/example_dags/example_task_group_decorator.py
[2023-06-18T09:55:14.322+0000] {processor.py:836} INFO - DAG(s) dict_keys(['example_task_group_decorator']) retrieved from /home/airflow/.local/lib/python3.7/site-packages/airflow/example_dags/example_task_group_decorator.py
[2023-06-18T09:55:14.381+0000] {logging_mixin.py:149} INFO - [2023-06-18T09:55:14.380+0000] {dag.py:2726} INFO - Sync 1 DAGs
[2023-06-18T09:55:14.424+0000] {logging_mixin.py:149} INFO - [2023-06-18T09:55:14.424+0000] {dag.py:3490} INFO - Setting next_dagrun for example_task_group_decorator to 2023-06-17T09:55:14.423872+00:00, run_after=2023-06-18T09:55:14.423872+00:00
[2023-06-18T09:55:14.563+0000] {processor.py:179} INFO - Processing /home/airflow/.local/lib/python3.7/site-packages/airflow/example_dags/example_task_group_decorator.py took 0.286 seconds
[2023-06-18T09:55:44.629+0000] {processor.py:157} INFO - Started process (PID=457) to work on /home/airflow/.local/lib/python3.7/site-packages/airflow/example_dags/example_task_group_decorator.py
[2023-06-18T09:55:44.630+0000] {processor.py:826} INFO - Processing file /home/airflow/.local/lib/python3.7/site-packages/airflow/example_dags/example_task_group_decorator.py for tasks to queue
[2023-06-18T09:55:44.631+0000] {logging_mixin.py:149} INFO - [2023-06-18T09:55:44.631+0000] {dagbag.py:541} INFO - Filling up the DagBag from /home/airflow/.local/lib/python3.7/site-packages/airflow/example_dags/example_task_group_decorator.py
[2023-06-18T09:55:44.652+0000] {processor.py:836} INFO - DAG(s) dict_keys(['example_task_group_decorator']) retrieved from /home/airflow/.local/lib/python3.7/site-packages/airflow/example_dags/example_task_group_decorator.py
[2023-06-18T09:55:44.700+0000] {logging_mixin.py:149} INFO - [2023-06-18T09:55:44.700+0000] {dag.py:2726} INFO - Sync 1 DAGs
[2023-06-18T09:55:44.744+0000] {logging_mixin.py:149} INFO - [2023-06-18T09:55:44.744+0000] {dag.py:3490} INFO - Setting next_dagrun for example_task_group_decorator to 2023-06-17T09:55:44.744114+00:00, run_after=2023-06-18T09:55:44.744114+00:00
[2023-06-18T09:55:44.786+0000] {processor.py:179} INFO - Processing /home/airflow/.local/lib/python3.7/site-packages/airflow/example_dags/example_task_group_decorator.py took 0.161 seconds
[2023-06-18T09:56:14.962+0000] {processor.py:157} INFO - Started process (PID=525) to work on /home/airflow/.local/lib/python3.7/site-packages/airflow/example_dags/example_task_group_decorator.py
[2023-06-18T09:56:14.963+0000] {processor.py:826} INFO - Processing file /home/airflow/.local/lib/python3.7/site-packages/airflow/example_dags/example_task_group_decorator.py for tasks to queue
[2023-06-18T09:56:14.964+0000] {logging_mixin.py:149} INFO - [2023-06-18T09:56:14.964+0000] {dagbag.py:541} INFO - Filling up the DagBag from /home/airflow/.local/lib/python3.7/site-packages/airflow/example_dags/example_task_group_decorator.py
[2023-06-18T09:56:14.983+0000] {processor.py:836} INFO - DAG(s) dict_keys(['example_task_group_decorator']) retrieved from /home/airflow/.local/lib/python3.7/site-packages/airflow/example_dags/example_task_group_decorator.py
[2023-06-18T09:56:15.021+0000] {logging_mixin.py:149} INFO - [2023-06-18T09:56:15.021+0000] {dag.py:2726} INFO - Sync 1 DAGs
[2023-06-18T09:56:15.057+0000] {logging_mixin.py:149} INFO - [2023-06-18T09:56:15.057+0000] {dag.py:3490} INFO - Setting next_dagrun for example_task_group_decorator to 2023-06-17T09:56:15.057173+00:00, run_after=2023-06-18T09:56:15.057173+00:00
[2023-06-18T09:56:15.091+0000] {processor.py:179} INFO - Processing /home/airflow/.local/lib/python3.7/site-packages/airflow/example_dags/example_task_group_decorator.py took 0.135 seconds
