[2023-06-18T09:51:26.849+0000] {processor.py:157} INFO - Started process (PID=95) to work on /home/airflow/.local/lib/python3.7/site-packages/airflow/example_dags/example_short_circuit_decorator.py
[2023-06-18T09:51:26.850+0000] {processor.py:826} INFO - Processing file /home/airflow/.local/lib/python3.7/site-packages/airflow/example_dags/example_short_circuit_decorator.py for tasks to queue
[2023-06-18T09:51:26.851+0000] {logging_mixin.py:149} INFO - [2023-06-18T09:51:26.851+0000] {dagbag.py:541} INFO - Filling up the DagBag from /home/airflow/.local/lib/python3.7/site-packages/airflow/example_dags/example_short_circuit_decorator.py
[2023-06-18T09:51:26.871+0000] {processor.py:836} INFO - DAG(s) dict_keys(['example_short_circuit_decorator']) retrieved from /home/airflow/.local/lib/python3.7/site-packages/airflow/example_dags/example_short_circuit_decorator.py
[2023-06-18T09:51:26.928+0000] {logging_mixin.py:149} INFO - [2023-06-18T09:51:26.928+0000] {dag.py:2726} INFO - Sync 1 DAGs
[2023-06-18T09:51:26.976+0000] {logging_mixin.py:149} INFO - [2023-06-18T09:51:26.976+0000] {dag.py:3490} INFO - Setting next_dagrun for example_short_circuit_decorator to 2023-06-17T09:51:26.975824+00:00, run_after=2023-06-18T09:51:26.975824+00:00
[2023-06-18T09:51:27.066+0000] {processor.py:179} INFO - Processing /home/airflow/.local/lib/python3.7/site-packages/airflow/example_dags/example_short_circuit_decorator.py took 0.221 seconds
[2023-06-18T09:53:00.334+0000] {processor.py:157} INFO - Started process (PID=170) to work on /home/airflow/.local/lib/python3.7/site-packages/airflow/example_dags/example_short_circuit_decorator.py
[2023-06-18T09:53:00.405+0000] {processor.py:826} INFO - Processing file /home/airflow/.local/lib/python3.7/site-packages/airflow/example_dags/example_short_circuit_decorator.py for tasks to queue
[2023-06-18T09:53:00.407+0000] {logging_mixin.py:149} INFO - [2023-06-18T09:53:00.406+0000] {dagbag.py:541} INFO - Filling up the DagBag from /home/airflow/.local/lib/python3.7/site-packages/airflow/example_dags/example_short_circuit_decorator.py
[2023-06-18T09:53:00.438+0000] {processor.py:836} INFO - DAG(s) dict_keys(['example_short_circuit_decorator']) retrieved from /home/airflow/.local/lib/python3.7/site-packages/airflow/example_dags/example_short_circuit_decorator.py
[2023-06-18T09:53:00.489+0000] {logging_mixin.py:149} INFO - [2023-06-18T09:53:00.488+0000] {dag.py:2726} INFO - Sync 1 DAGs
[2023-06-18T09:53:00.727+0000] {logging_mixin.py:149} INFO - [2023-06-18T09:53:00.726+0000] {dag.py:3490} INFO - Setting next_dagrun for example_short_circuit_decorator to 2023-06-17T09:53:00.726489+00:00, run_after=2023-06-18T09:53:00.726489+00:00
[2023-06-18T09:53:01.034+0000] {processor.py:179} INFO - Processing /home/airflow/.local/lib/python3.7/site-packages/airflow/example_dags/example_short_circuit_decorator.py took 0.704 seconds
[2023-06-18T09:54:13.090+0000] {processor.py:157} INFO - Started process (PID=256) to work on /home/airflow/.local/lib/python3.7/site-packages/airflow/example_dags/example_short_circuit_decorator.py
[2023-06-18T09:54:13.156+0000] {processor.py:826} INFO - Processing file /home/airflow/.local/lib/python3.7/site-packages/airflow/example_dags/example_short_circuit_decorator.py for tasks to queue
[2023-06-18T09:54:13.158+0000] {logging_mixin.py:149} INFO - [2023-06-18T09:54:13.158+0000] {dagbag.py:541} INFO - Filling up the DagBag from /home/airflow/.local/lib/python3.7/site-packages/airflow/example_dags/example_short_circuit_decorator.py
[2023-06-18T09:54:13.200+0000] {processor.py:836} INFO - DAG(s) dict_keys(['example_short_circuit_decorator']) retrieved from /home/airflow/.local/lib/python3.7/site-packages/airflow/example_dags/example_short_circuit_decorator.py
[2023-06-18T09:54:13.256+0000] {logging_mixin.py:149} INFO - [2023-06-18T09:54:13.256+0000] {dag.py:2726} INFO - Sync 1 DAGs
[2023-06-18T09:54:13.311+0000] {logging_mixin.py:149} INFO - [2023-06-18T09:54:13.311+0000] {dag.py:3490} INFO - Setting next_dagrun for example_short_circuit_decorator to 2023-06-17T09:54:13.310973+00:00, run_after=2023-06-18T09:54:13.310973+00:00
[2023-06-18T09:54:13.441+0000] {processor.py:179} INFO - Processing /home/airflow/.local/lib/python3.7/site-packages/airflow/example_dags/example_short_circuit_decorator.py took 0.363 seconds
[2023-06-18T09:54:43.575+0000] {processor.py:157} INFO - Started process (PID=320) to work on /home/airflow/.local/lib/python3.7/site-packages/airflow/example_dags/example_short_circuit_decorator.py
[2023-06-18T09:54:43.576+0000] {processor.py:826} INFO - Processing file /home/airflow/.local/lib/python3.7/site-packages/airflow/example_dags/example_short_circuit_decorator.py for tasks to queue
[2023-06-18T09:54:43.577+0000] {logging_mixin.py:149} INFO - [2023-06-18T09:54:43.577+0000] {dagbag.py:541} INFO - Filling up the DagBag from /home/airflow/.local/lib/python3.7/site-packages/airflow/example_dags/example_short_circuit_decorator.py
[2023-06-18T09:54:43.590+0000] {processor.py:836} INFO - DAG(s) dict_keys(['example_short_circuit_decorator']) retrieved from /home/airflow/.local/lib/python3.7/site-packages/airflow/example_dags/example_short_circuit_decorator.py
[2023-06-18T09:54:43.638+0000] {logging_mixin.py:149} INFO - [2023-06-18T09:54:43.638+0000] {dag.py:2726} INFO - Sync 1 DAGs
[2023-06-18T09:54:43.681+0000] {logging_mixin.py:149} INFO - [2023-06-18T09:54:43.681+0000] {dag.py:3490} INFO - Setting next_dagrun for example_short_circuit_decorator to 2023-06-17T09:54:43.681506+00:00, run_after=2023-06-18T09:54:43.681506+00:00
[2023-06-18T09:54:43.922+0000] {processor.py:179} INFO - Processing /home/airflow/.local/lib/python3.7/site-packages/airflow/example_dags/example_short_circuit_decorator.py took 0.351 seconds
[2023-06-18T09:55:14.253+0000] {processor.py:157} INFO - Started process (PID=388) to work on /home/airflow/.local/lib/python3.7/site-packages/airflow/example_dags/example_short_circuit_decorator.py
[2023-06-18T09:55:14.254+0000] {processor.py:826} INFO - Processing file /home/airflow/.local/lib/python3.7/site-packages/airflow/example_dags/example_short_circuit_decorator.py for tasks to queue
[2023-06-18T09:55:14.255+0000] {logging_mixin.py:149} INFO - [2023-06-18T09:55:14.255+0000] {dagbag.py:541} INFO - Filling up the DagBag from /home/airflow/.local/lib/python3.7/site-packages/airflow/example_dags/example_short_circuit_decorator.py
[2023-06-18T09:55:14.272+0000] {processor.py:836} INFO - DAG(s) dict_keys(['example_short_circuit_decorator']) retrieved from /home/airflow/.local/lib/python3.7/site-packages/airflow/example_dags/example_short_circuit_decorator.py
[2023-06-18T09:55:14.315+0000] {logging_mixin.py:149} INFO - [2023-06-18T09:55:14.315+0000] {dag.py:2726} INFO - Sync 1 DAGs
[2023-06-18T09:55:14.358+0000] {logging_mixin.py:149} INFO - [2023-06-18T09:55:14.358+0000] {dag.py:3490} INFO - Setting next_dagrun for example_short_circuit_decorator to 2023-06-17T09:55:14.358306+00:00, run_after=2023-06-18T09:55:14.358306+00:00
[2023-06-18T09:55:14.404+0000] {processor.py:179} INFO - Processing /home/airflow/.local/lib/python3.7/site-packages/airflow/example_dags/example_short_circuit_decorator.py took 0.160 seconds
[2023-06-18T09:55:44.613+0000] {processor.py:157} INFO - Started process (PID=456) to work on /home/airflow/.local/lib/python3.7/site-packages/airflow/example_dags/example_short_circuit_decorator.py
[2023-06-18T09:55:44.614+0000] {processor.py:826} INFO - Processing file /home/airflow/.local/lib/python3.7/site-packages/airflow/example_dags/example_short_circuit_decorator.py for tasks to queue
[2023-06-18T09:55:44.615+0000] {logging_mixin.py:149} INFO - [2023-06-18T09:55:44.615+0000] {dagbag.py:541} INFO - Filling up the DagBag from /home/airflow/.local/lib/python3.7/site-packages/airflow/example_dags/example_short_circuit_decorator.py
[2023-06-18T09:55:44.627+0000] {processor.py:836} INFO - DAG(s) dict_keys(['example_short_circuit_decorator']) retrieved from /home/airflow/.local/lib/python3.7/site-packages/airflow/example_dags/example_short_circuit_decorator.py
[2023-06-18T09:55:44.663+0000] {logging_mixin.py:149} INFO - [2023-06-18T09:55:44.663+0000] {dag.py:2726} INFO - Sync 1 DAGs
[2023-06-18T09:55:44.714+0000] {logging_mixin.py:149} INFO - [2023-06-18T09:55:44.714+0000] {dag.py:3490} INFO - Setting next_dagrun for example_short_circuit_decorator to 2023-06-17T09:55:44.714241+00:00, run_after=2023-06-18T09:55:44.714241+00:00
[2023-06-18T09:55:44.756+0000] {processor.py:179} INFO - Processing /home/airflow/.local/lib/python3.7/site-packages/airflow/example_dags/example_short_circuit_decorator.py took 0.147 seconds
[2023-06-18T09:56:14.929+0000] {processor.py:157} INFO - Started process (PID=524) to work on /home/airflow/.local/lib/python3.7/site-packages/airflow/example_dags/example_short_circuit_decorator.py
[2023-06-18T09:56:14.930+0000] {processor.py:826} INFO - Processing file /home/airflow/.local/lib/python3.7/site-packages/airflow/example_dags/example_short_circuit_decorator.py for tasks to queue
[2023-06-18T09:56:14.931+0000] {logging_mixin.py:149} INFO - [2023-06-18T09:56:14.931+0000] {dagbag.py:541} INFO - Filling up the DagBag from /home/airflow/.local/lib/python3.7/site-packages/airflow/example_dags/example_short_circuit_decorator.py
[2023-06-18T09:56:14.949+0000] {processor.py:836} INFO - DAG(s) dict_keys(['example_short_circuit_decorator']) retrieved from /home/airflow/.local/lib/python3.7/site-packages/airflow/example_dags/example_short_circuit_decorator.py
[2023-06-18T09:56:14.987+0000] {logging_mixin.py:149} INFO - [2023-06-18T09:56:14.986+0000] {dag.py:2726} INFO - Sync 1 DAGs
[2023-06-18T09:56:15.025+0000] {logging_mixin.py:149} INFO - [2023-06-18T09:56:15.025+0000] {dag.py:3490} INFO - Setting next_dagrun for example_short_circuit_decorator to 2023-06-17T09:56:15.025065+00:00, run_after=2023-06-18T09:56:15.025065+00:00
[2023-06-18T09:56:15.057+0000] {processor.py:179} INFO - Processing /home/airflow/.local/lib/python3.7/site-packages/airflow/example_dags/example_short_circuit_decorator.py took 0.132 seconds
