[2023-06-18T09:51:30.784+0000] {processor.py:157} INFO - Started process (PID=107) to work on /home/airflow/.local/lib/python3.7/site-packages/airflow/example_dags/example_external_task_marker_dag.py
[2023-06-18T09:51:30.785+0000] {processor.py:826} INFO - Processing file /home/airflow/.local/lib/python3.7/site-packages/airflow/example_dags/example_external_task_marker_dag.py for tasks to queue
[2023-06-18T09:51:30.786+0000] {logging_mixin.py:149} INFO - [2023-06-18T09:51:30.786+0000] {dagbag.py:541} INFO - Filling up the DagBag from /home/airflow/.local/lib/python3.7/site-packages/airflow/example_dags/example_external_task_marker_dag.py
[2023-06-18T09:51:30.906+0000] {processor.py:836} INFO - DAG(s) dict_keys(['example_external_task_marker_parent', 'example_external_task_marker_child']) retrieved from /home/airflow/.local/lib/python3.7/site-packages/airflow/example_dags/example_external_task_marker_dag.py
[2023-06-18T09:51:31.065+0000] {logging_mixin.py:149} INFO - [2023-06-18T09:51:31.065+0000] {dag.py:2726} INFO - Sync 2 DAGs
[2023-06-18T09:51:31.119+0000] {logging_mixin.py:149} INFO - [2023-06-18T09:51:31.119+0000] {dag.py:3490} INFO - Setting next_dagrun for example_external_task_marker_child to None, run_after=None
[2023-06-18T09:51:31.126+0000] {logging_mixin.py:149} INFO - [2023-06-18T09:51:31.126+0000] {dag.py:3490} INFO - Setting next_dagrun for example_external_task_marker_parent to None, run_after=None
[2023-06-18T09:51:31.405+0000] {processor.py:179} INFO - Processing /home/airflow/.local/lib/python3.7/site-packages/airflow/example_dags/example_external_task_marker_dag.py took 0.626 seconds
[2023-06-18T09:53:59.154+0000] {processor.py:157} INFO - Started process (PID=211) to work on /home/airflow/.local/lib/python3.7/site-packages/airflow/example_dags/example_external_task_marker_dag.py
[2023-06-18T09:53:59.207+0000] {processor.py:826} INFO - Processing file /home/airflow/.local/lib/python3.7/site-packages/airflow/example_dags/example_external_task_marker_dag.py for tasks to queue
[2023-06-18T09:53:59.208+0000] {logging_mixin.py:149} INFO - [2023-06-18T09:53:59.208+0000] {dagbag.py:541} INFO - Filling up the DagBag from /home/airflow/.local/lib/python3.7/site-packages/airflow/example_dags/example_external_task_marker_dag.py
[2023-06-18T09:53:59.219+0000] {processor.py:836} INFO - DAG(s) dict_keys(['example_external_task_marker_parent', 'example_external_task_marker_child']) retrieved from /home/airflow/.local/lib/python3.7/site-packages/airflow/example_dags/example_external_task_marker_dag.py
[2023-06-18T09:53:59.272+0000] {logging_mixin.py:149} INFO - [2023-06-18T09:53:59.272+0000] {dag.py:2726} INFO - Sync 2 DAGs
[2023-06-18T09:53:59.332+0000] {logging_mixin.py:149} INFO - [2023-06-18T09:53:59.332+0000] {dag.py:3490} INFO - Setting next_dagrun for example_external_task_marker_child to None, run_after=None
[2023-06-18T09:53:59.340+0000] {logging_mixin.py:149} INFO - [2023-06-18T09:53:59.339+0000] {dag.py:3490} INFO - Setting next_dagrun for example_external_task_marker_parent to None, run_after=None
[2023-06-18T09:53:59.492+0000] {processor.py:179} INFO - Processing /home/airflow/.local/lib/python3.7/site-packages/airflow/example_dags/example_external_task_marker_dag.py took 0.343 seconds
[2023-06-18T09:54:32.166+0000] {processor.py:157} INFO - Started process (PID=279) to work on /home/airflow/.local/lib/python3.7/site-packages/airflow/example_dags/example_external_task_marker_dag.py
[2023-06-18T09:54:32.168+0000] {processor.py:826} INFO - Processing file /home/airflow/.local/lib/python3.7/site-packages/airflow/example_dags/example_external_task_marker_dag.py for tasks to queue
[2023-06-18T09:54:32.169+0000] {logging_mixin.py:149} INFO - [2023-06-18T09:54:32.169+0000] {dagbag.py:541} INFO - Filling up the DagBag from /home/airflow/.local/lib/python3.7/site-packages/airflow/example_dags/example_external_task_marker_dag.py
[2023-06-18T09:54:32.176+0000] {processor.py:836} INFO - DAG(s) dict_keys(['example_external_task_marker_child', 'example_external_task_marker_parent']) retrieved from /home/airflow/.local/lib/python3.7/site-packages/airflow/example_dags/example_external_task_marker_dag.py
[2023-06-18T09:54:32.216+0000] {logging_mixin.py:149} INFO - [2023-06-18T09:54:32.216+0000] {dag.py:2726} INFO - Sync 2 DAGs
[2023-06-18T09:54:32.262+0000] {logging_mixin.py:149} INFO - [2023-06-18T09:54:32.261+0000] {dag.py:3490} INFO - Setting next_dagrun for example_external_task_marker_child to None, run_after=None
[2023-06-18T09:54:32.266+0000] {logging_mixin.py:149} INFO - [2023-06-18T09:54:32.266+0000] {dag.py:3490} INFO - Setting next_dagrun for example_external_task_marker_parent to None, run_after=None
[2023-06-18T09:54:32.333+0000] {processor.py:179} INFO - Processing /home/airflow/.local/lib/python3.7/site-packages/airflow/example_dags/example_external_task_marker_dag.py took 0.171 seconds
[2023-06-18T09:55:03.609+0000] {processor.py:157} INFO - Started process (PID=347) to work on /home/airflow/.local/lib/python3.7/site-packages/airflow/example_dags/example_external_task_marker_dag.py
[2023-06-18T09:55:03.634+0000] {processor.py:826} INFO - Processing file /home/airflow/.local/lib/python3.7/site-packages/airflow/example_dags/example_external_task_marker_dag.py for tasks to queue
[2023-06-18T09:55:03.636+0000] {logging_mixin.py:149} INFO - [2023-06-18T09:55:03.635+0000] {dagbag.py:541} INFO - Filling up the DagBag from /home/airflow/.local/lib/python3.7/site-packages/airflow/example_dags/example_external_task_marker_dag.py
[2023-06-18T09:55:03.643+0000] {processor.py:836} INFO - DAG(s) dict_keys(['example_external_task_marker_child', 'example_external_task_marker_parent']) retrieved from /home/airflow/.local/lib/python3.7/site-packages/airflow/example_dags/example_external_task_marker_dag.py
[2023-06-18T09:55:03.686+0000] {logging_mixin.py:149} INFO - [2023-06-18T09:55:03.686+0000] {dag.py:2726} INFO - Sync 2 DAGs
[2023-06-18T09:55:03.734+0000] {logging_mixin.py:149} INFO - [2023-06-18T09:55:03.734+0000] {dag.py:3490} INFO - Setting next_dagrun for example_external_task_marker_child to None, run_after=None
[2023-06-18T09:55:03.742+0000] {logging_mixin.py:149} INFO - [2023-06-18T09:55:03.742+0000] {dag.py:3490} INFO - Setting next_dagrun for example_external_task_marker_parent to None, run_after=None
[2023-06-18T09:55:03.781+0000] {processor.py:179} INFO - Processing /home/airflow/.local/lib/python3.7/site-packages/airflow/example_dags/example_external_task_marker_dag.py took 0.177 seconds
[2023-06-18T09:55:38.393+0000] {processor.py:157} INFO - Started process (PID=424) to work on /home/airflow/.local/lib/python3.7/site-packages/airflow/example_dags/example_external_task_marker_dag.py
[2023-06-18T09:55:38.407+0000] {processor.py:826} INFO - Processing file /home/airflow/.local/lib/python3.7/site-packages/airflow/example_dags/example_external_task_marker_dag.py for tasks to queue
[2023-06-18T09:55:38.408+0000] {logging_mixin.py:149} INFO - [2023-06-18T09:55:38.407+0000] {dagbag.py:541} INFO - Filling up the DagBag from /home/airflow/.local/lib/python3.7/site-packages/airflow/example_dags/example_external_task_marker_dag.py
[2023-06-18T09:55:38.415+0000] {processor.py:836} INFO - DAG(s) dict_keys(['example_external_task_marker_child', 'example_external_task_marker_parent']) retrieved from /home/airflow/.local/lib/python3.7/site-packages/airflow/example_dags/example_external_task_marker_dag.py
[2023-06-18T09:55:38.464+0000] {logging_mixin.py:149} INFO - [2023-06-18T09:55:38.463+0000] {dag.py:2726} INFO - Sync 2 DAGs
[2023-06-18T09:55:38.519+0000] {logging_mixin.py:149} INFO - [2023-06-18T09:55:38.519+0000] {dag.py:3490} INFO - Setting next_dagrun for example_external_task_marker_child to None, run_after=None
[2023-06-18T09:55:38.526+0000] {logging_mixin.py:149} INFO - [2023-06-18T09:55:38.526+0000] {dag.py:3490} INFO - Setting next_dagrun for example_external_task_marker_parent to None, run_after=None
[2023-06-18T09:55:38.577+0000] {processor.py:179} INFO - Processing /home/airflow/.local/lib/python3.7/site-packages/airflow/example_dags/example_external_task_marker_dag.py took 0.189 seconds
[2023-06-18T09:56:08.984+0000] {processor.py:157} INFO - Started process (PID=486) to work on /home/airflow/.local/lib/python3.7/site-packages/airflow/example_dags/example_external_task_marker_dag.py
[2023-06-18T09:56:08.999+0000] {processor.py:826} INFO - Processing file /home/airflow/.local/lib/python3.7/site-packages/airflow/example_dags/example_external_task_marker_dag.py for tasks to queue
[2023-06-18T09:56:09.001+0000] {logging_mixin.py:149} INFO - [2023-06-18T09:56:09.000+0000] {dagbag.py:541} INFO - Filling up the DagBag from /home/airflow/.local/lib/python3.7/site-packages/airflow/example_dags/example_external_task_marker_dag.py
[2023-06-18T09:56:09.010+0000] {processor.py:836} INFO - DAG(s) dict_keys(['example_external_task_marker_parent', 'example_external_task_marker_child']) retrieved from /home/airflow/.local/lib/python3.7/site-packages/airflow/example_dags/example_external_task_marker_dag.py
[2023-06-18T09:56:09.050+0000] {logging_mixin.py:149} INFO - [2023-06-18T09:56:09.050+0000] {dag.py:2726} INFO - Sync 2 DAGs
[2023-06-18T09:56:09.085+0000] {logging_mixin.py:149} INFO - [2023-06-18T09:56:09.085+0000] {dag.py:3490} INFO - Setting next_dagrun for example_external_task_marker_child to None, run_after=None
[2023-06-18T09:56:09.090+0000] {logging_mixin.py:149} INFO - [2023-06-18T09:56:09.090+0000] {dag.py:3490} INFO - Setting next_dagrun for example_external_task_marker_parent to None, run_after=None
[2023-06-18T09:56:09.132+0000] {processor.py:179} INFO - Processing /home/airflow/.local/lib/python3.7/site-packages/airflow/example_dags/example_external_task_marker_dag.py took 0.153 seconds
