[2023-06-18T09:51:30.901+0000] {processor.py:157} INFO - Started process (PID=108) to work on /home/airflow/.local/lib/python3.7/site-packages/airflow/example_dags/example_complex.py
[2023-06-18T09:51:30.902+0000] {processor.py:826} INFO - Processing file /home/airflow/.local/lib/python3.7/site-packages/airflow/example_dags/example_complex.py for tasks to queue
[2023-06-18T09:51:30.903+0000] {logging_mixin.py:149} INFO - [2023-06-18T09:51:30.903+0000] {dagbag.py:541} INFO - Filling up the DagBag from /home/airflow/.local/lib/python3.7/site-packages/airflow/example_dags/example_complex.py
[2023-06-18T09:51:30.929+0000] {logging_mixin.py:149} INFO - [2023-06-18T09:51:30.929+0000] {taskmixin.py:211} WARNING - Dependency <Task(BashOperator): create_entry_group>, delete_entry_group already registered for DAG: example_complex
[2023-06-18T09:51:30.930+0000] {logging_mixin.py:149} INFO - [2023-06-18T09:51:30.930+0000] {taskmixin.py:211} WARNING - Dependency <Task(BashOperator): delete_entry_group>, create_entry_group already registered for DAG: example_complex
[2023-06-18T09:51:30.930+0000] {logging_mixin.py:149} INFO - [2023-06-18T09:51:30.930+0000] {taskmixin.py:211} WARNING - Dependency <Task(BashOperator): create_entry_gcs>, delete_entry already registered for DAG: example_complex
[2023-06-18T09:51:30.931+0000] {logging_mixin.py:149} INFO - [2023-06-18T09:51:30.931+0000] {taskmixin.py:211} WARNING - Dependency <Task(BashOperator): delete_entry>, create_entry_gcs already registered for DAG: example_complex
[2023-06-18T09:51:30.932+0000] {logging_mixin.py:149} INFO - [2023-06-18T09:51:30.931+0000] {taskmixin.py:211} WARNING - Dependency <Task(BashOperator): create_tag>, delete_tag already registered for DAG: example_complex
[2023-06-18T09:51:30.932+0000] {logging_mixin.py:149} INFO - [2023-06-18T09:51:30.932+0000] {taskmixin.py:211} WARNING - Dependency <Task(BashOperator): delete_tag>, create_tag already registered for DAG: example_complex
[2023-06-18T09:51:30.936+0000] {processor.py:836} INFO - DAG(s) dict_keys(['example_complex']) retrieved from /home/airflow/.local/lib/python3.7/site-packages/airflow/example_dags/example_complex.py
[2023-06-18T09:51:31.008+0000] {logging_mixin.py:149} INFO - [2023-06-18T09:51:31.008+0000] {dag.py:2726} INFO - Sync 1 DAGs
[2023-06-18T09:51:31.064+0000] {logging_mixin.py:149} INFO - [2023-06-18T09:51:31.064+0000] {dag.py:3490} INFO - Setting next_dagrun for example_complex to None, run_after=None
[2023-06-18T09:51:31.181+0000] {processor.py:179} INFO - Processing /home/airflow/.local/lib/python3.7/site-packages/airflow/example_dags/example_complex.py took 0.285 seconds
[2023-06-18T09:53:59.519+0000] {processor.py:157} INFO - Started process (PID=212) to work on /home/airflow/.local/lib/python3.7/site-packages/airflow/example_dags/example_complex.py
[2023-06-18T09:53:59.521+0000] {processor.py:826} INFO - Processing file /home/airflow/.local/lib/python3.7/site-packages/airflow/example_dags/example_complex.py for tasks to queue
[2023-06-18T09:53:59.521+0000] {logging_mixin.py:149} INFO - [2023-06-18T09:53:59.521+0000] {dagbag.py:541} INFO - Filling up the DagBag from /home/airflow/.local/lib/python3.7/site-packages/airflow/example_dags/example_complex.py
[2023-06-18T09:53:59.535+0000] {logging_mixin.py:149} INFO - [2023-06-18T09:53:59.535+0000] {taskmixin.py:211} WARNING - Dependency <Task(BashOperator): create_entry_group>, delete_entry_group already registered for DAG: example_complex
[2023-06-18T09:53:59.536+0000] {logging_mixin.py:149} INFO - [2023-06-18T09:53:59.536+0000] {taskmixin.py:211} WARNING - Dependency <Task(BashOperator): delete_entry_group>, create_entry_group already registered for DAG: example_complex
[2023-06-18T09:53:59.536+0000] {logging_mixin.py:149} INFO - [2023-06-18T09:53:59.536+0000] {taskmixin.py:211} WARNING - Dependency <Task(BashOperator): create_entry_gcs>, delete_entry already registered for DAG: example_complex
[2023-06-18T09:53:59.536+0000] {logging_mixin.py:149} INFO - [2023-06-18T09:53:59.536+0000] {taskmixin.py:211} WARNING - Dependency <Task(BashOperator): delete_entry>, create_entry_gcs already registered for DAG: example_complex
[2023-06-18T09:53:59.537+0000] {logging_mixin.py:149} INFO - [2023-06-18T09:53:59.537+0000] {taskmixin.py:211} WARNING - Dependency <Task(BashOperator): create_tag>, delete_tag already registered for DAG: example_complex
[2023-06-18T09:53:59.537+0000] {logging_mixin.py:149} INFO - [2023-06-18T09:53:59.537+0000] {taskmixin.py:211} WARNING - Dependency <Task(BashOperator): delete_tag>, create_tag already registered for DAG: example_complex
[2023-06-18T09:53:59.539+0000] {processor.py:836} INFO - DAG(s) dict_keys(['example_complex']) retrieved from /home/airflow/.local/lib/python3.7/site-packages/airflow/example_dags/example_complex.py
[2023-06-18T09:53:59.603+0000] {logging_mixin.py:149} INFO - [2023-06-18T09:53:59.602+0000] {dag.py:2726} INFO - Sync 1 DAGs
[2023-06-18T09:53:59.651+0000] {logging_mixin.py:149} INFO - [2023-06-18T09:53:59.651+0000] {dag.py:3490} INFO - Setting next_dagrun for example_complex to None, run_after=None
[2023-06-18T09:53:59.790+0000] {processor.py:179} INFO - Processing /home/airflow/.local/lib/python3.7/site-packages/airflow/example_dags/example_complex.py took 0.275 seconds
[2023-06-18T09:54:32.328+0000] {processor.py:157} INFO - Started process (PID=280) to work on /home/airflow/.local/lib/python3.7/site-packages/airflow/example_dags/example_complex.py
[2023-06-18T09:54:32.359+0000] {processor.py:826} INFO - Processing file /home/airflow/.local/lib/python3.7/site-packages/airflow/example_dags/example_complex.py for tasks to queue
[2023-06-18T09:54:32.359+0000] {logging_mixin.py:149} INFO - [2023-06-18T09:54:32.359+0000] {dagbag.py:541} INFO - Filling up the DagBag from /home/airflow/.local/lib/python3.7/site-packages/airflow/example_dags/example_complex.py
[2023-06-18T09:54:32.372+0000] {logging_mixin.py:149} INFO - [2023-06-18T09:54:32.372+0000] {taskmixin.py:211} WARNING - Dependency <Task(BashOperator): create_entry_group>, delete_entry_group already registered for DAG: example_complex
[2023-06-18T09:54:32.372+0000] {logging_mixin.py:149} INFO - [2023-06-18T09:54:32.372+0000] {taskmixin.py:211} WARNING - Dependency <Task(BashOperator): delete_entry_group>, create_entry_group already registered for DAG: example_complex
[2023-06-18T09:54:32.373+0000] {logging_mixin.py:149} INFO - [2023-06-18T09:54:32.373+0000] {taskmixin.py:211} WARNING - Dependency <Task(BashOperator): create_entry_gcs>, delete_entry already registered for DAG: example_complex
[2023-06-18T09:54:32.373+0000] {logging_mixin.py:149} INFO - [2023-06-18T09:54:32.373+0000] {taskmixin.py:211} WARNING - Dependency <Task(BashOperator): delete_entry>, create_entry_gcs already registered for DAG: example_complex
[2023-06-18T09:54:32.373+0000] {logging_mixin.py:149} INFO - [2023-06-18T09:54:32.373+0000] {taskmixin.py:211} WARNING - Dependency <Task(BashOperator): create_tag>, delete_tag already registered for DAG: example_complex
[2023-06-18T09:54:32.374+0000] {logging_mixin.py:149} INFO - [2023-06-18T09:54:32.374+0000] {taskmixin.py:211} WARNING - Dependency <Task(BashOperator): delete_tag>, create_tag already registered for DAG: example_complex
[2023-06-18T09:54:32.376+0000] {processor.py:836} INFO - DAG(s) dict_keys(['example_complex']) retrieved from /home/airflow/.local/lib/python3.7/site-packages/airflow/example_dags/example_complex.py
[2023-06-18T09:54:32.422+0000] {logging_mixin.py:149} INFO - [2023-06-18T09:54:32.422+0000] {dag.py:2726} INFO - Sync 1 DAGs
[2023-06-18T09:54:32.461+0000] {logging_mixin.py:149} INFO - [2023-06-18T09:54:32.461+0000] {dag.py:3490} INFO - Setting next_dagrun for example_complex to None, run_after=None
[2023-06-18T09:54:32.513+0000] {processor.py:179} INFO - Processing /home/airflow/.local/lib/python3.7/site-packages/airflow/example_dags/example_complex.py took 0.189 seconds
[2023-06-18T09:55:03.679+0000] {processor.py:157} INFO - Started process (PID=348) to work on /home/airflow/.local/lib/python3.7/site-packages/airflow/example_dags/example_complex.py
[2023-06-18T09:55:03.703+0000] {processor.py:826} INFO - Processing file /home/airflow/.local/lib/python3.7/site-packages/airflow/example_dags/example_complex.py for tasks to queue
[2023-06-18T09:55:03.704+0000] {logging_mixin.py:149} INFO - [2023-06-18T09:55:03.704+0000] {dagbag.py:541} INFO - Filling up the DagBag from /home/airflow/.local/lib/python3.7/site-packages/airflow/example_dags/example_complex.py
[2023-06-18T09:55:03.725+0000] {logging_mixin.py:149} INFO - [2023-06-18T09:55:03.725+0000] {taskmixin.py:211} WARNING - Dependency <Task(BashOperator): create_entry_group>, delete_entry_group already registered for DAG: example_complex
[2023-06-18T09:55:03.726+0000] {logging_mixin.py:149} INFO - [2023-06-18T09:55:03.726+0000] {taskmixin.py:211} WARNING - Dependency <Task(BashOperator): delete_entry_group>, create_entry_group already registered for DAG: example_complex
[2023-06-18T09:55:03.726+0000] {logging_mixin.py:149} INFO - [2023-06-18T09:55:03.726+0000] {taskmixin.py:211} WARNING - Dependency <Task(BashOperator): create_entry_gcs>, delete_entry already registered for DAG: example_complex
[2023-06-18T09:55:03.727+0000] {logging_mixin.py:149} INFO - [2023-06-18T09:55:03.727+0000] {taskmixin.py:211} WARNING - Dependency <Task(BashOperator): delete_entry>, create_entry_gcs already registered for DAG: example_complex
[2023-06-18T09:55:03.728+0000] {logging_mixin.py:149} INFO - [2023-06-18T09:55:03.727+0000] {taskmixin.py:211} WARNING - Dependency <Task(BashOperator): create_tag>, delete_tag already registered for DAG: example_complex
[2023-06-18T09:55:03.729+0000] {logging_mixin.py:149} INFO - [2023-06-18T09:55:03.728+0000] {taskmixin.py:211} WARNING - Dependency <Task(BashOperator): delete_tag>, create_tag already registered for DAG: example_complex
[2023-06-18T09:55:03.732+0000] {processor.py:836} INFO - DAG(s) dict_keys(['example_complex']) retrieved from /home/airflow/.local/lib/python3.7/site-packages/airflow/example_dags/example_complex.py
[2023-06-18T09:55:03.793+0000] {logging_mixin.py:149} INFO - [2023-06-18T09:55:03.793+0000] {dag.py:2726} INFO - Sync 1 DAGs
[2023-06-18T09:55:03.834+0000] {logging_mixin.py:149} INFO - [2023-06-18T09:55:03.834+0000] {dag.py:3490} INFO - Setting next_dagrun for example_complex to None, run_after=None
[2023-06-18T09:55:03.922+0000] {processor.py:179} INFO - Processing /home/airflow/.local/lib/python3.7/site-packages/airflow/example_dags/example_complex.py took 0.247 seconds
[2023-06-18T09:55:38.602+0000] {processor.py:157} INFO - Started process (PID=425) to work on /home/airflow/.local/lib/python3.7/site-packages/airflow/example_dags/example_complex.py
[2023-06-18T09:55:38.620+0000] {processor.py:826} INFO - Processing file /home/airflow/.local/lib/python3.7/site-packages/airflow/example_dags/example_complex.py for tasks to queue
[2023-06-18T09:55:38.622+0000] {logging_mixin.py:149} INFO - [2023-06-18T09:55:38.621+0000] {dagbag.py:541} INFO - Filling up the DagBag from /home/airflow/.local/lib/python3.7/site-packages/airflow/example_dags/example_complex.py
[2023-06-18T09:55:38.646+0000] {logging_mixin.py:149} INFO - [2023-06-18T09:55:38.646+0000] {taskmixin.py:211} WARNING - Dependency <Task(BashOperator): create_entry_group>, delete_entry_group already registered for DAG: example_complex
[2023-06-18T09:55:38.646+0000] {logging_mixin.py:149} INFO - [2023-06-18T09:55:38.646+0000] {taskmixin.py:211} WARNING - Dependency <Task(BashOperator): delete_entry_group>, create_entry_group already registered for DAG: example_complex
[2023-06-18T09:55:38.646+0000] {logging_mixin.py:149} INFO - [2023-06-18T09:55:38.646+0000] {taskmixin.py:211} WARNING - Dependency <Task(BashOperator): create_entry_gcs>, delete_entry already registered for DAG: example_complex
[2023-06-18T09:55:38.647+0000] {logging_mixin.py:149} INFO - [2023-06-18T09:55:38.647+0000] {taskmixin.py:211} WARNING - Dependency <Task(BashOperator): delete_entry>, create_entry_gcs already registered for DAG: example_complex
[2023-06-18T09:55:38.647+0000] {logging_mixin.py:149} INFO - [2023-06-18T09:55:38.647+0000] {taskmixin.py:211} WARNING - Dependency <Task(BashOperator): create_tag>, delete_tag already registered for DAG: example_complex
[2023-06-18T09:55:38.647+0000] {logging_mixin.py:149} INFO - [2023-06-18T09:55:38.647+0000] {taskmixin.py:211} WARNING - Dependency <Task(BashOperator): delete_tag>, create_tag already registered for DAG: example_complex
[2023-06-18T09:55:38.649+0000] {processor.py:836} INFO - DAG(s) dict_keys(['example_complex']) retrieved from /home/airflow/.local/lib/python3.7/site-packages/airflow/example_dags/example_complex.py
[2023-06-18T09:55:38.703+0000] {logging_mixin.py:149} INFO - [2023-06-18T09:55:38.702+0000] {dag.py:2726} INFO - Sync 1 DAGs
[2023-06-18T09:55:38.743+0000] {logging_mixin.py:149} INFO - [2023-06-18T09:55:38.743+0000] {dag.py:3490} INFO - Setting next_dagrun for example_complex to None, run_after=None
[2023-06-18T09:55:38.812+0000] {processor.py:179} INFO - Processing /home/airflow/.local/lib/python3.7/site-packages/airflow/example_dags/example_complex.py took 0.214 seconds
[2023-06-18T09:56:09.132+0000] {processor.py:157} INFO - Started process (PID=487) to work on /home/airflow/.local/lib/python3.7/site-packages/airflow/example_dags/example_complex.py
[2023-06-18T09:56:09.148+0000] {processor.py:826} INFO - Processing file /home/airflow/.local/lib/python3.7/site-packages/airflow/example_dags/example_complex.py for tasks to queue
[2023-06-18T09:56:09.149+0000] {logging_mixin.py:149} INFO - [2023-06-18T09:56:09.149+0000] {dagbag.py:541} INFO - Filling up the DagBag from /home/airflow/.local/lib/python3.7/site-packages/airflow/example_dags/example_complex.py
[2023-06-18T09:56:09.162+0000] {logging_mixin.py:149} INFO - [2023-06-18T09:56:09.162+0000] {taskmixin.py:211} WARNING - Dependency <Task(BashOperator): create_entry_group>, delete_entry_group already registered for DAG: example_complex
[2023-06-18T09:56:09.163+0000] {logging_mixin.py:149} INFO - [2023-06-18T09:56:09.162+0000] {taskmixin.py:211} WARNING - Dependency <Task(BashOperator): delete_entry_group>, create_entry_group already registered for DAG: example_complex
[2023-06-18T09:56:09.163+0000] {logging_mixin.py:149} INFO - [2023-06-18T09:56:09.163+0000] {taskmixin.py:211} WARNING - Dependency <Task(BashOperator): create_entry_gcs>, delete_entry already registered for DAG: example_complex
[2023-06-18T09:56:09.163+0000] {logging_mixin.py:149} INFO - [2023-06-18T09:56:09.163+0000] {taskmixin.py:211} WARNING - Dependency <Task(BashOperator): delete_entry>, create_entry_gcs already registered for DAG: example_complex
[2023-06-18T09:56:09.163+0000] {logging_mixin.py:149} INFO - [2023-06-18T09:56:09.163+0000] {taskmixin.py:211} WARNING - Dependency <Task(BashOperator): create_tag>, delete_tag already registered for DAG: example_complex
[2023-06-18T09:56:09.164+0000] {logging_mixin.py:149} INFO - [2023-06-18T09:56:09.164+0000] {taskmixin.py:211} WARNING - Dependency <Task(BashOperator): delete_tag>, create_tag already registered for DAG: example_complex
[2023-06-18T09:56:09.166+0000] {processor.py:836} INFO - DAG(s) dict_keys(['example_complex']) retrieved from /home/airflow/.local/lib/python3.7/site-packages/airflow/example_dags/example_complex.py
[2023-06-18T09:56:09.210+0000] {logging_mixin.py:149} INFO - [2023-06-18T09:56:09.210+0000] {dag.py:2726} INFO - Sync 1 DAGs
[2023-06-18T09:56:09.248+0000] {logging_mixin.py:149} INFO - [2023-06-18T09:56:09.248+0000] {dag.py:3490} INFO - Setting next_dagrun for example_complex to None, run_after=None
[2023-06-18T09:56:09.290+0000] {processor.py:179} INFO - Processing /home/airflow/.local/lib/python3.7/site-packages/airflow/example_dags/example_complex.py took 0.162 seconds
