[2023-06-18T09:51:25.328+0000] {processor.py:157} INFO - Started process (PID=87) to work on /home/airflow/.local/lib/python3.7/site-packages/airflow/example_dags/example_branch_datetime_operator.py
[2023-06-18T09:51:25.329+0000] {processor.py:826} INFO - Processing file /home/airflow/.local/lib/python3.7/site-packages/airflow/example_dags/example_branch_datetime_operator.py for tasks to queue
[2023-06-18T09:51:25.330+0000] {logging_mixin.py:149} INFO - [2023-06-18T09:51:25.330+0000] {dagbag.py:541} INFO - Filling up the DagBag from /home/airflow/.local/lib/python3.7/site-packages/airflow/example_dags/example_branch_datetime_operator.py
[2023-06-18T09:51:25.344+0000] {processor.py:836} INFO - DAG(s) dict_keys(['example_branch_datetime_operator_2', 'example_branch_datetime_operator', 'example_branch_datetime_operator_3']) retrieved from /home/airflow/.local/lib/python3.7/site-packages/airflow/example_dags/example_branch_datetime_operator.py
[2023-06-18T09:51:25.387+0000] {logging_mixin.py:149} INFO - [2023-06-18T09:51:25.387+0000] {dag.py:2726} INFO - Sync 3 DAGs
[2023-06-18T09:51:25.429+0000] {logging_mixin.py:149} INFO - [2023-06-18T09:51:25.429+0000] {dag.py:3490} INFO - Setting next_dagrun for example_branch_datetime_operator to 2023-06-17T00:00:00+00:00, run_after=2023-06-18T00:00:00+00:00
[2023-06-18T09:51:25.437+0000] {logging_mixin.py:149} INFO - [2023-06-18T09:51:25.437+0000] {dag.py:3490} INFO - Setting next_dagrun for example_branch_datetime_operator_2 to 2023-06-17T00:00:00+00:00, run_after=2023-06-18T00:00:00+00:00
[2023-06-18T09:51:25.441+0000] {logging_mixin.py:149} INFO - [2023-06-18T09:51:25.441+0000] {dag.py:3490} INFO - Setting next_dagrun for example_branch_datetime_operator_3 to 2023-06-17T00:00:00+00:00, run_after=2023-06-18T00:00:00+00:00
[2023-06-18T09:51:25.574+0000] {processor.py:179} INFO - Processing /home/airflow/.local/lib/python3.7/site-packages/airflow/example_dags/example_branch_datetime_operator.py took 0.250 seconds
[2023-06-18T09:52:54.909+0000] {processor.py:157} INFO - Started process (PID=162) to work on /home/airflow/.local/lib/python3.7/site-packages/airflow/example_dags/example_branch_datetime_operator.py
[2023-06-18T09:52:55.002+0000] {processor.py:826} INFO - Processing file /home/airflow/.local/lib/python3.7/site-packages/airflow/example_dags/example_branch_datetime_operator.py for tasks to queue
[2023-06-18T09:52:55.005+0000] {logging_mixin.py:149} INFO - [2023-06-18T09:52:55.005+0000] {dagbag.py:541} INFO - Filling up the DagBag from /home/airflow/.local/lib/python3.7/site-packages/airflow/example_dags/example_branch_datetime_operator.py
[2023-06-18T09:52:55.297+0000] {processor.py:836} INFO - DAG(s) dict_keys(['example_branch_datetime_operator_2', 'example_branch_datetime_operator_3', 'example_branch_datetime_operator']) retrieved from /home/airflow/.local/lib/python3.7/site-packages/airflow/example_dags/example_branch_datetime_operator.py
[2023-06-18T09:52:55.354+0000] {logging_mixin.py:149} INFO - [2023-06-18T09:52:55.354+0000] {dag.py:2726} INFO - Sync 3 DAGs
[2023-06-18T09:52:55.609+0000] {logging_mixin.py:149} INFO - [2023-06-18T09:52:55.609+0000] {dag.py:3490} INFO - Setting next_dagrun for example_branch_datetime_operator to 2023-06-17T00:00:00+00:00, run_after=2023-06-18T00:00:00+00:00
[2023-06-18T09:52:55.616+0000] {logging_mixin.py:149} INFO - [2023-06-18T09:52:55.615+0000] {dag.py:3490} INFO - Setting next_dagrun for example_branch_datetime_operator_2 to 2023-06-17T00:00:00+00:00, run_after=2023-06-18T00:00:00+00:00
[2023-06-18T09:52:55.619+0000] {logging_mixin.py:149} INFO - [2023-06-18T09:52:55.619+0000] {dag.py:3490} INFO - Setting next_dagrun for example_branch_datetime_operator_3 to 2023-06-17T00:00:00+00:00, run_after=2023-06-18T00:00:00+00:00
[2023-06-18T09:52:55.975+0000] {processor.py:179} INFO - Processing /home/airflow/.local/lib/python3.7/site-packages/airflow/example_dags/example_branch_datetime_operator.py took 1.083 seconds
[2023-06-18T09:54:09.446+0000] {processor.py:157} INFO - Started process (PID=248) to work on /home/airflow/.local/lib/python3.7/site-packages/airflow/example_dags/example_branch_datetime_operator.py
[2023-06-18T09:54:09.658+0000] {processor.py:826} INFO - Processing file /home/airflow/.local/lib/python3.7/site-packages/airflow/example_dags/example_branch_datetime_operator.py for tasks to queue
[2023-06-18T09:54:09.661+0000] {logging_mixin.py:149} INFO - [2023-06-18T09:54:09.660+0000] {dagbag.py:541} INFO - Filling up the DagBag from /home/airflow/.local/lib/python3.7/site-packages/airflow/example_dags/example_branch_datetime_operator.py
[2023-06-18T09:54:09.694+0000] {processor.py:836} INFO - DAG(s) dict_keys(['example_branch_datetime_operator_2', 'example_branch_datetime_operator_3', 'example_branch_datetime_operator']) retrieved from /home/airflow/.local/lib/python3.7/site-packages/airflow/example_dags/example_branch_datetime_operator.py
[2023-06-18T09:54:09.772+0000] {logging_mixin.py:149} INFO - [2023-06-18T09:54:09.771+0000] {dag.py:2726} INFO - Sync 3 DAGs
[2023-06-18T09:54:09.891+0000] {logging_mixin.py:149} INFO - [2023-06-18T09:54:09.891+0000] {dag.py:3490} INFO - Setting next_dagrun for example_branch_datetime_operator to 2023-06-17T00:00:00+00:00, run_after=2023-06-18T00:00:00+00:00
[2023-06-18T09:54:09.900+0000] {logging_mixin.py:149} INFO - [2023-06-18T09:54:09.900+0000] {dag.py:3490} INFO - Setting next_dagrun for example_branch_datetime_operator_2 to 2023-06-17T00:00:00+00:00, run_after=2023-06-18T00:00:00+00:00
[2023-06-18T09:54:09.905+0000] {logging_mixin.py:149} INFO - [2023-06-18T09:54:09.904+0000] {dag.py:3490} INFO - Setting next_dagrun for example_branch_datetime_operator_3 to 2023-06-17T00:00:00+00:00, run_after=2023-06-18T00:00:00+00:00
[2023-06-18T09:54:10.169+0000] {processor.py:179} INFO - Processing /home/airflow/.local/lib/python3.7/site-packages/airflow/example_dags/example_branch_datetime_operator.py took 0.727 seconds
[2023-06-18T09:54:40.463+0000] {processor.py:157} INFO - Started process (PID=312) to work on /home/airflow/.local/lib/python3.7/site-packages/airflow/example_dags/example_branch_datetime_operator.py
[2023-06-18T09:54:40.481+0000] {processor.py:826} INFO - Processing file /home/airflow/.local/lib/python3.7/site-packages/airflow/example_dags/example_branch_datetime_operator.py for tasks to queue
[2023-06-18T09:54:40.484+0000] {logging_mixin.py:149} INFO - [2023-06-18T09:54:40.483+0000] {dagbag.py:541} INFO - Filling up the DagBag from /home/airflow/.local/lib/python3.7/site-packages/airflow/example_dags/example_branch_datetime_operator.py
[2023-06-18T09:54:40.513+0000] {processor.py:836} INFO - DAG(s) dict_keys(['example_branch_datetime_operator_2', 'example_branch_datetime_operator', 'example_branch_datetime_operator_3']) retrieved from /home/airflow/.local/lib/python3.7/site-packages/airflow/example_dags/example_branch_datetime_operator.py
[2023-06-18T09:54:40.560+0000] {logging_mixin.py:149} INFO - [2023-06-18T09:54:40.560+0000] {dag.py:2726} INFO - Sync 3 DAGs
[2023-06-18T09:54:40.597+0000] {logging_mixin.py:149} INFO - [2023-06-18T09:54:40.597+0000] {dag.py:3490} INFO - Setting next_dagrun for example_branch_datetime_operator to 2023-06-17T00:00:00+00:00, run_after=2023-06-18T00:00:00+00:00
[2023-06-18T09:54:40.603+0000] {logging_mixin.py:149} INFO - [2023-06-18T09:54:40.603+0000] {dag.py:3490} INFO - Setting next_dagrun for example_branch_datetime_operator_2 to 2023-06-17T00:00:00+00:00, run_after=2023-06-18T00:00:00+00:00
[2023-06-18T09:54:40.607+0000] {logging_mixin.py:149} INFO - [2023-06-18T09:54:40.607+0000] {dag.py:3490} INFO - Setting next_dagrun for example_branch_datetime_operator_3 to 2023-06-17T00:00:00+00:00, run_after=2023-06-18T00:00:00+00:00
[2023-06-18T09:54:40.649+0000] {processor.py:179} INFO - Processing /home/airflow/.local/lib/python3.7/site-packages/airflow/example_dags/example_branch_datetime_operator.py took 0.191 seconds
[2023-06-18T09:55:10.888+0000] {processor.py:157} INFO - Started process (PID=380) to work on /home/airflow/.local/lib/python3.7/site-packages/airflow/example_dags/example_branch_datetime_operator.py
[2023-06-18T09:55:10.890+0000] {processor.py:826} INFO - Processing file /home/airflow/.local/lib/python3.7/site-packages/airflow/example_dags/example_branch_datetime_operator.py for tasks to queue
[2023-06-18T09:55:10.891+0000] {logging_mixin.py:149} INFO - [2023-06-18T09:55:10.890+0000] {dagbag.py:541} INFO - Filling up the DagBag from /home/airflow/.local/lib/python3.7/site-packages/airflow/example_dags/example_branch_datetime_operator.py
[2023-06-18T09:55:10.906+0000] {processor.py:836} INFO - DAG(s) dict_keys(['example_branch_datetime_operator_2', 'example_branch_datetime_operator_3', 'example_branch_datetime_operator']) retrieved from /home/airflow/.local/lib/python3.7/site-packages/airflow/example_dags/example_branch_datetime_operator.py
[2023-06-18T09:55:10.970+0000] {logging_mixin.py:149} INFO - [2023-06-18T09:55:10.969+0000] {dag.py:2726} INFO - Sync 3 DAGs
[2023-06-18T09:55:11.010+0000] {logging_mixin.py:149} INFO - [2023-06-18T09:55:11.010+0000] {dag.py:3490} INFO - Setting next_dagrun for example_branch_datetime_operator to 2023-06-17T00:00:00+00:00, run_after=2023-06-18T00:00:00+00:00
[2023-06-18T09:55:11.017+0000] {logging_mixin.py:149} INFO - [2023-06-18T09:55:11.017+0000] {dag.py:3490} INFO - Setting next_dagrun for example_branch_datetime_operator_2 to 2023-06-17T00:00:00+00:00, run_after=2023-06-18T00:00:00+00:00
[2023-06-18T09:55:11.020+0000] {logging_mixin.py:149} INFO - [2023-06-18T09:55:11.020+0000] {dag.py:3490} INFO - Setting next_dagrun for example_branch_datetime_operator_3 to 2023-06-17T00:00:00+00:00, run_after=2023-06-18T00:00:00+00:00
[2023-06-18T09:55:11.108+0000] {processor.py:179} INFO - Processing /home/airflow/.local/lib/python3.7/site-packages/airflow/example_dags/example_branch_datetime_operator.py took 0.224 seconds
[2023-06-18T09:55:41.828+0000] {processor.py:157} INFO - Started process (PID=448) to work on /home/airflow/.local/lib/python3.7/site-packages/airflow/example_dags/example_branch_datetime_operator.py
[2023-06-18T09:55:41.848+0000] {processor.py:826} INFO - Processing file /home/airflow/.local/lib/python3.7/site-packages/airflow/example_dags/example_branch_datetime_operator.py for tasks to queue
[2023-06-18T09:55:41.848+0000] {logging_mixin.py:149} INFO - [2023-06-18T09:55:41.848+0000] {dagbag.py:541} INFO - Filling up the DagBag from /home/airflow/.local/lib/python3.7/site-packages/airflow/example_dags/example_branch_datetime_operator.py
[2023-06-18T09:55:41.863+0000] {processor.py:836} INFO - DAG(s) dict_keys(['example_branch_datetime_operator', 'example_branch_datetime_operator_3', 'example_branch_datetime_operator_2']) retrieved from /home/airflow/.local/lib/python3.7/site-packages/airflow/example_dags/example_branch_datetime_operator.py
[2023-06-18T09:55:41.910+0000] {logging_mixin.py:149} INFO - [2023-06-18T09:55:41.910+0000] {dag.py:2726} INFO - Sync 3 DAGs
[2023-06-18T09:55:41.979+0000] {logging_mixin.py:149} INFO - [2023-06-18T09:55:41.979+0000] {dag.py:3490} INFO - Setting next_dagrun for example_branch_datetime_operator to 2023-06-17T00:00:00+00:00, run_after=2023-06-18T00:00:00+00:00
[2023-06-18T09:55:41.986+0000] {logging_mixin.py:149} INFO - [2023-06-18T09:55:41.985+0000] {dag.py:3490} INFO - Setting next_dagrun for example_branch_datetime_operator_2 to 2023-06-17T00:00:00+00:00, run_after=2023-06-18T00:00:00+00:00
[2023-06-18T09:55:41.992+0000] {logging_mixin.py:149} INFO - [2023-06-18T09:55:41.989+0000] {dag.py:3490} INFO - Setting next_dagrun for example_branch_datetime_operator_3 to 2023-06-17T00:00:00+00:00, run_after=2023-06-18T00:00:00+00:00
[2023-06-18T09:55:42.219+0000] {processor.py:179} INFO - Processing /home/airflow/.local/lib/python3.7/site-packages/airflow/example_dags/example_branch_datetime_operator.py took 0.398 seconds
[2023-06-18T09:56:12.299+0000] {processor.py:157} INFO - Started process (PID=517) to work on /home/airflow/.local/lib/python3.7/site-packages/airflow/example_dags/example_branch_datetime_operator.py
[2023-06-18T09:56:12.300+0000] {processor.py:826} INFO - Processing file /home/airflow/.local/lib/python3.7/site-packages/airflow/example_dags/example_branch_datetime_operator.py for tasks to queue
[2023-06-18T09:56:12.301+0000] {logging_mixin.py:149} INFO - [2023-06-18T09:56:12.301+0000] {dagbag.py:541} INFO - Filling up the DagBag from /home/airflow/.local/lib/python3.7/site-packages/airflow/example_dags/example_branch_datetime_operator.py
[2023-06-18T09:56:12.314+0000] {processor.py:836} INFO - DAG(s) dict_keys(['example_branch_datetime_operator_3', 'example_branch_datetime_operator', 'example_branch_datetime_operator_2']) retrieved from /home/airflow/.local/lib/python3.7/site-packages/airflow/example_dags/example_branch_datetime_operator.py
[2023-06-18T09:56:12.357+0000] {logging_mixin.py:149} INFO - [2023-06-18T09:56:12.357+0000] {dag.py:2726} INFO - Sync 3 DAGs
[2023-06-18T09:56:12.396+0000] {logging_mixin.py:149} INFO - [2023-06-18T09:56:12.396+0000] {dag.py:3490} INFO - Setting next_dagrun for example_branch_datetime_operator to 2023-06-17T00:00:00+00:00, run_after=2023-06-18T00:00:00+00:00
[2023-06-18T09:56:12.402+0000] {logging_mixin.py:149} INFO - [2023-06-18T09:56:12.402+0000] {dag.py:3490} INFO - Setting next_dagrun for example_branch_datetime_operator_2 to 2023-06-17T00:00:00+00:00, run_after=2023-06-18T00:00:00+00:00
[2023-06-18T09:56:12.406+0000] {logging_mixin.py:149} INFO - [2023-06-18T09:56:12.406+0000] {dag.py:3490} INFO - Setting next_dagrun for example_branch_datetime_operator_3 to 2023-06-17T00:00:00+00:00, run_after=2023-06-18T00:00:00+00:00
[2023-06-18T09:56:12.436+0000] {processor.py:179} INFO - Processing /home/airflow/.local/lib/python3.7/site-packages/airflow/example_dags/example_branch_datetime_operator.py took 0.141 seconds
