[2023-06-18T09:51:25.072+0000] {processor.py:157} INFO - Started process (PID=86) to work on /home/airflow/.local/lib/python3.7/site-packages/airflow/example_dags/example_xcom.py
[2023-06-18T09:51:25.073+0000] {processor.py:826} INFO - Processing file /home/airflow/.local/lib/python3.7/site-packages/airflow/example_dags/example_xcom.py for tasks to queue
[2023-06-18T09:51:25.074+0000] {logging_mixin.py:149} INFO - [2023-06-18T09:51:25.074+0000] {dagbag.py:541} INFO - Filling up the DagBag from /home/airflow/.local/lib/python3.7/site-packages/airflow/example_dags/example_xcom.py
[2023-06-18T09:51:25.100+0000] {processor.py:836} INFO - DAG(s) dict_keys(['example_xcom']) retrieved from /home/airflow/.local/lib/python3.7/site-packages/airflow/example_dags/example_xcom.py
[2023-06-18T09:51:25.138+0000] {logging_mixin.py:149} INFO - [2023-06-18T09:51:25.137+0000] {dag.py:2726} INFO - Sync 1 DAGs
[2023-06-18T09:51:25.173+0000] {logging_mixin.py:149} INFO - [2023-06-18T09:51:25.173+0000] {dag.py:3490} INFO - Setting next_dagrun for example_xcom to 2021-01-01T00:00:00+00:00, run_after=2021-01-01T00:00:00+00:00
[2023-06-18T09:51:25.310+0000] {processor.py:179} INFO - Processing /home/airflow/.local/lib/python3.7/site-packages/airflow/example_dags/example_xcom.py took 0.242 seconds
[2023-06-18T09:52:54.140+0000] {processor.py:157} INFO - Started process (PID=161) to work on /home/airflow/.local/lib/python3.7/site-packages/airflow/example_dags/example_xcom.py
[2023-06-18T09:52:54.182+0000] {processor.py:826} INFO - Processing file /home/airflow/.local/lib/python3.7/site-packages/airflow/example_dags/example_xcom.py for tasks to queue
[2023-06-18T09:52:54.185+0000] {logging_mixin.py:149} INFO - [2023-06-18T09:52:54.184+0000] {dagbag.py:541} INFO - Filling up the DagBag from /home/airflow/.local/lib/python3.7/site-packages/airflow/example_dags/example_xcom.py
[2023-06-18T09:52:54.334+0000] {processor.py:836} INFO - DAG(s) dict_keys(['example_xcom']) retrieved from /home/airflow/.local/lib/python3.7/site-packages/airflow/example_dags/example_xcom.py
[2023-06-18T09:52:54.394+0000] {logging_mixin.py:149} INFO - [2023-06-18T09:52:54.394+0000] {dag.py:2726} INFO - Sync 1 DAGs
[2023-06-18T09:52:54.607+0000] {logging_mixin.py:149} INFO - [2023-06-18T09:52:54.607+0000] {dag.py:3490} INFO - Setting next_dagrun for example_xcom to 2021-01-01T00:00:00+00:00, run_after=2021-01-01T00:00:00+00:00
[2023-06-18T09:52:54.807+0000] {processor.py:179} INFO - Processing /home/airflow/.local/lib/python3.7/site-packages/airflow/example_dags/example_xcom.py took 0.682 seconds
[2023-06-18T09:54:08.777+0000] {processor.py:157} INFO - Started process (PID=247) to work on /home/airflow/.local/lib/python3.7/site-packages/airflow/example_dags/example_xcom.py
[2023-06-18T09:54:08.929+0000] {processor.py:826} INFO - Processing file /home/airflow/.local/lib/python3.7/site-packages/airflow/example_dags/example_xcom.py for tasks to queue
[2023-06-18T09:54:08.936+0000] {logging_mixin.py:149} INFO - [2023-06-18T09:54:08.935+0000] {dagbag.py:541} INFO - Filling up the DagBag from /home/airflow/.local/lib/python3.7/site-packages/airflow/example_dags/example_xcom.py
[2023-06-18T09:54:09.013+0000] {processor.py:836} INFO - DAG(s) dict_keys(['example_xcom']) retrieved from /home/airflow/.local/lib/python3.7/site-packages/airflow/example_dags/example_xcom.py
[2023-06-18T09:54:09.125+0000] {logging_mixin.py:149} INFO - [2023-06-18T09:54:09.124+0000] {dag.py:2726} INFO - Sync 1 DAGs
[2023-06-18T09:54:09.167+0000] {logging_mixin.py:149} INFO - [2023-06-18T09:54:09.166+0000] {dag.py:3490} INFO - Setting next_dagrun for example_xcom to 2021-01-01T00:00:00+00:00, run_after=2021-01-01T00:00:00+00:00
[2023-06-18T09:54:09.414+0000] {processor.py:179} INFO - Processing /home/airflow/.local/lib/python3.7/site-packages/airflow/example_dags/example_xcom.py took 0.663 seconds
[2023-06-18T09:54:39.441+0000] {processor.py:157} INFO - Started process (PID=311) to work on /home/airflow/.local/lib/python3.7/site-packages/airflow/example_dags/example_xcom.py
[2023-06-18T09:54:39.441+0000] {processor.py:826} INFO - Processing file /home/airflow/.local/lib/python3.7/site-packages/airflow/example_dags/example_xcom.py for tasks to queue
[2023-06-18T09:54:39.442+0000] {logging_mixin.py:149} INFO - [2023-06-18T09:54:39.442+0000] {dagbag.py:541} INFO - Filling up the DagBag from /home/airflow/.local/lib/python3.7/site-packages/airflow/example_dags/example_xcom.py
[2023-06-18T09:54:39.451+0000] {processor.py:836} INFO - DAG(s) dict_keys(['example_xcom']) retrieved from /home/airflow/.local/lib/python3.7/site-packages/airflow/example_dags/example_xcom.py
[2023-06-18T09:54:39.485+0000] {logging_mixin.py:149} INFO - [2023-06-18T09:54:39.485+0000] {dag.py:2726} INFO - Sync 1 DAGs
[2023-06-18T09:54:39.519+0000] {logging_mixin.py:149} INFO - [2023-06-18T09:54:39.519+0000] {dag.py:3490} INFO - Setting next_dagrun for example_xcom to 2021-01-01T00:00:00+00:00, run_after=2021-01-01T00:00:00+00:00
[2023-06-18T09:54:39.592+0000] {processor.py:179} INFO - Processing /home/airflow/.local/lib/python3.7/site-packages/airflow/example_dags/example_xcom.py took 0.155 seconds
[2023-06-18T09:55:09.702+0000] {processor.py:157} INFO - Started process (PID=379) to work on /home/airflow/.local/lib/python3.7/site-packages/airflow/example_dags/example_xcom.py
[2023-06-18T09:55:09.727+0000] {processor.py:826} INFO - Processing file /home/airflow/.local/lib/python3.7/site-packages/airflow/example_dags/example_xcom.py for tasks to queue
[2023-06-18T09:55:09.728+0000] {logging_mixin.py:149} INFO - [2023-06-18T09:55:09.728+0000] {dagbag.py:541} INFO - Filling up the DagBag from /home/airflow/.local/lib/python3.7/site-packages/airflow/example_dags/example_xcom.py
[2023-06-18T09:55:09.742+0000] {processor.py:836} INFO - DAG(s) dict_keys(['example_xcom']) retrieved from /home/airflow/.local/lib/python3.7/site-packages/airflow/example_dags/example_xcom.py
[2023-06-18T09:55:09.785+0000] {logging_mixin.py:149} INFO - [2023-06-18T09:55:09.785+0000] {dag.py:2726} INFO - Sync 1 DAGs
[2023-06-18T09:55:09.838+0000] {logging_mixin.py:149} INFO - [2023-06-18T09:55:09.838+0000] {dag.py:3490} INFO - Setting next_dagrun for example_xcom to 2021-01-01T00:00:00+00:00, run_after=2021-01-01T00:00:00+00:00
[2023-06-18T09:55:09.898+0000] {processor.py:179} INFO - Processing /home/airflow/.local/lib/python3.7/site-packages/airflow/example_dags/example_xcom.py took 0.201 seconds
[2023-06-18T09:55:40.648+0000] {processor.py:157} INFO - Started process (PID=447) to work on /home/airflow/.local/lib/python3.7/site-packages/airflow/example_dags/example_xcom.py
[2023-06-18T09:55:40.650+0000] {processor.py:826} INFO - Processing file /home/airflow/.local/lib/python3.7/site-packages/airflow/example_dags/example_xcom.py for tasks to queue
[2023-06-18T09:55:40.651+0000] {logging_mixin.py:149} INFO - [2023-06-18T09:55:40.651+0000] {dagbag.py:541} INFO - Filling up the DagBag from /home/airflow/.local/lib/python3.7/site-packages/airflow/example_dags/example_xcom.py
[2023-06-18T09:55:40.667+0000] {processor.py:836} INFO - DAG(s) dict_keys(['example_xcom']) retrieved from /home/airflow/.local/lib/python3.7/site-packages/airflow/example_dags/example_xcom.py
[2023-06-18T09:55:40.712+0000] {logging_mixin.py:149} INFO - [2023-06-18T09:55:40.712+0000] {dag.py:2726} INFO - Sync 1 DAGs
[2023-06-18T09:55:40.760+0000] {logging_mixin.py:149} INFO - [2023-06-18T09:55:40.760+0000] {dag.py:3490} INFO - Setting next_dagrun for example_xcom to 2021-01-01T00:00:00+00:00, run_after=2021-01-01T00:00:00+00:00
[2023-06-18T09:55:40.806+0000] {processor.py:179} INFO - Processing /home/airflow/.local/lib/python3.7/site-packages/airflow/example_dags/example_xcom.py took 0.164 seconds
[2023-06-18T09:56:10.985+0000] {processor.py:157} INFO - Started process (PID=515) to work on /home/airflow/.local/lib/python3.7/site-packages/airflow/example_dags/example_xcom.py
[2023-06-18T09:56:11.000+0000] {processor.py:826} INFO - Processing file /home/airflow/.local/lib/python3.7/site-packages/airflow/example_dags/example_xcom.py for tasks to queue
[2023-06-18T09:56:11.001+0000] {logging_mixin.py:149} INFO - [2023-06-18T09:56:11.000+0000] {dagbag.py:541} INFO - Filling up the DagBag from /home/airflow/.local/lib/python3.7/site-packages/airflow/example_dags/example_xcom.py
[2023-06-18T09:56:11.011+0000] {processor.py:836} INFO - DAG(s) dict_keys(['example_xcom']) retrieved from /home/airflow/.local/lib/python3.7/site-packages/airflow/example_dags/example_xcom.py
[2023-06-18T09:56:11.050+0000] {logging_mixin.py:149} INFO - [2023-06-18T09:56:11.050+0000] {dag.py:2726} INFO - Sync 1 DAGs
[2023-06-18T09:56:11.091+0000] {logging_mixin.py:149} INFO - [2023-06-18T09:56:11.091+0000] {dag.py:3490} INFO - Setting next_dagrun for example_xcom to 2021-01-01T00:00:00+00:00, run_after=2021-01-01T00:00:00+00:00
[2023-06-18T09:56:11.129+0000] {processor.py:179} INFO - Processing /home/airflow/.local/lib/python3.7/site-packages/airflow/example_dags/example_xcom.py took 0.147 seconds
