[2023-06-18T09:51:26.591+0000] {processor.py:157} INFO - Started process (PID=94) to work on /home/airflow/.local/lib/python3.7/site-packages/airflow/example_dags/example_short_circuit_operator.py
[2023-06-18T09:51:26.592+0000] {processor.py:826} INFO - Processing file /home/airflow/.local/lib/python3.7/site-packages/airflow/example_dags/example_short_circuit_operator.py for tasks to queue
[2023-06-18T09:51:26.593+0000] {logging_mixin.py:149} INFO - [2023-06-18T09:51:26.593+0000] {dagbag.py:541} INFO - Filling up the DagBag from /home/airflow/.local/lib/python3.7/site-packages/airflow/example_dags/example_short_circuit_operator.py
[2023-06-18T09:51:26.620+0000] {processor.py:836} INFO - DAG(s) dict_keys(['example_short_circuit_operator']) retrieved from /home/airflow/.local/lib/python3.7/site-packages/airflow/example_dags/example_short_circuit_operator.py
[2023-06-18T09:51:26.668+0000] {logging_mixin.py:149} INFO - [2023-06-18T09:51:26.668+0000] {dag.py:2726} INFO - Sync 1 DAGs
[2023-06-18T09:51:26.712+0000] {logging_mixin.py:149} INFO - [2023-06-18T09:51:26.712+0000] {dag.py:3490} INFO - Setting next_dagrun for example_short_circuit_operator to 2023-06-17T09:51:26.711826+00:00, run_after=2023-06-18T09:51:26.711826+00:00
[2023-06-18T09:51:26.869+0000] {processor.py:179} INFO - Processing /home/airflow/.local/lib/python3.7/site-packages/airflow/example_dags/example_short_circuit_operator.py took 0.285 seconds
[2023-06-18T09:52:59.550+0000] {processor.py:157} INFO - Started process (PID=169) to work on /home/airflow/.local/lib/python3.7/site-packages/airflow/example_dags/example_short_circuit_operator.py
[2023-06-18T09:52:59.616+0000] {processor.py:826} INFO - Processing file /home/airflow/.local/lib/python3.7/site-packages/airflow/example_dags/example_short_circuit_operator.py for tasks to queue
[2023-06-18T09:52:59.617+0000] {logging_mixin.py:149} INFO - [2023-06-18T09:52:59.617+0000] {dagbag.py:541} INFO - Filling up the DagBag from /home/airflow/.local/lib/python3.7/site-packages/airflow/example_dags/example_short_circuit_operator.py
[2023-06-18T09:52:59.812+0000] {processor.py:836} INFO - DAG(s) dict_keys(['example_short_circuit_operator']) retrieved from /home/airflow/.local/lib/python3.7/site-packages/airflow/example_dags/example_short_circuit_operator.py
[2023-06-18T09:52:59.863+0000] {logging_mixin.py:149} INFO - [2023-06-18T09:52:59.862+0000] {dag.py:2726} INFO - Sync 1 DAGs
[2023-06-18T09:53:00.111+0000] {logging_mixin.py:149} INFO - [2023-06-18T09:53:00.111+0000] {dag.py:3490} INFO - Setting next_dagrun for example_short_circuit_operator to 2023-06-17T09:53:00.110707+00:00, run_after=2023-06-18T09:53:00.110707+00:00
[2023-06-18T09:53:00.281+0000] {processor.py:179} INFO - Processing /home/airflow/.local/lib/python3.7/site-packages/airflow/example_dags/example_short_circuit_operator.py took 0.736 seconds
[2023-06-18T09:54:12.622+0000] {processor.py:157} INFO - Started process (PID=255) to work on /home/airflow/.local/lib/python3.7/site-packages/airflow/example_dags/example_short_circuit_operator.py
[2023-06-18T09:54:12.658+0000] {processor.py:826} INFO - Processing file /home/airflow/.local/lib/python3.7/site-packages/airflow/example_dags/example_short_circuit_operator.py for tasks to queue
[2023-06-18T09:54:12.660+0000] {logging_mixin.py:149} INFO - [2023-06-18T09:54:12.659+0000] {dagbag.py:541} INFO - Filling up the DagBag from /home/airflow/.local/lib/python3.7/site-packages/airflow/example_dags/example_short_circuit_operator.py
[2023-06-18T09:54:12.698+0000] {processor.py:836} INFO - DAG(s) dict_keys(['example_short_circuit_operator']) retrieved from /home/airflow/.local/lib/python3.7/site-packages/airflow/example_dags/example_short_circuit_operator.py
[2023-06-18T09:54:12.807+0000] {logging_mixin.py:149} INFO - [2023-06-18T09:54:12.807+0000] {dag.py:2726} INFO - Sync 1 DAGs
[2023-06-18T09:54:12.871+0000] {logging_mixin.py:149} INFO - [2023-06-18T09:54:12.871+0000] {dag.py:3490} INFO - Setting next_dagrun for example_short_circuit_operator to 2023-06-17T09:54:12.870665+00:00, run_after=2023-06-18T09:54:12.870665+00:00
[2023-06-18T09:54:13.020+0000] {processor.py:179} INFO - Processing /home/airflow/.local/lib/python3.7/site-packages/airflow/example_dags/example_short_circuit_operator.py took 0.412 seconds
[2023-06-18T09:54:43.264+0000] {processor.py:157} INFO - Started process (PID=319) to work on /home/airflow/.local/lib/python3.7/site-packages/airflow/example_dags/example_short_circuit_operator.py
[2023-06-18T09:54:43.265+0000] {processor.py:826} INFO - Processing file /home/airflow/.local/lib/python3.7/site-packages/airflow/example_dags/example_short_circuit_operator.py for tasks to queue
[2023-06-18T09:54:43.266+0000] {logging_mixin.py:149} INFO - [2023-06-18T09:54:43.266+0000] {dagbag.py:541} INFO - Filling up the DagBag from /home/airflow/.local/lib/python3.7/site-packages/airflow/example_dags/example_short_circuit_operator.py
[2023-06-18T09:54:43.277+0000] {processor.py:836} INFO - DAG(s) dict_keys(['example_short_circuit_operator']) retrieved from /home/airflow/.local/lib/python3.7/site-packages/airflow/example_dags/example_short_circuit_operator.py
[2023-06-18T09:54:43.312+0000] {logging_mixin.py:149} INFO - [2023-06-18T09:54:43.312+0000] {dag.py:2726} INFO - Sync 1 DAGs
[2023-06-18T09:54:43.355+0000] {logging_mixin.py:149} INFO - [2023-06-18T09:54:43.355+0000] {dag.py:3490} INFO - Setting next_dagrun for example_short_circuit_operator to 2023-06-17T09:54:43.354868+00:00, run_after=2023-06-18T09:54:43.354868+00:00
[2023-06-18T09:54:43.546+0000] {processor.py:179} INFO - Processing /home/airflow/.local/lib/python3.7/site-packages/airflow/example_dags/example_short_circuit_operator.py took 0.285 seconds
[2023-06-18T09:55:14.034+0000] {processor.py:157} INFO - Started process (PID=387) to work on /home/airflow/.local/lib/python3.7/site-packages/airflow/example_dags/example_short_circuit_operator.py
[2023-06-18T09:55:14.055+0000] {processor.py:826} INFO - Processing file /home/airflow/.local/lib/python3.7/site-packages/airflow/example_dags/example_short_circuit_operator.py for tasks to queue
[2023-06-18T09:55:14.055+0000] {logging_mixin.py:149} INFO - [2023-06-18T09:55:14.055+0000] {dagbag.py:541} INFO - Filling up the DagBag from /home/airflow/.local/lib/python3.7/site-packages/airflow/example_dags/example_short_circuit_operator.py
[2023-06-18T09:55:14.066+0000] {processor.py:836} INFO - DAG(s) dict_keys(['example_short_circuit_operator']) retrieved from /home/airflow/.local/lib/python3.7/site-packages/airflow/example_dags/example_short_circuit_operator.py
[2023-06-18T09:55:14.103+0000] {logging_mixin.py:149} INFO - [2023-06-18T09:55:14.103+0000] {dag.py:2726} INFO - Sync 1 DAGs
[2023-06-18T09:55:14.147+0000] {logging_mixin.py:149} INFO - [2023-06-18T09:55:14.147+0000] {dag.py:3490} INFO - Setting next_dagrun for example_short_circuit_operator to 2023-06-17T09:55:14.147417+00:00, run_after=2023-06-18T09:55:14.147417+00:00
[2023-06-18T09:55:14.238+0000] {processor.py:179} INFO - Processing /home/airflow/.local/lib/python3.7/site-packages/airflow/example_dags/example_short_circuit_operator.py took 0.209 seconds
[2023-06-18T09:55:44.461+0000] {processor.py:157} INFO - Started process (PID=455) to work on /home/airflow/.local/lib/python3.7/site-packages/airflow/example_dags/example_short_circuit_operator.py
[2023-06-18T09:55:44.481+0000] {processor.py:826} INFO - Processing file /home/airflow/.local/lib/python3.7/site-packages/airflow/example_dags/example_short_circuit_operator.py for tasks to queue
[2023-06-18T09:55:44.482+0000] {logging_mixin.py:149} INFO - [2023-06-18T09:55:44.482+0000] {dagbag.py:541} INFO - Filling up the DagBag from /home/airflow/.local/lib/python3.7/site-packages/airflow/example_dags/example_short_circuit_operator.py
[2023-06-18T09:55:44.497+0000] {processor.py:836} INFO - DAG(s) dict_keys(['example_short_circuit_operator']) retrieved from /home/airflow/.local/lib/python3.7/site-packages/airflow/example_dags/example_short_circuit_operator.py
[2023-06-18T09:55:44.534+0000] {logging_mixin.py:149} INFO - [2023-06-18T09:55:44.534+0000] {dag.py:2726} INFO - Sync 1 DAGs
[2023-06-18T09:55:44.569+0000] {logging_mixin.py:149} INFO - [2023-06-18T09:55:44.568+0000] {dag.py:3490} INFO - Setting next_dagrun for example_short_circuit_operator to 2023-06-17T09:55:44.568581+00:00, run_after=2023-06-18T09:55:44.568581+00:00
[2023-06-18T09:55:44.598+0000] {processor.py:179} INFO - Processing /home/airflow/.local/lib/python3.7/site-packages/airflow/example_dags/example_short_circuit_operator.py took 0.142 seconds
[2023-06-18T09:56:14.795+0000] {processor.py:157} INFO - Started process (PID=523) to work on /home/airflow/.local/lib/python3.7/site-packages/airflow/example_dags/example_short_circuit_operator.py
[2023-06-18T09:56:14.796+0000] {processor.py:826} INFO - Processing file /home/airflow/.local/lib/python3.7/site-packages/airflow/example_dags/example_short_circuit_operator.py for tasks to queue
[2023-06-18T09:56:14.797+0000] {logging_mixin.py:149} INFO - [2023-06-18T09:56:14.797+0000] {dagbag.py:541} INFO - Filling up the DagBag from /home/airflow/.local/lib/python3.7/site-packages/airflow/example_dags/example_short_circuit_operator.py
[2023-06-18T09:56:14.811+0000] {processor.py:836} INFO - DAG(s) dict_keys(['example_short_circuit_operator']) retrieved from /home/airflow/.local/lib/python3.7/site-packages/airflow/example_dags/example_short_circuit_operator.py
[2023-06-18T09:56:14.851+0000] {logging_mixin.py:149} INFO - [2023-06-18T09:56:14.851+0000] {dag.py:2726} INFO - Sync 1 DAGs
[2023-06-18T09:56:14.890+0000] {logging_mixin.py:149} INFO - [2023-06-18T09:56:14.890+0000] {dag.py:3490} INFO - Setting next_dagrun for example_short_circuit_operator to 2023-06-17T09:56:14.889877+00:00, run_after=2023-06-18T09:56:14.889877+00:00
[2023-06-18T09:56:14.927+0000] {processor.py:179} INFO - Processing /home/airflow/.local/lib/python3.7/site-packages/airflow/example_dags/example_short_circuit_operator.py took 0.138 seconds
