[2023-06-18T09:51:29.900+0000] {processor.py:157} INFO - Started process (PID=105) to work on /home/airflow/.local/lib/python3.7/site-packages/airflow/example_dags/example_skip_dag.py
[2023-06-18T09:51:29.901+0000] {processor.py:826} INFO - Processing file /home/airflow/.local/lib/python3.7/site-packages/airflow/example_dags/example_skip_dag.py for tasks to queue
[2023-06-18T09:51:29.902+0000] {logging_mixin.py:149} INFO - [2023-06-18T09:51:29.902+0000] {dagbag.py:541} INFO - Filling up the DagBag from /home/airflow/.local/lib/python3.7/site-packages/airflow/example_dags/example_skip_dag.py
[2023-06-18T09:51:29.968+0000] {processor.py:836} INFO - DAG(s) dict_keys(['example_skip_dag']) retrieved from /home/airflow/.local/lib/python3.7/site-packages/airflow/example_dags/example_skip_dag.py
[2023-06-18T09:51:30.057+0000] {logging_mixin.py:149} INFO - [2023-06-18T09:51:30.056+0000] {dag.py:2726} INFO - Sync 1 DAGs
[2023-06-18T09:51:30.119+0000] {logging_mixin.py:149} INFO - [2023-06-18T09:51:30.119+0000] {dag.py:3490} INFO - Setting next_dagrun for example_skip_dag to 2023-06-17T09:51:30.119092+00:00, run_after=2023-06-18T09:51:30.119092+00:00
[2023-06-18T09:51:30.274+0000] {processor.py:179} INFO - Processing /home/airflow/.local/lib/python3.7/site-packages/airflow/example_dags/example_skip_dag.py took 0.379 seconds
[2023-06-18T09:53:58.548+0000] {processor.py:157} INFO - Started process (PID=209) to work on /home/airflow/.local/lib/python3.7/site-packages/airflow/example_dags/example_skip_dag.py
[2023-06-18T09:53:58.568+0000] {processor.py:826} INFO - Processing file /home/airflow/.local/lib/python3.7/site-packages/airflow/example_dags/example_skip_dag.py for tasks to queue
[2023-06-18T09:53:58.570+0000] {logging_mixin.py:149} INFO - [2023-06-18T09:53:58.569+0000] {dagbag.py:541} INFO - Filling up the DagBag from /home/airflow/.local/lib/python3.7/site-packages/airflow/example_dags/example_skip_dag.py
[2023-06-18T09:53:58.649+0000] {processor.py:836} INFO - DAG(s) dict_keys(['example_skip_dag']) retrieved from /home/airflow/.local/lib/python3.7/site-packages/airflow/example_dags/example_skip_dag.py
[2023-06-18T09:53:58.728+0000] {logging_mixin.py:149} INFO - [2023-06-18T09:53:58.727+0000] {dag.py:2726} INFO - Sync 1 DAGs
[2023-06-18T09:53:58.777+0000] {logging_mixin.py:149} INFO - [2023-06-18T09:53:58.776+0000] {dag.py:3490} INFO - Setting next_dagrun for example_skip_dag to 2023-06-17T09:53:58.776396+00:00, run_after=2023-06-18T09:53:58.776396+00:00
[2023-06-18T09:53:58.911+0000] {processor.py:179} INFO - Processing /home/airflow/.local/lib/python3.7/site-packages/airflow/example_dags/example_skip_dag.py took 0.368 seconds
[2023-06-18T09:54:31.946+0000] {processor.py:157} INFO - Started process (PID=277) to work on /home/airflow/.local/lib/python3.7/site-packages/airflow/example_dags/example_skip_dag.py
[2023-06-18T09:54:31.969+0000] {processor.py:826} INFO - Processing file /home/airflow/.local/lib/python3.7/site-packages/airflow/example_dags/example_skip_dag.py for tasks to queue
[2023-06-18T09:54:31.970+0000] {logging_mixin.py:149} INFO - [2023-06-18T09:54:31.969+0000] {dagbag.py:541} INFO - Filling up the DagBag from /home/airflow/.local/lib/python3.7/site-packages/airflow/example_dags/example_skip_dag.py
[2023-06-18T09:54:31.978+0000] {processor.py:836} INFO - DAG(s) dict_keys(['example_skip_dag']) retrieved from /home/airflow/.local/lib/python3.7/site-packages/airflow/example_dags/example_skip_dag.py
[2023-06-18T09:54:32.020+0000] {logging_mixin.py:149} INFO - [2023-06-18T09:54:32.020+0000] {dag.py:2726} INFO - Sync 1 DAGs
[2023-06-18T09:54:32.069+0000] {logging_mixin.py:149} INFO - [2023-06-18T09:54:32.069+0000] {dag.py:3490} INFO - Setting next_dagrun for example_skip_dag to 2023-06-17T09:54:32.069018+00:00, run_after=2023-06-18T09:54:32.069018+00:00
[2023-06-18T09:54:32.115+0000] {processor.py:179} INFO - Processing /home/airflow/.local/lib/python3.7/site-packages/airflow/example_dags/example_skip_dag.py took 0.172 seconds
[2023-06-18T09:55:03.420+0000] {processor.py:157} INFO - Started process (PID=345) to work on /home/airflow/.local/lib/python3.7/site-packages/airflow/example_dags/example_skip_dag.py
[2023-06-18T09:55:03.457+0000] {processor.py:826} INFO - Processing file /home/airflow/.local/lib/python3.7/site-packages/airflow/example_dags/example_skip_dag.py for tasks to queue
[2023-06-18T09:55:03.458+0000] {logging_mixin.py:149} INFO - [2023-06-18T09:55:03.457+0000] {dagbag.py:541} INFO - Filling up the DagBag from /home/airflow/.local/lib/python3.7/site-packages/airflow/example_dags/example_skip_dag.py
[2023-06-18T09:55:03.466+0000] {processor.py:836} INFO - DAG(s) dict_keys(['example_skip_dag']) retrieved from /home/airflow/.local/lib/python3.7/site-packages/airflow/example_dags/example_skip_dag.py
[2023-06-18T09:55:03.498+0000] {logging_mixin.py:149} INFO - [2023-06-18T09:55:03.498+0000] {dag.py:2726} INFO - Sync 1 DAGs
[2023-06-18T09:55:03.537+0000] {logging_mixin.py:149} INFO - [2023-06-18T09:55:03.536+0000] {dag.py:3490} INFO - Setting next_dagrun for example_skip_dag to 2023-06-17T09:55:03.536597+00:00, run_after=2023-06-18T09:55:03.536597+00:00
[2023-06-18T09:55:03.580+0000] {processor.py:179} INFO - Processing /home/airflow/.local/lib/python3.7/site-packages/airflow/example_dags/example_skip_dag.py took 0.164 seconds
[2023-06-18T09:55:38.109+0000] {processor.py:157} INFO - Started process (PID=416) to work on /home/airflow/.local/lib/python3.7/site-packages/airflow/example_dags/example_skip_dag.py
[2023-06-18T09:55:38.110+0000] {processor.py:826} INFO - Processing file /home/airflow/.local/lib/python3.7/site-packages/airflow/example_dags/example_skip_dag.py for tasks to queue
[2023-06-18T09:55:38.111+0000] {logging_mixin.py:149} INFO - [2023-06-18T09:55:38.110+0000] {dagbag.py:541} INFO - Filling up the DagBag from /home/airflow/.local/lib/python3.7/site-packages/airflow/example_dags/example_skip_dag.py
[2023-06-18T09:55:38.120+0000] {processor.py:836} INFO - DAG(s) dict_keys(['example_skip_dag']) retrieved from /home/airflow/.local/lib/python3.7/site-packages/airflow/example_dags/example_skip_dag.py
[2023-06-18T09:55:38.163+0000] {logging_mixin.py:149} INFO - [2023-06-18T09:55:38.163+0000] {dag.py:2726} INFO - Sync 1 DAGs
[2023-06-18T09:55:38.240+0000] {logging_mixin.py:149} INFO - [2023-06-18T09:55:38.240+0000] {dag.py:3490} INFO - Setting next_dagrun for example_skip_dag to 2023-06-17T09:55:38.239982+00:00, run_after=2023-06-18T09:55:38.239982+00:00
[2023-06-18T09:55:38.361+0000] {processor.py:179} INFO - Processing /home/airflow/.local/lib/python3.7/site-packages/airflow/example_dags/example_skip_dag.py took 0.257 seconds
[2023-06-18T09:56:08.808+0000] {processor.py:157} INFO - Started process (PID=484) to work on /home/airflow/.local/lib/python3.7/site-packages/airflow/example_dags/example_skip_dag.py
[2023-06-18T09:56:08.809+0000] {processor.py:826} INFO - Processing file /home/airflow/.local/lib/python3.7/site-packages/airflow/example_dags/example_skip_dag.py for tasks to queue
[2023-06-18T09:56:08.809+0000] {logging_mixin.py:149} INFO - [2023-06-18T09:56:08.809+0000] {dagbag.py:541} INFO - Filling up the DagBag from /home/airflow/.local/lib/python3.7/site-packages/airflow/example_dags/example_skip_dag.py
[2023-06-18T09:56:08.818+0000] {processor.py:836} INFO - DAG(s) dict_keys(['example_skip_dag']) retrieved from /home/airflow/.local/lib/python3.7/site-packages/airflow/example_dags/example_skip_dag.py
[2023-06-18T09:56:08.853+0000] {logging_mixin.py:149} INFO - [2023-06-18T09:56:08.853+0000] {dag.py:2726} INFO - Sync 1 DAGs
[2023-06-18T09:56:08.891+0000] {logging_mixin.py:149} INFO - [2023-06-18T09:56:08.891+0000] {dag.py:3490} INFO - Setting next_dagrun for example_skip_dag to 2023-06-17T09:56:08.891257+00:00, run_after=2023-06-18T09:56:08.891257+00:00
[2023-06-18T09:56:08.927+0000] {processor.py:179} INFO - Processing /home/airflow/.local/lib/python3.7/site-packages/airflow/example_dags/example_skip_dag.py took 0.124 seconds
