[2023-06-18T09:51:26.215+0000] {processor.py:157} INFO - Started process (PID=92) to work on /home/airflow/.local/lib/python3.7/site-packages/airflow/example_dags/tutorial_dag.py
[2023-06-18T09:51:26.217+0000] {processor.py:826} INFO - Processing file /home/airflow/.local/lib/python3.7/site-packages/airflow/example_dags/tutorial_dag.py for tasks to queue
[2023-06-18T09:51:26.218+0000] {logging_mixin.py:149} INFO - [2023-06-18T09:51:26.218+0000] {dagbag.py:541} INFO - Filling up the DagBag from /home/airflow/.local/lib/python3.7/site-packages/airflow/example_dags/tutorial_dag.py
[2023-06-18T09:51:26.232+0000] {processor.py:836} INFO - DAG(s) dict_keys(['tutorial_dag']) retrieved from /home/airflow/.local/lib/python3.7/site-packages/airflow/example_dags/tutorial_dag.py
[2023-06-18T09:51:26.278+0000] {logging_mixin.py:149} INFO - [2023-06-18T09:51:26.277+0000] {dag.py:2726} INFO - Sync 1 DAGs
[2023-06-18T09:51:26.315+0000] {logging_mixin.py:149} INFO - [2023-06-18T09:51:26.315+0000] {dag.py:3490} INFO - Setting next_dagrun for tutorial_dag to None, run_after=None
[2023-06-18T09:51:26.418+0000] {processor.py:179} INFO - Processing /home/airflow/.local/lib/python3.7/site-packages/airflow/example_dags/tutorial_dag.py took 0.210 seconds
[2023-06-18T09:52:57.736+0000] {processor.py:157} INFO - Started process (PID=167) to work on /home/airflow/.local/lib/python3.7/site-packages/airflow/example_dags/tutorial_dag.py
[2023-06-18T09:52:58.277+0000] {processor.py:826} INFO - Processing file /home/airflow/.local/lib/python3.7/site-packages/airflow/example_dags/tutorial_dag.py for tasks to queue
[2023-06-18T09:52:58.278+0000] {logging_mixin.py:149} INFO - [2023-06-18T09:52:58.278+0000] {dagbag.py:541} INFO - Filling up the DagBag from /home/airflow/.local/lib/python3.7/site-packages/airflow/example_dags/tutorial_dag.py
[2023-06-18T09:52:58.475+0000] {processor.py:836} INFO - DAG(s) dict_keys(['tutorial_dag']) retrieved from /home/airflow/.local/lib/python3.7/site-packages/airflow/example_dags/tutorial_dag.py
[2023-06-18T09:52:58.528+0000] {logging_mixin.py:149} INFO - [2023-06-18T09:52:58.528+0000] {dag.py:2726} INFO - Sync 1 DAGs
[2023-06-18T09:52:58.766+0000] {logging_mixin.py:149} INFO - [2023-06-18T09:52:58.766+0000] {dag.py:3490} INFO - Setting next_dagrun for tutorial_dag to None, run_after=None
[2023-06-18T09:52:59.282+0000] {processor.py:179} INFO - Processing /home/airflow/.local/lib/python3.7/site-packages/airflow/example_dags/tutorial_dag.py took 1.558 seconds
[2023-06-18T09:54:11.817+0000] {processor.py:157} INFO - Started process (PID=253) to work on /home/airflow/.local/lib/python3.7/site-packages/airflow/example_dags/tutorial_dag.py
[2023-06-18T09:54:11.818+0000] {processor.py:826} INFO - Processing file /home/airflow/.local/lib/python3.7/site-packages/airflow/example_dags/tutorial_dag.py for tasks to queue
[2023-06-18T09:54:11.819+0000] {logging_mixin.py:149} INFO - [2023-06-18T09:54:11.819+0000] {dagbag.py:541} INFO - Filling up the DagBag from /home/airflow/.local/lib/python3.7/site-packages/airflow/example_dags/tutorial_dag.py
[2023-06-18T09:54:11.826+0000] {processor.py:836} INFO - DAG(s) dict_keys(['tutorial_dag']) retrieved from /home/airflow/.local/lib/python3.7/site-packages/airflow/example_dags/tutorial_dag.py
[2023-06-18T09:54:11.868+0000] {logging_mixin.py:149} INFO - [2023-06-18T09:54:11.867+0000] {dag.py:2726} INFO - Sync 1 DAGs
[2023-06-18T09:54:11.906+0000] {logging_mixin.py:149} INFO - [2023-06-18T09:54:11.906+0000] {dag.py:3490} INFO - Setting next_dagrun for tutorial_dag to None, run_after=None
[2023-06-18T09:54:12.066+0000] {processor.py:179} INFO - Processing /home/airflow/.local/lib/python3.7/site-packages/airflow/example_dags/tutorial_dag.py took 0.254 seconds
[2023-06-18T09:54:42.594+0000] {processor.py:157} INFO - Started process (PID=317) to work on /home/airflow/.local/lib/python3.7/site-packages/airflow/example_dags/tutorial_dag.py
[2023-06-18T09:54:42.595+0000] {processor.py:826} INFO - Processing file /home/airflow/.local/lib/python3.7/site-packages/airflow/example_dags/tutorial_dag.py for tasks to queue
[2023-06-18T09:54:42.597+0000] {logging_mixin.py:149} INFO - [2023-06-18T09:54:42.596+0000] {dagbag.py:541} INFO - Filling up the DagBag from /home/airflow/.local/lib/python3.7/site-packages/airflow/example_dags/tutorial_dag.py
[2023-06-18T09:54:42.607+0000] {processor.py:836} INFO - DAG(s) dict_keys(['tutorial_dag']) retrieved from /home/airflow/.local/lib/python3.7/site-packages/airflow/example_dags/tutorial_dag.py
[2023-06-18T09:54:42.651+0000] {logging_mixin.py:149} INFO - [2023-06-18T09:54:42.651+0000] {dag.py:2726} INFO - Sync 1 DAGs
[2023-06-18T09:54:42.690+0000] {logging_mixin.py:149} INFO - [2023-06-18T09:54:42.690+0000] {dag.py:3490} INFO - Setting next_dagrun for tutorial_dag to None, run_after=None
[2023-06-18T09:54:42.907+0000] {processor.py:179} INFO - Processing /home/airflow/.local/lib/python3.7/site-packages/airflow/example_dags/tutorial_dag.py took 0.321 seconds
[2023-06-18T09:55:13.014+0000] {processor.py:157} INFO - Started process (PID=385) to work on /home/airflow/.local/lib/python3.7/site-packages/airflow/example_dags/tutorial_dag.py
[2023-06-18T09:55:13.039+0000] {processor.py:826} INFO - Processing file /home/airflow/.local/lib/python3.7/site-packages/airflow/example_dags/tutorial_dag.py for tasks to queue
[2023-06-18T09:55:13.042+0000] {logging_mixin.py:149} INFO - [2023-06-18T09:55:13.041+0000] {dagbag.py:541} INFO - Filling up the DagBag from /home/airflow/.local/lib/python3.7/site-packages/airflow/example_dags/tutorial_dag.py
[2023-06-18T09:55:13.062+0000] {processor.py:836} INFO - DAG(s) dict_keys(['tutorial_dag']) retrieved from /home/airflow/.local/lib/python3.7/site-packages/airflow/example_dags/tutorial_dag.py
[2023-06-18T09:55:13.103+0000] {logging_mixin.py:149} INFO - [2023-06-18T09:55:13.103+0000] {dag.py:2726} INFO - Sync 1 DAGs
[2023-06-18T09:55:13.156+0000] {logging_mixin.py:149} INFO - [2023-06-18T09:55:13.156+0000] {dag.py:3490} INFO - Setting next_dagrun for tutorial_dag to None, run_after=None
[2023-06-18T09:55:13.198+0000] {processor.py:179} INFO - Processing /home/airflow/.local/lib/python3.7/site-packages/airflow/example_dags/tutorial_dag.py took 0.188 seconds
[2023-06-18T09:55:43.279+0000] {processor.py:157} INFO - Started process (PID=453) to work on /home/airflow/.local/lib/python3.7/site-packages/airflow/example_dags/tutorial_dag.py
[2023-06-18T09:55:43.299+0000] {processor.py:826} INFO - Processing file /home/airflow/.local/lib/python3.7/site-packages/airflow/example_dags/tutorial_dag.py for tasks to queue
[2023-06-18T09:55:43.299+0000] {logging_mixin.py:149} INFO - [2023-06-18T09:55:43.299+0000] {dagbag.py:541} INFO - Filling up the DagBag from /home/airflow/.local/lib/python3.7/site-packages/airflow/example_dags/tutorial_dag.py
[2023-06-18T09:55:43.306+0000] {processor.py:836} INFO - DAG(s) dict_keys(['tutorial_dag']) retrieved from /home/airflow/.local/lib/python3.7/site-packages/airflow/example_dags/tutorial_dag.py
[2023-06-18T09:55:43.343+0000] {logging_mixin.py:149} INFO - [2023-06-18T09:55:43.343+0000] {dag.py:2726} INFO - Sync 1 DAGs
[2023-06-18T09:55:43.380+0000] {logging_mixin.py:149} INFO - [2023-06-18T09:55:43.380+0000] {dag.py:3490} INFO - Setting next_dagrun for tutorial_dag to None, run_after=None
[2023-06-18T09:55:43.414+0000] {processor.py:179} INFO - Processing /home/airflow/.local/lib/python3.7/site-packages/airflow/example_dags/tutorial_dag.py took 0.140 seconds
[2023-06-18T09:56:13.576+0000] {processor.py:157} INFO - Started process (PID=521) to work on /home/airflow/.local/lib/python3.7/site-packages/airflow/example_dags/tutorial_dag.py
[2023-06-18T09:56:13.581+0000] {processor.py:826} INFO - Processing file /home/airflow/.local/lib/python3.7/site-packages/airflow/example_dags/tutorial_dag.py for tasks to queue
[2023-06-18T09:56:13.583+0000] {logging_mixin.py:149} INFO - [2023-06-18T09:56:13.582+0000] {dagbag.py:541} INFO - Filling up the DagBag from /home/airflow/.local/lib/python3.7/site-packages/airflow/example_dags/tutorial_dag.py
[2023-06-18T09:56:13.593+0000] {processor.py:836} INFO - DAG(s) dict_keys(['tutorial_dag']) retrieved from /home/airflow/.local/lib/python3.7/site-packages/airflow/example_dags/tutorial_dag.py
[2023-06-18T09:56:13.642+0000] {logging_mixin.py:149} INFO - [2023-06-18T09:56:13.642+0000] {dag.py:2726} INFO - Sync 1 DAGs
[2023-06-18T09:56:13.692+0000] {logging_mixin.py:149} INFO - [2023-06-18T09:56:13.692+0000] {dag.py:3490} INFO - Setting next_dagrun for tutorial_dag to None, run_after=None
[2023-06-18T09:56:13.759+0000] {processor.py:179} INFO - Processing /home/airflow/.local/lib/python3.7/site-packages/airflow/example_dags/tutorial_dag.py took 0.188 seconds
