[2023-06-18T09:51:21.618+0000] {processor.py:157} INFO - Started process (PID=77) to work on /home/airflow/.local/lib/python3.7/site-packages/airflow/example_dags/tutorial.py
[2023-06-18T09:51:21.619+0000] {processor.py:826} INFO - Processing file /home/airflow/.local/lib/python3.7/site-packages/airflow/example_dags/tutorial.py for tasks to queue
[2023-06-18T09:51:21.620+0000] {logging_mixin.py:149} INFO - [2023-06-18T09:51:21.620+0000] {dagbag.py:541} INFO - Filling up the DagBag from /home/airflow/.local/lib/python3.7/site-packages/airflow/example_dags/tutorial.py
[2023-06-18T09:51:21.676+0000] {processor.py:836} INFO - DAG(s) dict_keys(['tutorial']) retrieved from /home/airflow/.local/lib/python3.7/site-packages/airflow/example_dags/tutorial.py
[2023-06-18T09:51:21.714+0000] {logging_mixin.py:149} INFO - [2023-06-18T09:51:21.714+0000] {dag.py:2726} INFO - Sync 1 DAGs
[2023-06-18T09:51:21.750+0000] {logging_mixin.py:149} INFO - [2023-06-18T09:51:21.749+0000] {dag.py:3490} INFO - Setting next_dagrun for tutorial to 2023-06-17T09:51:21.749443+00:00, run_after=2023-06-18T09:51:21.749443+00:00
[2023-06-18T09:51:21.888+0000] {processor.py:179} INFO - Processing /home/airflow/.local/lib/python3.7/site-packages/airflow/example_dags/tutorial.py took 0.274 seconds
[2023-06-18T09:52:43.591+0000] {processor.py:157} INFO - Started process (PID=152) to work on /home/airflow/.local/lib/python3.7/site-packages/airflow/example_dags/tutorial.py
[2023-06-18T09:52:43.594+0000] {processor.py:826} INFO - Processing file /home/airflow/.local/lib/python3.7/site-packages/airflow/example_dags/tutorial.py for tasks to queue
[2023-06-18T09:52:43.596+0000] {logging_mixin.py:149} INFO - [2023-06-18T09:52:43.596+0000] {dagbag.py:541} INFO - Filling up the DagBag from /home/airflow/.local/lib/python3.7/site-packages/airflow/example_dags/tutorial.py
[2023-06-18T09:52:44.958+0000] {processor.py:836} INFO - DAG(s) dict_keys(['tutorial']) retrieved from /home/airflow/.local/lib/python3.7/site-packages/airflow/example_dags/tutorial.py
[2023-06-18T09:52:45.631+0000] {logging_mixin.py:149} INFO - [2023-06-18T09:52:45.631+0000] {dag.py:2726} INFO - Sync 1 DAGs
[2023-06-18T09:52:49.580+0000] {logging_mixin.py:149} INFO - [2023-06-18T09:52:49.580+0000] {dag.py:3490} INFO - Setting next_dagrun for tutorial to 2023-06-17T09:52:49.579892+00:00, run_after=2023-06-18T09:52:49.579892+00:00
[2023-06-18T09:52:49.756+0000] {processor.py:179} INFO - Processing /home/airflow/.local/lib/python3.7/site-packages/airflow/example_dags/tutorial.py took 6.178 seconds
[2023-06-18T09:54:05.186+0000] {processor.py:157} INFO - Started process (PID=231) to work on /home/airflow/.local/lib/python3.7/site-packages/airflow/example_dags/tutorial.py
[2023-06-18T09:54:05.214+0000] {processor.py:826} INFO - Processing file /home/airflow/.local/lib/python3.7/site-packages/airflow/example_dags/tutorial.py for tasks to queue
[2023-06-18T09:54:05.215+0000] {logging_mixin.py:149} INFO - [2023-06-18T09:54:05.215+0000] {dagbag.py:541} INFO - Filling up the DagBag from /home/airflow/.local/lib/python3.7/site-packages/airflow/example_dags/tutorial.py
[2023-06-18T09:54:05.225+0000] {processor.py:836} INFO - DAG(s) dict_keys(['tutorial']) retrieved from /home/airflow/.local/lib/python3.7/site-packages/airflow/example_dags/tutorial.py
[2023-06-18T09:54:05.256+0000] {logging_mixin.py:149} INFO - [2023-06-18T09:54:05.256+0000] {dag.py:2726} INFO - Sync 1 DAGs
[2023-06-18T09:54:05.299+0000] {logging_mixin.py:149} INFO - [2023-06-18T09:54:05.298+0000] {dag.py:3490} INFO - Setting next_dagrun for tutorial to 2023-06-17T09:54:05.298390+00:00, run_after=2023-06-18T09:54:05.298390+00:00
[2023-06-18T09:54:05.437+0000] {processor.py:179} INFO - Processing /home/airflow/.local/lib/python3.7/site-packages/airflow/example_dags/tutorial.py took 0.258 seconds
[2023-06-18T09:54:35.575+0000] {processor.py:157} INFO - Started process (PID=295) to work on /home/airflow/.local/lib/python3.7/site-packages/airflow/example_dags/tutorial.py
[2023-06-18T09:54:35.576+0000] {processor.py:826} INFO - Processing file /home/airflow/.local/lib/python3.7/site-packages/airflow/example_dags/tutorial.py for tasks to queue
[2023-06-18T09:54:35.577+0000] {logging_mixin.py:149} INFO - [2023-06-18T09:54:35.576+0000] {dagbag.py:541} INFO - Filling up the DagBag from /home/airflow/.local/lib/python3.7/site-packages/airflow/example_dags/tutorial.py
[2023-06-18T09:54:35.585+0000] {processor.py:836} INFO - DAG(s) dict_keys(['tutorial']) retrieved from /home/airflow/.local/lib/python3.7/site-packages/airflow/example_dags/tutorial.py
[2023-06-18T09:54:35.613+0000] {logging_mixin.py:149} INFO - [2023-06-18T09:54:35.613+0000] {dag.py:2726} INFO - Sync 1 DAGs
[2023-06-18T09:54:35.654+0000] {logging_mixin.py:149} INFO - [2023-06-18T09:54:35.654+0000] {dag.py:3490} INFO - Setting next_dagrun for tutorial to 2023-06-17T09:54:35.653987+00:00, run_after=2023-06-18T09:54:35.653987+00:00
[2023-06-18T09:54:35.720+0000] {processor.py:179} INFO - Processing /home/airflow/.local/lib/python3.7/site-packages/airflow/example_dags/tutorial.py took 0.152 seconds
[2023-06-18T09:55:06.138+0000] {processor.py:157} INFO - Started process (PID=363) to work on /home/airflow/.local/lib/python3.7/site-packages/airflow/example_dags/tutorial.py
[2023-06-18T09:55:06.161+0000] {processor.py:826} INFO - Processing file /home/airflow/.local/lib/python3.7/site-packages/airflow/example_dags/tutorial.py for tasks to queue
[2023-06-18T09:55:06.162+0000] {logging_mixin.py:149} INFO - [2023-06-18T09:55:06.162+0000] {dagbag.py:541} INFO - Filling up the DagBag from /home/airflow/.local/lib/python3.7/site-packages/airflow/example_dags/tutorial.py
[2023-06-18T09:55:06.173+0000] {processor.py:836} INFO - DAG(s) dict_keys(['tutorial']) retrieved from /home/airflow/.local/lib/python3.7/site-packages/airflow/example_dags/tutorial.py
[2023-06-18T09:55:06.213+0000] {logging_mixin.py:149} INFO - [2023-06-18T09:55:06.212+0000] {dag.py:2726} INFO - Sync 1 DAGs
[2023-06-18T09:55:06.263+0000] {logging_mixin.py:149} INFO - [2023-06-18T09:55:06.262+0000] {dag.py:3490} INFO - Setting next_dagrun for tutorial to 2023-06-17T09:55:06.262491+00:00, run_after=2023-06-18T09:55:06.262491+00:00
[2023-06-18T09:55:06.317+0000] {processor.py:179} INFO - Processing /home/airflow/.local/lib/python3.7/site-packages/airflow/example_dags/tutorial.py took 0.183 seconds
[2023-06-18T09:55:39.742+0000] {processor.py:157} INFO - Started process (PID=437) to work on /home/airflow/.local/lib/python3.7/site-packages/airflow/example_dags/tutorial.py
[2023-06-18T09:55:39.774+0000] {processor.py:826} INFO - Processing file /home/airflow/.local/lib/python3.7/site-packages/airflow/example_dags/tutorial.py for tasks to queue
[2023-06-18T09:55:39.776+0000] {logging_mixin.py:149} INFO - [2023-06-18T09:55:39.775+0000] {dagbag.py:541} INFO - Filling up the DagBag from /home/airflow/.local/lib/python3.7/site-packages/airflow/example_dags/tutorial.py
[2023-06-18T09:55:39.787+0000] {processor.py:836} INFO - DAG(s) dict_keys(['tutorial']) retrieved from /home/airflow/.local/lib/python3.7/site-packages/airflow/example_dags/tutorial.py
[2023-06-18T09:55:39.820+0000] {logging_mixin.py:149} INFO - [2023-06-18T09:55:39.820+0000] {dag.py:2726} INFO - Sync 1 DAGs
[2023-06-18T09:55:39.867+0000] {logging_mixin.py:149} INFO - [2023-06-18T09:55:39.866+0000] {dag.py:3490} INFO - Setting next_dagrun for tutorial to 2023-06-17T09:55:39.866315+00:00, run_after=2023-06-18T09:55:39.866315+00:00
[2023-06-18T09:55:39.951+0000] {processor.py:179} INFO - Processing /home/airflow/.local/lib/python3.7/site-packages/airflow/example_dags/tutorial.py took 0.214 seconds
[2023-06-18T09:56:10.322+0000] {processor.py:157} INFO - Started process (PID=505) to work on /home/airflow/.local/lib/python3.7/site-packages/airflow/example_dags/tutorial.py
[2023-06-18T09:56:10.323+0000] {processor.py:826} INFO - Processing file /home/airflow/.local/lib/python3.7/site-packages/airflow/example_dags/tutorial.py for tasks to queue
[2023-06-18T09:56:10.324+0000] {logging_mixin.py:149} INFO - [2023-06-18T09:56:10.324+0000] {dagbag.py:541} INFO - Filling up the DagBag from /home/airflow/.local/lib/python3.7/site-packages/airflow/example_dags/tutorial.py
[2023-06-18T09:56:10.332+0000] {processor.py:836} INFO - DAG(s) dict_keys(['tutorial']) retrieved from /home/airflow/.local/lib/python3.7/site-packages/airflow/example_dags/tutorial.py
[2023-06-18T09:56:10.366+0000] {logging_mixin.py:149} INFO - [2023-06-18T09:56:10.366+0000] {dag.py:2726} INFO - Sync 1 DAGs
[2023-06-18T09:56:10.419+0000] {logging_mixin.py:149} INFO - [2023-06-18T09:56:10.419+0000] {dag.py:3490} INFO - Setting next_dagrun for tutorial to 2023-06-17T09:56:10.418808+00:00, run_after=2023-06-18T09:56:10.418808+00:00
[2023-06-18T09:56:10.455+0000] {processor.py:179} INFO - Processing /home/airflow/.local/lib/python3.7/site-packages/airflow/example_dags/tutorial.py took 0.137 seconds
